INFO:GP:initializing Y
INFO:GP:initializing inference method
INFO:GP:adding kernel and likelihood as parameters
removed robo import in opts.py l17 due to theano errors
f inputs x:[[-0.12391316 -0.0133548 ]] ev:{} outputs y:1.1727698073517712 (n:-0.05505379953557065) c:1.0
f inputs x:[[ 0.28265526 -0.03520533]] ev:{} outputs y:2.8804444079605913 (n:0.0035775689537820136) c:1.0
f inputs x:[[0.29558312 0.22631683]] ev:{} outputs y:0.7678574228101623 (n:0.027119856899565448) c:1.0
f inputs x:[[0.33377694 0.54975494]] ev:{} outputs y:3.756467184410603 (n:-0.03854022297081733) c:1.0
f inputs x:[[-0.19969286  0.77417378]] ev:{} outputs y:5.362769142392767 (n:0.04401851114140649) c:1.0
Using a model defined by the used.
Optimization restart 1/5, f = 7.094692677780693
Optimization restart 2/5, f = 7.094692681513025
Optimization restart 3/5, f = 7.094692674249579
Optimization restart 4/5, f = 7.094693104155848
Optimization restart 5/5, f = 7.094692719571497
f inputs x:[[0.27719207 0.22886073]] ev:{} outputs y:1.1757837964088629 (n:-0.02755778786409164) c:1.0
num acquisition: 1, time elapsed: 0.15s
Optimization restart 1/5, f = 7.177672212435167
Optimization restart 2/5, f = 7.177672231081084
Optimization restart 3/5, f = 7.177673099093676
Optimization restart 4/5, f = 7.177672220150477
Optimization restart 5/5, f = 7.1776740604936355
f inputs x:[[0.35329285 0.21920416]] ev:{} outputs y:0.4471556317180518 (n:-0.04309594660205545) c:1.0
num acquisition: 2, time elapsed: 0.33s
Optimization restart 1/5, f = 7.367869944114363
Optimization restart 2/5, f = 7.367870555901776
Optimization restart 3/5, f = 7.367870264721982
Optimization restart 4/5, f = 7.3678699597808865
Optimization restart 5/5, f = 7.367870071828509
f inputs x:[[0.35208542 0.28512908]] ev:{} outputs y:0.3230228574793699 (n:-0.07401686050160582) c:1.0
num acquisition: 3, time elapsed: 0.57s
Optimization restart 1/5, f = 8.153267336387632
Optimization restart 2/5, f = 7.939508160540007
Optimization restart 3/5, f = 7.939508160539974
Optimization restart 4/5, f = 11.351508322890876
Optimization restart 5/5, f = 7.939508160579713
f inputs x:[[0.52915101 0.25847151]] ev:{} outputs y:3.7441307282509357 (n:-0.008124616622653564) c:1.0
num acquisition: 4, time elapsed: 0.73s
Optimization restart 1/5, f = 9.567338243471006
Optimization restart 2/5, f = 9.567337584214396
Optimization restart 3/5, f = 9.567337694191494
Optimization restart 4/5, f = 9.56733759207453
Optimization restart 5/5, f = 9.567338016484342
f inputs x:[[-0.27375029 -0.05801662]] ev:{} outputs y:3.1317599846540074 (n:0.03183566478276659) c:1.0
num acquisition: 5, time elapsed: 1.00s
Optimization restart 1/5, f = 10.932721665299251
Optimization restart 2/5, f = 10.932721727828866
Optimization restart 3/5, f = 10.932721678559933
Optimization restart 4/5, f = 10.932721835993839
Optimization restart 5/5, f = 10.93272173943395
f inputs x:[[0.33625929 0.25702267]] ev:{} outputs y:0.19555027522773455 (n:-0.11831045146966784) c:1.0
num acquisition: 6, time elapsed: 1.20s
Optimization restart 1/5, f = 9.971371618903209
Optimization restart 2/5, f = 9.971371630692033
Optimization restart 3/5, f = 9.971371667231516
Optimization restart 4/5, f = 9.971372316147207
Optimization restart 5/5, f = 9.97137202783366
f inputs x:[[-0.01153173 -0.13358407]] ev:{} outputs y:2.337507402218039 (n:0.07961087054414187) c:1.0
num acquisition: 7, time elapsed: 1.44s
Optimization restart 1/5, f = 11.348217110711133
Optimization restart 2/5, f = 11.348217094695745
Optimization restart 3/5, f = 11.34821735108235
Optimization restart 4/5, f = 11.3482172984619
Optimization restart 5/5, f = 11.348220573393187
f inputs x:[[-0.09175166  0.13351105]] ev:{} outputs y:2.145635946079069 (n:0.05608244212796504) c:1.0
num acquisition: 8, time elapsed: 1.64s
Optimization restart 1/5, f = 12.725962022166996
Optimization restart 2/5, f = 12.72597883204261
Optimization restart 3/5, f = 12.72596214741935
Optimization restart 4/5, f = 12.7259629155641
Optimization restart 5/5, f = 12.725962030416403
f inputs x:[[ 0.99996511 -0.98908605]] ev:{} outputs y:8.298555671769678 (n:0.03741289974045188) c:1.0
num acquisition: 9, time elapsed: 1.77s
Optimization restart 1/5, f = 12.513204032057942
Optimization restart 2/5, f = 19.865139464865422
Optimization restart 3/5, f = 12.513205175522117
Optimization restart 4/5, f = 12.51320403621626
Optimization restart 5/5, f = 19.865139464866132
f inputs x:[[-1. -1.]] ev:{} outputs y:8.297924401447645 (n:0.027418188873995497) c:1.0
num acquisition: 10, time elapsed: 1.88s
Optimization restart 1/5, f = 12.778449124801304
Optimization restart 2/5, f = 12.778449641743077
Optimization restart 3/5, f = 12.778449928514197
Optimization restart 4/5, f = 12.778467675077732
Optimization restart 5/5, f = 12.778449105955039
f inputs x:[[-1.  1.]] ev:{} outputs y:6.167021621301816 (n:0.012264615108825412) c:1.0
num acquisition: 11, time elapsed: 2.04s
Optimization restart 1/5, f = 13.74612548780473
Optimization restart 2/5, f = 13.74612551095985
Optimization restart 3/5, f = 13.746125505281716
Optimization restart 4/5, f = 13.746125489512321
Optimization restart 5/5, f = 13.746125785568807
f inputs x:[[ 0.00337573 -1.        ]] ev:{} outputs y:6.059064106238276 (n:0.015395708178192994) c:1.0
num acquisition: 12, time elapsed: 2.18s
Optimization restart 1/5, f = 14.742695672517858
Optimization restart 2/5, f = 14.742703533558196
Optimization restart 3/5, f = 14.74269569574171
Optimization restart 4/5, f = 14.742695681378905
Optimization restart 5/5, f = 14.742696757243236
f inputs x:[[1. 1.]] ev:{} outputs y:6.110665901541257 (n:-0.026543502478440967) c:1.0
num acquisition: 13, time elapsed: 2.32s
Optimization restart 1/5, f = 15.732472353669127
Optimization restart 2/5, f = 15.732476557026896
Optimization restart 3/5, f = 15.732472886264475
Optimization restart 4/5, f = 15.73247237460445
Optimization restart 5/5, f = 15.73247235650106
f inputs x:[[-1.          0.06901062]] ev:{} outputs y:7.408276488627764 (n:-0.0020385976429824963) c:1.0
num acquisition: 14, time elapsed: 2.46s
Optimization restart 1/5, f = 16.54477449055892
Optimization restart 2/5, f = 16.54477512390224
Optimization restart 3/5, f = 16.54477450280767
Optimization restart 4/5, f = 16.544774911498237
Optimization restart 5/5, f = 16.54477454403259
f inputs x:[[ 0.50654073 -0.39591061]] ev:{} outputs y:5.797116183682052 (n:-0.08085387088438425) c:1.0
num acquisition: 15, time elapsed: 2.63s
Optimization restart 1/5, f = 17.587278664734598
Optimization restart 2/5, f = 17.58727867411679
Optimization restart 3/5, f = 17.587278703898733
Optimization restart 4/5, f = 17.587279065978436
Optimization restart 5/5, f = 20.366843867539764
f inputs x:[[ 1.         -0.06487056]] ev:{} outputs y:7.511128806531907 (n:-0.024983750052696683) c:1.0
num acquisition: 16, time elapsed: 2.77s
Optimization restart 1/5, f = 18.363810422524693
Optimization restart 2/5, f = 18.36381043863816
Optimization restart 3/5, f = 20.671909242491154
Optimization restart 4/5, f = 18.36381089433586
Optimization restart 5/5, f = 18.36381054856755
f inputs x:[[-0.36766048 -0.51867163]] ev:{} outputs y:5.616242552373107 (n:0.019664548130029165) c:1.0
num acquisition: 17, time elapsed: 2.91s
Optimization restart 1/5, f = 19.407942948467607
Optimization restart 2/5, f = 19.40794295953279
Optimization restart 3/5, f = 19.40794600410958
Optimization restart 4/5, f = 19.40794321592019
Optimization restart 5/5, f = 21.444746896314555
f inputs x:[[-0.36716117  0.28448587]] ev:{} outputs y:1.438284898057068 (n:0.027562993925166507) c:1.0
num acquisition: 18, time elapsed: 3.05s
Optimization restart 1/5, f = 21.200286752927184
Optimization restart 2/5, f = 21.20028676551655
Optimization restart 3/5, f = 21.200286916728857
Optimization restart 4/5, f = 21.200286773595458
Optimization restart 5/5, f = 23.397719339913664
f inputs x:[[-0.52872523  0.41751506]] ev:{} outputs y:2.668929163276591 (n:-0.0664460931370869) c:1.0
num acquisition: 19, time elapsed: 3.20s
Optimization restart 1/5, f = 22.4704099760067
Optimization restart 2/5, f = 22.470409998080648
Optimization restart 3/5, f = 24.27710461801859
Optimization restart 4/5, f = 22.470410116971394
Optimization restart 5/5, f = 24.277104618020182
f inputs x:[[-0.24250235  0.39776509]] ev:{} outputs y:3.515396123134561 (n:-0.05409654199925058) c:1.0
num acquisition: 20, time elapsed: 3.32s
Optimization restart 1/5, f = 23.69820062778127
Optimization restart 2/5, f = 25.796604510299424
Optimization restart 3/5, f = 23.698201147616476
Optimization restart 4/5, f = 23.698200666192058
Optimization restart 5/5, f = 25.79660451033732
f inputs x:[[-0.50063228  0.17313965]] ev:{} outputs y:4.015760218487605 (n:0.03360503330220033) c:1.0
num acquisition: 21, time elapsed: 3.45s
Optimization restart 1/5, f = 25.144099759877957
Optimization restart 2/5, f = 25.14409978836699
Optimization restart 3/5, f = 25.144099986498247
Optimization restart 4/5, f = 26.80703267807078
Optimization restart 5/5, f = 25.144100211604467
f inputs x:[[0.35454407 1.        ]] ev:{} outputs y:5.52764447343818 (n:0.07940363050315925) c:1.0
num acquisition: 22, time elapsed: 3.58s
Optimization restart 1/5, f = 26.21572575687561
Optimization restart 2/5, f = 26.21572790529091
Optimization restart 3/5, f = 26.215725815395473
Optimization restart 4/5, f = 27.615654835271386
Optimization restart 5/5, f = 26.215725817820633
f inputs x:[[-0.26050441  0.15826902]] ev:{} outputs y:1.295576235780317 (n:0.04062204284422836) c:1.0
num acquisition: 23, time elapsed: 3.74s
Optimization restart 1/5, f = 26.90505901075055
Optimization restart 2/5, f = 26.905032392619503
Optimization restart 3/5, f = 26.897645043838924
Optimization restart 4/5, f = 26.897645043843035
Optimization restart 5/5, f = 28.09428280144941
f inputs x:[[-0.64346536  0.70893175]] ev:{} outputs y:2.7049977987379896 (n:0.03219444793788869) c:1.0
num acquisition: 24, time elapsed: 3.86s
Optimization restart 1/5, f = 28.457455299445932
Optimization restart 2/5, f = 30.083993324580128
Optimization restart 3/5, f = 30.08399332475566
Optimization restart 4/5, f = 28.457455282394566
Optimization restart 5/5, f = 30.083993324599845
f inputs x:[[-0.5266651  1.       ]] ev:{} outputs y:4.352783265672295 (n:-0.07292975782977755) c:1.0
num acquisition: 25, time elapsed: 3.97s
Optimization restart 1/5, f = 29.68997201871796
Optimization restart 2/5, f = 31.015468836721368
Optimization restart 3/5, f = 29.68997201872353
Optimization restart 4/5, f = 29.689972018710865
Optimization restart 5/5, f = 29.689972018727193
f inputs x:[[-0.87354255  0.55727861]] ev:{} outputs y:5.921577699933792 (n:-0.14878421985149687) c:1.0
num acquisition: 26, time elapsed: 4.10s
Optimization restart 1/5, f = 30.783445696454034
Optimization restart 2/5, f = 30.783445698611935
Optimization restart 3/5, f = 30.783445696368652
Optimization restart 4/5, f = 30.783445696371913
Optimization restart 5/5, f = 32.01708318578796
f inputs x:[[1.         0.51648671]] ev:{} outputs y:6.9091064218700495 (n:0.015565566092907235) c:1.0
num acquisition: 27, time elapsed: 4.21s
Optimization restart 1/5, f = 31.423304425723675
Optimization restart 2/5, f = 32.31109821513344
Optimization restart 3/5, f = 32.31109821503867
Optimization restart 4/5, f = 32.311098214990594
Optimization restart 5/5, f = 32.311098214997536
f inputs x:[[-1.         -0.44779222]] ev:{} outputs y:7.914447420025378 (n:0.04240646813812003) c:1.0
num acquisition: 28, time elapsed: 4.33s
Optimization restart 1/5, f = 31.74100218594431
Optimization restart 2/5, f = 31.741002185959015
Optimization restart 3/5, f = 31.741002186029455
Optimization restart 4/5, f = 31.95843482918631
Optimization restart 5/5, f = 31.958434829194005
f inputs x:[[ 0.45232824 -1.        ]] ev:{} outputs y:6.716483025449728 (n:-0.023540832061373158) c:1.0
num acquisition: 29, time elapsed: 4.44s
Optimization restart 1/5, f = 32.41892151446273
Optimization restart 2/5, f = 32.41892151441706
Optimization restart 3/5, f = 32.418921515302706
Optimization restart 4/5, f = 32.28605569395876
Optimization restart 5/5, f = 32.28605569395867
f inputs x:[[0.16657032 0.20053165]] ev:{} outputs y:2.281070034362477 (n:-0.03109268537603735) c:1.0
num acquisition: 30, time elapsed: 4.56s
Optimization restart 1/5, f = 33.58081252793676
Optimization restart 2/5, f = 33.58081252793047
Optimization restart 3/5, f = 32.92542723035863
Optimization restart 4/5, f = 32.92542723035989
Optimization restart 5/5, f = 33.580812528000976
f inputs x:[[0.35238937 0.26695117]] ev:{} outputs y:0.1348311809242552 (n:-5.275585750850522e-05) c:1.0
num acquisition: 31, time elapsed: 4.69s
Optimization restart 1/5, f = 31.13638616101342
Optimization restart 2/5, f = 31.13638616105324
Optimization restart 3/5, f = 31.136386161007536
Optimization restart 4/5, f = 34.001497358733374
Optimization restart 5/5, f = 31.136386161032277
f inputs x:[[0.35501039 0.26477782]] ev:{} outputs y:-0.02016771932146441 (n:-0.10920303095000627) c:1.0
num acquisition: 32, time elapsed: 4.80s
Optimization restart 1/5, f = 30.386834049018876
Optimization restart 2/5, f = 30.386834049022404
Optimization restart 3/5, f = 34.356017613421926
Optimization restart 4/5, f = 34.35601761342717
Optimization restart 5/5, f = 30.386834049530766
f inputs x:[[0.35866454 0.26816337]] ev:{} outputs y:0.04193748498464091 (n:-0.03480469865003327) c:1.0
num acquisition: 33, time elapsed: 4.93s
Optimization restart 1/5, f = 28.61371021674119
Optimization restart 2/5, f = 28.61371021667442
Optimization restart 3/5, f = 28.613710216672267
Optimization restart 4/5, f = 28.613710218632757
Optimization restart 5/5, f = 28.61371021690567
f inputs x:[[0.36177154 0.26701275]] ev:{} outputs y:0.1132438845127034 (n:0.04785814223674105) c:1.0
num acquisition: 34, time elapsed: 5.05s
Optimization restart 1/5, f = 26.475117052469614
Optimization restart 2/5, f = 26.47511705252323
Optimization restart 3/5, f = 26.475117052478442
Optimization restart 4/5, f = 26.47511705246619
Optimization restart 5/5, f = 26.47511705247016
f inputs x:[[0.36234372 0.26525209]] ev:{} outputs y:0.092735539758439 (n:0.02314644088082544) c:1.0
num acquisition: 35, time elapsed: 5.19s
Optimization restart 1/5, f = 24.246203415319265
Optimization restart 2/5, f = 24.24620341536464
Optimization restart 3/5, f = 24.24620341533788
Optimization restart 4/5, f = 24.246203415315122
Optimization restart 5/5, f = 24.246203415311648
f inputs x:[[-0.44904994 -1.        ]] ev:{} outputs y:6.7829425971497095 (n:0.04707698836314237) c:1.0
num acquisition: 36, time elapsed: 5.32s
Optimization restart 1/5, f = 24.786276569390708
Optimization restart 2/5, f = 24.786276568267493
Optimization restart 3/5, f = 24.786276568276858
Optimization restart 4/5, f = 24.786276568267468
Optimization restart 5/5, f = 24.78627656826823
f inputs x:[[ 0.07826007 -0.51469333]] ev:{} outputs y:4.734356163663683 (n:-0.03884848775811187) c:1.0
num acquisition: 37, time elapsed: 5.45s
Optimization restart 1/5, f = 25.839780366193132
Optimization restart 2/5, f = 25.839780366193853
Optimization restart 3/5, f = 25.83978036623772
Optimization restart 4/5, f = 25.839780366192365
Optimization restart 5/5, f = 25.839780366221355
f inputs x:[[ 1.         -0.51100074]] ev:{} outputs y:7.934197964535067 (n:0.015303005261113934) c:1.0
num acquisition: 38, time elapsed: 5.57s
Optimization restart 1/5, f = 25.83310176060604
Optimization restart 2/5, f = 25.833101760603114
Optimization restart 3/5, f = 25.83310176064293
Optimization restart 4/5, f = 25.833101760603416
Optimization restart 5/5, f = 25.833101760748526
f inputs x:[[0.36261697 0.26487034]] ev:{} outputs y:0.028017429107339786 (n:-0.04378313902676649) c:1.0
num acquisition: 39, time elapsed: 5.71s
Optimization restart 1/5, f = 23.754932950731266
Optimization restart 2/5, f = 23.754932950728787
Optimization restart 3/5, f = 23.754932950728815
Optimization restart 4/5, f = 23.75493295494813
Optimization restart 5/5, f = 23.75493295074971
f inputs x:[[0.36464103 0.26375059]] ev:{} outputs y:0.186920438007521 (n:0.09631648593699312) c:1.0
num acquisition: 40, time elapsed: 5.84s
Optimization restart 1/5, f = 21.80207549164661
Optimization restart 2/5, f = 21.802075491603723
Optimization restart 3/5, f = 21.802075491569546
Optimization restart 4/5, f = 21.802075491568452
Optimization restart 5/5, f = 21.80207549157345
f inputs x:[[0.36189251 0.26509356]] ev:{} outputs y:0.023297386030237774 (n:-0.04538578102093761) c:1.0
num acquisition: 41, time elapsed: 5.98s
Optimization restart 1/5, f = 19.779866426209523
Optimization restart 2/5, f = 19.77986642620754
Optimization restart 3/5, f = 19.779866426211672
Optimization restart 4/5, f = 19.779866426270267
Optimization restart 5/5, f = 19.779866426208372
f inputs x:[[0.36311496 0.26460568]] ev:{} outputs y:0.06580880909791864 (n:-0.009362754142614003) c:1.0
num acquisition: 42, time elapsed: 6.13s
Optimization restart 1/5, f = 17.417174052488143
Optimization restart 2/5, f = 17.417174053784763
Optimization restart 3/5, f = 17.41717405248187
Optimization restart 4/5, f = 17.417174052482935
Optimization restart 5/5, f = 17.417174052483283
f inputs x:[[0.36354715 0.26374949]] ev:{} outputs y:0.12981505321707187 (n:0.04787894567498899) c:1.0
num acquisition: 43, time elapsed: 6.27s
Optimization restart 1/5, f = 15.060805319827168
Optimization restart 2/5, f = 15.06080531809032
Optimization restart 3/5, f = 15.060805318089411
Optimization restart 4/5, f = 15.060805318398518
Optimization restart 5/5, f = 15.060805318122139
f inputs x:[[-0.46016279  0.636009  ]] ev:{} outputs y:3.062077157767575 (n:-0.026507286536458393) c:1.0
num acquisition: 44, time elapsed: 6.39s
Optimization restart 1/5, f = 15.692779966781032
Optimization restart 2/5, f = 15.692779966782933
Optimization restart 3/5, f = 15.692779966860584
Optimization restart 4/5, f = 15.692779966762952
Optimization restart 5/5, f = 15.692779966854765
f inputs x:[[0.36297936 0.26424654]] ev:{} outputs y:0.11530776117739679 (n:0.03932953865127713) c:1.0
num acquisition: 45, time elapsed: 6.51s
Optimization restart 1/5, f = 13.23461992797052
Optimization restart 2/5, f = 13.234619928006154
Optimization restart 3/5, f = 13.234619927947833
Optimization restart 4/5, f = 13.234619927947513
Optimization restart 5/5, f = 13.23461992794589
f inputs x:[[0.36257879 0.26374813]] ev:{} outputs y:0.04819373464376464 (n:-0.027758612666448218) c:1.0
num acquisition: 46, time elapsed: 6.67s
Optimization restart 1/5, f = 10.887314038790706
Optimization restart 2/5, f = 10.887314038761662
Optimization restart 3/5, f = 10.887314038756795
Optimization restart 4/5, f = 10.887314038756003
Optimization restart 5/5, f = 10.88731403876643
f inputs x:[[0.36294587 0.26308694]] ev:{} outputs y:0.02921574529206425 (n:-0.05207944748783011) c:1.0
num acquisition: 47, time elapsed: 6.79s
Optimization restart 1/5, f = 8.657791921176045
Optimization restart 2/5, f = 8.657791921159408
Optimization restart 3/5, f = 8.657791921148569
Optimization restart 4/5, f = 8.65779192115513
Optimization restart 5/5, f = 8.65779192115749
f inputs x:[[0.36350795 0.26248818]] ev:{} outputs y:0.04987241929949981 (n:-0.039076672579596274) c:1.0
num acquisition: 48, time elapsed: 6.93s
Optimization restart 1/5, f = 6.199758273708969
Optimization restart 2/5, f = 6.199758273665466
Optimization restart 3/5, f = 6.199758273683386
Optimization restart 4/5, f = 6.199758273675961
Optimization restart 5/5, f = 6.199758273714522
f inputs x:[[0.63324162 0.76008695]] ev:{} outputs y:0.9275950033729081 (n:-0.04943651908276528) c:1.0
num acquisition: 49, time elapsed: 7.05s
Optimization restart 1/5, f = 9.224118830614326
Optimization restart 2/5, f = 9.22411883061952
Optimization restart 3/5, f = 9.224118830601231
Optimization restart 4/5, f = 9.224118830603913
Optimization restart 5/5, f = 9.22411883060905
f inputs x:[[0.66163014 0.91981203]] ev:{} outputs y:0.25857603427928283 (n:-0.044166038882510805) c:1.0
num acquisition: 50, time elapsed: 7.20s
Optimization restart 1/5, f = 10.581383998667889
Optimization restart 2/5, f = 10.581383998671253
Optimization restart 3/5, f = 10.581383998670855
Optimization restart 4/5, f = 10.581383999095692
Optimization restart 5/5, f = 10.581383998678344
f inputs x:[[0.71174429 0.8549901 ]] ev:{} outputs y:2.7481132734044706 (n:0.02833886041615834) c:1.0
num acquisition: 51, time elapsed: 7.34s
Optimization restart 1/5, f = 14.476958312737302
Optimization restart 2/5, f = 14.47695831274163
Optimization restart 3/5, f = 14.476958312723504
Optimization restart 4/5, f = 14.476958312732037
Optimization restart 5/5, f = 14.47695831273223
f inputs x:[[0.58857707 0.9251709 ]] ev:{} outputs y:3.0726761793686346 (n:0.04951299217952181) c:1.0
num acquisition: 52, time elapsed: 7.51s
Optimization restart 1/5, f = 20.683439103487096
Optimization restart 2/5, f = 20.68343910333592
Optimization restart 3/5, f = 20.683439103351432
Optimization restart 4/5, f = 20.683439103356054
Optimization restart 5/5, f = 20.683439103316978
f inputs x:[[0.69907826 0.99805232]] ev:{} outputs y:0.2007873546231251 (n:0.027063804055152515) c:1.0
num acquisition: 53, time elapsed: 7.67s
Optimization restart 1/5, f = 21.40074342402813
Optimization restart 2/5, f = 21.400743422047345
Optimization restart 3/5, f = 21.400743422048897
Optimization restart 4/5, f = 21.40074342222942
Optimization restart 5/5, f = 21.400743422066615
f inputs x:[[0.58782996 0.64350699]] ev:{} outputs y:1.0643319055359712 (n:0.046010844682084925) c:1.0
num acquisition: 54, time elapsed: 7.84s
Optimization restart 1/5, f = 22.509769601681292
Optimization restart 2/5, f = 22.50976960170535
Optimization restart 3/5, f = 22.509769601549486
Optimization restart 4/5, f = 22.5097696015443
Optimization restart 5/5, f = 22.50976960157243
f inputs x:[[0.06061046 0.02403489]] ev:{} outputs y:0.6195640254531336 (n:-0.012502221743241948) c:1.0
num acquisition: 55, time elapsed: 8.00s
Optimization restart 1/5, f = 23.80330993925448
Optimization restart 2/5, f = 23.80330993921566
Optimization restart 3/5, f = 23.80330993922466
Optimization restart 4/5, f = 23.803309939264004
Optimization restart 5/5, f = 23.803309939367526
f inputs x:[[0.5319018  0.72148391]] ev:{} outputs y:2.289191971956229 (n:0.040737136659354356) c:1.0
num acquisition: 56, time elapsed: 8.15s
Optimization restart 1/5, f = 24.863820965897013
Optimization restart 2/5, f = 24.863820965902846
Optimization restart 3/5, f = 24.86382096590538
Optimization restart 4/5, f = 24.863820966077903
Optimization restart 5/5, f = 24.863820966772046
f inputs x:[[0.69577765 0.61125829]] ev:{} outputs y:4.1331984050570325 (n:0.009173399627952014) c:1.0
num acquisition: 57, time elapsed: 8.32s
Optimization restart 1/5, f = 26.467234005923427
Optimization restart 2/5, f = 26.467233963141673
Optimization restart 3/5, f = 26.46723396314149
Optimization restart 4/5, f = 26.467233963136994
Optimization restart 5/5, f = 26.467233963136216
f inputs x:[[0.68254054 0.95757165]] ev:{} outputs y:0.18684262893170736 (n:0.035513658916218986) c:1.0
num acquisition: 58, time elapsed: 8.47s
Optimization restart 1/5, f = 25.940720368489917
Optimization restart 2/5, f = 25.940720368388355
Optimization restart 3/5, f = 25.94072036834659
Optimization restart 4/5, f = 25.940720368555404
Optimization restart 5/5, f = 25.94072036835611
f inputs x:[[0.02605162 1.        ]] ev:{} outputs y:6.080883224188028 (n:0.04024436253335473) c:1.0
num acquisition: 59, time elapsed: 8.61s
Optimization restart 1/5, f = 26.7684215912316
Optimization restart 2/5, f = 26.768421591226975
Optimization restart 3/5, f = 26.76842159122962
Optimization restart 4/5, f = 26.768421591489926
Optimization restart 5/5, f = 26.76842159123165
f inputs x:[[-0.60638124 -0.21504561]] ev:{} outputs y:6.0797179518394255 (n:0.09046418261612423) c:1.0
num acquisition: 60, time elapsed: 8.75s
Optimization restart 1/5, f = 27.543243588471427
Optimization restart 2/5, f = 27.543243588381742
Optimization restart 3/5, f = 27.54324358859028
Optimization restart 4/5, f = 27.54324358852123
Optimization restart 5/5, f = 27.543243588560543
f inputs x:[[0.15718972 0.05479533]] ev:{} outputs y:0.4728664495610042 (n:0.08953974419780045) c:1.0
num acquisition: 61, time elapsed: 8.95s
Optimization restart 1/5, f = 28.205921038489457
Optimization restart 2/5, f = 28.20592103154997
Optimization restart 3/5, f = 28.205921031570114
Optimization restart 4/5, f = 28.20592103153433
Optimization restart 5/5, f = 28.20592103182782
f inputs x:[[ 0.12787932 -0.03917532]] ev:{} outputs y:1.308022159075493 (n:-0.016281366837038982) c:1.0
num acquisition: 62, time elapsed: 9.10s
Optimization restart 1/5, f = 28.778521577209823
Optimization restart 2/5, f = 28.778521527232726
Optimization restart 3/5, f = 28.778521527973624
Optimization restart 4/5, f = 28.778521527227333
Optimization restart 5/5, f = 28.778521528767065
f inputs x:[[0.51701773 0.49693489]] ev:{} outputs y:0.7025417402701561 (n:-0.026726263443884797) c:1.0
num acquisition: 63, time elapsed: 9.26s
Optimization restart 1/5, f = 30.213413536691675
Optimization restart 2/5, f = 30.213413536612556
Optimization restart 3/5, f = 30.21341353661741
Optimization restart 4/5, f = 30.213413536620436
Optimization restart 5/5, f = 30.213413536811835
f inputs x:[[-0.67453107 -0.68754935]] ev:{} outputs y:6.925934539618154 (n:-0.08308851649483413) c:1.0
num acquisition: 64, time elapsed: 9.41s
Optimization restart 1/5, f = 30.516451719543277
Optimization restart 2/5, f = 30.51645167486837
Optimization restart 3/5, f = 30.516451674882937
Optimization restart 4/5, f = 30.51645167487628
Optimization restart 5/5, f = 30.516451674879796
f inputs x:[[-0.1623873  -0.30268156]] ev:{} outputs y:4.0437058505071635 (n:0.015894613209754695) c:1.0
num acquisition: 65, time elapsed: 9.58s
Optimization restart 1/5, f = 31.66803862541847
Optimization restart 2/5, f = 31.668038625399866
Optimization restart 3/5, f = 31.668038625446925
Optimization restart 4/5, f = 31.668038625394196
Optimization restart 5/5, f = 31.668038625404726
f inputs x:[[ 0.33012252 -0.68057694]] ev:{} outputs y:5.900843588808899 (n:0.0610872345784822) c:1.0
num acquisition: 66, time elapsed: 9.74s
Optimization restart 1/5, f = 32.36761495488525
Optimization restart 2/5, f = 32.36761495486256
Optimization restart 3/5, f = 32.36761495494925
Optimization restart 4/5, f = 32.36761495501981
Optimization restart 5/5, f = 32.36761495486041
f inputs x:[[0.45634549 0.41443975]] ev:{} outputs y:0.1328648610588728 (n:0.06963822139161324) c:1.0
num acquisition: 67, time elapsed: 9.90s
Optimization restart 1/5, f = 33.218549194298895
Optimization restart 2/5, f = 33.21854919424742
Optimization restart 3/5, f = 33.21854919424834
Optimization restart 4/5, f = 33.218549194304266
Optimization restart 5/5, f = 33.218549194235834
f inputs x:[[ 0.61431178 -0.09505154]] ev:{} outputs y:5.672683268234969 (n:-0.08628149946543089) c:1.0
num acquisition: 68, time elapsed: 10.05s
Optimization restart 1/5, f = 33.96347618812775
Optimization restart 2/5, f = 33.96347618807647
Optimization restart 3/5, f = 33.9634761880722
Optimization restart 4/5, f = 33.96347618807047
Optimization restart 5/5, f = 33.963476188407476
f inputs x:[[0.5045722  0.41421223]] ev:{} outputs y:1.6329792653192383 (n:-0.12843130304043124) c:1.0
num acquisition: 69, time elapsed: 10.23s
Optimization restart 1/5, f = 35.712531930859605
Optimization restart 2/5, f = 35.71253178497261
Optimization restart 3/5, f = 35.712531784964334
Optimization restart 4/5, f = 35.71253178610344
Optimization restart 5/5, f = 35.71253178501787
f inputs x:[[0.43294648 0.45047369]] ev:{} outputs y:1.047087129392906 (n:-0.008184656265385719) c:1.0
num acquisition: 70, time elapsed: 10.41s
Optimization restart 1/5, f = 38.58306823203241
Optimization restart 2/5, f = 38.58306823509075
Optimization restart 3/5, f = 38.58306823204244
Optimization restart 4/5, f = 38.58306823206583
Optimization restart 5/5, f = 38.58306823209856
f inputs x:[[0.42929378 0.37184792]] ev:{} outputs y:0.0030822678769069876 (n:-0.02421625899772784) c:1.0
num acquisition: 71, time elapsed: 10.59s
Optimization restart 1/5, f = 38.115969837668075
Optimization restart 2/5, f = 38.11596983644097
Optimization restart 3/5, f = 38.11596983675674
Optimization restart 4/5, f = 38.11596983643418
Optimization restart 5/5, f = 38.11596983655913
f inputs x:[[0.51520179 0.57349547]] ev:{} outputs y:0.3062113307466753 (n:-0.014230626945178466) c:1.0
num acquisition: 72, time elapsed: 10.74s
Optimization restart 1/5, f = 38.22212407491188
Optimization restart 2/5, f = 38.222124074469
Optimization restart 3/5, f = 38.22212407447144
Optimization restart 4/5, f = 38.22212407447891
Optimization restart 5/5, f = 38.22212407448487
f inputs x:[[0.03824115 0.55138154]] ev:{} outputs y:4.859589506392499 (n:0.007685062316604031) c:1.0
num acquisition: 73, time elapsed: 10.91s
Optimization restart 1/5, f = 39.254777144621244
Optimization restart 2/5, f = 39.25477712467079
Optimization restart 3/5, f = 39.25477712322361
Optimization restart 4/5, f = 39.25477712323394
Optimization restart 5/5, f = 39.25477712322869
f inputs x:[[ 0.19116131 -0.26825181]] ev:{} outputs y:3.890698302224329 (n:-0.03605707088787078) c:1.0
num acquisition: 74, time elapsed: 11.06s
Optimization restart 1/5, f = 40.45021460875752
Optimization restart 2/5, f = 40.450214609328306
Optimization restart 3/5, f = 40.450214608758
Optimization restart 4/5, f = 40.45021461098126
Optimization restart 5/5, f = 40.45021460876049
f inputs x:[[-0.13999648 -0.7135087 ]] ev:{} outputs y:5.540469503142913 (n:0.05614735357716863) c:1.0
num acquisition: 75, time elapsed: 11.21s
Optimization restart 1/5, f = 41.24672295473576
Optimization restart 2/5, f = 41.24672295069038
Optimization restart 3/5, f = 41.246722950341464
Optimization restart 4/5, f = 41.246722950355235
Optimization restart 5/5, f = 41.246722950359114
f inputs x:[[0.08507258 0.09716964]] ev:{} outputs y:1.4489136976580475 (n:-0.06094827137729315) c:1.0
num acquisition: 76, time elapsed: 11.35s
Optimization restart 1/5, f = 41.776459999589825
Optimization restart 2/5, f = 41.776459999592845
Optimization restart 3/5, f = 41.77645999959327
Optimization restart 4/5, f = 41.776459999821626
Optimization restart 5/5, f = 41.77645999959913
f inputs x:[[0.24257407 0.10041294]] ev:{} outputs y:0.35798851371771784 (n:0.005500479866491752) c:1.0
num acquisition: 77, time elapsed: 11.53s
Optimization restart 1/5, f = 42.22799484935739
Optimization restart 2/5, f = 42.22799484832104
Optimization restart 3/5, f = 42.22799484831249
Optimization restart 4/5, f = 42.227994848801096
Optimization restart 5/5, f = 42.22799484831559
f inputs x:[[-0.02543478 -0.00112455]] ev:{} outputs y:0.7236689777330607 (n:-0.02273968621366138) c:1.0
num acquisition: 78, time elapsed: 11.70s
Optimization restart 1/5, f = 42.322298911911695
Optimization restart 2/5, f = 42.322298911918395
Optimization restart 3/5, f = 42.322298911898045
Optimization restart 4/5, f = 42.32229891209418
Optimization restart 5/5, f = 42.322298911909186
f inputs x:[[ 0.68014755 -0.71445743]] ev:{} outputs y:7.042335017095334 (n:-0.013437946247125507) c:1.0
num acquisition: 79, time elapsed: 11.88s
Optimization restart 1/5, f = 42.52562591933746
Optimization restart 2/5, f = 42.52562591964424
Optimization restart 3/5, f = 42.525625919334075
Optimization restart 4/5, f = 42.52562591932876
Optimization restart 5/5, f = 42.52562591932013
f inputs x:[[0.43963103 0.38848649]] ev:{} outputs y:-0.024394919528572492 (n:-0.05641115262145699) c:1.0
num acquisition: 80, time elapsed: 12.08s
Optimization restart 1/5, f = 40.37239861622944
Optimization restart 2/5, f = 40.37239861619148
Optimization restart 3/5, f = 40.37239861619638
Optimization restart 4/5, f = 40.37239861662309
Optimization restart 5/5, f = 40.37239861621281
f inputs x:[[-0.73581998  0.8882638 ]] ev:{} outputs y:3.363912488848359 (n:0.04270587629818983) c:1.0
num acquisition: 81, time elapsed: 12.25s
Optimization restart 1/5, f = 41.64652587457205
Optimization restart 2/5, f = 41.646525875239384
Optimization restart 3/5, f = 41.64652587473381
Optimization restart 4/5, f = 41.64652587460894
Optimization restart 5/5, f = 41.64652587456382
f inputs x:[[-0.73232052  0.30234449]] ev:{} outputs y:5.6054435399532965 (n:-0.004014608317453407) c:1.0
num acquisition: 82, time elapsed: 12.42s
Optimization restart 1/5, f = 42.35640091778558
Optimization restart 2/5, f = 42.35640091507199
Optimization restart 3/5, f = 42.35640091687436
Optimization restart 4/5, f = 42.356400915081004
Optimization restart 5/5, f = 42.35640091507124
f inputs x:[[-0.28828642  1.        ]] ev:{} outputs y:5.621698957257272 (n:-0.05618657049355477) c:1.0
num acquisition: 83, time elapsed: 12.60s
Optimization restart 1/5, f = 43.060021361819395
Optimization restart 2/5, f = 43.060021361046324
Optimization restart 3/5, f = 43.06002136082063
Optimization restart 4/5, f = 43.06002136082043
Optimization restart 5/5, f = 43.060021360824315
f inputs x:[[1.         0.23200694]] ev:{} outputs y:7.168620126525991 (n:-0.06505822409692548) c:1.0
num acquisition: 84, time elapsed: 12.79s
Optimization restart 1/5, f = 43.1759419116671
Optimization restart 2/5, f = 43.1759419116466
Optimization restart 3/5, f = 43.17594191164918
Optimization restart 4/5, f = 43.17594191165218
Optimization restart 5/5, f = 43.17594191166689
f inputs x:[[-0.39595523  0.44981884]] ev:{} outputs y:2.45143962753712 (n:0.03283130118537768) c:1.0
num acquisition: 85, time elapsed: 12.99s
Optimization restart 1/5, f = 44.066504527257806
Optimization restart 2/5, f = 44.06650452738421
Optimization restart 3/5, f = 44.066504527255155
Optimization restart 4/5, f = 44.06650452726748
Optimization restart 5/5, f = 44.06650452738766
f inputs x:[[0.66504322 1.        ]] ev:{} outputs y:1.4328553434758347 (n:-0.1468150722901372) c:1.0
num acquisition: 86, time elapsed: 13.16s
Optimization restart 1/5, f = 45.77281907979075
Optimization restart 2/5, f = 45.77281907910428
Optimization restart 3/5, f = 45.77281907911438
Optimization restart 4/5, f = 45.77281907909404
Optimization restart 5/5, f = 45.77281907911949
f inputs x:[[0.74844856 1.        ]] ev:{} outputs y:2.356004134538207 (n:0.01642636754591503) c:1.0
num acquisition: 87, time elapsed: 13.41s
Optimization restart 1/5, f = 53.61943838514
Optimization restart 2/5, f = 57.94562990569583
Optimization restart 3/5, f = 53.6194383851485
Optimization restart 4/5, f = 57.945629905701836
Optimization restart 5/5, f = 57.94562990570674
f inputs x:[[-0.22157203  0.24787252]] ev:{} outputs y:2.5073051332220673 (n:0.004444218112867271) c:1.0
num acquisition: 88, time elapsed: 13.59s
Optimization restart 1/5, f = 54.598639351608675
Optimization restart 2/5, f = 54.59863935166256
Optimization restart 3/5, f = 54.59863935160027
Optimization restart 4/5, f = 54.5986393516109
Optimization restart 5/5, f = 58.3087792775763
f inputs x:[[-0.20182576  0.06776089]] ev:{} outputs y:1.1052502293137736 (n:-0.02628340278435991) c:1.0
num acquisition: 89, time elapsed: 13.77s
Optimization restart 1/5, f = 55.24623716016819
Optimization restart 2/5, f = 58.54595178283882
Optimization restart 3/5, f = 55.246237159906215
Optimization restart 4/5, f = 55.246237161874504
Optimization restart 5/5, f = 55.246237159960394
f inputs x:[[0.5588482 0.5576293]] ev:{} outputs y:1.3739403564273627 (n:0.02845374868118914) c:1.0
num acquisition: 90, time elapsed: 13.95s
Optimization restart 1/5, f = 56.10064267338179
Optimization restart 2/5, f = 58.46824743980076
Optimization restart 3/5, f = 58.46824743547693
Optimization restart 4/5, f = 56.10064227546373
Optimization restart 5/5, f = 58.46824743703328
f inputs x:[[0.20904766 0.75917122]] ev:{} outputs y:5.177940205921464 (n:-0.06605236325515117) c:1.0
num acquisition: 91, time elapsed: 14.12s
Optimization restart 1/5, f = 56.992298347700306
Optimization restart 2/5, f = 58.88986657399941
Optimization restart 3/5, f = 58.889866574405026
Optimization restart 4/5, f = 58.889866574091116
Optimization restart 5/5, f = 56.99229834764537
f inputs x:[[0.48001565 0.54340257]] ev:{} outputs y:1.0693516196508823 (n:-0.07654961407404393) c:1.0
num acquisition: 92, time elapsed: 14.31s
Optimization restart 1/5, f = 57.97195821742411
Optimization restart 2/5, f = 58.734065139061265
Optimization restart 3/5, f = 57.97195821726884
Optimization restart 4/5, f = 58.73406513881671
Optimization restart 5/5, f = 57.97195821758904
f inputs x:[[-0.34529702  0.09011277]] ev:{} outputs y:2.576255327039178 (n:-0.0535250930484674) c:1.0
num acquisition: 93, time elapsed: 14.50s
Optimization restart 1/5, f = 59.003247155902514
Optimization restart 2/5, f = 58.985782407672886
Optimization restart 3/5, f = 58.98578240666221
Optimization restart 4/5, f = 59.00324715603734
Optimization restart 5/5, f = 58.98578240669693
f inputs x:[[0.36987894 0.30976688]] ev:{} outputs y:0.4045820556791585 (n:0.04987002199818567) c:1.0
num acquisition: 94, time elapsed: 14.70s
Optimization restart 1/5, f = 58.63667758466204
Optimization restart 2/5, f = 58.63667758280623
Optimization restart 3/5, f = 58.636677583488236
Optimization restart 4/5, f = 58.636677582930865
Optimization restart 5/5, f = 58.63667758304086
f inputs x:[[0.36956165 0.30631675]] ev:{} outputs y:0.2734504244162411 (n:-0.03116251912413817) c:1.0
num acquisition: 95, time elapsed: 14.89s
Optimization restart 1/5, f = 58.148753035484845
Optimization restart 2/5, f = 56.57020759535337
Optimization restart 3/5, f = 58.14875303547548
Optimization restart 4/5, f = 58.14875303548076
Optimization restart 5/5, f = 58.148753035924685
f inputs x:[[-0.51877379  0.80385798]] ev:{} outputs y:3.441016376510065 (n:-0.025803918883714284) c:1.0
num acquisition: 96, time elapsed: 15.06s
Optimization restart 1/5, f = 57.72421570405084
Optimization restart 2/5, f = 57.724215703722095
Optimization restart 3/5, f = 57.72421570371755
Optimization restart 4/5, f = 58.444411789693135
Optimization restart 5/5, f = 58.44441179538613
f inputs x:[[0.32190994 0.10045752]] ev:{} outputs y:1.8168964028761323 (n:-0.03245694464109124) c:1.0
num acquisition: 97, time elapsed: 15.25s
Optimization restart 1/5, f = 58.39305193044833
Optimization restart 2/5, f = 58.39305192989099
Optimization restart 3/5, f = 58.94757258431472
Optimization restart 4/5, f = 58.94757258444018
Optimization restart 5/5, f = 58.94757258428127
f inputs x:[[-1.          0.74670544]] ev:{} outputs y:6.608158512649618 (n:0.028157407708853877) c:1.0
num acquisition: 98, time elapsed: 15.45s
Optimization restart 1/5, f = 58.77724696368603
Optimization restart 2/5, f = 58.62241468117601
Optimization restart 3/5, f = 58.777246963859376
Optimization restart 4/5, f = 58.62241468108289
Optimization restart 5/5, f = 58.77724696367925
f inputs x:[[0.3693532 0.3112951]] ev:{} outputs y:0.42126089227204566 (n:0.02501934932934363) c:1.0
num acquisition: 99, time elapsed: 15.66s
Optimization restart 1/5, f = 58.261793666688185
Optimization restart 2/5, f = 58.26179347773447
Optimization restart 3/5, f = 58.26179347773436
Optimization restart 4/5, f = 58.26179347775226
Optimization restart 5/5, f = 58.2617934804654
f inputs x:[[0.36912129 0.30834326]] ev:{} outputs y:0.33077300987125785 (n:-0.01966240814744774) c:1.0
num acquisition: 100, time elapsed: 15.88s
Optimization restart 1/5, f = 57.79008165174758
Optimization restart 2/5, f = 54.25068390393326
Optimization restart 3/5, f = 54.25068390396192
Optimization restart 4/5, f = 57.79008165172954
Optimization restart 5/5, f = 54.25068390395895
f inputs x:[[-0.61367292  0.55311576]] ev:{} outputs y:3.303734706645019 (n:0.04358072591160526) c:1.0
num acquisition: 101, time elapsed: 16.06s
Optimization restart 1/5, f = 55.34417807507206
Optimization restart 2/5, f = 55.34417806778986
Optimization restart 3/5, f = 58.07694937252357
Optimization restart 4/5, f = 55.34417806779102
Optimization restart 5/5, f = 58.07694937256581
f inputs x:[[0.19477693 0.10730599]] ev:{} outputs y:0.5159463077203525 (n:-0.03161172330522306) c:1.0
num acquisition: 102, time elapsed: 16.25s
Optimization restart 1/5, f = 54.875018878117196
Optimization restart 2/5, f = 58.06190488363234
Optimization restart 3/5, f = 58.06190488371158
Optimization restart 4/5, f = 54.875018878102885
Optimization restart 5/5, f = 54.87501887817167
f inputs x:[[-0.00508073  0.32976779]] ev:{} outputs y:3.863882301978633 (n:0.0006712872087022902) c:1.0
num acquisition: 103, time elapsed: 16.45s
Optimization restart 1/5, f = 56.01214473952487
Optimization restart 2/5, f = 58.3150789392283
Optimization restart 3/5, f = 56.01214473966454
Optimization restart 4/5, f = 56.01214473952778
Optimization restart 5/5, f = 58.315078939221
f inputs x:[[-1.          0.36076603]] ev:{} outputs y:7.054251886237473 (n:-0.0394079769734134) c:1.0
num acquisition: 104, time elapsed: 16.66s
Optimization restart 1/5, f = 56.118481103423775
Optimization restart 2/5, f = 57.606994830174415
Optimization restart 3/5, f = 57.606994830175026
Optimization restart 4/5, f = 56.118481103391275
Optimization restart 5/5, f = 57.60699483017932
f inputs x:[[ 0.77165405 -0.31192622]] ev:{} outputs y:6.916897151857488 (n:0.024266630975025304) c:1.0
num acquisition: 105, time elapsed: 16.85s
Optimization restart 1/5, f = 56.23560229034693
Optimization restart 2/5, f = 56.23560229036556
Optimization restart 3/5, f = 56.954722166332616
Optimization restart 4/5, f = 56.23560229034902
Optimization restart 5/5, f = 56.95472216737742
f inputs x:[[0.42295045 0.32268726]] ev:{} outputs y:0.5461791184086492 (n:-0.05150970307164724) c:1.0
num acquisition: 106, time elapsed: 17.04s
Optimization restart 1/5, f = 55.759796002768375
Optimization restart 2/5, f = 56.53018522551714
Optimization restart 3/5, f = 56.53018522551248
Optimization restart 4/5, f = 56.53018522551315
Optimization restart 5/5, f = 56.53018522552124
f inputs x:[[0.51146527 0.620774  ]] ev:{} outputs y:1.441292309965236 (n:0.04644842057729568) c:1.0
num acquisition: 107, time elapsed: 17.30s
Optimization restart 1/5, f = 57.56461682997477
Optimization restart 2/5, f = 56.386109991262
Optimization restart 3/5, f = 56.38610999118863
Optimization restart 4/5, f = 57.564616829485594
Optimization restart 5/5, f = 56.38610999127045
f inputs x:[[0.36668994 0.30366664]] ev:{} outputs y:0.24844236645268442 (n:-0.08636997044524425) c:1.0
num acquisition: 108, time elapsed: 17.52s
Optimization restart 1/5, f = 55.79140331484863
Optimization restart 2/5, f = 55.98636993090682
Optimization restart 3/5, f = 55.79140331483999
Optimization restart 4/5, f = 55.79140331485737
Optimization restart 5/5, f = 55.791403315281315
f inputs x:[[0.36698743 0.3029639 ]] ev:{} outputs y:0.3353583427264622 (n:0.020076906033719897) c:1.0
num acquisition: 109, time elapsed: 17.73s
Optimization restart 1/5, f = 55.25068678674711
Optimization restart 2/5, f = 55.25068678668016
Optimization restart 3/5, f = 55.25068678673142
Optimization restart 4/5, f = 53.57575995225373
Optimization restart 5/5, f = 55.250686786682465
f inputs x:[[0.21516007 0.05285076]] ev:{} outputs y:0.767898379728913 (n:0.049420728813692014) c:1.0
num acquisition: 110, time elapsed: 17.94s
Optimization restart 1/5, f = 53.413045196202596
Optimization restart 2/5, f = 53.413045196205836
Optimization restart 3/5, f = 55.018294273865784
Optimization restart 4/5, f = 55.01829425682406
Optimization restart 5/5, f = 55.01829431830017
f inputs x:[[-0.8752228 -0.1747588]] ev:{} outputs y:7.2228838191171265 (n:0.06525499793795192) c:1.0
num acquisition: 111, time elapsed: 18.16s
Optimization restart 1/5, f = 53.3759276001159
Optimization restart 2/5, f = 54.14921108528613
Optimization restart 3/5, f = 54.14921108528591
Optimization restart 4/5, f = 54.14921108528593
Optimization restart 5/5, f = 53.375927600025776
f inputs x:[[-0.71157167 -1.        ]] ev:{} outputs y:7.5111368091653 (n:0.045273819468423425) c:1.0
num acquisition: 112, time elapsed: 18.38s
Optimization restart 1/5, f = 53.24740054360187
Optimization restart 2/5, f = 53.195799471948845
Optimization restart 3/5, f = 53.247400543467684
Optimization restart 4/5, f = 53.195799471948845
Optimization restart 5/5, f = 53.247400543612216
f inputs x:[[0.36696878 0.30150417]] ev:{} outputs y:0.3464525621335664 (n:0.05458268298768311) c:1.0
num acquisition: 113, time elapsed: 18.60s
Optimization restart 1/5, f = 52.62439697736015
Optimization restart 2/5, f = 50.99305313881399
Optimization restart 3/5, f = 52.62439698114474
Optimization restart 4/5, f = 52.62439697745543
Optimization restart 5/5, f = 50.993053138832195
f inputs x:[[-0.36791065 -0.25941441]] ev:{} outputs y:4.861837299691396 (n:0.034660577161993514) c:1.0
num acquisition: 114, time elapsed: 18.80s
Optimization restart 1/5, f = 51.87594032433697
Optimization restart 2/5, f = 52.64891113001426
Optimization restart 3/5, f = 52.64891113005012
Optimization restart 4/5, f = 51.87594032432469
Optimization restart 5/5, f = 51.875940324309994
f inputs x:[[0.42609265 0.39090283]] ev:{} outputs y:0.16936527205452181 (n:0.013313920354197088) c:1.0
num acquisition: 115, time elapsed: 19.09s
Optimization restart 1/5, f = 51.00046202433904
Optimization restart 2/5, f = 52.14297246277329
Optimization restart 3/5, f = 52.142972462543504
Optimization restart 4/5, f = 52.142972462545146
Optimization restart 5/5, f = 51.00046202386498
f inputs x:[[-0.27361877  0.58320724]] ev:{} outputs y:4.364266550514196 (n:-0.0294891926957223) c:1.0
num acquisition: 116, time elapsed: 19.31s
Optimization restart 1/5, f = 51.940239224727435
Optimization restart 2/5, f = 51.940239224167996
Optimization restart 3/5, f = 52.244890704152624
Optimization restart 4/5, f = 51.94023922415097
Optimization restart 5/5, f = 52.244890704094225
f inputs x:[[ 0.713029 -1.      ]] ev:{} outputs y:7.439626008941154 (n:-0.027064459128826088) c:1.0
num acquisition: 117, time elapsed: 19.53s
Optimization restart 1/5, f = 51.83272853119623
Optimization restart 2/5, f = 51.325828699395935
Optimization restart 3/5, f = 51.32582869935385
Optimization restart 4/5, f = 51.832728531184905
Optimization restart 5/5, f = 51.32582869943985
f inputs x:[[0.36913848 0.30530932]] ev:{} outputs y:0.31112425901463775 (n:0.012219457351820779) c:1.0
num acquisition: 118, time elapsed: 19.77s
Optimization restart 1/5, f = 50.6904831281271
Optimization restart 2/5, f = 50.69048312814316
Optimization restart 3/5, f = 50.69048312812356
Optimization restart 4/5, f = 50.69048312813463
Optimization restart 5/5, f = 49.239265009232184
f inputs x:[[0.72488139 0.12883827]] ev:{} outputs y:5.892331112200124 (n:-0.041540887102103866) c:1.0
num acquisition: 119, time elapsed: 20.00s
Optimization restart 1/5, f = 49.79011941744173
Optimization restart 2/5, f = 49.79011858551339
Optimization restart 3/5, f = 50.790375715525514
Optimization restart 4/5, f = 49.790118583804606
Optimization restart 5/5, f = 50.79037571540346
f inputs x:[[-1.         -0.71788343]] ev:{} outputs y:8.107430105145504 (n:0.03061045029922272) c:1.0
num acquisition: 120, time elapsed: 20.29s
Optimization restart 1/5, f = 49.41258312562728
Optimization restart 2/5, f = 49.425343796667136
Optimization restart 3/5, f = 49.425343796686306
Optimization restart 4/5, f = 49.42534379667102
Optimization restart 5/5, f = 49.42534379705559
f inputs x:[[0.61851214 0.83613826]] ev:{} outputs y:0.7953698263086136 (n:-0.008554013338522909) c:1.0
num acquisition: 121, time elapsed: 20.51s
Optimization restart 1/5, f = 49.41453739685536
Optimization restart 2/5, f = 50.05013058030014
Optimization restart 3/5, f = 50.050130580976926
Optimization restart 4/5, f = 50.050130580309585
Optimization restart 5/5, f = 50.05013058030134
f inputs x:[[ 0.11906483 -0.77947813]] ev:{} outputs y:5.567958108629933 (n:-0.051534950122618085) c:1.0
num acquisition: 122, time elapsed: 20.76s
Optimization restart 1/5, f = 50.088279327144875
Optimization restart 2/5, f = 49.91588974750511
Optimization restart 3/5, f = 49.9158897475448
Optimization restart 4/5, f = 49.915889747520595
Optimization restart 5/5, f = 50.08827932686955
f inputs x:[[0.36701438 0.30418021]] ev:{} outputs y:0.3690949334367598 (n:0.03407647419611389) c:1.0
num acquisition: 123, time elapsed: 21.02s
Optimization restart 1/5, f = 49.339083806711685
Optimization restart 2/5, f = 47.67319691563207
Optimization restart 3/5, f = 49.33908380670302
Optimization restart 4/5, f = 47.6731969155437
Optimization restart 5/5, f = 49.33908380670759
f inputs x:[[ 0.38332443 -0.20670339]] ev:{} outputs y:4.674939679207235 (n:-0.01759258574231818) c:1.0
num acquisition: 124, time elapsed: 21.31s
Optimization restart 1/5, f = 48.55746747998616
Optimization restart 2/5, f = 49.3212030756637
Optimization restart 3/5, f = 49.32120307561735
Optimization restart 4/5, f = 48.55746747904519
Optimization restart 5/5, f = 49.32120307666992
f inputs x:[[ 0.01563657 -0.32297713]] ev:{} outputs y:3.8535691024365857 (n:0.028732598246237147) c:1.0
num acquisition: 125, time elapsed: 21.56s
Optimization restart 1/5, f = 49.546069079340626
Optimization restart 2/5, f = 49.54606907747798
Optimization restart 3/5, f = 49.3784032063969
Optimization restart 4/5, f = 49.546069077465134
Optimization restart 5/5, f = 49.37840320632411
f inputs x:[[0.36697753 0.30319418]] ev:{} outputs y:0.3090779974923493 (n:-0.010292944073212885) c:1.0
num acquisition: 126, time elapsed: 21.80s
Optimization restart 1/5, f = 48.7325666424146
Optimization restart 2/5, f = 48.73256664333475
Optimization restart 3/5, f = 48.732566642383446
Optimization restart 4/5, f = 48.73256664236078
Optimization restart 5/5, f = 46.891566593013465
f inputs x:[[-0.21999007 -1.        ]] ev:{} outputs y:6.190215488801054 (n:-0.043798802310604824) c:1.0
num acquisition: 127, time elapsed: 22.04s
Optimization restart 1/5, f = 47.32338615419282
Optimization restart 2/5, f = 47.32338615414099
Optimization restart 3/5, f = 48.329078397875335
Optimization restart 4/5, f = 48.329078397855056
Optimization restart 5/5, f = 48.3290783979684
f inputs x:[[-0.45086425  0.32752111]] ev:{} outputs y:2.109277643957452 (n:0.02905459693133874) c:1.0
num acquisition: 128, time elapsed: 22.25s
Optimization restart 1/5, f = 47.89851773975673
Optimization restart 2/5, f = 48.35107948830856
Optimization restart 3/5, f = 48.351079488071136
Optimization restart 4/5, f = 48.3510794880673
Optimization restart 5/5, f = 47.898517739490245
f inputs x:[[-0.67054905  0.03405604]] ev:{} outputs y:5.766767108956345 (n:-0.05176398099195365) c:1.0
num acquisition: 129, time elapsed: 22.47s
Optimization restart 1/5, f = 48.46548563633307
Optimization restart 2/5, f = 48.21230793431842
Optimization restart 3/5, f = 48.2123079343194
Optimization restart 4/5, f = 48.21230793432558
Optimization restart 5/5, f = 48.21230793446367
f inputs x:[[0.36689784 0.30264473]] ev:{} outputs y:0.3206740270432942 (n:0.008385080668474845) c:1.0
num acquisition: 130, time elapsed: 22.75s
Optimization restart 1/5, f = 47.54834155311512
Optimization restart 2/5, f = 45.748054472599364
Optimization restart 3/5, f = 47.54834155581243
Optimization restart 4/5, f = 47.54834155312844
Optimization restart 5/5, f = 45.74805447256631
f inputs x:[[-0.71503671  1.        ]] ev:{} outputs y:2.1002542454238995 (n:0.020367051764836504) c:1.0
num acquisition: 131, time elapsed: 23.03s
Optimization restart 1/5, f = 47.15621328219551
Optimization restart 2/5, f = 47.15621328577562
Optimization restart 3/5, f = 47.156213281155345
Optimization restart 4/5, f = 47.15621328116282
Optimization restart 5/5, f = 50.348161669625554
f inputs x:[[0.44389872 0.38270985]] ev:{} outputs y:0.17419826371576866 (n:-0.00011796906663849429) c:1.0
num acquisition: 132, time elapsed: 23.27s
Optimization restart 1/5, f = 47.2841219051741
Optimization restart 2/5, f = 47.28412190533929
Optimization restart 3/5, f = 49.856535252099576
Optimization restart 4/5, f = 47.284121905178154
Optimization restart 5/5, f = 47.284121905186424
f inputs x:[[ 0.03437237 -0.03728547]] ev:{} outputs y:0.9174671804961602 (n:-0.008930776474457763) c:1.0
num acquisition: 133, time elapsed: 23.54s
Optimization restart 1/5, f = 47.029009696601705
Optimization restart 2/5, f = 47.0290096960002
Optimization restart 3/5, f = 49.53088339070767
Optimization restart 4/5, f = 49.53088339078268
Optimization restart 5/5, f = 47.029009696021305
f inputs x:[[0.4344542  0.38443611]] ev:{} outputs y:0.014942071129724533 (n:0.000993762382961006) c:1.0
num acquisition: 134, time elapsed: 23.82s
Optimization restart 1/5, f = 44.506149792174156
Optimization restart 2/5, f = 49.08056922672937
Optimization restart 3/5, f = 44.50614979187209
Optimization restart 4/5, f = 44.506149791984726
Optimization restart 5/5, f = 44.50614979192281
f inputs x:[[0.25628226 0.14668919]] ev:{} outputs y:0.3152004519562072 (n:0.062165772133200715) c:1.0
num acquisition: 135, time elapsed: 24.08s
Optimization restart 1/5, f = 43.822853641779005
Optimization restart 2/5, f = 43.82285340536552
Optimization restart 3/5, f = 48.892514520575034
Optimization restart 4/5, f = 48.89251452061056
Optimization restart 5/5, f = 43.82285340533866
f inputs x:[[ 0.22564733 -1.        ]] ev:{} outputs y:6.331165019506941 (n:0.0913673446116895) c:1.0
num acquisition: 136, time elapsed: 24.32s
Optimization restart 1/5, f = 44.14679913863404
Optimization restart 2/5, f = 48.380463574677975
Optimization restart 3/5, f = 48.380463574685976
Optimization restart 4/5, f = 44.146799138077654
Optimization restart 5/5, f = 48.38046357468491
f inputs x:[[ 0.28092408 -0.44463984]] ev:{} outputs y:5.097005380424381 (n:0.051358098682916076) c:1.0
num acquisition: 137, time elapsed: 24.58s
Optimization restart 1/5, f = 44.87324657319836
Optimization restart 2/5, f = 44.87324657332431
Optimization restart 3/5, f = 48.21718859795837
Optimization restart 4/5, f = 44.87324657296651
Optimization restart 5/5, f = 44.87324657297469
f inputs x:[[-0.62570228 -0.44553095]] ev:{} outputs y:6.481473057988402 (n:-0.008898418945949702) c:1.0
num acquisition: 138, time elapsed: 24.88s
Optimization restart 1/5, f = 45.119452465807626
Optimization restart 2/5, f = 45.11945245886923
Optimization restart 3/5, f = 45.11945245888917
Optimization restart 4/5, f = 45.119452458853516
Optimization restart 5/5, f = 47.642397429742346
f inputs x:[[-0.1315076  -0.49143305]] ev:{} outputs y:4.7630400295033954 (n:-0.01636590104570388) c:1.0
num acquisition: 139, time elapsed: 25.17s
Optimization restart 1/5, f = 45.92326367145766
Optimization restart 2/5, f = 47.556919706958354
Optimization restart 3/5, f = 45.92326367142127
Optimization restart 4/5, f = 45.923263671391624
Optimization restart 5/5, f = 47.556919707502075
f inputs x:[[-0.14272432 -0.12768104]] ev:{} outputs y:2.636286888776802 (n:-0.05197276403636397) c:1.0
num acquisition: 140, time elapsed: 25.45s
Optimization restart 1/5, f = 46.60356362341834
Optimization restart 2/5, f = 47.59320853521112
Optimization restart 3/5, f = 47.59320853522925
Optimization restart 4/5, f = 46.60356362337673
Optimization restart 5/5, f = 47.593208535757014
f inputs x:[[-0.39277021 -0.74947593]] ev:{} outputs y:6.185743010814464 (n:0.011212380568702301) c:1.0
num acquisition: 141, time elapsed: 25.71s
Optimization restart 1/5, f = 46.958592707308014
Optimization restart 2/5, f = 46.95859226549153
Optimization restart 3/5, f = 47.15296158688075
Optimization restart 4/5, f = 47.15296158688216
Optimization restart 5/5, f = 46.95859226554539
f inputs x:[[1.         0.75326385]] ev:{} outputs y:6.495438905427119 (n:-0.06305243048731946) c:1.0
num acquisition: 142, time elapsed: 26.05s
Optimization restart 1/5, f = 47.17549596178584
Optimization restart 2/5, f = 46.68518158120142
Optimization restart 3/5, f = 46.68518158124918
Optimization restart 4/5, f = 47.175495533878674
Optimization restart 5/5, f = 46.68518158120834
f inputs x:[[0.37221253 0.30966407]] ev:{} outputs y:0.338032466987416 (n:0.04647573358432955) c:1.0
num acquisition: 143, time elapsed: 26.34s
Optimization restart 1/5, f = 45.993322904081325
Optimization restart 2/5, f = 45.99332290388912
Optimization restart 3/5, f = 45.99332290395269
Optimization restart 4/5, f = 45.993322904626055
Optimization restart 5/5, f = 45.99332290385024
f inputs x:[[0.37210034 0.30872217]] ev:{} outputs y:0.2000336967845997 (n:-0.07918781254451611) c:1.0
num acquisition: 144, time elapsed: 26.64s
Optimization restart 1/5, f = 45.21455640151052
Optimization restart 2/5, f = 44.12994313922694
Optimization restart 3/5, f = 45.21455640139439
Optimization restart 4/5, f = 44.12994313902715
Optimization restart 5/5, f = 45.21455640217296
f inputs x:[[-0.09124664  0.04706437]] ev:{} outputs y:1.0369203994091167 (n:0.012141927931555205) c:1.0
num acquisition: 145, time elapsed: 26.92s
Optimization restart 1/5, f = 43.83451514206085
Optimization restart 2/5, f = 44.84861530431931
Optimization restart 3/5, f = 43.83451514153512
Optimization restart 4/5, f = 44.84861530259022
Optimization restart 5/5, f = 43.83451514215764
f inputs x:[[0.69707637 0.96668312]] ev:{} outputs y:0.41700755258495126 (n:-0.0035823218092884516) c:1.0
num acquisition: 146, time elapsed: 27.22s
Optimization restart 1/5, f = 44.61867011979507
Optimization restart 2/5, f = 44.61867011856677
Optimization restart 3/5, f = 44.61867011834977
Optimization restart 4/5, f = 44.61867011807918
Optimization restart 5/5, f = 45.35268951867086
f inputs x:[[0.18855413 0.43422823]] ev:{} outputs y:4.0843131952552145 (n:0.056045122295174526) c:1.0
num acquisition: 147, time elapsed: 27.52s
Optimization restart 1/5, f = 45.47242795251299
Optimization restart 2/5, f = 45.78160862108807
Optimization restart 3/5, f = 45.47242795231898
Optimization restart 4/5, f = 45.78160862140088
Optimization restart 5/5, f = 45.78160862129681
f inputs x:[[-0.81886249  1.        ]] ev:{} outputs y:4.1715426040550625 (n:-0.02719129328296494) c:1.0
num acquisition: 148, time elapsed: 27.80s
Optimization restart 1/5, f = 46.253798137971316
Optimization restart 2/5, f = 46.2537981542371
Optimization restart 3/5, f = 46.29052582475775
Optimization restart 4/5, f = 46.29052582472579
Optimization restart 5/5, f = 46.29052582472744
f inputs x:[[-0.46366637 -0.05423042]] ev:{} outputs y:4.685491650014125 (n:0.009175727504036474) c:1.0
num acquisition: 149, time elapsed: 28.05s
Optimization restart 1/5, f = 46.97956394461738
Optimization restart 2/5, f = 46.16935951790063
Optimization restart 3/5, f = 46.16935951804085
Optimization restart 4/5, f = 47.9644905965241
Optimization restart 5/5, f = 46.16935951799701
f inputs x:[[0.37603474 0.30295029]] ev:{} outputs y:0.11472681713471966 (n:-0.005448943031667197) c:1.0
num acquisition: 150, time elapsed: 28.41s
Optimization restart 1/5, f = 45.33836567869851
Optimization restart 2/5, f = 46.61519063167482
Optimization restart 3/5, f = 46.615190632523976
Optimization restart 4/5, f = 46.12833519701317
Optimization restart 5/5, f = 46.1283351973219
f inputs x:[[0.37637891 0.30351541]] ev:{} outputs y:0.12430462817586412 (n:0.004069773745092883) c:1.0
num acquisition: 151, time elapsed: 28.72s
Optimization restart 1/5, f = 44.50093273756127
Optimization restart 2/5, f = 44.5009327375042
Optimization restart 3/5, f = 45.16215669696793
Optimization restart 4/5, f = 45.16215669694871
Optimization restart 5/5, f = 44.50093273765157
f inputs x:[[0.37668094 0.30398265]] ev:{} outputs y:0.08809914050985435 (n:-0.03189878429392503) c:1.0
num acquisition: 152, time elapsed: 29.02s
Optimization restart 1/5, f = 43.66129755261224
Optimization restart 2/5, f = 43.04237594422274
Optimization restart 3/5, f = 43.83510647558917
Optimization restart 4/5, f = 43.66129755256435
Optimization restart 5/5, f = 43.661297552536965
f inputs x:[[-0.34429173  0.202641  ]] ev:{} outputs y:1.510414113580785 (n:-0.011852145350351073) c:1.0
num acquisition: 153, time elapsed: 29.29s
Optimization restart 1/5, f = 43.16308255877911
Optimization restart 2/5, f = 43.62627807547531
Optimization restart 3/5, f = 43.1630825586776
Optimization restart 4/5, f = 43.62627807549666
Optimization restart 5/5, f = 43.49486668205465
f inputs x:[[0.50592436 0.07604727]] ev:{} outputs y:4.388888720447513 (n:-0.056604826724606254) c:1.0
num acquisition: 154, time elapsed: 29.60s
Optimization restart 1/5, f = 43.93750636424673
Optimization restart 2/5, f = 43.7030227142283
Optimization restart 3/5, f = 43.98845889073257
Optimization restart 4/5, f = 43.937506363636714
Optimization restart 5/5, f = 43.98845889073789
f inputs x:[[0.3772793 0.3062331]] ev:{} outputs y:0.17128623368174267 (n:0.0379979990426104) c:1.0
num acquisition: 155, time elapsed: 29.93s
Optimization restart 1/5, f = 42.82580905004771
Optimization restart 2/5, f = 41.48809463551888
Optimization restart 3/5, f = 42.82580904996196
Optimization restart 4/5, f = 42.360464005782845
Optimization restart 5/5, f = 42.82580904992329
f inputs x:[[0.38222592 0.2848438 ]] ev:{} outputs y:0.08398625622675321 (n:-0.041494088393331234) c:1.0
num acquisition: 156, time elapsed: 30.22s
Optimization restart 1/5, f = 39.255812740087066
Optimization restart 2/5, f = 41.96633202557581
Optimization restart 3/5, f = 40.68809293696742
Optimization restart 4/5, f = 41.96633202557611
Optimization restart 5/5, f = 39.255812740094626
f inputs x:[[0.37908302 0.28381954]] ev:{} outputs y:0.12156329532243597 (n:0.029773927738694514) c:1.0
num acquisition: 157, time elapsed: 30.55s
Optimization restart 1/5, f = 36.99687057518821
Optimization restart 2/5, f = 41.07889725978431
Optimization restart 3/5, f = 41.07889725924409
Optimization restart 4/5, f = 36.99687057518014
Optimization restart 5/5, f = 36.99687057581892
f inputs x:[[0.00328698 0.7576364 ]] ev:{} outputs y:5.430007081111474 (n:-0.06194669724787948) c:1.0
num acquisition: 158, time elapsed: 30.97s
Optimization restart 1/5, f = 37.51427188506845
Optimization restart 2/5, f = 40.766095514178915
Optimization restart 3/5, f = 40.766095513803336
Optimization restart 4/5, f = 37.514271885048345
Optimization restart 5/5, f = 40.76609551381418
f inputs x:[[-0.62518718  0.89744583]] ev:{} outputs y:2.2579625496789144 (n:-0.058905094873999024) c:1.0
num acquisition: 159, time elapsed: 31.30s
Optimization restart 1/5, f = 38.33575459779405
Optimization restart 2/5, f = 41.459139532533285
Optimization restart 3/5, f = 39.72547333689714
Optimization restart 4/5, f = 38.33575459775943
Optimization restart 5/5, f = 38.33575459777481
f inputs x:[[0.43684125 0.38955317]] ev:{} outputs y:-0.01797261934738177 (n:-0.029675874900048766) c:1.0
num acquisition: 160, time elapsed: 31.70s
Optimization restart 1/5, f = 36.050545135755556
Optimization restart 2/5, f = 36.050545134823395
Optimization restart 3/5, f = 40.9140292847555
Optimization restart 4/5, f = 36.05054513488611
Optimization restart 5/5, f = 36.05054513484059
f inputs x:[[0.43754985 0.39093761]] ev:{} outputs y:0.06439230483677824 (n:0.05310511095020229) c:1.0
num acquisition: 161, time elapsed: 32.09s
Optimization restart 1/5, f = 33.634865093778686
Optimization restart 2/5, f = 40.18897420451624
Optimization restart 3/5, f = 33.6348650655368
Optimization restart 4/5, f = 33.63486506552189
Optimization restart 5/5, f = 33.6348650658943
f inputs x:[[0.43626978 0.38847166]] ev:{} outputs y:0.029341442937207245 (n:0.017329024105083485) c:1.0
num acquisition: 162, time elapsed: 32.48s
Optimization restart 1/5, f = 31.003405504032457
Optimization restart 2/5, f = 31.003405503969674
Optimization restart 3/5, f = 31.003405503925464
Optimization restart 4/5, f = 31.003405503858147
Optimization restart 5/5, f = 31.003405503865082
f inputs x:[[0.35460202 0.25672795]] ev:{} outputs y:0.07794992729114827 (n:0.005427923431444965) c:1.0
num acquisition: 163, time elapsed: 32.88s
Optimization restart 1/5, f = 28.405472208998617
Optimization restart 2/5, f = 28.405472208949334
Optimization restart 3/5, f = 28.405472208950982
Optimization restart 4/5, f = 28.405472208942598
Optimization restart 5/5, f = 28.405472208975482
f inputs x:[[0.43594359 0.38775842]] ev:{} outputs y:-0.012784475407606933 (n:-0.025088586391445525) c:1.0
num acquisition: 164, time elapsed: 33.24s
Optimization restart 1/5, f = 25.954809823777794
Optimization restart 2/5, f = 25.954809823769807
Optimization restart 3/5, f = 25.95480982375271
Optimization restart 4/5, f = 25.954809823799778
Optimization restart 5/5, f = 25.954809823774127
f inputs x:[[ 1.         -0.74529135]] ev:{} outputs y:8.075959995324096 (n:-0.018019763495969742) c:1.0
num acquisition: 165, time elapsed: 33.63s
Optimization restart 1/5, f = 25.19810254940819
Optimization restart 2/5, f = 25.19810233593364
Optimization restart 3/5, f = 25.1981023358353
Optimization restart 4/5, f = 25.198102335868725
Optimization restart 5/5, f = 25.198102335839963
f inputs x:[[0.11462434 0.02386089]] ev:{} outputs y:0.425235512864461 (n:-0.038184784954660315) c:1.0
num acquisition: 166, time elapsed: 34.06s
Optimization restart 1/5, f = 24.14071246069807
Optimization restart 2/5, f = 24.140712460707817
Optimization restart 3/5, f = 24.140712460685606
Optimization restart 4/5, f = 24.14071246073121
Optimization restart 5/5, f = 24.140712460784897
f inputs x:[[ 1.         -0.28320994]] ev:{} outputs y:7.770950790295291 (n:0.03835822951021531) c:1.0
num acquisition: 167, time elapsed: 34.45s
Optimization restart 1/5, f = 23.52430365770016
Optimization restart 2/5, f = 23.52430365773847
Optimization restart 3/5, f = 23.524303658040026
Optimization restart 4/5, f = 23.524303658012272
Optimization restart 5/5, f = 23.52430365831208
f inputs x:[[-0.77123081  0.71011743]] ev:{} outputs y:4.719465077530629 (n:-0.033305871291520184) c:1.0
num acquisition: 168, time elapsed: 34.88s
Optimization restart 1/5, f = 24.081221348510923
Optimization restart 2/5, f = 24.081221348155992
Optimization restart 3/5, f = 24.081221348192884
Optimization restart 4/5, f = 24.081221348157754
Optimization restart 5/5, f = 24.081221348223153
f inputs x:[[0.43621352 0.38839102]] ev:{} outputs y:0.05807503117923268 (n:0.046060046786508206) c:1.0
num acquisition: 169, time elapsed: 35.33s
Optimization restart 1/5, f = 21.525196823931637
Optimization restart 2/5, f = 21.525196823944682
Optimization restart 3/5, f = 21.525196824031866
Optimization restart 4/5, f = 21.52519682400191
Optimization restart 5/5, f = 21.52519682393634
f inputs x:[[0.43572027 0.38741903]] ev:{} outputs y:0.02013846868277382 (n:0.007807435055665349) c:1.0
num acquisition: 170, time elapsed: 35.79s
Optimization restart 1/5, f = 18.810304916396774
Optimization restart 2/5, f = 18.810304916484625
Optimization restart 3/5, f = 18.810304916371535
Optimization restart 4/5, f = 18.81030491635771
Optimization restart 5/5, f = 18.810304916355562
f inputs x:[[0.43548727 0.38698247]] ev:{} outputs y:0.04068236696670472 (n:0.02822533612443546) c:1.0
num acquisition: 171, time elapsed: 36.16s
Optimization restart 1/5, f = 16.088271302730803
Optimization restart 2/5, f = 16.08827130223645
Optimization restart 3/5, f = 16.088271302220477
Optimization restart 4/5, f = 16.08827130219167
Optimization restart 5/5, f = 16.088271302560017
f inputs x:[[0.7826117  0.35175892]] ev:{} outputs y:5.8443635094560635 (n:0.006430452102841752) c:1.0
num acquisition: 172, time elapsed: 36.53s
Optimization restart 1/5, f = 16.527238909469048
Optimization restart 2/5, f = 16.52723890949082
Optimization restart 3/5, f = 16.527238909498195
Optimization restart 4/5, f = 16.527238909479266
Optimization restart 5/5, f = 16.527238909489355
f inputs x:[[0.38317446 0.29215835]] ev:{} outputs y:0.10875706176288136 (n:0.03468311772566475) c:1.0
num acquisition: 173, time elapsed: 36.94s
Optimization restart 1/5, f = 13.958006738802581
Optimization restart 2/5, f = 13.958006738865919
Optimization restart 3/5, f = 13.958006738779332
Optimization restart 4/5, f = 13.95800673886015
Optimization restart 5/5, f = 13.958006738778806
f inputs x:[[0.43498555 0.3860669 ]] ev:{} outputs y:0.04286239578283692 (n:0.03015985792932567) c:1.0
num acquisition: 174, time elapsed: 37.38s
Optimization restart 1/5, f = 11.210622694966489
Optimization restart 2/5, f = 11.210622694893488
Optimization restart 3/5, f = 11.21062269480808
Optimization restart 4/5, f = 11.210622694874601
Optimization restart 5/5, f = 11.21062269484986
f inputs x:[[ 0.51365975 -0.59061677]] ev:{} outputs y:6.258573122289761 (n:-0.028350255280602657) c:1.0
num acquisition: 175, time elapsed: 37.84s
Optimization restart 1/5, f = 11.326185147283525
Optimization restart 2/5, f = 11.326185147367184
Optimization restart 3/5, f = 11.326185147247983
Optimization restart 4/5, f = 11.326185147266173
Optimization restart 5/5, f = 11.326185147261697
f inputs x:[[0.19823573 1.        ]] ev:{} outputs y:5.866255092651867 (n:-0.008640701703786707) c:1.0
num acquisition: 176, time elapsed: 38.23s
Optimization restart 1/5, f = 11.597755897173528
Optimization restart 2/5, f = 11.59775589718791
Optimization restart 3/5, f = 11.597755897176881
Optimization restart 4/5, f = 11.597755897194489
Optimization restart 5/5, f = 11.597755897228524
f inputs x:[[-0.11146266  0.48747905]] ev:{} outputs y:4.507975904544136 (n:-0.014324199502532256) c:1.0
num acquisition: 177, time elapsed: 38.70s
Optimization restart 1/5, f = 12.218895843421109
Optimization restart 2/5, f = 12.218895843393753
Optimization restart 3/5, f = 12.218895843404113
Optimization restart 4/5, f = 12.218895843404923
Optimization restart 5/5, f = 12.218895843412767
f inputs x:[[-0.36830953  0.76371576]] ev:{} outputs y:4.739451320185431 (n:0.10370495893775307) c:1.0
num acquisition: 178, time elapsed: 39.21s
Optimization restart 1/5, f = 12.754083303770528
Optimization restart 2/5, f = 12.754083303712065
Optimization restart 3/5, f = 12.754083303722155
Optimization restart 4/5, f = 12.75408330371748
Optimization restart 5/5, f = 12.754083303726986
f inputs x:[[0.43569158 0.38719078]] ev:{} outputs y:0.03634507589232512 (n:0.02378348056482697) c:1.0
num acquisition: 179, time elapsed: 39.72s
Optimization restart 1/5, f = 9.957299992382133
Optimization restart 2/5, f = 9.957299992291638
Optimization restart 3/5, f = 9.957299992198529
Optimization restart 4/5, f = 9.957299992245652
Optimization restart 5/5, f = 9.957299992238248
f inputs x:[[0.19538953 0.59546198]] ev:{} outputs y:4.7137509008129665 (n:-0.01883037368698378) c:1.0
num acquisition: 180, time elapsed: 40.15s
Optimization restart 1/5, f = 10.496184130707434
Optimization restart 2/5, f = 10.4961841307301
Optimization restart 3/5, f = 10.496184130696903
Optimization restart 4/5, f = 10.496184130701266
Optimization restart 5/5, f = 10.496184130708315
f inputs x:[[0.3547306  0.25745009]] ev:{} outputs y:0.03235756241246739 (n:-0.039810980397786834) c:1.0
num acquisition: 181, time elapsed: 40.59s
Optimization restart 1/5, f = 7.929024049397697
Optimization restart 2/5, f = 7.9290240493974125
Optimization restart 3/5, f = 7.929024049395792
Optimization restart 4/5, f = 7.929024049477931
Optimization restart 5/5, f = 7.929024049391018
f inputs x:[[-0.00941845  0.06132957]] ev:{} outputs y:1.2914762546921623 (n:0.008536777495636753) c:1.0
num acquisition: 182, time elapsed: 41.03s
Optimization restart 1/5, f = 7.58893178120023
Optimization restart 2/5, f = 7.588931781183518
Optimization restart 3/5, f = 7.588931781163268
Optimization restart 4/5, f = 7.588931781314116
Optimization restart 5/5, f = 7.588931781177749
f inputs x:[[0.43549237 0.38680756]] ev:{} outputs y:0.004726497262988221 (n:-0.00795862385478746) c:1.0
num acquisition: 183, time elapsed: 41.52s
Optimization restart 1/5, f = 4.866629011974638
Optimization restart 2/5, f = 4.866629011978418
Optimization restart 3/5, f = 4.86662901196749
Optimization restart 4/5, f = 4.866629012002349
Optimization restart 5/5, f = 4.866629011968399
f inputs x:[[-0.48697784  0.52336317]] ev:{} outputs y:1.6979395196039784 (n:-0.0221441671076777) c:1.0
num acquisition: 184, time elapsed: 41.97s
Optimization restart 1/5, f = 5.729270535889654
Optimization restart 2/5, f = 5.729270536035841
Optimization restart 3/5, f = 5.729270535885718
Optimization restart 4/5, f = 5.7292705358647
Optimization restart 5/5, f = 5.7292705358373155
f inputs x:[[0.35387318 0.25637719]] ev:{} outputs y:0.11363166369887581 (n:0.04058992677568003) c:1.0
num acquisition: 185, time elapsed: 42.45s
Optimization restart 1/5, f = 3.3494833138873332
Optimization restart 2/5, f = 3.349483313861427
Optimization restart 3/5, f = 3.349483313884633
Optimization restart 4/5, f = 3.3494833138845337
Optimization restart 5/5, f = 3.3494833138414606
f inputs x:[[0.43519757 0.38634714]] ev:{} outputs y:-0.026742773344766498 (n:-0.03947227739728279) c:1.0
num acquisition: 186, time elapsed: 42.99s
Optimization restart 1/5, f = 1.0278223130464426
Optimization restart 2/5, f = 1.027822313051189
Optimization restart 3/5, f = 1.027822313049711
Optimization restart 4/5, f = 1.027822313052127
Optimization restart 5/5, f = 1.0278223130723632
f inputs x:[[ 0.72670818 -0.51216779]] ev:{} outputs y:6.944157774290528 (n:-0.028051442746520962) c:1.0
num acquisition: 187, time elapsed: 43.49s
Optimization restart 1/5, f = 0.7508385650000093
Optimization restart 2/5, f = 0.7508385649905023
Optimization restart 3/5, f = 0.7508385649771014
Optimization restart 4/5, f = 0.7508385649786788
Optimization restart 5/5, f = 0.7508385650402545
f inputs x:[[0.43445958 0.38525278]] ev:{} outputs y:0.03416658110119415 (n:0.02137057401370318) c:1.0
num acquisition: 188, time elapsed: 44.10s
Optimization restart 1/5, f = -2.066150064730053
Optimization restart 2/5, f = -2.066150064741038
Optimization restart 3/5, f = -2.066150064764628
Optimization restart 4/5, f = -2.0661500647704685
Optimization restart 5/5, f = -2.0661500647830593
f inputs x:[[ 0.10765931 -0.16237338]] ev:{} outputs y:2.718164484623806 (n:-0.06286018919739987) c:1.0
num acquisition: 189, time elapsed: 44.58s
Optimization restart 1/5, f = -1.5097083467996981
Optimization restart 2/5, f = -1.5097083468311325
Optimization restart 3/5, f = -1.509708346763773
Optimization restart 4/5, f = -1.5097083468007924
Optimization restart 5/5, f = -1.5097083468163959
f inputs x:[[0.43483756 0.38581026]] ev:{} outputs y:-0.07050703607330985 (n:-0.0832666579403824) c:1.0
num acquisition: 190, time elapsed: 45.15s
Optimization restart 1/5, f = -2.817982435289963
Optimization restart 2/5, f = -2.817982435276434
Optimization restart 3/5, f = -2.8179824352856997
Optimization restart 4/5, f = -2.81798243525634
Optimization restart 5/5, f = -2.817982435267382
f inputs x:[[0.61100681 0.70347255]] ev:{} outputs y:0.978892177341179 (n:0.012175463346073917) c:1.0
num acquisition: 191, time elapsed: 45.60s
Optimization restart 1/5, f = -3.4738642906042543
Optimization restart 2/5, f = -3.473864290593596
Optimization restart 3/5, f = -3.47386429060559
Optimization restart 4/5, f = -3.4738642906023642
Optimization restart 5/5, f = -3.4738642905846717
f inputs x:[[0.43386352 0.38452907]] ev:{} outputs y:0.03755913070478014 (n:0.024816122675100912) c:1.0
num acquisition: 192, time elapsed: 46.10s
Optimization restart 1/5, f = -6.220495702510917
Optimization restart 2/5, f = -6.220495702527046
Optimization restart 3/5, f = -6.220495702502376
Optimization restart 4/5, f = -6.220495702537107
Optimization restart 5/5, f = -6.220495702506739
f inputs x:[[0.43441513 0.38529061]] ev:{} outputs y:0.02654070263867505 (n:0.01384681485109823) c:1.0
num acquisition: 193, time elapsed: 46.70s
Optimization restart 1/5, f = -9.031765898071967
Optimization restart 2/5, f = -9.031765898062247
Optimization restart 3/5, f = -9.031765898019941
Optimization restart 4/5, f = -9.031765898040092
Optimization restart 5/5, f = -9.031765898058836
f inputs x:[[0.43440194 0.3852099 ]] ev:{} outputs y:0.010875238434989746 (n:-0.001882810390247023) c:1.0
num acquisition: 194, time elapsed: 47.18s
Optimization restart 1/5, f = -11.847912658722507
Optimization restart 2/5, f = -11.847912658671135
Optimization restart 3/5, f = -11.847912658716353
Optimization restart 4/5, f = -11.847912658646848
Optimization restart 5/5, f = -11.847912658652888
f inputs x:[[0.35615631 0.25943464]] ev:{} outputs y:0.06639665419347575 (n:-0.004314298404424672) c:1.0
num acquisition: 195, time elapsed: 47.62s
Optimization restart 1/5, f = -14.658082669974846
Optimization restart 2/5, f = -14.658082669930536
Optimization restart 3/5, f = -14.658082669951455
Optimization restart 4/5, f = -14.65808266995333
Optimization restart 5/5, f = -14.658082669962127
f inputs x:[[0.43377408 0.38415747]] ev:{} outputs y:0.03721589134737193 (n:0.02424095874159389) c:1.0
num acquisition: 196, time elapsed: 48.08s
Optimization restart 1/5, f = -17.456185948831347
Optimization restart 2/5, f = -17.456185949129136
Optimization restart 3/5, f = -17.456185949527253
Optimization restart 4/5, f = -17.45618594952238
Optimization restart 5/5, f = -17.456185949506263
f inputs x:[[0.35604335 0.2595174 ]] ev:{} outputs y:0.141934169260439 (n:0.07115002880829806) c:1.0
num acquisition: 197, time elapsed: 48.57s
Optimization restart 1/5, f = -19.29109910861166
Optimization restart 2/5, f = -19.291099109024003
Optimization restart 3/5, f = -19.29109910908241
Optimization restart 4/5, f = -19.29109910904434
Optimization restart 5/5, f = -19.29109910902592
f inputs x:[[0.35913079 0.26313975]] ev:{} outputs y:-0.038399751789022746 (n:-0.10641394874134245) c:1.0
num acquisition: 198, time elapsed: 49.11s
Optimization restart 1/5, f = -20.02538983182862
Optimization restart 2/5, f = -20.025389831732653
Optimization restart 3/5, f = -20.02538983189163
Optimization restart 4/5, f = -20.025389831861077
Optimization restart 5/5, f = -20.025389831816668
f inputs x:[[0.43515175 0.38643927]] ev:{} outputs y:-0.025021051522552212 (n:-0.03756183174593068) c:1.0
num acquisition: 199, time elapsed: 49.68s
Optimization restart 1/5, f = -22.47622649335449
Optimization restart 2/5, f = -22.47622649332142
Optimization restart 3/5, f = -22.476226493286404
Optimization restart 4/5, f = -22.476226493308744
Optimization restart 5/5, f = -22.476226493316773
f inputs x:[[0.4350635  0.38633439]] ev:{} outputs y:-0.06194109308179101 (n:-0.07446266689793428) c:1.0
num acquisition: 200, time elapsed: 50.16s
Optimization restart 1/5, f = -24.20296043518043
Optimization restart 2/5, f = -24.202960435181254
Optimization restart 3/5, f = -24.20296043506616
Optimization restart 4/5, f = -24.202960435169956
Optimization restart 5/5, f = -24.202960435172955
f inputs x:[[0.37949855 0.81459741]] ev:{} outputs y:4.7851225572391165 (n:0.04621435516291475) c:1.0
num acquisition: 201, time elapsed: 50.70s
Optimization restart 1/5, f = -23.66185805535443
Optimization restart 2/5, f = -23.661858055316344
Optimization restart 3/5, f = -23.66185805533823
Optimization restart 4/5, f = -23.661858055342776
Optimization restart 5/5, f = -23.661858055393907
f inputs x:[[ 0.79495836 -0.07314808]] ev:{} outputs y:6.7805791298356635 (n:0.11408320699779351) c:1.0
num acquisition: 202, time elapsed: 51.28s
Optimization restart 1/5, f = -23.989310340240394
Optimization restart 2/5, f = -23.989310340190215
Optimization restart 3/5, f = -23.98931034001761
Optimization restart 4/5, f = -23.98931034004852
Optimization restart 5/5, f = -23.989310340276717
f inputs x:[[0.43505734 0.38649829]] ev:{} outputs y:-0.026672001914896163 (n:-0.03901894531285205) c:1.0
num acquisition: 203, time elapsed: 51.76s
Optimization restart 1/5, f = -26.49672496475688
Optimization restart 2/5, f = -26.496724960604894
Optimization restart 3/5, f = -26.49672496494499
Optimization restart 4/5, f = -26.496724965207463
Optimization restart 5/5, f = -26.4967249651811
f inputs x:[[0.35957492 0.26318059]] ev:{} outputs y:0.0491449933207853 (n:-0.019048367166634994) c:1.0
num acquisition: 204, time elapsed: 52.28s
Optimization restart 1/5, f = -29.22569910983603
Optimization restart 2/5, f = -29.225699109506223
Optimization restart 3/5, f = -29.225699109832163
Optimization restart 4/5, f = -29.22569910974775
Optimization restart 5/5, f = -29.225699109339757
f inputs x:[[-0.1836393   0.13263755]] ev:{} outputs y:1.5152997467655662 (n:-0.008301505029711156) c:1.0
num acquisition: 205, time elapsed: 52.76s
Optimization restart 1/5, f = -29.459057451888555
Optimization restart 2/5, f = -29.459057451945696
Optimization restart 3/5, f = -29.45905745196535
Optimization restart 4/5, f = -29.45905745123916
Optimization restart 5/5, f = -29.459057451979035
f inputs x:[[ 0.48012707 -0.80665685]] ev:{} outputs y:6.557537350306881 (n:0.025391448471815972) c:1.0
num acquisition: 206, time elapsed: 53.25s
Optimization restart 1/5, f = -29.642619742135494
Optimization restart 2/5, f = -29.642619742198747
Optimization restart 3/5, f = -29.642619742193318
Optimization restart 4/5, f = -29.642619742018553
Optimization restart 5/5, f = -29.642619742103903
f inputs x:[[0.43498394 0.38643857]] ev:{} outputs y:-0.0006393621898843505 (n:-0.012953852865826827) c:1.0
num acquisition: 207, time elapsed: 53.75s
Optimization restart 1/5, f = -32.41388195713465
Optimization restart 2/5, f = -32.41388195715709
Optimization restart 3/5, f = -32.4138819571332
Optimization restart 4/5, f = -32.41388195720543
Optimization restart 5/5, f = -32.413881957145435
f inputs x:[[0.43488228 0.38626236]] ev:{} outputs y:-0.06549579073202959 (n:-0.07785090935892967) c:1.0
num acquisition: 208, time elapsed: 54.25s
Optimization restart 1/5, f = -34.196853530935115
Optimization restart 2/5, f = -34.19685353078751
Optimization restart 3/5, f = -34.19685353101751
Optimization restart 4/5, f = -34.19685353087081
Optimization restart 5/5, f = -34.19685353061499
f inputs x:[[0.43469883 0.38614299]] ev:{} outputs y:0.040615068613132875 (n:0.028343058270381995) c:1.0
num acquisition: 209, time elapsed: 54.85s
Optimization restart 1/5, f = -36.83541734786442
Optimization restart 2/5, f = -36.835417347834735
Optimization restart 3/5, f = -36.835417347846786
Optimization restart 4/5, f = -36.835417347882924
Optimization restart 5/5, f = -36.83541734757806
f inputs x:[[0.4348219  0.38624333]] ev:{} outputs y:-0.011619077316841735 (n:-0.023926377574538093) c:1.0
num acquisition: 210, time elapsed: 55.47s
Optimization restart 1/5, f = -39.55417502341889
Optimization restart 2/5, f = -39.554175023429835
Optimization restart 3/5, f = -39.5541750230567
Optimization restart 4/5, f = -39.55417502340225
Optimization restart 5/5, f = -39.554175023361225
f inputs x:[[0.35938176 0.26306492]] ev:{} outputs y:0.10265557880842185 (n:0.03446949826094486) c:1.0
num acquisition: 211, time elapsed: 55.97s
Optimization restart 1/5, f = -42.09842786553209
Optimization restart 2/5, f = -42.098427867247196
Optimization restart 3/5, f = -42.09842786715345
Optimization restart 4/5, f = -42.09842786714712
Optimization restart 5/5, f = -42.098427867239806
f inputs x:[[0.35945062 0.26318635]] ev:{} outputs y:0.07899465175673674 (n:0.010900649236294992) c:1.0
num acquisition: 212, time elapsed: 56.51s
Optimization restart 1/5, f = -44.86412080813304
Optimization restart 2/5, f = -44.86412080820925
Optimization restart 3/5, f = -44.86412080817317
Optimization restart 4/5, f = -44.864120808155945
Optimization restart 5/5, f = -44.8641208082137
f inputs x:[[0.35931906 0.26312662]] ev:{} outputs y:0.04657370693999596 (n:-0.021510650183948325) c:1.0
num acquisition: 213, time elapsed: 57.05s
Optimization restart 1/5, f = -47.589903742282985
Optimization restart 2/5, f = -47.58990374258478
Optimization restart 3/5, f = -47.58990374258396
Optimization restart 4/5, f = -47.589903742657086
Optimization restart 5/5, f = -47.58990374263112
f inputs x:[[0.43451417 0.38569147]] ev:{} outputs y:0.0472150418952456 (n:0.03476782912833853) c:1.0
num acquisition: 214, time elapsed: 57.69s
Optimization restart 1/5, f = -50.166065397681706
Optimization restart 2/5, f = -50.16606539768358
Optimization restart 3/5, f = -50.166065397689536
Optimization restart 4/5, f = -50.16606539759205
Optimization restart 5/5, f = -50.16606539771951
f inputs x:[[0.43484726 0.38614745]] ev:{} outputs y:0.05520522081886979 (n:0.04278729418088775) c:1.0
num acquisition: 215, time elapsed: 58.28s
Optimization restart 1/5, f = -52.64203510043609
Optimization restart 2/5, f = -52.64203510044105
Optimization restart 3/5, f = -52.64203510045857
Optimization restart 4/5, f = -52.642035100443934
Optimization restart 5/5, f = -52.64203510041335
f inputs x:[[0.43501459 0.38635514]] ev:{} outputs y:-0.0613680989288548 (n:-0.07379884224376797) c:1.0
num acquisition: 216, time elapsed: 58.86s
Optimization restart 1/5, f = -54.46885922058405
Optimization restart 2/5, f = -54.468859220598716
Optimization restart 3/5, f = -54.46885922055888
Optimization restart 4/5, f = -54.46885922063751
Optimization restart 5/5, f = -54.468859220574075
f inputs x:[[0.43499156 0.38641834]] ev:{} outputs y:0.042730859333317626 (n:0.030389410166036992) c:1.0
num acquisition: 217, time elapsed: 59.41s
Optimization restart 1/5, f = -57.09760119024362
Optimization restart 2/5, f = -57.09760119016484
Optimization restart 3/5, f = -57.09760119026505
Optimization restart 4/5, f = -57.09760119015063
Optimization restart 5/5, f = -57.097601190237526
f inputs x:[[0.35912726 0.26300828]] ev:{} outputs y:0.0075678154633751216 (n:-0.060555253827531796) c:1.0
num acquisition: 218, time elapsed: 59.98s
Optimization restart 1/5, f = -59.275982329540966
Optimization restart 2/5, f = -59.27598232958486
Optimization restart 3/5, f = -59.27598232959453
Optimization restart 4/5, f = -59.27598232961154
Optimization restart 5/5, f = -59.27598232959487
f inputs x:[[0.43498717 0.38635624]] ev:{} outputs y:-0.07328393888946004 (n:-0.08567799620649386) c:1.0
num acquisition: 219, time elapsed: 60.55s
Optimization restart 1/5, f = -60.80603171800976
Optimization restart 2/5, f = -60.80603171799493
Optimization restart 3/5, f = -60.80603171797057
Optimization restart 4/5, f = -60.80603171786785
Optimization restart 5/5, f = -60.80603171797199
f inputs x:[[0.43496901 0.3864601 ]] ev:{} outputs y:0.08701539719154508 (n:0.07473584676196696) c:1.0
num acquisition: 220, time elapsed: 61.23s
Optimization restart 1/5, f = -62.53236084083096
Optimization restart 2/5, f = -62.532360840798134
Optimization restart 3/5, f = -62.53236084085259
Optimization restart 4/5, f = -62.5323608407586
Optimization restart 5/5, f = -62.532360840841946
f inputs x:[[0.43511227 0.3866145 ]] ev:{} outputs y:-0.08179850984696131 (n:-0.09410413034281773) c:1.0
num acquisition: 221, time elapsed: 61.80s
Optimization restart 1/5, f = -63.855780747166136
Optimization restart 2/5, f = -63.85578074665429
Optimization restart 3/5, f = -63.85578074710075
Optimization restart 4/5, f = -63.8557807471323
Optimization restart 5/5, f = -63.855780746987435
f inputs x:[[0.43526526 0.38702303]] ev:{} outputs y:-0.00281088185383036 (n:-0.014930959774043238) c:1.0
num acquisition: 222, time elapsed: 62.60s
Optimization restart 1/5, f = -66.60313417193318
Optimization restart 2/5, f = -66.6031341720195
Optimization restart 3/5, f = -66.60313417180399
Optimization restart 4/5, f = -66.60313417197281
Optimization restart 5/5, f = -66.60313417207905
f inputs x:[[0.43526678 0.3870144 ]] ev:{} outputs y:-0.00331287704769782 (n:-0.015441573362675902) c:1.0
num acquisition: 223, time elapsed: 63.30s
Optimization restart 1/5, f = -69.35635718801936
Optimization restart 2/5, f = -69.356357188034
Optimization restart 3/5, f = -69.35635718837702
Optimization restart 4/5, f = -69.35635718833325
Optimization restart 5/5, f = -69.35635718831475
f inputs x:[[-0.79695178 -0.38429319]] ev:{} outputs y:7.122897543371218 (n:0.03378160988983017) c:1.0
num acquisition: 224, time elapsed: 63.86s
Optimization restart 1/5, f = -69.97371137838718
Optimization restart 2/5, f = -69.97371137580367
Optimization restart 3/5, f = -69.97371137843545
Optimization restart 4/5, f = -69.97371137837803
Optimization restart 5/5, f = -69.97371137842973
f inputs x:[[0.35947488 0.26307412]] ev:{} outputs y:0.12892062747861477 (n:0.06067733590254511) c:1.0
num acquisition: 225, time elapsed: 64.54s
Optimization restart 1/5, f = -72.01842108055473
Optimization restart 2/5, f = -72.01842107985244
Optimization restart 3/5, f = -72.0184210805314
Optimization restart 4/5, f = -72.01842108046647
Optimization restart 5/5, f = -72.01842108044677
f inputs x:[[0.43531787 0.38711741]] ev:{} outputs y:-0.05665853051535978 (n:-0.06875503749285429) c:1.0
num acquisition: 226, time elapsed: 65.23s
Optimization restart 1/5, f = -74.09285269781583
Optimization restart 2/5, f = -74.09285269782572
Optimization restart 3/5, f = -74.09285269792659
Optimization restart 4/5, f = -74.09285269781779
Optimization restart 5/5, f = -74.09285269741281
f inputs x:[[0.43556388 0.38762317]] ev:{} outputs y:-0.08288137252708205 (n:-0.09481747845968781) c:1.0
num acquisition: 227, time elapsed: 65.92s
Optimization restart 1/5, f = -75.55026545167009
Optimization restart 2/5, f = -75.5502654476735
Optimization restart 3/5, f = -75.55026545154882
Optimization restart 4/5, f = -75.55026545156083
Optimization restart 5/5, f = -75.55026545122783
f inputs x:[[-0.13529017  1.        ]] ev:{} outputs y:5.979456035127038 (n:0.010222702217884756) c:1.0
num acquisition: 228, time elapsed: 66.59s
Optimization restart 1/5, f = -75.6075515473677
Optimization restart 2/5, f = -75.60755154835752
Optimization restart 3/5, f = -75.607551548367
Optimization restart 4/5, f = -75.60755154833242
Optimization restart 5/5, f = -75.6075515479263
f inputs x:[[0.29719386 0.16808692]] ev:{} outputs y:0.28538581448941186 (n:0.08499277446758403) c:1.0
num acquisition: 229, time elapsed: 67.33s
Optimization restart 1/5, f = -75.93550063186856
Optimization restart 2/5, f = -75.93550063188374
Optimization restart 3/5, f = -75.93550063231999
Optimization restart 4/5, f = -75.93550063235111
Optimization restart 5/5, f = -75.93550063229858
f inputs x:[[0.43612855 0.38870337]] ev:{} outputs y:-0.03006079181845439 (n:-0.041698872164921866) c:1.0
num acquisition: 230, time elapsed: 68.04s
Optimization restart 1/5, f = -78.50652936174782
Optimization restart 2/5, f = -78.5065293616598
Optimization restart 3/5, f = -78.50652936083675
Optimization restart 4/5, f = -78.50652936171845
Optimization restart 5/5, f = -78.50652936167644
f inputs x:[[ 0.00732975 -0.64881229]] ev:{} outputs y:5.259438443160558 (n:0.07433223912081509) c:1.0
num acquisition: 231, time elapsed: 68.69s
Optimization restart 1/5, f = -78.32575599354104
Optimization restart 2/5, f = -78.32575599345887
Optimization restart 3/5, f = -78.32575599214027
Optimization restart 4/5, f = -78.32575599359907
Optimization restart 5/5, f = -78.32575599336289
f inputs x:[[0.3612742 0.2657045]] ev:{} outputs y:0.04960195014220083 (n:-0.016868305395584142) c:1.0
num acquisition: 232, time elapsed: 69.37s
Optimization restart 1/5, f = -81.01670051009813
Optimization restart 2/5, f = -81.01670050801444
Optimization restart 3/5, f = -81.01670051008159
Optimization restart 4/5, f = -81.01670051019093
Optimization restart 5/5, f = -81.01670050948123
f inputs x:[[0.43648229 0.3893372 ]] ev:{} outputs y:0.0470136499935497 (n:0.0355291965137233) c:1.0
num acquisition: 233, time elapsed: 70.05s
Optimization restart 1/5, f = -83.44797345789874
Optimization restart 2/5, f = -83.44797345785025
Optimization restart 3/5, f = -83.44797345789357
Optimization restart 4/5, f = -83.44797345650991
Optimization restart 5/5, f = -83.44797345786549
f inputs x:[[0.43579161 0.38808934]] ev:{} outputs y:0.040375051705344424 (n:0.028582113909159147) c:1.0
num acquisition: 234, time elapsed: 70.75s
Optimization restart 1/5, f = -85.98886178234683
Optimization restart 2/5, f = -85.98886178244413
Optimization restart 3/5, f = -85.98886178141974
Optimization restart 4/5, f = -85.98886178242526
Optimization restart 5/5, f = -85.98886178254742
f inputs x:[[0.43547768 0.38749977]] ev:{} outputs y:-0.038064989659192576 (n:-0.050016136071102) c:1.0
num acquisition: 235, time elapsed: 71.51s
Optimization restart 1/5, f = -88.44854945437388
Optimization restart 2/5, f = -88.44854945393314
Optimization restart 3/5, f = -88.44854945429367
Optimization restart 4/5, f = -88.44854945441494
Optimization restart 5/5, f = -88.44854945433592
f inputs x:[[0.43564778 0.38783401]] ev:{} outputs y:0.07881007185646668 (n:0.06695543006881827) c:1.0
num acquisition: 236, time elapsed: 72.23s
Optimization restart 1/5, f = -90.25205439727534
Optimization restart 2/5, f = -90.25205439723655
Optimization restart 3/5, f = -90.25205439720372
Optimization restart 4/5, f = -90.25205439732193
Optimization restart 5/5, f = -90.25205439729251
f inputs x:[[ 0.2295914  -0.14173972]] ev:{} outputs y:3.3737817408375155 (n:0.06210724892028812) c:1.0
num acquisition: 237, time elapsed: 72.96s
Optimization restart 1/5, f = -89.90331068959603
Optimization restart 2/5, f = -89.90331191271608
Optimization restart 3/5, f = -89.90331191264806
Optimization restart 4/5, f = -89.90331191269537
Optimization restart 5/5, f = -89.90331191246264
f inputs x:[[0.43520203 0.38703146]] ev:{} outputs y:0.023090455582475976 (n:0.011035153256361497) c:1.0
num acquisition: 238, time elapsed: 73.74s
Optimization restart 1/5, f = -92.61404315141951
Optimization restart 2/5, f = -92.61404315158677
Optimization restart 3/5, f = -92.61404315099247
Optimization restart 4/5, f = -92.61404315151148
Optimization restart 5/5, f = -92.61404315154194
f inputs x:[[0.43516446 0.38692358]] ev:{} outputs y:0.00815952285627319 (n:-0.0039422106339893305) c:1.0
num acquisition: 239, time elapsed: 74.48s
Optimization restart 1/5, f = -95.38281433001546
Optimization restart 2/5, f = -95.38281433158461
Optimization restart 3/5, f = -95.38281433167035
Optimization restart 4/5, f = -95.3828143316374
Optimization restart 5/5, f = -95.38281433162163
f inputs x:[[-0.05852621 -0.05307784]] ev:{} outputs y:1.3931315272080949 (n:0.06639648856506039) c:1.0
num acquisition: 240, time elapsed: 75.17s
Optimization restart 1/5, f = -95.75124325190455
Optimization restart 2/5, f = -95.75124325316776
Optimization restart 3/5, f = -95.7512432528608
Optimization restart 4/5, f = -95.75124325307425
Optimization restart 5/5, f = -95.75124325315211
f inputs x:[[0.43515985 0.38691006]] ev:{} outputs y:-0.04423014183631389 (n:-0.05633788681205949) c:1.0
num acquisition: 241, time elapsed: 75.93s
Optimization restart 1/5, f = -98.08781901866875
Optimization restart 2/5, f = -98.08781901613533
Optimization restart 3/5, f = -98.08781901858944
Optimization restart 4/5, f = -98.08781901866668
Optimization restart 5/5, f = -98.0878190186374
f inputs x:[[-0.81769395  0.14647168]] ev:{} outputs y:6.397689196247475 (n:-0.05652388101027961) c:1.0
num acquisition: 242, time elapsed: 76.61s
Optimization restart 1/5, f = -98.36972435538844
Optimization restart 2/5, f = -98.36972435539009
Optimization restart 3/5, f = -98.36972435540358
Optimization restart 4/5, f = -98.369724354764
Optimization restart 5/5, f = -98.36972435546728
f inputs x:[[0.43517834 0.38701331]] ev:{} outputs y:0.04568779568759883 (n:0.033639019794914814) c:1.0
num acquisition: 243, time elapsed: 77.41s
Optimization restart 1/5, f = -100.85051248886022
Optimization restart 2/5, f = -100.85051248962324
Optimization restart 3/5, f = -100.8505124887892
Optimization restart 4/5, f = -100.85051248966775
Optimization restart 5/5, f = -100.85051248453505
f inputs x:[[0.36136847 0.26589162]] ev:{} outputs y:0.0484942479906516 (n:-0.017823223907834494) c:1.0
num acquisition: 244, time elapsed: 78.12s
Optimization restart 1/5, f = -103.54684695599016
Optimization restart 2/5, f = -103.54684695599127
Optimization restart 3/5, f = -103.5468469555546
Optimization restart 4/5, f = -103.5468469560273
Optimization restart 5/5, f = -103.5468469559967
f inputs x:[[0.6515822  0.88315924]] ev:{} outputs y:0.18342772776564673 (n:0.009362470348382328) c:1.0
num acquisition: 245, time elapsed: 78.99s
Optimization restart 1/5, f = -103.70412487748337
Optimization restart 2/5, f = -103.70412487765716
Optimization restart 3/5, f = -103.70412487735021
Optimization restart 4/5, f = -103.70412487750957
Optimization restart 5/5, f = -103.70412487739651
[0.43556388 0.38762317]
