INFO:GP:initializing Y
INFO:GP:initializing inference method
INFO:GP:adding kernel and likelihood as parameters
removed robo import in opts.py l17 due to theano errors
f inputs x:[[-0.08211245 -0.67227292]] ev:{} outputs y:5.227953281389125 (n:-0.06933237667627493) c:1.0
f inputs x:[[-0.04529748 -0.88309866]] ev:{} outputs y:5.8166686142058435 (n:0.010290782187381636) c:1.0
f inputs x:[[ 0.83639385 -0.3949111 ]] ev:{} outputs y:7.197148299970133 (n:-0.04883156352651927) c:1.0
f inputs x:[[-0.5428389   0.79554342]] ev:{} outputs y:3.1362033834429486 (n:0.09504347652167294) c:1.0
f inputs x:[[-0.49213867  0.89412766]] ev:{} outputs y:4.2521289910464874 (n:-0.01763655519575449) c:1.0
Using a model defined by the used.
Optimization restart 1/5, f = 6.407624308314116
Optimization restart 2/5, f = 6.407624308311201
Optimization restart 3/5, f = 6.6262524751273695
Optimization restart 4/5, f = 6.4076243083102895
Optimization restart 5/5, f = 6.407624308330924
f inputs x:[[-0.74198771  0.57430099]] ev:{} outputs y:4.921562293494964 (n:0.011008983092892775) c:1.0
num acquisition: 1, time elapsed: 0.13s
Optimization restart 1/5, f = 7.99014657760509
Optimization restart 2/5, f = 8.052987429995483
Optimization restart 3/5, f = 7.990146577531197
Optimization restart 4/5, f = 7.990146577754014
Optimization restart 5/5, f = 8.052997154352916
f inputs x:[[-0.4360447   0.88504018]] ev:{} outputs y:4.616113632982154 (n:-0.06251085054382773) c:1.0
num acquisition: 2, time elapsed: 0.22s
Optimization restart 1/5, f = 9.236801197139512
Optimization restart 2/5, f = 9.236801197198274
Optimization restart 3/5, f = 9.236801197162587
Optimization restart 4/5, f = 8.63221232441856
Optimization restart 5/5, f = 9.236801197133275
f inputs x:[[-0.61901393  0.78362892]] ev:{} outputs y:1.8047439021074125 (n:-0.01059753627002665) c:1.0
num acquisition: 3, time elapsed: 0.37s
Optimization restart 1/5, f = 9.685216532040286
Optimization restart 2/5, f = 10.954128583689652
Optimization restart 3/5, f = 9.68521735773504
Optimization restart 4/5, f = 9.685216541207822
Optimization restart 5/5, f = 9.68521650141173
f inputs x:[[-0.67968856  0.81139078]] ev:{} outputs y:2.6270849495617754 (n:-0.035692907517569476) c:1.0
num acquisition: 4, time elapsed: 0.51s
Optimization restart 1/5, f = 10.319404564219454
Optimization restart 2/5, f = 10.319404571024954
Optimization restart 3/5, f = 10.31940457566516
Optimization restart 4/5, f = 10.31940459230697
Optimization restart 5/5, f = 12.030799307538103
f inputs x:[[-0.62838665  0.73795004]] ev:{} outputs y:2.1219944740816095 (n:0.002231703054165208) c:1.0
num acquisition: 5, time elapsed: 0.69s
Optimization restart 1/5, f = 10.321609223520284
Optimization restart 2/5, f = 10.321636620694676
Optimization restart 3/5, f = 13.172878033032013
Optimization restart 4/5, f = 10.321620417254088
Optimization restart 5/5, f = 13.172878033036715
f inputs x:[[0.94319591 0.98922458]] ev:{} outputs y:5.565983071282642 (n:-0.11318707276814399) c:1.0
num acquisition: 6, time elapsed: 0.75s
Optimization restart 1/5, f = 11.401066116945879
Optimization restart 2/5, f = 11.401066127843027
Optimization restart 3/5, f = 11.401066122657753
Optimization restart 4/5, f = 14.366489291573416
Optimization restart 5/5, f = 11.401066197631458
f inputs x:[[-0.98053055 -0.45210762]] ev:{} outputs y:7.873400853858838 (n:0.06194987513036834) c:1.0
num acquisition: 7, time elapsed: 0.84s
Optimization restart 1/5, f = 12.320426026342087
Optimization restart 2/5, f = 12.310688640666308
Optimization restart 3/5, f = 12.310688642078942
Optimization restart 4/5, f = 12.3106886408033
Optimization restart 5/5, f = 12.310688640668781
f inputs x:[[0.1800716  0.31729145]] ev:{} outputs y:3.482091012190501 (n:0.15711148213857695) c:1.0
num acquisition: 8, time elapsed: 0.95s
Optimization restart 1/5, f = 13.908960089264877
Optimization restart 2/5, f = 13.90896008924702
Optimization restart 3/5, f = 13.90896008933323
Optimization restart 4/5, f = 13.908960089246536
Optimization restart 5/5, f = 13.908960089246971
f inputs x:[[-0.62464794  0.77707035]] ev:{} outputs y:1.9380463315674576 (n:0.08195994973480765) c:1.0
num acquisition: 9, time elapsed: 1.16s
Optimization restart 1/5, f = 12.576119262111577
Optimization restart 2/5, f = 12.576119262763942
Optimization restart 3/5, f = 12.576119262117295
Optimization restart 4/5, f = 12.57611926209306
Optimization restart 5/5, f = 12.576119262098462
f inputs x:[[0.29212744 0.53718085]] ev:{} outputs y:3.9257457533595015 (n:-0.10404431542323718) c:1.0
num acquisition: 10, time elapsed: 1.31s
Optimization restart 1/5, f = 13.96698026316717
Optimization restart 2/5, f = 13.966980263254388
Optimization restart 3/5, f = 13.966980263169877
Optimization restart 4/5, f = 13.96698026319079
Optimization restart 5/5, f = 13.966980263166914
f inputs x:[[0.41029414 0.23575167]] ev:{} outputs y:1.7413486143127972 (n:-0.052041687080292144) c:1.0
num acquisition: 11, time elapsed: 1.43s
Optimization restart 1/5, f = 15.733155577027212
Optimization restart 2/5, f = 15.733155577029068
Optimization restart 3/5, f = 15.733155577149512
Optimization restart 4/5, f = 15.733155577027414
Optimization restart 5/5, f = 15.733155577026215
f inputs x:[[0.38874116 0.1367299 ]] ev:{} outputs y:2.578651992826577 (n:-0.028498290960108474) c:1.0
num acquisition: 12, time elapsed: 1.59s
Optimization restart 1/5, f = 16.647650499690364
Optimization restart 2/5, f = 16.647650499696145
Optimization restart 3/5, f = 16.64765049971073
Optimization restart 4/5, f = 16.64765050035969
Optimization restart 5/5, f = 16.64765049974468
f inputs x:[[0.51145968 0.26642023]] ev:{} outputs y:3.331279957234019 (n:-0.11630760646962959) c:1.0
num acquisition: 13, time elapsed: 1.73s
Optimization restart 1/5, f = 18.083725704628428
Optimization restart 2/5, f = 18.083725703356436
Optimization restart 3/5, f = 18.083725702810433
Optimization restart 4/5, f = 18.083725703124635
Optimization restart 5/5, f = 18.083725702811364
f inputs x:[[0.34922011 0.258883  ]] ev:{} outputs y:0.16408758984002217 (n:0.05434230440212439) c:1.0
num acquisition: 14, time elapsed: 1.87s
Optimization restart 1/5, f = 19.481266599927707
Optimization restart 2/5, f = 19.481266600298113
Optimization restart 3/5, f = 19.48126660011134
Optimization restart 4/5, f = 19.481266599921618
Optimization restart 5/5, f = 19.481266600024576
f inputs x:[[0.33373068 0.2984058 ]] ev:{} outputs y:1.1161671522552148 (n:-0.038663102685529444) c:1.0
num acquisition: 15, time elapsed: 2.01s
Optimization restart 1/5, f = 20.18201127668138
Optimization restart 2/5, f = 20.182011276663694
Optimization restart 3/5, f = 20.182011276678622
Optimization restart 4/5, f = 20.1820112766828
Optimization restart 5/5, f = 20.182011276668483
f inputs x:[[0.31722888 0.2278145 ]] ev:{} outputs y:0.32406131584686904 (n:0.0460409921153174) c:1.0
num acquisition: 16, time elapsed: 2.18s
Optimization restart 1/5, f = 19.723522905748087
Optimization restart 2/5, f = 19.723522905756177
Optimization restart 3/5, f = 19.72352290579705
Optimization restart 4/5, f = 19.723522905985632
Optimization restart 5/5, f = 19.723522905768263
f inputs x:[[0.19267    0.08595925]] ev:{} outputs y:0.27993345060048613 (n:-0.06217589451366493) c:1.0
num acquisition: 17, time elapsed: 2.32s
Optimization restart 1/5, f = 21.37763862681488
Optimization restart 2/5, f = 21.377638626778968
Optimization restart 3/5, f = 21.377638626771947
Optimization restart 4/5, f = 21.37763862677805
Optimization restart 5/5, f = 21.37763862677727
f inputs x:[[0.13739804 0.01345542]] ev:{} outputs y:0.5859308749791913 (n:0.007686555199399399) c:1.0
num acquisition: 18, time elapsed: 2.46s
Optimization restart 1/5, f = 21.92268889661176
Optimization restart 2/5, f = 21.922688896347086
Optimization restart 3/5, f = 21.922688896251913
Optimization restart 4/5, f = 21.922688896107104
Optimization restart 5/5, f = 21.922688896096673
f inputs x:[[0.09924283 0.09823359]] ev:{} outputs y:1.5019034095631183 (n:0.06903063077740383) c:1.0
num acquisition: 19, time elapsed: 2.61s
Optimization restart 1/5, f = 22.757517940498822
Optimization restart 2/5, f = 22.757517940562334
Optimization restart 3/5, f = 22.75751794062398
Optimization restart 4/5, f = 22.757517940501224
Optimization restart 5/5, f = 22.75751794092818
f inputs x:[[0.22318113 0.00131765]] ev:{} outputs y:1.6586930540129867 (n:-0.05463529773015572) c:1.0
num acquisition: 20, time elapsed: 2.75s
Optimization restart 1/5, f = 23.954107443138255
Optimization restart 2/5, f = 23.954107443351326
Optimization restart 3/5, f = 23.954107443140053
Optimization restart 4/5, f = 23.954107443162503
Optimization restart 5/5, f = 24.774422718524796
f inputs x:[[ 0.0007329  -0.12941155]] ev:{} outputs y:2.1922564630715313 (n:-0.007350459383649899) c:1.0
num acquisition: 21, time elapsed: 2.88s
Optimization restart 1/5, f = 25.321565025937645
Optimization restart 2/5, f = 25.3215650259057
Optimization restart 3/5, f = 25.32156502590075
Optimization restart 4/5, f = 25.321565025895257
Optimization restart 5/5, f = 25.321565025894778
f inputs x:[[0.24830036 0.16076744]] ev:{} outputs y:0.6050597502103725 (n:0.05069367950043762) c:1.0
num acquisition: 22, time elapsed: 3.01s
Optimization restart 1/5, f = 25.231759734933107
Optimization restart 2/5, f = 25.231759734938095
Optimization restart 3/5, f = 25.231759735450673
Optimization restart 4/5, f = 25.23175973493258
Optimization restart 5/5, f = 25.231759734932524
f inputs x:[[ 1. -1.]] ev:{} outputs y:8.305242633983095 (n:0.03683541176555349) c:1.0
num acquisition: 23, time elapsed: 3.12s
Optimization restart 1/5, f = 25.31177634135755
Optimization restart 2/5, f = 25.311776343505244
Optimization restart 3/5, f = 25.311776341376714
Optimization restart 4/5, f = 25.31177634136421
Optimization restart 5/5, f = 25.31177634137449
f inputs x:[[0.24005501 1.        ]] ev:{} outputs y:5.695732023145885 (n:-0.09584592226543465) c:1.0
num acquisition: 24, time elapsed: 3.25s
Optimization restart 1/5, f = 26.359586349836313
Optimization restart 2/5, f = 26.359586348949904
Optimization restart 3/5, f = 26.359586348953062
Optimization restart 4/5, f = 26.35958634903574
Optimization restart 5/5, f = 26.359586348944745
f inputs x:[[-0.68600893 -1.        ]] ev:{} outputs y:7.3729876639627285 (n:-0.019863571044117248) c:1.0
num acquisition: 25, time elapsed: 3.36s
Optimization restart 1/5, f = 26.866445425107997
Optimization restart 2/5, f = 26.8664454251766
Optimization restart 3/5, f = 26.86644542510626
Optimization restart 4/5, f = 26.866445425117405
Optimization restart 5/5, f = 26.866445425122762
f inputs x:[[-0.40657439 -0.05564229]] ev:{} outputs y:4.287271388682868 (n:0.04551857024057021) c:1.0
num acquisition: 26, time elapsed: 3.49s
Optimization restart 1/5, f = 28.236403637024335
Optimization restart 2/5, f = 28.236403637184885
Optimization restart 3/5, f = 28.236403637025646
Optimization restart 4/5, f = 28.236403637120674
Optimization restart 5/5, f = 28.23640363749348
f inputs x:[[0.30363587 0.22023983]] ev:{} outputs y:0.41704504590080926 (n:-0.025844575161488977) c:1.0
num acquisition: 27, time elapsed: 3.62s
Optimization restart 1/5, f = 27.3616833458233
Optimization restart 2/5, f = 27.361683346438806
Optimization restart 3/5, f = 27.361683345784783
Optimization restart 4/5, f = 27.36168334572594
Optimization restart 5/5, f = 27.361683346696495
f inputs x:[[1.        0.3926565]] ev:{} outputs y:7.126834874586029 (n:0.07809614448956075) c:1.0
num acquisition: 28, time elapsed: 3.75s
Optimization restart 1/5, f = 28.000059157134082
Optimization restart 2/5, f = 28.00005915709071
Optimization restart 3/5, f = 28.000059158583923
Optimization restart 4/5, f = 28.000059157233714
Optimization restart 5/5, f = 28.000059157107735
f inputs x:[[0.30560018 0.22172558]] ev:{} outputs y:0.5031682458178562 (n:0.07847412685772452) c:1.0
num acquisition: 29, time elapsed: 3.91s
Optimization restart 1/5, f = 27.059102458220128
Optimization restart 2/5, f = 27.059102458072903
Optimization restart 3/5, f = 27.05910245846257
Optimization restart 4/5, f = 26.77335076508263
Optimization restart 5/5, f = 27.05910245808162
f inputs x:[[-1.          0.14314636]] ev:{} outputs y:7.4278358782015355 (n:0.09338915552311401) c:1.0
num acquisition: 30, time elapsed: 4.04s
Optimization restart 1/5, f = 27.49861280061429
Optimization restart 2/5, f = 27.422600084569495
Optimization restart 3/5, f = 27.422600085388062
Optimization restart 4/5, f = 27.42260008483929
Optimization restart 5/5, f = 27.42260008456946
f inputs x:[[ 0.40388241 -1.        ]] ev:{} outputs y:6.597605087230976 (n:-0.019142750546040945) c:1.0
num acquisition: 31, time elapsed: 4.13s
Optimization restart 1/5, f = 28.099850013698166
Optimization restart 2/5, f = 28.099849972291533
Optimization restart 3/5, f = 28.099849972292297
Optimization restart 4/5, f = 28.09984997242437
Optimization restart 5/5, f = 28.099849972293754
f inputs x:[[0.30223165 0.21842444]] ev:{} outputs y:0.43039700756501115 (n:-0.01266022654857266) c:1.0
num acquisition: 32, time elapsed: 4.27s
Optimization restart 1/5, f = 26.96649835086226
Optimization restart 2/5, f = 26.9664983508751
Optimization restart 3/5, f = 26.966498350849935
Optimization restart 4/5, f = 26.9664983508537
Optimization restart 5/5, f = 26.966498350941702
f inputs x:[[0.30904437 0.22451307]] ev:{} outputs y:0.38092020656148895 (n:-0.014726558603839774) c:1.0
num acquisition: 33, time elapsed: 4.41s
Optimization restart 1/5, f = 23.943212057835776
Optimization restart 2/5, f = 23.943212056984414
Optimization restart 3/5, f = 23.94321205698338
Optimization restart 4/5, f = 23.943212057025654
Optimization restart 5/5, f = 23.943212056968836
f inputs x:[[ 0.17104892 -0.33624944]] ev:{} outputs y:4.140972682984524 (n:-0.0674702206255761) c:1.0
num acquisition: 34, time elapsed: 4.57s
Optimization restart 1/5, f = 25.23587913601185
Optimization restart 2/5, f = 25.235879136999838
Optimization restart 3/5, f = 25.235879136024412
Optimization restart 4/5, f = 25.235879136010947
Optimization restart 5/5, f = 25.235879136013654
f inputs x:[[-0.29417788  0.38914283]] ev:{} outputs y:3.0720606512201023 (n:-0.037106861394687884) c:1.0
num acquisition: 35, time elapsed: 4.72s
Optimization restart 1/5, f = 26.725003625598738
Optimization restart 2/5, f = 26.725003625887926
Optimization restart 3/5, f = 26.725003625647197
Optimization restart 4/5, f = 26.72500362559905
Optimization restart 5/5, f = 26.72500362569529
f inputs x:[[-1.  1.]] ev:{} outputs y:6.218132847297295 (n:0.06337584110430379) c:1.0
num acquisition: 36, time elapsed: 4.83s
Optimization restart 1/5, f = 27.667582198460625
Optimization restart 2/5, f = 27.66758219844795
Optimization restart 3/5, f = 27.667582198444954
Optimization restart 4/5, f = 27.667582198839717
Optimization restart 5/5, f = 27.667582198450397
f inputs x:[[-0.09340051  0.6253222 ]] ev:{} outputs y:5.044960980586521 (n:-0.012495726370865861) c:1.0
num acquisition: 37, time elapsed: 4.96s
Optimization restart 1/5, f = 28.792087835239236
Optimization restart 2/5, f = 28.792087835240903
Optimization restart 3/5, f = 28.792087835239702
Optimization restart 4/5, f = 28.79208783636769
Optimization restart 5/5, f = 28.79208783540832
f inputs x:[[-0.41147598 -0.43337359]] ev:{} outputs y:5.468144863052539 (n:-0.09122499018360532) c:1.0
num acquisition: 38, time elapsed: 5.10s
Optimization restart 1/5, f = 29.820605668182004
Optimization restart 2/5, f = 29.82060566817958
Optimization restart 3/5, f = 29.82060566822839
Optimization restart 4/5, f = 29.820605668709966
Optimization restart 5/5, f = 29.82060566823801
f inputs x:[[0.58954912 0.65820981]] ev:{} outputs y:0.823190633752853 (n:0.012944843492493611) c:1.0
num acquisition: 39, time elapsed: 5.26s
Optimization restart 1/5, f = 31.771044011059644
Optimization restart 2/5, f = 31.77104401103633
Optimization restart 3/5, f = 31.771044011041422
Optimization restart 4/5, f = 31.771044011048872
Optimization restart 5/5, f = 31.771044011150625
f inputs x:[[0.58290197 0.78482506]] ev:{} outputs y:1.3827730363843957 (n:-0.08909277465933271) c:1.0
num acquisition: 40, time elapsed: 5.42s
Optimization restart 1/5, f = 32.83914950609977
Optimization restart 2/5, f = 32.83914950609119
Optimization restart 3/5, f = 32.83914950609086
Optimization restart 4/5, f = 32.839149506234776
Optimization restart 5/5, f = 32.839149506873596
f inputs x:[[0.70412937 0.6941295 ]] ev:{} outputs y:3.78906720499294 (n:-0.00609316419606085) c:1.0
num acquisition: 41, time elapsed: 5.60s
Optimization restart 1/5, f = 34.55440764413223
Optimization restart 2/5, f = 34.55440764421185
Optimization restart 3/5, f = 34.55440764381447
Optimization restart 4/5, f = 34.554407643825876
Optimization restart 5/5, f = 34.554407644143666
f inputs x:[[0.49216158 0.68701898]] ev:{} outputs y:2.8188047252115442 (n:0.028088224730211858) c:1.0
num acquisition: 42, time elapsed: 5.79s
Optimization restart 1/5, f = 36.57012650142668
Optimization restart 2/5, f = 36.57012650148816
Optimization restart 3/5, f = 36.57012650140298
Optimization restart 4/5, f = 36.57012650145785
Optimization restart 5/5, f = 36.5701265014095
f inputs x:[[0.5835456 0.5273807]] ev:{} outputs y:2.587819388419603 (n:0.01050010091179129) c:1.0
num acquisition: 43, time elapsed: 5.95s
Optimization restart 1/5, f = 37.80165086716363
Optimization restart 2/5, f = 37.80165086717758
Optimization restart 3/5, f = 37.80165086716279
Optimization restart 4/5, f = 37.80165086820929
Optimization restart 5/5, f = 37.8016508671748
f inputs x:[[0.5870217 1.       ]] ev:{} outputs y:3.616684910288517 (n:-0.003956456843913302) c:1.0
num acquisition: 44, time elapsed: 6.09s
Optimization restart 1/5, f = 39.124071633418865
Optimization restart 2/5, f = 39.12407163341052
Optimization restart 3/5, f = 39.12407163341307
Optimization restart 4/5, f = 39.12407163340988
Optimization restart 5/5, f = 39.1240716336677
f inputs x:[[-0.12161206  0.02921879]] ev:{} outputs y:0.9273636892017774 (n:-0.012891554013435955) c:1.0
num acquisition: 45, time elapsed: 6.28s
Optimization restart 1/5, f = 40.772394273349775
Optimization restart 2/5, f = 40.77239421524172
Optimization restart 3/5, f = 40.772394215240716
Optimization restart 4/5, f = 40.77239421627418
Optimization restart 5/5, f = 40.772394215593636
f inputs x:[[-0.19289337  0.15135402]] ev:{} outputs y:1.5857416366391868 (n:-0.08479934248896488) c:1.0
num acquisition: 46, time elapsed: 6.46s
Optimization restart 1/5, f = 41.93575111754201
Optimization restart 2/5, f = 41.935751117730526
Optimization restart 3/5, f = 41.93575111754119
Optimization restart 4/5, f = 41.93575111770849
Optimization restart 5/5, f = 41.9357511175366
f inputs x:[[-0.00337146  0.00173658]] ev:{} outputs y:0.6938543862077633 (n:-0.006808670966366935) c:1.0
num acquisition: 47, time elapsed: 6.62s
Optimization restart 1/5, f = 42.42353406004197
Optimization restart 2/5, f = 42.42353406004163
Optimization restart 3/5, f = 42.42353406012823
Optimization restart 4/5, f = 42.42353406017706
Optimization restart 5/5, f = 42.423534060154296
f inputs x:[[-0.47030936  0.2354879 ]] ev:{} outputs y:3.2031468588758947 (n:-0.00356834505180327) c:1.0
num acquisition: 48, time elapsed: 6.76s
Optimization restart 1/5, f = 43.80552023295637
Optimization restart 2/5, f = 43.805520232944495
Optimization restart 3/5, f = 43.805520232944836
Optimization restart 4/5, f = 43.80552023294565
Optimization restart 5/5, f = 43.80552023295605
f inputs x:[[-0.16025443 -0.08746813]] ev:{} outputs y:2.3552730521446077 (n:-0.04193556632078827) c:1.0
num acquisition: 49, time elapsed: 6.91s
Optimization restart 1/5, f = 44.831544056104434
Optimization restart 2/5, f = 44.831544056099986
Optimization restart 3/5, f = 44.831544056099744
Optimization restart 4/5, f = 44.83154405609791
Optimization restart 5/5, f = 44.83154405611556
f inputs x:[[ 1.         -0.02135302]] ev:{} outputs y:7.505845181979567 (n:0.011307987949286029) c:1.0
num acquisition: 50, time elapsed: 7.04s
Optimization restart 1/5, f = 45.2147153836696
Optimization restart 2/5, f = 45.2147153807857
Optimization restart 3/5, f = 45.2147153811522
Optimization restart 4/5, f = 45.214715387196435
Optimization restart 5/5, f = 45.214715380778145
f inputs x:[[ 0.42073222 -0.55923807]] ev:{} outputs y:5.880390038621494 (n:0.0015644865690694195) c:1.0
num acquisition: 51, time elapsed: 7.23s
Optimization restart 1/5, f = 46.065254234991755
Optimization restart 2/5, f = 46.06525423504256
Optimization restart 3/5, f = 46.06525423672451
Optimization restart 4/5, f = 47.21943377164082
Optimization restart 5/5, f = 47.219433771640674
f inputs x:[[-0.07278839  0.11309944]] ev:{} outputs y:1.914334492699469 (n:0.011416255957163382) c:1.0
num acquisition: 52, time elapsed: 7.39s
Optimization restart 1/5, f = 46.75218568455446
Optimization restart 2/5, f = 46.7521856850523
Optimization restart 3/5, f = 46.752185684560146
Optimization restart 4/5, f = 46.75218568455598
Optimization restart 5/5, f = 46.75218568514903
f inputs x:[[-0.1349318  1.       ]] ev:{} outputs y:6.010255469577528 (n:0.04061763916951835) c:1.0
num acquisition: 53, time elapsed: 7.55s
Optimization restart 1/5, f = 47.56787212234087
Optimization restart 2/5, f = 48.18846977478059
Optimization restart 3/5, f = 48.188469773578326
Optimization restart 4/5, f = 48.1884697735761
Optimization restart 5/5, f = 48.18846977358265
f inputs x:[[0.34146384 0.2445673 ]] ev:{} outputs y:0.129349562623875 (n:0.030046974663002886) c:1.0
num acquisition: 54, time elapsed: 7.68s
Optimization restart 1/5, f = 45.230733050126645
Optimization restart 2/5, f = 45.230733065972814
Optimization restart 3/5, f = 45.23073308675428
Optimization restart 4/5, f = 45.23073305006339
Optimization restart 5/5, f = 45.23073305006297
f inputs x:[[-1. -1.]] ev:{} outputs y:8.220530263831831 (n:-0.04997594874181667) c:1.0
num acquisition: 55, time elapsed: 7.84s
Optimization restart 1/5, f = 45.320504307868376
Optimization restart 2/5, f = 45.320504306705644
Optimization restart 3/5, f = 47.445033580012804
Optimization restart 4/5, f = 45.32050430745364
Optimization restart 5/5, f = 47.4450335799266
f inputs x:[[-0.48839999  0.49704244]] ev:{} outputs y:1.6737185982592355 (n:0.05801122908397032) c:1.0
num acquisition: 56, time elapsed: 7.96s
Optimization restart 1/5, f = 46.985196657397644
Optimization restart 2/5, f = 48.949277401406526
Optimization restart 3/5, f = 48.94927740125755
Optimization restart 4/5, f = 48.94927740097244
Optimization restart 5/5, f = 48.949277401197946
f inputs x:[[-0.33142906 -1.        ]] ev:{} outputs y:6.429542414823378 (n:-0.021224953795926288) c:1.0
num acquisition: 57, time elapsed: 8.10s
Optimization restart 1/5, f = 47.59756845122848
Optimization restart 2/5, f = 49.254936405274265
Optimization restart 3/5, f = 47.59756845100297
Optimization restart 4/5, f = 49.25493640471414
Optimization restart 5/5, f = 49.25493640463847
f inputs x:[[-0.59252129  0.38208961]] ev:{} outputs y:4.1133872392065465 (n:0.1334687333955239) c:1.0
num acquisition: 58, time elapsed: 8.24s
Optimization restart 1/5, f = 48.767586124560424
Optimization restart 2/5, f = 49.91984763897915
Optimization restart 3/5, f = 75.56926441279899
Optimization restart 4/5, f = 49.91984763878152
Optimization restart 5/5, f = 48.767586124328545
f inputs x:[[-0.38344785  0.58022669]] ev:{} outputs y:3.688010122870696 (n:0.08086481594753193) c:1.0
num acquisition: 59, time elapsed: 8.36s
Optimization restart 1/5, f = 49.97672977864769
Optimization restart 2/5, f = 51.48408217146233
Optimization restart 3/5, f = 51.48408217108451
Optimization restart 4/5, f = 51.484082171007316
Optimization restart 5/5, f = 49.976729779171116
f inputs x:[[-0.25868963  0.06368952]] ev:{} outputs y:1.7638361069629256 (n:0.04147596285306396) c:1.0
num acquisition: 60, time elapsed: 8.53s
Optimization restart 1/5, f = 50.572692721714816
Optimization restart 2/5, f = 50.572692721052725
Optimization restart 3/5, f = 51.6152838702114
Optimization restart 4/5, f = 51.615283870574146
Optimization restart 5/5, f = 50.57269272119261
f inputs x:[[-0.70589133 -0.13837627]] ev:{} outputs y:6.3144002173337 (n:-0.03168702658797525) c:1.0
num acquisition: 61, time elapsed: 8.67s
Optimization restart 1/5, f = 51.1480826424703
Optimization restart 2/5, f = 51.85122875223506
Optimization restart 3/5, f = 51.14808264245593
Optimization restart 4/5, f = 51.148082642457126
Optimization restart 5/5, f = 51.85122875219341
f inputs x:[[ 0.07124264 -0.0333599 ]] ev:{} outputs y:0.9838215530246182 (n:0.05462987302899443) c:1.0
num acquisition: 62, time elapsed: 8.81s
Optimization restart 1/5, f = 50.81835193310401
Optimization restart 2/5, f = 50.81835193306387
Optimization restart 3/5, f = 51.48954559138562
Optimization restart 4/5, f = 51.48954559476422
Optimization restart 5/5, f = 50.818351933062445
f inputs x:[[-0.09571582 -0.37375553]] ev:{} outputs y:4.1654706252468365 (n:-0.04000356108016723) c:1.0
num acquisition: 63, time elapsed: 8.96s
Optimization restart 1/5, f = 51.96207625909346
Optimization restart 2/5, f = 51.962076257700566
Optimization restart 3/5, f = 52.17629648316832
Optimization restart 4/5, f = 52.176296483051026
Optimization restart 5/5, f = 52.17629648299216
f inputs x:[[ 0.50663436 -0.18876689]] ev:{} outputs y:5.373164851420556 (n:0.0021013914245062446) c:1.0
num acquisition: 64, time elapsed: 9.12s
Optimization restart 1/5, f = 52.825269314819415
Optimization restart 2/5, f = 52.82526931480102
Optimization restart 3/5, f = 52.77946878578469
Optimization restart 4/5, f = 52.77946878714911
Optimization restart 5/5, f = 52.779468785729435
f inputs x:[[0.27415239 0.18119648]] ev:{} outputs y:0.4217456242189482 (n:0.013471968366117765) c:1.0
num acquisition: 65, time elapsed: 9.28s
Optimization restart 1/5, f = 52.10361370630347
Optimization restart 2/5, f = 52.10361371171176
Optimization restart 3/5, f = 52.10361370626786
Optimization restart 4/5, f = 52.1036137062717
Optimization restart 5/5, f = 52.103613706267055
f inputs x:[[0.28374493 0.19330722]] ev:{} outputs y:0.5260178903916266 (n:0.11109831628960382) c:1.0
num acquisition: 66, time elapsed: 9.45s
Optimization restart 1/5, f = 51.33283493492391
Optimization restart 2/5, f = 51.332835002139866
Optimization restart 3/5, f = 50.085319188939685
Optimization restart 4/5, f = 50.08531918905089
Optimization restart 5/5, f = 51.3328349348058
f inputs x:[[-1.          0.61307978]] ev:{} outputs y:6.752610377859162 (n:-0.02035081029984475) c:1.0
num acquisition: 67, time elapsed: 9.58s
Optimization restart 1/5, f = 50.466556762512056
Optimization restart 2/5, f = 51.291129592765785
Optimization restart 3/5, f = 51.29112959149391
Optimization restart 4/5, f = 51.291129591098965
Optimization restart 5/5, f = 51.291129591100145
f inputs x:[[0.25694965 0.10582631]] ev:{} outputs y:0.5450021116425736 (n:0.08333048024210142) c:1.0
num acquisition: 68, time elapsed: 9.72s
Optimization restart 1/5, f = 49.574181891008784
Optimization restart 2/5, f = 49.574181891012195
Optimization restart 3/5, f = 49.57418189233621
Optimization restart 4/5, f = 49.5741818910119
Optimization restart 5/5, f = 49.57418189100904
f inputs x:[[-0.31300601  0.20550473]] ev:{} outputs y:1.3374757073154224 (n:0.02836137940128282) c:1.0
num acquisition: 69, time elapsed: 9.89s
Optimization restart 1/5, f = 50.28952995198467
Optimization restart 2/5, f = 50.28952995198105
Optimization restart 3/5, f = 50.28952995197928
Optimization restart 4/5, f = 50.28952995199633
Optimization restart 5/5, f = 50.28952995201258
f inputs x:[[-0.6030123  -0.65665437]] ev:{} outputs y:6.699287194410354 (n:-0.021743131802680945) c:1.0
num acquisition: 70, time elapsed: 10.10s
Optimization restart 1/5, f = 50.56155014822111
Optimization restart 2/5, f = 51.19536208735604
Optimization restart 3/5, f = 51.1953620872553
Optimization restart 4/5, f = 51.19536208804565
Optimization restart 5/5, f = 51.19536208700714
f inputs x:[[ 0.70571172 -0.75687363]] ev:{} outputs y:7.145874439115392 (n:-0.04359738793083639) c:1.0
num acquisition: 71, time elapsed: 10.28s
Optimization restart 1/5, f = 50.642739207479224
Optimization restart 2/5, f = 50.642739207369345
Optimization restart 3/5, f = 50.972674084731956
Optimization restart 4/5, f = 50.972674084731686
Optimization restart 5/5, f = 50.97267408541224
f inputs x:[[-0.67560395  1.        ]] ev:{} outputs y:2.1533576636123875 (n:0.017387264687298194) c:1.0
num acquisition: 72, time elapsed: 10.44s
Optimization restart 1/5, f = 52.18912213954509
Optimization restart 2/5, f = 52.189122139558094
Optimization restart 3/5, f = 52.70115574983913
Optimization restart 4/5, f = 52.701155749847025
Optimization restart 5/5, f = 52.70115574993492
f inputs x:[[ 0.15991516 -0.62218298]] ev:{} outputs y:5.245436849334487 (n:-0.013640634213354569) c:1.0
num acquisition: 73, time elapsed: 10.59s
Optimization restart 1/5, f = 52.98867286217857
Optimization restart 2/5, f = 53.107290043131876
Optimization restart 3/5, f = 53.10729004311621
Optimization restart 4/5, f = 52.98867286218263
Optimization restart 5/5, f = 53.10729004382557
f inputs x:[[-0.08474755  0.3479448 ]] ev:{} outputs y:3.883097665017824 (n:-0.007770121630334619) c:1.0
num acquisition: 74, time elapsed: 10.74s
Optimization restart 1/5, f = 53.96733403047617
Optimization restart 2/5, f = 53.548315031912594
Optimization restart 3/5, f = 53.548315031924474
Optimization restart 4/5, f = 53.548315032392225
Optimization restart 5/5, f = 53.548315031924204
f inputs x:[[0.27869607 0.18550138]] ev:{} outputs y:0.4092466592212528 (n:0.0190759019432203) c:1.0
num acquisition: 75, time elapsed: 10.92s
Optimization restart 1/5, f = 52.714844261464386
Optimization restart 2/5, f = 51.929687454241396
Optimization restart 3/5, f = 51.92968745425331
Optimization restart 4/5, f = 52.71484426122436
Optimization restart 5/5, f = 52.71484426121934
f inputs x:[[0.34298744 0.24015158]] ev:{} outputs y:0.11036628739155638 (n:0.02529424388804239) c:1.0
num acquisition: 76, time elapsed: 11.09s
Optimization restart 1/5, f = 49.40170506859628
Optimization restart 2/5, f = 52.35837034118313
Optimization restart 3/5, f = 52.358370341105605
Optimization restart 4/5, f = 49.40170506904593
Optimization restart 5/5, f = 52.35837034198306
f inputs x:[[0.14079171 0.71561307]] ev:{} outputs y:5.208085440797123 (n:-0.052628970044984416) c:1.0
num acquisition: 77, time elapsed: 11.27s
Optimization restart 1/5, f = 50.169635568213536
Optimization restart 2/5, f = 50.16963556807137
Optimization restart 3/5, f = 50.16963556807354
Optimization restart 4/5, f = 50.169635575237436
Optimization restart 5/5, f = 50.169635568089355
f inputs x:[[-0.55459451  0.58465244]] ev:{} outputs y:1.8594866683900408 (n:-7.501887687253421e-05) c:1.0
num acquisition: 78, time elapsed: 11.43s
Optimization restart 1/5, f = 50.619483337935655
Optimization restart 2/5, f = 50.61948333790688
Optimization restart 3/5, f = 52.811180238088355
Optimization restart 4/5, f = 52.811180238077824
Optimization restart 5/5, f = 52.81118023807747
f inputs x:[[0.34337821 0.23973306]] ev:{} outputs y:0.1061196102198296 (n:0.02054514601380139) c:1.0
num acquisition: 79, time elapsed: 11.62s
Optimization restart 1/5, f = 47.85763502876526
Optimization restart 2/5, f = 47.85763502876574
Optimization restart 3/5, f = 47.857635028779896
Optimization restart 4/5, f = 47.857635032751595
Optimization restart 5/5, f = 47.85763502877816
f inputs x:[[0.73322213 0.2212498 ]] ev:{} outputs y:5.749747254767815 (n:-0.036843101698251245) c:1.0
num acquisition: 80, time elapsed: 11.79s
Optimization restart 1/5, f = 48.45310829045146
Optimization restart 2/5, f = 48.453108290488046
Optimization restart 3/5, f = 48.453108290459284
Optimization restart 4/5, f = 48.45310829045425
Optimization restart 5/5, f = 48.453108290722
f inputs x:[[ 1.        -0.6255109]] ev:{} outputs y:7.951478124811594 (n:-0.054904249990324186) c:1.0
num acquisition: 81, time elapsed: 11.96s
Optimization restart 1/5, f = 48.1337418802782
Optimization restart 2/5, f = 48.133741879929026
Optimization restart 3/5, f = 48.133741879923505
Optimization restart 4/5, f = 48.13374187992143
Optimization restart 5/5, f = 48.13374187992098
f inputs x:[[0.17173076 0.05853685]] ev:{} outputs y:0.35059744416815164 (n:-0.0012844248089047862) c:1.0
num acquisition: 82, time elapsed: 12.14s
Optimization restart 1/5, f = 46.192231642591594
Optimization restart 2/5, f = 46.192231642590585
Optimization restart 3/5, f = 46.19223164264712
Optimization restart 4/5, f = 46.19223164259158
Optimization restart 5/5, f = 46.19223164259298
f inputs x:[[0.34353033 0.2395683 ]] ev:{} outputs y:0.07300977069593947 (n:-0.012958808053554725) c:1.0
num acquisition: 83, time elapsed: 12.32s
Optimization restart 1/5, f = 43.619844881351725
Optimization restart 2/5, f = 43.619844881357544
Optimization restart 3/5, f = 43.61984488135769
Optimization restart 4/5, f = 43.61984488135682
Optimization restart 5/5, f = 43.61984488138249
f inputs x:[[0.46825132 0.88513616]] ev:{} outputs y:4.25756945807096 (n:-0.13400870668806372) c:1.0
num acquisition: 84, time elapsed: 12.48s
Optimization restart 1/5, f = 44.42434963317713
Optimization restart 2/5, f = 44.42434963319447
Optimization restart 3/5, f = 44.42434963317786
Optimization restart 4/5, f = 44.424349633182956
Optimization restart 5/5, f = 44.42434963323582
f inputs x:[[0.34376009 0.23821437]] ev:{} outputs y:0.056466498500527554 (n:-0.033063194538469884) c:1.0
num acquisition: 85, time elapsed: 12.67s
Optimization restart 1/5, f = 41.92208530702504
Optimization restart 2/5, f = 41.922085307699774
Optimization restart 3/5, f = 41.9220853068961
Optimization restart 4/5, f = 41.922085306946876
Optimization restart 5/5, f = 41.92208530690438
f inputs x:[[0.34384536 0.23600981]] ev:{} outputs y:0.043217024176550614 (n:-0.05502785216965145) c:1.0
num acquisition: 86, time elapsed: 12.87s
Optimization restart 1/5, f = 39.46474775004446
Optimization restart 2/5, f = 39.46474775010771
Optimization restart 3/5, f = 39.464747750042335
Optimization restart 4/5, f = 39.46474775004013
Optimization restart 5/5, f = 39.464747750053945
f inputs x:[[0.34354468 0.23242072]] ev:{} outputs y:0.1948720233342697 (n:0.07791965085879306) c:1.0
num acquisition: 87, time elapsed: 13.08s
Optimization restart 1/5, f = 38.24392715275018
Optimization restart 2/5, f = 38.24392715274258
Optimization restart 3/5, f = 38.24392715324506
Optimization restart 4/5, f = 38.243927152759
Optimization restart 5/5, f = 38.24392715274236
f inputs x:[[0.34360105 0.24043339]] ev:{} outputs y:0.04309929318036593 (n:-0.04176466461436601) c:1.0
num acquisition: 88, time elapsed: 13.28s
Optimization restart 1/5, f = 35.90835407763049
Optimization restart 2/5, f = 35.90835407751075
Optimization restart 3/5, f = 35.90835407779372
Optimization restart 4/5, f = 35.90835407750432
Optimization restart 5/5, f = 35.90835407752041
f inputs x:[[0.34375999 0.2406461 ]] ev:{} outputs y:0.11273590725959483 (n:0.028037488403487767) c:1.0
num acquisition: 89, time elapsed: 13.45s
Optimization restart 1/5, f = 33.03642444838079
Optimization restart 2/5, f = 33.036424447936625
Optimization restart 3/5, f = 33.036424447930955
Optimization restart 4/5, f = 33.03642444793367
Optimization restart 5/5, f = 33.03642444794987
f inputs x:[[0.34380329 0.24077458]] ev:{} outputs y:-0.008046511165383338 (n:-0.09262728300971411) c:1.0
num acquisition: 90, time elapsed: 13.61s
Optimization restart 1/5, f = 31.95599723819754
Optimization restart 2/5, f = 31.955997238290472
Optimization restart 3/5, f = 31.955997238455602
Optimization restart 4/5, f = 31.95599723842156
Optimization restart 5/5, f = 31.955997238223887
f inputs x:[[0.3437891  0.24054497]] ev:{} outputs y:0.036420651457880836 (n:-0.048402958342069084) c:1.0
num acquisition: 91, time elapsed: 13.81s
Optimization restart 1/5, f = 29.50836883945037
Optimization restart 2/5, f = 29.508368839445836
Optimization restart 3/5, f = 29.508368839453055
Optimization restart 4/5, f = 29.508368839450156
Optimization restart 5/5, f = 29.50836883944666
f inputs x:[[ 0.14428224 -1.        ]] ev:{} outputs y:6.1151985260042085 (n:-0.01047577842392174) c:1.0
num acquisition: 92, time elapsed: 13.96s
Optimization restart 1/5, f = 29.84216072532029
Optimization restart 2/5, f = 29.842160725322323
Optimization restart 3/5, f = 29.842160725319857
Optimization restart 4/5, f = 29.842160725933688
Optimization restart 5/5, f = 29.842160725319353
f inputs x:[[-0.06294794 -0.02866217]] ev:{} outputs y:1.1336981626802467 (n:0.08927397954627897) c:1.0
num acquisition: 93, time elapsed: 14.13s
Optimization restart 1/5, f = 29.480463528095264
Optimization restart 2/5, f = 29.480463528313145
Optimization restart 3/5, f = 29.480463528181666
Optimization restart 4/5, f = 29.48046352805295
Optimization restart 5/5, f = 29.480463528076868
f inputs x:[[1.         0.72400862]] ev:{} outputs y:6.601814248143408 (n:-0.001235081470173795) c:1.0
num acquisition: 94, time elapsed: 14.31s
Optimization restart 1/5, f = 29.594335027838703
Optimization restart 2/5, f = 29.594335027824897
Optimization restart 3/5, f = 29.594335027826062
Optimization restart 4/5, f = 29.594335027819987
Optimization restart 5/5, f = 29.59433502796631
f inputs x:[[-1.         -0.15191982]] ev:{} outputs y:7.603188309611434 (n:-0.017607692385672776) c:1.0
num acquisition: 95, time elapsed: 14.48s
Optimization restart 1/5, f = 29.236103386725816
Optimization restart 2/5, f = 29.2361033861131
Optimization restart 3/5, f = 29.23610338609881
Optimization restart 4/5, f = 29.23610338610596
Optimization restart 5/5, f = 29.236103386106087
f inputs x:[[-0.32217148 -0.68929859]] ev:{} outputs y:5.857351105302949 (n:0.014077488901647643) c:1.0
num acquisition: 96, time elapsed: 14.67s
Optimization restart 1/5, f = 29.65115548682357
Optimization restart 2/5, f = 29.651155280746053
Optimization restart 3/5, f = 29.651155280854816
Optimization restart 4/5, f = 29.651155280606332
Optimization restart 5/5, f = 29.65115528106768
f inputs x:[[0.45615757 0.4152491 ]] ev:{} outputs y:0.054028253439681206 (n:0.0012990670571773437) c:1.0
num acquisition: 97, time elapsed: 14.86s
Optimization restart 1/5, f = 33.265580291640205
Optimization restart 2/5, f = 33.265580292185234
Optimization restart 3/5, f = 33.26558029161904
Optimization restart 4/5, f = 33.265580291610156
Optimization restart 5/5, f = 33.26558029161767
f inputs x:[[0.44986091 0.45189161]] ev:{} outputs y:0.5168647411237728 (n:0.0507747031434319) c:1.0
num acquisition: 98, time elapsed: 15.09s
Optimization restart 1/5, f = 32.58889945454288
Optimization restart 2/5, f = 32.588899454507214
Optimization restart 3/5, f = 32.58889945451336
Optimization restart 4/5, f = 32.58889945451256
Optimization restart 5/5, f = 32.588899454502
f inputs x:[[0.44701079 0.38959123]] ev:{} outputs y:0.14960726853818945 (n:-0.00644482322723349) c:1.0
num acquisition: 99, time elapsed: 15.31s
Optimization restart 1/5, f = 31.001169886609375
Optimization restart 2/5, f = 31.001169886592038
Optimization restart 3/5, f = 31.00116988659208
Optimization restart 4/5, f = 31.00116988669808
Optimization restart 5/5, f = 31.001169886608054
f inputs x:[[0.48012473 0.40503256]] ev:{} outputs y:1.0554765210502497 (n:-0.004791755902509359) c:1.0
num acquisition: 100, time elapsed: 15.54s
Optimization restart 1/5, f = 37.59872274023048
Optimization restart 2/5, f = 37.59872274021467
Optimization restart 3/5, f = 37.59872274024065
Optimization restart 4/5, f = 37.598722743290175
Optimization restart 5/5, f = 37.59872274021204
f inputs x:[[0.42183541 0.41027078]] ev:{} outputs y:0.6705803967399878 (n:0.028811499708087236) c:1.0
num acquisition: 101, time elapsed: 15.75s
Optimization restart 1/5, f = 44.32937079096464
Optimization restart 2/5, f = 44.32937079096303
Optimization restart 3/5, f = 44.329370790987895
Optimization restart 4/5, f = 44.32937079100333
Optimization restart 5/5, f = 44.32937079096514
f inputs x:[[0.33959843 0.23347123]] ev:{} outputs y:0.08843654434864054 (n:-0.003068022353754053) c:1.0
num acquisition: 102, time elapsed: 15.98s
Optimization restart 1/5, f = 42.46844539472132
Optimization restart 2/5, f = 42.46844539471994
Optimization restart 3/5, f = 42.468445394722934
Optimization restart 4/5, f = 42.4684453951444
Optimization restart 5/5, f = 42.46844539472307
f inputs x:[[0.20488528 0.09424357]] ev:{} outputs y:0.3379845971020598 (n:0.02641788720803678) c:1.0
num acquisition: 103, time elapsed: 16.21s
Optimization restart 1/5, f = 40.8463579316461
Optimization restart 2/5, f = 40.8463579318799
Optimization restart 3/5, f = 40.846357931543075
Optimization restart 4/5, f = 40.84635793152521
Optimization restart 5/5, f = 40.84635793215935
f inputs x:[[0.34084818 0.23408159]] ev:{} outputs y:0.001886271536501824 (n:-0.09104488224648662) c:1.0
num acquisition: 104, time elapsed: 16.47s
Optimization restart 1/5, f = 39.11440987325281
Optimization restart 2/5, f = 39.11440987324221
Optimization restart 3/5, f = 39.114409873237356
Optimization restart 4/5, f = 39.11440987326484
Optimization restart 5/5, f = 39.11440987323846
f inputs x:[[0.3412     0.23357646]] ev:{} outputs y:0.12593702666352236 (n:0.030093762325680975) c:1.0
num acquisition: 105, time elapsed: 16.70s
Optimization restart 1/5, f = 37.06349707006158
Optimization restart 2/5, f = 37.06349706947185
Optimization restart 3/5, f = 37.06349706943679
Optimization restart 4/5, f = 37.06349706970363
Optimization restart 5/5, f = 37.063497069436224
f inputs x:[[0.34219987 0.23582529]] ev:{} outputs y:0.10004847275249472 (n:0.008192920737256299) c:1.0
num acquisition: 106, time elapsed: 16.92s
Optimization restart 1/5, f = 34.52302731738755
Optimization restart 2/5, f = 34.52302731735138
Optimization restart 3/5, f = 34.52302731735406
Optimization restart 4/5, f = 34.523027317346845
Optimization restart 5/5, f = 34.52302731739605
f inputs x:[[0.69098486 0.88424929]] ev:{} outputs y:1.5192689845239873 (n:-0.05890200905964463) c:1.0
num acquisition: 107, time elapsed: 17.16s
Optimization restart 1/5, f = 36.023639024461886
Optimization restart 2/5, f = 36.02363902291161
Optimization restart 3/5, f = 36.02363902292447
Optimization restart 4/5, f = 36.02363902290793
Optimization restart 5/5, f = 36.0236390229104
f inputs x:[[0.74445609 1.        ]] ev:{} outputs y:2.1344191835299595 (n:-0.054213233705470126) c:1.0
num acquisition: 108, time elapsed: 17.34s
Optimization restart 1/5, f = 37.09674522694769
Optimization restart 2/5, f = 37.09674522624354
Optimization restart 3/5, f = 37.096745226250114
Optimization restart 4/5, f = 37.09674522628812
Optimization restart 5/5, f = 37.09674522672835
f inputs x:[[-0.65531744  0.11889047]] ev:{} outputs y:5.602857216543318 (n:0.08486639143845986) c:1.0
num acquisition: 109, time elapsed: 17.53s
Optimization restart 1/5, f = 37.655583810315015
Optimization restart 2/5, f = 37.65558381046266
Optimization restart 3/5, f = 37.655583811148865
Optimization restart 4/5, f = 37.65558381031328
Optimization restart 5/5, f = 37.65558381031038
f inputs x:[[-0.27818671 -0.24675752]] ev:{} outputs y:4.241111785062655 (n:-0.040339186544044656) c:1.0
num acquisition: 110, time elapsed: 17.75s
Optimization restart 1/5, f = 38.52478129756254
Optimization restart 2/5, f = 38.524781297551534
Optimization restart 3/5, f = 38.52478129755806
Optimization restart 4/5, f = 38.524781297550206
Optimization restart 5/5, f = 38.52478129760766
f inputs x:[[ 0.69151186 -0.03811067]] ev:{} outputs y:6.068097657148113 (n:-0.008079793677784679) c:1.0
num acquisition: 111, time elapsed: 18.02s
Optimization restart 1/5, f = 38.88993133540225
Optimization restart 2/5, f = 38.890406006810906
Optimization restart 3/5, f = 38.890406006807574
Optimization restart 4/5, f = 38.890406006825536
Optimization restart 5/5, f = 38.89040600680333
f inputs x:[[0.42816233 0.34690408]] ev:{} outputs y:0.2993394575690819 (n:-0.005812973422775605) c:1.0
num acquisition: 112, time elapsed: 18.29s
Optimization restart 1/5, f = 38.02111206881373
Optimization restart 2/5, f = 38.02111206882128
Optimization restart 3/5, f = 38.021112068966836
Optimization restart 4/5, f = 38.02111206883151
Optimization restart 5/5, f = 38.0211120688178
f inputs x:[[0.4855464  0.55232103]] ev:{} outputs y:1.0094156645748675 (n:-0.09770827350352232) c:1.0
num acquisition: 113, time elapsed: 18.54s
Optimization restart 1/5, f = 38.207129924486004
Optimization restart 2/5, f = 38.207129924043016
Optimization restart 3/5, f = 38.20712992407924
Optimization restart 4/5, f = 38.207129924019206
Optimization restart 5/5, f = 38.20712992401862
f inputs x:[[0.34273901 0.23667293]] ev:{} outputs y:0.0965250076401924 (n:0.005547663582509859) c:1.0
num acquisition: 114, time elapsed: 18.76s
Optimization restart 1/5, f = 35.86852007005027
Optimization restart 2/5, f = 35.86852006997056
Optimization restart 3/5, f = 35.86852006997653
Optimization restart 4/5, f = 35.868520069942505
Optimization restart 5/5, f = 35.868520069949895
f inputs x:[[0.3437716  0.23926065]] ev:{} outputs y:0.011929168119865483 (n:-0.07498909966066505) c:1.0
num acquisition: 115, time elapsed: 19.02s
Optimization restart 1/5, f = 33.80384467471242
Optimization restart 2/5, f = 33.80384467515418
Optimization restart 3/5, f = 33.80384467470441
Optimization restart 4/5, f = 33.80384467473358
Optimization restart 5/5, f = 33.80384467470705
f inputs x:[[0.07321151 0.49365895]] ev:{} outputs y:4.518353309850951 (n:-0.08122358888648265) c:1.0
num acquisition: 116, time elapsed: 19.21s
Optimization restart 1/5, f = 34.50351581731114
Optimization restart 2/5, f = 34.503515818653504
Optimization restart 3/5, f = 34.503515817253714
Optimization restart 4/5, f = 34.503515817181125
Optimization restart 5/5, f = 34.503515817180016
f inputs x:[[0.34399578 0.23951558]] ev:{} outputs y:0.08983816820646333 (n:0.003037859675926331) c:1.0
num acquisition: 117, time elapsed: 19.47s
Optimization restart 1/5, f = 31.990073765130667
Optimization restart 2/5, f = 31.990073765135442
Optimization restart 3/5, f = 31.990073765141226
Optimization restart 4/5, f = 31.9900737651283
Optimization restart 5/5, f = 31.990073765143343
f inputs x:[[ 0.67259343 -1.        ]] ev:{} outputs y:7.3740891585423585 (n:0.023070757959384815) c:1.0
num acquisition: 118, time elapsed: 19.73s
Optimization restart 1/5, f = 31.72271213803041
Optimization restart 2/5, f = 31.722712140480425
Optimization restart 3/5, f = 31.722712138030758
Optimization restart 4/5, f = 31.722712138023354
Optimization restart 5/5, f = 31.722712138026026
f inputs x:[[0.31486601 0.17783426]] ev:{} outputs y:0.31587761828926225 (n:-0.015302176270981158) c:1.0
num acquisition: 119, time elapsed: 19.96s
Optimization restart 1/5, f = 30.28257829670806
Optimization restart 2/5, f = 30.282578296240672
Optimization restart 3/5, f = 30.282578296242747
Optimization restart 4/5, f = 30.282578296259594
Optimization restart 5/5, f = 30.28257829623667
f inputs x:[[0.34404987 0.23925779]] ev:{} outputs y:0.0982513651682108 (n:0.010741235946164124) c:1.0
num acquisition: 120, time elapsed: 20.22s
Optimization restart 1/5, f = 27.74649428376921
Optimization restart 2/5, f = 27.746494282988543
Optimization restart 3/5, f = 27.746494282999663
Optimization restart 4/5, f = 27.746494282989765
Optimization restart 5/5, f = 27.746494283046047
f inputs x:[[-1.         -0.71786968]] ev:{} outputs y:8.096317761618746 (n:0.019508013227887946) c:1.0
num acquisition: 121, time elapsed: 20.47s
Optimization restart 1/5, f = 27.080539427433095
Optimization restart 2/5, f = 27.080539427432726
Optimization restart 3/5, f = 27.080539427439753
Optimization restart 4/5, f = 27.080539427437657
Optimization restart 5/5, f = 27.080539427431965
f inputs x:[[-0.4210393  0.367767 ]] ev:{} outputs y:1.44980041945696 (n:-0.049246962194363905) c:1.0
num acquisition: 122, time elapsed: 20.70s
Optimization restart 1/5, f = 27.967613472325475
Optimization restart 2/5, f = 27.96761347207172
Optimization restart 3/5, f = 27.967613472071548
Optimization restart 4/5, f = 27.967613472177774
Optimization restart 5/5, f = 27.96761347207096
f inputs x:[[0.34409962 0.2395359 ]] ev:{} outputs y:0.0644348948632781 (n:-0.02253066638811846) c:1.0
num acquisition: 123, time elapsed: 20.98s
Optimization restart 1/5, f = 25.369868777872483
Optimization restart 2/5, f = 25.369868777867154
Optimization restart 3/5, f = 25.369868778261406
Optimization restart 4/5, f = 25.369868777857917
Optimization restart 5/5, f = 25.36986877831771
f inputs x:[[ 0.16145731 -0.15511881]] ev:{} outputs y:3.0532539954530464 (n:0.07350774303887873) c:1.0
num acquisition: 124, time elapsed: 21.20s
Optimization restart 1/5, f = 26.0757020417969
Optimization restart 2/5, f = 26.075702041717605
Optimization restart 3/5, f = 26.075702042876273
Optimization restart 4/5, f = 26.07570204169801
Optimization restart 5/5, f = 26.075702042668382
f inputs x:[[0.34431697 0.24006004]] ev:{} outputs y:0.153237345598432 (n:0.06698959621345911) c:1.0
num acquisition: 125, time elapsed: 21.44s
Optimization restart 1/5, f = 24.056385202645387
Optimization restart 2/5, f = 24.056385202666178
Optimization restart 3/5, f = 24.056385202660593
Optimization restart 4/5, f = 24.056385202662753
Optimization restart 5/5, f = 24.05638520265221
f inputs x:[[0.343838  0.2392089]] ev:{} outputs y:0.08225195002042313 (n:-0.004910018911637715) c:1.0
num acquisition: 126, time elapsed: 21.71s
Optimization restart 1/5, f = 21.43307911061946
Optimization restart 2/5, f = 21.433079110631923
Optimization restart 3/5, f = 21.433079110634537
Optimization restart 4/5, f = 21.433079110631382
Optimization restart 5/5, f = 21.433079110637905
f inputs x:[[-0.65534931 -0.38361903]] ev:{} outputs y:6.490058796789404 (n:-0.025778556319908892) c:1.0
num acquisition: 127, time elapsed: 21.96s
Optimization restart 1/5, f = 21.53183737649114
Optimization restart 2/5, f = 21.531837376468687
Optimization restart 3/5, f = 21.531837376489662
Optimization restart 4/5, f = 21.5318373764851
Optimization restart 5/5, f = 21.531837376483622
f inputs x:[[-0.35420112  0.28862795]] ev:{} outputs y:1.4304518680688774 (n:-0.05074569214588862) c:1.0
num acquisition: 128, time elapsed: 22.17s
Optimization restart 1/5, f = 21.49535938927157
Optimization restart 2/5, f = 21.495359389250623
Optimization restart 3/5, f = 21.495359389227687
Optimization restart 4/5, f = 21.49535938922348
Optimization restart 5/5, f = 21.49535938923779
f inputs x:[[ 0.36134991 -0.33282838]] ev:{} outputs y:4.934530697292392 (n:-0.09056667943399112) c:1.0
num acquisition: 129, time elapsed: 22.41s
Optimization restart 1/5, f = 22.072038842115035
Optimization restart 2/5, f = 22.072038842380323
Optimization restart 3/5, f = 22.072038842013427
Optimization restart 4/5, f = 22.072038842122623
Optimization restart 5/5, f = 22.072038842020177
f inputs x:[[0.44232314 0.38717839]] ev:{} outputs y:0.10217551805082446 (n:0.020190258214848152) c:1.0
num acquisition: 130, time elapsed: 22.66s
Optimization restart 1/5, f = 20.011311753249032
Optimization restart 2/5, f = 20.011311753265687
Optimization restart 3/5, f = 20.01131175321362
Optimization restart 4/5, f = 20.01131175324528
Optimization restart 5/5, f = 20.0113117532551
f inputs x:[[0.44413345 0.39398741]] ev:{} outputs y:0.0449187611359179 (n:-0.0039026209664260606) c:1.0
num acquisition: 131, time elapsed: 22.92s
Optimization restart 1/5, f = 18.1674541334623
Optimization restart 2/5, f = 18.167454133417934
Optimization restart 3/5, f = 18.16745413341495
Optimization restart 4/5, f = 18.167454133810708
Optimization restart 5/5, f = 18.167454133406963
f inputs x:[[-1.          0.38227709]] ev:{} outputs y:7.037653647962196 (n:-0.030565756413830216) c:1.0
num acquisition: 132, time elapsed: 23.17s
Optimization restart 1/5, f = 17.990650098264936
Optimization restart 2/5, f = 17.990650098261867
Optimization restart 3/5, f = 17.99065009825557
Optimization restart 4/5, f = 17.99065009826076
Optimization restart 5/5, f = 17.990650098351793
f inputs x:[[-0.23681684  0.25771004]] ev:{} outputs y:2.4124625877064636 (n:-0.05263374144926906) c:1.0
num acquisition: 133, time elapsed: 23.40s
Optimization restart 1/5, f = 18.37919201057207
Optimization restart 2/5, f = 18.3791920105719
Optimization restart 3/5, f = 18.379192010590316
Optimization restart 4/5, f = 18.37919201056704
Optimization restart 5/5, f = 18.379192010871236
f inputs x:[[-0.79488897  1.        ]] ev:{} outputs y:3.829093478387264 (n:0.04113265668307275) c:1.0
num acquisition: 134, time elapsed: 23.66s
Optimization restart 1/5, f = 19.071633556759792
Optimization restart 2/5, f = 19.071633556698373
Optimization restart 3/5, f = 19.071633556673703
Optimization restart 4/5, f = 19.071633556675664
Optimization restart 5/5, f = 19.071633556680652
f inputs x:[[ 0.5942583  -0.40819263]] ev:{} outputs y:6.304488624836245 (n:0.01667927447216466) c:1.0
num acquisition: 135, time elapsed: 23.90s
Optimization restart 1/5, f = 19.193454864574562
Optimization restart 2/5, f = 19.193454864572416
Optimization restart 3/5, f = 19.1934548645866
Optimization restart 4/5, f = 19.193454864578953
Optimization restart 5/5, f = 19.193454864574264
f inputs x:[[0.34397643 0.23994726]] ev:{} outputs y:0.17057431272139423 (n:0.08467107380516731) c:1.0
num acquisition: 136, time elapsed: 24.13s
Optimization restart 1/5, f = 17.458145137315
Optimization restart 2/5, f = 17.458145136946058
Optimization restart 3/5, f = 17.458145136961008
Optimization restart 4/5, f = 17.45814513693533
Optimization restart 5/5, f = 17.458145136939407
f inputs x:[[0.44337172 0.39110504]] ev:{} outputs y:0.0460661705180251 (n:-0.015790854240584358) c:1.0
num acquisition: 137, time elapsed: 24.40s
Optimization restart 1/5, f = 15.316216679488875
Optimization restart 2/5, f = 15.3162166793511
Optimization restart 3/5, f = 15.316216679386542
Optimization restart 4/5, f = 15.316216679347292
Optimization restart 5/5, f = 15.31621667936406
f inputs x:[[0.44389742 0.39300776]] ev:{} outputs y:0.050287928707802236 (n:-0.0031199084869503926) c:1.0
num acquisition: 138, time elapsed: 24.69s
Optimization restart 1/5, f = 12.89786460299031
Optimization restart 2/5, f = 12.897864602979936
Optimization restart 3/5, f = 12.8978646029895
Optimization restart 4/5, f = 12.89786460303705
Optimization restart 5/5, f = 12.897864603062843
f inputs x:[[0.44448562 0.39526477]] ev:{} outputs y:0.048002535942347234 (n:0.004235299021765691) c:1.0
num acquisition: 139, time elapsed: 24.97s
Optimization restart 1/5, f = 10.368748207574896
Optimization restart 2/5, f = 10.36874820757096
Optimization restart 3/5, f = 10.368748207568387
Optimization restart 4/5, f = 10.368748208152084
Optimization restart 5/5, f = 10.368748207570093
f inputs x:[[0.34379021 0.24006726]] ev:{} outputs y:0.07165583749809598 (n:-0.01381259845141885) c:1.0
num acquisition: 140, time elapsed: 25.28s
Optimization restart 1/5, f = 7.628467731906525
Optimization restart 2/5, f = 7.628467731909808
Optimization restart 3/5, f = 7.628467731913474
Optimization restart 4/5, f = 7.628467731922115
Optimization restart 5/5, f = 7.628467731900528
f inputs x:[[0.44533779 0.39860321]] ev:{} outputs y:0.0025374825480320717 (n:-0.028725745911880776) c:1.0
num acquisition: 141, time elapsed: 25.57s
Optimization restart 1/5, f = 5.584249557408427
Optimization restart 2/5, f = 5.584249554722902
Optimization restart 3/5, f = 5.584249554736857
Optimization restart 4/5, f = 5.584249554717459
Optimization restart 5/5, f = 5.584249554717772
f inputs x:[[0.44600227 0.40134293]] ev:{} outputs y:0.07736661205291116 (n:0.05481792434960658) c:1.0
num acquisition: 142, time elapsed: 25.84s
Optimization restart 1/5, f = 2.893813071990664
Optimization restart 2/5, f = 2.8938130719871396
Optimization restart 3/5, f = 2.8938130720018194
Optimization restart 4/5, f = 2.8938130719818105
Optimization restart 5/5, f = 2.893813071996206
f inputs x:[[0.54894777 0.60622037]] ev:{} outputs y:0.12550350188573095 (n:0.062005569071729584) c:1.0
num acquisition: 143, time elapsed: 26.11s
Optimization restart 1/5, f = 3.8877506610721753
Optimization restart 2/5, f = 3.8877506611041497
Optimization restart 3/5, f = 3.8877506610622277
Optimization restart 4/5, f = 3.8877506611281802
Optimization restart 5/5, f = 3.8877506610693047
f inputs x:[[0.56660488 0.60783801]] ev:{} outputs y:0.634613366226353 (n:-0.08801991965596731) c:1.0
num acquisition: 144, time elapsed: 26.41s
Optimization restart 1/5, f = 6.297786263850682
Optimization restart 2/5, f = 6.297786263872013
Optimization restart 3/5, f = 6.29778626388736
Optimization restart 4/5, f = 6.297786263863699
Optimization restart 5/5, f = 6.297786263833515
f inputs x:[[-0.38076483  0.11592805]] ev:{} outputs y:2.890950703478462 (n:0.005709932539869356) c:1.0
num acquisition: 145, time elapsed: 26.70s
Optimization restart 1/5, f = 6.877798823672634
Optimization restart 2/5, f = 6.877798823684429
Optimization restart 3/5, f = 6.877798823691478
Optimization restart 4/5, f = 6.877798823651659
Optimization restart 5/5, f = 6.877798823714116
f inputs x:[[0.53008615 0.60807579]] ev:{} outputs y:0.3454072588028535 (n:-0.028385706926386603) c:1.0
num acquisition: 146, time elapsed: 27.01s
Optimization restart 1/5, f = 6.812746276692721
Optimization restart 2/5, f = 6.812746276671291
Optimization restart 3/5, f = 6.812746276687605
Optimization restart 4/5, f = 6.812746276686738
Optimization restart 5/5, f = 6.812746276692806
f inputs x:[[0.44494184 0.39760903]] ev:{} outputs y:-0.018887949870053287 (n:-0.051993722400231326) c:1.0
num acquisition: 147, time elapsed: 27.31s
Optimization restart 1/5, f = 5.062308713252648
Optimization restart 2/5, f = 5.062308713230152
Optimization restart 3/5, f = 5.062308713221995
Optimization restart 4/5, f = 5.06230871321749
Optimization restart 5/5, f = 5.062308713245599
f inputs x:[[ 0.32598109 -0.7776044 ]] ev:{} outputs y:6.083386003975112 (n:0.051376949318543946) c:1.0
num acquisition: 148, time elapsed: 27.60s
Optimization restart 1/5, f = 5.251932438868238
Optimization restart 2/5, f = 5.251932438884779
Optimization restart 3/5, f = 5.251932438871094
Optimization restart 4/5, f = 5.251932438875244
Optimization restart 5/5, f = 5.25193243888522
f inputs x:[[0.34378552 0.24000037]] ev:{} outputs y:0.15465132751702582 (n:0.06908391405537348) c:1.0
num acquisition: 149, time elapsed: 27.86s
Optimization restart 1/5, f = 3.2136857041661813
Optimization restart 2/5, f = 3.2136857041388396
Optimization restart 3/5, f = 3.2136857041617333
Optimization restart 4/5, f = 3.2136857041684266
Optimization restart 5/5, f = 3.213685704154628
f inputs x:[[-0.22465921  0.78613101]] ev:{} outputs y:5.306654633326558 (n:0.01507562756400144) c:1.0
num acquisition: 150, time elapsed: 28.17s
Optimization restart 1/5, f = 3.665201053417732
Optimization restart 2/5, f = 3.6652010534240134
Optimization restart 3/5, f = 3.6652010534178885
Optimization restart 4/5, f = 3.665201053418116
Optimization restart 5/5, f = 3.6652010534203754
f inputs x:[[ 1.         -0.27310128]] ev:{} outputs y:7.741191408834504 (n:0.01728212980488715) c:1.0
num acquisition: 151, time elapsed: 28.46s
Optimization restart 1/5, f = 3.074453035866398
Optimization restart 2/5, f = 3.0744530358501407
Optimization restart 3/5, f = 3.0744530358521445
Optimization restart 4/5, f = 3.074453035862959
Optimization restart 5/5, f = 3.0744530358566067
f inputs x:[[-0.36253601  1.        ]] ev:{} outputs y:5.3730246396493655 (n:-0.056571412480167754) c:1.0
num acquisition: 152, time elapsed: 28.74s
Optimization restart 1/5, f = 3.559412021095966
Optimization restart 2/5, f = 3.5594120211109015
Optimization restart 3/5, f = 3.55941202113263
Optimization restart 4/5, f = 3.5594120211110436
Optimization restart 5/5, f = 3.559412021094289
f inputs x:[[0.79384891 0.87436068]] ev:{} outputs y:4.254323883489922 (n:-0.050749339778026197) c:1.0
num acquisition: 153, time elapsed: 29.05s
Optimization restart 1/5, f = 4.41346840797533
Optimization restart 2/5, f = 4.413468402926355
Optimization restart 3/5, f = 4.413468402916422
Optimization restart 4/5, f = 4.413468402916877
Optimization restart 5/5, f = 4.4134684029169335
f inputs x:[[ 0.03588251 -0.47941318]] ev:{} outputs y:4.605015336332921 (n:0.006643901922843639) c:1.0
num acquisition: 154, time elapsed: 29.33s
Optimization restart 1/5, f = 4.9606307452984595
Optimization restart 2/5, f = 4.9606307452911125
Optimization restart 3/5, f = 4.960630745301174
Optimization restart 4/5, f = 4.960630745318198
Optimization restart 5/5, f = 4.960630745306162
f inputs x:[[-0.21521033 -0.50106573]] ev:{} outputs y:4.9612158720016115 (n:-0.06282304660642367) c:1.0
num acquisition: 155, time elapsed: 29.66s
Optimization restart 1/5, f = 5.45051848614392
Optimization restart 2/5, f = 5.4505184861382645
Optimization restart 3/5, f = 5.4505184861490505
Optimization restart 4/5, f = 5.450518486151623
Optimization restart 5/5, f = 5.450518486145171
f inputs x:[[0.44459835 0.39649212]] ev:{} outputs y:-0.031939151982499435 (n:-0.06838347939295658) c:1.0
num acquisition: 156, time elapsed: 29.94s
Optimization restart 1/5, f = 3.7679001138989037
Optimization restart 2/5, f = 3.7679001138868102
Optimization restart 3/5, f = 3.7679001139090644
Optimization restart 4/5, f = 3.7679001139009927
Optimization restart 5/5, f = 3.7679001138983352
f inputs x:[[-0.48807175 -0.22963842]] ev:{} outputs y:5.450061290544358 (n:0.052241923402139484) c:1.0
num acquisition: 157, time elapsed: 30.24s
Optimization restart 1/5, f = 4.103111494995645
Optimization restart 2/5, f = 4.103111494993527
Optimization restart 3/5, f = 4.103111494985498
Optimization restart 4/5, f = 4.103111509754726
Optimization restart 5/5, f = 4.103111495016037
f inputs x:[[0.3434075  0.23904269]] ev:{} outputs y:0.08601492886061364 (n:-0.0007145942718691493) c:1.0
num acquisition: 158, time elapsed: 30.56s
Optimization restart 1/5, f = 1.4672958890728296
Optimization restart 2/5, f = 1.4672958890675858
Optimization restart 3/5, f = 1.4672958890639336
Optimization restart 4/5, f = 1.467295889085122
Optimization restart 5/5, f = 1.4672958890629104
f inputs x:[[0.44484125 0.39748197]] ev:{} outputs y:0.05531325035974061 (n:0.022528765921968365) c:1.0
num acquisition: 159, time elapsed: 30.90s
Optimization restart 1/5, f = -1.1715829467084973
Optimization restart 2/5, f = -1.1715829467251666
Optimization restart 3/5, f = -1.1715829467092647
Optimization restart 4/5, f = -1.171582946709833
Optimization restart 5/5, f = -1.1715829467234329
f inputs x:[[0.06947632 0.02591165]] ev:{} outputs y:0.6400858706918676 (n:0.028477054352143046) c:1.0
num acquisition: 160, time elapsed: 31.24s
Optimization restart 1/5, f = -2.0302848125406
Optimization restart 2/5, f = -2.0302848123418045
Optimization restart 3/5, f = -2.030284812529203
Optimization restart 4/5, f = -2.0302848125391932
Optimization restart 5/5, f = -2.0302848125245845
f inputs x:[[0.05522648 1.        ]] ev:{} outputs y:6.01573900074259 (n:-0.01493075622946177) c:1.0
num acquisition: 161, time elapsed: 31.55s
Optimization restart 1/5, f = -1.8948790329815353
Optimization restart 2/5, f = -1.8948790329713745
Optimization restart 3/5, f = -1.894879032969797
Optimization restart 4/5, f = -1.8948790329743161
Optimization restart 5/5, f = -1.8948790329820895
f inputs x:[[ 0.0252657  -0.26805267]] ev:{} outputs y:3.4880782183805503 (n:0.012055156077102834) c:1.0
num acquisition: 162, time elapsed: 31.91s
Optimization restart 1/5, f = -1.4001148392711968
Optimization restart 2/5, f = -1.4001148392794391
Optimization restart 3/5, f = -1.4001148392777623
Optimization restart 4/5, f = -1.4001148392729021
Optimization restart 5/5, f = -1.400114839273698
f inputs x:[[0.34342753 0.23909849]] ev:{} outputs y:0.07170555747221416 (n:-0.014949338863788934) c:1.0
num acquisition: 163, time elapsed: 32.28s
Optimization restart 1/5, f = -4.030393247374263
Optimization restart 2/5, f = -4.0303932473707675
Optimization restart 3/5, f = -4.030393247361644
Optimization restart 4/5, f = -4.030393247353047
Optimization restart 5/5, f = -4.030393247356528
f inputs x:[[0.34350003 0.23930572]] ev:{} outputs y:0.10927928982591867 (n:0.022899074658468858) c:1.0
num acquisition: 164, time elapsed: 32.66s
Optimization restart 1/5, f = -6.64660089411079
Optimization restart 2/5, f = -6.646600894109497
Optimization restart 3/5, f = -6.646600894104083
Optimization restart 4/5, f = -6.646600894120638
Optimization restart 5/5, f = -6.646600894131893
f inputs x:[[0.34350757 0.23940403]] ev:{} outputs y:0.05218499313600249 (n:-0.03403169349436851) c:1.0
num acquisition: 165, time elapsed: 33.07s
Optimization restart 1/5, f = -9.174388032767453
Optimization restart 2/5, f = -9.174388032807357
Optimization restart 3/5, f = -9.174388032787391
Optimization restart 4/5, f = -9.174388032782915
Optimization restart 5/5, f = -9.174388032771361
f inputs x:[[0.44512801 0.39851884]] ev:{} outputs y:0.07403376719617843 (n:0.04449725430560338) c:1.0
num acquisition: 166, time elapsed: 33.41s
Optimization restart 1/5, f = -11.785105379992501
Optimization restart 2/5, f = -11.785105379991705
Optimization restart 3/5, f = -11.78510538001089
Optimization restart 4/5, f = -11.785105379986291
Optimization restart 5/5, f = -11.785105380013647
f inputs x:[[0.44511821 0.398422  ]] ev:{} outputs y:0.054213885672938 (n:0.024203947484805706) c:1.0
num acquisition: 167, time elapsed: 33.76s
Optimization restart 1/5, f = -14.48582319825492
Optimization restart 2/5, f = -14.48582319824817
Optimization restart 3/5, f = -14.485823198225674
Optimization restart 4/5, f = -14.485823198258444
Optimization restart 5/5, f = -14.485823198274318
f inputs x:[[0.3436352  0.23976718]] ev:{} outputs y:0.0020097837793841278 (n:-0.08375917202446648) c:1.0
num acquisition: 168, time elapsed: 34.11s
Optimization restart 1/5, f = -16.200532503619314
Optimization restart 2/5, f = -16.20053250364984
Optimization restart 3/5, f = -16.20053250367235
Optimization restart 4/5, f = -16.200532503682226
Optimization restart 5/5, f = -16.200532503502686
f inputs x:[[0.61368132 0.86936438]] ev:{} outputs y:1.6599431656486412 (n:0.03059172444411878) c:1.0
num acquisition: 169, time elapsed: 34.44s
Optimization restart 1/5, f = -16.294014983775725
Optimization restart 2/5, f = -16.294015204930986
Optimization restart 3/5, f = -16.294015205133903
Optimization restart 4/5, f = -16.294015205161188
Optimization restart 5/5, f = -16.294015205144632
f inputs x:[[ 0.34295582 -0.11706431]] ev:{} outputs y:3.9943475044868286 (n:-0.009865569409018879) c:1.0
num acquisition: 170, time elapsed: 34.79s
Optimization restart 1/5, f = -15.637970176178584
Optimization restart 2/5, f = -15.637970267169791
Optimization restart 3/5, f = -15.637970267156703
Optimization restart 4/5, f = -15.637970267193651
Optimization restart 5/5, f = -15.637970267189417
f inputs x:[[0.44499093 0.39793395]] ev:{} outputs y:0.054111125685343625 (n:0.022499299134263573) c:1.0
num acquisition: 171, time elapsed: 35.16s
Optimization restart 1/5, f = -18.332404518356043
Optimization restart 2/5, f = -18.332404518384635
Optimization restart 3/5, f = -18.332404518219562
Optimization restart 4/5, f = -18.332404518348483
Optimization restart 5/5, f = -18.332404518353584
f inputs x:[[0.4451089 0.3983602]] ev:{} outputs y:0.03955183119719405 (n:0.009269695522890614) c:1.0
num acquisition: 172, time elapsed: 35.51s
Optimization restart 1/5, f = -21.024939846520425
Optimization restart 2/5, f = -21.02493984650951
Optimization restart 3/5, f = -21.024939846476485
Optimization restart 4/5, f = -21.02493984640921
Optimization restart 5/5, f = -21.024939846173112
f inputs x:[[0.53466882 0.58182331]] ev:{} outputs y:0.013417774778457911 (n:-0.001059483507811173) c:1.0
num acquisition: 173, time elapsed: 35.88s
Optimization restart 1/5, f = -20.573514115663556
Optimization restart 2/5, f = -20.57351411568861
Optimization restart 3/5, f = -20.573514115661055
Optimization restart 4/5, f = -20.573514115709685
Optimization restart 5/5, f = -20.573514115701187
f inputs x:[[0.53475473 0.58057415]] ev:{} outputs y:0.029068285449816114 (n:0.009391883968969608) c:1.0
num acquisition: 174, time elapsed: 36.28s
Optimization restart 1/5, f = -23.01510485074752
Optimization restart 2/5, f = -23.015104850762057
Optimization restart 3/5, f = -23.015104850820023
Optimization restart 4/5, f = -23.01510485078866
Optimization restart 5/5, f = -23.015104850773895
f inputs x:[[0.53486481 0.58079509]] ev:{} outputs y:0.005181809982790237 (n:-0.014621238063781839) c:1.0
num acquisition: 175, time elapsed: 36.72s
Optimization restart 1/5, f = -25.51712665549394
Optimization restart 2/5, f = -25.51712665566157
Optimization restart 3/5, f = -25.517126655643295
Optimization restart 4/5, f = -25.517126655639373
Optimization restart 5/5, f = -25.517126655638748
f inputs x:[[0.5348567  0.58035424]] ev:{} outputs y:-0.0035866870842310924 (n:-0.025232255491829336) c:1.0
num acquisition: 176, time elapsed: 37.22s
Optimization restart 1/5, f = -28.092139246216902
Optimization restart 2/5, f = -28.09213924566572
Optimization restart 3/5, f = -28.092139246250667
Optimization restart 4/5, f = -28.09213924620765
Optimization restart 5/5, f = -28.09213924616469
f inputs x:[[0.44639813 0.40327929]] ev:{} outputs y:0.008907141747812725 (n:-0.008083332408727165) c:1.0
num acquisition: 177, time elapsed: 37.60s
Optimization restart 1/5, f = -30.677004921874783
Optimization restart 2/5, f = -30.677004921879544
Optimization restart 3/5, f = -30.67700492190116
Optimization restart 4/5, f = -30.677004921856835
Optimization restart 5/5, f = -30.677004921901414
f inputs x:[[-1.          0.80921373]] ev:{} outputs y:6.460234823003568 (n:-0.02278781317615049) c:1.0
num acquisition: 178, time elapsed: 38.01s
Optimization restart 1/5, f = -30.80170577310767
Optimization restart 2/5, f = -30.801705773026057
Optimization restart 3/5, f = -30.801705773134742
Optimization restart 4/5, f = -30.801705773113667
Optimization restart 5/5, f = -30.80170577311563
f inputs x:[[1.         0.18748991]] ev:{} outputs y:7.292542848320946 (n:0.010499652444385076) c:1.0
num acquisition: 179, time elapsed: 38.42s
Optimization restart 1/5, f = -31.307975260921623
Optimization restart 2/5, f = -31.307975260849233
Optimization restart 3/5, f = -31.307975260888156
Optimization restart 4/5, f = -31.3079752608421
Optimization restart 5/5, f = -31.307975260895148
f inputs x:[[0.65224233 0.79047715]] ev:{} outputs y:1.3176650188092833 (n:-0.03038819531390177) c:1.0
num acquisition: 180, time elapsed: 38.80s
Optimization restart 1/5, f = -31.45941344960862
Optimization restart 2/5, f = -31.459413449594464
Optimization restart 3/5, f = -31.45941344960491
Optimization restart 4/5, f = -31.459413449566398
Optimization restart 5/5, f = -31.459413449582897
f inputs x:[[0.53483559 0.5799715 ]] ev:{} outputs y:-0.01894347380510528 (n:-0.0421510558347887) c:1.0
num acquisition: 181, time elapsed: 39.23s
Optimization restart 1/5, f = -34.000762251624764
Optimization restart 2/5, f = -34.00076225179711
Optimization restart 3/5, f = -34.00076225189227
Optimization restart 4/5, f = -34.0007622518811
Optimization restart 5/5, f = -34.00076225187344
f inputs x:[[-0.49418231 -0.85332111]] ev:{} outputs y:6.701864203261068 (n:0.05106564835991462) c:1.0
num acquisition: 182, time elapsed: 39.59s
Optimization restart 1/5, f = -34.248791690814116
Optimization restart 2/5, f = -34.2487916907903
Optimization restart 3/5, f = -34.24879169071967
Optimization restart 4/5, f = -34.248791690830046
Optimization restart 5/5, f = -34.24879169075986
f inputs x:[[0.53476872 0.57941187]] ev:{} outputs y:-0.0051905370777424395 (n:-0.030423976964598615) c:1.0
num acquisition: 183, time elapsed: 40.02s
Optimization restart 1/5, f = -37.00390762207965
Optimization restart 2/5, f = -37.00390762210341
Optimization restart 3/5, f = -37.00390762215139
Optimization restart 4/5, f = -37.00390762204155
Optimization restart 5/5, f = -37.00390762211494
f inputs x:[[-0.78626297  0.29666196]] ev:{} outputs y:5.962409135782945 (n:-0.03402480252663937) c:1.0
num acquisition: 184, time elapsed: 40.43s
Optimization restart 1/5, f = -36.83974853109541
Optimization restart 2/5, f = -36.83974853140215
Optimization restart 3/5, f = -36.83974853145412
Optimization restart 4/5, f = -36.839748531416575
Optimization restart 5/5, f = -36.83974853133191
f inputs x:[[0.53476606 0.57922452]] ev:{} outputs y:0.011359420935602568 (n:-0.014816966726066342) c:1.0
num acquisition: 185, time elapsed: 40.95s
Optimization restart 1/5, f = -39.66412117947962
Optimization restart 2/5, f = -39.66412117950321
Optimization restart 3/5, f = -39.66412117947904
Optimization restart 4/5, f = -39.66412117952427
Optimization restart 5/5, f = -39.66412117942552
f inputs x:[[-0.13336595 -1.        ]] ev:{} outputs y:6.1255290005411975 (n:0.00927326065067206) c:1.0
num acquisition: 186, time elapsed: 41.36s
Optimization restart 1/5, f = -39.64458242625591
Optimization restart 2/5, f = -39.64458242667379
Optimization restart 3/5, f = -39.64458242670153
Optimization restart 4/5, f = -39.64458242671459
Optimization restart 5/5, f = -39.64458242670423
f inputs x:[[-0.63614753  0.90946473]] ev:{} outputs y:2.1902101322652814 (n:-0.01064177792918107) c:1.0
num acquisition: 187, time elapsed: 41.79s
Optimization restart 1/5, f = -39.48041310076965
Optimization restart 2/5, f = -39.480413101741846
Optimization restart 3/5, f = -39.48041310169782
Optimization restart 4/5, f = -39.480413101765805
Optimization restart 5/5, f = -39.48041310172174
f inputs x:[[0.03718554 0.25619634]] ev:{} outputs y:3.3631773093671935 (n:0.003558804403353143) c:1.0
num acquisition: 188, time elapsed: 42.29s
Optimization restart 1/5, f = -38.868990674016345
Optimization restart 2/5, f = -38.868990876100696
Optimization restart 3/5, f = -38.868990876048926
Optimization restart 4/5, f = -38.86899087608002
Optimization restart 5/5, f = -38.868990875890645
f inputs x:[[0.53477916 0.57946316]] ev:{} outputs y:0.0775564641516599 (n:0.05246459222608629) c:1.0
num acquisition: 189, time elapsed: 42.75s
Optimization restart 1/5, f = -40.870588736475256
Optimization restart 2/5, f = -40.8705887368138
Optimization restart 3/5, f = -40.870588736837306
Optimization restart 4/5, f = -40.87058873663507
Optimization restart 5/5, f = -40.87058873677651
f inputs x:[[0.53491075 0.58054686]] ev:{} outputs y:0.05006216623193008 (n:0.028729982067026205) c:1.0
num acquisition: 190, time elapsed: 43.34s
Optimization restart 1/5, f = -43.515721531476544
Optimization restart 2/5, f = -43.51572153142274
Optimization restart 3/5, f = -43.515721531329206
Optimization restart 4/5, f = -43.515721531416716
Optimization restart 5/5, f = -43.51572153142871
f inputs x:[[-0.02743156  0.80861353]] ev:{} outputs y:5.627157850480555 (n:0.009230411876915041) c:1.0
num acquisition: 191, time elapsed: 43.73s
Optimization restart 1/5, f = -43.34369935563383
Optimization restart 2/5, f = -43.34369935558523
Optimization restart 3/5, f = -43.343699355148374
Optimization restart 4/5, f = -43.3436993556564
Optimization restart 5/5, f = -43.34369935558158
f inputs x:[[-0.19219261  0.0072345 ]] ev:{} outputs y:1.6314711654664782 (n:0.04115217998740442) c:1.0
num acquisition: 192, time elapsed: 44.18s
Optimization restart 1/5, f = -43.582124793618405
Optimization restart 2/5, f = -43.58212479442358
Optimization restart 3/5, f = -43.58212479445639
Optimization restart 4/5, f = -43.58212479448488
Optimization restart 5/5, f = -43.58212479445915
f inputs x:[[0.34404456 0.24108121]] ev:{} outputs y:0.022399139175675153 (n:-0.06194688480980448) c:1.0
num acquisition: 193, time elapsed: 44.61s
Optimization restart 1/5, f = -45.734436461281916
Optimization restart 2/5, f = -45.73443646309519
Optimization restart 3/5, f = -45.73443646311709
Optimization restart 4/5, f = -45.7344364630852
Optimization restart 5/5, f = -45.734436462658266
f inputs x:[[-0.11494157 -0.21660591]] ev:{} outputs y:3.299818601808325 (n:-0.011765205256956335) c:1.0
num acquisition: 194, time elapsed: 45.04s
Optimization restart 1/5, f = -45.3014136596704
Optimization restart 2/5, f = -45.301413673632936
Optimization restart 3/5, f = -45.301413673955594
Optimization restart 4/5, f = -45.301413673973684
Optimization restart 5/5, f = -45.30141367393868
f inputs x:[[-0.40287653  0.45220141]] ev:{} outputs y:2.398257183581367 (n:0.061290847241781715) c:1.0
num acquisition: 195, time elapsed: 45.53s
Optimization restart 1/5, f = -45.06403370752189
Optimization restart 2/5, f = -45.0640337077965
Optimization restart 3/5, f = -45.06403370697143
Optimization restart 4/5, f = -45.064033707778904
Optimization restart 5/5, f = -45.06403370779945
f inputs x:[[0.53484048 0.5806885 ]] ev:{} outputs y:0.041383714675347696 (n:0.021365380651962692) c:1.0
num acquisition: 196, time elapsed: 46.04s
Optimization restart 1/5, f = -47.82761020777643
Optimization restart 2/5, f = -47.82761020787338
Optimization restart 3/5, f = -47.82761020789958
Optimization restart 4/5, f = -47.8276102078914
Optimization restart 5/5, f = -47.82761020790876
f inputs x:[[0.44637026 0.40329108]] ev:{} outputs y:0.02186057229313438 (n:0.005108748022202546) c:1.0
num acquisition: 197, time elapsed: 46.54s
Optimization restart 1/5, f = -50.59490095513367
Optimization restart 2/5, f = -50.59490095615696
Optimization restart 3/5, f = -50.594900956151506
Optimization restart 4/5, f = -50.5949009561342
Optimization restart 5/5, f = -50.594900956130644
f inputs x:[[0.53492144 0.58072195]] ev:{} outputs y:0.07216454607742866 (n:0.05149740414941387) c:1.0
num acquisition: 198, time elapsed: 46.97s
Optimization restart 1/5, f = -52.98934427563765
Optimization restart 2/5, f = -52.98934427555545
Optimization restart 3/5, f = -52.98934427570239
Optimization restart 4/5, f = -52.98934427564106
Optimization restart 5/5, f = -52.989344275598455
f inputs x:[[0.44645861 0.40363922]] ev:{} outputs y:-0.016440767670855498 (n:-0.03244265547231359) c:1.0
num acquisition: 199, time elapsed: 47.47s
Optimization restart 1/5, f = -55.264782081100165
Optimization restart 2/5, f = -55.26478208211084
Optimization restart 3/5, f = -55.264782082142546
Optimization restart 4/5, f = -55.264782082085674
Optimization restart 5/5, f = -55.264782082099956
f inputs x:[[-0.57032159  1.        ]] ev:{} outputs y:3.886297927893786 (n:-0.07354943038869048) c:1.0
num acquisition: 200, time elapsed: 47.98s
Optimization restart 1/5, f = -54.49077295248814
Optimization restart 2/5, f = -54.49077295247217
Optimization restart 3/5, f = -54.490772949719556
Optimization restart 4/5, f = -54.490772952156235
Optimization restart 5/5, f = -54.490772952574034
f inputs x:[[0.44670694 0.40468812]] ev:{} outputs y:0.0595776557899487 (n:0.045765576990439504) c:1.0
num acquisition: 201, time elapsed: 48.52s
Optimization restart 1/5, f = -57.20589905716483
Optimization restart 2/5, f = -57.205899057052605
Optimization restart 3/5, f = -57.20589905704965
Optimization restart 4/5, f = -57.20589905697493
Optimization restart 5/5, f = -57.20589905688901
f inputs x:[[5.04932761e-01 1.46188224e-04]] ev:{} outputs y:4.735450734903329 (n:-0.012015889812715789) c:1.0
num acquisition: 202, time elapsed: 49.04s
Optimization restart 1/5, f = -56.74430810584873
Optimization restart 2/5, f = -56.74430810579079
Optimization restart 3/5, f = -56.74430810577883
Optimization restart 4/5, f = -56.74430810582254
Optimization restart 5/5, f = -56.74430810578505
f inputs x:[[0.3442836  0.24172244]] ev:{} outputs y:0.031056203823346513 (n:-0.05274688444152847) c:1.0
num acquisition: 203, time elapsed: 49.66s
Optimization restart 1/5, f = -59.117238726645596
Optimization restart 2/5, f = -59.11723872666241
Optimization restart 3/5, f = -59.117238726695234
Optimization restart 4/5, f = -59.11723872662468
Optimization restart 5/5, f = -59.11723872668149
f inputs x:[[0.53495247 0.58082677]] ev:{} outputs y:0.01293333202589108 (n:-0.0075860157885947735) c:1.0
num acquisition: 204, time elapsed: 50.22s
Optimization restart 1/5, f = -61.94468331522424
Optimization restart 2/5, f = -61.94468331520514
Optimization restart 3/5, f = -61.944683314603665
Optimization restart 4/5, f = -61.9446833152513
Optimization restart 5/5, f = -61.94468331517754
f inputs x:[[0.5349832  0.58078672]] ev:{} outputs y:-0.01159642472845581 (n:-0.03259615426373274) c:1.0
num acquisition: 205, time elapsed: 50.78s
Optimization restart 1/5, f = -64.54295882034553
Optimization restart 2/5, f = -64.54295882044126
Optimization restart 3/5, f = -64.54295881800508
Optimization restart 4/5, f = -64.54295881756832
Optimization restart 5/5, f = -64.54295882031958
f inputs x:[[0.53500602 0.58071749]] ev:{} outputs y:0.055209394937034056 (n:0.03366961343762378) c:1.0
num acquisition: 206, time elapsed: 51.39s
Optimization restart 1/5, f = -67.2080016979681
Optimization restart 2/5, f = -67.20800169797462
Optimization restart 3/5, f = -67.20800169642266
Optimization restart 4/5, f = -67.20800169796854
Optimization restart 5/5, f = -67.20800169800292
f inputs x:[[0.44662387 0.40426579]] ev:{} outputs y:0.07497444935316225 (n:0.06021276479118202) c:1.0
num acquisition: 207, time elapsed: 52.00s
Optimization restart 1/5, f = -69.75561632137378
Optimization restart 2/5, f = -69.75561632130662
Optimization restart 3/5, f = -69.75561632136191
Optimization restart 4/5, f = -69.75561632131412
Optimization restart 5/5, f = -69.75561632048067
f inputs x:[[0.34454594 0.24234627]] ev:{} outputs y:0.01794147696243721 (n:-0.0653936774083203) c:1.0
num acquisition: 208, time elapsed: 52.56s
Optimization restart 1/5, f = -71.86159594744116
Optimization restart 2/5, f = -71.86159594753641
Optimization restart 3/5, f = -71.86159594740558
Optimization restart 4/5, f = -71.86159594724771
Optimization restart 5/5, f = -71.8615959475099
f inputs x:[[0.2961813  0.79269594]] ev:{} outputs y:5.089775596762443 (n:0.02223384873013297) c:1.0
num acquisition: 209, time elapsed: 53.05s
Optimization restart 1/5, f = -71.49968516862891
Optimization restart 2/5, f = -71.49968516862972
Optimization restart 3/5, f = -71.49968516857821
Optimization restart 4/5, f = -71.49968516859427
Optimization restart 5/5, f = -71.49968516858623
f inputs x:[[ 0.11723432 -0.79198227]] ev:{} outputs y:5.673641017787633 (n:0.02575289807737491) c:1.0
num acquisition: 210, time elapsed: 53.59s
Optimization restart 1/5, f = -71.44455042640016
Optimization restart 2/5, f = -71.44455042656269
Optimization restart 3/5, f = -71.44455042652382
Optimization restart 4/5, f = -71.44455042652164
Optimization restart 5/5, f = -71.44455042653125
f inputs x:[[0.53497175 0.58083098]] ev:{} outputs y:-0.019344844281989064 (n:-0.04003652303557443) c:1.0
num acquisition: 211, time elapsed: 54.10s
Optimization restart 1/5, f = -73.92442112787634
Optimization restart 2/5, f = -73.92442112797343
Optimization restart 3/5, f = -73.92442112792973
Optimization restart 4/5, f = -73.92442112653089
Optimization restart 5/5, f = -73.92442112799291
f inputs x:[[-0.49570936  0.65276803]] ev:{} outputs y:2.674931570957052 (n:0.005091518927925163) c:1.0
num acquisition: 212, time elapsed: 54.57s
Optimization restart 1/5, f = -73.65466102991009
Optimization restart 2/5, f = -73.65466102971028
Optimization restart 3/5, f = -73.65466103007579
Optimization restart 4/5, f = -73.65466102996594
Optimization restart 5/5, f = -73.65466102965559
f inputs x:[[0.44637988 0.40328381]] ev:{} outputs y:0.040615060098922316 (n:0.023768544171731312) c:1.0
num acquisition: 213, time elapsed: 55.10s
Optimization restart 1/5, f = -76.52295174803461
Optimization restart 2/5, f = -76.52295174793734
Optimization restart 3/5, f = -76.52295174682715
Optimization restart 4/5, f = -76.52295174800199
Optimization restart 5/5, f = -76.5229517479728
f inputs x:[[0.53498544 0.58074858]] ev:{} outputs y:0.09905492565324255 (n:0.07786379471693675) c:1.0
num acquisition: 214, time elapsed: 55.59s
Optimization restart 1/5, f = -78.19902908920878
Optimization restart 2/5, f = -78.19902908910491
Optimization restart 3/5, f = -78.19902908920912
Optimization restart 4/5, f = -78.19902908905496
Optimization restart 5/5, f = -78.19902908921408
f inputs x:[[0.53492941 0.58089169]] ev:{} outputs y:0.08932808164162062 (n:0.06931112803876012) c:1.0
num acquisition: 215, time elapsed: 56.19s
Optimization restart 1/5, f = -80.28414657888962
Optimization restart 2/5, f = -80.28414657932812
Optimization restart 3/5, f = -80.28414657961932
Optimization restart 4/5, f = -80.28414657962645
Optimization restart 5/5, f = -80.28414657974777
f inputs x:[[0.34483964 0.24291849]] ev:{} outputs y:-0.010766432567052273 (n:-0.09369128070881504) c:1.0
num acquisition: 216, time elapsed: 56.71s
Optimization restart 1/5, f = -81.63219625649704
Optimization restart 2/5, f = -81.63219625659264
Optimization restart 3/5, f = -81.63219625670426
Optimization restart 4/5, f = -81.6321962564675
Optimization restart 5/5, f = -81.63219625666302
f inputs x:[[0.59931046 0.71935976]] ev:{} outputs y:0.14623640026431176 (n:-0.00402883664162603) c:1.0
num acquisition: 217, time elapsed: 57.25s
Optimization restart 1/5, f = -79.82183748974097
Optimization restart 2/5, f = -79.82183749011115
Optimization restart 3/5, f = -79.82183749005488
Optimization restart 4/5, f = -79.82183749010892
Optimization restart 5/5, f = -79.82183748981046
f inputs x:[[0.57995795 0.70904397]] ev:{} outputs y:0.089753883925397 (n:-0.09783649736119289) c:1.0
num acquisition: 218, time elapsed: 57.93s
Optimization restart 1/5, f = -80.8084112421685
Optimization restart 2/5, f = -80.80841124236133
Optimization restart 3/5, f = -80.8084112422868
Optimization restart 4/5, f = -80.80841124230012
Optimization restart 5/5, f = -80.80841124228633
f inputs x:[[0.53609071 0.58116107]] ev:{} outputs y:-0.017493766916894 (n:-0.04965242747496985) c:1.0
num acquisition: 219, time elapsed: 58.56s
Optimization restart 1/5, f = -83.22322918738334
Optimization restart 2/5, f = -83.22322918834098
Optimization restart 3/5, f = -83.22322918818327
Optimization restart 4/5, f = -83.22322918836662
Optimization restart 5/5, f = -83.22322918831638
f inputs x:[[0.53633218 0.58126395]] ev:{} outputs y:0.07662289441765169 (n:0.04172317389342742) c:1.0
num acquisition: 220, time elapsed: 59.16s
Optimization restart 1/5, f = -85.56880982511288
Optimization restart 2/5, f = -85.56880982724473
Optimization restart 3/5, f = -85.56880982723698
Optimization restart 4/5, f = -85.56880978526883
Optimization restart 5/5, f = -85.56880982717965
f inputs x:[[0.2906774  0.14747066]] ev:{} outputs y:0.36299070845779036 (n:-0.00029530110510491374) c:1.0
num acquisition: 221, time elapsed: 59.75s
Optimization restart 1/5, f = -87.3182161113709
Optimization restart 2/5, f = -87.31821611114555
Optimization restart 3/5, f = -87.31821611136886
Optimization restart 4/5, f = -87.31821611142094
Optimization restart 5/5, f = -87.31821611122425
f inputs x:[[0.53597453 0.58104098]] ev:{} outputs y:0.13035622224888369 (n:0.09904920569476246) c:1.0
num acquisition: 222, time elapsed: 60.43s
Optimization restart 1/5, f = -88.12317824219446
Optimization restart 2/5, f = -88.12317824221577
Optimization restart 3/5, f = -88.12317824253986
Optimization restart 4/5, f = -88.1231782425541
Optimization restart 5/5, f = -88.12317824143386
f inputs x:[[0.53549917 0.58095829]] ev:{} outputs y:0.11121362454441445 (n:0.08541888448914654) c:1.0
num acquisition: 223, time elapsed: 61.16s
Optimization restart 1/5, f = -89.80773448679967
Optimization restart 2/5, f = -89.80773448903881
Optimization restart 3/5, f = -89.80773448901571
Optimization restart 4/5, f = -89.80773448905629
Optimization restart 5/5, f = -89.80773448909734
f inputs x:[[0.44630075 0.40296513]] ev:{} outputs y:-0.011412652582427425 (n:-0.028986333344945738) c:1.0
num acquisition: 224, time elapsed: 61.80s
Optimization restart 1/5, f = -92.1410507069242
Optimization restart 2/5, f = -92.14105070905015
Optimization restart 3/5, f = -92.14105070852534
Optimization restart 4/5, f = -92.14105070920007
Optimization restart 5/5, f = -92.14105070913826
f inputs x:[[0.53536318 0.58098163]] ev:{} outputs y:0.013714231679578776 (n:-0.010406213853795712) c:1.0
num acquisition: 225, time elapsed: 62.44s
Optimization restart 1/5, f = -94.84694258970097
Optimization restart 2/5, f = -94.84694258975767
Optimization restart 3/5, f = -94.84694258972772
Optimization restart 4/5, f = -94.84694258970957
Optimization restart 5/5, f = -94.84694258969337
f inputs x:[[0.44646366 0.40362772]] ev:{} outputs y:0.025031761954344103 (n:0.008953070303030879) c:1.0
num acquisition: 226, time elapsed: 63.10s
Optimization restart 1/5, f = -97.64223826782701
Optimization restart 2/5, f = -97.64223826984511
Optimization restart 3/5, f = -97.64223827035327
Optimization restart 4/5, f = -97.64223827041249
Optimization restart 5/5, f = -97.64223827032419
f inputs x:[[0.44650562 0.40378717]] ev:{} outputs y:0.13239984300219232 (n:0.11664693127894837) c:1.0
num acquisition: 227, time elapsed: 63.84s
Optimization restart 1/5, f = -98.6357197830194
Optimization restart 2/5, f = -98.63571975920041
Optimization restart 3/5, f = -98.63571978522288
Optimization restart 4/5, f = -98.6357197851267
Optimization restart 5/5, f = -98.63571978513416
f inputs x:[[0.44611273 0.40220706]] ev:{} outputs y:0.07973669139218066 (n:0.06033287907406198) c:1.0
num acquisition: 228, time elapsed: 64.54s
Optimization restart 1/5, f = -101.14468595041163
Optimization restart 2/5, f = -101.14468595045791
Optimization restart 3/5, f = -101.1446859504029
Optimization restart 4/5, f = -101.14468595022427
Optimization restart 5/5, f = -101.14468594964399
f inputs x:[[0.44602828 0.4018591 ]] ev:{} outputs y:0.051415885801003744 (n:0.031110690862337767) c:1.0
num acquisition: 229, time elapsed: 65.21s
Optimization restart 1/5, f = -103.93018371585666
Optimization restart 2/5, f = -103.93018371642972
Optimization restart 3/5, f = -103.93018371521565
Optimization restart 4/5, f = -103.93018371651074
Optimization restart 5/5, f = -103.93018371649407
f inputs x:[[0.44602399 0.40182967]] ev:{} outputs y:0.14766306086462327 (n:0.1272572681194181) c:1.0
num acquisition: 230, time elapsed: 65.93s
Optimization restart 1/5, f = -104.661078628252
Optimization restart 2/5, f = -104.66107862851706
Optimization restart 3/5, f = -104.6610786285251
Optimization restart 4/5, f = -104.66107862737007
Optimization restart 5/5, f = -104.66107862849339
f inputs x:[[0.44575608 0.40080095]] ev:{} outputs y:0.02155996133380295 (n:-0.0015353496338691064) c:1.0
num acquisition: 231, time elapsed: 66.68s
Optimization restart 1/5, f = -107.31830630639692
Optimization restart 2/5, f = -107.31830630653911
Optimization restart 3/5, f = -107.31830630647863
Optimization restart 4/5, f = -107.31830630657235
Optimization restart 5/5, f = -107.31830630646984
f inputs x:[[-0.04405973  0.03843046]] ev:{} outputs y:1.0441979727873987 (n:0.055947721068994975) c:1.0
num acquisition: 232, time elapsed: 67.37s
Optimization restart 1/5, f = -107.99424808223793
Optimization restart 2/5, f = -107.99424808340534
Optimization restart 3/5, f = -107.99424808336872
Optimization restart 4/5, f = -107.9942480833025
Optimization restart 5/5, f = -107.9942480831183
f inputs x:[[-0.77629088 -0.76810617]] ev:{} outputs y:7.42531621009579 (n:-0.006734733980559209) c:1.0
num acquisition: 233, time elapsed: 68.12s
Optimization restart 1/5, f = -108.94217013024544
Optimization restart 2/5, f = -108.94217012924412
Optimization restart 3/5, f = -108.94217013023669
Optimization restart 4/5, f = -108.94217012627024
Optimization restart 5/5, f = -108.94217013019541
f inputs x:[[0.53530745 0.58094177]] ev:{} outputs y:0.0539767542786561 (n:0.030279981315133847) c:1.0
num acquisition: 234, time elapsed: 68.89s
Optimization restart 1/5, f = -111.67785149031965
Optimization restart 2/5, f = -111.67785149082637
Optimization restart 3/5, f = -111.67785149074952
Optimization restart 4/5, f = -111.67785149050246
Optimization restart 5/5, f = -111.67785149058635
f inputs x:[[ 0.51546445 -0.75242363]] ev:{} outputs y:6.588020563180024 (n:0.028234202814579674) c:1.0
num acquisition: 235, time elapsed: 69.55s
Optimization restart 1/5, f = -112.11846816697317
Optimization restart 2/5, f = -112.11846816677749
Optimization restart 3/5, f = -112.11846816694941
Optimization restart 4/5, f = -112.1184681668098
Optimization restart 5/5, f = -112.11846816545236
f inputs x:[[0.58599484 0.71195106]] ev:{} outputs y:0.08951282023031608 (n:0.02025796621931941) c:1.0
num acquisition: 236, time elapsed: 70.26s
Optimization restart 1/5, f = -114.68150981601619
Optimization restart 2/5, f = -114.68150981549883
Optimization restart 3/5, f = -114.6815098159318
Optimization restart 4/5, f = -114.6815098159719
Optimization restart 5/5, f = -114.68150981595892
f inputs x:[[0.53531268 0.58093022]] ev:{} outputs y:-0.0002720007324781143 (n:-0.024082644927514208) c:1.0
num acquisition: 237, time elapsed: 71.03s
Optimization restart 1/5, f = -117.20580756415956
Optimization restart 2/5, f = -117.20580756487308
Optimization restart 3/5, f = -117.2058075649469
Optimization restart 4/5, f = -117.20580756488468
Optimization restart 5/5, f = -117.20580756493928
f inputs x:[[0.53533607 0.58089265]] ev:{} outputs y:-0.014968105746802678 (n:-0.039223584591870725) c:1.0
num acquisition: 238, time elapsed: 71.79s
Optimization restart 1/5, f = -119.50601509416433
Optimization restart 2/5, f = -119.5060151915591
Optimization restart 3/5, f = -119.50601519157127
Optimization restart 4/5, f = -119.50601519156837
Optimization restart 5/5, f = -119.50601519160114
f inputs x:[[0.53536331 0.58084352]] ev:{} outputs y:0.11201457766779606 (n:0.08720613595996751) c:1.0
num acquisition: 239, time elapsed: 72.43s
Optimization restart 1/5, f = -121.15225190290553
Optimization restart 2/5, f = -121.1522519030126
Optimization restart 3/5, f = -121.15225190301572
Optimization restart 4/5, f = -121.1522519030072
Optimization restart 5/5, f = -121.1522519027485
f inputs x:[[ 0.7310537  -0.22513867]] ev:{} outputs y:6.584465776162528 (n:-0.010902433115480444) c:1.0
num acquisition: 240, time elapsed: 73.21s
Optimization restart 1/5, f = -121.60685460016123
Optimization restart 2/5, f = -121.60685459776556
Optimization restart 3/5, f = -121.60685460019562
Optimization restart 4/5, f = -121.60685460022205
Optimization restart 5/5, f = -121.60685457952579
f inputs x:[[0.5352958 0.5809732]] ev:{} outputs y:0.010843894191455698 (n:-0.012573381294518078) c:1.0
num acquisition: 241, time elapsed: 74.08s
Optimization restart 1/5, f = -124.27231095270145
Optimization restart 2/5, f = -124.27231095353449
Optimization restart 3/5, f = -124.27231095352462
Optimization restart 4/5, f = -124.27231095355944
Optimization restart 5/5, f = -124.27231095342495
f inputs x:[[0.34535767 0.24383423]] ev:{} outputs y:0.0019862427749137296 (n:-0.080291119705998) c:1.0
num acquisition: 242, time elapsed: 74.93s
Optimization restart 1/5, f = -126.12776598149242
Optimization restart 2/5, f = -126.12776598127326
Optimization restart 3/5, f = -126.12776598135183
Optimization restart 4/5, f = -126.12776443623022
Optimization restart 5/5, f = -126.1277659814134
f inputs x:[[0.53531061 0.58095895]] ev:{} outputs y:0.07291923436094169 (n:0.04927092217489928) c:1.0
num acquisition: 243, time elapsed: 75.73s
Optimization restart 1/5, f = -128.66415305823878
Optimization restart 2/5, f = -128.66415305712545
Optimization restart 3/5, f = -128.66415306038843
Optimization restart 4/5, f = -128.66415306052764
Optimization restart 5/5, f = -128.66415305991
f inputs x:[[0.53529621 0.58095639]] ev:{} outputs y:0.10552622908468884 (n:0.0820235618608831) c:1.0
num acquisition: 244, time elapsed: 76.53s
Optimization restart 1/5, f = -130.5763883190206
Optimization restart 2/5, f = -130.57638831912232
Optimization restart 3/5, f = -130.5763883191705
Optimization restart 4/5, f = -130.5763883191989
Optimization restart 5/5, f = -130.57638831879206
f inputs x:[[0.44575861 0.40082633]] ev:{} outputs y:0.01987176923698669 (n:-0.0031183956029452154) c:1.0
num acquisition: 245, time elapsed: 77.37s
Optimization restart 1/5, f = -133.22680481963917
Optimization restart 2/5, f = -133.22680483594743
Optimization restart 3/5, f = -133.22680483642296
Optimization restart 4/5, f = -133.22680483608872
Optimization restart 5/5, f = -133.22680483610486
[0.44459835 0.39649212]
