INFO:GP:initializing Y
INFO:GP:initializing inference method
INFO:GP:adding kernel and likelihood as parameters
removed robo import in opts.py l17 due to theano errors
f inputs x:[[-0.05969514  0.66206812]] ev:{} outputs y:5.1548974895686275 (n:-0.04954459007981842) c:1.0
f inputs x:[[0.68494873 0.65280106]] ev:{} outputs y:3.7419049830015414 (n:0.0293508920542354) c:1.0
f inputs x:[[ 0.82507044 -0.91186046]] ev:{} outputs y:7.673290155166767 (n:-0.03731377378020299) c:1.0
f inputs x:[[0.9589006  0.99632535]] ev:{} outputs y:5.856864739593367 (n:0.05242808804873731) c:1.0
f inputs x:[[-0.44406265  0.4590581 ]] ev:{} outputs y:1.858759501229689 (n:0.07967511983611783) c:1.0
Using a model defined by the used.
Optimization restart 1/5, f = 7.094692811372914
Optimization restart 2/5, f = 7.094692673165095
Optimization restart 3/5, f = 7.094692666030264
Optimization restart 4/5, f = 7.09469286956735
Optimization restart 5/5, f = 7.09469267401363
f inputs x:[[-0.43486804  0.45028984]] ev:{} outputs y:1.7878642698885607 (n:-0.04290889035517162) c:1.0
num acquisition: 1, time elapsed: 0.16s
Optimization restart 1/5, f = 5.360773380815496
Optimization restart 2/5, f = 5.360773363306214
Optimization restart 3/5, f = 5.360773363307466
Optimization restart 4/5, f = 5.360773363305795
Optimization restart 5/5, f = 5.360773363547567
f inputs x:[[-0.45496536  0.29769464]] ev:{} outputs y:2.497319239684351 (n:0.0624145230486169) c:1.0
num acquisition: 2, time elapsed: 0.25s
Optimization restart 1/5, f = 6.186011217528533
Optimization restart 2/5, f = 6.186011773162127
Optimization restart 3/5, f = 6.186011203643272
Optimization restart 4/5, f = 6.186013933440001
Optimization restart 5/5, f = 6.186011217772627
f inputs x:[[-0.31229555  0.39880984]] ev:{} outputs y:3.005821253434306 (n:-0.005293126123511722) c:1.0
num acquisition: 3, time elapsed: 0.39s
Optimization restart 1/5, f = 7.392112116191665
Optimization restart 2/5, f = 7.372175205642641
Optimization restart 3/5, f = 7.372175205616653
Optimization restart 4/5, f = 7.372175205603426
Optimization restart 5/5, f = 7.392112126526964
f inputs x:[[-0.666748    0.49698681]] ev:{} outputs y:4.383083586120424 (n:0.02258694563824068) c:1.0
num acquisition: 4, time elapsed: 0.51s
Optimization restart 1/5, f = 8.663936287183168
Optimization restart 2/5, f = 8.663939792821875
Optimization restart 3/5, f = 8.663935900701178
Optimization restart 4/5, f = 8.663935983799437
Optimization restart 5/5, f = 8.663936441636679
f inputs x:[[-0.45126639  0.40358782]] ev:{} outputs y:1.601205236688661 (n:0.03705367284688778) c:1.0
num acquisition: 5, time elapsed: 0.69s
Optimization restart 1/5, f = 8.123768045351742
Optimization restart 2/5, f = 8.123767909409537
Optimization restart 3/5, f = 8.123767921023811
Optimization restart 4/5, f = 8.123768109275987
Optimization restart 5/5, f = 8.12376802049484
f inputs x:[[-1. -1.]] ev:{} outputs y:8.309382916295995 (n:0.03887670372234636) c:1.0
num acquisition: 6, time elapsed: 0.84s
Optimization restart 1/5, f = 8.676330025138705
Optimization restart 2/5, f = 8.676330724620854
Optimization restart 3/5, f = 8.676329950129851
Optimization restart 4/5, f = 8.676330055574248
Optimization restart 5/5, f = 8.676329960985537
f inputs x:[[0.76327207 0.18485739]] ev:{} outputs y:6.015192753064211 (n:-0.04327137587042468) c:1.0
num acquisition: 7, time elapsed: 0.98s
Optimization restart 1/5, f = 9.796329074615485
Optimization restart 2/5, f = 9.79632943178957
Optimization restart 3/5, f = 9.796329280314552
Optimization restart 4/5, f = 9.796329282131124
Optimization restart 5/5, f = 9.79632900534272
f inputs x:[[-0.09616151 -0.52764873]] ev:{} outputs y:4.853388756987048 (n:0.003388521141530694) c:1.0
num acquisition: 8, time elapsed: 1.11s
Optimization restart 1/5, f = 11.057476444666122
Optimization restart 2/5, f = 11.057476385765852
Optimization restart 3/5, f = 11.057479060096632
Optimization restart 4/5, f = 11.0574764283197
Optimization restart 5/5, f = 11.057476426810496
f inputs x:[[-1.         -0.08395155]] ev:{} outputs y:7.529329641139992 (n:-0.029026766450630903) c:1.0
num acquisition: 9, time elapsed: 1.24s
Optimization restart 1/5, f = 11.901821251619745
Optimization restart 2/5, f = 11.901821175878519
Optimization restart 3/5, f = 11.901822471215043
Optimization restart 4/5, f = 11.901823599857627
Optimization restart 5/5, f = 11.901832397259945
f inputs x:[[0.40298143 0.93748782]] ev:{} outputs y:5.02798216254243 (n:-0.012239400022840805) c:1.0
num acquisition: 10, time elapsed: 1.38s
Optimization restart 1/5, f = 13.121125096476504
Optimization restart 2/5, f = 13.121125025288535
Optimization restart 3/5, f = 13.12112561492457
Optimization restart 4/5, f = 13.12112889781443
Optimization restart 5/5, f = 13.12112502897672
f inputs x:[[-1.  1.]] ev:{} outputs y:6.138378981870654 (n:-0.016378024322337124) c:1.0
num acquisition: 11, time elapsed: 1.52s
Optimization restart 1/5, f = 14.140398644592263
Optimization restart 2/5, f = 14.140398674702007
Optimization restart 3/5, f = 14.14039963042439
Optimization restart 4/5, f = 14.140402874561834
Optimization restart 5/5, f = 14.140398586114456
f inputs x:[[-0.04185049 -1.        ]] ev:{} outputs y:6.09203632920622 (n:0.040833308134924556) c:1.0
num acquisition: 12, time elapsed: 1.65s
Optimization restart 1/5, f = 15.161731794490361
Optimization restart 2/5, f = 15.161732272622165
Optimization restart 3/5, f = 15.161731738677542
Optimization restart 4/5, f = 15.161734314926639
Optimization restart 5/5, f = 15.16173446525946
f inputs x:[[ 0.1118892  -0.07782957]] ev:{} outputs y:1.755626885961751 (n:-0.05012626107481741) c:1.0
num acquisition: 13, time elapsed: 1.79s
Optimization restart 1/5, f = 17.40186928990154
Optimization restart 2/5, f = 17.40188462718857
Optimization restart 3/5, f = 17.401869329608417
Optimization restart 4/5, f = 17.401869242096943
Optimization restart 5/5, f = 17.40186931931384
f inputs x:[[ 0.2269464 -0.1611675]] ev:{} outputs y:3.3946631085450654 (n:-0.042823636524518004) c:1.0
num acquisition: 14, time elapsed: 1.95s
Optimization restart 1/5, f = 18.63041372854623
Optimization restart 2/5, f = 18.63042110081102
Optimization restart 3/5, f = 18.630453850031927
Optimization restart 4/5, f = 18.630413787039146
Optimization restart 5/5, f = 18.630414085377137
f inputs x:[[-0.00655783 -0.02533165]] ev:{} outputs y:0.8148132259467625 (n:-0.01725266390045722) c:1.0
num acquisition: 15, time elapsed: 2.09s
Optimization restart 1/5, f = 19.035657158827835
Optimization restart 2/5, f = 19.035658055566195
Optimization restart 3/5, f = 19.035657602838032
Optimization restart 4/5, f = 19.03565789624301
Optimization restart 5/5, f = 19.03565730068747
f inputs x:[[-0.07789168 -0.1061015 ]] ev:{} outputs y:2.0989960365022515 (n:-0.009630162938635263) c:1.0
num acquisition: 16, time elapsed: 2.24s
Optimization restart 1/5, f = 19.828449037592193
Optimization restart 2/5, f = 19.828449299636215
Optimization restart 3/5, f = 19.828449024655004
Optimization restart 4/5, f = 19.828449152413903
Optimization restart 5/5, f = 19.82844912093411
f inputs x:[[0.02929917 0.07107622]] ev:{} outputs y:1.3299645469326171 (n:-0.030744282352901126) c:1.0
num acquisition: 17, time elapsed: 2.40s
Optimization restart 1/5, f = 20.054606903119513
Optimization restart 2/5, f = 20.054606982008846
Optimization restart 3/5, f = 20.054608587706284
Optimization restart 4/5, f = 20.054606958231364
Optimization restart 5/5, f = 20.054606860756678
f inputs x:[[-0.06852635  0.03253889]] ev:{} outputs y:0.8611292716758264 (n:-0.06342789444309059) c:1.0
num acquisition: 18, time elapsed: 2.56s
Optimization restart 1/5, f = 19.832445776319965
Optimization restart 2/5, f = 19.832445758054305
Optimization restart 3/5, f = 19.832445739651533
Optimization restart 4/5, f = 19.832445744412766
Optimization restart 5/5, f = 19.83244909002593
f inputs x:[[-0.36275209  1.        ]] ev:{} outputs y:5.460827579386628 (n:0.032087758585933934) c:1.0
num acquisition: 19, time elapsed: 2.70s
Optimization restart 1/5, f = 20.83012187994141
Optimization restart 2/5, f = 20.830121829457866
Optimization restart 3/5, f = 20.83012220529308
Optimization restart 4/5, f = 20.830121831539202
Optimization restart 5/5, f = 20.830122402626962
f inputs x:[[-0.02359969  0.00885424]] ev:{} outputs y:0.6487666577452628 (n:-0.10451391561677825) c:1.0
num acquisition: 20, time elapsed: 2.84s
Optimization restart 1/5, f = 18.983493267495493
Optimization restart 2/5, f = 18.98349381605174
Optimization restart 3/5, f = 18.983493390506922
Optimization restart 4/5, f = 18.983493353013355
Optimization restart 5/5, f = 18.983493221374566
f inputs x:[[ 1.         -0.30727456]] ev:{} outputs y:7.726011291153756 (n:-0.02710234820552876) c:1.0
num acquisition: 21, time elapsed: 2.98s
Optimization restart 1/5, f = 19.39401325612821
Optimization restart 2/5, f = 19.394013285661288
Optimization restart 3/5, f = 19.39401338386961
Optimization restart 4/5, f = 19.394013301685828
Optimization restart 5/5, f = 19.39401429089959
f inputs x:[[0.37445743 0.44758573]] ev:{} outputs y:2.4830076598431217 (n:0.01084815747092727) c:1.0
num acquisition: 22, time elapsed: 3.12s
Optimization restart 1/5, f = 21.167923224224285
Optimization restart 2/5, f = 21.167923170436993
Optimization restart 3/5, f = 21.167923191946038
Optimization restart 4/5, f = 21.16792563840859
Optimization restart 5/5, f = 21.167923414593922
f inputs x:[[0.33892877 0.17075101]] ev:{} outputs y:1.0672367247021348 (n:0.023804745460995886) c:1.0
num acquisition: 23, time elapsed: 3.28s
Optimization restart 1/5, f = 22.98153381015257
Optimization restart 2/5, f = 25.773717773290034
Optimization restart 3/5, f = 22.981534545752968
Optimization restart 4/5, f = 22.98153697792124
Optimization restart 5/5, f = 22.981533768142533
f inputs x:[[0.26521268 0.26043167]] ev:{} outputs y:1.9643755932790259 (n:0.03436364819563951) c:1.0
num acquisition: 24, time elapsed: 3.42s
Optimization restart 1/5, f = 23.40084721476193
Optimization restart 2/5, f = 26.166506120206456
Optimization restart 3/5, f = 23.400850314003097
Optimization restart 4/5, f = 23.40084726641948
Optimization restart 5/5, f = 23.40084769900156
f inputs x:[[0.28180301 0.06346649]] ev:{} outputs y:1.6911209388813084 (n:0.02268151215436298) c:1.0
num acquisition: 25, time elapsed: 3.57s
Optimization restart 1/5, f = 23.572382483230847
Optimization restart 2/5, f = 23.572383157968474
Optimization restart 3/5, f = 23.572382488558382
Optimization restart 4/5, f = 26.132882838893824
Optimization restart 5/5, f = 26.132882838893458
f inputs x:[[0.44013299 0.2519013 ]] ev:{} outputs y:2.245300384611083 (n:-0.03787046994936818) c:1.0
num acquisition: 26, time elapsed: 3.72s
Optimization restart 1/5, f = 24.413879205266294
Optimization restart 2/5, f = 26.250693853470985
Optimization restart 3/5, f = 24.413879995616618
Optimization restart 4/5, f = 24.41387918582111
Optimization restart 5/5, f = 26.250693853461733
f inputs x:[[-0.53979641 -0.50922648]] ev:{} outputs y:6.298359785949171 (n:0.04747663943049104) c:1.0
num acquisition: 27, time elapsed: 3.86s
Optimization restart 1/5, f = 25.052026090964752
Optimization restart 2/5, f = 25.052026364746837
Optimization restart 3/5, f = 25.05202667198818
Optimization restart 4/5, f = 25.05202742554883
Optimization restart 5/5, f = 25.052026127455132
f inputs x:[[1.         0.54158571]] ev:{} outputs y:6.8600767459202725 (n:-0.000487341272426953) c:1.0
num acquisition: 28, time elapsed: 3.99s
Optimization restart 1/5, f = 25.68737487746108
Optimization restart 2/5, f = 25.687375282340504
Optimization restart 3/5, f = 26.82624581660761
Optimization restart 4/5, f = 26.82624581660737
Optimization restart 5/5, f = 25.68737522833015
f inputs x:[[ 0.32969548 -0.64543368]] ev:{} outputs y:5.728305635379319 (n:-0.031070543982273897) c:1.0
num acquisition: 29, time elapsed: 4.12s
Optimization restart 1/5, f = 26.48959226557589
Optimization restart 2/5, f = 26.489592242630692
Optimization restart 3/5, f = 26.489592335387428
Optimization restart 4/5, f = 27.368855948585235
Optimization restart 5/5, f = 26.489592643997927
f inputs x:[[0.43392108 0.06737475]] ev:{} outputs y:3.6972537235503666 (n:-0.07528657521642945) c:1.0
num acquisition: 30, time elapsed: 4.27s
Optimization restart 1/5, f = 28.44159369615551
Optimization restart 2/5, f = 28.441593664025298
Optimization restart 3/5, f = 28.483146755932353
Optimization restart 4/5, f = 28.483146755935852
Optimization restart 5/5, f = 28.4415974665358
f inputs x:[[-0.35375883 -0.0467072 ]] ev:{} outputs y:3.8277823469676635 (n:0.07868776983853192) c:1.0
num acquisition: 31, time elapsed: 4.40s
Optimization restart 1/5, f = 29.493728308424178
Optimization restart 2/5, f = 29.493728277500487
Optimization restart 3/5, f = 29.9917084773675
Optimization restart 4/5, f = 29.493728348208982
Optimization restart 5/5, f = 29.991708477283733
f inputs x:[[-0.46617585 -1.        ]] ev:{} outputs y:6.740079720181218 (n:-0.04062418178919494) c:1.0
num acquisition: 32, time elapsed: 4.52s
Optimization restart 1/5, f = 29.896334146876946
Optimization restart 2/5, f = 29.896334766952382
Optimization restart 3/5, f = 29.896336136064843
Optimization restart 4/5, f = 30.039881416008885
Optimization restart 5/5, f = 30.039881416010427
f inputs x:[[0.43618842 0.64639556]] ev:{} outputs y:3.3579793099034165 (n:0.002517780936347129) c:1.0
num acquisition: 33, time elapsed: 4.66s
Optimization restart 1/5, f = 30.65745872177763
Optimization restart 2/5, f = 30.65745870535659
Optimization restart 3/5, f = 30.65746070530411
Optimization restart 4/5, f = 30.382616456490098
Optimization restart 5/5, f = 30.65745964734964
f inputs x:[[0.0350284  0.11696064]] ev:{} outputs y:2.011184136328408 (n:0.015736931407616114) c:1.0
num acquisition: 34, time elapsed: 4.81s
Optimization restart 1/5, f = 31.652425610517895
Optimization restart 2/5, f = 55.33860279498223
Optimization restart 3/5, f = 31.65242561051265
Optimization restart 4/5, f = 29.554286277073665
Optimization restart 5/5, f = 29.554286138479476
f inputs x:[[0.04018531 1.        ]] ev:{} outputs y:5.919252731748136 (n:-0.11743097866140698) c:1.0
num acquisition: 35, time elapsed: 4.95s
Optimization restart 1/5, f = 30.264457860229292
Optimization restart 2/5, f = 30.26445750975423
Optimization restart 3/5, f = 30.264457668202795
Optimization restart 4/5, f = 30.26453609084853
Optimization restart 5/5, f = 30.26450897784022
f inputs x:[[-1.          0.42292802]] ev:{} outputs y:7.023375212812956 (n:0.004126126815905037) c:1.0
num acquisition: 36, time elapsed: 5.08s
Optimization restart 1/5, f = 30.603227460723353
Optimization restart 2/5, f = 30.603227477772545
Optimization restart 3/5, f = 32.01521637951758
Optimization restart 4/5, f = 32.01521637920372
Optimization restart 5/5, f = 32.015216379202286
f inputs x:[[ 0.36894423 -1.        ]] ev:{} outputs y:6.550188701342849 (n:0.017944485887003116) c:1.0
num acquisition: 37, time elapsed: 5.22s
Optimization restart 1/5, f = 31.042377173000876
Optimization restart 2/5, f = 31.04237722813041
Optimization restart 3/5, f = 32.077750884183
Optimization restart 4/5, f = 31.042377241803166
Optimization restart 5/5, f = 31.04237825271546
f inputs x:[[-1.        -0.5236761]] ev:{} outputs y:8.016502669793327 (n:0.08478652863341199) c:1.0
num acquisition: 38, time elapsed: 5.37s
Optimization restart 1/5, f = 30.81193676339851
Optimization restart 2/5, f = 31.302913798813876
Optimization restart 3/5, f = 30.81193796185361
Optimization restart 4/5, f = 30.811936871822475
Optimization restart 5/5, f = 31.302913798811524
f inputs x:[[0.56278215 0.46373505]] ev:{} outputs y:2.7785359975979675 (n:0.046435544546330226) c:1.0
num acquisition: 39, time elapsed: 5.51s
Optimization restart 1/5, f = 31.326200155941045
Optimization restart 2/5, f = 31.326204894237048
Optimization restart 3/5, f = 31.326200672836755
Optimization restart 4/5, f = 31.6218711538472
Optimization restart 5/5, f = 31.326200227386703
f inputs x:[[0.25509257 0.14876211]] ev:{} outputs y:0.27540349342711434 (n:-0.008847415081744315) c:1.0
num acquisition: 40, time elapsed: 5.66s
Optimization restart 1/5, f = 35.222459982987154
Optimization restart 2/5, f = 32.711643622102486
Optimization restart 3/5, f = 32.71164362198551
Optimization restart 4/5, f = 32.711643621988216
Optimization restart 5/5, f = 35.22245996570129
f inputs x:[[0.07528298 0.12630518]] ev:{} outputs y:1.9625412280818282 (n:-0.016153043057793044) c:1.0
num acquisition: 41, time elapsed: 5.82s
Optimization restart 1/5, f = 33.45896567978991
Optimization restart 2/5, f = 33.45896567984039
Optimization restart 3/5, f = 34.11634577732288
Optimization restart 4/5, f = 33.45896567989235
Optimization restart 5/5, f = 34.11634580292625
f inputs x:[[0.06679762 0.1115213 ]] ev:{} outputs y:1.8575631830828647 (n:0.04245798859627465) c:1.0
num acquisition: 42, time elapsed: 5.97s
Optimization restart 1/5, f = 33.74243520223588
Optimization restart 2/5, f = 31.4606554062076
Optimization restart 3/5, f = 31.46065517037848
Optimization restart 4/5, f = 33.74243520228882
Optimization restart 5/5, f = 33.742435202238795
f inputs x:[[0.22959181 0.1419144 ]] ev:{} outputs y:0.5177836685942798 (n:-0.05002031555130809) c:1.0
num acquisition: 43, time elapsed: 6.15s
Optimization restart 1/5, f = 31.8033575388878
Optimization restart 2/5, f = 33.93445891081271
Optimization restart 3/5, f = 31.464445184735165
Optimization restart 4/5, f = 31.464445184735194
Optimization restart 5/5, f = 33.93445891080279
f inputs x:[[-0.63974708  0.83946753]] ev:{} outputs y:1.8276695161216134 (n:-0.018847905371195933) c:1.0
num acquisition: 44, time elapsed: 6.28s
Optimization restart 1/5, f = 34.28844730861587
Optimization restart 2/5, f = 34.28844730786388
Optimization restart 3/5, f = 34.288447307893705
Optimization restart 4/5, f = 34.28844730800084
Optimization restart 5/5, f = 34.28844730783855
f inputs x:[[-0.66823147  1.        ]] ev:{} outputs y:2.2759874304626506 (n:0.006328449576920456) c:1.0
num acquisition: 45, time elapsed: 6.42s
Optimization restart 1/5, f = 35.209336396041664
Optimization restart 2/5, f = 35.209336396040044
Optimization restart 3/5, f = 35.20933639641609
Optimization restart 4/5, f = 35.20933639604802
Optimization restart 5/5, f = 35.209336396111624
f inputs x:[[-0.48471631  0.7334656 ]] ev:{} outputs y:3.576203631642066 (n:0.12091855352010589) c:1.0
num acquisition: 46, time elapsed: 6.56s
Optimization restart 1/5, f = 36.07107996796836
Optimization restart 2/5, f = 36.07107996796385
Optimization restart 3/5, f = 36.071079970377525
Optimization restart 4/5, f = 36.071079967970306
Optimization restart 5/5, f = 36.07107996795921
f inputs x:[[0.26403277 0.15419469]] ev:{} outputs y:0.29196109153203176 (n:0.05638411167811719) c:1.0
num acquisition: 47, time elapsed: 6.72s
Optimization restart 1/5, f = 33.0101941649575
Optimization restart 2/5, f = 33.010194164951244
Optimization restart 3/5, f = 33.0101941649545
Optimization restart 4/5, f = 33.01019416761372
Optimization restart 5/5, f = 33.01019416494873
f inputs x:[[-0.7875456   0.80288622]] ev:{} outputs y:4.5073796302762625 (n:-0.09211397676977895) c:1.0
num acquisition: 48, time elapsed: 6.84s
Optimization restart 1/5, f = 34.34375183008203
Optimization restart 2/5, f = 34.34375182978611
Optimization restart 3/5, f = 34.343751829829614
Optimization restart 4/5, f = 34.343751829739006
Optimization restart 5/5, f = 34.34375182974518
f inputs x:[[ 0.55310411 -0.3697052 ]] ev:{} outputs y:6.014492263464287 (n:-0.019308471772111396) c:1.0
num acquisition: 49, time elapsed: 6.99s
Optimization restart 1/5, f = 34.933063735516726
Optimization restart 2/5, f = 42.6812592338903
Optimization restart 3/5, f = 34.93306373524952
Optimization restart 4/5, f = 34.93306373546389
Optimization restart 5/5, f = 42.681259233839384
f inputs x:[[ 0.10246155 -0.35001334]] ev:{} outputs y:4.142194254872926 (n:0.05596170798368976) c:1.0
num acquisition: 50, time elapsed: 7.11s
Optimization restart 1/5, f = 35.78607393849761
Optimization restart 2/5, f = 35.78607393850345
Optimization restart 3/5, f = 35.78607393853091
Optimization restart 4/5, f = 35.78607394005806
Optimization restart 5/5, f = 35.78607393851932
f inputs x:[[0.6615151 1.       ]] ev:{} outputs y:1.7027419469917922 (n:-0.02788352307598457) c:1.0
num acquisition: 51, time elapsed: 7.22s
Optimization restart 1/5, f = 38.48317752509012
Optimization restart 2/5, f = 38.48317752508543
Optimization restart 3/5, f = 38.48317752511006
Optimization restart 4/5, f = 38.4831775250929
Optimization restart 5/5, f = 38.48317752517679
f inputs x:[[0.26659101 0.15428183]] ev:{} outputs y:0.19648825830814123 (n:-0.017084493749150203) c:1.0
num acquisition: 52, time elapsed: 7.38s
Optimization restart 1/5, f = 37.247043335795105
Optimization restart 2/5, f = 37.24704333533508
Optimization restart 3/5, f = 37.24704333535236
Optimization restart 4/5, f = 37.24704333568428
Optimization restart 5/5, f = 37.247043335347065
f inputs x:[[0.65529362 0.86747872]] ev:{} outputs y:0.12959457254363788 (n:-0.033299593150826194) c:1.0
num acquisition: 53, time elapsed: 7.54s
Optimization restart 1/5, f = 39.838558124691005
Optimization restart 2/5, f = 39.838558124596595
Optimization restart 3/5, f = 39.83855812461622
Optimization restart 4/5, f = 39.8385581245771
Optimization restart 5/5, f = 39.838558124585546
f inputs x:[[0.69902497 0.87328637]] ev:{} outputs y:2.1176710700448504 (n:0.03845117019449736) c:1.0
num acquisition: 54, time elapsed: 7.70s
Optimization restart 1/5, f = 46.622072461171086
Optimization restart 2/5, f = 46.6220724611818
Optimization restart 3/5, f = 46.622072461167534
Optimization restart 4/5, f = 46.622072461167434
Optimization restart 5/5, f = 46.622072461327804
f inputs x:[[0.59414432 0.86136128]] ev:{} outputs y:2.295996119922456 (n:0.08978527515852493) c:1.0
num acquisition: 55, time elapsed: 7.88s
Optimization restart 1/5, f = 59.17057499001025
Optimization restart 2/5, f = 52.5012850033416
Optimization restart 3/5, f = 52.501285003466705
Optimization restart 4/5, f = 52.50128500333915
Optimization restart 5/5, f = 52.501285003374704
f inputs x:[[0.2448484  0.14519331]] ev:{} outputs y:0.32979628268895694 (n:-0.048142025855648925) c:1.0
num acquisition: 56, time elapsed: 8.03s
Optimization restart 1/5, f = 51.92205615312511
Optimization restart 2/5, f = 56.66658949552535
Optimization restart 3/5, f = 51.922056153066094
Optimization restart 4/5, f = 51.922056153698435
Optimization restart 5/5, f = 51.92205615307434
f inputs x:[[0.24523106 0.14384298]] ev:{} outputs y:0.34773951713188067 (n:-0.007935009517080469) c:1.0
num acquisition: 57, time elapsed: 8.16s
Optimization restart 1/5, f = 51.23047602776133
Optimization restart 2/5, f = 51.230476027802816
Optimization restart 3/5, f = 51.23047602776428
Optimization restart 4/5, f = 53.8828523092632
Optimization restart 5/5, f = 51.230476027894696
f inputs x:[[0.24561654 0.14316012]] ev:{} outputs y:0.35224948951868407 (n:0.009887571393534605) c:1.0
num acquisition: 58, time elapsed: 8.31s
Optimization restart 1/5, f = 50.46737419522877
Optimization restart 2/5, f = 50.988633199846156
Optimization restart 3/5, f = 50.46737419522974
Optimization restart 4/5, f = 50.46737419525036
Optimization restart 5/5, f = 50.467374195641426
f inputs x:[[0.24601284 0.14288448]] ev:{} outputs y:0.33363087631599503 (n:-0.00037902584190033575) c:1.0
num acquisition: 59, time elapsed: 8.46s
Optimization restart 1/5, f = 49.656987110665426
Optimization restart 2/5, f = 49.6569871106647
Optimization restart 3/5, f = 49.65698711066641
Optimization restart 4/5, f = 49.656987110663444
Optimization restart 5/5, f = 49.65698711069117
f inputs x:[[0.24635263 0.14281108]] ev:{} outputs y:0.3046482073827788 (n:-0.024174388229402502) c:1.0
num acquisition: 60, time elapsed: 8.61s
Optimization restart 1/5, f = 48.811699250138574
Optimization restart 2/5, f = 48.81169925013942
Optimization restart 3/5, f = 45.11285665461929
Optimization restart 4/5, f = 45.112856655213264
Optimization restart 5/5, f = 48.81169925014048
f inputs x:[[0.64503271 0.89847696]] ev:{} outputs y:0.6812774034232916 (n:-0.014346821386543675) c:1.0
num acquisition: 61, time elapsed: 8.75s
Optimization restart 1/5, f = 45.08663863137979
Optimization restart 2/5, f = 49.14833521304839
Optimization restart 3/5, f = 45.08663863136572
Optimization restart 4/5, f = 45.0866386313725
Optimization restart 5/5, f = 45.086638631476234
f inputs x:[[-0.20468024  0.15616549]] ev:{} outputs y:1.5102450746830955 (n:-0.11720508215815224) c:1.0
num acquisition: 62, time elapsed: 8.89s
Optimization restart 1/5, f = 46.530462799196826
Optimization restart 2/5, f = 50.02066841441419
Optimization restart 3/5, f = 65.04735774536209
Optimization restart 4/5, f = 50.020668414437985
Optimization restart 5/5, f = 50.02066841439481
f inputs x:[[-0.10648357  0.28574023]] ev:{} outputs y:3.4450639258812097 (n:-0.0013986133741136254) c:1.0
num acquisition: 63, time elapsed: 9.04s
Optimization restart 1/5, f = 47.798475015730475
Optimization restart 2/5, f = 50.586665296746155
Optimization restart 3/5, f = 47.79847501318485
Optimization restart 4/5, f = 50.5866652967549
Optimization restart 5/5, f = 47.798475013210236
f inputs x:[[0.65155472 0.83693045]] ev:{} outputs y:0.4127240215048365 (n:-0.028537353306980276) c:1.0
num acquisition: 64, time elapsed: 9.18s
Optimization restart 1/5, f = 47.343472097015166
Optimization restart 2/5, f = 52.07124793042281
Optimization restart 3/5, f = 52.07124793042153
Optimization restart 4/5, f = 47.34347209650198
Optimization restart 5/5, f = 67.51403554278394
f inputs x:[[-0.63182613  0.1001764 ]] ev:{} outputs y:5.409364311784642 (n:0.006129024436542872) c:1.0
num acquisition: 65, time elapsed: 9.32s
Optimization restart 1/5, f = 48.36062164399053
Optimization restart 2/5, f = 52.59020313929157
Optimization restart 3/5, f = 48.36062164392915
Optimization restart 4/5, f = 52.590203139900936
Optimization restart 5/5, f = 52.590203139288846
f inputs x:[[0.20454939 0.54562305]] ev:{} outputs y:4.486413991058019 (n:-0.01410198407658313) c:1.0
num acquisition: 66, time elapsed: 9.47s
Optimization restart 1/5, f = 49.53163286477917
Optimization restart 2/5, f = 53.13158594707974
Optimization restart 3/5, f = 53.13158594692965
Optimization restart 4/5, f = 53.131585946929654
Optimization restart 5/5, f = 53.13158594695889
f inputs x:[[-0.32798276  0.1614196 ]] ev:{} outputs y:1.5760890995972154 (n:-0.08198121368478041) c:1.0
num acquisition: 67, time elapsed: 9.60s
Optimization restart 1/5, f = 50.70153461011799
Optimization restart 2/5, f = 50.70153460967641
Optimization restart 3/5, f = 53.644937344687236
Optimization restart 4/5, f = 50.70153460967805
Optimization restart 5/5, f = 53.64493734720379
f inputs x:[[-0.20283462  0.03776617]] ev:{} outputs y:1.425519065959891 (n:0.061984423619854484) c:1.0
num acquisition: 68, time elapsed: 9.75s
Optimization restart 1/5, f = 51.54058804494719
Optimization restart 2/5, f = 53.57817455041934
Optimization restart 3/5, f = 53.57817455046395
Optimization restart 4/5, f = 53.578174550657536
Optimization restart 5/5, f = 53.57817455036299
f inputs x:[[-0.24811289 -0.2853074 ]] ev:{} outputs y:4.268694268360932 (n:-0.03883698672653506) c:1.0
num acquisition: 69, time elapsed: 9.89s
Optimization restart 1/5, f = 52.7142836531607
Optimization restart 2/5, f = 54.259064176332856
Optimization restart 3/5, f = 54.2590641762009
Optimization restart 4/5, f = 54.25906417614843
Optimization restart 5/5, f = 52.71428365390786
f inputs x:[[1.         0.05384327]] ev:{} outputs y:7.450783486427944 (n:0.030186112764647072) c:1.0
num acquisition: 70, time elapsed: 10.03s
Optimization restart 1/5, f = 52.98926240356299
Optimization restart 2/5, f = 53.70050103590519
Optimization restart 3/5, f = 53.70050103584469
Optimization restart 4/5, f = 52.98926240356166
Optimization restart 5/5, f = 52.98926240358064
f inputs x:[[ 1.        -0.6445554]] ev:{} outputs y:8.160145835392965 (n:0.1395770133630848) c:1.0
num acquisition: 71, time elapsed: 10.18s
Optimization restart 1/5, f = 53.053432084634565
Optimization restart 2/5, f = 52.79966535211672
Optimization restart 3/5, f = 53.05343208501741
Optimization restart 4/5, f = 52.79966535199631
Optimization restart 5/5, f = 52.799665351992026
f inputs x:[[0.24486098 0.14156454]] ev:{} outputs y:0.32059631276784056 (n:-0.013259538376661401) c:1.0
num acquisition: 72, time elapsed: 10.35s
Optimization restart 1/5, f = 51.97401626951526
Optimization restart 2/5, f = 51.97401626951641
Optimization restart 3/5, f = 51.97401626954277
Optimization restart 4/5, f = 51.974016269561844
Optimization restart 5/5, f = 51.974016270447216
f inputs x:[[0.2449094  0.14139196]] ev:{} outputs y:0.3568606617531429 (n:0.02555820006899915) c:1.0
num acquisition: 73, time elapsed: 10.51s
Optimization restart 1/5, f = 51.1136264409027
Optimization restart 2/5, f = 46.98653240093882
Optimization restart 3/5, f = 51.11362643994282
Optimization restart 4/5, f = 51.11362643994364
Optimization restart 5/5, f = 46.986532401002265
f inputs x:[[-0.56054427  0.92411103]] ev:{} outputs y:3.7004630725015337 (n:0.04616295579128745) c:1.0
num acquisition: 74, time elapsed: 10.66s
Optimization restart 1/5, f = 48.25648835648606
Optimization restart 2/5, f = 52.770707787032826
Optimization restart 3/5, f = 52.77070778751954
Optimization restart 4/5, f = 48.256488356421116
Optimization restart 5/5, f = 52.77070778707536
f inputs x:[[-0.62670124 -0.21010523]] ev:{} outputs y:6.117602485971806 (n:0.03568564669004632) c:1.0
num acquisition: 75, time elapsed: 10.81s
Optimization restart 1/5, f = 48.90148979700313
Optimization restart 2/5, f = 52.94982984157369
Optimization restart 3/5, f = 52.94982984157349
Optimization restart 4/5, f = 52.949829841573596
Optimization restart 5/5, f = 48.90148884175235
f inputs x:[[-0.27232273 -0.72897986]] ev:{} outputs y:5.70057690617632 (n:-0.09507864443145227) c:1.0
num acquisition: 76, time elapsed: 10.95s
Optimization restart 1/5, f = 49.68007413571514
Optimization restart 2/5, f = 53.238952087145606
Optimization restart 3/5, f = 53.238952087137456
Optimization restart 4/5, f = 53.23895209186676
Optimization restart 5/5, f = 53.238952087137484
f inputs x:[[0.14970819 0.02643085]] ev:{} outputs y:0.4982144081724388 (n:0.0036408343289092183) c:1.0
num acquisition: 77, time elapsed: 11.09s
Optimization restart 1/5, f = 50.403942339916725
Optimization restart 2/5, f = 50.403942339927596
Optimization restart 3/5, f = 53.18702978129014
Optimization restart 4/5, f = 53.187029780560586
Optimization restart 5/5, f = 53.18702978055848
f inputs x:[[-0.30563864  0.61655052]] ev:{} outputs y:4.420949329121968 (n:0.045346863276949784) c:1.0
num acquisition: 78, time elapsed: 11.24s
Optimization restart 1/5, f = 51.45567196663343
Optimization restart 2/5, f = 53.72626890703886
Optimization restart 3/5, f = 53.72626890704088
Optimization restart 4/5, f = 51.45567196652799
Optimization restart 5/5, f = 53.72626890703916
f inputs x:[[-0.70820947 -0.77983643]] ev:{} outputs y:7.2159044957847716 (n:-0.011466551965349986) c:1.0
num acquisition: 79, time elapsed: 11.39s
Optimization restart 1/5, f = 51.64492498936137
Optimization restart 2/5, f = 53.29323754810209
Optimization restart 3/5, f = 53.29323754815471
Optimization restart 4/5, f = 51.644924989328985
Optimization restart 5/5, f = 53.29323754810542
f inputs x:[[0.08857305 0.00548426]] ev:{} outputs y:0.5038114075233682 (n:-0.03681562633185181) c:1.0
num acquisition: 80, time elapsed: 11.59s
Optimization restart 1/5, f = 51.130329669335545
Optimization restart 2/5, f = 53.033623667960285
Optimization restart 3/5, f = 53.033623667771224
Optimization restart 4/5, f = 51.13032963447247
Optimization restart 5/5, f = 53.03362366777556
f inputs x:[[-0.63442619  0.70091871]] ev:{} outputs y:2.658415060990265 (n:0.11893222153707461) c:1.0
num acquisition: 81, time elapsed: 11.76s
Optimization restart 1/5, f = 52.15047213594735
Optimization restart 2/5, f = 53.39239280944698
Optimization restart 3/5, f = 52.15047213835008
Optimization restart 4/5, f = 53.39239281174609
Optimization restart 5/5, f = 53.39239281276836
f inputs x:[[ 0.64380025 -0.10072247]] ev:{} outputs y:6.062925746514845 (n:0.12460159904406856) c:1.0
num acquisition: 82, time elapsed: 11.92s
Optimization restart 1/5, f = 52.75251783297529
Optimization restart 2/5, f = 53.51678418011468
Optimization restart 3/5, f = 52.752517833781404
Optimization restart 4/5, f = 52.75251783292904
Optimization restart 5/5, f = 52.752517832807996
f inputs x:[[ 0.06912293 -0.7195    ]] ev:{} outputs y:5.398325320526193 (n:-0.016947755394438938) c:1.0
num acquisition: 83, time elapsed: 12.07s
Optimization restart 1/5, f = 53.568067226833364
Optimization restart 2/5, f = 53.8009962347136
Optimization restart 3/5, f = 53.80099623467427
Optimization restart 4/5, f = 53.800996234675864
Optimization restart 5/5, f = 53.80099623476646
f inputs x:[[-0.28992555  0.2502902 ]] ev:{} outputs y:1.788898397441809 (n:-0.019586629047714466) c:1.0
num acquisition: 84, time elapsed: 12.21s
Optimization restart 1/5, f = 54.17328214903746
Optimization restart 2/5, f = 54.17328214903081
Optimization restart 3/5, f = 53.70017243406597
Optimization restart 4/5, f = 53.70017243403235
Optimization restart 5/5, f = 53.70017243402985
f inputs x:[[0.23037596 0.12400309]] ev:{} outputs y:0.3478527890238902 (n:0.027734952819107442) c:1.0
num acquisition: 85, time elapsed: 12.40s
Optimization restart 1/5, f = 52.81182594155349
Optimization restart 2/5, f = 52.89984995527066
Optimization restart 3/5, f = 52.81182594164112
Optimization restart 4/5, f = 52.89984995528456
Optimization restart 5/5, f = 52.89984995528627
f inputs x:[[0.23012116 0.12353045]] ev:{} outputs y:0.3544785932452649 (n:0.03611187362393142) c:1.0
num acquisition: 86, time elapsed: 12.58s
Optimization restart 1/5, f = 51.90693426603388
Optimization restart 2/5, f = 51.9069342658858
Optimization restart 3/5, f = 51.90693426656121
Optimization restart 4/5, f = 51.90693426588696
Optimization restart 5/5, f = 49.75907887512489
f inputs x:[[0.21499338 0.77952599]] ev:{} outputs y:5.310184304421426 (n:0.02170626900414745) c:1.0
num acquisition: 87, time elapsed: 12.74s
Optimization restart 1/5, f = 50.5584151380211
Optimization restart 2/5, f = 52.07221742005106
Optimization restart 3/5, f = 52.072217419923746
Optimization restart 4/5, f = 52.07221742546422
Optimization restart 5/5, f = 52.07221741992344
f inputs x:[[ 0.60862727 -0.66426911]] ev:{} outputs y:6.744681924848559 (n:-0.0008636092864534574) c:1.0
num acquisition: 88, time elapsed: 12.89s
Optimization restart 1/5, f = 50.85000978997414
Optimization restart 2/5, f = 51.8133747319946
Optimization restart 3/5, f = 50.85000978987525
Optimization restart 4/5, f = 51.81337473333606
Optimization restart 5/5, f = 51.813374732103
f inputs x:[[0.1820983  0.07616251]] ev:{} outputs y:0.3419065006190354 (n:-0.00999171701340113) c:1.0
num acquisition: 89, time elapsed: 13.06s
Optimization restart 1/5, f = 49.780896387571545
Optimization restart 2/5, f = 51.036636887080114
Optimization restart 3/5, f = 49.78089638736857
Optimization restart 4/5, f = 51.03663688680818
Optimization restart 5/5, f = 51.03663688680828
f inputs x:[[0.0801121  0.36760449]] ev:{} outputs y:4.015857447585066 (n:0.019549044350041515) c:1.0
num acquisition: 90, time elapsed: 13.23s
Optimization restart 1/5, f = 50.798878582870195
Optimization restart 2/5, f = 51.30385748444336
Optimization restart 3/5, f = 51.30385748444347
Optimization restart 4/5, f = 51.303857484466576
Optimization restart 5/5, f = 50.79887858288009
f inputs x:[[ 0.3056806  -0.36959117]] ev:{} outputs y:4.944068470519653 (n:0.052791649153919706) c:1.0
num acquisition: 91, time elapsed: 13.40s
Optimization restart 1/5, f = 51.660191129384636
Optimization restart 2/5, f = 51.66019112995636
Optimization restart 3/5, f = 51.45682867953387
Optimization restart 4/5, f = 51.66019112937222
Optimization restart 5/5, f = 51.45682867947106
f inputs x:[[0.2258002  0.11928179]] ev:{} outputs y:0.2859929129411245 (n:-0.03726968023400634) c:1.0
num acquisition: 92, time elapsed: 13.58s
Optimization restart 1/5, f = 50.495999891258975
Optimization restart 2/5, f = 50.4959998912048
Optimization restart 3/5, f = 50.160826437826685
Optimization restart 4/5, f = 50.49599989120451
Optimization restart 5/5, f = 50.160826438680644
f inputs x:[[0.58296814 0.3132488 ]] ev:{} outputs y:4.092508525515532 (n:-0.04247963502514317) c:1.0
num acquisition: 93, time elapsed: 13.76s
Optimization restart 1/5, f = 51.10975988970834
Optimization restart 2/5, f = 51.000156920718574
Optimization restart 3/5, f = 51.00015692071257
Optimization restart 4/5, f = 51.00015692075446
Optimization restart 5/5, f = 51.00015692071002
f inputs x:[[0.22629029 0.11927551]] ev:{} outputs y:0.3049686260975598 (n:-0.013414476621167721) c:1.0
num acquisition: 94, time elapsed: 13.94s
Optimization restart 1/5, f = 50.02409738997993
Optimization restart 2/5, f = 47.92054122208671
Optimization restart 3/5, f = 47.92054122207793
Optimization restart 4/5, f = 47.92054122208569
Optimization restart 5/5, f = 50.024097389904455
f inputs x:[[-0.78429102  1.        ]] ev:{} outputs y:3.538616199175645 (n:-0.047440256422493055) c:1.0
num acquisition: 95, time elapsed: 14.12s
Optimization restart 1/5, f = 48.80464876917306
Optimization restart 2/5, f = 48.80464876912252
Optimization restart 3/5, f = 50.26190328254147
Optimization restart 4/5, f = 48.80464876904731
Optimization restart 5/5, f = 48.80464876907704
f inputs x:[[-0.13362681 -0.02695892]] ev:{} outputs y:1.4857954864940648 (n:0.023701976730245596) c:1.0
num acquisition: 96, time elapsed: 14.31s
Optimization restart 1/5, f = 48.85854708013426
Optimization restart 2/5, f = 49.886600794298765
Optimization restart 3/5, f = 49.88660079427185
Optimization restart 4/5, f = 49.88660079426524
Optimization restart 5/5, f = 49.886600794265405
f inputs x:[[-0.6283459  0.3178018]] ev:{} outputs y:4.63300538685603 (n:-0.04223672666044246) c:1.0
num acquisition: 97, time elapsed: 14.50s
Optimization restart 1/5, f = 49.698099362142
Optimization restart 2/5, f = 50.08790535945059
Optimization restart 3/5, f = 50.08790535998214
Optimization restart 4/5, f = 50.08790535950028
Optimization restart 5/5, f = 50.08790535945304
f inputs x:[[-1.          0.69592419]] ev:{} outputs y:6.6159962199051865 (n:-0.039514645498764676) c:1.0
num acquisition: 98, time elapsed: 14.68s
Optimization restart 1/5, f = 49.93912340002086
Optimization restart 2/5, f = 49.77846891209798
Optimization restart 3/5, f = 49.93912339987501
Optimization restart 4/5, f = 49.77846891210522
Optimization restart 5/5, f = 49.93912340344848
f inputs x:[[0.22610922 0.11907398]] ev:{} outputs y:0.3493861731752706 (n:0.031009903182920292) c:1.0
num acquisition: 99, time elapsed: 14.90s
Optimization restart 1/5, f = 48.7592422682993
Optimization restart 2/5, f = 48.75924226822539
Optimization restart 3/5, f = 48.75924226822531
Optimization restart 4/5, f = 48.75924226826375
Optimization restart 5/5, f = 48.75924226830062
f inputs x:[[0.22621625 0.11918785]] ev:{} outputs y:0.3222665651641206 (n:0.003932281682615524) c:1.0
num acquisition: 100, time elapsed: 15.11s
Optimization restart 1/5, f = 47.726491498424615
Optimization restart 2/5, f = 47.72649149840313
Optimization restart 3/5, f = 47.7264914984054
Optimization restart 4/5, f = 47.726491498435756
Optimization restart 5/5, f = 43.785891913806886
f inputs x:[[-0.06213482 -0.28380003]] ev:{} outputs y:3.5780013199020613 (n:-0.05856409948906014) c:1.0
num acquisition: 101, time elapsed: 15.29s
Optimization restart 1/5, f = 44.728271490149474
Optimization restart 2/5, f = 47.84911223469577
Optimization restart 3/5, f = 47.849112234681364
Optimization restart 4/5, f = 44.72827149009521
Optimization restart 5/5, f = 44.72827149011141
f inputs x:[[-1.          0.17522303]] ev:{} outputs y:7.282175116079451 (n:-0.018537943592700154) c:1.0
num acquisition: 102, time elapsed: 15.48s
Optimization restart 1/5, f = 44.631669192158846
Optimization restart 2/5, f = 44.6316691921229
Optimization restart 3/5, f = 47.046305971268346
Optimization restart 4/5, f = 47.04630597117352
Optimization restart 5/5, f = 47.046305971216114
f inputs x:[[0.21335741 0.07696249]] ev:{} outputs y:0.3839615825928817 (n:0.027698541439739016) c:1.0
num acquisition: 103, time elapsed: 15.70s
Optimization restart 1/5, f = 42.87729377767314
Optimization restart 2/5, f = 42.87729370563504
Optimization restart 3/5, f = 46.07463929657382
Optimization restart 4/5, f = 46.07463930099312
Optimization restart 5/5, f = 46.074639296216766
f inputs x:[[0.64986119 0.86219489]] ev:{} outputs y:0.1466797313181349 (n:0.0399817019937388) c:1.0
num acquisition: 104, time elapsed: 15.90s
Optimization restart 1/5, f = 39.97798638567925
Optimization restart 2/5, f = 47.56168124425887
Optimization restart 3/5, f = 39.97798638564753
Optimization restart 4/5, f = 39.9779863856394
Optimization restart 5/5, f = 47.56168124383535
f inputs x:[[-0.18686979  0.85320218]] ev:{} outputs y:5.591253250492188 (n:0.0336637614827313) c:1.0
num acquisition: 105, time elapsed: 16.09s
Optimization restart 1/5, f = 40.55646653561806
Optimization restart 2/5, f = 47.521823543274046
Optimization restart 3/5, f = 47.521823543086576
Optimization restart 4/5, f = 47.521823543074596
Optimization restart 5/5, f = 40.55646653551191
f inputs x:[[0.75217437 0.44793562]] ev:{} outputs y:5.466578053006616 (n:0.10445947332777383) c:1.0
num acquisition: 106, time elapsed: 16.30s
Optimization restart 1/5, f = 41.17345449184697
Optimization restart 2/5, f = 47.41819778861168
Optimization restart 3/5, f = 41.17345449173676
Optimization restart 4/5, f = 47.41819778860657
Optimization restart 5/5, f = 47.41819778860876
f inputs x:[[0.2774911  0.13690054]] ev:{} outputs y:0.34892515845038985 (n:0.03572643794520972) c:1.0
num acquisition: 107, time elapsed: 16.51s
Optimization restart 1/5, f = 39.42721610058601
Optimization restart 2/5, f = 39.42721610014593
Optimization restart 3/5, f = 39.42721609982442
Optimization restart 4/5, f = 39.427216099897464
Optimization restart 5/5, f = 39.42721609982361
f inputs x:[[-0.1148717  0.1143309]] ev:{} outputs y:1.7036353714963728 (n:-0.04084686183265804) c:1.0
num acquisition: 108, time elapsed: 16.72s
Optimization restart 1/5, f = 39.435847617062294
Optimization restart 2/5, f = 46.21139811863336
Optimization restart 3/5, f = 46.2113981134865
Optimization restart 4/5, f = 46.21139811355772
Optimization restart 5/5, f = 46.211398113489615
f inputs x:[[ 0.60261423 -1.        ]] ev:{} outputs y:7.078753554783003 (n:-0.07301087772218098) c:1.0
num acquisition: 109, time elapsed: 16.91s
Optimization restart 1/5, f = 39.34386520474494
Optimization restart 2/5, f = 45.52804758471537
Optimization restart 3/5, f = 39.34386520460846
Optimization restart 4/5, f = 39.34386520460342
Optimization restart 5/5, f = 39.34386520459998
f inputs x:[[-0.30683097 -0.48199916]] ev:{} outputs y:5.233911245189689 (n:-0.03727271367454499) c:1.0
num acquisition: 110, time elapsed: 17.11s
Optimization restart 1/5, f = 39.98305866803978
Optimization restart 2/5, f = 45.45223311552836
Optimization restart 3/5, f = 39.983058667916104
Optimization restart 4/5, f = 39.98305866791387
Optimization restart 5/5, f = 45.45223311551979
f inputs x:[[0.46914742 0.52831126]] ev:{} outputs y:1.1640930749369378 (n:-0.09546224046211768) c:1.0
num acquisition: 111, time elapsed: 17.33s
Optimization restart 1/5, f = 41.02986536125658
Optimization restart 2/5, f = 41.029865363254565
Optimization restart 3/5, f = 41.029865361247246
Optimization restart 4/5, f = 49.38384511851092
Optimization restart 5/5, f = 49.38384511792995
f inputs x:[[0.54408496 0.5852795 ]] ev:{} outputs y:0.19838661761460533 (n:0.017902762360976637) c:1.0
num acquisition: 112, time elapsed: 17.54s
Optimization restart 1/5, f = 43.203780504633265
Optimization restart 2/5, f = 56.32397657608554
Optimization restart 3/5, f = 56.32397657601416
Optimization restart 4/5, f = 43.20378050463877
Optimization restart 5/5, f = 43.203780504634906
f inputs x:[[0.55559554 0.62171668]] ev:{} outputs y:0.08030495276760229 (n:0.01732010754568788) c:1.0
num acquisition: 113, time elapsed: 17.75s
Optimization restart 1/5, f = 43.07652867070253
Optimization restart 2/5, f = 43.07652867028343
Optimization restart 3/5, f = 43.076528670328464
Optimization restart 4/5, f = 58.72985048359065
Optimization restart 5/5, f = 58.729850483592045
f inputs x:[[0.5688981  0.60820509]] ev:{} outputs y:0.9028485809871163 (n:0.0793035997292244) c:1.0
num acquisition: 114, time elapsed: 17.96s
Optimization restart 1/5, f = 49.34418256582357
Optimization restart 2/5, f = 58.18559175720145
Optimization restart 3/5, f = 58.18559175688388
Optimization restart 4/5, f = 58.185591756877976
Optimization restart 5/5, f = 49.34418238693319
f inputs x:[[0.52442824 0.62085374]] ev:{} outputs y:0.9103814273048274 (n:0.03609075278598294) c:1.0
num acquisition: 115, time elapsed: 18.20s
Optimization restart 1/5, f = 66.65842345907548
Optimization restart 2/5, f = 57.58221701126246
Optimization restart 3/5, f = 57.582217011277564
Optimization restart 4/5, f = 57.58221701125692
Optimization restart 5/5, f = 57.58221701126004
f inputs x:[[0.22806451 0.12053096]] ev:{} outputs y:0.3372065745377959 (n:0.025097252200215636) c:1.0
num acquisition: 116, time elapsed: 18.45s
Optimization restart 1/5, f = 56.626681694231046
Optimization restart 2/5, f = 56.62668169427037
Optimization restart 3/5, f = 56.62668169433154
Optimization restart 4/5, f = 56.62668169424794
Optimization restart 5/5, f = 56.62668169427061
f inputs x:[[0.22850046 0.12127732]] ev:{} outputs y:0.21457089137652924 (n:-0.09978829177387888) c:1.0
num acquisition: 117, time elapsed: 18.70s
Optimization restart 1/5, f = 55.64454966551239
Optimization restart 2/5, f = 55.64454966541015
Optimization restart 3/5, f = 55.644549665426894
Optimization restart 4/5, f = 55.64454966543694
Optimization restart 5/5, f = 55.64454966541043
f inputs x:[[0.2282714  0.12150165]] ev:{} outputs y:0.3867250763531093 (n:0.06809688327751713) c:1.0
num acquisition: 118, time elapsed: 18.97s
Optimization restart 1/5, f = 54.659633992776556
Optimization restart 2/5, f = 54.65963399388011
Optimization restart 3/5, f = 54.65963399265271
Optimization restart 4/5, f = 54.65963399265306
Optimization restart 5/5, f = 54.65963399282827
f inputs x:[[0.22911347 0.12268506]] ev:{} outputs y:0.3372509445256764 (n:0.01635225148069503) c:1.0
num acquisition: 119, time elapsed: 19.25s
Optimization restart 1/5, f = 53.6048585302444
Optimization restart 2/5, f = 53.604858530166
Optimization restart 3/5, f = 53.604858531582195
Optimization restart 4/5, f = 53.60485853018593
Optimization restart 5/5, f = 53.604858530367686
f inputs x:[[0.22983206 0.12382384]] ev:{} outputs y:0.3338298176312143 (n:0.009722300905362111) c:1.0
num acquisition: 120, time elapsed: 19.50s
Optimization restart 1/5, f = 52.50308238042981
Optimization restart 2/5, f = 52.50308238036258
Optimization restart 3/5, f = 57.76348154983443
Optimization restart 4/5, f = 52.5030823805041
Optimization restart 5/5, f = 52.503082380631334
f inputs x:[[0.230784  0.1251474]] ev:{} outputs y:0.3137899638856634 (n:-0.012917774979262681) c:1.0
num acquisition: 121, time elapsed: 19.74s
Optimization restart 1/5, f = 51.33893627656892
Optimization restart 2/5, f = 51.33893627637618
Optimization restart 3/5, f = 51.371801319434155
Optimization restart 4/5, f = 51.33893627637621
Optimization restart 5/5, f = 51.33893627637683
f inputs x:[[0.232161   0.12677863]] ev:{} outputs y:0.3134418728312344 (n:-0.014324116469282666) c:1.0
num acquisition: 122, time elapsed: 20.00s
Optimization restart 1/5, f = 49.617108971525866
Optimization restart 2/5, f = 49.617108971526235
Optimization restart 3/5, f = 49.61710897179789
Optimization restart 4/5, f = 49.61710897152558
Optimization restart 5/5, f = 52.334281024691506
f inputs x:[[0.19505166 0.08878885]] ev:{} outputs y:0.48481278861843846 (n:0.14106588560962932) c:1.0
num acquisition: 123, time elapsed: 20.31s
Optimization restart 1/5, f = 48.35532146390087
Optimization restart 2/5, f = 48.35532140460343
Optimization restart 3/5, f = 48.35532140462622
Optimization restart 4/5, f = 51.620793398691134
Optimization restart 5/5, f = 48.35532140459097
f inputs x:[[0.257918   0.14098756]] ev:{} outputs y:0.28741789865595724 (n:0.07874007699725273) c:1.0
num acquisition: 124, time elapsed: 20.58s
Optimization restart 1/5, f = 46.57659289925208
Optimization restart 2/5, f = 46.57659289922918
Optimization restart 3/5, f = 46.57659289922374
Optimization restart 4/5, f = 46.57659289922471
Optimization restart 5/5, f = 46.57659289930096
f inputs x:[[0.25887427 0.14118081]] ev:{} outputs y:0.2184654798512893 (n:0.013712751235616417) c:1.0
num acquisition: 125, time elapsed: 20.88s
Optimization restart 1/5, f = 44.852509408007464
Optimization restart 2/5, f = 44.852509408010164
Optimization restart 3/5, f = 44.852509408008686
Optimization restart 4/5, f = 44.85250940859582
Optimization restart 5/5, f = 46.783110782696966
f inputs x:[[0.26009581 0.14109437]] ev:{} outputs y:0.22335157548852727 (n:0.023588380731416038) c:1.0
num acquisition: 126, time elapsed: 21.16s
Optimization restart 1/5, f = 43.05910040726326
Optimization restart 2/5, f = 44.08025737928256
Optimization restart 3/5, f = 44.080257378638976
Optimization restart 4/5, f = 43.05910040726526
Optimization restart 5/5, f = 43.05910040733231
f inputs x:[[0.26093876 0.14091901]] ev:{} outputs y:0.19594127232658423 (n:-0.0010148403258786914) c:1.0
num acquisition: 127, time elapsed: 21.44s
Optimization restart 1/5, f = 41.29909012484049
Optimization restart 2/5, f = 41.299090124839495
Optimization restart 3/5, f = 41.29909012484053
Optimization restart 4/5, f = 41.2990901248406
Optimization restart 5/5, f = 41.29909012484161
f inputs x:[[0.5342773  0.57939852]] ev:{} outputs y:0.060606463584541706 (n:0.04056032290646923) c:1.0
num acquisition: 128, time elapsed: 21.73s
Optimization restart 1/5, f = 40.89780379073238
Optimization restart 2/5, f = 40.89780373862553
Optimization restart 3/5, f = 40.89780373861534
Optimization restart 4/5, f = 40.89780373862223
Optimization restart 5/5, f = 39.78152292197929
f inputs x:[[0.5712253 0.6809989]] ev:{} outputs y:0.07547419800525523 (n:-0.01704233439795044) c:1.0
num acquisition: 129, time elapsed: 22.00s
Optimization restart 1/5, f = 39.82508083536092
Optimization restart 2/5, f = 42.54452925384166
Optimization restart 3/5, f = 39.82508083569711
Optimization restart 4/5, f = 39.825080835576586
Optimization restart 5/5, f = 39.82508083535049
f inputs x:[[0.56179592 0.65346274]] ev:{} outputs y:0.03412660884789334 (n:-0.008660425994509604) c:1.0
num acquisition: 130, time elapsed: 22.30s
Optimization restart 1/5, f = 38.6090423571666
Optimization restart 2/5, f = 38.60904235716875
Optimization restart 3/5, f = 38.60904235716805
Optimization restart 4/5, f = 38.60904235742984
Optimization restart 5/5, f = 38.60904235722299
f inputs x:[[-0.116308    0.46777517]] ev:{} outputs y:4.500398548698176 (n:0.07243134090755156) c:1.0
num acquisition: 131, time elapsed: 22.57s
Optimization restart 1/5, f = 39.54598265110049
Optimization restart 2/5, f = 39.54598264956512
Optimization restart 3/5, f = 39.54598265281997
Optimization restart 4/5, f = 39.545982649541315
Optimization restart 5/5, f = 39.54598264956161
f inputs x:[[0.5243905  0.55022267]] ev:{} outputs y:0.006240594001166971 (n:-0.0668057243412298) c:1.0
num acquisition: 132, time elapsed: 22.84s
Optimization restart 1/5, f = 38.32837500357938
Optimization restart 2/5, f = 38.32837500340018
Optimization restart 3/5, f = 38.32837500338911
Optimization restart 4/5, f = 38.328375003616955
Optimization restart 5/5, f = 38.32837500339424
f inputs x:[[0.6114717 0.7241107]] ev:{} outputs y:0.5878734778793077 (n:0.005318701195136884) c:1.0
num acquisition: 133, time elapsed: 23.11s
Optimization restart 1/5, f = 38.1468882550175
Optimization restart 2/5, f = 38.146888255023015
Optimization restart 3/5, f = 38.146888254971316
Optimization restart 4/5, f = 38.146888254995645
Optimization restart 5/5, f = 38.14688825549412
f inputs x:[[ 1. -1.]] ev:{} outputs y:8.281559104468945 (n:0.013151882251403136) c:1.0
num acquisition: 134, time elapsed: 23.37s
Optimization restart 1/5, f = 37.903214388119395
Optimization restart 2/5, f = 37.90321438811304
Optimization restart 3/5, f = 37.90321438811108
Optimization restart 4/5, f = 37.903214388445704
Optimization restart 5/5, f = 37.90321438817578
f inputs x:[[1.         0.30646444]] ev:{} outputs y:7.189891012341768 (n:0.039810846538305446) c:1.0
num acquisition: 135, time elapsed: 23.65s
Optimization restart 1/5, f = 37.89889564920841
Optimization restart 2/5, f = 37.89889564537333
Optimization restart 3/5, f = 37.89889564536135
Optimization restart 4/5, f = 37.89889564535456
Optimization restart 5/5, f = 37.898895645368995
f inputs x:[[-0.4397922   0.11027589]] ev:{} outputs y:3.636999012321009 (n:-0.02354760202102955) c:1.0
num acquisition: 136, time elapsed: 23.90s
Optimization restart 1/5, f = 38.85733247980099
Optimization restart 2/5, f = 38.85733247981028
Optimization restart 3/5, f = 38.857332479816506
Optimization restart 4/5, f = 38.85733247981071
Optimization restart 5/5, f = 38.85733247985655
f inputs x:[[ 0.40798718 -0.15146196]] ev:{} outputs y:4.48857862540394 (n:-0.14327424585435622) c:1.0
num acquisition: 137, time elapsed: 24.19s
Optimization restart 1/5, f = 39.80738887913773
Optimization restart 2/5, f = 39.80738885857997
Optimization restart 3/5, f = 39.807388858495415
Optimization restart 4/5, f = 39.80738885855976
Optimization restart 5/5, f = 39.807388859635495
f inputs x:[[0.5802764  0.67032864]] ev:{} outputs y:0.20398394102346062 (n:0.028912121026433632) c:1.0
num acquisition: 138, time elapsed: 24.45s
Optimization restart 1/5, f = 38.299666420476655
Optimization restart 2/5, f = 38.299666420531196
Optimization restart 3/5, f = 38.29966642014921
Optimization restart 4/5, f = 38.299666420130166
Optimization restart 5/5, f = 38.29966642356533
f inputs x:[[0.36788006 0.32102339]] ev:{} outputs y:0.5932036571348628 (n:-0.03140009472939661) c:1.0
num acquisition: 139, time elapsed: 24.79s
Optimization restart 1/5, f = 39.604549293656646
Optimization restart 2/5, f = 39.604549293109955
Optimization restart 3/5, f = 39.604549293116094
Optimization restart 4/5, f = 39.60454929311314
Optimization restart 5/5, f = 39.60454929321635
f inputs x:[[0.4337415  0.36372376]] ev:{} outputs y:0.1528047123945892 (n:-0.03584788896082715) c:1.0
num acquisition: 140, time elapsed: 25.11s
Optimization restart 1/5, f = 40.58774022557918
Optimization restart 2/5, f = 40.587740225571395
Optimization restart 3/5, f = 40.58774022568578
Optimization restart 4/5, f = 40.58774022561923
Optimization restart 5/5, f = 40.58774022556997
f inputs x:[[0.40988755 0.34580088]] ev:{} outputs y:0.08921640539003461 (n:0.06255643745885169) c:1.0
num acquisition: 141, time elapsed: 25.42s
Optimization restart 1/5, f = 39.42069727095705
Optimization restart 2/5, f = 39.420697271033276
Optimization restart 3/5, f = 39.42069727098857
Optimization restart 4/5, f = 39.42069727095166
Optimization restart 5/5, f = 39.42069727094295
f inputs x:[[-0.82208275 -0.33156237]] ev:{} outputs y:7.0879826415907194 (n:-0.03711099967626855) c:1.0
num acquisition: 142, time elapsed: 25.80s
Optimization restart 1/5, f = 39.37773008224717
Optimization restart 2/5, f = 39.37773008175611
Optimization restart 3/5, f = 39.377730081767254
Optimization restart 4/5, f = 39.377730081772356
Optimization restart 5/5, f = 39.37773008175654
f inputs x:[[0.40553202 0.36961205]] ev:{} outputs y:0.4117177779088923 (n:0.019596296173456096) c:1.0
num acquisition: 143, time elapsed: 26.12s
Optimization restart 1/5, f = 38.53393810974252
Optimization restart 2/5, f = 38.5339381097738
Optimization restart 3/5, f = 38.53393810975868
Optimization restart 4/5, f = 38.53393810979911
Optimization restart 5/5, f = 38.533938109742266
f inputs x:[[1.         0.77267672]] ev:{} outputs y:6.573159113702416 (n:0.0447909697139338) c:1.0
num acquisition: 144, time elapsed: 26.44s
Optimization restart 1/5, f = 38.74882973145843
Optimization restart 2/5, f = 38.74882973077277
Optimization restart 3/5, f = 38.74882973485188
Optimization restart 4/5, f = 38.74882973076515
Optimization restart 5/5, f = 38.74882973080069
f inputs x:[[ 0.16249853 -1.        ]] ev:{} outputs y:6.142478176759626 (n:-0.0048505208284368205) c:1.0
num acquisition: 145, time elapsed: 26.83s
Optimization restart 1/5, f = 39.11580489446396
Optimization restart 2/5, f = 39.115804897194536
Optimization restart 3/5, f = 39.115804894335895
Optimization restart 4/5, f = 39.11580489433251
Optimization restart 5/5, f = 39.115804894408484
f inputs x:[[0.52569228 0.56088051]] ev:{} outputs y:0.05248131082407734 (n:0.03588648738357923) c:1.0
num acquisition: 146, time elapsed: 27.11s
Optimization restart 1/5, f = 37.103536648488955
Optimization restart 2/5, f = 37.103536648843374
Optimization restart 3/5, f = 37.10353664849194
Optimization restart 4/5, f = 37.10353664848377
Optimization restart 5/5, f = 37.10353664855181
f inputs x:[[-0.525392    0.59176035]] ev:{} outputs y:1.753458027047713 (n:0.03016737265717312) c:1.0
num acquisition: 147, time elapsed: 27.39s
Optimization restart 1/5, f = 38.400120389255235
Optimization restart 2/5, f = 38.400120389305584
Optimization restart 3/5, f = 38.400120389350036
Optimization restart 4/5, f = 38.40012038923932
Optimization restart 5/5, f = 38.40012038926088
f inputs x:[[-0.21671715 -0.12032757]] ev:{} outputs y:3.2124058862718363 (n:0.08797430767650338) c:1.0
num acquisition: 148, time elapsed: 27.72s
Optimization restart 1/5, f = 39.2598401456755
Optimization restart 2/5, f = 39.25984014563025
Optimization restart 3/5, f = 39.25984015063608
Optimization restart 4/5, f = 39.259840145635906
Optimization restart 5/5, f = 39.25984014564665
f inputs x:[[0.43017158 0.33747517]] ev:{} outputs y:0.6177416245995764 (n:0.06580841497243332) c:1.0
num acquisition: 149, time elapsed: 28.08s
Optimization restart 1/5, f = 43.44192112849271
Optimization restart 2/5, f = 41.99667311313911
Optimization restart 3/5, f = 41.99667311314499
Optimization restart 4/5, f = 41.99667311317657
Optimization restart 5/5, f = 41.9966731131359
f inputs x:[[0.52655907 0.55716893]] ev:{} outputs y:0.03519968435966864 (n:-0.017283878960071563) c:1.0
num acquisition: 150, time elapsed: 28.39s
Optimization restart 1/5, f = 39.9527147807688
Optimization restart 2/5, f = 39.952714780835834
Optimization restart 3/5, f = 39.95271478079596
Optimization restart 4/5, f = 39.95271478076633
Optimization restart 5/5, f = 39.95271478110109
f inputs x:[[0.52664377 0.55723224]] ev:{} outputs y:0.08914810514574682 (n:0.0356197489458119) c:1.0
num acquisition: 151, time elapsed: 28.71s
Optimization restart 1/5, f = 37.95492837350305
Optimization restart 2/5, f = 37.95492837350136
Optimization restart 3/5, f = 37.9549283736133
Optimization restart 4/5, f = 37.95492837349654
Optimization restart 5/5, f = 38.753334843843305
f inputs x:[[0.56552993 0.67393562]] ev:{} outputs y:0.21266884745286804 (n:0.05104090046397905) c:1.0
num acquisition: 152, time elapsed: 29.01s
Optimization restart 1/5, f = 36.530894747697616
Optimization restart 2/5, f = 36.530894747628395
Optimization restart 3/5, f = 36.53089474760938
Optimization restart 4/5, f = 36.53089474771977
Optimization restart 5/5, f = 36.530894747633084
f inputs x:[[0.56925655 0.66945721]] ev:{} outputs y:0.04567799466607008 (n:0.004924522712449758) c:1.0
num acquisition: 153, time elapsed: 29.37s
Optimization restart 1/5, f = 34.634211410418374
Optimization restart 2/5, f = 34.63421141027197
Optimization restart 3/5, f = 34.63421141029265
Optimization restart 4/5, f = 34.63421141027989
Optimization restart 5/5, f = 34.63421141086292
f inputs x:[[0.57323927 1.        ]] ev:{} outputs y:3.867838114288025 (n:0.041696034607033396) c:1.0
num acquisition: 154, time elapsed: 29.69s
Optimization restart 1/5, f = 35.636259870041584
Optimization restart 2/5, f = 35.63625987003594
Optimization restart 3/5, f = 35.63625987004916
Optimization restart 4/5, f = 35.63625987009887
Optimization restart 5/5, f = 35.63625987018847
f inputs x:[[0.52636504 0.5581763 ]] ev:{} outputs y:0.05048750818609145 (n:0.009426446657513066) c:1.0
num acquisition: 155, time elapsed: 30.02s
Optimization restart 1/5, f = 33.484079468761266
Optimization restart 2/5, f = 33.48407946851495
Optimization restart 3/5, f = 33.484079469181
Optimization restart 4/5, f = 33.48407946852771
Optimization restart 5/5, f = 33.48407946860456
f inputs x:[[0.52643267 0.55828469]] ev:{} outputs y:0.0271595522680343 (n:-0.01420127973216846) c:1.0
num acquisition: 156, time elapsed: 30.39s
Optimization restart 1/5, f = 31.301866933053958
Optimization restart 2/5, f = 31.301866933053148
Optimization restart 3/5, f = 31.301866933054924
Optimization restart 4/5, f = 31.30186693306382
Optimization restart 5/5, f = 31.301866933183135
f inputs x:[[0.4523748  0.40138321]] ev:{} outputs y:0.10343499113863777 (n:-0.025126212844800988) c:1.0
num acquisition: 157, time elapsed: 30.72s
Optimization restart 1/5, f = 31.109854948516812
Optimization restart 2/5, f = 31.109854948508342
Optimization restart 3/5, f = 31.10985494850567
Optimization restart 4/5, f = 31.1098549486549
Optimization restart 5/5, f = 31.443186668047844
f inputs x:[[ 0.13514553 -0.52949915]] ev:{} outputs y:4.8506193903387045 (n:-0.06438474804243427) c:1.0
num acquisition: 158, time elapsed: 31.07s
Optimization restart 1/5, f = 31.74721998496463
Optimization restart 2/5, f = 31.74721998483048
Optimization restart 3/5, f = 31.74721998483888
Optimization restart 4/5, f = 31.74721998484938
Optimization restart 5/5, f = 31.747219984871663
f inputs x:[[0.52668053 0.55810133]] ev:{} outputs y:0.026763259271383875 (n:-0.020228160021720416) c:1.0
num acquisition: 159, time elapsed: 31.42s
Optimization restart 1/5, f = 29.464421208352604
Optimization restart 2/5, f = 29.464421208241745
Optimization restart 3/5, f = 29.463405417208776
Optimization restart 4/5, f = 29.464421208240935
Optimization restart 5/5, f = 29.463405417463946
f inputs x:[[0.47766813 0.44771894]] ev:{} outputs y:0.11467837553409632 (n:-0.03465036340222052) c:1.0
num acquisition: 160, time elapsed: 31.75s
Optimization restart 1/5, f = 29.163220208136465
Optimization restart 2/5, f = 29.163220208258252
Optimization restart 3/5, f = 29.386297383754226
Optimization restart 4/5, f = 29.163220208135726
Optimization restart 5/5, f = 29.386297289039973
f inputs x:[[0.24834536 1.        ]] ev:{} outputs y:5.702597082838322 (n:-0.07010839651744236) c:1.0
num acquisition: 161, time elapsed: 32.07s
Optimization restart 1/5, f = 29.703879521840776
Optimization restart 2/5, f = 29.883689674703362
Optimization restart 3/5, f = 29.70387952374827
Optimization restart 4/5, f = 29.70387952183583
Optimization restart 5/5, f = 29.88368967470008
f inputs x:[[0.47748706 0.41538315]] ev:{} outputs y:0.771020850891154 (n:0.021959993424019494) c:1.0
num acquisition: 162, time elapsed: 32.40s
Optimization restart 1/5, f = 32.075611496418105
Optimization restart 2/5, f = 32.07561149641772
Optimization restart 3/5, f = 32.07561149723057
Optimization restart 4/5, f = 32.07561149641556
Optimization restart 5/5, f = 32.075611496404434
f inputs x:[[0.45330021 0.44692337]] ev:{} outputs y:0.21526386632753278 (n:-0.04000709080698381) c:1.0
num acquisition: 163, time elapsed: 32.85s
Optimization restart 1/5, f = 31.58884949993211
Optimization restart 2/5, f = 31.588849499990275
Optimization restart 3/5, f = 32.23550958824629
Optimization restart 4/5, f = 31.588849499751447
Optimization restart 5/5, f = 32.2355095882444
f inputs x:[[0.49582714 0.48772012]] ev:{} outputs y:0.12415142193033421 (n:0.024720722440213335) c:1.0
num acquisition: 164, time elapsed: 33.20s
Optimization restart 1/5, f = 30.57632975987181
Optimization restart 2/5, f = 30.997676661925738
Optimization restart 3/5, f = 30.997676661918206
Optimization restart 4/5, f = 30.576329761686665
Optimization restart 5/5, f = 30.997676661906766
f inputs x:[[0.35030566 0.24829034]] ev:{} outputs y:0.13082133318564754 (n:0.05044590461771699) c:1.0
num acquisition: 165, time elapsed: 33.58s
Optimization restart 1/5, f = 31.0305332416564
Optimization restart 2/5, f = 31.030533241856276
Optimization restart 3/5, f = 31.03053324192527
Optimization restart 4/5, f = 31.03053324142445
Optimization restart 5/5, f = 31.03053324143903
f inputs x:[[0.43679292 0.39410733]] ev:{} outputs y:0.06141304364602315 (n:0.04564567184510018) c:1.0
num acquisition: 166, time elapsed: 33.97s
Optimization restart 1/5, f = 29.039467848019825
Optimization restart 2/5, f = 29.03946784800705
Optimization restart 3/5, f = 29.039467848021644
Optimization restart 4/5, f = 29.039467848012634
Optimization restart 5/5, f = 29.03946784801252
f inputs x:[[0.37326126 0.27270017]] ev:{} outputs y:0.02727738203750421 (n:-0.08823782794923964) c:1.0
num acquisition: 167, time elapsed: 34.29s
Optimization restart 1/5, f = 28.229520844906247
Optimization restart 2/5, f = 28.229520844885585
Optimization restart 3/5, f = 28.229520844897436
Optimization restart 4/5, f = 28.229520844858698
Optimization restart 5/5, f = 28.22952084486606
f inputs x:[[0.4779098  0.46761391]] ev:{} outputs y:0.07485662261596626 (n:0.07439677262361408) c:1.0
num acquisition: 168, time elapsed: 34.62s
Optimization restart 1/5, f = 26.158499926067236
Optimization restart 2/5, f = 26.15849992606124
Optimization restart 3/5, f = 26.158499926062944
Optimization restart 4/5, f = 26.158499926070547
Optimization restart 5/5, f = 26.158499926059463
f inputs x:[[-0.72086468 -1.        ]] ev:{} outputs y:7.515270711679428 (n:0.022871204586953922) c:1.0
num acquisition: 169, time elapsed: 35.00s
Optimization restart 1/5, f = 25.831112875810618
Optimization restart 2/5, f = 25.83111287580992
Optimization restart 3/5, f = 25.831112875809737
Optimization restart 4/5, f = 25.83111287580975
Optimization restart 5/5, f = 25.831112875887
f inputs x:[[ 0.77012051 -0.44050472]] ev:{} outputs y:7.0345137638452195 (n:-0.013319487154233514) c:1.0
num acquisition: 170, time elapsed: 35.39s
Optimization restart 1/5, f = 25.739938070581346
Optimization restart 2/5, f = 25.739938070477137
Optimization restart 3/5, f = 25.739938070453235
Optimization restart 4/5, f = 25.739938070571284
Optimization restart 5/5, f = 25.73993807484902
f inputs x:[[-0.248636 -1.      ]] ev:{} outputs y:6.28393817548746 (n:0.00048145837044806457) c:1.0
num acquisition: 171, time elapsed: 35.84s
Optimization restart 1/5, f = 26.055899472933334
Optimization restart 2/5, f = 26.05589947325896
Optimization restart 3/5, f = 26.055899475991197
Optimization restart 4/5, f = 26.05589947293234
Optimization restart 5/5, f = 26.055899484829183
f inputs x:[[0.36424869 0.26925514]] ev:{} outputs y:0.04055151952859145 (n:-0.024373842112744563) c:1.0
num acquisition: 172, time elapsed: 36.28s
Optimization restart 1/5, f = 23.69364152533899
Optimization restart 2/5, f = 23.693641525267765
Optimization restart 3/5, f = 23.693641525349364
Optimization restart 4/5, f = 23.693641525288513
Optimization restart 5/5, f = 23.693641525281024
f inputs x:[[ 0.04641655 -0.18387808]] ev:{} outputs y:2.8327670063903385 (n:0.018010643687754523) c:1.0
num acquisition: 173, time elapsed: 36.72s
Optimization restart 1/5, f = 24.575033313291186
Optimization restart 2/5, f = 24.575033313280215
Optimization restart 3/5, f = 24.575033313279036
Optimization restart 4/5, f = 24.57503331328175
Optimization restart 5/5, f = 24.575033313881192
f inputs x:[[-0.42396493 -0.25415641]] ev:{} outputs y:5.177504819337755 (n:0.06007511110940064) c:1.0
num acquisition: 174, time elapsed: 37.14s
Optimization restart 1/5, f = 25.240378687219717
Optimization restart 2/5, f = 25.240378687238902
Optimization restart 3/5, f = 25.240378687666322
Optimization restart 4/5, f = 25.240378687265036
Optimization restart 5/5, f = 25.24037868722195
f inputs x:[[-0.28197934  0.08548268]] ev:{} outputs y:1.8798035583963202 (n:0.08829311030879022) c:1.0
num acquisition: 175, time elapsed: 37.57s
Optimization restart 1/5, f = 25.673982701031576
Optimization restart 2/5, f = 25.673982701129873
Optimization restart 3/5, f = 25.673982701031107
Optimization restart 4/5, f = 25.67398270102433
Optimization restart 5/5, f = 25.673982701031093
f inputs x:[[0.30380896 0.20494302]] ev:{} outputs y:0.2342390467501029 (n:0.011943710320749713) c:1.0
num acquisition: 176, time elapsed: 37.94s
Optimization restart 1/5, f = 24.923810864622027
Optimization restart 2/5, f = 24.92381086438526
Optimization restart 3/5, f = 24.92381086436984
Optimization restart 4/5, f = 24.923810864373763
Optimization restart 5/5, f = 24.923810864411678
f inputs x:[[-0.47560392 -0.73258832]] ev:{} outputs y:6.3911263758362935 (n:-0.013606625211168587) c:1.0
num acquisition: 177, time elapsed: 38.36s
Optimization restart 1/5, f = 25.042336371073347
Optimization restart 2/5, f = 25.04233637102803
Optimization restart 3/5, f = 25.042336371021875
Optimization restart 4/5, f = 25.042336371045792
Optimization restart 5/5, f = 25.042336371017072
f inputs x:[[-1.         -0.75592428]] ev:{} outputs y:8.1505831963474 (n:0.046529942176600995) c:1.0
num acquisition: 178, time elapsed: 38.79s
Optimization restart 1/5, f = 24.3159153173132
Optimization restart 2/5, f = 24.3159153162388
Optimization restart 3/5, f = 24.315915316885665
Optimization restart 4/5, f = 24.315915316266967
Optimization restart 5/5, f = 24.315915316246276
f inputs x:[[0.59345488 0.10799247]] ev:{} outputs y:5.062931235216605 (n:-0.0047425787466861) c:1.0
num acquisition: 179, time elapsed: 39.28s
Optimization restart 1/5, f = 24.840454045023705
Optimization restart 2/5, f = 24.840454041285255
Optimization restart 3/5, f = 24.84045404129151
Optimization restart 4/5, f = 24.840454041288254
Optimization restart 5/5, f = 24.840454041588117
f inputs x:[[0.52504412 0.54332359]] ev:{} outputs y:0.08697916948842803 (n:-0.09124306102758388) c:1.0
num acquisition: 180, time elapsed: 39.78s
Optimization restart 1/5, f = 22.64885846575632
Optimization restart 2/5, f = 22.64885846576658
Optimization restart 3/5, f = 22.648858465758394
Optimization restart 4/5, f = 22.648858465777153
Optimization restart 5/5, f = 22.64885846792079
f inputs x:[[0.37129299 0.27453294]] ev:{} outputs y:0.10918685199307718 (n:0.029516019428399355) c:1.0
num acquisition: 181, time elapsed: 40.32s
Optimization restart 1/5, f = 20.613247864139083
Optimization restart 2/5, f = 20.61324786554914
Optimization restart 3/5, f = 20.613247863991404
Optimization restart 4/5, f = 20.613247863942732
Optimization restart 5/5, f = 20.61324786394124
f inputs x:[[0.4362677  0.39422019]] ev:{} outputs y:-0.02257210457822903 (n:-0.041944610443513844) c:1.0
num acquisition: 182, time elapsed: 40.86s
Optimization restart 1/5, f = 18.583337602750518
Optimization restart 2/5, f = 18.583337602746752
Optimization restart 3/5, f = 18.583337602762924
Optimization restart 4/5, f = 18.583337602768978
Optimization restart 5/5, f = 18.583337602754867
f inputs x:[[-0.6976387   0.90875004]] ev:{} outputs y:2.2477562091413503 (n:-0.06949874367203884) c:1.0
num acquisition: 183, time elapsed: 41.27s
Optimization restart 1/5, f = 19.03378691085919
Optimization restart 2/5, f = 19.0337869110445
Optimization restart 3/5, f = 19.033786910855667
Optimization restart 4/5, f = 19.033786910848065
Optimization restart 5/5, f = 19.033786910859845
f inputs x:[[0.52880914 0.55808931]] ev:{} outputs y:0.04761818026191719 (n:-0.04444743502585716) c:1.0
num acquisition: 184, time elapsed: 41.77s
Optimization restart 1/5, f = 16.40727886589336
Optimization restart 2/5, f = 16.407278866112662
Optimization restart 3/5, f = 16.407278865920034
Optimization restart 4/5, f = 16.407278865886695
Optimization restart 5/5, f = 16.407278866080247
f inputs x:[[0.36801171 0.25863205]] ev:{} outputs y:0.14507942186572342 (n:-0.04378189469060922) c:1.0
num acquisition: 185, time elapsed: 42.22s
Optimization restart 1/5, f = 14.35749843108789
Optimization restart 2/5, f = 14.357498431392713
Optimization restart 3/5, f = 14.357498431082618
Optimization restart 4/5, f = 14.357498431171592
Optimization restart 5/5, f = 14.357498431354685
f inputs x:[[-0.77192775 -0.03435009]] ev:{} outputs y:6.591564980269755 (n:0.08734362052560772) c:1.0
num acquisition: 186, time elapsed: 42.72s
Optimization restart 1/5, f = 14.326141916363909
Optimization restart 2/5, f = 14.326141916358395
Optimization restart 3/5, f = 14.326141916353151
Optimization restart 4/5, f = 14.326141916363412
Optimization restart 5/5, f = 14.326141916370517
f inputs x:[[0.43633553 0.39465181]] ev:{} outputs y:0.057078532844903836 (n:0.036565910439756856) c:1.0
num acquisition: 187, time elapsed: 43.17s
Optimization restart 1/5, f = 11.914495865347021
Optimization restart 2/5, f = 11.91449586533136
Optimization restart 3/5, f = 11.914495865339049
Optimization restart 4/5, f = 11.91449586534435
Optimization restart 5/5, f = 11.914495865335212
f inputs x:[[0.52841309 0.55963917]] ev:{} outputs y:0.04351743967509783 (n:-0.023417685617087996) c:1.0
num acquisition: 188, time elapsed: 43.61s
Optimization restart 1/5, f = 9.187886678909791
Optimization restart 2/5, f = 9.187886679107507
Optimization restart 3/5, f = 9.187886678990964
Optimization restart 4/5, f = 9.187886678911696
Optimization restart 5/5, f = 9.18788667890567
f inputs x:[[0.43678152 0.39153778]] ev:{} outputs y:-0.05435832638624218 (n:-0.0657029116585837) c:1.0
num acquisition: 189, time elapsed: 44.06s
Optimization restart 1/5, f = 7.420422714661214
Optimization restart 2/5, f = 7.420422714679773
Optimization restart 3/5, f = 7.420422714806421
Optimization restart 4/5, f = 7.4204227146672395
Optimization restart 5/5, f = 7.420422714674814
f inputs x:[[0.43602867 0.38982675]] ev:{} outputs y:0.0783785824565137 (n:0.0669044770009048) c:1.0
num acquisition: 190, time elapsed: 44.55s
Optimization restart 1/5, f = 5.380144490676329
Optimization restart 2/5, f = 5.38014449066452
Optimization restart 3/5, f = 5.380144490682213
Optimization restart 4/5, f = 5.380144490795175
Optimization restart 5/5, f = 5.380144490686931
f inputs x:[[ 0.20707739 -0.01434577]] ev:{} outputs y:1.755054430085023 (n:0.012896862393697896) c:1.0
num acquisition: 191, time elapsed: 44.95s
Optimization restart 1/5, f = 5.538063543005137
Optimization restart 2/5, f = 5.538063542979103
Optimization restart 3/5, f = 5.538063542977909
Optimization restart 4/5, f = 5.538063542981931
Optimization restart 5/5, f = 5.538063542983124
f inputs x:[[0.52825143 0.55890251]] ev:{} outputs y:0.019007867406576416 (n:-0.05163204404471288) c:1.0
num acquisition: 192, time elapsed: 45.40s
Optimization restart 1/5, f = 2.9059833589496407
Optimization restart 2/5, f = 2.905983358954586
Optimization restart 3/5, f = 2.905983358939352
Optimization restart 4/5, f = 2.9059833589364104
Optimization restart 5/5, f = 2.905983358933952
f inputs x:[[0.4372973 0.3950184]] ev:{} outputs y:0.005004949244606248 (n:-0.010571796290373692) c:1.0
num acquisition: 193, time elapsed: 45.84s
Optimization restart 1/5, f = 0.2417506295112446
Optimization restart 2/5, f = 0.24175062950016013
Optimization restart 3/5, f = 0.2417506295235512
Optimization restart 4/5, f = 0.24175062950297388
Optimization restart 5/5, f = 0.24175062949348103
f inputs x:[[0.43768592 0.39543396]] ev:{} outputs y:0.03648630090970152 (n:0.02182476394575493) c:1.0
num acquisition: 194, time elapsed: 46.32s
Optimization restart 1/5, f = -2.4559865507032157
Optimization restart 2/5, f = -2.4559865489746358
Optimization restart 3/5, f = -2.4559865507003167
Optimization restart 4/5, f = -2.455986550682894
Optimization restart 5/5, f = -2.455986550687655
f inputs x:[[-0.09872705 -0.78684221]] ev:{} outputs y:5.570119485591194 (n:-0.048345871723347145) c:1.0
num acquisition: 195, time elapsed: 46.75s
Optimization restart 1/5, f = -2.071126258707224
Optimization restart 2/5, f = -2.071126258693127
Optimization restart 3/5, f = -2.071126258730743
Optimization restart 4/5, f = -2.071126258678788
Optimization restart 5/5, f = -2.071126258733429
f inputs x:[[0.4373918  0.39338753]] ev:{} outputs y:0.04214248843908877 (n:0.03030180946182547) c:1.0
num acquisition: 196, time elapsed: 47.22s
Optimization restart 1/5, f = -4.7769855091783455
Optimization restart 2/5, f = -4.776985509174935
Optimization restart 3/5, f = -4.776985509214413
Optimization restart 4/5, f = -4.776985509188108
Optimization restart 5/5, f = -4.7769855091083
f inputs x:[[-0.80070574  0.27144348]] ev:{} outputs y:6.134305361385957 (n:-0.0034497349907506194) c:1.0
num acquisition: 197, time elapsed: 47.67s
Optimization restart 1/5, f = -4.62207921654408
Optimization restart 2/5, f = -4.622079216538793
Optimization restart 3/5, f = -4.622079216524071
Optimization restart 4/5, f = -4.622079216534502
Optimization restart 5/5, f = -4.622079216528476
f inputs x:[[-0.79616282  0.60713344]] ev:{} outputs y:5.305998957475157 (n:-0.032570984567651715) c:1.0
num acquisition: 198, time elapsed: 48.09s
Optimization restart 1/5, f = -4.148031607537348
Optimization restart 2/5, f = -4.148031607510532
Optimization restart 3/5, f = -4.148031607501977
Optimization restart 4/5, f = -4.1480316074963355
Optimization restart 5/5, f = -4.148031607510532
f inputs x:[[0.35802077 0.26991441]] ev:{} outputs y:0.06321959952126119 (n:-0.026768662422898527) c:1.0
num acquisition: 199, time elapsed: 48.55s
Optimization restart 1/5, f = -6.527136763676012
Optimization restart 2/5, f = -6.527136763686158
Optimization restart 3/5, f = -6.527136763684325
Optimization restart 4/5, f = -6.527136763711283
Optimization restart 5/5, f = -6.527136763657211
f inputs x:[[-0.43691575  0.58852852]] ev:{} outputs y:3.0228971129493587 (n:-0.019865716616474932) c:1.0
num acquisition: 200, time elapsed: 49.03s
Optimization restart 1/5, f = -5.909418071925245
Optimization restart 2/5, f = -5.9094180719312135
Optimization restart 3/5, f = -5.909418071760484
Optimization restart 4/5, f = -5.909418071925572
Optimization restart 5/5, f = -5.909418071938461
f inputs x:[[ 0.84489937 -0.13209745]] ev:{} outputs y:6.882100512401586 (n:-0.0908187910273332) c:1.0
num acquisition: 201, time elapsed: 49.52s
Optimization restart 1/5, f = -6.131023311201403
Optimization restart 2/5, f = -6.131023311168249
Optimization restart 3/5, f = -6.131023311218328
Optimization restart 4/5, f = -6.131023310962618
Optimization restart 5/5, f = -6.131023311182972
f inputs x:[[0.36394969 0.27228464]] ev:{} outputs y:0.04955308138304011 (n:-0.01366863229331167) c:1.0
num acquisition: 202, time elapsed: 50.03s
Optimization restart 1/5, f = -8.848611249415654
Optimization restart 2/5, f = -8.848611249400278
Optimization restart 3/5, f = -8.848611249374898
Optimization restart 4/5, f = -8.848611249432196
Optimization restart 5/5, f = -8.848611249429453
f inputs x:[[-0.15589773  1.        ]] ev:{} outputs y:5.925683163996559 (n:-0.018312131696703683) c:1.0
num acquisition: 203, time elapsed: 50.68s
Optimization restart 1/5, f = -8.580870261741723
Optimization restart 2/5, f = -8.580870261737545
Optimization restart 3/5, f = -8.580870261731945
Optimization restart 4/5, f = -8.580870261723135
Optimization restart 5/5, f = -8.58087026170061
f inputs x:[[ 0.25937921 -0.81492042]] ev:{} outputs y:5.999240036528374 (n:0.054043668545710605) c:1.0
num acquisition: 204, time elapsed: 51.15s
Optimization restart 1/5, f = -8.375577923490582
Optimization restart 2/5, f = -8.37557792350556
Optimization restart 3/5, f = -8.375577923498469
Optimization restart 4/5, f = -8.375577923491235
Optimization restart 5/5, f = -8.375577923507151
f inputs x:[[0.52837561 0.56062887]] ev:{} outputs y:0.03297642269475436 (n:-0.024095400186045265) c:1.0
num acquisition: 205, time elapsed: 51.70s
Optimization restart 1/5, f = -11.212421519358813
Optimization restart 2/5, f = -11.212421519348737
Optimization restart 3/5, f = -11.212421519351736
Optimization restart 4/5, f = -11.212421519329837
Optimization restart 5/5, f = -11.212421519247059
f inputs x:[[0.51469818 0.52770521]] ev:{} outputs y:0.10518057785218364 (n:0.014165825796741758) c:1.0
num acquisition: 206, time elapsed: 52.22s
Optimization restart 1/5, f = -13.385555301686026
Optimization restart 2/5, f = -13.38555530166289
Optimization restart 3/5, f = -13.385555301696769
Optimization restart 4/5, f = -13.38555530168
Optimization restart 5/5, f = -13.385555301715328
f inputs x:[[0.43771665 0.39331297]] ev:{} outputs y:-0.03229205092257588 (n:-0.0433135876031448) c:1.0
num acquisition: 207, time elapsed: 52.79s
Optimization restart 1/5, f = -15.657877480383675
Optimization restart 2/5, f = -15.657877480781977
Optimization restart 3/5, f = -15.657877480764895
Optimization restart 4/5, f = -15.65787748080082
Optimization restart 5/5, f = -15.657877480772328
f inputs x:[[-0.74509118 -0.55487467]] ev:{} outputs y:7.120052934684343 (n:0.023388386424529173) c:1.0
num acquisition: 208, time elapsed: 53.34s
Optimization restart 1/5, f = -16.00981808133524
Optimization restart 2/5, f = -16.009818081634876
Optimization restart 3/5, f = -16.0098180816437
Optimization restart 4/5, f = -16.009818081624346
Optimization restart 5/5, f = -16.009818081421983
f inputs x:[[-0.36857394  0.30551817]] ev:{} outputs y:1.4933711163440258 (n:0.013552023940198873) c:1.0
num acquisition: 209, time elapsed: 53.81s
Optimization restart 1/5, f = -15.517272291954754
Optimization restart 2/5, f = -15.517272291876282
Optimization restart 3/5, f = -15.517272291942916
Optimization restart 4/5, f = -15.5172722919622
Optimization restart 5/5, f = -15.517272291930283
f inputs x:[[0.3832973  0.29369725]] ev:{} outputs y:0.047656311813770044 (n:-0.018039057196651453) c:1.0
num acquisition: 210, time elapsed: 54.35s
Optimization restart 1/5, f = -17.25988197177226
Optimization restart 2/5, f = -17.259881971777745
Optimization restart 3/5, f = -17.25988197169002
Optimization restart 4/5, f = -17.259881971752833
Optimization restart 5/5, f = -17.25988197172724
f inputs x:[[0.56034769 0.64782294]] ev:{} outputs y:0.01694446230048941 (n:-0.013910745483116655) c:1.0
num acquisition: 211, time elapsed: 54.87s
Optimization restart 1/5, f = -19.776022484714588
Optimization restart 2/5, f = -19.776022484734767
Optimization restart 3/5, f = -19.776022484705152
Optimization restart 4/5, f = -19.77602248469833
Optimization restart 5/5, f = -19.776022484723995
f inputs x:[[0.43748956 0.39226366]] ev:{} outputs y:0.036602231415992614 (n:0.02580682632278655) c:1.0
num acquisition: 212, time elapsed: 55.42s
Optimization restart 1/5, f = -22.58909836140161
Optimization restart 2/5, f = -22.58909836150015
Optimization restart 3/5, f = -22.589098361516932
Optimization restart 4/5, f = -22.589098361469837
Optimization restart 5/5, f = -22.589098361533487
f inputs x:[[0.43787766 0.39345411]] ev:{} outputs y:0.06554178653659055 (n:0.05469188566920424) c:1.0
num acquisition: 213, time elapsed: 55.90s
Optimization restart 1/5, f = -25.00276190719657
Optimization restart 2/5, f = -25.00276190713869
Optimization restart 3/5, f = -25.002761907182446
Optimization restart 4/5, f = -25.00276190722002
Optimization restart 5/5, f = -25.002761907175824
f inputs x:[[0.04566686 0.52889451]] ev:{} outputs y:4.765499949144066 (n:0.0010939640198115556) c:1.0
num acquisition: 214, time elapsed: 56.36s
Optimization restart 1/5, f = -24.435831240397093
Optimization restart 2/5, f = -24.43583124039006
Optimization restart 3/5, f = -24.435831240373986
Optimization restart 4/5, f = -24.435831240375848
Optimization restart 5/5, f = -24.435831239107102
f inputs x:[[0.37478737 0.28409777]] ev:{} outputs y:0.03506798864029555 (n:-0.02262434213390825) c:1.0
num acquisition: 215, time elapsed: 56.92s
Optimization restart 1/5, f = -27.16779439927774
Optimization restart 2/5, f = -27.167794399288184
Optimization restart 3/5, f = -27.167794399271713
Optimization restart 4/5, f = -27.16779439863447
Optimization restart 5/5, f = -27.167794372973873
f inputs x:[[0.55999562 0.6466512 ]] ev:{} outputs y:-0.02918546443420496 (n:-0.0584748301678669) c:1.0
num acquisition: 216, time elapsed: 57.45s
Optimization restart 1/5, f = -29.348867053864836
Optimization restart 2/5, f = -29.348867063008868
Optimization restart 3/5, f = -29.348867063346006
Optimization restart 4/5, f = -29.348867063366853
Optimization restart 5/5, f = -29.348867063347555
f inputs x:[[-0.52179976 -0.05553163]] ev:{} outputs y:5.056036493276821 (n:-0.037503855268085536) c:1.0
num acquisition: 217, time elapsed: 58.02s
Optimization restart 1/5, f = -28.83026802275353
Optimization restart 2/5, f = -28.830268022679235
Optimization restart 3/5, f = -28.830268022744633
Optimization restart 4/5, f = -28.83026802268708
Optimization restart 5/5, f = -28.830268022718627
f inputs x:[[0.37114098 0.76338133]] ev:{} outputs y:4.491272818374011 (n:-0.09583224948206465) c:1.0
num acquisition: 218, time elapsed: 58.65s
Optimization restart 1/5, f = -28.24986689927809
Optimization restart 2/5, f = -28.249866899193535
Optimization restart 3/5, f = -28.249866899255494
Optimization restart 4/5, f = -28.24986689926328
Optimization restart 5/5, f = -28.24986689926446
f inputs x:[[0.38977124 0.30477622]] ev:{} outputs y:0.056818631409329856 (n:0.0007556689454703376) c:1.0
num acquisition: 219, time elapsed: 59.18s
Optimization restart 1/5, f = -30.5346886280997
Optimization restart 2/5, f = -30.53468862809183
Optimization restart 3/5, f = -30.53468862812261
Optimization restart 4/5, f = -30.534688628102003
Optimization restart 5/5, f = -30.534688628033678
f inputs x:[[-0.54722997  0.49335817]] ev:{} outputs y:2.438926791685908 (n:-0.006109115048851753) c:1.0
num acquisition: 220, time elapsed: 59.70s
Optimization restart 1/5, f = -30.115690005606396
Optimization restart 2/5, f = -30.11569000559365
Optimization restart 3/5, f = -30.115690005644836
Optimization restart 4/5, f = -30.11569000559757
Optimization restart 5/5, f = -30.1156900056329
f inputs x:[[0.43793859 0.393258  ]] ev:{} outputs y:-0.035035654806321224 (n:-0.04570184358560474) c:1.0
num acquisition: 221, time elapsed: 60.26s
Optimization restart 1/5, f = -32.293429866890705
Optimization restart 2/5, f = -32.293429866868266
Optimization restart 3/5, f = -32.293429866861956
Optimization restart 4/5, f = -32.29342986688904
Optimization restart 5/5, f = -32.29342986685779
f inputs x:[[0.02714147 0.80783656]] ev:{} outputs y:5.668348420192765 (n:0.0530666479978307) c:1.0
num acquisition: 222, time elapsed: 60.84s
Optimization restart 1/5, f = -32.01949098901309
Optimization restart 2/5, f = -32.01949098900043
Optimization restart 3/5, f = -32.019490989029194
Optimization restart 4/5, f = -32.019490988704916
Optimization restart 5/5, f = -32.01949098900687
f inputs x:[[ 0.03972292 -0.00081669]] ev:{} outputs y:0.6905741806936013 (n:0.07496328084888047) c:1.0
num acquisition: 223, time elapsed: 61.41s
Optimization restart 1/5, f = -32.89614271382399
Optimization restart 2/5, f = -32.89614271379082
Optimization restart 3/5, f = -32.8961427138008
Optimization restart 4/5, f = -32.89614271375645
Optimization restart 5/5, f = -32.89614271379922
f inputs x:[[ 0.46974399 -0.80649091]] ev:{} outputs y:6.522100882649516 (n:0.022012333043012783) c:1.0
num acquisition: 224, time elapsed: 61.98s
Optimization restart 1/5, f = -33.005176143406615
Optimization restart 2/5, f = -33.005176143445624
Optimization restart 3/5, f = -33.00517614347271
Optimization restart 4/5, f = -33.005176143473605
Optimization restart 5/5, f = -33.00517614352336
f inputs x:[[0.57334964 0.72703451]] ev:{} outputs y:0.8701085348275319 (n:0.061767482790579836) c:1.0
num acquisition: 225, time elapsed: 62.50s
Optimization restart 1/5, f = -33.64878637050923
Optimization restart 2/5, f = -33.64878637047576
Optimization restart 3/5, f = -33.64878637048935
Optimization restart 4/5, f = -33.64878637047627
Optimization restart 5/5, f = -33.64878637044744
f inputs x:[[0.56002791 0.64719787]] ev:{} outputs y:0.011617768241870632 (n:-0.019477038466442376) c:1.0
num acquisition: 226, time elapsed: 63.09s
Optimization restart 1/5, f = -36.48081816871003
Optimization restart 2/5, f = -36.48081816708415
Optimization restart 3/5, f = -36.480818168697226
Optimization restart 4/5, f = -36.48081816869764
Optimization restart 5/5, f = -36.48081816857814
f inputs x:[[0.55994175 0.6468966 ]] ev:{} outputs y:-0.019364236981205346 (n:-0.050001678728257226) c:1.0
num acquisition: 227, time elapsed: 63.75s
Optimization restart 1/5, f = -39.166481768153105
Optimization restart 2/5, f = -39.16648176766991
Optimization restart 3/5, f = -39.166481768143555
Optimization restart 4/5, f = -39.16648176814684
Optimization restart 5/5, f = -39.16648176816335
f inputs x:[[0.76161617 1.        ]] ev:{} outputs y:2.803498502505681 (n:0.022718641017623113) c:1.0
num acquisition: 228, time elapsed: 64.34s
Optimization restart 1/5, f = -38.271295157983715
Optimization restart 2/5, f = -38.27129543150167
Optimization restart 3/5, f = -38.27129543169312
Optimization restart 4/5, f = -38.271295431691684
Optimization restart 5/5, f = -38.271295431696416
f inputs x:[[0.01961441 0.2480213 ]] ev:{} outputs y:3.3670489308126483 (n:0.05073133558440514) c:1.0
num acquisition: 229, time elapsed: 64.99s
Optimization restart 1/5, f = -37.71420647659683
Optimization restart 2/5, f = -37.71420647660247
Optimization restart 3/5, f = -37.71420647645142
Optimization restart 4/5, f = -37.714206476592864
Optimization restart 5/5, f = -37.71420647613681
f inputs x:[[-1.         -0.29400011]] ev:{} outputs y:7.693979077892794 (n:-0.051392128062197645) c:1.0
num acquisition: 230, time elapsed: 65.52s
Optimization restart 1/5, f = -38.411863505347426
Optimization restart 2/5, f = -38.4118635821485
Optimization restart 3/5, f = -38.41186358208117
Optimization restart 4/5, f = -38.41186358212701
Optimization restart 5/5, f = -38.41186358212788
f inputs x:[[ 0.44168244 -0.51035644]] ev:{} outputs y:5.979878785101228 (n:0.1269486434837431) c:1.0
num acquisition: 231, time elapsed: 66.16s
Optimization restart 1/5, f = -38.287108897636585
Optimization restart 2/5, f = -38.28710889764044
Optimization restart 3/5, f = -38.28710889766566
Optimization restart 4/5, f = -38.2871088976254
Optimization restart 5/5, f = -38.287108897360596
f inputs x:[[0.43754586 0.39278318]] ev:{} outputs y:0.0015083699710480118 (n:-0.009434123167782754) c:1.0
num acquisition: 232, time elapsed: 66.78s
Optimization restart 1/5, f = -41.18275006133943
Optimization restart 2/5, f = -41.18275006113761
Optimization restart 3/5, f = -41.18275006129656
Optimization restart 4/5, f = -41.18275006133079
Optimization restart 5/5, f = -41.18275006133547
f inputs x:[[-0.37970927  0.22563231]] ev:{} outputs y:1.774554832530813 (n:-0.049111332281526) c:1.0
num acquisition: 233, time elapsed: 67.41s
Optimization restart 1/5, f = -41.08845101479295
Optimization restart 2/5, f = -41.08845101473551
Optimization restart 3/5, f = -41.088451014826916
Optimization restart 4/5, f = -41.08845101486651
Optimization restart 5/5, f = -41.08845100203506
f inputs x:[[0.52811923 0.56080308]] ev:{} outputs y:-0.0044065344969924924 (n:-0.055157610836384034) c:1.0
num acquisition: 234, time elapsed: 68.08s
Optimization restart 1/5, f = -43.62528325974415
Optimization restart 2/5, f = -43.625283259844494
Optimization restart 3/5, f = -43.62528325987476
Optimization restart 4/5, f = -43.625283259764615
Optimization restart 5/5, f = -43.62528325992082
f inputs x:[[-0.34364004  0.79443308]] ev:{} outputs y:4.918502465350417 (n:0.03587229133040228) c:1.0
num acquisition: 235, time elapsed: 68.72s
Optimization restart 1/5, f = -43.148083564403876
Optimization restart 2/5, f = -43.14808356436819
Optimization restart 3/5, f = -43.14808356429954
Optimization restart 4/5, f = -43.14808356439336
Optimization restart 5/5, f = -43.14808356440133
f inputs x:[[-0.14770461 -0.3942195 ]] ev:{} outputs y:4.409928792965996 (n:-0.014830733033899016) c:1.0
num acquisition: 236, time elapsed: 69.40s
Optimization restart 1/5, f = -42.642718509371136
Optimization restart 2/5, f = -42.64271850937874
Optimization restart 3/5, f = -42.64271850927096
Optimization restart 4/5, f = -42.642718509385105
Optimization restart 5/5, f = -42.642718509326556
f inputs x:[[0.55996573 0.64702988]] ev:{} outputs y:0.18587740801335748 (n:0.15491928411214984) c:1.0
num acquisition: 237, time elapsed: 70.09s
Optimization restart 1/5, f = -40.2280756687874
Optimization restart 2/5, f = -40.2280756681363
Optimization restart 3/5, f = -40.22807566879618
Optimization restart 4/5, f = -40.228075305044484
Optimization restart 5/5, f = -40.22807566882017
f inputs x:[[0.43653501 0.39554976]] ev:{} outputs y:-0.07138946861995932 (n:-0.09404219481728525) c:1.0
num acquisition: 238, time elapsed: 70.84s
Optimization restart 1/5, f = -41.85351913305146
Optimization restart 2/5, f = -41.85351913325718
Optimization restart 3/5, f = -41.853519133259525
Optimization restart 4/5, f = -41.85351913321185
Optimization restart 5/5, f = -41.853519133257805
f inputs x:[[0.52808206 0.55722854]] ev:{} outputs y:0.03713306232105275 (n:-0.046900780862753164) c:1.0
num acquisition: 239, time elapsed: 71.60s
Optimization restart 1/5, f = -44.54837494024848
Optimization restart 2/5, f = -44.54837494032705
Optimization restart 3/5, f = -44.54837494017711
Optimization restart 4/5, f = -44.54837493990992
Optimization restart 5/5, f = -44.54837493310039
f inputs x:[[0.12565759 0.05512055]] ev:{} outputs y:0.5926720949338107 (n:0.022119176051955805) c:1.0
num acquisition: 240, time elapsed: 72.38s
Optimization restart 1/5, f = -45.69307822050638
Optimization restart 2/5, f = -45.693078220594316
Optimization restart 3/5, f = -45.69307822061478
Optimization restart 4/5, f = -45.693078220630895
Optimization restart 5/5, f = -45.6930782206218
f inputs x:[[0.56264143 0.65412664]] ev:{} outputs y:0.09004128406208224 (n:0.05341483833323253) c:1.0
num acquisition: 241, time elapsed: 73.18s
Optimization restart 1/5, f = -47.93078295568958
Optimization restart 2/5, f = -47.930782954779204
Optimization restart 3/5, f = -47.930782955631685
Optimization restart 4/5, f = -47.930782955632225
Optimization restart 5/5, f = -47.930782954462614
f inputs x:[[0.52795432 0.55738864]] ev:{} outputs y:0.07668069246418212 (n:-0.0026991323318422186) c:1.0
num acquisition: 242, time elapsed: 73.98s
Optimization restart 1/5, f = -50.36737909805939
Optimization restart 2/5, f = -50.36737909779096
Optimization restart 3/5, f = -50.36737909795593
Optimization restart 4/5, f = -50.36737909805541
Optimization restart 5/5, f = -50.36737909679783
f inputs x:[[0.48017298 0.46880811]] ev:{} outputs y:0.05884554039139454 (n:0.053759107523378404) c:1.0
num acquisition: 243, time elapsed: 74.77s
Optimization restart 1/5, f = -52.84901620521417
Optimization restart 2/5, f = -52.84901620522368
Optimization restart 3/5, f = -52.84901620520381
Optimization restart 4/5, f = -52.8490161998802
Optimization restart 5/5, f = -52.8490162025774
f inputs x:[[0.43691614 0.39871751]] ev:{} outputs y:-0.02208802667114712 (n:-0.05778648785864998) c:1.0
num acquisition: 244, time elapsed: 75.56s
Optimization restart 1/5, f = -55.398433869671436
Optimization restart 2/5, f = -55.398433869630026
Optimization restart 3/5, f = -55.39843386965342
Optimization restart 4/5, f = -55.39843386944824
Optimization restart 5/5, f = -55.39843386966558
f inputs x:[[0.37677077 0.28542741]] ev:{} outputs y:-0.0405156161382713 (n:-0.10248653607984073) c:1.0
num acquisition: 245, time elapsed: 76.28s
Optimization restart 1/5, f = -57.18948248104377
Optimization restart 2/5, f = -57.18948248103351
Optimization restart 3/5, f = -57.18948248104806
Optimization restart 4/5, f = -57.18948248102342
Optimization restart 5/5, f = -57.18948248099514
[0.43653501 0.39554976]
