INFO:GP:initializing Y
INFO:GP:initializing inference method
INFO:GP:adding kernel and likelihood as parameters
removed robo import in opts.py l17 due to theano errors
f inputs x:[[-0.91137681 -0.31859853 -0.18184986  0.53827369]] ev:{} outputs y:7.216770205053274 (n:-0.3229555024491888) c:1.0
f inputs x:[[ 0.87404958 -0.7644103   0.15393832  0.09631683]] ev:{} outputs y:8.155542728002604 (n:0.23953810637407308) c:1.0
f inputs x:[[-0.04795525  0.84405108  0.1351721  -0.57379616]] ev:{} outputs y:7.6683432853411135 (n:0.5861771942864271) c:1.0
f inputs x:[[ 0.9688668   0.04919922 -0.43974074 -0.0023436 ]] ev:{} outputs y:7.582917775654101 (n:0.1879769453994482) c:1.0
f inputs x:[[ 0.77891629 -0.02281281 -0.46628045 -0.27062035]] ev:{} outputs y:7.54467400969609 (n:0.6526419367202629) c:1.0
f inputs x:[[-1.         -0.11425417 -0.48478553  0.64642651]] ev:{} outputs y:7.3749300463038345 (n:-0.2737835781269573) c:1.0
num acquisition: 1, time elapsed: 0.20s
f inputs x:[[-1.         -0.46820127  0.15132657  0.70555126]] ev:{} outputs y:7.593469772086518 (n:-0.37527943799179525) c:1.0
num acquisition: 2, time elapsed: 0.39s
f inputs x:[[-0.81361754 -0.30110845 -0.29497443  0.36041236]] ev:{} outputs y:6.886879092783134 (n:-0.264212121541317) c:1.0
num acquisition: 3, time elapsed: 0.56s
f inputs x:[[-0.72268339 -0.32166777 -0.35536441  0.17650684]] ev:{} outputs y:6.590718816402496 (n:-0.2788790123089116) c:1.0
num acquisition: 4, time elapsed: 0.69s
f inputs x:[[-0.69559504 -0.42220388 -0.4888247  -0.1518006 ]] ev:{} outputs y:7.372269828365022 (n:0.1791941603111768) c:1.0
num acquisition: 5, time elapsed: 0.85s
f inputs x:[[-0.60946911 -0.26780824 -0.31140449  0.20038784]] ev:{} outputs y:7.361052291931472 (n:1.0640455940470956) c:1.0
num acquisition: 6, time elapsed: 1.06s
f inputs x:[[-0.8011267  -0.33358216 -0.35229419  0.23697195]] ev:{} outputs y:6.724337706518166 (n:-0.44131882891907764) c:1.0
num acquisition: 7, time elapsed: 1.17s
f inputs x:[[-0.75752705 -0.34249032 -0.37004151  0.16000406]] ev:{} outputs y:6.4341448343368866 (n:-0.6063439200491071) c:1.0
num acquisition: 8, time elapsed: 1.40s
f inputs x:[[-0.7827298  -0.32296742 -0.38240142  0.10794494]] ev:{} outputs y:7.576781335017374 (n:0.46842841967569987) c:1.0
num acquisition: 9, time elapsed: 1.80s
f inputs x:[[-0.75481056 -0.34263614 -0.3634176   0.18296324]] ev:{} outputs y:6.180718425331109 (n:-0.8450276412431735) c:1.0
num acquisition: 10, time elapsed: 2.07s
f inputs x:[[-0.75154028 -0.36242773 -0.36576982  0.19193433]] ev:{} outputs y:6.666395150132275 (n:-0.3840416372391369) c:1.0
num acquisition: 11, time elapsed: 2.51s
f inputs x:[[-0.76032239 -0.32875641 -0.36017421  0.18406508]] ev:{} outputs y:7.401254862669182 (n:0.3821926504463437) c:1.0
num acquisition: 12, time elapsed: 2.71s
f inputs x:[[-0.74533747 -0.35316834 -0.36312915  0.18958306]] ev:{} outputs y:7.725946991618365 (n:0.7148358067034439) c:1.0
num acquisition: 13, time elapsed: 2.90s
f inputs x:[[-0.76874253 -0.34472733 -0.35511243  0.21824501]] ev:{} outputs y:7.1963602109164615 (n:0.12423231867745146) c:1.0
num acquisition: 14, time elapsed: 3.04s
f inputs x:[[-0.76810893 -0.3443472  -0.35531457  0.21673371]] ev:{} outputs y:7.249554916763158 (n:0.18015299626746392) c:1.0
num acquisition: 15, time elapsed: 3.18s
f inputs x:[[-0.76726096 -0.3437258  -0.35546975  0.21496549]] ev:{} outputs y:6.243202087162073 (n:-0.8222962337639339) c:1.0
num acquisition: 16, time elapsed: 3.30s
f inputs x:[[-0.76743668 -0.3447296  -0.35586491  0.21577045]] ev:{} outputs y:7.3742889049701965 (n:0.3062866254239201) c:1.0
num acquisition: 17, time elapsed: 3.48s
f inputs x:[[-0.76669178 -0.34415101 -0.35609456  0.21366028]] ev:{} outputs y:7.612407939564983 (n:0.54782534139584) c:1.0
num acquisition: 18, time elapsed: 3.63s
f inputs x:[[-0.76532277 -0.3426056  -0.356064    0.21080379]] ev:{} outputs y:7.503989905008492 (n:0.4467763629854194) c:1.0
num acquisition: 19, time elapsed: 3.76s
f inputs x:[[-0.7646356  -0.34168541 -0.35587584  0.20981068]] ev:{} outputs y:7.594752077444595 (n:0.5415905149370595) c:1.0
num acquisition: 20, time elapsed: 3.90s
f inputs x:[[-0.76389373 -0.34069927 -0.35561605  0.20903878]] ev:{} outputs y:6.384269132217461 (n:-0.6644872725326562) c:1.0
num acquisition: 21, time elapsed: 4.05s
f inputs x:[[-0.76367848 -0.34147889 -0.35634797  0.20785464]] ev:{} outputs y:6.867702255037513 (n:-0.18205194037032957) c:1.0
num acquisition: 22, time elapsed: 4.21s
f inputs x:[[-0.76339954 -0.34175428 -0.35668068  0.20718864]] ev:{} outputs y:7.355700313551483 (n:0.30625670750446327) c:1.0
num acquisition: 23, time elapsed: 4.37s
f inputs x:[[-0.76353017 -0.34152563 -0.35648886  0.20745954]] ev:{} outputs y:6.378111366458204 (n:-0.6712886825844447) c:1.0
num acquisition: 24, time elapsed: 4.52s
f inputs x:[[-0.76244283 -0.34186193 -0.35727676  0.2052548 ]] ev:{} outputs y:6.037380060427387 (n:-1.0092729845521762) c:1.0
num acquisition: 25, time elapsed: 4.71s
f inputs x:[[-0.75954526 -0.34158221 -0.35849259  0.2000414 ]] ev:{} outputs y:6.843601514780297 (n:-0.19326135020196103) c:1.0
num acquisition: 26, time elapsed: 4.87s
f inputs x:[[-0.75825333 -0.34132273 -0.35895182  0.19771807]] ev:{} outputs y:6.597326062575409 (n:-0.4349067325185948) c:1.0
num acquisition: 27, time elapsed: 5.01s
f inputs x:[[-0.75585164 -0.34069417 -0.359833    0.19306444]] ev:{} outputs y:6.801976775942924 (n:-0.22144201683258452) c:1.0
num acquisition: 28, time elapsed: 5.19s
f inputs x:[[-0.75454773 -0.34030425 -0.36035874  0.19028962]] ev:{} outputs y:6.50138714689142 (n:-0.517210741981275) c:1.0
num acquisition: 29, time elapsed: 5.42s
f inputs x:[[-0.75261132 -0.33958599 -0.36138335  0.18511461]] ev:{} outputs y:7.420990315149592 (n:0.4095820394665443) c:1.0
num acquisition: 30, time elapsed: 5.65s
f inputs x:[[-0.75512904 -0.34045402 -0.36013723  0.19146873]] ev:{} outputs y:7.228259099770106 (n:0.2075453121243396) c:1.0
num acquisition: 31, time elapsed: 5.84s
f inputs x:[[-0.75619249 -0.34077874 -0.35973116  0.19365579]] ev:{} outputs y:6.486483362415745 (n:-0.5381926635294945) c:1.0
num acquisition: 32, time elapsed: 6.03s
f inputs x:[[-0.75459417 -0.34024162 -0.36043408  0.18998138]] ev:{} outputs y:7.476957967626448 (n:0.45824950662298713) c:1.0
num acquisition: 33, time elapsed: 6.23s
f inputs x:[[-0.75677301 -0.34091758 -0.35954728  0.19467278]] ev:{} outputs y:8.400882037274954 (n:1.3740790742881819) c:1.0
num acquisition: 34, time elapsed: 6.45s
f inputs x:[[-0.76149715 -0.34191762 -0.35790686  0.20311176]] ev:{} outputs y:8.065595605848022 (n:1.0217498358650914) c:1.0
num acquisition: 35, time elapsed: 6.67s
f inputs x:[[-0.76170062 -0.34168821 -0.35767915  0.20350041]] ev:{} outputs y:7.203339280352099 (n:0.15931159009056103) c:1.0
num acquisition: 36, time elapsed: 6.85s
f inputs x:[[-0.76166816 -0.34166994 -0.35768722  0.20344264]] ev:{} outputs y:6.673228184332893 (n:-0.37066058715248223) c:1.0
num acquisition: 37, time elapsed: 7.06s
f inputs x:[[-0.76189388 -0.34179761 -0.35764432  0.2038491 ]] ev:{} outputs y:7.911824585712634 (n:0.8669623912353914) c:1.0
num acquisition: 38, time elapsed: 7.25s
f inputs x:[[-0.86409904 -0.29745054 -0.6036699   0.10411994]] ev:{} outputs y:7.0163938727988375 (n:-0.5049670836993678) c:1.0
num acquisition: 39, time elapsed: 7.40s
f inputs x:[[-0.70007741 -0.40276172 -0.34206073  0.27681324]] ev:{} outputs y:8.267105004927771 (n:1.3257596932591469) c:1.0
num acquisition: 40, time elapsed: 7.52s
f inputs x:[[-0.96595464 -0.56845709 -0.66418901  0.58290553]] ev:{} outputs y:7.675998026768729 (n:-0.4493556747095048) c:1.0
num acquisition: 41, time elapsed: 7.68s
f inputs x:[[-0.75973138 -0.33959538 -0.36034801  0.19193547]] ev:{} outputs y:7.012187422996955 (n:-0.02324020422596076) c:1.0
num acquisition: 42, time elapsed: 7.92s
f inputs x:[[-0.75959541 -0.33954096 -0.36046995  0.19140736]] ev:{} outputs y:7.1585189532778735 (n:0.12356936673142753) c:1.0
num acquisition: 43, time elapsed: 8.12s
f inputs x:[[-0.75959117 -0.33953688 -0.36047555  0.19138359]] ev:{} outputs y:6.427380111460623 (n:-0.6075517576025701) c:1.0
num acquisition: 44, time elapsed: 8.37s
f inputs x:[[-0.75906866 -0.33932969 -0.36096871  0.18927079]] ev:{} outputs y:7.436188742884661 (n:0.40306895020605965) c:1.0
num acquisition: 45, time elapsed: 8.63s
f inputs x:[[-0.75941383 -0.33945714 -0.36065682  0.1906066 ]] ev:{} outputs y:6.979940735560128 (n:-0.05436969284555285) c:1.0
num acquisition: 46, time elapsed: 8.89s
f inputs x:[[-0.75927161 -0.33940288 -0.36078896  0.19004054]] ev:{} outputs y:6.990180528293669 (n:-0.0436387729390927) c:1.0
num acquisition: 47, time elapsed: 9.19s
f inputs x:[[-0.75913446 -0.33935467 -0.3609145   0.1895057 ]] ev:{} outputs y:7.458763223136621 (n:0.42541153526904424) c:1.0
num acquisition: 48, time elapsed: 9.47s
f inputs x:[[-0.75946488 -0.3394781  -0.36061458  0.19079064]] ev:{} outputs y:7.4669993114190065 (n:0.43250609924174116) c:1.0
num acquisition: 49, time elapsed: 9.69s
f inputs x:[[-0.75972228 -0.33958865 -0.36037364  0.19183049]] ev:{} outputs y:7.906846699788764 (n:0.8714434282810609) c:1.0
num acquisition: 50, time elapsed: 9.95s
f inputs x:[[-0.74719472 -0.33214306 -0.33656938  0.28397135]] ev:{} outputs y:6.457088163164405 (n:-0.5090464413434137) c:1.0
num acquisition: 51, time elapsed: 10.15s
f inputs x:[[-0.95773615 -0.36541174 -0.81049227  0.53607804]] ev:{} outputs y:8.57944121785496 (n:0.6071932885203969) c:1.0
num acquisition: 52, time elapsed: 10.29s
f inputs x:[[-0.76462594 -0.33389024 -0.35753989  0.20235777]] ev:{} outputs y:7.623079219439457 (n:0.5822592531880296) c:1.0
num acquisition: 53, time elapsed: 10.53s
f inputs x:[[-0.76476842 -0.33425538 -0.35771274  0.20207027]] ev:{} outputs y:7.273015859590902 (n:0.2309662216806117) c:1.0
num acquisition: 54, time elapsed: 10.76s
f inputs x:[[-0.76482731 -0.33427812 -0.35773338  0.20205622]] ev:{} outputs y:7.262505198080486 (n:0.22019767202352772) c:1.0
num acquisition: 55, time elapsed: 10.98s
f inputs x:[[-0.7648863  -0.33428569 -0.35774889  0.20205262]] ev:{} outputs y:8.049765020000631 (n:1.0072283813478968) c:1.0
num acquisition: 56, time elapsed: 11.20s
f inputs x:[[-0.76602942 -0.33388812 -0.3578019   0.20232711]] ev:{} outputs y:7.059783514826338 (n:0.013880338841294103) c:1.0
num acquisition: 57, time elapsed: 11.44s
f inputs x:[[-0.76598048 -0.33389751 -0.35780282  0.20233822]] ev:{} outputs y:7.426381114014785 (n:0.3806346172487114) c:1.0
num acquisition: 58, time elapsed: 11.65s
f inputs x:[[-0.76595833 -0.33397741 -0.35781636  0.20225914]] ev:{} outputs y:7.326265795536378 (n:0.28045031679730464) c:1.0
num acquisition: 59, time elapsed: 11.91s
f inputs x:[[-0.76591865 -0.33403871 -0.35782362  0.20220776]] ev:{} outputs y:6.700368500661607 (n:-0.34541790226144564) c:1.0
num acquisition: 60, time elapsed: 12.11s
f inputs x:[[-0.76572487 -0.33411768 -0.35783672  0.20218936]] ev:{} outputs y:6.912823417534859 (n:-0.13242188527636334) c:1.0
num acquisition: 61, time elapsed: 12.35s
f inputs x:[[-0.76536626 -0.33434851 -0.35785303  0.20203662]] ev:{} outputs y:7.154216898887584 (n:0.10982601272696542) c:1.0
num acquisition: 62, time elapsed: 12.62s
f inputs x:[[-0.76526025 -0.33442657 -0.35786137  0.20197966]] ev:{} outputs y:7.6215925118824766 (n:0.5774349281728623) c:1.0
num acquisition: 63, time elapsed: 12.84s
f inputs x:[[-0.76571059 -0.33419027 -0.35785295  0.20214682]] ev:{} outputs y:7.154615469300211 (n:0.10928609965197686) c:1.0
num acquisition: 64, time elapsed: 13.11s
f inputs x:[[-0.76565459 -0.33422989 -0.35785785  0.20212181]] ev:{} outputs y:7.329331040279331 (n:0.2841277511171236) c:1.0
num acquisition: 65, time elapsed: 13.41s
f inputs x:[[-0.76570374 -0.33421704 -0.35785904  0.20212571]] ev:{} outputs y:6.88405195628186 (n:-0.16130314117821803) c:1.0
num acquisition: 66, time elapsed: 13.63s
f inputs x:[[-0.76541672 -0.33440396 -0.35787731  0.20200524]] ev:{} outputs y:6.493597945707879 (n:-0.5510796513068112) c:1.0
num acquisition: 67, time elapsed: 13.87s
f inputs x:[[-0.76454636 -0.33501478 -0.35792945  0.20154524]] ev:{} outputs y:7.33080194046096 (n:0.28809787602707243) c:1.0
num acquisition: 68, time elapsed: 14.14s
f inputs x:[[-0.76469268 -0.33493567 -0.35792675  0.20162024]] ev:{} outputs y:7.024957847844457 (n:-0.01812138679690965) c:1.0
num acquisition: 69, time elapsed: 14.41s
f inputs x:[[-0.76446875 -0.33508741 -0.35794071  0.20149162]] ev:{} outputs y:6.414136855590089 (n:-0.6284265473243824) c:1.0
num acquisition: 70, time elapsed: 14.66s
f inputs x:[[-0.7640023  -0.33531666 -0.35794995  0.201246  ]] ev:{} outputs y:7.273870989565567 (n:0.23254165593415216) c:1.0
num acquisition: 71, time elapsed: 14.89s
f inputs x:[[-0.76401999 -0.33534122 -0.35795812  0.20124336]] ev:{} outputs y:6.888366734884838 (n:-0.15307148341132307) c:1.0
num acquisition: 72, time elapsed: 15.15s
f inputs x:[[-0.76390137 -0.33535416 -0.35795178  0.20119159]] ev:{} outputs y:7.2785033895132 (n:0.23746189343485075) c:1.0
num acquisition: 73, time elapsed: 15.44s
f inputs x:[[-0.76391578 -0.33538565 -0.3579611   0.20118511]] ev:{} outputs y:6.453641211300395 (n:-0.5875103177808529) c:1.0
num acquisition: 74, time elapsed: 15.73s
f inputs x:[[-0.7637845  -0.3352912  -0.35792898  0.20115986]] ev:{} outputs y:6.9868802903371 (n:-0.05363068804268835) c:1.0
num acquisition: 75, time elapsed: 16.03s
f inputs x:[[-0.76376301 -0.33523722 -0.35791421  0.20116961]] ev:{} outputs y:6.834211544249178 (n:-0.20612274386818658) c:1.0
num acquisition: 76, time elapsed: 16.31s
f inputs x:[[-0.7637574  -0.33510087 -0.35788034  0.20121627]] ev:{} outputs y:8.129074315393328 (n:1.089013947260198) c:1.0
num acquisition: 77, time elapsed: 16.57s
f inputs x:[[-0.76380938 -0.33560997 -0.3580151   0.20104078]] ev:{} outputs y:6.46070061751583 (n:-0.580496212188375) c:1.0
num acquisition: 78, time elapsed: 16.92s
f inputs x:[[-0.76370022 -0.33555588 -0.35799878  0.20099632]] ev:{} outputs y:7.405185414295884 (n:0.364472721077514) c:1.0
num acquisition: 79, time elapsed: 17.20s
f inputs x:[[-0.76371331 -0.33562583 -0.35801506  0.20098407]] ev:{} outputs y:7.455058831038004 (n:0.4141706513471013) c:1.0
num acquisition: 80, time elapsed: 17.45s
f inputs x:[[-0.76375022 -0.33567801 -0.35802821  0.2009893 ]] ev:{} outputs y:6.680932107975863 (n:-0.36018247244000884) c:1.0
num acquisition: 81, time elapsed: 17.75s
f inputs x:[[-0.76367568 -0.33564216 -0.35801869  0.20095629]] ev:{} outputs y:7.20528597606859 (n:0.16449919991205833) c:1.0
num acquisition: 82, time elapsed: 18.05s
f inputs x:[[-0.76366959 -0.33566215 -0.35802257  0.20094915]] ev:{} outputs y:6.998975069242551 (n:-0.041827022351644094) c:1.0
num acquisition: 83, time elapsed: 18.34s
f inputs x:[[-0.76364718 -0.33564161 -0.3580178   0.2009413 ]] ev:{} outputs y:6.867295584407326 (n:-0.1733900670657257) c:1.0
num acquisition: 84, time elapsed: 18.63s
f inputs x:[[-0.76362291 -0.33558787 -0.35800626  0.20093983]] ev:{} outputs y:7.1635990965367435 (n:0.12309739015322962) c:1.0
num acquisition: 85, time elapsed: 18.94s
f inputs x:[[-0.76361554 -0.33559828 -0.35800822  0.20093373]] ev:{} outputs y:6.63179242403811 (n:-0.4087025086086182) c:1.0
num acquisition: 86, time elapsed: 19.25s
f inputs x:[[-0.76356522 -0.33551258 -0.35799001  0.2009269 ]] ev:{} outputs y:6.978551570797396 (n:-0.06160935878862046) c:1.0
num acquisition: 87, time elapsed: 19.52s
f inputs x:[[-0.76363669 -0.33539566 -0.35796889  0.2009825 ]] ev:{} outputs y:6.193817713156393 (n:-0.8463803672717237) c:1.0
num acquisition: 88, time elapsed: 19.80s
f inputs x:[[-0.76357916 -0.33519428 -0.35792582  0.20100914]] ev:{} outputs y:6.825314099175176 (n:-0.21431107208871827) c:1.0
num acquisition: 89, time elapsed: 20.08s
f inputs x:[[-0.76370877 -0.33492102 -0.3578724   0.20113559]] ev:{} outputs y:5.740630540129078 (n:-1.298948019571383) c:1.0
num acquisition: 90, time elapsed: 20.39s
f inputs x:[[-0.76389692 -0.3342825  -0.3577442   0.20138922]] ev:{} outputs y:6.873373466698931 (n:-0.1656930653747841) c:1.0
num acquisition: 91, time elapsed: 20.66s
f inputs x:[[-0.76400064 -0.33406284 -0.35770102  0.20149287]] ev:{} outputs y:7.4434185672202045 (n:0.4043904377746226) c:1.0
num acquisition: 92, time elapsed: 20.91s
f inputs x:[[-0.76384601 -0.33441418 -0.35777287  0.20132243]] ev:{} outputs y:6.989578075247766 (n:-0.0495529727209412) c:1.0
num acquisition: 93, time elapsed: 21.19s
f inputs x:[[-0.76389948 -0.33430332 -0.35775127  0.20137431]] ev:{} outputs y:7.275724733946004 (n:0.23660907722034702) c:1.0
num acquisition: 94, time elapsed: 21.53s
f inputs x:[[-0.76382625 -0.33445851 -0.35778237  0.20129916]] ev:{} outputs y:8.29697106682389 (n:1.2578275787276991) c:1.0
num acquisition: 95, time elapsed: 21.80s
f inputs x:[[-0.3958786  -0.44523209 -0.37169397  0.40520131]] ev:{} outputs y:7.008088579275464 (n:0.759670650549923) c:1.0
num acquisition: 96, time elapsed: 22.05s
f inputs x:[[ 0.13880019  0.66038271 -0.79005634  0.51013532]] ev:{} outputs y:6.67236211020883 (n:-0.7091634365724855) c:1.0
num acquisition: 97, time elapsed: 22.28s
f inputs x:[[ 0.46187505  0.10939541 -0.25095265  0.52655878]] ev:{} outputs y:4.631492283683261 (n:-0.35900721395599616) c:1.0
num acquisition: 98, time elapsed: 22.48s
f inputs x:[[ 0.43062933  0.13285722 -0.24900697  0.57419423]] ev:{} outputs y:5.436066142529163 (n:0.4429993677850321) c:1.0
num acquisition: 99, time elapsed: 22.71s
f inputs x:[[ 0.43118371  0.13253638 -0.24841102  0.57472341]] ev:{} outputs y:4.551020371006077 (n:-0.445498290612687) c:1.0
num acquisition: 100, time elapsed: 22.92s
f inputs x:[[ 0.4223381   0.1392046  -0.24128763  0.59927663]] ev:{} outputs y:4.864721223431292 (n:-0.1785054475684007) c:1.0
num acquisition: 101, time elapsed: 23.13s
f inputs x:[[ 0.41920545  0.14252992 -0.23648616  0.61309436]] ev:{} outputs y:6.416635692793649 (n:1.340005287279159) c:1.0
num acquisition: 102, time elapsed: 23.34s
f inputs x:[[ 0.44002863  0.12103268 -0.26141959  0.53433046]] ev:{} outputs y:4.73675183568837 (n:-0.18048024197007578) c:1.0
num acquisition: 103, time elapsed: 23.56s
f inputs x:[[ 0.44316018  0.11285424 -0.2705513   0.50728015]] ev:{} outputs y:5.712146886606898 (n:0.847649649562589) c:1.0
num acquisition: 104, time elapsed: 23.78s
f inputs x:[[ 0.44155409  0.12411846 -0.25715765  0.54482732]] ev:{} outputs y:4.595837139343408 (n:-0.35232080492875695) c:1.0
num acquisition: 105, time elapsed: 23.99s
f inputs x:[[ 0.4469094   0.12054545 -0.26062768  0.53217384]] ev:{} outputs y:5.154208708578048 (n:0.2196980400456328) c:1.0
num acquisition: 106, time elapsed: 24.19s
f inputs x:[[ 0.44759707  0.12012108 -0.26046903  0.53169059]] ev:{} outputs y:4.488735896392137 (n:-0.4473262570762931) c:1.0
num acquisition: 107, time elapsed: 24.41s
f inputs x:[[ 0.45529187  0.1151655  -0.26471631  0.5149279 ]] ev:{} outputs y:5.009179762580252 (n:0.08408858299945683) c:1.0
num acquisition: 108, time elapsed: 24.63s
f inputs x:[[ 0.45689539  0.11415205 -0.26513067  0.51230325]] ev:{} outputs y:4.789228766336082 (n:-0.13646912002200492) c:1.0
num acquisition: 109, time elapsed: 24.84s
f inputs x:[[ 0.46186502  0.11103583 -0.26712284  0.50280813]] ev:{} outputs y:4.668987881669771 (n:-0.2563615046001204) c:1.0
num acquisition: 110, time elapsed: 25.07s
f inputs x:[[ 0.46895641  0.10670602 -0.26960471  0.48988277]] ev:{} outputs y:4.086042036450336 (n:-0.8436171699739577) c:1.0
num acquisition: 111, time elapsed: 25.28s
f inputs x:[[ 0.48731585  0.09631242 -0.27442982  0.45968858]] ev:{} outputs y:4.57539832774835 (n:-0.38841319561011967) c:1.0
num acquisition: 112, time elapsed: 25.54s
f inputs x:[[ 0.49473672  0.09216626 -0.27529773  0.44912278]] ev:{} outputs y:5.096885545462517 (n:0.11007579119368012) c:1.0
num acquisition: 113, time elapsed: 25.80s
f inputs x:[[ 0.48527843  0.09699768 -0.27490164  0.46120413]] ev:{} outputs y:5.174495926560009 (n:0.21844068153431298) c:1.0
num acquisition: 114, time elapsed: 26.03s
f inputs x:[[ 0.47927601  0.10034948 -0.27341503  0.47094688]] ev:{} outputs y:4.442589653770718 (n:-0.5001178753467282) c:1.0
num acquisition: 115, time elapsed: 26.26s
f inputs x:[[ 0.4847399   0.09696003 -0.27508535  0.46152531]] ev:{} outputs y:5.30600775909026 (n:0.35179056384370877) c:1.0
num acquisition: 116, time elapsed: 26.51s
f inputs x:[[ 0.47818656  0.10096905 -0.2732557   0.47263285]] ev:{} outputs y:5.112813818903869 (n:0.1724855477135971) c:1.0
num acquisition: 117, time elapsed: 26.74s
f inputs x:[[ 0.47626685  0.10211346 -0.27222707  0.47674551]] ev:{} outputs y:4.970032342087456 (n:0.03129613526577713) c:1.0
num acquisition: 118, time elapsed: 26.98s
f inputs x:[[ 0.47597807  0.10225033 -0.27188265  0.47775544]] ev:{} outputs y:5.0503327886610165 (n:0.11091746799516618) c:1.0
num acquisition: 119, time elapsed: 27.23s
f inputs x:[[ 0.47512897  0.10279372 -0.2713479   0.47981418]] ev:{} outputs y:4.7605566934541335 (n:-0.17874598168829578) c:1.0
num acquisition: 120, time elapsed: 27.48s
f inputs x:[[ 0.47652582  0.10181577 -0.2715807   0.47787899]] ev:{} outputs y:4.934871178463097 (n:-0.007856891532824916) c:1.0
num acquisition: 121, time elapsed: 27.71s
f inputs x:[[ 0.4765939   0.10174776 -0.2714037   0.47823889]] ev:{} outputs y:4.087414837636188 (n:-0.8564731687935608) c:1.0
num acquisition: 122, time elapsed: 27.96s
f inputs x:[[ 0.48283452  0.09720713 -0.27239108  0.46981712]] ev:{} outputs y:4.488941171063678 (n:-0.4724219304017215) c:1.0
num acquisition: 123, time elapsed: 28.20s
f inputs x:[[ 0.48760267  0.09316048 -0.27209525  0.46573117]] ev:{} outputs y:4.749000992134378 (n:-0.2328037484132902) c:1.0
num acquisition: 124, time elapsed: 28.48s
f inputs x:[[ 0.489391    0.09142718 -0.27172068  0.46487066]] ev:{} outputs y:4.637285888591884 (n:-0.354099583333498) c:1.0
num acquisition: 125, time elapsed: 28.73s
f inputs x:[[ 0.49335125  0.08742103 -0.27071019  0.46347211]] ev:{} outputs y:5.31560812170635 (n:0.3013365361914974) c:1.0
num acquisition: 126, time elapsed: 28.99s
f inputs x:[[ 0.48126229  0.100449   -0.27469382  0.46497568]] ev:{} outputs y:4.950662600794796 (n:0.01102521444359923) c:1.0
num acquisition: 127, time elapsed: 29.23s
f inputs x:[[ 0.48143788  0.09977415 -0.2742081   0.46674998]] ev:{} outputs y:5.060078860448584 (n:0.11517615661595303) c:1.0
num acquisition: 128, time elapsed: 29.50s
f inputs x:[[ 0.48118898  0.09923864 -0.27339124  0.46981474]] ev:{} outputs y:4.304834578267082 (n:-0.6457925922791815) c:1.0
num acquisition: 129, time elapsed: 29.80s
f inputs x:[[ 0.48399475  0.09793823 -0.27499772  0.46402231]] ev:{} outputs y:4.7958026200573665 (n:-0.15807634991666578) c:1.0
num acquisition: 130, time elapsed: 30.06s
f inputs x:[[ 0.48451101  0.09764522 -0.27515721  0.46344298]] ev:{} outputs y:4.996631767445109 (n:0.041072599565292175) c:1.0
num acquisition: 131, time elapsed: 30.32s
f inputs x:[[ 0.48399216  0.09761323 -0.27441454  0.46547877]] ev:{} outputs y:6.172630697487868 (n:1.2154165122857072) c:1.0
num acquisition: 132, time elapsed: 30.60s
f inputs x:[[ 0.47654131  0.1017287  -0.26981806  0.48097437]] ev:{} outputs y:4.730184241911077 (n:-0.21950797781993484) c:1.0
num acquisition: 133, time elapsed: 30.87s
f inputs x:[[ 0.47770288  0.10102556 -0.26943484  0.48051003]] ev:{} outputs y:4.102703803801483 (n:-0.8521729913375795) c:1.0
num acquisition: 134, time elapsed: 31.15s
f inputs x:[[ 0.48312533  0.09767621 -0.26674305  0.47867779]] ev:{} outputs y:5.189239747416726 (n:0.20850114754439844) c:1.0
num acquisition: 135, time elapsed: 31.42s
f inputs x:[[ 0.47801978  0.10062008 -0.27099611  0.47851872]] ev:{} outputs y:4.784069176854948 (n:-0.1682500602495936) c:1.0
num acquisition: 136, time elapsed: 31.75s
f inputs x:[[ 0.47886391  0.10003297 -0.27107949  0.47837876]] ev:{} outputs y:5.478936537155458 (n:0.5224383911552637) c:1.0
num acquisition: 137, time elapsed: 32.03s
f inputs x:[[ 0.47596984  0.1032465  -0.26977039  0.48052809]] ev:{} outputs y:4.5981942699043294 (n:-0.34602613069641786) c:1.0
num acquisition: 138, time elapsed: 32.35s
f inputs x:[[ 0.47690718  0.10395714 -0.2688943   0.47880587]] ev:{} outputs y:4.208631212915586 (n:-0.7354519684605613) c:1.0
num acquisition: 139, time elapsed: 32.65s
f inputs x:[[ 0.47905302  0.10915916 -0.26317306  0.47290142]] ev:{} outputs y:4.847226289618957 (n:-0.08897140603038522) c:1.0
num acquisition: 140, time elapsed: 32.94s
f inputs x:[[ 0.47964315  0.10975565 -0.26224081  0.47262446]] ev:{} outputs y:4.925475407377696 (n:-0.012187654247321397) c:1.0
num acquisition: 141, time elapsed: 33.25s
f inputs x:[[ 0.4798564   0.10728203 -0.26484835  0.47447592]] ev:{} outputs y:5.357326264220227 (n:0.41251061837849834) c:1.0
num acquisition: 142, time elapsed: 33.56s
f inputs x:[[ 0.47720733  0.09383008 -0.28006627  0.48423985]] ev:{} outputs y:4.6556263125205755 (n:-0.31097263027863825) c:1.0
num acquisition: 143, time elapsed: 33.87s
f inputs x:[[ 0.47894204  0.08334176 -0.29293492  0.48981273]] ev:{} outputs y:4.922343050636843 (n:-0.07371368979368678) c:1.0
num acquisition: 144, time elapsed: 34.18s
f inputs x:[[ 0.47895801  0.08806483 -0.28664092  0.48736062]] ev:{} outputs y:5.20942902594208 (n:0.22303422239008933) c:1.0
num acquisition: 145, time elapsed: 34.52s
f inputs x:[[ 0.47595101  0.11078632 -0.25752026  0.47454576]] ev:{} outputs y:5.741350756324948 (n:0.8150108597485671) c:1.0
num acquisition: 146, time elapsed: 34.86s
f inputs x:[[ 0.48142622  0.07331073 -0.3144404   0.50756161]] ev:{} outputs y:5.721035666663898 (n:0.6747127241252675) c:1.0
num acquisition: 147, time elapsed: 35.16s
f inputs x:[[ 0.46036003  0.15874174 -0.18418891  0.44605783]] ev:{} outputs y:4.854426440880302 (n:0.0842256307930768) c:1.0
num acquisition: 148, time elapsed: 35.48s
f inputs x:[[ 0.46210894  0.1584641  -0.18481673  0.44855373]] ev:{} outputs y:4.647865084743895 (n:-0.13552009518110456) c:1.0
num acquisition: 149, time elapsed: 35.78s
f inputs x:[[ 0.46084518  0.17764295 -0.15401694  0.4383797 ]] ev:{} outputs y:3.450967765276454 (n:-1.2912507982607684) c:1.0
num acquisition: 150, time elapsed: 36.08s
f inputs x:[[ 0.45572828  0.2530546  -0.03037304  0.39618571]] ev:{} outputs y:4.614009890391982 (n:0.10352026463293781) c:1.0
num acquisition: 151, time elapsed: 36.38s
f inputs x:[[ 0.45443793  0.23254551 -0.06597662  0.4053118 ]] ev:{} outputs y:4.681550158957045 (n:0.10913818054226869) c:1.0
num acquisition: 152, time elapsed: 36.69s
f inputs x:[[ 0.45610218  0.22456474 -0.07898049  0.41089444]] ev:{} outputs y:5.053132577705559 (n:0.44712141222030444) c:1.0
num acquisition: 153, time elapsed: 37.02s
f inputs x:[[ 0.4576956   0.20977254 -0.10265291  0.42052902]] ev:{} outputs y:4.0326571757532435 (n:-0.6241556253463144) c:1.0
num acquisition: 154, time elapsed: 37.32s
f inputs x:[[ 0.45673277  0.21811408 -0.08905533  0.41404855]] ev:{} outputs y:4.06945791339348 (n:-0.5556118862155237) c:1.0
num acquisition: 155, time elapsed: 37.69s
f inputs x:[[ 0.45608771  0.22480722 -0.07788334  0.40925913]] ev:{} outputs y:4.964688275152616 (n:0.3648138269911539) c:1.0
num acquisition: 156, time elapsed: 38.04s
f inputs x:[[ 0.45768488  0.21729886 -0.09078927  0.41545183]] ev:{} outputs y:4.44703725868668 (n:-0.18664132774505218) c:1.0
num acquisition: 157, time elapsed: 38.40s
f inputs x:[[ 0.45829531  0.21859868 -0.08871772  0.41520062]] ev:{} outputs y:4.893170462066049 (n:0.259616580390846) c:1.0
num acquisition: 158, time elapsed: 38.77s
f inputs x:[[ 0.45745525  0.21470913 -0.09416638  0.41776284]] ev:{} outputs y:4.221496300593236 (n:-0.42112796409430414) c:1.0
num acquisition: 159, time elapsed: 39.13s
f inputs x:[[ 0.45782298  0.2174243  -0.08903964  0.41622708]] ev:{} outputs y:3.8410614978418565 (n:-0.7948878068097534) c:1.0
num acquisition: 160, time elapsed: 39.55s
f inputs x:[[ 0.46050714  0.22319529 -0.07697267  0.41460426]] ev:{} outputs y:4.870481931584517 (n:0.23856195167680977) c:1.0
num acquisition: 161, time elapsed: 39.95s
f inputs x:[[ 0.45368192  0.21939447 -0.08731715  0.41291767]] ev:{} outputs y:3.8659857583677666 (n:-0.7445434199308517) c:1.0
num acquisition: 162, time elapsed: 40.32s
f inputs x:[[ 0.44473671  0.22314345 -0.08008163  0.40594696]] ev:{} outputs y:4.709726866064285 (n:0.15415097717096424) c:1.0
num acquisition: 163, time elapsed: 40.74s
f inputs x:[[ 0.45866149  0.22484665 -0.08143918  0.4137627 ]] ev:{} outputs y:3.417895515779199 (n:-1.206826577762715) c:1.0
num acquisition: 164, time elapsed: 41.12s
f inputs x:[[ 0.47752637  0.24823287 -0.0617532   0.41893702]] ev:{} outputs y:5.337263022933327 (n:0.6523848517831858) c:1.0
num acquisition: 165, time elapsed: 41.51s
f inputs x:[[ 0.3942839   0.18744388 -0.0858063   0.38479794]] ev:{} outputs y:4.735625478267767 (n:0.38197037160254704) c:1.0
num acquisition: 166, time elapsed: 41.89s
f inputs x:[[ 0.44704642  0.21392659 -0.08987245  0.40878121]] ev:{} outputs y:4.861251207141011 (n:0.2824023427028679) c:1.0
num acquisition: 167, time elapsed: 42.30s
f inputs x:[[ 0.45681991  0.21706053 -0.08896563  0.4155404 ]] ev:{} outputs y:4.39753446566218 (n:-0.23306073598058447) c:1.0
num acquisition: 168, time elapsed: 42.68s
f inputs x:[[ 0.45771352  0.2177056  -0.08769413  0.4156807 ]] ev:{} outputs y:4.874828541343241 (n:0.24163295792628944) c:1.0
num acquisition: 169, time elapsed: 43.06s
f inputs x:[[ 0.45464195  0.21678557 -0.08941461  0.41559721]] ev:{} outputs y:4.871489489758442 (n:0.24738286039570612) c:1.0
num acquisition: 170, time elapsed: 43.44s
f inputs x:[[ 0.45507372  0.21636958 -0.09005415  0.4169154 ]] ev:{} outputs y:6.0536690021255355 (n:1.4234836453475432) c:1.0
num acquisition: 171, time elapsed: 43.84s
f inputs x:[[ 0.45508681  0.21491037 -0.09280782  0.42328087]] ev:{} outputs y:4.8803642890912675 (n:0.2279115962744529) c:1.0
num acquisition: 172, time elapsed: 44.24s
f inputs x:[[ 0.45397164  0.21411256 -0.09453181  0.42242159]] ev:{} outputs y:4.256647203636251 (n:-0.3903694968502114) c:1.0
num acquisition: 173, time elapsed: 44.68s
f inputs x:[[ 0.45459873  0.21571579 -0.09155664  0.42326534]] ev:{} outputs y:4.598603944227194 (n:-0.05158675786599802) c:1.0
num acquisition: 174, time elapsed: 45.12s
f inputs x:[[ 0.45486553  0.21597408 -0.09100005  0.42345397]] ev:{} outputs y:4.31697048591076 (n:-0.3343858964290602) c:1.0
num acquisition: 175, time elapsed: 45.59s
f inputs x:[[ 0.45688405  0.21755612 -0.08738162  0.42537355]] ev:{} outputs y:4.7003592127970615 (n:0.03830006864930132) c:1.0
num acquisition: 176, time elapsed: 46.00s
f inputs x:[[ 0.45532102  0.21719622 -0.08872987  0.42408598]] ev:{} outputs y:3.4506844578738542 (n:-1.2029370310883973) c:1.0
num acquisition: 177, time elapsed: 46.44s
f inputs x:[[ 0.46732966  0.22536146 -0.06943076  0.43665806]] ev:{} outputs y:3.4572616534783682 (n:-1.2636186117629025) c:1.0
num acquisition: 178, time elapsed: 46.94s
f inputs x:[[0.54737704 0.26071602 0.01433105 0.50614324]] ev:{} outputs y:5.097680697365405 (n:-0.027617001256709458) c:1.0
num acquisition: 179, time elapsed: 47.43s
f inputs x:[[ 0.41720426  0.22040981 -0.0884863   0.40736447]] ev:{} outputs y:4.768906977811693 (n:0.27428353323880206) c:1.0
num acquisition: 180, time elapsed: 47.87s
f inputs x:[[ 0.43432437  0.22097673 -0.08906557  0.41318175]] ev:{} outputs y:4.683086347609126 (n:0.12651623449348137) c:1.0
num acquisition: 181, time elapsed: 48.30s
f inputs x:[[ 0.439562    0.22045658 -0.08867994  0.41515307]] ev:{} outputs y:4.205606730667162 (n:-0.3715369807020126) c:1.0
num acquisition: 182, time elapsed: 48.76s
f inputs x:[[ 0.430955    0.22233127 -0.0879597   0.41183368]] ev:{} outputs y:3.9567444934587006 (n:-0.5861296854959676) c:1.0
num acquisition: 183, time elapsed: 49.27s
f inputs x:[[ 0.40854627  0.22640572 -0.08615132  0.40408354]] ev:{} outputs y:4.551507253095521 (n:0.08514879037126034) c:1.0
num acquisition: 184, time elapsed: 49.79s
f inputs x:[[ 0.41238556  0.22639943 -0.0856166   0.40537408]] ev:{} outputs y:4.953243723960598 (n:0.47506663655284165) c:1.0
num acquisition: 185, time elapsed: 50.26s
f inputs x:[[ 0.44015665  0.2237879  -0.08622357  0.4146888 ]] ev:{} outputs y:5.142185409585116 (n:0.5662723749292408) c:1.0
num acquisition: 186, time elapsed: 50.78s
f inputs x:[[ 0.44978561  0.21894355 -0.08486895  0.4193248 ]] ev:{} outputs y:4.762948481294538 (n:0.14382898330990845) c:1.0
num acquisition: 187, time elapsed: 51.25s
f inputs x:[[ 0.45029375  0.21942052 -0.08584025  0.41952304]] ev:{} outputs y:5.739120419595487 (n:1.11757181431456) c:1.0
num acquisition: 188, time elapsed: 51.72s
f inputs x:[[ 0.4515363   0.21956891 -0.0876899   0.42258228]] ev:{} outputs y:4.385278754812665 (n:-0.250807152579398) c:1.0
num acquisition: 189, time elapsed: 52.17s
f inputs x:[[ 0.45157195  0.22059666 -0.08696554  0.42260563]] ev:{} outputs y:4.787466011177403 (n:0.15174007344193616) c:1.0
num acquisition: 190, time elapsed: 52.64s
f inputs x:[[ 0.45116086  0.21944338 -0.08714231  0.42236483]] ev:{} outputs y:5.1837147029996276 (n:0.549637163670422) c:1.0
num acquisition: 191, time elapsed: 53.17s
f inputs x:[[ 0.4508441   0.21790379 -0.08829702  0.4224628 ]] ev:{} outputs y:5.341350772818679 (n:0.7070345630314934) c:1.0
num acquisition: 192, time elapsed: 53.64s
f inputs x:[[ 0.45124135  0.21778358 -0.09002564  0.42319415]] ev:{} outputs y:4.57024715865863 (n:-0.06831935273336985) c:1.0
num acquisition: 193, time elapsed: 54.13s
f inputs x:[[ 0.45113671  0.21797952 -0.08978111  0.42306418]] ev:{} outputs y:4.680049606877178 (n:0.042365037247620946) c:1.0
num acquisition: 194, time elapsed: 54.55s
f inputs x:[[ 0.45103748  0.21781993 -0.08978134  0.42294597]] ev:{} outputs y:4.690281219461907 (n:0.05323780280149143) c:1.0
num acquisition: 195, time elapsed: 55.01s
f inputs x:[[ 0.4509615   0.21766359 -0.08982417  0.42283654]] ev:{} outputs y:5.024741312225235 (n:0.38822662148034826) c:1.0
num acquisition: 196, time elapsed: 55.50s
f inputs x:[[ 0.45105555  0.21691149 -0.09041655  0.42311617]] ev:{} outputs y:4.527383598068221 (n:-0.11075839675863679) c:1.0
num acquisition: 197, time elapsed: 55.99s
f inputs x:[[ 0.45089247  0.21709966 -0.09003686  0.42293865]] ev:{} outputs y:4.022919643998673 (n:-0.6139630383041786) c:1.0
num acquisition: 198, time elapsed: 56.43s
f inputs x:[[ 0.45011162  0.21831673 -0.08757071  0.42302489]] ev:{} outputs y:4.575826548434988 (n:-0.0578003180768711) c:1.0
num acquisition: 199, time elapsed: 56.89s
f inputs x:[[1. 1. 1. 1.]] ev:{} outputs y:6.4441635352933515 (n:-0.7902164883301952) c:1.0
num acquisition: 200, time elapsed: 57.34s
f inputs x:[[ 0.45025318  0.21219202 -0.09335093  0.42072115]] ev:{} outputs y:4.365073561819352 (n:-0.2652509540967495) c:1.0
num acquisition: 201, time elapsed: 57.85s
f inputs x:[[ 0.44929761  0.21072339 -0.09239927  0.41991927]] ev:{} outputs y:5.06693391120813 (n:0.44192066368865296) c:1.0
num acquisition: 202, time elapsed: 58.41s
f inputs x:[[ 0.45177454  0.21622583 -0.09472346  0.42165555]] ev:{} outputs y:4.881046254182586 (n:0.2439076526780111) c:1.0
num acquisition: 203, time elapsed: 58.94s
f inputs x:[[ 0.45125325  0.21495439 -0.09369341  0.42216698]] ev:{} outputs y:4.998833172025357 (n:0.36154065576416133) c:1.0
num acquisition: 204, time elapsed: 59.47s
f inputs x:[[ 0.45118119  0.21480395 -0.09341875  0.42281882]] ev:{} outputs y:3.6258042408688715 (n:-1.0133715107995624) c:1.0
num acquisition: 205, time elapsed: 59.99s
f inputs x:[[ 0.45011784  0.21589246 -0.09093007  0.42268666]] ev:{} outputs y:5.555221805297773 (n:0.9208233764555164) c:1.0
num acquisition: 206, time elapsed: 60.52s
f inputs x:[[ 0.45166294  0.21733115 -0.09204784  0.42433578]] ev:{} outputs y:5.055452665993465 (n:0.4110537362948665) c:1.0
num acquisition: 207, time elapsed: 61.08s
f inputs x:[[ 0.45085128  0.21547667 -0.09182591  0.42414868]] ev:{} outputs y:4.553613395727807 (n:-0.0882215895552373) c:1.0
num acquisition: 208, time elapsed: 61.62s
f inputs x:[[ 0.45064648  0.21548575 -0.09155024  0.42398297]] ev:{} outputs y:4.790244990513725 (n:0.14966031710160602) c:1.0
num acquisition: 209, time elapsed: 62.16s
f inputs x:[[ 0.45072008  0.2155743  -0.0919635   0.42382144]] ev:{} outputs y:3.913024938231612 (n:-0.7273541026352243) c:1.0
num acquisition: 210, time elapsed: 62.70s
f inputs x:[[ 0.44960059  0.21624822 -0.08941572  0.42415421]] ev:{} outputs y:4.7603191172979935 (n:0.12321613588688078) c:1.0
num acquisition: 211, time elapsed: 63.23s
f inputs x:[[ 0.44989525  0.21648192 -0.09005841  0.42390371]] ev:{} outputs y:5.202603165027606 (n:0.5653091715242369) c:1.0
num acquisition: 212, time elapsed: 63.76s
f inputs x:[[ 0.45098718  0.21684997 -0.09167929  0.4240201 ]] ev:{} outputs y:4.542095767458928 (n:-0.09926329475884124) c:1.0
num acquisition: 213, time elapsed: 64.34s
f inputs x:[[ 0.45085228  0.21710077 -0.09153016  0.42384033]] ev:{} outputs y:5.4678926825774585 (n:0.8276482493619516) c:1.0
num acquisition: 214, time elapsed: 64.88s
f inputs x:[[ 0.45063359  0.21490737 -0.09134471  0.42465094]] ev:{} outputs y:4.485414984261714 (n:-0.15744857984284788) c:1.0
num acquisition: 215, time elapsed: 65.41s
f inputs x:[[ 0.45025094  0.21463926 -0.09062617  0.42454846]] ev:{} outputs y:4.994241178475294 (n:0.35300113732235144) c:1.0
num acquisition: 216, time elapsed: 65.95s
f inputs x:[[ 0.45097479  0.21589986 -0.09236333  0.42435112]] ev:{} outputs y:4.656818238124984 (n:0.013905106632433379) c:1.0
num acquisition: 217, time elapsed: 66.54s
f inputs x:[[ 0.45084812  0.21583803 -0.09237699  0.4241349 ]] ev:{} outputs y:4.872585660116943 (n:0.23073922898069832) c:1.0
num acquisition: 218, time elapsed: 67.10s
f inputs x:[[ 0.45084269  0.21546813 -0.09267571  0.42403861]] ev:{} outputs y:4.665851521520787 (n:0.024130348197389784) c:1.0
num acquisition: 219, time elapsed: 67.70s
f inputs x:[[ 0.4507284   0.21540333 -0.09271254  0.42382383]] ev:{} outputs y:4.24851470735975 (n:-0.392189385008507) c:1.0
num acquisition: 220, time elapsed: 68.28s
f inputs x:[[ 0.45013729  0.21587555 -0.09181293  0.42358011]] ev:{} outputs y:4.742240136320616 (n:0.10453615538805454) c:1.0
num acquisition: 221, time elapsed: 68.90s
f inputs x:[[ 0.45021188  0.21576877 -0.0920358   0.42343714]] ev:{} outputs y:4.58864176883637 (n:-0.048917155151256) c:1.0
num acquisition: 222, time elapsed: 69.44s
f inputs x:[[ 0.449986    0.2157585  -0.09194839  0.42316321]] ev:{} outputs y:4.732594353897695 (n:0.09663813432147576) c:1.0
num acquisition: 223, time elapsed: 70.05s
f inputs x:[[ 0.45007452  0.2156721  -0.09214457  0.42304463]] ev:{} outputs y:4.194754415125527 (n:-0.4411639379672235) c:1.0
num acquisition: 224, time elapsed: 70.67s
f inputs x:[[ 0.4488972   0.21601966 -0.09105212  0.42254059]] ev:{} outputs y:5.513685535788002 (n:0.883393159330031) c:1.0
num acquisition: 225, time elapsed: 71.28s
f inputs x:[[ 0.45237647  0.21716867 -0.09227693  0.4249647 ]] ev:{} outputs y:3.0162461459393093 (n:-1.6324738184334568) c:1.0
num acquisition: 226, time elapsed: 71.90s
f inputs x:[[ 0.45606691  0.22815135 -0.08749937  0.4304154 ]] ev:{} outputs y:4.755311693095681 (n:0.08210686173887942) c:1.0
num acquisition: 227, time elapsed: 72.52s
f inputs x:[[ 0.45398868  0.22462308 -0.08689177  0.42904915]] ev:{} outputs y:4.570668336675033 (n:-0.09242919099162979) c:1.0
num acquisition: 228, time elapsed: 73.17s
f inputs x:[[ 0.45437028  0.22555342 -0.0869017   0.42923457]] ev:{} outputs y:4.346351140101425 (n:-0.3182860651939474) c:1.0
num acquisition: 229, time elapsed: 73.81s
f inputs x:[[ 0.45703621  0.23099235 -0.08705145  0.43119868]] ev:{} outputs y:4.5571210797407495 (n:-0.12087339102595683) c:1.0
num acquisition: 230, time elapsed: 74.49s
f inputs x:[[ 0.45806231  0.23316065 -0.08747256  0.43166857]] ev:{} outputs y:4.9838110934354285 (n:0.3013688203642297) c:1.0
num acquisition: 231, time elapsed: 75.11s
f inputs x:[[ 0.45041947  0.21933655 -0.08369227  0.42779871]] ev:{} outputs y:4.915566821462175 (n:0.26689734213182403) c:1.0
num acquisition: 232, time elapsed: 75.79s
f inputs x:[[ 0.45073532  0.21985481 -0.08663713  0.4261747 ]] ev:{} outputs y:4.166783501740009 (n:-0.4783681095035461) c:1.0
num acquisition: 233, time elapsed: 76.44s
f inputs x:[[ 0.45033865  0.22124615 -0.0838498   0.42759975]] ev:{} outputs y:4.721109119715166 (n:0.07377397179945158) c:1.0
num acquisition: 234, time elapsed: 77.08s
f inputs x:[[ 0.45029336  0.22093402 -0.08466194  0.42688706]] ev:{} outputs y:4.910347923054694 (n:0.2651243989644972) c:1.0
num acquisition: 235, time elapsed: 77.78s
f inputs x:[[ 0.45041083  0.22015626 -0.08655351  0.42561319]] ev:{} outputs y:4.874043532191044 (n:0.2318045024117816) c:1.0
num acquisition: 236, time elapsed: 78.45s
f inputs x:[[ 0.45049987  0.21940322 -0.08767512  0.42489985]] ev:{} outputs y:4.619917387184717 (n:-0.0208197845705488) c:1.0
num acquisition: 237, time elapsed: 79.14s
f inputs x:[[ 0.45037691  0.21936184 -0.08770829  0.42465066]] ev:{} outputs y:4.700623979789008 (n:0.061049816087227544) c:1.0
num acquisition: 238, time elapsed: 79.83s
f inputs x:[[ 0.45035764  0.21912679 -0.08803845  0.42433651]] ev:{} outputs y:5.20176828167579 (n:0.5631111458773348) c:1.0
num acquisition: 239, time elapsed: 80.60s
f inputs x:[[ 0.45095141  0.21811788 -0.08947735  0.42427918]] ev:{} outputs y:4.5665385466443595 (n:-0.07446140929682629) c:1.0
num acquisition: 240, time elapsed: 81.27s
f inputs x:[[ 0.4507963   0.21816684 -0.08938068  0.42402607]] ev:{} outputs y:4.4585191284624885 (n:-0.1811382708900862) c:1.0
num acquisition: 241, time elapsed: 81.94s
f inputs x:[[ 0.45051434  0.21840422 -0.08898444  0.4237805 ]] ev:{} outputs y:4.998026762298257 (n:0.3602194049914173) c:1.0
num acquisition: 242, time elapsed: 82.65s
f inputs x:[[ 0.45088381  0.21787501 -0.08981427  0.42381878]] ev:{} outputs y:4.229050573182534 (n:-0.4104138043607034) c:1.0
num acquisition: 243, time elapsed: 83.29s
f inputs x:[[ 0.45036589  0.21853583 -0.08877169  0.42362179]] ev:{} outputs y:5.2185309575612715 (n:0.5817981776455234) c:1.0
num acquisition: 244, time elapsed: 84.04s
f inputs x:[[ 0.45113379  0.21787598 -0.089865    0.42411595]] ev:{} outputs y:4.289368398258849 (n:-0.351836311098898) c:1.0
num acquisition: 245, time elapsed: 84.76s
[ 0.45237647  0.21716867 -0.09227693  0.4249647 ]
