INFO:GP:initializing Y
INFO:GP:initializing inference method
INFO:GP:adding kernel and likelihood as parameters
removed robo import in opts.py l17 due to theano errors
0
z
[-0.75947549 -1.63604349  0.35983183 -0.7981806 ]
-0.7594754901339393
1
z
[-0.75947549 -1.63604349  0.35983183 -0.7981806 ]
-0.7594754901339393
2
z
[-0.75947549 -1.63604349  0.35983183 -0.7981806 ]
-0.7594754901339393
f inputs x:[[-0.37083764 -0.79884936  0.17569913 -0.38973662]] ev:{} outputs y:6.699619632011669 (n:-0.3249739849147989) c:1.0
0
z
[-0.96634873 -1.65556719 -1.58332724 -0.08935925]
-0.9663487290232543
1
z
[-0.96634873 -1.65556719 -1.58332724 -0.08935925]
-0.9663487290232543
2
z
[-0.96634873 -1.65556719 -1.58332724 -0.08935925]
-0.9663487290232543
f inputs x:[[-0.47184997 -0.80838242 -0.773109   -0.04363245]] ev:{} outputs y:8.017867284428792 (n:-0.0633156875470745) c:1.0
0
z
[ 1.21098105  1.38077419 -1.11554813 -0.26244058]
1.2109810520511464
1
z
[ 1.21098105  1.38077419 -1.11554813 -0.26244058]
1.2109810520511464
2
z
[ 1.21098105  1.38077419 -1.11554813 -0.26244058]
1.2109810520511464
f inputs x:[[ 0.59129934  0.67420615 -0.54470123 -0.12814481]] ev:{} outputs y:7.059460500089803 (n:0.014755244389142967) c:1.0
0
z
[ 0.44327986 -1.00311857  1.13600137  1.59587082]
0.44327985859663205
1
z
[ 0.44327986 -1.00311857  1.13600137  1.59587082]
0.44327985859663205
2
z
[ 0.44327986 -1.00311857  1.13600137  1.59587082]
0.44327985859663205
f inputs x:[[ 0.21644524 -0.48980399  0.55468817  0.7792338 ]] ev:{} outputs y:4.803801728057901 (n:-0.2729801031080275) c:1.0
0
z
[-0.56095243 -1.78111557 -0.63425284 -0.24967339]
-0.5609524261494958
1
z
[-0.56095243 -1.78111557 -0.63425284 -0.24967339]
-0.5609524261494958
2
z
[-0.56095243 -1.78111557 -0.63425284 -0.24967339]
-0.5609524261494958
f inputs x:[[-0.27390255 -0.86968534 -0.30969377 -0.12191083]] ev:{} outputs y:6.828793837784718 (n:-0.7440261405198213) c:1.0
0
z
[ 0.73706393 -1.5330785   1.3976178   1.66212373]
0.7370639260723686
1
z
[ 0.73706393 -1.5330785   1.3976178   1.66212373]
0.7370639260723686
2
z
[ 0.73706393 -1.5330785   1.3976178   1.66212373]
0.7370639260723686
f inputs x:[[ 0.3598945  -0.74857348  0.68243057  0.81158385]] ev:{} outputs y:6.4107758192763065 (n:0.12289933879094678) c:1.0
num acquisition: 1, time elapsed: 0.21s
0
z
[ 0.41735276 -0.95169809  1.11597357  1.59318169]
0.41735275626427215
1
z
[ 0.41735276 -0.95169809  1.11597357  1.59318169]
0.41735275626427215
2
z
[ 0.41735276 -0.95169809  1.11597357  1.59318169]
0.41735275626427215
f inputs x:[[ 0.20378553 -0.46469634  0.54490897  0.77792075]] ev:{} outputs y:4.099973931679211 (n:-0.900197708762034) c:1.0
num acquisition: 2, time elapsed: 0.36s
0
z
[ 0.38952856 -0.91418595  1.0984006   1.56373   ]
0.38952856265298674
1
z
[ 0.38952856 -0.91418595  1.0984006   1.56373   ]
0.38952856265298674
2
z
[ 0.38952856 -0.91418595  1.0984006   1.56373   ]
0.38952856265298674
f inputs x:[[ 0.19019949 -0.44637986  0.53632842  0.76354004]] ev:{} outputs y:3.994221659600237 (n:-0.9353946752910005) c:1.0
num acquisition: 3, time elapsed: 0.58s
0
z
[ 0.39772208 -0.87624479  1.0926764   1.64607844]
0.39772207814978255
1
z
[ 0.39772208 -0.87624479  1.0926764   1.64607844]
0.39772207814978255
2
z
[ 0.39772208 -0.87624479  1.0926764   1.64607844]
0.39772207814978255
f inputs x:[[ 0.19420023 -0.4278539   0.5335334   0.80374924]] ev:{} outputs y:5.353137841873729 (n:0.39104464198647537) c:1.0
num acquisition: 4, time elapsed: 0.82s
0
z
[ 0.39702727 -0.95077331  1.10938204  1.53149705]
0.3970272659903321
1
z
[ 0.39702727 -0.95077331  1.10938204  1.53149705]
0.3970272659903321
2
z
[ 0.39702727 -0.95077331  1.10938204  1.53149705]
0.3970272659903321
f inputs x:[[ 0.19386097 -0.46424478  0.54169045  0.7478013 ]] ev:{} outputs y:4.694840463217561 (n:-0.2560630674474278) c:1.0
num acquisition: 5, time elapsed: 1.08s
0
z
[ 0.39600202 -0.94197627  1.06281937  1.58508516]
0.3960020172918616
1
z
[ 0.39600202 -0.94197627  1.06281937  1.58508516]
0.3960020172918616
2
z
[ 0.39600202 -0.94197627  1.06281937  1.58508516]
0.3960020172918616
f inputs x:[[ 0.19336036 -0.45994935  0.51895477  0.77396736]] ev:{} outputs y:4.6750625572301905 (n:-0.33359006294340193) c:1.0
num acquisition: 6, time elapsed: 1.34s
0
z
[ 0.22093521 -0.79392095  1.04555715  1.17495925]
0.22093521218367995
1
z
[ 0.22093521 -0.79392095  1.04555715  1.17495925]
0.22093521218367995
2
z
[ 0.22093521 -0.79392095  1.04555715  1.17495925]
0.22093521218367995
f inputs x:[[ 0.10787852 -0.38765671  0.51052595  0.57371057]] ev:{} outputs y:4.188085930023216 (n:-0.3526387365542426) c:1.0
num acquisition: 7, time elapsed: 1.52s
0
z
[-0.00951258 -0.31477107  1.17731233  1.22842928]
-0.009512577029779713
1
z
[-0.00951258 -0.31477107  1.17731233  1.22842928]
-0.009512577029779713
2
z
[-0.00951258 -0.31477107  1.17731233  1.22842928]
-0.009512577029779713
f inputs x:[[-0.00464481 -0.15369681  0.57485954  0.59981899]] ev:{} outputs y:4.395802362722945 (n:-0.49029833477134466) c:1.0
num acquisition: 8, time elapsed: 1.68s
0
z
[ 0.36282276 -0.43499395  0.64518668  1.2332804 ]
0.3628227572237166
1
z
[ 0.36282276 -0.43499395  0.64518668  1.2332804 ]
0.3628227572237166
2
z
[ 0.36282276 -0.43499395  0.64518668  1.2332804 ]
0.3628227572237166
f inputs x:[[ 0.17715955 -0.21239939  0.31503256  0.6021877 ]] ev:{} outputs y:4.584201878810683 (n:-0.22993504877709214) c:1.0
num acquisition: 9, time elapsed: 1.83s
0
z
[-0.59996657 -0.62388362  1.02951152  1.66685461]
-0.599966567883325
1
z
[-0.59996657 -0.62388362  1.02951152  1.66685461]
-0.599966567883325
2
z
[-0.59996657 -0.62388362  1.02951152  1.66685461]
-0.599966567883325
f inputs x:[[-0.29295243 -0.30463067  0.50269117  0.81389385]] ev:{} outputs y:4.980136586126828 (n:-0.21741321253589221) c:1.0
num acquisition: 10, time elapsed: 1.97s
0
z
[ 0.50460487 -0.12271842  1.61048085  0.97275617]
0.5046048676222914
1
z
[ 0.50460487 -0.12271842  1.61048085  0.97275617]
0.5046048676222914
2
z
[ 0.50460487 -0.12271842  1.61048085  0.97275617]
0.5046048676222914
f inputs x:[[ 0.2463891 -0.0599211  0.7863676  0.4749786]] ev:{} outputs y:6.885509792297639 (n:0.6043959949529486) c:1.0
num acquisition: 11, time elapsed: 2.12s
0
z
[-0.00662271 -0.83183616  0.83274642  1.25429724]
-0.006622711434535914
1
z
[-0.00662271 -0.83183616  0.83274642  1.25429724]
-0.006622711434535914
2
z
[-0.00662271 -0.83183616  0.83274642  1.25429724]
-0.006622711434535914
f inputs x:[[-0.00323375 -0.40617     0.40661446  0.61244982]] ev:{} outputs y:4.683733909058819 (n:0.0012810026485298369) c:1.0
num acquisition: 12, time elapsed: 2.24s
0
z
[ 0.11474015 -0.65410972  0.96306221  1.39941294]
0.1147401496116393
1
z
[ 0.11474015 -0.65410972  0.96306221  1.39941294]
0.1147401496116393
2
z
[ 0.11474015 -0.65410972  0.96306221  1.39941294]
0.1147401496116393
f inputs x:[[ 0.05602546 -0.31938951  0.47024522  0.6833071 ]] ev:{} outputs y:3.9150229812423336 (n:-0.6897686614257331) c:1.0
num acquisition: 13, time elapsed: 2.49s
0
z
[ 0.08531961 -0.56023068  0.91174767  1.50215357]
0.08531961107440453
1
z
[ 0.08531961 -0.56023068  0.91174767  1.50215357]
0.08531961107440453
2
z
[ 0.08531961 -0.56023068  0.91174767  1.50215357]
0.08531961107440453
f inputs x:[[ 0.04165997 -0.27355014  0.44518929  0.73347342]] ev:{} outputs y:4.9307038703576405 (n:0.1664867219538713) c:1.0
num acquisition: 14, time elapsed: 2.66s
0
z
[-2.048       2.048       0.95149319  2.048     ]
-2.048
1
z
[-2.048       2.048       0.95149319  2.048     ]
-2.048
2
z
[-2.048       2.048       0.95149319  2.048     ]
-2.048
f inputs x:[[-1.          1.          0.46459628  1.        ]] ev:{} outputs y:7.720824045947895 (n:0.3097496929199212) c:1.0
num acquisition: 15, time elapsed: 2.79s
0
z
[-2.048  2.048  2.048 -2.048]
-2.048
1
z
[-2.048  2.048  2.048 -2.048]
-2.048
2
z
[-2.048  2.048  2.048 -2.048]
-2.048
f inputs x:[[-1.  1.  1. -1.]] ev:{} outputs y:8.72297847736349 (n:0.24028418698161805) c:1.0
num acquisition: 16, time elapsed: 2.92s
0
z
[ 2.048 -2.048 -2.048  2.048]
2.048
1
z
[ 2.048 -2.048 -2.048  2.048]
2.048
2
z
[ 2.048 -2.048 -2.048  2.048]
2.048
f inputs x:[[ 1. -1. -1.  1.]] ev:{} outputs y:8.69456222586264 (n:-0.3263851870312896) c:1.0
num acquisition: 17, time elapsed: 3.09s
0
z
[ 0.0571825  -0.84904777  0.84612488  1.27684955]
0.057182502111622284
1
z
[ 0.0571825  -0.84904777  0.84612488  1.27684955]
0.057182502111622284
2
z
[ 0.0571825  -0.84904777  0.84612488  1.27684955]
0.057182502111622284
f inputs x:[[ 0.02792114 -0.41457411  0.41314692  0.62346169]] ev:{} outputs y:4.559847754161136 (n:-0.14975488624900454) c:1.0
num acquisition: 18, time elapsed: 3.19s
0
z
[-2.048 -2.048  2.048  2.048]
-2.048
1
z
[-2.048 -2.048  2.048  2.048]
-2.048
2
z
[-2.048 -2.048  2.048  2.048]
-2.048
f inputs x:[[-1. -1.  1.  1.]] ev:{} outputs y:8.363582721929092 (n:-0.12080604132195474) c:1.0
num acquisition: 19, time elapsed: 3.32s
0
z
[ 2.048 -2.048  2.048 -2.048]
2.048
1
z
[ 2.048 -2.048  2.048 -2.048]
2.048
2
z
[ 2.048 -2.048  2.048 -2.048]
2.048
f inputs x:[[ 1. -1.  1. -1.]] ev:{} outputs y:9.158637871160442 (n:0.13868096476381428) c:1.0
num acquisition: 20, time elapsed: 3.45s
0
z
[ 0.10398866 -0.70908683  0.72182769  1.45805533]
0.10398866311721701
1
z
[ 0.10398866 -0.70908683  0.72182769  1.45805533]
0.10398866311721701
2
z
[ 0.10398866 -0.70908683  0.72182769  1.45805533]
0.10398866311721701
f inputs x:[[ 0.05077571 -0.3462338   0.35245493  0.71194108]] ev:{} outputs y:5.437518586457503 (n:0.43206560608928896) c:1.0
num acquisition: 21, time elapsed: 3.60s
0
z
[-0.08573219 -0.84527382  1.32990215  1.22235436]
-0.08573218738183996
1
z
[-0.08573219 -0.84527382  1.32990215  1.22235436]
-0.08573218738183996
2
z
[-0.08573219 -0.84527382  1.32990215  1.22235436]
-0.08573218738183996
f inputs x:[[-0.04186142 -0.41273136  0.64936628  0.59685272]] ev:{} outputs y:6.290032896607482 (n:1.3057027535816554) c:1.0
num acquisition: 22, time elapsed: 3.73s
0
z
[ 0.33414215 -0.37095563  0.52898299  2.048     ]
0.33414214548498317
1
z
[ 0.33414215 -0.37095563  0.52898299  2.048     ]
0.33414214548498317
2
z
[ 0.33414215 -0.37095563  0.52898299  2.048     ]
0.33414214548498317
f inputs x:[[ 0.16315534 -0.18113068  0.25829248  1.        ]] ev:{} outputs y:5.58346291022202 (n:-0.28808591980963066) c:1.0
num acquisition: 23, time elapsed: 3.85s
0
z
[ 0.24659638 -0.75870899  0.69724925  1.33495646]
0.24659638330216957
1
z
[ 0.24659638 -0.75870899  0.69724925  1.33495646]
0.24659638330216957
2
z
[ 0.24659638 -0.75870899  0.69724925  1.33495646]
0.24659638330216957
f inputs x:[[ 0.12040839 -0.37046338  0.34045374  0.65183421]] ev:{} outputs y:5.426785836571589 (n:0.44703275577182144) c:1.0
num acquisition: 24, time elapsed: 3.98s
0
z
[ 0.16623635 -0.70510708  0.82070493  1.4911623 ]
0.16623634774547175
1
z
[ 0.16623635 -0.70510708  0.82070493  1.4911623 ]
0.16623634774547175
2
z
[ 0.16623635 -0.70510708  0.82070493  1.4911623 ]
0.16623634774547175
f inputs x:[[ 0.08117009 -0.34429057  0.40073483  0.72810659]] ev:{} outputs y:5.299726713120721 (n:0.3897169893731129) c:1.0
num acquisition: 25, time elapsed: 4.12s
0
z
[ 0.17213033 -0.71301026  0.83181148  1.48363979]
0.17213032715022158
1
z
[ 0.17213033 -0.71301026  0.83181148  1.48363979]
0.17213032715022158
2
z
[ 0.17213033 -0.71301026  0.83181148  1.48363979]
0.17213032715022158
f inputs x:[[ 0.08404801 -0.34814954  0.40615795  0.72443349]] ev:{} outputs y:5.571800059341112 (n:0.6818761733393999) c:1.0
num acquisition: 26, time elapsed: 4.24s
0
z
[ 0.12279015 -0.43652491  0.91137955  1.09466863]
0.12279014564917784
1
z
[ 0.12279015 -0.43652491  0.91137955  1.09466863]
0.12279014564917784
2
z
[ 0.12279015 -0.43652491  0.91137955  1.09466863]
0.12279014564917784
f inputs x:[[ 0.05995613 -0.21314693  0.44500955  0.53450617]] ev:{} outputs y:3.770008046394401 (n:-0.6508416655129734) c:1.0
num acquisition: 27, time elapsed: 4.43s
0
z
[-0.16160398 -0.15569454  0.70214037  0.98803953]
-0.16160398179386257
1
z
[-0.16160398 -0.15569454  0.70214037  0.98803953]
-0.16160398179386257
2
z
[-0.16160398 -0.15569454  0.70214037  0.98803953]
-0.16160398179386257
f inputs x:[[-0.07890819 -0.07602272  0.34284198  0.48244118]] ev:{} outputs y:4.930905606828314 (n:0.5801082609559487) c:1.0
num acquisition: 28, time elapsed: 4.58s
0
z
[ 0.26951188 -0.4900305   0.97763981  1.12183428]
0.26951187999811427
1
z
[ 0.26951188 -0.4900305   0.97763981  1.12183428]
0.26951187999811427
2
z
[ 0.26951188 -0.4900305   0.97763981  1.12183428]
0.26951187999811427
f inputs x:[[ 0.1315976  -0.23927271  0.47736319  0.54777064]] ev:{} outputs y:4.030921806416762 (n:-0.4969702815301246) c:1.0
num acquisition: 29, time elapsed: 4.81s
0
z
[ 0.39654804 -0.60794028  0.71132962  0.62987005]
0.3965480393403861
1
z
[ 0.39654804 -0.60794028  0.71132962  0.62987005]
0.3965480393403861
2
z
[ 0.39654804 -0.60794028  0.71132962  0.62987005]
0.3965480393403861
f inputs x:[[ 0.19362697 -0.29684584  0.34732891  0.30755374]] ev:{} outputs y:4.84550159225772 (n:0.5174328548474832) c:1.0
num acquisition: 30, time elapsed: 5.00s
0
z
[-0.60056251  0.25557366  0.99441838  2.048     ]
-0.6005625131608693
1
z
[-0.60056251  0.25557366  0.99441838  2.048     ]
-0.6005625131608693
2
z
[-0.60056251  0.25557366  0.99441838  2.048     ]
-0.6005625131608693
f inputs x:[[-0.29324341  0.12479183  0.48555585  1.        ]] ev:{} outputs y:5.769719738524525 (n:0.4529757605403293) c:1.0
num acquisition: 31, time elapsed: 5.18s
0
z
[1.03365138 0.51113964 0.25778277 1.68266471]
1.0336513774119376
1
z
[1.03365138 0.51113964 0.25778277 1.68266471]
1.0336513774119376
2
z
[1.03365138 0.51113964 0.25778277 1.68266471]
1.0336513774119376
f inputs x:[[0.50471259 0.2495799  0.12587049 0.82161363]] ev:{} outputs y:5.4161193490680475 (n:-0.26767948200053415) c:1.0
num acquisition: 32, time elapsed: 5.36s
0
z
[ 0.24760997 -0.51325567  0.68784817  1.15365834]
0.24760996803102733
1
z
[ 0.24760997 -0.51325567  0.68784817  1.15365834]
0.24760996803102733
2
z
[ 0.24760997 -0.51325567  0.68784817  1.15365834]
0.24760996803102733
f inputs x:[[ 0.1209033  -0.25061312  0.33586336  0.56330973]] ev:{} outputs y:4.864414728716366 (n:0.24642436286679015) c:1.0
num acquisition: 33, time elapsed: 5.52s
0
z
[ 0.2416905  -0.52004625  0.70293888  1.16581938]
0.241690500909637
1
z
[ 0.2416905  -0.52004625  0.70293888  1.16581938]
0.241690500909637
2
z
[ 0.2416905  -0.52004625  0.70293888  1.16581938]
0.241690500909637
f inputs x:[[ 0.11801294 -0.25392883  0.34323188  0.56924775]] ev:{} outputs y:3.5781718168882826 (n:-1.0394989181165455) c:1.0
num acquisition: 34, time elapsed: 5.65s
0
z
[ 0.26365917 -0.49593053  0.63316178  1.10651797]
0.2636591712416826
1
z
[ 0.26365917 -0.49593053  0.63316178  1.10651797]
0.2636591712416826
2
z
[ 0.26365917 -0.49593053  0.63316178  1.10651797]
0.2636591712416826
f inputs x:[[ 0.12873983 -0.24215358  0.30916102  0.54029198]] ev:{} outputs y:5.198736399573841 (n:0.586872312018585) c:1.0
num acquisition: 35, time elapsed: 5.79s
0
z
[ 0.24685021 -0.5103246   0.68153116  1.15469348]
0.24685021076088567
1
z
[ 0.24685021 -0.5103246   0.68153116  1.15469348]
0.24685021076088567
2
z
[ 0.24685021 -0.5103246   0.68153116  1.15469348]
0.24685021076088567
f inputs x:[[ 0.12053233 -0.24918193  0.33277889  0.56381518]] ev:{} outputs y:4.65000209654872 (n:0.025472281906688085) c:1.0
num acquisition: 36, time elapsed: 5.93s
0
z
[ 0.24551209 -0.51235326  0.68328106  1.15202734]
0.2455120908155181
1
z
[ 0.24551209 -0.51235326  0.68328106  1.15202734]
0.2455120908155181
2
z
[ 0.24551209 -0.51235326  0.68328106  1.15202734]
0.2455120908155181
f inputs x:[[ 0.11987895 -0.25017249  0.33363333  0.56251335]] ev:{} outputs y:3.9437294729143106 (n:-0.6753046290651942) c:1.0
num acquisition: 37, time elapsed: 6.06s
0
z
[ 0.2560952  -0.50139611  0.64871078  1.11902226]
0.2560951963405424
1
z
[ 0.2560952  -0.50139611  0.64871078  1.11902226]
0.2560951963405424
2
z
[ 0.2560952  -0.50139611  0.64871078  1.11902226]
0.2560951963405424
f inputs x:[[ 0.12504648 -0.24482232  0.31675331  0.54639759]] ev:{} outputs y:5.112434266226319 (n:0.5011696403473699) c:1.0
num acquisition: 38, time elapsed: 6.20s
0
z
[ 0.24582498 -0.51075909  0.67860657  1.14830132]
0.24582498205443123
1
z
[ 0.24582498 -0.51075909  0.67860657  1.14830132]
0.24582498205443123
2
z
[ 0.24582498 -0.51075909  0.67860657  1.14830132]
0.24582498205443123
f inputs x:[[ 0.12003173 -0.24939409  0.33135086  0.560694  ]] ev:{} outputs y:5.578014859937351 (n:0.9595706243429921) c:1.0
num acquisition: 39, time elapsed: 6.33s
0
z
[ 0.23612974 -0.52242109  0.71655739  1.19597529]
0.2361297431414073
1
z
[ 0.23612974 -0.52242109  0.71655739  1.19597529]
0.2361297431414073
2
z
[ 0.23612974 -0.52242109  0.71655739  1.19597529]
0.2361297431414073
f inputs x:[[ 0.11529773 -0.25508842  0.34988154  0.58397231]] ev:{} outputs y:5.0691989369310475 (n:0.4279363479983555) c:1.0
num acquisition: 40, time elapsed: 6.48s
0
z
[ 0.23231585 -0.52882576  0.72870679  1.20572386]
0.23231585463706267
1
z
[ 0.23231585 -0.52882576  0.72870679  1.20572386]
0.23231585463706267
2
z
[ 0.23231585 -0.52882576  0.72870679  1.20572386]
0.23231585463706267
f inputs x:[[ 0.11343548 -0.2582157   0.35581386  0.58873235]] ev:{} outputs y:3.8985315959347866 (n:-0.7425211234774854) c:1.0
num acquisition: 41, time elapsed: 6.63s
0
z
[ 0.23732748 -0.51924296  0.70652093  1.18683063]
0.23732748033882234
1
z
[ 0.23732748 -0.51924296  0.70652093  1.18683063]
0.23732748033882234
2
z
[ 0.23732748 -0.51924296  0.70652093  1.18683063]
0.23732748033882234
f inputs x:[[ 0.11588256 -0.2535366   0.34498093  0.57950714]] ev:{} outputs y:4.813382937984142 (n:0.17400492268045556) c:1.0
num acquisition: 42, time elapsed: 6.77s
0
z
[ 0.23496456 -0.52278586  0.71247842  1.18878596]
0.2349645640975491
1
z
[ 0.23496456 -0.52278586  0.71247842  1.18878596]
0.2349645640975491
2
z
[ 0.23496456 -0.52278586  0.71247842  1.18878596]
0.2349645640975491
f inputs x:[[ 0.11472879 -0.25526653  0.34788985  0.5804619 ]] ev:{} outputs y:4.7848331151161565 (n:0.14932930551599252) c:1.0
num acquisition: 43, time elapsed: 6.93s
0
z
[ 0.23301007 -0.52577402  0.71742935  1.18968524]
0.23301006696062762
1
z
[ 0.23301007 -0.52577402  0.71742935  1.18968524]
0.23301006696062762
2
z
[ 0.23301007 -0.52577402  0.71742935  1.18968524]
0.23301006696062762
f inputs x:[[ 0.11377445 -0.2567256   0.3503073   0.580901  ]] ev:{} outputs y:3.9997217969751895 (n:-0.6316142553502222) c:1.0
num acquisition: 44, time elapsed: 7.07s
0
z
[ 0.23669501 -0.51947432  0.70078951  1.17313454]
0.2366950118371785
1
z
[ 0.23669501 -0.51947432  0.70078951  1.17313454]
0.2366950118371785
2
z
[ 0.23669501 -0.51947432  0.70078951  1.17313454]
0.2366950118371785
f inputs x:[[ 0.11557374 -0.25364957  0.34218238  0.5728196 ]] ev:{} outputs y:4.938263618345226 (n:0.3114519406344386) c:1.0
num acquisition: 45, time elapsed: 7.22s
0
z
[ 0.23408592 -0.52355925  0.71051404  1.18015038]
0.2340859214784149
1
z
[ 0.23408592 -0.52355925  0.71051404  1.18015038]
0.2340859214784149
2
z
[ 0.23408592 -0.52355925  0.71051404  1.18015038]
0.2340859214784149
f inputs x:[[ 0.11429977 -0.25564417  0.34693069  0.5762453 ]] ev:{} outputs y:4.231214328208588 (n:-0.3946538879980774) c:1.0
num acquisition: 46, time elapsed: 7.35s
0
z
[ 0.23606999 -0.52077086  0.70236901  1.16874176]
0.23606999109981963
1
z
[ 0.23606999 -0.52077086  0.70236901  1.16874176]
0.23606999109981963
2
z
[ 0.23606999 -0.52077086  0.70236901  1.16874176]
0.23606999109981963
f inputs x:[[ 0.11526855 -0.25428265  0.34295362  0.57067469]] ev:{} outputs y:4.583106656781944 (n:-0.036259880183797) c:1.0
num acquisition: 47, time elapsed: 7.51s
0
z
[ 0.23594995 -0.52162116  0.7044032   1.16598525]
0.23594995301763863
1
z
[ 0.23594995 -0.52162116  0.7044032   1.16598525]
0.23594995301763863
2
z
[ 0.23594995 -0.52162116  0.7044032   1.16598525]
0.23594995301763863
f inputs x:[[ 0.11520994 -0.25469783  0.34394687  0.56932874]] ev:{} outputs y:4.445302272689795 (n:-0.16849303008967836) c:1.0
num acquisition: 48, time elapsed: 7.69s
0
z
[ 0.23698342 -0.52122427  0.70380318  1.16007644]
0.23698341846323184
1
z
[ 0.23698342 -0.52122427  0.70380318  1.16007644]
0.23698341846323184
2
z
[ 0.23698342 -0.52122427  0.70380318  1.16007644]
0.23698341846323184
f inputs x:[[ 0.11571456 -0.25450404  0.3436539   0.56644357]] ev:{} outputs y:5.268025352861845 (n:0.6610314556526508) c:1.0
num acquisition: 49, time elapsed: 7.83s
0
z
[ 0.23247851 -0.52599749  0.71553033  1.17787884]
0.2324785065661797
1
z
[ 0.23247851 -0.52599749  0.71553033  1.17787884]
0.2324785065661797
2
z
[ 0.23247851 -0.52599749  0.71553033  1.17787884]
0.2324785065661797
f inputs x:[[ 0.1135149  -0.25683471  0.34938004  0.57513615]] ev:{} outputs y:4.4887442444728025 (n:-0.12879848405215974) c:1.0
num acquisition: 50, time elapsed: 8.00s
0
z
[ 0.23301434 -0.5259231   0.7165558   1.17364267]
0.23301434338204616
1
z
[ 0.23301434 -0.5259231   0.7165558   1.17364267]
0.23301434338204616
2
z
[ 0.23301434 -0.5259231   0.7165558   1.17364267]
0.23301434338204616
f inputs x:[[ 0.11377653 -0.25679839  0.34988076  0.57306771]] ev:{} outputs y:4.418362900452284 (n:-0.19283028088627208) c:1.0
num acquisition: 51, time elapsed: 8.18s
0
z
[ 0.23423045 -0.5252555   0.71707678  1.1683607 ]
0.23423044722304154
1
z
[ 0.23423045 -0.5252555   0.71707678  1.1683607 ]
0.23423044722304154
2
z
[ 0.23423045 -0.5252555   0.71707678  1.1683607 ]
0.23423044722304154
f inputs x:[[ 0.11437034 -0.25647241  0.35013514  0.57048862]] ev:{} outputs y:4.643076936046318 (n:0.03886994380916358) c:1.0
num acquisition: 52, time elapsed: 8.34s
0
z
[ 0.23433363 -0.52614123  0.72198865  1.16814624]
0.2343336332070315
1
z
[ 0.23433363 -0.52614123  0.72198865  1.16814624]
0.2343336332070315
2
z
[ 0.23433363 -0.52614123  0.72198865  1.16814624]
0.2343336332070315
f inputs x:[[ 0.11442072 -0.2569049   0.35253352  0.57038391]] ev:{} outputs y:4.802788177471059 (n:0.20346247043472357) c:1.0
num acquisition: 53, time elapsed: 8.49s
0
z
[ 0.23339749 -0.52791002  0.72822594  1.17139561]
0.2333974875280411
1
z
[ 0.23339749 -0.52791002  0.72822594  1.17139561]
0.2333974875280411
2
z
[ 0.23339749 -0.52791002  0.72822594  1.17139561]
0.2333974875280411
f inputs x:[[ 0.11396362 -0.25776857  0.35557907  0.57197051]] ev:{} outputs y:4.32996736033066 (n:-0.26737472577155935) c:1.0
num acquisition: 54, time elapsed: 8.65s
0
z
[ 0.23599984 -0.526372    0.73043477  1.16591878]
0.235999836228533
1
z
[ 0.23599984 -0.526372    0.73043477  1.16591878]
0.235999836228533
2
z
[ 0.23599984 -0.526372    0.73043477  1.16591878]
0.235999836228533
f inputs x:[[ 0.1152343  -0.25701758  0.3566576   0.56929628]] ev:{} outputs y:4.933838209343253 (n:0.34467952390894396) c:1.0
num acquisition: 55, time elapsed: 8.80s
0
z
[ 0.23365196 -0.52878177  0.73545631  1.17166653]
0.233651955405656
1
z
[ 0.23365196 -0.52878177  0.73545631  1.17166653]
0.233651955405656
2
z
[ 0.23365196 -0.52878177  0.73545631  1.17166653]
0.233651955405656
f inputs x:[[ 0.11408787 -0.25819422  0.35910953  0.5721028 ]] ev:{} outputs y:4.231478771954795 (n:-0.35952966597694497) c:1.0
num acquisition: 56, time elapsed: 8.96s
0
z
[ 0.2373612  -0.52639069  0.73815844  1.16567664]
0.2373611959393041
1
z
[ 0.2373612  -0.52639069  0.73815844  1.16567664]
0.2373611959393041
2
z
[ 0.2373612  -0.52639069  0.73815844  1.16567664]
0.2373611959393041
f inputs x:[[ 0.11589902 -0.25702671  0.36042893  0.56917805]] ev:{} outputs y:4.393044478417737 (n:-0.18921908874826404) c:1.0
num acquisition: 57, time elapsed: 9.11s
0
z
[ 0.24094771 -0.5248284   0.74484755  1.16302664]
0.2409477100452426
1
z
[ 0.24094771 -0.5248284   0.74484755  1.16302664]
0.2409477100452426
2
z
[ 0.24094771 -0.5248284   0.74484755  1.16302664]
0.2409477100452426
f inputs x:[[ 0.11765025 -0.25626387  0.36369509  0.5678841 ]] ev:{} outputs y:5.092208908519125 (n:0.5178085298365289) c:1.0
num acquisition: 58, time elapsed: 9.26s
0
z
[ 0.23449097 -0.5287551   0.74259066  1.16979473]
0.23449096724221005
1
z
[ 0.23449097 -0.5287551   0.74259066  1.16979473]
0.23449096724221005
2
z
[ 0.23449097 -0.5287551   0.74259066  1.16979473]
0.23449096724221005
f inputs x:[[ 0.11449754 -0.2581812   0.3625931   0.57118883]] ev:{} outputs y:4.004622087168911 (n:-0.5776742561494836) c:1.0
num acquisition: 59, time elapsed: 9.41s
0
z
[ 0.23989688 -0.52486101  0.74328836  1.16161389]
0.23989687518638927
1
z
[ 0.23989688 -0.52486101  0.74328836  1.16161389]
0.23989687518638927
2
z
[ 0.23989688 -0.52486101  0.74328836  1.16161389]
0.23989687518638927
f inputs x:[[ 0.11713715 -0.25627979  0.36293377  0.56719428]] ev:{} outputs y:4.291548938919843 (n:-0.28190798094907893) c:1.0
num acquisition: 60, time elapsed: 9.55s
0
z
[ 0.24518814 -0.52238854  0.7511271   1.1586125 ]
0.24518814488437607
1
z
[ 0.24518814 -0.52238854  0.7511271   1.1586125 ]
0.24518814488437607
2
z
[ 0.24518814 -0.52238854  0.7511271   1.1586125 ]
0.24518814488437607
f inputs x:[[ 0.11972077 -0.25507253  0.36676128  0.56572876]] ev:{} outputs y:4.604184059909836 (n:0.03894754343348545) c:1.0
num acquisition: 61, time elapsed: 9.73s
0
z
[ 0.24720019 -0.52189908  0.76016437  1.16073892]
0.24720018672923272
1
z
[ 0.24720019 -0.52189908  0.76016437  1.16073892]
0.24720018672923272
2
z
[ 0.24720019 -0.52189908  0.76016437  1.16073892]
0.24720018672923272
f inputs x:[[ 0.12070322 -0.25483354  0.37117401  0.56676705]] ev:{} outputs y:3.563568688317925 (n:-0.9976452108922574) c:1.0
num acquisition: 62, time elapsed: 9.88s
0
z
[-2.048  2.048 -2.048 -2.048]
-2.048
1
z
[-2.048  2.048 -2.048 -2.048]
-2.048
2
z
[-2.048  2.048 -2.048 -2.048]
-2.048
f inputs x:[[-1.  1. -1. -1.]] ev:{} outputs y:8.933973624496165 (n:-0.08697378839776554) c:1.0
num acquisition: 63, time elapsed: 10.02s
0
z
[ 0.26067523 -0.52482248  0.70736299  1.12932298]
0.26067523016462635
1
z
[ 0.26067523 -0.52482248  0.70736299  1.12932298]
0.26067523016462635
2
z
[ 0.26067523 -0.52482248  0.70736299  1.12932298]
0.26067523016462635
f inputs x:[[ 0.12728283 -0.25626097  0.34539208  0.55142724]] ev:{} outputs y:5.093043382776154 (n:0.5151371487606075) c:1.0
num acquisition: 64, time elapsed: 10.17s
0
z
[ 0.25057102 -0.52510275  0.71451795  1.14293726]
0.25057101774663315
1
z
[ 0.25057102 -0.52510275  0.71451795  1.14293726]
0.25057101774663315
2
z
[ 0.25057102 -0.52510275  0.71451795  1.14293726]
0.25057101774663315
f inputs x:[[ 0.12234913 -0.25639783  0.34888572  0.55807483]] ev:{} outputs y:4.769057458629697 (n:0.1863705325654964) c:1.0
num acquisition: 65, time elapsed: 10.34s
0
z
[ 0.24857253 -0.52570275  0.72123309  1.14738626]
0.24857253248778674
1
z
[ 0.24857253 -0.52570275  0.72123309  1.14738626]
0.24857253248778674
2
z
[ 0.24857253 -0.52570275  0.72123309  1.14738626]
0.24857253248778674
f inputs x:[[ 0.12137331 -0.2566908   0.35216459  0.5602472 ]] ev:{} outputs y:4.310600428898618 (n:-0.27042794830083106) c:1.0
num acquisition: 66, time elapsed: 10.50s
0
z
[ 0.25267584 -0.52504591  0.72397756  1.14297157]
0.2526758430800505
1
z
[ 0.25267584 -0.52504591  0.72397756  1.14297157]
0.2526758430800505
2
z
[ 0.25267584 -0.52504591  0.72397756  1.14297157]
0.2526758430800505
f inputs x:[[ 0.12337688 -0.25637007  0.35350467  0.55809159]] ev:{} outputs y:4.733817951189729 (n:0.1587750407595341) c:1.0
num acquisition: 67, time elapsed: 10.69s
0
z
[ 0.25113824 -0.52539432  0.7305387   1.14687469]
0.25113823914325895
1
z
[ 0.25113824 -0.52539432  0.7305387   1.14687469]
0.25113823914325895
2
z
[ 0.25113824 -0.52539432  0.7305387   1.14687469]
0.25113823914325895
f inputs x:[[ 0.12262609 -0.2565402   0.35670835  0.55999741]] ev:{} outputs y:4.772070349709907 (n:0.1989459287719205) c:1.0
num acquisition: 68, time elapsed: 10.85s
0
z
[ 0.24919399 -0.52586759  0.73655254  1.15105845]
0.2491939908595066
1
z
[ 0.24919399 -0.52586759  0.73655254  1.15105845]
0.2491939908595066
2
z
[ 0.24919399 -0.52586759  0.73655254  1.15105845]
0.2491939908595066
f inputs x:[[ 0.12167675 -0.25677128  0.3596448   0.56204026]] ev:{} outputs y:4.877980907579397 (n:0.3060953831071058) c:1.0
num acquisition: 69, time elapsed: 11.01s
0
z
[ 0.24580055 -0.52692028  0.74036813  1.15588534]
0.24580055293559855
1
z
[ 0.24580055 -0.52692028  0.74036813  1.15588534]
0.24580055293559855
2
z
[ 0.24580055 -0.52692028  0.74036813  1.15588534]
0.24580055293559855
f inputs x:[[ 0.1200198  -0.2572853   0.36150788  0.56439714]] ev:{} outputs y:4.046860954486211 (n:-0.5258938143674536) c:1.0
num acquisition: 70, time elapsed: 11.17s
0
z
[ 0.25266082 -0.52439752  0.74337698  1.1499726 ]
0.252660816840103
1
z
[ 0.25266082 -0.52439752  0.74337698  1.1499726 ]
0.252660816840103
2
z
[ 0.25266082 -0.52439752  0.74337698  1.1499726 ]
0.252660816840103
f inputs x:[[ 0.12336954 -0.25605348  0.36297704  0.56151006]] ev:{} outputs y:4.736443888537378 (n:0.1702966250669615) c:1.0
num acquisition: 71, time elapsed: 11.33s
0
z
[ 0.25127585 -0.52466348  0.7493211   1.15354087]
0.25127584771932376
1
z
[ 0.25127585 -0.52466348  0.7493211   1.15354087]
0.25127584771932376
2
z
[ 0.25127585 -0.52466348  0.7493211   1.15354087]
0.25127584771932376
f inputs x:[[ 0.12269329 -0.25618334  0.36587944  0.56325238]] ev:{} outputs y:5.563629930960082 (n:0.9990223904401073) c:1.0
num acquisition: 72, time elapsed: 11.51s
0
z
[ 0.23439406 -0.53138203  0.72211369  1.15861499]
0.2343940612377938
1
z
[ 0.23439406 -0.53138203  0.72211369  1.15861499]
0.2343940612377938
2
z
[ 0.23439406 -0.53138203  0.72211369  1.15861499]
0.2343940612377938
f inputs x:[[ 0.11445023 -0.25946388  0.35259457  0.56572998]] ev:{} outputs y:4.575618756387952 (n:-0.012627079046714123) c:1.0
num acquisition: 73, time elapsed: 11.69s
0
z
[ 0.2348062  -0.53135889  0.72737353  1.15907491]
0.2348062028611205
1
z
[ 0.2348062  -0.53135889  0.72737353  1.15907491]
0.2348062028611205
2
z
[ 0.2348062  -0.53135889  0.72737353  1.15907491]
0.2348062028611205
f inputs x:[[ 0.11465147 -0.25945258  0.35516285  0.56595455]] ev:{} outputs y:4.161433907991201 (n:-0.4224912906615786) c:1.0
num acquisition: 74, time elapsed: 11.87s
0
z
[ 0.23626638 -0.5306126   0.72731188  1.15361833]
0.23626638349037757
1
z
[ 0.23626638 -0.5306126   0.72731188  1.15361833]
0.23626638349037757
2
z
[ 0.23626638 -0.5306126   0.72731188  1.15361833]
0.23626638349037757
f inputs x:[[ 0.11536445 -0.25908818  0.35513275  0.5632902 ]] ev:{} outputs y:4.004806876849706 (n:-0.572769336031208) c:1.0
num acquisition: 75, time elapsed: 12.06s
0
z
[ 0.23833853 -0.52989156  0.72364365  1.14486971]
0.2383385323130531
1
z
[ 0.23833853 -0.52989156  0.72364365  1.14486971]
0.2383385323130531
2
z
[ 0.23833853 -0.52989156  0.72364365  1.14486971]
0.2383385323130531
f inputs x:[[ 0.11637624 -0.25873611  0.35334162  0.55901841]] ev:{} outputs y:4.835973828588418 (n:0.2651788484992577) c:1.0
num acquisition: 76, time elapsed: 12.26s
0
z
[ 0.23774972 -0.52986992  0.72963443  1.15009309]
0.23774971775782103
1
z
[ 0.23774972 -0.52986992  0.72963443  1.15009309]
0.23774971775782103
2
z
[ 0.23774972 -0.52986992  0.72963443  1.15009309]
0.23774971775782103
f inputs x:[[ 0.11608873 -0.25872555  0.35626681  0.56156889]] ev:{} outputs y:3.9882309390797652 (n:-0.583256056565023) c:1.0
num acquisition: 77, time elapsed: 12.44s
0
z
[ 0.24040773 -0.52908123  0.72684541  1.14124931]
0.2404077304874621
1
z
[ 0.24040773 -0.52908123  0.72684541  1.14124931]
0.2404077304874621
2
z
[ 0.24040773 -0.52908123  0.72684541  1.14124931]
0.2404077304874621
f inputs x:[[ 0.11738659 -0.25834044  0.35490498  0.55725064]] ev:{} outputs y:4.733882959335021 (n:0.16978549214192135) c:1.0
num acquisition: 78, time elapsed: 12.63s
0
z
[ 0.24027635 -0.52883885  0.73327911  1.14528892]
0.24027635281482695
1
z
[ 0.24027635 -0.52883885  0.73327911  1.14528892]
0.24027635281482695
2
z
[ 0.24027635 -0.52883885  0.73327911  1.14528892]
0.24027635281482695
f inputs x:[[ 0.11732244 -0.25822209  0.35804644  0.5592231 ]] ev:{} outputs y:3.5249079211107937 (n:-1.0382416931214022) c:1.0
num acquisition: 79, time elapsed: 12.83s
0
z
[ 0.24468528 -0.52823479  0.71514996  1.12576085]
0.24468528110305335
1
z
[ 0.24468528 -0.52823479  0.71514996  1.12576085]
0.24468528110305335
2
z
[ 0.24468528 -0.52823479  0.71514996  1.12576085]
0.24468528110305335
f inputs x:[[ 0.11947523 -0.25792714  0.34919432  0.54968792]] ev:{} outputs y:4.5373093386848815 (n:-0.020066001774226756) c:1.0
num acquisition: 80, time elapsed: 13.02s
0
z
[ 0.24561286 -0.52807383  0.72095845  1.12659267]
0.24561286223173287
1
z
[ 0.24561286 -0.52807383  0.72095845  1.12659267]
0.24561286223173287
2
z
[ 0.24561286 -0.52807383  0.72095845  1.12659267]
0.24561286223173287
f inputs x:[[ 0.11992816 -0.25784855  0.35203049  0.55009408]] ev:{} outputs y:4.536949591420115 (n:-0.0166149512097439) c:1.0
num acquisition: 81, time elapsed: 13.24s
0
z
[ 0.24672731 -0.52774143  0.72740238  1.12776271]
0.24672731247748453
1
z
[ 0.24672731 -0.52774143  0.72740238  1.12776271]
0.24672731247748453
2
z
[ 0.24672731 -0.52774143  0.72740238  1.12776271]
0.24672731247748453
f inputs x:[[ 0.12047232 -0.25768624  0.35517694  0.55066539]] ev:{} outputs y:4.704022192444713 (n:0.1542492356245074) c:1.0
num acquisition: 82, time elapsed: 13.43s
0
z
[ 0.24637397 -0.52723522  0.73400559  1.13223981]
0.24637397456592694
1
z
[ 0.24637397 -0.52723522  0.73400559  1.13223981]
0.24637397456592694
2
z
[ 0.24637397 -0.52723522  0.73400559  1.13223981]
0.24637397456592694
f inputs x:[[ 0.12029979 -0.25743907  0.35840117  0.55285147]] ev:{} outputs y:4.745341384088188 (n:0.1961545281937188) c:1.0
num acquisition: 83, time elapsed: 13.67s
0
z
[ 0.24560943 -0.52686605  0.73977572  1.13693271]
0.24560942948511635
1
z
[ 0.24560943 -0.52686605  0.73977572  1.13693271]
0.24560942948511635
2
z
[ 0.24560943 -0.52686605  0.73977572  1.13693271]
0.24560942948511635
f inputs x:[[ 0.11992648 -0.25725881  0.36121862  0.55514292]] ev:{} outputs y:4.8962222701186 (n:0.3467809559475626) c:1.0
num acquisition: 84, time elapsed: 13.89s
0
z
[ 0.24299885 -0.52730448  0.7414673   1.14218885]
0.24299884628927307
1
z
[ 0.24299885 -0.52730448  0.7414673   1.14218885]
0.24299884628927307
2
z
[ 0.24299885 -0.52730448  0.7414673   1.14218885]
0.24299884628927307
f inputs x:[[ 0.11865178 -0.25747289  0.36204458  0.5577094 ]] ev:{} outputs y:5.29372857475975 (n:0.7406451992052523) c:1.0
num acquisition: 85, time elapsed: 14.12s
0
z
[ 0.23616697 -0.53028052  0.72893646  1.14764287]
0.23616696962390102
1
z
[ 0.23616697 -0.53028052  0.72893646  1.14764287]
0.23616696962390102
2
z
[ 0.23616697 -0.53028052  0.72893646  1.14764287]
0.23616696962390102
f inputs x:[[ 0.1153159  -0.25892603  0.35592601  0.5603725 ]] ev:{} outputs y:3.9562098791997036 (n:-0.6120232500684989) c:1.0
num acquisition: 86, time elapsed: 14.34s
0
z
[ 0.23744373 -0.52983659  0.72539313  1.13939211]
0.23744373315539313
1
z
[ 0.23744373 -0.52983659  0.72539313  1.13939211]
0.23744373315539313
2
z
[ 0.23744373 -0.52983659  0.72539313  1.13939211]
0.23744373315539313
f inputs x:[[ 0.11593932 -0.25870927  0.35419586  0.5563438 ]] ev:{} outputs y:5.531171711524927 (n:0.9695763315735627) c:1.0
num acquisition: 87, time elapsed: 14.55s
0
z
[ 0.23376661 -0.53077811  0.71565466  1.15040241]
0.23376660866062404
1
z
[ 0.23376661 -0.53077811  0.71565466  1.15040241]
0.23376660866062404
2
z
[ 0.23376661 -0.53077811  0.71565466  1.15040241]
0.23376660866062404
f inputs x:[[ 0.11414385 -0.259169    0.34944075  0.56171993]] ev:{} outputs y:4.747784088216301 (n:0.16436803550032567) c:1.0
num acquisition: 88, time elapsed: 14.75s
0
z
[ 0.23417731 -0.53065712  0.72163146  1.15344665]
0.2341773140427381
1
z
[ 0.23417731 -0.53065712  0.72163146  1.15344665]
0.2341773140427381
2
z
[ 0.23417731 -0.53065712  0.72163146  1.15344665]
0.2341773140427381
f inputs x:[[ 0.11434439 -0.25910992  0.35235911  0.56320637]] ev:{} outputs y:3.887338664746416 (n:-0.6943658168977729) c:1.0
num acquisition: 89, time elapsed: 14.95s
0
z
[ 0.2342919  -0.53029017  0.71339904  1.14485547]
0.23429190103445774
1
z
[ 0.2342919  -0.53029017  0.71339904  1.14485547]
0.23429190103445774
2
z
[ 0.2342919  -0.53029017  0.71339904  1.14485547]
0.23429190103445774
f inputs x:[[ 0.11440034 -0.25893074  0.34833938  0.55901146]] ev:{} outputs y:4.46850813314256 (n:-0.11003212635961511) c:1.0
num acquisition: 90, time elapsed: 15.16s
0
z
[ 0.23472786 -0.5301473   0.71704788  1.14437455]
0.2347278557939547
1
z
[ 0.23472786 -0.5301473   0.71704788  1.14437455]
0.2347278557939547
2
z
[ 0.23472786 -0.5301473   0.71704788  1.14437455]
0.2347278557939547
f inputs x:[[ 0.11461321 -0.25886099  0.35012103  0.55877663]] ev:{} outputs y:4.713823491570349 (n:0.1392736276517789) c:1.0
num acquisition: 91, time elapsed: 15.35s
0
z
[ 0.23522387 -0.52984492  0.72308037  1.14750099]
0.23522386984185856
1
z
[ 0.23522387 -0.52984492  0.72308037  1.14750099]
0.23522386984185856
2
z
[ 0.23522387 -0.52984492  0.72308037  1.14750099]
0.23522386984185856
f inputs x:[[ 0.11485541 -0.25871334  0.35306659  0.56030322]] ev:{} outputs y:5.201430002720849 (n:0.6284590702127312) c:1.0
num acquisition: 92, time elapsed: 15.56s
0
z
[ 0.23421109 -0.53057233  0.72337157  1.15399265]
0.23421109480478466
1
z
[ 0.23421109 -0.53057233  0.72337157  1.15399265]
0.23421109480478466
2
z
[ 0.23421109 -0.53057233  0.72337157  1.15399265]
0.23421109480478466
f inputs x:[[ 0.11436089 -0.25906852  0.35320878  0.56347297]] ev:{} outputs y:4.999779762473673 (n:0.4190652863307361) c:1.0
num acquisition: 93, time elapsed: 15.76s
0
z
[ 0.23405352 -0.53097653  0.72699143  1.15827411]
0.234053518369767
1
z
[ 0.23405352 -0.53097653  0.72699143  1.15827411]
0.234053518369767
2
z
[ 0.23405352 -0.53097653  0.72699143  1.15827411]
0.234053518369767
f inputs x:[[ 0.11428394 -0.25926589  0.35497629  0.56556353]] ev:{} outputs y:4.853047162505665 (n:0.27029461682187) c:1.0
num acquisition: 94, time elapsed: 15.96s
0
z
[ 0.23414727 -0.53119273  0.73142517  1.16116495]
0.23414727323274737
1
z
[ 0.23414727 -0.53119273  0.73142517  1.16116495]
0.23414727323274737
2
z
[ 0.23414727 -0.53119273  0.73142517  1.16116495]
0.23414727323274737
f inputs x:[[ 0.11432972 -0.25937145  0.35714119  0.56697507]] ev:{} outputs y:4.251049475601432 (n:-0.3312481415773331) c:1.0
num acquisition: 95, time elapsed: 16.17s
0
z
[ 0.2351821  -0.53013552  0.73468745  1.16010682]
0.23518210402692769
1
z
[ 0.2351821  -0.53013552  0.73468745  1.16010682]
0.23518210402692769
2
z
[ 0.2351821  -0.53013552  0.73468745  1.16010682]
0.23518210402692769
f inputs x:[[ 0.11483501 -0.25885523  0.35873411  0.56645841]] ev:{} outputs y:3.8650590911989298 (n:-0.7130785397191006) c:1.0
num acquisition: 96, time elapsed: 16.38s
0
z
[ 0.23661686 -0.52843405  0.73151602  1.15501683]
0.23661686440933843
1
z
[ 0.23661686 -0.52843405  0.73151602  1.15501683]
0.23661686440933843
2
z
[ 0.23661686 -0.52843405  0.73151602  1.15501683]
0.23661686440933843
f inputs x:[[ 0.11553558 -0.25802444  0.35718555  0.56397306]] ev:{} outputs y:4.2341733245006825 (n:-0.34083328325133555) c:1.0
num acquisition: 97, time elapsed: 16.60s
0
z
[ 0.23821347 -0.52711748  0.73522622  1.15373085]
0.23821347103120083
1
z
[ 0.23821347 -0.52711748  0.73522622  1.15373085]
0.23821347103120083
2
z
[ 0.23821347 -0.52711748  0.73522622  1.15373085]
0.23821347103120083
f inputs x:[[ 0.11631517 -0.25738158  0.35899718  0.56334514]] ev:{} outputs y:4.28286463333941 (n:-0.28760346998426023) c:1.0
num acquisition: 98, time elapsed: 16.85s
0
z
[ 0.2402614  -0.52553221  0.7407412   1.1534635 ]
0.2402613974172281
1
z
[ 0.2402614  -0.52553221  0.7407412   1.1534635 ]
0.2402613974172281
2
z
[ 0.2402614  -0.52553221  0.7407412   1.1534635 ]
0.2402613974172281
f inputs x:[[ 0.11731514 -0.25660752  0.36169004  0.5632146 ]] ev:{} outputs y:4.805610198979009 (n:0.2397408248122196) c:1.0
num acquisition: 99, time elapsed: 17.06s
0
z
[ 0.23950098 -0.52613048  0.74373102  1.15594908]
0.23950098024383906
1
z
[ 0.23950098 -0.52613048  0.74373102  1.15594908]
0.23950098024383906
2
z
[ 0.23950098 -0.52613048  0.74373102  1.15594908]
0.23950098024383906
f inputs x:[[ 0.11694384 -0.25689965  0.36314991  0.56442826]] ev:{} outputs y:4.7859159253280446 (n:0.21991385247228426) c:1.0
num acquisition: 100, time elapsed: 17.29s
0
z
[ 0.23898741 -0.52661004  0.74682582  1.15817708]
0.23898740739012592
1
z
[ 0.23898741 -0.52661004  0.74682582  1.15817708]
0.23898740739012592
2
z
[ 0.23898741 -0.52661004  0.74682582  1.15817708]
0.23898740739012592
f inputs x:[[ 0.11669307 -0.25713381  0.36466105  0.56551615]] ev:{} outputs y:4.2602721402776575 (n:-0.305558530272855) c:1.0
num acquisition: 101, time elapsed: 17.50s
0
z
[ 0.2420162  -0.52403299  0.75549877  1.15965163]
0.2420161957509862
1
z
[ 0.2420162  -0.52403299  0.75549877  1.15965163]
0.2420161957509862
2
z
[ 0.2420162  -0.52403299  0.75549877  1.15965163]
0.2420161957509862
f inputs x:[[ 0.11817197 -0.25587548  0.36889588  0.56623615]] ev:{} outputs y:4.511289542035204 (n:-0.04995331852800043) c:1.0
num acquisition: 102, time elapsed: 17.75s
0
z
[ 0.24414356 -0.52226495  0.76436805  1.16274602]
0.2441435571962304
1
z
[ 0.24414356 -0.52226495  0.76436805  1.16274602]
0.2441435571962304
2
z
[ 0.24414356 -0.52226495  0.76436805  1.16274602]
0.2441435571962304
f inputs x:[[ 0.11921072 -0.25501218  0.37322659  0.56774708]] ev:{} outputs y:4.428171318356019 (n:-0.13026444203900275) c:1.0
num acquisition: 103, time elapsed: 18.00s
0
z
[ 0.24790193 -0.51911661  0.77671187  1.16734578]
0.24790193108846353
1
z
[ 0.24790193 -0.51911661  0.77671187  1.16734578]
0.24790193108846353
2
z
[ 0.24790193 -0.51911661  0.77671187  1.16734578]
0.24790193108846353
f inputs x:[[ 0.12104586 -0.25347491  0.37925384  0.56999305]] ev:{} outputs y:4.743320728557083 (n:0.18760673770663933) c:1.0
num acquisition: 104, time elapsed: 18.22s
0
z
[ 0.24614626 -0.52053447  0.77692697  1.16745494]
0.24614625524077993
1
z
[ 0.24614626 -0.52053447  0.77692697  1.16745494]
0.24614625524077993
2
z
[ 0.24614626 -0.52053447  0.77692697  1.16745494]
0.24614625524077993
f inputs x:[[ 0.1201886  -0.25416722  0.37935887  0.57004636]] ev:{} outputs y:4.002664157835924 (n:-0.5521864710106452) c:1.0
num acquisition: 105, time elapsed: 18.45s
0
z
[ 0.25721368 -0.51128544  0.80154661  1.17798285]
0.25721368385595034
1
z
[ 0.25721368 -0.51128544  0.80154661  1.17798285]
0.25721368385595034
2
z
[ 0.25721368 -0.51128544  0.80154661  1.17798285]
0.25721368385595034
f inputs x:[[ 0.12559262 -0.2496511   0.39138018  0.57518694]] ev:{} outputs y:5.731537193290454 (n:1.1769195112041475) c:1.0
num acquisition: 106, time elapsed: 18.70s
0
z
[ 0.22128697 -0.54082986  0.70998799  1.13884579]
0.22128696614060567
1
z
[ 0.22128697 -0.54082986  0.70998799  1.13884579]
0.22128696614060567
2
z
[ 0.22128697 -0.54082986  0.70998799  1.13884579]
0.22128696614060567
f inputs x:[[ 0.10805028 -0.26407708  0.34667382  0.55607704]] ev:{} outputs y:3.897831078463035 (n:-0.6724687902762355) c:1.0
num acquisition: 107, time elapsed: 18.95s
0
z
[ 0.21381167 -0.54571014  0.69579184  1.12499421]
0.21381167275445956
1
z
[ 0.21381167 -0.54571014  0.69579184  1.12499421]
0.21381167275445956
2
z
[ 0.21381167 -0.54571014  0.69579184  1.12499421]
0.21381167275445956
f inputs x:[[ 0.10440023 -0.26646003  0.33974211  0.54931358]] ev:{} outputs y:4.824671094983942 (n:0.26043509233602985) c:1.0
num acquisition: 108, time elapsed: 19.21s
0
z
[ 0.21827647 -0.54281529  0.70505358  1.13240321]
0.21827647274838505
1
z
[ 0.21827647 -0.54281529  0.70505358  1.13240321]
0.21827647274838505
2
z
[ 0.21827647 -0.54281529  0.70505358  1.13240321]
0.21827647274838505
f inputs x:[[ 0.10658031 -0.26504653  0.34426444  0.55293126]] ev:{} outputs y:3.8307302168426967 (n:-0.7351463868513717) c:1.0
num acquisition: 109, time elapsed: 19.46s
0
z
[ 0.20848344 -0.54924573  0.68669772  1.11513434]
0.20848344466256274
1
z
[ 0.20848344 -0.54924573  0.68669772  1.11513434]
0.20848344466256274
2
z
[ 0.20848344 -0.54924573  0.68669772  1.11513434]
0.20848344466256274
f inputs x:[[ 0.10179856 -0.26818639  0.33530162  0.54449919]] ev:{} outputs y:4.068178095787861 (n:-0.4909442262044064) c:1.0
num acquisition: 110, time elapsed: 19.73s
0
z
[ 0.1981361  -0.55595106  0.67214346  1.09956553]
0.19813609728177628
1
z
[ 0.1981361  -0.55595106  0.67214346  1.09956553]
0.19813609728177628
2
z
[ 0.1981361  -0.55595106  0.67214346  1.09956553]
0.19813609728177628
f inputs x:[[ 0.09674614 -0.27146048  0.32819505  0.53689723]] ev:{} outputs y:5.299899554016088 (n:0.7487290172985639) c:1.0
num acquisition: 111, time elapsed: 19.97s
0
z
[ 0.21930757 -0.54247174  0.69613186  1.12830327]
0.21930757495661105
1
z
[ 0.21930757 -0.54247174  0.69613186  1.12830327]
0.21930757495661105
2
z
[ 0.21930757 -0.54247174  0.69613186  1.12830327]
0.21930757495661105
f inputs x:[[ 0.10708378 -0.26487878  0.33990813  0.55092933]] ev:{} outputs y:5.894160273959494 (n:1.3241786947558873) c:1.0
num acquisition: 112, time elapsed: 20.21s
0
z
[ 0.23314649 -0.53185831  0.70397253  1.15278984]
0.23314648636323604
1
z
[ 0.23314649 -0.53185831  0.70397253  1.15278984]
0.23314648636323604
2
z
[ 0.23314649 -0.53185831  0.70397253  1.15278984]
0.23314648636323604
f inputs x:[[ 0.11384106 -0.25969644  0.34373659  0.56288566]] ev:{} outputs y:4.079493702997963 (n:-0.5187771999354022) c:1.0
num acquisition: 113, time elapsed: 20.48s
0
z
[ 0.23270447 -0.53242772  0.69684115  1.14801994]
0.23270446843369413
1
z
[ 0.23270447 -0.53242772  0.69684115  1.14801994]
0.23270446843369413
2
z
[ 0.23270447 -0.53242772  0.69684115  1.14801994]
0.23270446843369413
f inputs x:[[ 0.11362523 -0.25997447  0.34025447  0.56055661]] ev:{} outputs y:4.076125044345838 (n:-0.5230768744146168) c:1.0
num acquisition: 114, time elapsed: 20.73s
0
z
[ 0.23184883 -0.53353615  0.68792587  1.14211933]
0.2318488347199936
1
z
[ 0.23184883 -0.53353615  0.68792587  1.14211933]
0.2318488347199936
2
z
[ 0.23184883 -0.53353615  0.68792587  1.14211933]
0.2318488347199936
f inputs x:[[ 0.11320744 -0.2605157   0.3359013   0.55767546]] ev:{} outputs y:4.361793205756917 (n:-0.2386869649281247) c:1.0
num acquisition: 115, time elapsed: 21.01s
0
z
[ 0.23138184 -0.53434435  0.6856778   1.13951207]
0.23138184041452825
1
z
[ 0.23138184 -0.53434435  0.6856778   1.13951207]
0.23138184041452825
2
z
[ 0.23138184 -0.53434435  0.6856778   1.13951207]
0.23138184041452825
f inputs x:[[ 0.11297941 -0.26091033  0.33480361  0.55640238]] ev:{} outputs y:4.353998018443424 (n:-0.24536161992838879) c:1.0
num acquisition: 116, time elapsed: 21.28s
0
z
[ 0.23080373 -0.53530453  0.68302922  1.13656456]
0.23080372778628738
1
z
[ 0.23080373 -0.53530453  0.68302922  1.13656456]
0.23080372778628738
2
z
[ 0.23080373 -0.53530453  0.68302922  1.13656456]
0.23080372778628738
f inputs x:[[ 0.11269713 -0.26137917  0.33351036  0.55496316]] ev:{} outputs y:3.944744171713279 (n:-0.653457918462103) c:1.0
num acquisition: 117, time elapsed: 21.55s
0
z
[ 0.22827236 -0.53841392  0.66596876  1.12566704]
0.22827236112802526
1
z
[ 0.22827236 -0.53841392  0.66596876  1.12566704]
0.22827236112802526
2
z
[ 0.22827236 -0.53841392  0.66596876  1.12566704]
0.22827236112802526
f inputs x:[[ 0.11146111 -0.26289742  0.32518006  0.54964211]] ev:{} outputs y:4.681031652544857 (n:0.07964577601404711) c:1.0
num acquisition: 118, time elapsed: 21.82s
0
z
[ 0.22923441 -0.53753551  0.67269503  1.12880176]
0.22923441479743212
1
z
[ 0.22923441 -0.53753551  0.67269503  1.12880176]
0.22923441479743212
2
z
[ 0.22923441 -0.53753551  0.67269503  1.12880176]
0.22923441479743212
f inputs x:[[ 0.11193087 -0.26246851  0.32846437  0.55117273]] ev:{} outputs y:4.083498612827022 (n:-0.5151248971996587) c:1.0
num acquisition: 119, time elapsed: 22.07s
0
z
[ 0.2266043  -0.54086182  0.65860643  1.11902375]
0.22660430001361961
1
z
[ 0.2266043  -0.54086182  0.65860643  1.11902375]
0.22660430001361961
2
z
[ 0.2266043  -0.54086182  0.65860643  1.11902375]
0.22660430001361961
f inputs x:[[ 0.11064663 -0.26409269  0.32158517  0.54639831]] ev:{} outputs y:4.178214354428605 (n:-0.4221418992414131) c:1.0
num acquisition: 120, time elapsed: 22.33s
0
z
[ 0.22364045 -0.54450064  0.64565079  1.10965836]
0.22364044853228798
1
z
[ 0.22364045 -0.54450064  0.64565079  1.10965836]
0.22364044853228798
2
z
[ 0.22364045 -0.54450064  0.64565079  1.10965836]
0.22364044853228798
f inputs x:[[ 0.10919944 -0.26586945  0.31525917  0.54182537]] ev:{} outputs y:4.641280020248435 (n:0.03964708117361078) c:1.0
num acquisition: 121, time elapsed: 22.58s
0
z
[ 0.22472244 -0.54353111  0.65199099  1.11259151]
0.2247224434270096
1
z
[ 0.22472244 -0.54353111  0.65199099  1.11259151]
0.2247224434270096
2
z
[ 0.22472244 -0.54353111  0.65199099  1.11259151]
0.2247224434270096
f inputs x:[[ 0.10972776 -0.26539605  0.31835497  0.54325757]] ev:{} outputs y:4.571472249502819 (n:-0.027391585855284204) c:1.0
num acquisition: 122, time elapsed: 22.90s
0
z
[ 0.22505513 -0.54341168  0.65533669  1.11343905]
0.22505512819947746
1
z
[ 0.22505513 -0.54341168  0.65533669  1.11343905]
0.22505512819947746
2
z
[ 0.22505513 -0.54341168  0.65533669  1.11343905]
0.22505512819947746
f inputs x:[[ 0.1098902  -0.26533773  0.31998862  0.54367141]] ev:{} outputs y:4.446681599899629 (n:-0.1498227218008673) c:1.0
num acquisition: 123, time elapsed: 23.20s
0
z
[ 0.22425177 -0.54463658  0.6538029   1.11088378]
0.22425177094278792
1
z
[ 0.22425177 -0.54463658  0.6538029   1.11088378]
0.22425177094278792
2
z
[ 0.22425177 -0.54463658  0.6538029   1.11088378]
0.22425177094278792
f inputs x:[[ 0.10949794 -0.26593583  0.31923969  0.54242372]] ev:{} outputs y:3.99819899326416 (n:-0.5965726707752808) c:1.0
num acquisition: 124, time elapsed: 23.49s
0
z
[ 0.21904196 -0.55084907  0.63198475  1.09555515]
0.21904195715276026
1
z
[ 0.21904196 -0.55084907  0.63198475  1.09555515]
0.21904195715276026
2
z
[ 0.21904196 -0.55084907  0.63198475  1.09555515]
0.21904195715276026
f inputs x:[[ 0.10695408 -0.26896927  0.30858631  0.53493904]] ev:{} outputs y:4.2424556502670585 (n:-0.35535823299811753) c:1.0
num acquisition: 125, time elapsed: 23.77s
0
z
[ 0.21501767 -0.55549804  0.61858215  1.08526   ]
0.215017670775508
1
z
[ 0.21501767 -0.55549804  0.61858215  1.08526   ]
0.215017670775508
2
z
[ 0.21501767 -0.55549804  0.61858215  1.08526   ]
0.215017670775508
f inputs x:[[ 0.1049891  -0.27123928  0.30204207  0.52991211]] ev:{} outputs y:4.9343287438735794 (n:0.33551451002428023) c:1.0
num acquisition: 126, time elapsed: 24.05s
0
z
[ 0.22180693 -0.54832074  0.64138309  1.10095344]
0.22180692675043642
1
z
[ 0.22180693 -0.54832074  0.64138309  1.10095344]
0.22180692675043642
2
z
[ 0.22180693 -0.54832074  0.64138309  1.10095344]
0.22180692675043642
f inputs x:[[ 0.10830416 -0.26773474  0.31317534  0.53757492]] ev:{} outputs y:4.436964870836509 (n:-0.15811587247195447) c:1.0
num acquisition: 127, time elapsed: 24.34s
0
z
[ 0.2207407  -0.54985576  0.63901988  1.09780177]
0.2207406989540685
1
z
[ 0.2207407  -0.54985576  0.63901988  1.09780177]
0.2207406989540685
2
z
[ 0.2207407  -0.54985576  0.63901988  1.09780177]
0.2207406989540685
f inputs x:[[ 0.10778354 -0.26848426  0.31202143  0.53603602]] ev:{} outputs y:4.541914628642487 (n:-0.05158556691355667) c:1.0
num acquisition: 128, time elapsed: 24.63s
0
z
[ 0.22086874 -0.5499695   0.64134449  1.09794913]
0.2208687383579552
1
z
[ 0.22086874 -0.5499695   0.64134449  1.09794913]
0.2208687383579552
2
z
[ 0.22086874 -0.5499695   0.64134449  1.09794913]
0.2208687383579552
f inputs x:[[ 0.10784606 -0.26853979  0.31315649  0.53610797]] ev:{} outputs y:4.566743749664455 (n:-0.02450955461237072) c:1.0
num acquisition: 129, time elapsed: 24.91s
0
z
[ 0.22129962 -0.54971394  0.64478197  1.09890784]
0.22129961591086467
1
z
[ 0.22129962 -0.54971394  0.64478197  1.09890784]
0.22129961591086467
2
z
[ 0.22129962 -0.54971394  0.64478197  1.09890784]
0.22129961591086467
f inputs x:[[ 0.10805645 -0.26841501  0.31483494  0.53657609]] ev:{} outputs y:4.956620586799482 (n:0.3677282995223834) c:1.0
num acquisition: 130, time elapsed: 25.18s
0
z
[ 0.22601448 -0.54400719  0.66222932  1.11185108]
0.22601447948511813
1
z
[ 0.22601448 -0.54400719  0.66222932  1.11185108]
0.22601447948511813
2
z
[ 0.22601448 -0.54400719  0.66222932  1.11185108]
0.22601447948511813
f inputs x:[[ 0.11035863 -0.26562851  0.32335416  0.54289603]] ev:{} outputs y:5.4884703077731745 (n:0.9008478505371802) c:1.0
num acquisition: 131, time elapsed: 25.48s
0
z
[ 0.23197151 -0.53511093  0.68315948  1.1329413 ]
0.23197150881813078
1
z
[ 0.23197151 -0.53511093  0.68315948  1.1329413 ]
0.23197150881813078
2
z
[ 0.23197151 -0.53511093  0.68315948  1.1329413 ]
0.23197150881813078
f inputs x:[[ 0.11326734 -0.26128463  0.33357397  0.55319399]] ev:{} outputs y:5.28422654797267 (n:0.6904934624955177) c:1.0
num acquisition: 132, time elapsed: 25.80s
0
z
[ 0.23269015 -0.5331336   0.69283552  1.14149131]
0.23269015116576652
1
z
[ 0.23269015 -0.5331336   0.69283552  1.14149131]
0.23269015116576652
2
z
[ 0.23269015 -0.5331336   0.69283552  1.14149131]
0.23269015116576652
f inputs x:[[ 0.11361824 -0.26031914  0.3382986   0.5573688 ]] ev:{} outputs y:3.7793500362069103 (n:-0.8154991945820811) c:1.0
num acquisition: 133, time elapsed: 26.13s
0
z
[ 0.23224378 -0.53390018  0.67901141  1.13384697]
0.23224378049286723
1
z
[ 0.23224378 -0.53390018  0.67901141  1.13384697]
0.23224378049286723
2
z
[ 0.23224378 -0.53390018  0.67901141  1.13384697]
0.23224378049286723
f inputs x:[[ 0.11340028 -0.26069345  0.33154854  0.55363622]] ev:{} outputs y:3.847915270407393 (n:-0.7510951613103127) c:1.0
num acquisition: 134, time elapsed: 26.45s
0
z
[ 0.23114761 -0.53561539  0.66285037  1.12469421]
0.2311476066278195
1
z
[ 0.23114761 -0.53561539  0.66285037  1.12469421]
0.2311476066278195
2
z
[ 0.23114761 -0.53561539  0.66285037  1.12469421]
0.2311476066278195
f inputs x:[[ 0.11286504 -0.26153095  0.32365741  0.54916709]] ev:{} outputs y:4.916349817817884 (n:0.31255859316161055) c:1.0
num acquisition: 135, time elapsed: 26.75s
0
z
[ 0.23234728 -0.53399099  0.67395143  1.13092395]
0.23234727717587814
1
z
[ 0.23234728 -0.53399099  0.67395143  1.13092395]
0.23234727717587814
2
z
[ 0.23234728 -0.53399099  0.67395143  1.13092395]
0.23234727717587814
f inputs x:[[ 0.11345082 -0.26073779  0.32907785  0.55220896]] ev:{} outputs y:3.9473179183589826 (n:-0.6531550111296685) c:1.0
num acquisition: 136, time elapsed: 27.07s
0
z
[ 0.2313837  -0.53569021  0.6599856   1.12268204]
0.23138370126339503
1
z
[ 0.2313837  -0.53569021  0.6599856   1.12268204]
0.23138370126339503
2
z
[ 0.2313837  -0.53569021  0.6599856   1.12268204]
0.23138370126339503
f inputs x:[[ 0.11298032 -0.26156749  0.32225859  0.54818459]] ev:{} outputs y:5.03721847433983 (n:0.43295811675662255) c:1.0
num acquisition: 137, time elapsed: 27.40s
0
z
[ 0.23285101 -0.53341393  0.67376077  1.13100805]
0.2328510143302496
1
z
[ 0.23285101 -0.53341393  0.67376077  1.13100805]
0.2328510143302496
2
z
[ 0.23285101 -0.53341393  0.67376077  1.13100805]
0.2328510143302496
f inputs x:[[ 0.11369678 -0.26045602  0.32898475  0.55225002]] ev:{} outputs y:3.8798358854296104 (n:-0.721004196141976) c:1.0
num acquisition: 138, time elapsed: 27.74s
0
z
[ 0.23197632 -0.53507245  0.65798561  1.12207794]
0.2319763205489211
1
z
[ 0.23197632 -0.53507245  0.65798561  1.12207794]
0.2319763205489211
2
z
[ 0.23197632 -0.53507245  0.65798561  1.12207794]
0.2319763205489211
f inputs x:[[ 0.11326969 -0.26126584  0.32128204  0.54788962]] ev:{} outputs y:3.9828197000912176 (n:-0.6228217171455532) c:1.0
num acquisition: 139, time elapsed: 28.10s
0
z
[ 0.23056655 -0.53748077  0.64160065  1.1125549 ]
0.2305665497811671
1
z
[ 0.23056655 -0.53748077  0.64160065  1.1125549 ]
0.2305665497811671
2
z
[ 0.23056655 -0.53748077  0.64160065  1.1125549 ]
0.2305665497811671
f inputs x:[[ 0.11258132 -0.26244178  0.31328157  0.5432397 ]] ev:{} outputs y:4.225626926957034 (n:-0.38490338863029416) c:1.0
num acquisition: 140, time elapsed: 28.44s
0
z
[ 0.2293741  -0.53951986  0.63158977  1.10609701]
0.22937409855965543
1
z
[ 0.2293741  -0.53951986  0.63158977  1.10609701]
0.22937409855965543
2
z
[ 0.2293741  -0.53951986  0.63158977  1.10609701]
0.22937409855965543
f inputs x:[[ 0.11199907 -0.26343743  0.30839344  0.54008643]] ev:{} outputs y:5.568688305003736 (n:0.9558642647354628) c:1.0
num acquisition: 141, time elapsed: 28.84s
0
z
[ 0.23455098 -0.53108506  0.665896    1.12948321]
0.23455097837798602
1
z
[ 0.23455098 -0.53108506  0.665896    1.12948321]
0.23455097837798602
2
z
[ 0.23455098 -0.53108506  0.665896    1.12948321]
0.23455097837798602
f inputs x:[[ 0.11452684 -0.25931887  0.32514453  0.55150547]] ev:{} outputs y:3.4389195721101036 (n:-1.168201502521766) c:1.0
num acquisition: 142, time elapsed: 29.19s
0
z
[ 0.23387227 -0.5324745   0.6337653   1.1149368 ]
0.2338722719844783
1
z
[ 0.23387227 -0.5324745   0.6337653   1.1149368 ]
0.2338722719844783
2
z
[ 0.23387227 -0.5324745   0.6337653   1.1149368 ]
0.2338722719844783
f inputs x:[[ 0.11419545 -0.25999731  0.30945571  0.54440273]] ev:{} outputs y:5.204516732281614 (n:0.5825912550201745) c:1.0
num acquisition: 143, time elapsed: 29.54s
0
z
[ 0.2352571  -0.52975742  0.656411    1.1268345 ]
0.23525710220778506
1
z
[ 0.2352571  -0.52975742  0.656411    1.1268345 ]
0.23525710220778506
2
z
[ 0.2352571  -0.52975742  0.656411    1.1268345 ]
0.23525710220778506
f inputs x:[[ 0.11487163 -0.25867061  0.32051319  0.55021216]] ev:{} outputs y:5.542652219675584 (n:0.9291795620712998) c:1.0
num acquisition: 144, time elapsed: 29.88s
0
z
[ 0.23516093 -0.52818044  0.67549138  1.13822741]
0.23516093109630962
1
z
[ 0.23516093 -0.52818044  0.67549138  1.13822741]
0.23516093109630962
2
z
[ 0.23516093 -0.52818044  0.67549138  1.13822741]
0.23516093109630962
f inputs x:[[ 0.11482467 -0.25790061  0.32982977  0.5557751 ]] ev:{} outputs y:4.066313153369748 (n:-0.5418251378277662) c:1.0
num acquisition: 145, time elapsed: 30.20s
0
z
[ 0.23556141 -0.52781776  0.66802034  1.13460008]
0.23556140770769074
1
z
[ 0.23556141 -0.52781776  0.66802034  1.13460008]
0.23556140770769074
2
z
[ 0.23556141 -0.52781776  0.66802034  1.13460008]
0.23556140770769074
f inputs x:[[ 0.11502022 -0.25772352  0.32618181  0.55400395]] ev:{} outputs y:5.442124086019028 (n:0.8309579187337776) c:1.0
num acquisition: 146, time elapsed: 30.57s
0
z
[ 0.23484436 -0.52802396  0.68084366  1.14166096]
0.23484436037674378
1
z
[ 0.23484436 -0.52802396  0.68084366  1.14166096]
0.23484436037674378
2
z
[ 0.23484436 -0.52802396  0.68084366  1.14166096]
0.23484436037674378
f inputs x:[[ 0.1146701  -0.2578242   0.33244319  0.55745164]] ev:{} outputs y:4.197987108111077 (n:-0.4089660468910871) c:1.0
num acquisition: 147, time elapsed: 30.92s
0
z
[ 0.23522175 -0.52760826  0.67728558  1.13975142]
0.23522175164497666
1
z
[ 0.23522175 -0.52760826  0.67728558  1.13975142]
0.23522175164497666
2
z
[ 0.23522175 -0.52760826  0.67728558  1.13975142]
0.23522175164497666
f inputs x:[[ 0.11485437 -0.25762122  0.33070585  0.55651925]] ev:{} outputs y:4.81959810770051 (n:0.21144719671437573) c:1.0
num acquisition: 148, time elapsed: 31.24s
0
z
[ 0.23509348 -0.52796927  0.68275593  1.14182018]
0.2350934834746662
1
z
[ 0.23509348 -0.52796927  0.68275593  1.14182018]
0.2350934834746662
2
z
[ 0.23509348 -0.52796927  0.68275593  1.14182018]
0.2350934834746662
f inputs x:[[ 0.11479174 -0.25779749  0.33337692  0.55752939]] ev:{} outputs y:4.429752010609972 (n:-0.17553122802078477) c:1.0
num acquisition: 149, time elapsed: 31.59s
0
z
[ 0.23537359 -0.52783754  0.68331605  1.14153504]
0.2353735934461083
1
z
[ 0.23537359 -0.52783754  0.68331605  1.14153504]
0.2353735934461083
2
z
[ 0.23537359 -0.52783754  0.68331605  1.14153504]
0.2353735934461083
f inputs x:[[ 0.11492851 -0.25773317  0.33365041  0.55739016]] ev:{} outputs y:4.450668725349376 (n:-0.1537496855906428) c:1.0
num acquisition: 150, time elapsed: 31.95s
0
z
[ 0.23566886 -0.52771454  0.68425059  1.14139859]
0.23566886057474076
1
z
[ 0.23566886 -0.52771454  0.68425059  1.14139859]
0.23566886057474076
2
z
[ 0.23566886 -0.52771454  0.68425059  1.14139859]
0.23566886057474076
f inputs x:[[ 0.11507269 -0.25767311  0.33410673  0.55732353]] ev:{} outputs y:5.171731763230416 (n:0.5683539384023326) c:1.0
num acquisition: 151, time elapsed: 32.29s
0
z
[ 0.23470553 -0.52864472  0.69030574  1.14462393]
0.23470552540796952
1
z
[ 0.23470553 -0.52864472  0.69030574  1.14462393]
0.23470552540796952
2
z
[ 0.23470553 -0.52864472  0.69030574  1.14462393]
0.23470552540796952
f inputs x:[[ 0.11460231 -0.25812731  0.33706335  0.55889841]] ev:{} outputs y:4.661159694582368 (n:0.05992137075757639) c:1.0
num acquisition: 152, time elapsed: 32.63s
0
z
[ 0.23474503 -0.52882242  0.69340694  1.14555486]
0.2347450348270137
1
z
[ 0.23474503 -0.52882242  0.69340694  1.14555486]
0.2347450348270137
2
z
[ 0.23474503 -0.52882242  0.69340694  1.14555486]
0.2347450348270137
f inputs x:[[ 0.1146216  -0.25821407  0.33857761  0.55935296]] ev:{} outputs y:4.9476548910365565 (n:0.34828719361576466) c:1.0
num acquisition: 153, time elapsed: 32.97s
0
z
[ 0.23427105 -0.52951547  0.69722451  1.14725967]
0.23427104977146596
1
z
[ 0.23427105 -0.52951547  0.69722451  1.14725967]
0.23427104977146596
2
z
[ 0.23427105 -0.52951547  0.69722451  1.14725967]
0.23427104977146596
f inputs x:[[ 0.11439016 -0.25855248  0.34044165  0.56018538]] ev:{} outputs y:4.536452363304399 (n:-0.06124256235939114) c:1.0
num acquisition: 154, time elapsed: 33.32s
0
z
[ 0.23450351 -0.529448    0.69948674  1.14773054]
0.23450351279723922
1
z
[ 0.23450351 -0.529448    0.69948674  1.14773054]
0.23450351279723922
2
z
[ 0.23450351 -0.529448    0.69948674  1.14773054]
0.23450351279723922
f inputs x:[[ 0.11450367 -0.25851953  0.34154626  0.5604153 ]] ev:{} outputs y:5.026312194077811 (n:0.4301981942915665) c:1.0
num acquisition: 155, time elapsed: 33.67s
0
z
[ 0.23378046 -0.53037197  0.70199285  1.14910879]
0.2337804582759782
1
z
[ 0.23378046 -0.53037197  0.70199285  1.14910879]
0.2337804582759782
2
z
[ 0.23378046 -0.53037197  0.70199285  1.14910879]
0.2337804582759782
f inputs x:[[ 0.11415061 -0.25897069  0.34276995  0.56108827]] ev:{} outputs y:4.8642452716738696 (n:0.26895344526448345) c:1.0
num acquisition: 156, time elapsed: 34.07s
0
z
[ 0.23350608 -0.53090305  0.7045982   1.15016709]
0.23350608177674592
1
z
[ 0.23350608 -0.53090305  0.7045982   1.15016709]
0.23350608177674592
2
z
[ 0.23350608 -0.53090305  0.7045982   1.15016709]
0.23350608177674592
f inputs x:[[ 0.11401664 -0.25923001  0.34404209  0.56160502]] ev:{} outputs y:4.914143931065229 (n:0.3200807080277354) c:1.0
num acquisition: 157, time elapsed: 34.43s
0
z
[ 0.2331473  -0.53152388  0.70668256  1.1511155 ]
0.2331472987185589
1
z
[ 0.2331473  -0.53152388  0.70668256  1.1511155 ]
0.2331472987185589
2
z
[ 0.2331473  -0.53152388  0.70668256  1.1511155 ]
0.2331472987185589
f inputs x:[[ 0.11384145 -0.25953314  0.34505985  0.56206811]] ev:{} outputs y:5.114412940918584 (n:0.5212116238699944) c:1.0
num acquisition: 158, time elapsed: 34.83s
0
z
[ 0.23244098 -0.53249396  0.70710758  1.15186258]
0.2324409826852047
1
z
[ 0.23244098 -0.53249396  0.70710758  1.15186258]
0.2324409826852047
2
z
[ 0.23244098 -0.53249396  0.70710758  1.15186258]
0.2324409826852047
f inputs x:[[ 0.11349657 -0.26000681  0.34526737  0.5624329 ]] ev:{} outputs y:4.52029826536638 (n:-0.07337426919368478) c:1.0
num acquisition: 159, time elapsed: 35.23s
0
z
[ 0.23268495 -0.5323839   0.70947641  1.15234774]
0.2326849502114238
1
z
[ 0.23268495 -0.5323839   0.70947641  1.15234774]
0.2326849502114238
2
z
[ 0.23268495 -0.5323839   0.70947641  1.15234774]
0.2326849502114238
f inputs x:[[ 0.1136157  -0.25995308  0.34642403  0.56266979]] ev:{} outputs y:4.237726626285741 (n:-0.35428670824606195) c:1.0
num acquisition: 160, time elapsed: 35.61s
0
z
[ 0.23322591 -0.53178974  0.71101465  1.15236726]
0.23322590769361504
1
z
[ 0.23322591 -0.53178974  0.71101465  1.15236726]
0.23322590769361504
2
z
[ 0.23322591 -0.53178974  0.71101465  1.15236726]
0.23322590769361504
f inputs x:[[ 0.11387984 -0.25966296  0.34717512  0.56267932]] ev:{} outputs y:3.880977142214727 (n:-0.7096282316616762) c:1.0
num acquisition: 161, time elapsed: 36.01s
0
z
[ 0.23420037 -0.5304689   0.70987286  1.15141074]
0.23420036763532945
1
z
[ 0.23420037 -0.5304689   0.70987286  1.15141074]
0.23420036763532945
2
z
[ 0.23420037 -0.5304689   0.70987286  1.15141074]
0.23420036763532945
f inputs x:[[ 0.11435565 -0.25901802  0.34661761  0.56221228]] ev:{} outputs y:4.2520217298341745 (n:-0.3386070989979942) c:1.0
num acquisition: 162, time elapsed: 36.38s
0
z
[ 0.23504547 -0.52965157  0.71172154  1.15156607]
0.23504546890745875
1
z
[ 0.23504547 -0.52965157  0.71172154  1.15156607]
0.23504546890745875
2
z
[ 0.23504547 -0.52965157  0.71172154  1.15156607]
0.23504546890745875
f inputs x:[[ 0.1147683  -0.25861893  0.34752028  0.56228812]] ev:{} outputs y:4.9559722568283595 (n:0.36676794575791666) c:1.0
num acquisition: 163, time elapsed: 36.75s
0
z
[ 0.23408231 -0.53073109  0.71219341  1.15200597]
0.23408231273954438
1
z
[ 0.23408231 -0.53073109  0.71219341  1.15200597]
0.23408231273954438
2
z
[ 0.23408231 -0.53073109  0.71219341  1.15200597]
0.23408231273954438
f inputs x:[[ 0.114298   -0.25914604  0.34775069  0.56250292]] ev:{} outputs y:4.418832573589213 (n:-0.17027082222371956) c:1.0
num acquisition: 164, time elapsed: 37.18s
0
z
[ 0.23466093 -0.53025774  0.7148409   1.15254982]
0.2346609317010165
1
z
[ 0.23466093 -0.53025774  0.7148409   1.15254982]
0.2346609317010165
2
z
[ 0.23466093 -0.53025774  0.7148409   1.15254982]
0.2346609317010165
f inputs x:[[ 0.11458053 -0.25891491  0.34904341  0.56276847]] ev:{} outputs y:5.336588453046019 (n:0.749227868352509) c:1.0
num acquisition: 165, time elapsed: 37.58s
0
z
[ 0.2323135  -0.53257696  0.70954243  1.1517697 ]
0.23231350297009615
1
z
[ 0.2323135  -0.53257696  0.70954243  1.1517697 ]
0.23231350297009615
2
z
[ 0.2323135  -0.53257696  0.70954243  1.1517697 ]
0.23231350297009615
f inputs x:[[ 0.11343433 -0.26004734  0.34645626  0.56238755]] ev:{} outputs y:4.297120788523794 (n:-0.2939241644599369) c:1.0
num acquisition: 166, time elapsed: 38.05s
0
z
[ 0.23272538 -0.53211974  0.71138767  1.15189129]
0.23272537534020082
1
z
[ 0.23272538 -0.53211974  0.71138767  1.15189129]
0.23272537534020082
2
z
[ 0.23272538 -0.53211974  0.71138767  1.15189129]
0.23272537534020082
f inputs x:[[ 0.11363544 -0.25982409  0.34735726  0.56244692]] ev:{} outputs y:5.414889273213048 (n:0.8254547293422653) c:1.0
num acquisition: 167, time elapsed: 38.47s
0
z
[ 0.23138159 -0.53371322  0.70662461  1.15169547]
0.23138159224913962
1
z
[ 0.23138159 -0.53371322  0.70662461  1.15169547]
0.23138159224913962
2
z
[ 0.23138159 -0.53371322  0.70662461  1.15169547]
0.23138159224913962
f inputs x:[[ 0.11297929 -0.26060216  0.34503155  0.56235131]] ev:{} outputs y:4.670363035482099 (n:0.07661336746494858) c:1.0
num acquisition: 168, time elapsed: 38.83s
0
z
[ 0.23154934 -0.53375598  0.70900327  1.15236295]
0.2315493444398019
1
z
[ 0.23154934 -0.53375598  0.70900327  1.15236295]
0.2315493444398019
2
z
[ 0.23154934 -0.53375598  0.70900327  1.15236295]
0.2315493444398019
f inputs x:[[ 0.1130612  -0.26062304  0.346193    0.56267722]] ev:{} outputs y:4.6845376006570945 (n:0.09222078721610374) c:1.0
num acquisition: 169, time elapsed: 39.24s
0
z
[ 0.23170024 -0.5338101   0.71129962  1.15302646]
0.23170023670645398
1
z
[ 0.23170024 -0.5338101   0.71129962  1.15302646]
0.23170023670645398
2
z
[ 0.23170024 -0.5338101   0.71129962  1.15302646]
0.23170023670645398
f inputs x:[[ 0.11313488 -0.26064946  0.34731427  0.5630012 ]] ev:{} outputs y:4.519964267318251 (n:-0.07100094220812386) c:1.0
num acquisition: 170, time elapsed: 39.71s
0
z
[ 0.23195158 -0.53367531  0.71373399  1.15355074]
0.23195157803239252
1
z
[ 0.23195158 -0.53367531  0.71373399  1.15355074]
0.23195157803239252
2
z
[ 0.23195158 -0.53367531  0.71373399  1.15355074]
0.23195157803239252
f inputs x:[[ 0.11325761 -0.26058365  0.34850293  0.5632572 ]] ev:{} outputs y:4.586465914816072 (n:-0.002833755537426795) c:1.0
num acquisition: 171, time elapsed: 40.15s
0
z
[ 0.23217895 -0.5335958   0.71617667  1.1541565 ]
0.23217895039440517
1
z
[ 0.23217895 -0.5335958   0.71617667  1.1541565 ]
0.23217895039440517
2
z
[ 0.23217895 -0.5335958   0.71617667  1.1541565 ]
0.23217895039440517
f inputs x:[[ 0.11336863 -0.26054482  0.34969564  0.56355298]] ev:{} outputs y:5.179608092269689 (n:0.5918596408737513) c:1.0
num acquisition: 172, time elapsed: 40.64s
0
z
[ 0.2313551  -0.53461993  0.71334828  1.1538979 ]
0.23135510419973346
1
z
[ 0.2313551  -0.53461993  0.71334828  1.1538979 ]
0.23135510419973346
2
z
[ 0.2313551  -0.53461993  0.71334828  1.1538979 ]
0.23135510419973346
f inputs x:[[ 0.11296636 -0.26104489  0.34831459  0.56342671]] ev:{} outputs y:3.987196356798492 (n:-0.6029041400722307) c:1.0
num acquisition: 173, time elapsed: 41.14s
0
z
[ 0.23162665 -0.53407571  0.71368845  1.15344427]
0.23162664993807233
1
z
[ 0.23162665 -0.53407571  0.71368845  1.15344427]
0.23162664993807233
2
z
[ 0.23162665 -0.53407571  0.71368845  1.15344427]
0.23162664993807233
f inputs x:[[ 0.11309895 -0.26077915  0.34848069  0.56320521]] ev:{} outputs y:4.946065560409405 (n:0.3569162116710136) c:1.0
num acquisition: 174, time elapsed: 41.60s
0
z
[ 0.23147185 -0.53447736  0.71413492  1.15389481]
0.23147184769344945
1
z
[ 0.23147185 -0.53447736  0.71413492  1.15389481]
0.23147184769344945
2
z
[ 0.23147185 -0.53447736  0.71413492  1.15389481]
0.23147184769344945
f inputs x:[[ 0.11302336 -0.26097528  0.34869869  0.5634252 ]] ev:{} outputs y:4.286780377334867 (n:-0.3025459086423018) c:1.0
num acquisition: 175, time elapsed: 42.08s
0
z
[ 0.23183384 -0.53409755  0.71643309  1.15420031]
0.23183383607764474
1
z
[ 0.23183384 -0.53409755  0.71643309  1.15420031]
0.23183383607764474
2
z
[ 0.23183384 -0.53409755  0.71643309  1.15420031]
0.23183383607764474
f inputs x:[[ 0.11320012 -0.26078982  0.34982084  0.56357437]] ev:{} outputs y:4.4848529588309995 (n:-0.10265633136287573) c:1.0
num acquisition: 176, time elapsed: 42.53s
0
z
[ 0.2321808  -0.53385012  0.71914295  1.15480619]
0.23218080444969164
1
z
[ 0.2321808  -0.53385012  0.71914295  1.15480619]
0.23218080444969164
2
z
[ 0.2321808  -0.53385012  0.71914295  1.15480619]
0.23218080444969164
f inputs x:[[ 0.11336953 -0.260669    0.35114402  0.56387021]] ev:{} outputs y:3.456964523979111 (n:-1.1287563847967332) c:1.0
num acquisition: 177, time elapsed: 43.00s
0
z
[ 0.23293265 -0.5323476   0.71559875  1.15313707]
0.23293264757187876
1
z
[ 0.23293265 -0.5323476   0.71559875  1.15313707]
0.23293264757187876
2
z
[ 0.23293265 -0.5323476   0.71559875  1.15313707]
0.23293264757187876
f inputs x:[[ 0.11373664 -0.25993535  0.34941345  0.56305521]] ev:{} outputs y:4.638777327991961 (n:0.051738052504275156) c:1.0
num acquisition: 178, time elapsed: 43.44s
0
z
[ 0.23306371 -0.53237745  0.71775467  1.15374782]
0.23306371346814406
1
z
[ 0.23306371 -0.53237745  0.71775467  1.15374782]
0.23306371346814406
2
z
[ 0.23306371 -0.53237745  0.71775467  1.15374782]
0.23306371346814406
f inputs x:[[ 0.11380064 -0.25994993  0.35046615  0.56335343]] ev:{} outputs y:4.30234936226719 (n:-0.2834276782084908) c:1.0
num acquisition: 179, time elapsed: 43.95s
0
z
[ 0.23377424 -0.53169443  0.72072485  1.15434463]
0.23377424463003876
1
z
[ 0.23377424 -0.53169443  0.72072485  1.15434463]
0.23377424463003876
2
z
[ 0.23377424 -0.53169443  0.72072485  1.15434463]
0.23377424463003876
f inputs x:[[ 0.11414758 -0.25961642  0.35191643  0.56364484]] ev:{} outputs y:4.6110647444088535 (n:0.027243635401716045) c:1.0
num acquisition: 180, time elapsed: 44.41s
0
z
[ 0.23395385 -0.53165886  0.72297613  1.15496901]
0.23395384539449773
1
z
[ 0.23395385 -0.53165886  0.72297613  1.15496901]
0.23395384539449773
2
z
[ 0.23395385 -0.53165886  0.72297613  1.15496901]
0.23395384539449773
f inputs x:[[ 0.11423528 -0.25959905  0.35301569  0.56394971]] ev:{} outputs y:5.259168476484284 (n:0.6766520550094307) c:1.0
num acquisition: 181, time elapsed: 44.91s
0
z
[ 0.2318378  -0.53378565  0.71636111  1.15347126]
0.23183779679463903
1
z
[ 0.2318378  -0.53378565  0.71636111  1.15347126]
0.23183779679463903
2
z
[ 0.2318378  -0.53378565  0.71636111  1.15347126]
0.23183779679463903
f inputs x:[[ 0.11320205 -0.26063752  0.3497857   0.56321839]] ev:{} outputs y:4.187708896540299 (n:-0.39883259663704285) c:1.0
num acquisition: 182, time elapsed: 45.40s
0
z
[ 0.23233387 -0.53318449  0.71873323  1.15371277]
0.23233387428698005
1
z
[ 0.23233387 -0.53318449  0.71873323  1.15371277]
0.23233387428698005
2
z
[ 0.23233387 -0.53318449  0.71873323  1.15371277]
0.23233387428698005
f inputs x:[[ 0.11344427 -0.26034399  0.35094396  0.56333632]] ev:{} outputs y:3.9444907798404336 (n:-0.6401070809981175) c:1.0
num acquisition: 183, time elapsed: 45.89s
0
z
[ 0.23313922 -0.532085    0.72053413  1.15364172]
0.23313922300376572
1
z
[ 0.23313922 -0.532085    0.72053413  1.15364172]
0.23313922300376572
2
z
[ 0.23313922 -0.532085    0.72053413  1.15364172]
0.23313922300376572
f inputs x:[[ 0.11383751 -0.25980713  0.35182331  0.56330162]] ev:{} outputs y:4.6536155582379255 (n:0.07075616636877563) c:1.0
num acquisition: 184, time elapsed: 46.39s
0
z
[ 0.23323486 -0.53214957  0.72244465  1.15422052]
0.233234861901026
1
z
[ 0.23323486 -0.53214957  0.72244465  1.15422052]
0.233234861901026
2
z
[ 0.23323486 -0.53214957  0.72244465  1.15422052]
0.233234861901026
f inputs x:[[ 0.11388421 -0.25983866  0.35275618  0.56358424]] ev:{} outputs y:5.383270433500601 (n:0.801461218254944) c:1.0
num acquisition: 185, time elapsed: 46.91s
0
z
[ 0.23107242 -0.53442643  0.71373594  1.15248313]
0.2310724249493222
1
z
[ 0.23107242 -0.53442643  0.71373594  1.15248313]
0.2310724249493222
2
z
[ 0.23107242 -0.53442643  0.71373594  1.15248313]
0.2310724249493222
f inputs x:[[ 0.11282833 -0.26095041  0.34850388  0.5627359 ]] ev:{} outputs y:4.7205653728366395 (n:0.132915834380792) c:1.0
num acquisition: 186, time elapsed: 47.40s
0
z
[ 0.2312441  -0.53446248  0.71557844  1.1531282 ]
0.23124409796029372
1
z
[ 0.2312441  -0.53446248  0.71557844  1.1531282 ]
0.23124409796029372
2
z
[ 0.2312441  -0.53446248  0.71557844  1.1531282 ]
0.23124409796029372
f inputs x:[[ 0.11291216 -0.26096801  0.34940354  0.56305088]] ev:{} outputs y:4.103024877483594 (n:-0.48372678967194516) c:1.0
num acquisition: 187, time elapsed: 47.93s
0
z
[ 0.23153038 -0.53397632  0.71729256  1.15303986]
0.23153037965998635
1
z
[ 0.23153038 -0.53397632  0.71729256  1.15303986]
0.23153037965998635
2
z
[ 0.23153038 -0.53397632  0.71729256  1.15303986]
0.23153037965998635
f inputs x:[[ 0.11305194 -0.26073062  0.35024051  0.56300775]] ev:{} outputs y:4.407431762119475 (n:-0.17751009466643777) c:1.0
num acquisition: 188, time elapsed: 48.47s
0
z
[ 0.23189366 -0.53364052  0.72003435  1.15357064]
0.23189365596539296
1
z
[ 0.23189366 -0.53364052  0.72003435  1.15357064]
0.23189365596539296
2
z
[ 0.23189366 -0.53364052  0.72003435  1.15357064]
0.23189365596539296
f inputs x:[[ 0.11322932 -0.26056666  0.35157927  0.56326691]] ev:{} outputs y:5.2538441866470205 (n:0.6708246659441206) c:1.0
num acquisition: 189, time elapsed: 48.99s
0
z
[ 0.23090806 -0.53489284  0.71487775  1.15291072]
0.23090805815891313
1
z
[ 0.23090806 -0.53489284  0.71487775  1.15291072]
0.23090805815891313
2
z
[ 0.23090806 -0.53489284  0.71487775  1.15291072]
0.23090805815891313
f inputs x:[[ 0.11274808 -0.26117814  0.3490614   0.56294469]] ev:{} outputs y:3.789970344640764 (n:-0.7971437687608268) c:1.0
num acquisition: 190, time elapsed: 49.50s
0
z
[ 0.2308017  -0.53447736  0.71377991  1.15167941]
0.2308017011136567
1
z
[ 0.2308017  -0.53447736  0.71377991  1.15167941]
0.2308017011136567
2
z
[ 0.2308017  -0.53447736  0.71377991  1.15167941]
0.2308017011136567
f inputs x:[[ 0.11269614 -0.26097527  0.34852535  0.56234346]] ev:{} outputs y:5.367759296615266 (n:0.7813360775514883) c:1.0
num acquisition: 191, time elapsed: 50.05s
0
z
[ 0.23051799 -0.5351626   0.70946653  1.15179785]
0.2305179914694662
1
z
[ 0.23051799 -0.5351626   0.70946653  1.15179785]
0.2305179914694662
2
z
[ 0.23051799 -0.5351626   0.70946653  1.15179785]
0.2305179914694662
f inputs x:[[ 0.11255761 -0.26130986  0.34641921  0.56240129]] ev:{} outputs y:4.892309022052556 (n:0.3013283019990001) c:1.0
num acquisition: 192, time elapsed: 50.56s
0
z
[ 0.23076265 -0.53517276  0.71094926  1.15259047]
0.2307626469522612
1
z
[ 0.23076265 -0.53517276  0.71094926  1.15259047]
0.2307626469522612
2
z
[ 0.23076265 -0.53517276  0.71094926  1.15259047]
0.2307626469522612
f inputs x:[[ 0.11267707 -0.26131482  0.34714319  0.56278831]] ev:{} outputs y:4.271690045550422 (n:-0.31896456390082295) c:1.0
num acquisition: 193, time elapsed: 51.08s
0
z
[ 0.23086166 -0.53503953  0.71244124  1.15260238]
0.23086165779532086
1
z
[ 0.23086166 -0.53503953  0.71244124  1.15260238]
0.23086165779532086
2
z
[ 0.23086166 -0.53503953  0.71244124  1.15260238]
0.23086165779532086
f inputs x:[[ 0.11272542 -0.26124977  0.3478717   0.56279413]] ev:{} outputs y:4.477091108521569 (n:-0.11208570997234246) c:1.0
num acquisition: 194, time elapsed: 51.63s
0
z
[ 0.23107381 -0.53491066  0.71464447  1.15303728]
0.2310738107490214
1
z
[ 0.23107381 -0.53491066  0.71464447  1.15303728]
0.2310738107490214
2
z
[ 0.23107381 -0.53491066  0.71464447  1.15303728]
0.2310738107490214
f inputs x:[[ 0.11282901 -0.26118685  0.3489475   0.56300648]] ev:{} outputs y:4.726169027494514 (n:0.13856137141239241) c:1.0
num acquisition: 195, time elapsed: 52.20s
0
z
[ 0.23123168 -0.53492338  0.71634106  1.15363149]
0.23123167639343759
1
z
[ 0.23123168 -0.53492338  0.71634106  1.15363149]
0.23123167639343759
2
z
[ 0.23123168 -0.53492338  0.71634106  1.15363149]
0.23123167639343759
f inputs x:[[ 0.11290609 -0.26119305  0.34977591  0.56329663]] ev:{} outputs y:4.56855539814198 (n:-0.01821963358991112) c:1.0
num acquisition: 196, time elapsed: 52.72s
0
z
[ 0.23147498 -0.53480105  0.71859821  1.15420322]
0.231474982942215
1
z
[ 0.23147498 -0.53480105  0.71859821  1.15420322]
0.231474982942215
2
z
[ 0.23147498 -0.53480105  0.71859821  1.15420322]
0.231474982942215
f inputs x:[[ 0.11302489 -0.26113333  0.35087803  0.56357579]] ev:{} outputs y:4.00144019279042 (n:-0.5839274010771583) c:1.0
num acquisition: 197, time elapsed: 53.25s
0
z
[ 0.2319383  -0.53419159  0.7204937   1.15422607]
0.23193830237557106
1
z
[ 0.2319383  -0.53419159  0.7204937   1.15422607]
0.23193830237557106
2
z
[ 0.2319383  -0.53419159  0.7204937   1.15422607]
0.23193830237557106
f inputs x:[[ 0.11325112 -0.26083574  0.35180356  0.56358695]] ev:{} outputs y:4.7636412674562765 (n:0.1800438721784545) c:1.0
num acquisition: 198, time elapsed: 53.83s
0
z
[ 0.23191365 -0.53436399  0.72146122  1.15463055]
0.23191365045375184
1
z
[ 0.23191365 -0.53436399  0.72146122  1.15463055]
0.23191365045375184
2
z
[ 0.23191365 -0.53436399  0.72146122  1.15463055]
0.23191365045375184
f inputs x:[[ 0.11323909 -0.26091992  0.35227599  0.56378445]] ev:{} outputs y:3.8660208899859736 (n:-0.7171825425568609) c:1.0
num acquisition: 199, time elapsed: 54.37s
0
z
[ 0.23266828 -0.5334035   0.72350844  1.15466956]
0.23266828274424478
1
z
[ 0.23266828 -0.5334035   0.72350844  1.15466956]
0.23266828274424478
2
z
[ 0.23266828 -0.5334035   0.72350844  1.15466956]
0.23266828274424478
f inputs x:[[ 0.11360756 -0.26045093  0.35327561  0.5638035 ]] ev:{} outputs y:4.660157586324308 (n:0.07876997357518245) c:1.0
num acquisition: 200, time elapsed: 54.93s
0
z
[ 0.23275882 -0.53343963  0.72513557  1.15517204]
0.23275882275018545
1
z
[ 0.23275882 -0.53343963  0.72513557  1.15517204]
0.23275882275018545
2
z
[ 0.23275882 -0.53343963  0.72513557  1.15517204]
0.23275882275018545
f inputs x:[[ 0.11365177 -0.26046857  0.3540701   0.56404885]] ev:{} outputs y:4.490450688351075 (n:-0.09005798149438665) c:1.0
num acquisition: 201, time elapsed: 55.49s
0
z
[ 0.23322384 -0.53308335  0.72805874  1.15594207]
0.23322384294270426
1
z
[ 0.23322384 -0.53308335  0.72805874  1.15594207]
0.23322384294270426
2
z
[ 0.23322384 -0.53308335  0.72805874  1.15594207]
0.23322384294270426
f inputs x:[[ 0.11387883 -0.26029461  0.35549743  0.56442484]] ev:{} outputs y:5.501954491512888 (n:0.923130351508014) c:1.0
num acquisition: 202, time elapsed: 56.12s
0
z
[ 0.23019717 -0.53589183  0.71454977  1.15262542]
0.2301971677364878
1
z
[ 0.23019717 -0.53589183  0.71454977  1.15262542]
0.2301971677364878
2
z
[ 0.23019717 -0.53589183  0.71454977  1.15262542]
0.2301971677364878
f inputs x:[[ 0.11240096 -0.26166593  0.34890126  0.56280538]] ev:{} outputs y:5.153213256895849 (n:0.5662289090366789) c:1.0
num acquisition: 203, time elapsed: 56.70s
0
z
[ 0.23032823 -0.53602618  0.71298314  1.15300554]
0.23032822588556093
1
z
[ 0.23032823 -0.53602618  0.71298314  1.15300554]
0.23032822588556093
2
z
[ 0.23032823 -0.53602618  0.71298314  1.15300554]
0.23032822588556093
f inputs x:[[ 0.11246495 -0.26173153  0.3481363   0.56299099]] ev:{} outputs y:4.7015148803915885 (n:0.11234558646371985) c:1.0
num acquisition: 204, time elapsed: 57.25s
0
z
[ 0.23056407 -0.53594402  0.71483037  1.15360744]
0.23056407250129163
1
z
[ 0.23056407 -0.53594402  0.71483037  1.15360744]
0.23056407250129163
2
z
[ 0.23056407 -0.53594402  0.71483037  1.15360744]
0.23056407250129163
f inputs x:[[ 0.11258011 -0.26169142  0.34903827  0.56328488]] ev:{} outputs y:5.031736002447621 (n:0.44353712163422304) c:1.0
num acquisition: 205, time elapsed: 57.88s
0
z
[ 0.23062044 -0.53604179  0.71445113  1.15396075]
0.23062043910371688
1
z
[ 0.23062044 -0.53604179  0.71445113  1.15396075]
0.23062043910371688
2
z
[ 0.23062044 -0.53604179  0.71445113  1.15396075]
0.23062043910371688
f inputs x:[[ 0.11260764 -0.26173916  0.34885309  0.5634574 ]] ev:{} outputs y:4.227951256357942 (n:-0.3611503857364903) c:1.0
num acquisition: 206, time elapsed: 58.50s
0
z
[ 0.23074833 -0.53591477  0.71616458  1.15408051]
0.23074832610803683
1
z
[ 0.23074833 -0.53591477  0.71616458  1.15408051]
0.23074832610803683
2
z
[ 0.23074833 -0.53591477  0.71616458  1.15408051]
0.23074832610803683
f inputs x:[[ 0.11267008 -0.26167713  0.34968974  0.56351587]] ev:{} outputs y:4.407971866073674 (n:-0.17959645455788167) c:1.0
num acquisition: 207, time elapsed: 59.04s
0
z
[ 0.23099569 -0.53574001  0.71850619  1.15453162]
0.23099568584845914
1
z
[ 0.23099569 -0.53574001  0.71850619  1.15453162]
0.23099568584845914
2
z
[ 0.23099569 -0.53574001  0.71850619  1.15453162]
0.23099568584845914
f inputs x:[[ 0.11279086 -0.2615918   0.3508331   0.56373614]] ev:{} outputs y:5.133923160084398 (n:0.5480242031707476) c:1.0
num acquisition: 208, time elapsed: 59.63s
0
z
[ 0.23066163 -0.53614572  0.71605049  1.15432719]
0.2306616269115855
1
z
[ 0.23066163 -0.53614572  0.71605049  1.15432719]
0.2306616269115855
2
z
[ 0.23066163 -0.53614572  0.71605049  1.15432719]
0.2306616269115855
f inputs x:[[ 0.11262775 -0.2617899   0.34963403  0.56363632]] ev:{} outputs y:3.592804717727947 (n:-0.9952214872844157) c:1.0
num acquisition: 209, time elapsed: 60.23s
0
z
[ 0.23025409 -0.53615127  0.71295188  1.15272415]
0.2302540852031448
1
z
[ 0.23025409 -0.53615127  0.71295188  1.15272415]
0.2302540852031448
2
z
[ 0.23025409 -0.53615127  0.71295188  1.15272415]
0.2302540852031448
f inputs x:[[ 0.11242875 -0.26179261  0.34812103  0.56285359]] ev:{} outputs y:4.488473323097681 (n:-0.10035681518368969) c:1.0
num acquisition: 210, time elapsed: 60.77s
0
z
[ 0.23043023 -0.53606129  0.71502253  1.15313955]
0.23043022632431526
1
z
[ 0.23043023 -0.53606129  0.71502253  1.15313955]
0.23043022632431526
2
z
[ 0.23043023 -0.53606129  0.71502253  1.15313955]
0.23043022632431526
f inputs x:[[ 0.11251476 -0.26174868  0.3491321   0.56305642]] ev:{} outputs y:5.031805310538452 (n:0.4444480154176721) c:1.0
num acquisition: 211, time elapsed: 61.34s
0
z
[ 0.23052416 -0.53612216  0.71457718  1.15354532]
0.23052415852758174
1
z
[ 0.23052416 -0.53612216  0.71457718  1.15354532]
0.23052415852758174
2
z
[ 0.23052416 -0.53612216  0.71457718  1.15354532]
0.23052415852758174
f inputs x:[[ 0.11256062 -0.2617784   0.34891464  0.56325455]] ev:{} outputs y:4.151429544150187 (n:-0.436974265224893) c:1.0
num acquisition: 212, time elapsed: 61.99s
0
z
[ 0.23058024 -0.53603031  0.71596334  1.15347345]
0.23058024051175818
1
z
[ 0.23058024 -0.53603031  0.71596334  1.15347345]
0.23058024051175818
2
z
[ 0.23058024 -0.53603031  0.71596334  1.15347345]
0.23058024051175818
f inputs x:[[ 0.11258801 -0.26173355  0.34959147  0.56321946]] ev:{} outputs y:5.132897085118136 (n:0.5459757949233228) c:1.0
num acquisition: 213, time elapsed: 62.65s
0
z
[ 0.23050827 -0.53620754  0.71427622  1.15362395]
0.2305082695721628
1
z
[ 0.23050827 -0.53620754  0.71427622  1.15362395]
0.2305082695721628
2
z
[ 0.23050827 -0.53620754  0.71427622  1.15362395]
0.2305082695721628
f inputs x:[[ 0.11255287 -0.26182009  0.34876768  0.56329294]] ev:{} outputs y:4.126353706862946 (n:-0.46247277318168284) c:1.0
num acquisition: 214, time elapsed: 63.33s
0
z
[ 0.23053334 -0.53614587  0.71544239  1.15348809]
0.2305333377212765
1
z
[ 0.23053334 -0.53614587  0.71544239  1.15348809]
0.2305333377212765
2
z
[ 0.23053334 -0.53614587  0.71544239  1.15348809]
0.2305333377212765
f inputs x:[[ 0.11256511 -0.26178998  0.3493371   0.5632266 ]] ev:{} outputs y:4.045387328754158 (n:-0.5420844246143851) c:1.0
num acquisition: 215, time elapsed: 64.00s
0
z
[ 0.23053838 -0.53605856  0.71647185  1.15320345]
0.2305383768128213
1
z
[ 0.23053838 -0.53605856  0.71647185  1.15320345]
0.2305383768128213
2
z
[ 0.23053838 -0.53605856  0.71647185  1.15320345]
0.2305383768128213
f inputs x:[[ 0.11256757 -0.26174734  0.34983977  0.56308762]] ev:{} outputs y:4.56462771721173 (n:-0.021418023076653005) c:1.0
num acquisition: 216, time elapsed: 64.66s
0
z
[ 0.23077189 -0.53593479  0.71856005  1.15373665]
0.23077188796606823
1
z
[ 0.23077189 -0.53593479  0.71856005  1.15373665]
0.23077188796606823
2
z
[ 0.23077189 -0.53593479  0.71856005  1.15373665]
0.23077188796606823
f inputs x:[[ 0.11268159 -0.26168691  0.3508594   0.56334797]] ev:{} outputs y:4.226238122952214 (n:-0.3585085360793384) c:1.0
num acquisition: 217, time elapsed: 65.33s
0
z
[ 0.23104872 -0.53567278  0.72103409  1.15403703]
0.2310487178189133
1
z
[ 0.23104872 -0.53567278  0.72103409  1.15403703]
0.2310487178189133
2
z
[ 0.23104872 -0.53567278  0.72103409  1.15403703]
0.2310487178189133
f inputs x:[[ 0.11281676 -0.26155898  0.35206743  0.56349464]] ev:{} outputs y:5.056591661587472 (n:0.4738341658770344) c:1.0
num acquisition: 218, time elapsed: 66.00s
0
z
[ 0.23071967 -0.53607608  0.71879547  1.15391363]
0.23071967048493394
1
z
[ 0.23071967 -0.53607608  0.71879547  1.15391363]
0.23071967048493394
2
z
[ 0.23071967 -0.53607608  0.71879547  1.15391363]
0.23071967048493394
f inputs x:[[ 0.11265609 -0.2617559   0.35097435  0.56343439]] ev:{} outputs y:3.6826896141956533 (n:-0.9020658535616686) c:1.0
num acquisition: 219, time elapsed: 66.64s
0
z
[ 0.23059427 -0.53591684  0.71812827  1.15284319]
0.23059427028380208
1
z
[ 0.23059427 -0.53591684  0.71812827  1.15284319]
0.23059427028380208
2
z
[ 0.23059427 -0.53591684  0.71812827  1.15284319]
0.23059427028380208
f inputs x:[[ 0.11259486 -0.26167814  0.35064857  0.56291172]] ev:{} outputs y:5.52562376760023 (n:0.9417112308969299) c:1.0
num acquisition: 220, time elapsed: 67.35s
0
z
[ 0.22993777 -0.53654505  0.71012556  1.15201897]
0.2299377665432449
1
z
[ 0.22993777 -0.53654505  0.71012556  1.15201897]
0.2299377665432449
2
z
[ 0.22993777 -0.53654505  0.71012556  1.15201897]
0.2299377665432449
f inputs x:[[ 0.1122743  -0.26198489  0.346741    0.56250926]] ev:{} outputs y:4.912007114043259 (n:0.3212904502095204) c:1.0
num acquisition: 221, time elapsed: 68.12s
0
z
[ 0.23029813 -0.53634374  0.71143289  1.15278944]
0.2302981298109775
1
z
[ 0.23029813 -0.53634374  0.71143289  1.15278944]
0.2302981298109775
2
z
[ 0.23029813 -0.53634374  0.71143289  1.15278944]
0.2302981298109775
f inputs x:[[ 0.11245026 -0.26188659  0.34737934  0.56288547]] ev:{} outputs y:4.615528860202465 (n:0.024995450743092444) c:1.0
num acquisition: 222, time elapsed: 68.82s
0
z
[ 0.23050863 -0.53624966  0.71332958  1.15330938]
0.2305086281020098
1
z
[ 0.23050863 -0.53624966  0.71332958  1.15330938]
0.2305086281020098
2
z
[ 0.23050863 -0.53624966  0.71332958  1.15330938]
0.2305086281020098
f inputs x:[[ 0.11255304 -0.26184066  0.34830546  0.56313934]] ev:{} outputs y:4.069853823783407 (n:-0.5195278843979948) c:1.0
num acquisition: 223, time elapsed: 69.51s
0
z
[ 0.23045575 -0.53626893  0.71389446  1.15296463]
0.23045575183236877
1
z
[ 0.23045575 -0.53626893  0.71389446  1.15296463]
0.23045575183236877
2
z
[ 0.23045575 -0.53626893  0.71389446  1.15296463]
0.23045575183236877
f inputs x:[[ 0.11252722 -0.26185007  0.34858128  0.56297101]] ev:{} outputs y:4.584136848006787 (n:-0.0042016543303531285) c:1.0
num acquisition: 224, time elapsed: 70.21s
0
z
[ 0.23067195 -0.53616328  0.71583037  1.15347707]
0.23067194997723336
1
z
[ 0.23067195 -0.53616328  0.71583037  1.15347707]
0.23067194997723336
2
z
[ 0.23067195 -0.53616328  0.71583037  1.15347707]
0.23067194997723336
f inputs x:[[ 0.11263279 -0.26179848  0.34952655  0.56322122]] ev:{} outputs y:4.881969826945054 (n:0.2948218977169868) c:1.0
num acquisition: 225, time elapsed: 70.93s
0
z
[ 0.23076689 -0.53615653  0.71638781  1.15391906]
0.2307668933109503
1
z
[ 0.23076689 -0.53615653  0.71638781  1.15391906]
0.2307668933109503
2
z
[ 0.23076689 -0.53615653  0.71638781  1.15391906]
0.2307668933109503
f inputs x:[[ 0.11267915 -0.26179518  0.34979873  0.56343704]] ev:{} outputs y:4.735489073227134 (n:0.1482737975398317) c:1.0
num acquisition: 226, time elapsed: 71.64s
0
z
[ 0.23092533 -0.5360978   0.71775192  1.154407  ]
0.23092532806186628
1
z
[ 0.23092533 -0.5360978   0.71775192  1.154407  ]
0.23092532806186628
2
z
[ 0.23092533 -0.5360978   0.71775192  1.154407  ]
0.23092532806186628
f inputs x:[[ 0.11275651 -0.2617665   0.35046481  0.56367529]] ev:{} outputs y:4.5433671876607225 (n:-0.04318794790861289) c:1.0
num acquisition: 227, time elapsed: 72.38s
0
z
[ 0.23117201 -0.53595486  0.71983222  1.15493171]
0.23117201297781875
1
z
[ 0.23117201 -0.53595486  0.71983222  1.15493171]
0.23117201297781875
2
z
[ 0.23117201 -0.53595486  0.71983222  1.15493171]
0.23117201297781875
f inputs x:[[ 0.11287696 -0.26169671  0.35148058  0.5639315 ]] ev:{} outputs y:4.832709365462856 (n:0.2474521037154056) c:1.0
num acquisition: 228, time elapsed: 73.10s
0
z
[ 0.23114664 -0.53604076  0.7202123   1.15518024]
0.2311466438302923
1
z
[ 0.23114664 -0.53604076  0.7202123   1.15518024]
0.2311466438302923
2
z
[ 0.23114664 -0.53604076  0.7202123   1.15518024]
0.2311466438302923
f inputs x:[[ 0.11286457 -0.26173865  0.35166616  0.56405285]] ev:{} outputs y:4.047500866498619 (n:-0.5377126609763857) c:1.0
num acquisition: 229, time elapsed: 73.92s
0
z
[ 0.2315715  -0.5356632   0.72247741  1.15550329]
0.23157150422709696
1
z
[ 0.2315715  -0.5356632   0.72247741  1.15550329]
0.23157150422709696
2
z
[ 0.2315715  -0.5356632   0.72247741  1.15550329]
0.23157150422709696
f inputs x:[[ 0.11307202 -0.2615543   0.35277217  0.56421059]] ev:{} outputs y:3.574710971577002 (n:-1.0088020063255292) c:1.0
num acquisition: 230, time elapsed: 74.70s
0
z
[ 0.23214936 -0.53500561  0.72259456  1.15505434]
0.23214935732924857
1
z
[ 0.23214936 -0.53500561  0.72259456  1.15505434]
0.23214935732924857
2
z
[ 0.23214936 -0.53500561  0.72259456  1.15505434]
0.23214935732924857
f inputs x:[[ 0.11335418 -0.26123321  0.35282938  0.56399138]] ev:{} outputs y:4.673666653368229 (n:0.09072172536106814) c:1.0
num acquisition: 231, time elapsed: 75.48s
0
z
[ 0.23222141 -0.53500537  0.72391478  1.15547151]
0.2322214081360447
1
z
[ 0.23222141 -0.53500537  0.72391478  1.15547151]
0.2322214081360447
2
z
[ 0.23222141 -0.53500537  0.72391478  1.15547151]
0.2322214081360447
f inputs x:[[ 0.11338936 -0.26123309  0.35347402  0.56419507]] ev:{} outputs y:4.450117412444161 (n:-0.1321092784231202) c:1.0
num acquisition: 232, time elapsed: 76.24s
0
z
[ 0.23268179 -0.53467846  0.72662565  1.15617795]
0.23268178589742433
1
z
[ 0.23268179 -0.53467846  0.72662565  1.15617795]
0.23268178589742433
2
z
[ 0.23268179 -0.53467846  0.72662565  1.15617795]
0.23268178589742433
f inputs x:[[ 0.11361415 -0.26107346  0.35479768  0.56454002]] ev:{} outputs y:4.80911212950942 (n:0.22846210460662367) c:1.0
num acquisition: 233, time elapsed: 77.02s
0
z
[ 0.23234177 -0.53500343  0.72630473  1.15614233]
0.2323417723241456
1
z
[ 0.23234177 -0.53500343  0.72630473  1.15614233]
0.2323417723241456
2
z
[ 0.23234177 -0.53500343  0.72630473  1.15614233]
0.2323417723241456
f inputs x:[[ 0.11344813 -0.26123214  0.35464098  0.56452262]] ev:{} outputs y:5.694009148548139 (n:1.1131891607862527) c:1.0
num acquisition: 234, time elapsed: 77.83s
0
z
[ 0.22935159 -0.53731042  0.71072265  1.15231379]
0.22935159339928776
1
z
[ 0.22935159 -0.53731042  0.71072265  1.15231379]
0.22935159339928776
2
z
[ 0.22935159 -0.53731042  0.71072265  1.15231379]
0.22935159339928776
f inputs x:[[ 0.11198808 -0.2623586   0.34703254  0.56265322]] ev:{} outputs y:4.723005376928525 (n:0.13258539978604947) c:1.0
num acquisition: 235, time elapsed: 78.68s
0
z
[ 0.22968934 -0.53711845  0.71247796  1.1529458 ]
0.22968934367466964
1
z
[ 0.22968934 -0.53711845  0.71247796  1.1529458 ]
0.22968934367466964
2
z
[ 0.22968934 -0.53711845  0.71247796  1.1529458 ]
0.22968934367466964
f inputs x:[[ 0.112153   -0.26226487  0.34788963  0.56296182]] ev:{} outputs y:4.877781279028051 (n:0.28819111332625225) c:1.0
num acquisition: 236, time elapsed: 79.56s
0
z
[ 0.23004592 -0.5369016   0.71360825  1.1535756 ]
0.23004591979414873
1
z
[ 0.23004592 -0.5369016   0.71360825  1.1535756 ]
0.23004591979414873
2
z
[ 0.23004592 -0.5369016   0.71360825  1.1535756 ]
0.23004591979414873
f inputs x:[[ 0.11232711 -0.26215898  0.34844153  0.56326934]] ev:{} outputs y:4.297846901203525 (n:-0.2915504291587867) c:1.0
num acquisition: 237, time elapsed: 80.41s
0
z
[ 0.23006799 -0.53691361  0.71512913  1.15370354]
0.23006798784826338
1
z
[ 0.23006799 -0.53691361  0.71512913  1.15370354]
0.23006798784826338
2
z
[ 0.23006799 -0.53691361  0.71512913  1.15370354]
0.23006798784826338
f inputs x:[[ 0.11233788 -0.26216485  0.34918414  0.56333181]] ev:{} outputs y:4.843987809642227 (n:0.25594108146964734) c:1.0
num acquisition: 238, time elapsed: 81.21s
0
z
[ 0.23030368 -0.5367881   0.7160477   1.15419017]
0.23030367695319595
1
z
[ 0.23030368 -0.5367881   0.7160477   1.15419017]
0.23030367695319595
2
z
[ 0.23030368 -0.5367881   0.7160477   1.15419017]
0.23030367695319595
f inputs x:[[ 0.11245297 -0.26210357  0.34963266  0.56356942]] ev:{} outputs y:4.04611344672456 (n:-0.5417345015257286) c:1.0
num acquisition: 239, time elapsed: 82.07s
0
z
[ 0.23025021 -0.53681077  0.71701773  1.15402075]
0.23025021155071088
1
z
[ 0.23025021 -0.53681077  0.71701773  1.15402075]
0.23025021155071088
2
z
[ 0.23025021 -0.53681077  0.71701773  1.15402075]
0.23025021155071088
f inputs x:[[ 0.11242686 -0.26211463  0.35010631  0.56348669]] ev:{} outputs y:3.906936782035976 (n:-0.6796951383800659) c:1.0
num acquisition: 240, time elapsed: 82.94s
0
z
[ 0.23006679 -0.53688493  0.71745106  1.15353415]
0.23006678644502643
1
z
[ 0.23006679 -0.53688493  0.71745106  1.15353415]
0.23006678644502643
2
z
[ 0.23006679 -0.53688493  0.71745106  1.15353415]
0.23006678644502643
f inputs x:[[ 0.1123373  -0.26215084  0.3503179   0.5632491 ]] ev:{} outputs y:4.121288407149226 (n:-0.46419882912731975) c:1.0
num acquisition: 241, time elapsed: 83.88s
0
z
[ 0.23004583 -0.53686652  0.71915774  1.15349363]
0.23004582955483713
1
z
[ 0.23004583 -0.53686652  0.71915774  1.15349363]
0.23004582955483713
2
z
[ 0.23004583 -0.53686652  0.71915774  1.15349363]
0.23004582955483713
f inputs x:[[ 0.11232707 -0.26214186  0.35115124  0.56322931]] ev:{} outputs y:4.219884334035852 (n:-0.36383085426565076) c:1.0
num acquisition: 242, time elapsed: 84.67s
0
z
[ 0.23014652 -0.53675395  0.72147539  1.1537038 ]
0.23014652047696382
1
z
[ 0.23014652 -0.53675395  0.72147539  1.1537038 ]
0.23014652047696382
2
z
[ 0.23014652 -0.53675395  0.72147539  1.1537038 ]
0.23014652047696382
f inputs x:[[ 0.11237623 -0.26208689  0.35228291  0.56333193]] ev:{} outputs y:4.649773617310307 (n:0.06806329036773764) c:1.0
num acquisition: 243, time elapsed: 85.46s
0
z
[ 0.23036692 -0.53664209  0.72294789  1.15420186]
0.2303669204480675
1
z
[ 0.23036692 -0.53664209  0.72294789  1.15420186]
0.2303669204480675
2
z
[ 0.23036692 -0.53664209  0.72294789  1.15420186]
0.2303669204480675
f inputs x:[[ 0.11248385 -0.26203227  0.3530019   0.56357513]] ev:{} outputs y:3.7219518654878696 (n:-0.8590370805835512) c:1.0
num acquisition: 244, time elapsed: 86.35s
0
z
[ 0.23032063 -0.53643524  0.72444343  1.15369609]
0.23032063025083718
1
z
[ 0.23032063 -0.53643524  0.72444343  1.15369609]
0.23032063025083718
2
z
[ 0.23032063 -0.53643524  0.72444343  1.15369609]
0.23032063025083718
f inputs x:[[ 0.11246125 -0.26193127  0.35373214  0.56332817]] ev:{} outputs y:5.67881880357819 (n:1.100036725040462) c:1.0
num acquisition: 245, time elapsed: 87.20s
[ 0.11452684 -0.25931887  0.32514453  0.55150547]
