INFO:GP:initializing Y
INFO:GP:initializing inference method
INFO:GP:adding kernel and likelihood as parameters
removed robo import in opts.py l17 due to theano errors
f inputs x:[[ 0.54891336  0.69368352 -0.82495375 -0.58894436]] ev:{} outputs y:7.7501556931394795 (n:-0.26764456798344044) c:1.0
f inputs x:[[-0.85275417  0.87398823  0.70704758  0.88199826]] ev:{} outputs y:6.259069436143417 (n:0.07516159645866066) c:1.0
f inputs x:[[ 0.05274439  0.75226731 -0.93086604 -0.80093734]] ev:{} outputs y:7.963974332193678 (n:-0.5244959994782931) c:1.0
f inputs x:[[ 0.16105721 -0.61345281  0.76179503 -0.96867931]] ev:{} outputs y:8.126451346498667 (n:0.45552281247613) c:1.0
f inputs x:[[-0.43219092 -0.85701723  0.10292102  0.69284803]] ev:{} outputs y:7.107486287804151 (n:-0.3129484393715131) c:1.0
f inputs x:[[-1.          0.46781115  1.          1.        ]] ev:{} outputs y:7.556223737990587 (n:0.14946521474829563) c:1.0
num acquisition: 1, time elapsed: 0.18s
f inputs x:[[-0.25390756 -0.58049469 -0.0328484   0.34325988]] ev:{} outputs y:6.805702502304895 (n:0.6108880377904176) c:1.0
num acquisition: 2, time elapsed: 0.26s
f inputs x:[[-0.81438376  0.97943012  0.630761    0.85124625]] ev:{} outputs y:6.48975185200779 (n:-0.21491135936302894) c:1.0
num acquisition: 3, time elapsed: 0.45s
f inputs x:[[-0.91963846  0.95880752  0.80598762  0.93738554]] ev:{} outputs y:6.4268844833262575 (n:-0.27328100922011755) c:1.0
num acquisition: 4, time elapsed: 0.83s
f inputs x:[[-0.68970401  0.84066563  0.78005303  0.90860477]] ev:{} outputs y:5.515883734855639 (n:-0.004559323110789878) c:1.0
num acquisition: 5, time elapsed: 0.98s
f inputs x:[[-0.55411529  0.8358288   0.82675685  0.92557838]] ev:{} outputs y:6.34111999629746 (n:0.7357612902786932) c:1.0
num acquisition: 6, time elapsed: 1.16s
f inputs x:[[-0.71767491  0.83531174  0.77467751  0.94999553]] ev:{} outputs y:5.399798446937462 (n:-0.08246420398699898) c:1.0
num acquisition: 7, time elapsed: 1.36s
f inputs x:[[-0.69831096  0.77319521  0.70442725  0.97746457]] ev:{} outputs y:4.9666336353814335 (n:0.005311056196555388) c:1.0
num acquisition: 8, time elapsed: 1.65s
f inputs x:[[-0.67523392  0.70750294  0.61738724  1.        ]] ev:{} outputs y:5.470679590712148 (n:0.6970761299401476) c:1.0
num acquisition: 9, time elapsed: 1.83s
f inputs x:[[-0.71101973  0.70793826  0.74252628  0.95596664]] ev:{} outputs y:5.378515337686755 (n:0.7848630984681966) c:1.0
num acquisition: 10, time elapsed: 2.12s
f inputs x:[[-0.67322715  0.82972031  0.66477287  1.        ]] ev:{} outputs y:5.496373914117924 (n:-0.017106509516252377) c:1.0
num acquisition: 11, time elapsed: 2.46s
f inputs x:[[-0.57997098  0.54884017  0.4392382   0.66363792]] ev:{} outputs y:3.925042974069848 (n:-0.12707061693990934) c:1.0
num acquisition: 12, time elapsed: 2.58s
f inputs x:[[-0.54684187  0.49318654  0.36996531  0.58254548]] ev:{} outputs y:4.328774084630189 (n:0.29067461449282755) c:1.0
num acquisition: 13, time elapsed: 2.76s
f inputs x:[[-0.59119697  0.54470995  0.52800392  0.59543847]] ev:{} outputs y:2.7456411422955576 (n:-0.3035500354447426) c:1.0
num acquisition: 14, time elapsed: 3.00s
f inputs x:[[-0.59762839  0.53743762  0.6015325   0.52234899]] ev:{} outputs y:4.032516245284203 (n:0.29715532360332) c:1.0
num acquisition: 15, time elapsed: 3.18s
f inputs x:[[-0.59679623  0.53365314  0.54810733  0.62919621]] ev:{} outputs y:2.251894892468984 (n:-0.8676862538426778) c:1.0
num acquisition: 16, time elapsed: 3.38s
f inputs x:[[-0.59696795  0.48436902  0.57564223  0.66320211]] ev:{} outputs y:4.043448713045327 (n:0.4839889457636288) c:1.0
num acquisition: 17, time elapsed: 3.65s
f inputs x:[[-0.57227561  0.56910554  0.54935585  0.59553033]] ev:{} outputs y:3.5226048317766834 (n:0.7657067257120744) c:1.0
num acquisition: 18, time elapsed: 3.82s
f inputs x:[[-0.57547934  0.55258497  0.55005193  0.59134363]] ev:{} outputs y:3.0294092297981665 (n:0.3135683220713622) c:1.0
num acquisition: 19, time elapsed: 4.02s
f inputs x:[[-0.57620934  0.57679904  0.54933964  0.5944723 ]] ev:{} outputs y:2.1143170950311156 (n:-0.7654159248031265) c:1.0
num acquisition: 20, time elapsed: 4.21s
f inputs x:[[-0.53095997  0.64486959  0.54988217  0.57631223]] ev:{} outputs y:4.609090908099121 (n:0.7726167288518945) c:1.0
num acquisition: 21, time elapsed: 4.39s
f inputs x:[[-0.62850149  0.46626468  0.55763475  0.54456366]] ev:{} outputs y:5.059266554633286 (n:0.8943181755377678) c:1.0
num acquisition: 22, time elapsed: 4.56s
f inputs x:[[-0.4143495   0.5388848   0.53246015  0.628258  ]] ev:{} outputs y:3.0475221951397797 (n:-0.030885942560987818) c:1.0
num acquisition: 23, time elapsed: 4.77s
f inputs x:[[-0.25895695  0.52173613  0.53122214  0.61254221]] ev:{} outputs y:3.5088137543236693 (n:-0.6826917045790746) c:1.0
num acquisition: 24, time elapsed: 4.92s
f inputs x:[[-0.34690199  0.54041564  0.51107802  0.59669301]] ev:{} outputs y:3.146524049375652 (n:-0.6592398163617679) c:1.0
num acquisition: 25, time elapsed: 5.07s
f inputs x:[[-0.32223683  0.5436767   0.50659719  0.59071067]] ev:{} outputs y:3.928370184195253 (n:-0.08976442215411863) c:1.0
num acquisition: 26, time elapsed: 5.26s
f inputs x:[[-0.39216718  0.53175054  0.51282331  0.60855291]] ev:{} outputs y:3.394018906017945 (n:0.06659882309436413) c:1.0
num acquisition: 27, time elapsed: 5.39s
f inputs x:[[1.         0.62710542 0.74689113 1.        ]] ev:{} outputs y:6.6042920883442715 (n:-0.15172619149314423) c:1.0
num acquisition: 28, time elapsed: 5.51s
f inputs x:[[-0.41379518  0.53328966  0.51560726  0.60813852]] ev:{} outputs y:2.9756162306441203 (n:-0.11482907406509951) c:1.0
num acquisition: 29, time elapsed: 5.65s
f inputs x:[[-0.40523105  0.52703836  0.51709568  0.61754979]] ev:{} outputs y:3.0029117882869194 (n:-0.12352847721243895) c:1.0
num acquisition: 30, time elapsed: 5.77s
f inputs x:[[-0.39905823  0.51743747  0.52006476  0.63259796]] ev:{} outputs y:2.248354648249489 (n:-0.8692042304698072) c:1.0
num acquisition: 31, time elapsed: 5.90s
f inputs x:[[ 1. -1. -1.  1.]] ev:{} outputs y:9.179427527743902 (n:0.15848011484997243) c:1.0
num acquisition: 32, time elapsed: 6.01s
f inputs x:[[-0.34798428  0.46898215  0.49659265  0.6374    ]] ev:{} outputs y:3.203830288530932 (n:-0.2822625205863942) c:1.0
num acquisition: 33, time elapsed: 6.15s
f inputs x:[[-0.34833588  0.46949093  0.49711691  0.63614933]] ev:{} outputs y:3.577503161977041 (n:0.09967338426934017) c:1.0
num acquisition: 34, time elapsed: 6.29s
f inputs x:[[-0.36215829  0.49994081  0.50107613  0.60723897]] ev:{} outputs y:3.2614472794532205 (n:-0.14502766710215853) c:1.0
num acquisition: 35, time elapsed: 6.43s
f inputs x:[[-1.  1. -1.  1.]] ev:{} outputs y:8.344225222106138 (n:-0.14016354114490928) c:1.0
num acquisition: 36, time elapsed: 6.55s
f inputs x:[[-0.35569256  0.4810656   0.54306421  0.58576972]] ev:{} outputs y:3.659719875702745 (n:0.3710840450281549) c:1.0
num acquisition: 37, time elapsed: 6.72s
f inputs x:[[-1.  1.  1. -1.]] ev:{} outputs y:8.847457812688967 (n:0.3647635223070954) c:1.0
num acquisition: 38, time elapsed: 6.83s
f inputs x:[[-0.37202565  0.48311293  0.5006472   0.64188243]] ev:{} outputs y:3.2393850128002337 (n:-0.09184736082309769) c:1.0
num acquisition: 39, time elapsed: 7.00s
f inputs x:[[-0.37292763  0.48220376  0.50164306  0.64495412]] ev:{} outputs y:2.6047508520818434 (n:-0.7190784356254433) c:1.0
num acquisition: 40, time elapsed: 7.15s
f inputs x:[[-0.36009979  0.45267127  0.49444072  0.67716184]] ev:{} outputs y:3.756321910897241 (n:0.22652457069075452) c:1.0
num acquisition: 41, time elapsed: 7.31s
f inputs x:[[-0.36954568  0.4941182   0.50133603  0.62489465]] ev:{} outputs y:2.7148523843799754 (n:-0.6337826407339304) c:1.0
num acquisition: 42, time elapsed: 7.46s
f inputs x:[[-0.36122605  0.48600968  0.49712194  0.630733  ]] ev:{} outputs y:2.7928835041232034 (n:-0.6310715353685638) c:1.0
num acquisition: 43, time elapsed: 7.66s
f inputs x:[[-0.35429182  0.47662445  0.49277206  0.63911453]] ev:{} outputs y:3.5447582645466515 (n:0.04979335461260684) c:1.0
num acquisition: 44, time elapsed: 7.82s
f inputs x:[[-0.36160364  0.48731826  0.49867892  0.63020409]] ev:{} outputs y:3.06681090926608 (n:-0.348893599418265) c:1.0
num acquisition: 45, time elapsed: 7.96s
f inputs x:[[-0.36153002  0.48509409  0.49922373  0.63503996]] ev:{} outputs y:3.454754026345251 (n:0.0371761168724466) c:1.0
num acquisition: 46, time elapsed: 8.11s
f inputs x:[[-0.36641089  0.49039268  0.50226601  0.63227241]] ev:{} outputs y:3.3674069765969774 (n:-0.006019066606371757) c:1.0
num acquisition: 47, time elapsed: 8.28s
f inputs x:[[-0.37020466  0.49304412  0.50466226  0.63297701]] ev:{} outputs y:3.7347607309492763 (n:0.39434258077826406) c:1.0
num acquisition: 48, time elapsed: 8.43s
f inputs x:[[-0.37335554  0.49852342  0.50453725  0.62372619]] ev:{} outputs y:3.898374730588737 (n:0.5820799363362542) c:1.0
num acquisition: 49, time elapsed: 8.59s
f inputs x:[[-0.37654494  0.50032036  0.50382349  0.61786838]] ev:{} outputs y:3.9216222200001036 (n:0.6374467373637663) c:1.0
num acquisition: 50, time elapsed: 8.74s
f inputs x:[[-0.38026086  0.50045528  0.50393582  0.61709008]] ev:{} outputs y:3.8572447809141717 (n:0.6124929015808479) c:1.0
num acquisition: 51, time elapsed: 8.89s
f inputs x:[[-0.38353771  0.50092798  0.50456783  0.61766687]] ev:{} outputs y:2.7052193534984954 (n:-0.5070141251230215) c:1.0
num acquisition: 52, time elapsed: 9.04s
f inputs x:[[-0.37954417  0.49951685  0.50307156  0.61564298]] ev:{} outputs y:4.193668248674469 (n:0.9471751873375824) c:1.0
num acquisition: 53, time elapsed: 9.18s
f inputs x:[[-0.38207396  0.49989022  0.50173705  0.61294195]] ev:{} outputs y:2.777467983166844 (n:-0.4466100183483592) c:1.0
num acquisition: 54, time elapsed: 9.34s
f inputs x:[[-0.37797417  0.49924567  0.4991405   0.60840094]] ev:{} outputs y:3.46088225029147 (n:0.19678447832897583) c:1.0
num acquisition: 55, time elapsed: 9.48s
f inputs x:[[-1. -1. -1. -1.]] ev:{} outputs y:8.989345376483639 (n:-0.3796024730709708) c:1.0
num acquisition: 56, time elapsed: 9.64s
f inputs x:[[-0.35836747  0.4878471   0.48558764  0.57967945]] ev:{} outputs y:3.644017754227292 (n:0.27200990462698316) c:1.0
num acquisition: 57, time elapsed: 9.80s
f inputs x:[[-0.36794294  0.48666704  0.49179309  0.59920192]] ev:{} outputs y:3.321048691970422 (n:0.024784078931699354) c:1.0
num acquisition: 58, time elapsed: 9.96s
f inputs x:[[-0.36946818  0.48674075  0.49306226  0.60171248]] ev:{} outputs y:2.8629069389368196 (n:-0.41933937134094884) c:1.0
num acquisition: 59, time elapsed: 10.13s
f inputs x:[[-0.36324434  0.48297142  0.48909108  0.59285954]] ev:{} outputs y:3.3513031327717218 (n:0.0361976143507923) c:1.0
num acquisition: 60, time elapsed: 10.33s
f inputs x:[[-0.36549988  0.48332687  0.49077053  0.5966013 ]] ev:{} outputs y:3.0657884434166713 (n:-0.2318898689841023) c:1.0
num acquisition: 61, time elapsed: 10.49s
f inputs x:[[-0.36271662  0.48114841  0.48937013  0.5921214 ]] ev:{} outputs y:3.4579650649798763 (n:0.15222446347802632) c:1.0
num acquisition: 62, time elapsed: 10.70s
f inputs x:[[-0.36684226  0.4826433   0.4920142   0.5992228 ]] ev:{} outputs y:2.893983359933902 (n:-0.38797949406019655) c:1.0
num acquisition: 63, time elapsed: 10.86s
f inputs x:[[-0.36161715  0.47819359  0.4893314   0.59156074]] ev:{} outputs y:2.5537923497007036 (n:-0.7447579311698742) c:1.0
num acquisition: 64, time elapsed: 11.02s
f inputs x:[[-0.34664791  0.46981303  0.48245157  0.56671229]] ev:{} outputs y:4.18104026022224 (n:0.8239979616626794) c:1.0
num acquisition: 65, time elapsed: 11.19s
f inputs x:[[-0.36939167  0.47854975  0.4881476   0.61903024]] ev:{} outputs y:2.6833247018326825 (n:-0.651215224148103) c:1.0
num acquisition: 66, time elapsed: 11.36s
f inputs x:[[-0.36500136  0.46762815  0.4788487   0.62581048]] ev:{} outputs y:3.365562716072366 (n:-0.05567251658026306) c:1.0
num acquisition: 67, time elapsed: 11.53s
f inputs x:[[-0.36683656  0.46999688  0.48220463  0.62572941]] ev:{} outputs y:3.1130202622355903 (n:-0.27710136190568213) c:1.0
num acquisition: 68, time elapsed: 11.70s
f inputs x:[[-0.36704911  0.4657743   0.48005835  0.63137433]] ev:{} outputs y:2.9794212927362 (n:-0.4344584911555673) c:1.0
num acquisition: 69, time elapsed: 11.87s
f inputs x:[[-0.36625584  0.45690256  0.47448392  0.64151695]] ev:{} outputs y:3.9266920236574077 (n:0.4433484972091423) c:1.0
num acquisition: 70, time elapsed: 12.04s
f inputs x:[[-0.36706073  0.48204369  0.49124298  0.61153058]] ev:{} outputs y:4.168237276506856 (n:0.844734816216) c:1.0
num acquisition: 71, time elapsed: 12.21s
f inputs x:[[-0.37081064  0.4894049   0.49435126  0.60889036]] ev:{} outputs y:3.348927806347023 (n:0.04785187737241093) c:1.0
num acquisition: 72, time elapsed: 12.42s
f inputs x:[[-0.37259867  0.48953705  0.49592766  0.61161817]] ev:{} outputs y:3.9090543173539998 (n:0.6255723545581945) c:1.0
num acquisition: 73, time elapsed: 12.62s
f inputs x:[[-0.37526688  0.49113906  0.49696607  0.61207772]] ev:{} outputs y:2.4623531459713175 (n:-0.7998473180337786) c:1.0
num acquisition: 74, time elapsed: 12.80s
f inputs x:[[-0.36911981  0.48917526  0.49312044  0.60665117]] ev:{} outputs y:3.1793310605424017 (n:-0.13699898638145766) c:1.0
num acquisition: 75, time elapsed: 12.99s
f inputs x:[[-0.36951258  0.48917137  0.49364062  0.60773698]] ev:{} outputs y:2.8932734550764847 (n:-0.41950149397421943) c:1.0
num acquisition: 76, time elapsed: 13.18s
f inputs x:[[-0.36709288  0.48882852  0.49207673  0.60554813]] ev:{} outputs y:3.6204002731715685 (n:0.28405874964502853) c:1.0
num acquisition: 77, time elapsed: 13.36s
f inputs x:[[-0.37079359  0.48869629  0.49511759  0.61042273]] ev:{} outputs y:2.81196263684574 (n:-0.4849871501046899) c:1.0
num acquisition: 78, time elapsed: 13.56s
f inputs x:[[-0.36816281  0.48726213  0.49388881  0.60895694]] ev:{} outputs y:3.408674471023677 (n:0.09233845142980969) c:1.0
num acquisition: 79, time elapsed: 13.78s
f inputs x:[[-0.37041674  0.48770732  0.49565247  0.61190189]] ev:{} outputs y:2.7804678126161866 (n:-0.5155983821429623) c:1.0
num acquisition: 80, time elapsed: 13.97s
f inputs x:[[-0.36774222  0.48537496  0.49479755  0.61114917]] ev:{} outputs y:2.226417939334684 (n:-1.0844138187230166) c:1.0
num acquisition: 81, time elapsed: 14.16s
f inputs x:[[-0.35624057  0.47874247  0.48885819  0.60130563]] ev:{} outputs y:3.7697544913943593 (n:0.3858342751170455) c:1.0
num acquisition: 82, time elapsed: 14.39s
f inputs x:[[-0.3631608   0.48215561  0.49208976  0.60970317]] ev:{} outputs y:3.1684041122431763 (n:-0.17931817722890928) c:1.0
num acquisition: 83, time elapsed: 14.56s
f inputs x:[[-0.36363669  0.48139924  0.4928567   0.61131313]] ev:{} outputs y:2.883370050874273 (n:-0.4566660404345505) c:1.0
num acquisition: 84, time elapsed: 14.76s
f inputs x:[[-0.36128935  0.47792837  0.49230055  0.61138268]] ev:{} outputs y:3.531941913291118 (n:0.18439844666939975) c:1.0
num acquisition: 85, time elapsed: 14.96s
f inputs x:[[-0.36458683  0.4812257   0.49382736  0.61356636]] ev:{} outputs y:3.23177610017894 (n:-0.10027774274102924) c:1.0
num acquisition: 86, time elapsed: 15.15s
f inputs x:[[-0.36580296  0.48091363  0.49509668  0.61582492]] ev:{} outputs y:2.224735389142859 (n:-1.0943615065400865) c:1.0
num acquisition: 87, time elapsed: 15.35s
f inputs x:[[-0.35591848  0.46882111  0.49149246  0.61345804]] ev:{} outputs y:3.2727755889977304 (n:-0.09485636376437724) c:1.0
num acquisition: 88, time elapsed: 15.55s
f inputs x:[[-0.35743475  0.46929357  0.49261729  0.61536338]] ev:{} outputs y:3.243046971728928 (n:-0.1134044070584618) c:1.0
num acquisition: 89, time elapsed: 15.75s
f inputs x:[[-0.35868304  0.46911591  0.49381058  0.61735761]] ev:{} outputs y:3.5192639727707467 (n:0.17424058722226474) c:1.0
num acquisition: 90, time elapsed: 15.96s
f inputs x:[[-0.36174459  0.47537855  0.49386788  0.61730576]] ev:{} outputs y:3.942830901400809 (n:0.6002177946777708) c:1.0
num acquisition: 91, time elapsed: 16.14s
f inputs x:[[-0.36475902  0.48597731  0.49265095  0.61193098]] ev:{} outputs y:3.431823830507573 (n:0.0736123676439891) c:1.0
num acquisition: 92, time elapsed: 16.37s
f inputs x:[[-0.3670595   0.4862554   0.49470615  0.61426235]] ev:{} outputs y:3.563893598207548 (n:0.23066523658600543) c:1.0
num acquisition: 93, time elapsed: 16.62s
f inputs x:[[-0.36932341  0.48718567  0.49634311  0.6153844 ]] ev:{} outputs y:3.4802552756085006 (n:0.1696814141813466) c:1.0
num acquisition: 94, time elapsed: 16.84s
f inputs x:[[-0.37117144  0.48794688  0.49758122  0.61665415]] ev:{} outputs y:2.33614852212001 (n:-0.9575402522865725) c:1.0
num acquisition: 95, time elapsed: 17.04s
f inputs x:[[-0.36612883  0.48431197  0.49551657  0.6162708 ]] ev:{} outputs y:3.283103695609176 (n:-0.049485250896116995) c:1.0
num acquisition: 96, time elapsed: 17.29s
f inputs x:[[-0.36766206  0.48451253  0.49686522  0.61840557]] ev:{} outputs y:3.380216752419576 (n:0.06209446987625933) c:1.0
num acquisition: 97, time elapsed: 17.52s
f inputs x:[[-0.36939368  0.48542678  0.49803118  0.61975419]] ev:{} outputs y:3.1234649872897426 (n:-0.18051447943995463) c:1.0
num acquisition: 98, time elapsed: 17.73s
f inputs x:[[-0.37058284  0.48462497  0.49970798  0.62311643]] ev:{} outputs y:3.427516228462415 (n:0.1382475603518188) c:1.0
num acquisition: 99, time elapsed: 17.95s
f inputs x:[[ 1.  1.  1. -1.]] ev:{} outputs y:8.953530101187274 (n:0.472533159787067) c:1.0
num acquisition: 100, time elapsed: 18.16s
f inputs x:[[-0.36463379  0.47884079  0.48258897  0.62292536]] ev:{} outputs y:3.340068784253968 (n:-0.09235497551899467) c:1.0
num acquisition: 101, time elapsed: 18.41s
f inputs x:[[-0.36610281  0.47945425  0.48540994  0.62359323]] ev:{} outputs y:3.3703364920244194 (n:-0.03466397584313596) c:1.0
num acquisition: 102, time elapsed: 18.65s
f inputs x:[[-0.36761186  0.48036287  0.48832486  0.6238642 ]] ev:{} outputs y:3.1614772447191686 (n:-0.2148723519810794) c:1.0
num acquisition: 103, time elapsed: 18.89s
f inputs x:[[-0.36850809  0.47981141  0.48872337  0.62698374]] ev:{} outputs y:2.8553614267218435 (n:-0.5199544675934072) c:1.0
num acquisition: 104, time elapsed: 19.15s
f inputs x:[[-0.36814354  0.4762993   0.48549618  0.63460202]] ev:{} outputs y:3.0932442431486717 (n:-0.324486320140346) c:1.0
num acquisition: 105, time elapsed: 19.38s
f inputs x:[[-0.36899703  0.47453339  0.48473133  0.64052735]] ev:{} outputs y:3.3004532961187003 (n:-0.1342689022028514) c:1.0
num acquisition: 106, time elapsed: 19.64s
f inputs x:[[-0.37024641  0.47552975  0.48689487  0.64065801]] ev:{} outputs y:4.0567547150465195 (n:0.6443245935528789) c:1.0
num acquisition: 107, time elapsed: 19.88s
f inputs x:[[-0.36733522  0.48620226  0.49242338  0.6117175 ]] ev:{} outputs y:2.7818322432391653 (n:-0.5549719155639464) c:1.0
num acquisition: 108, time elapsed: 20.15s
f inputs x:[[-0.36519527  0.48614026  0.49018055  0.60987702]] ev:{} outputs y:3.768905829519934 (n:0.4043603353957008) c:1.0
num acquisition: 109, time elapsed: 20.42s
f inputs x:[[-0.36808864  0.48531723  0.4943029   0.61308552]] ev:{} outputs y:3.598863870818168 (n:0.2817937500111039) c:1.0
num acquisition: 110, time elapsed: 20.66s
f inputs x:[[-0.36996814  0.48625585  0.49557979  0.61475001]] ev:{} outputs y:2.8531614078706133 (n:-0.44895538727101336) c:1.0
num acquisition: 111, time elapsed: 20.91s
f inputs x:[[-0.36932094  0.48528213  0.49617022  0.61540137]] ev:{} outputs y:2.916203022182037 (n:-0.38488121712968415) c:1.0
num acquisition: 112, time elapsed: 21.16s
f inputs x:[[-0.3690788   0.48404458  0.49751193  0.61663786]] ev:{} outputs y:3.3551559658608956 (n:0.06295432378229746) c:1.0
num acquisition: 113, time elapsed: 21.40s
f inputs x:[[-0.37053088  0.48489867  0.49862322  0.61817222]] ev:{} outputs y:4.285611656177255 (n:1.0044697913872895) c:1.0
num acquisition: 114, time elapsed: 21.67s
f inputs x:[[-0.36797051  0.49013062  0.48842542  0.60802971]] ev:{} outputs y:3.116155561440543 (n:-0.2533522293307677) c:1.0
num acquisition: 115, time elapsed: 21.92s
f inputs x:[[-0.36814659  0.49145663  0.48763363  0.60814588]] ev:{} outputs y:3.1933072087610417 (n:-0.1891195368169373) c:1.0
num acquisition: 116, time elapsed: 22.22s
f inputs x:[[-0.36882091  0.49238634  0.48780424  0.60906484]] ev:{} outputs y:3.4393342136426277 (n:0.05489808465006595) c:1.0
num acquisition: 117, time elapsed: 22.52s
f inputs x:[[-0.37057439  0.49098589  0.49137991  0.61164809]] ev:{} outputs y:3.642330281837728 (n:0.2993192381744702) c:1.0
num acquisition: 118, time elapsed: 22.82s
f inputs x:[[-0.37211402  0.48908951  0.49487729  0.61357742]] ev:{} outputs y:2.290593595056553 (n:-1.0086393951390642) c:1.0
num acquisition: 119, time elapsed: 23.09s
f inputs x:[[-0.36726269  0.48922082  0.48945316  0.60820278]] ev:{} outputs y:2.974356128477101 (n:-0.3892938238040367) c:1.0
num acquisition: 120, time elapsed: 23.39s
f inputs x:[[-0.3664908   0.49091078  0.48736823  0.60689374]] ev:{} outputs y:3.5369978739529007 (n:0.1457475277693652) c:1.0
num acquisition: 121, time elapsed: 23.64s
f inputs x:[[-0.3688143   0.48871735  0.49206145  0.61059043]] ev:{} outputs y:2.8096172043271133 (n:-0.5270888905628074) c:1.0
num acquisition: 122, time elapsed: 23.88s
f inputs x:[[-0.36734849  0.48994356  0.4897673   0.6087362 ]] ev:{} outputs y:3.0430842073373254 (n:-0.32396997745637285) c:1.0
num acquisition: 123, time elapsed: 24.14s
f inputs x:[[-0.367197    0.49137512  0.48872591  0.6084371 ]] ev:{} outputs y:2.6207251514976595 (n:-0.7630010923820442) c:1.0
num acquisition: 124, time elapsed: 24.49s
f inputs x:[[-0.36309428  0.49629679  0.48030894  0.60261803]] ev:{} outputs y:3.7878719776353313 (n:0.2953580791169825) c:1.0
num acquisition: 125, time elapsed: 24.75s
f inputs x:[[-0.367622    0.48591867  0.49447056  0.610462  ]] ev:{} outputs y:2.297558756515989 (n:-1.017280354917762) c:1.0
num acquisition: 126, time elapsed: 25.03s
f inputs x:[[-0.36109809  0.48325188  0.49118866  0.60197356]] ev:{} outputs y:4.829314688895418 (n:1.4765187182175827) c:1.0
num acquisition: 127, time elapsed: 25.32s
f inputs x:[[-0.36514901  0.48381498  0.48667778  0.61428762]] ev:{} outputs y:3.5028159075746395 (n:0.11138909204366111) c:1.0
num acquisition: 128, time elapsed: 25.63s
f inputs x:[[-0.36684869  0.48402712  0.49017477  0.61524599]] ev:{} outputs y:2.9228473062789764 (n:-0.433822459515596) c:1.0
num acquisition: 129, time elapsed: 25.91s
f inputs x:[[-0.36629737  0.48328859  0.48882566  0.61660861]] ev:{} outputs y:2.804300983667948 (n:-0.5675827039742409) c:1.0
num acquisition: 130, time elapsed: 26.19s
f inputs x:[[-0.36502462  0.48210903  0.48558366  0.61842223]] ev:{} outputs y:2.159525132339196 (n:-1.2468884345833267) c:1.0
num acquisition: 131, time elapsed: 26.51s
f inputs x:[[-0.35775629  0.47913043  0.46859574  0.62018999]] ev:{} outputs y:3.8108674456047766 (n:0.2287904085998983) c:1.0
num acquisition: 132, time elapsed: 26.80s
f inputs x:[[-0.36155464  0.47676435  0.48885355  0.61523775]] ev:{} outputs y:2.887210537148512 (n:-0.4878593774658102) c:1.0
num acquisition: 133, time elapsed: 27.11s
f inputs x:[[-0.36011016  0.47345638  0.48790431  0.61630955]] ev:{} outputs y:2.8514591655004664 (n:-0.5311855631706521) c:1.0
num acquisition: 134, time elapsed: 27.41s
f inputs x:[[-0.35823173  0.46858078  0.4867048   0.6178316 ]] ev:{} outputs y:2.821969318802033 (n:-0.570041568132204) c:1.0
num acquisition: 135, time elapsed: 27.72s
f inputs x:[[-0.35586226  0.46133712  0.48543212  0.62017763]] ev:{} outputs y:2.918425901050246 (n:-0.48517121809722924) c:1.0
num acquisition: 136, time elapsed: 28.07s
f inputs x:[[-0.35402174  0.45340336  0.48515831  0.62336408]] ev:{} outputs y:3.171650226614813 (n:-0.23995767019438966) c:1.0
num acquisition: 137, time elapsed: 28.41s
f inputs x:[[-0.35418811  0.45128508  0.48600066  0.62508248]] ev:{} outputs y:3.3690359410279025 (n:-0.03879990268838298) c:1.0
num acquisition: 138, time elapsed: 28.75s
f inputs x:[[-0.35579352  0.45618975  0.48643418  0.62410742]] ev:{} outputs y:3.7933036106061992 (n:0.39394844214586583) c:1.0
num acquisition: 139, time elapsed: 29.11s
f inputs x:[[-0.3589273   0.47270658  0.48578095  0.61732437]] ev:{} outputs y:3.7658180793546108 (n:0.3587627808754163) c:1.0
num acquisition: 140, time elapsed: 29.43s
f inputs x:[[-0.36173825  0.47783139  0.4894116   0.61577802]] ev:{} outputs y:3.3043207951023374 (n:-0.07249721556509323) c:1.0
num acquisition: 141, time elapsed: 29.74s
f inputs x:[[-0.36285349  0.47826407  0.49063791  0.61700553]] ev:{} outputs y:3.764340991025458 (n:0.3988095073712163) c:1.0
num acquisition: 142, time elapsed: 30.08s
f inputs x:[[-0.36475443  0.4817007   0.49163408  0.6157682 ]] ev:{} outputs y:3.007581256379468 (n:-0.3472952581213564) c:1.0
num acquisition: 143, time elapsed: 30.43s
f inputs x:[[-0.36467691  0.48090572  0.49202495  0.61707129]] ev:{} outputs y:4.22150310863594 (n:0.8679741677830163) c:1.0
num acquisition: 144, time elapsed: 30.82s
f inputs x:[[-0.36517777  0.48514371  0.49023804  0.61117226]] ev:{} outputs y:2.999646669481852 (n:-0.36338912508486254) c:1.0
num acquisition: 145, time elapsed: 31.14s
f inputs x:[[-0.36481939  0.48562157  0.48968661  0.61101588]] ev:{} outputs y:2.8270371664379046 (n:-0.5450978301124284) c:1.0
num acquisition: 146, time elapsed: 31.50s
f inputs x:[[-0.36332942  0.48669457  0.48738508  0.60946287]] ev:{} outputs y:4.384230693097248 (n:0.9824447445854342) c:1.0
num acquisition: 147, time elapsed: 31.85s
f inputs x:[[-0.36568803  0.48042411  0.49466646  0.61189941]] ev:{} outputs y:3.0335667755017455 (n:-0.2733797215978397) c:1.0
num acquisition: 148, time elapsed: 32.18s
f inputs x:[[-0.36561867  0.47905445  0.49635975  0.61215392]] ev:{} outputs y:2.7954727827251906 (n:-0.49591499198067757) c:1.0
num acquisition: 149, time elapsed: 32.55s
f inputs x:[[-0.36430883  0.47502247  0.49982666  0.61097942]] ev:{} outputs y:3.016576153446441 (n:-0.24555631440687042) c:1.0
num acquisition: 150, time elapsed: 32.93s
f inputs x:[[-0.36393812  0.47151558  0.50399062  0.61075069]] ev:{} outputs y:3.671593529948629 (n:0.44076341867946844) c:1.0
num acquisition: 151, time elapsed: 33.29s
f inputs x:[[-0.36589786  0.47998654  0.49540002  0.61333017]] ev:{} outputs y:3.1346642690745425 (n:-0.16849174057111155) c:1.0
num acquisition: 152, time elapsed: 33.66s
f inputs x:[[-0.36634217  0.4792152   0.49692813  0.61433023]] ev:{} outputs y:2.8949899816287354 (n:-0.3943346418473297) c:1.0
num acquisition: 153, time elapsed: 34.01s
f inputs x:[[-0.36591833  0.47610445  0.50005857  0.61486868]] ev:{} outputs y:2.9963000774759188 (n:-0.2665157395856478) c:1.0
num acquisition: 154, time elapsed: 34.42s
f inputs x:[[-0.36587764  0.47260805  0.50422444  0.61583291]] ev:{} outputs y:2.5458515538888524 (n:-0.684768450656657) c:1.0
num acquisition: 155, time elapsed: 34.80s
f inputs x:[[-0.36289471  0.4582266   0.51814592  0.61538709]] ev:{} outputs y:4.012347840920718 (n:0.8337840042944671) c:1.0
num acquisition: 156, time elapsed: 35.21s
f inputs x:[[-0.36489355  0.48965306  0.48167357  0.61458752]] ev:{} outputs y:3.312002817046837 (n:-0.15338529566440962) c:1.0
num acquisition: 157, time elapsed: 35.60s
f inputs x:[[-0.36591641  0.48915456  0.48373548  0.61573935]] ev:{} outputs y:4.05492252453472 (n:0.6122680993721982) c:1.0
num acquisition: 158, time elapsed: 35.98s
f inputs x:[[-0.36701025  0.48184534  0.49572436  0.61263705]] ev:{} outputs y:3.941021831571195 (n:0.6432298269912772) c:1.0
num acquisition: 159, time elapsed: 36.37s
f inputs x:[[-0.36786887  0.48466262  0.49250888  0.61314574]] ev:{} outputs y:2.5698004340722553 (n:-0.7577770418865224) c:1.0
num acquisition: 160, time elapsed: 36.78s
f inputs x:[[-0.36597835  0.48458974  0.49041227  0.6113773 ]] ev:{} outputs y:4.230831096249796 (n:0.878578421877129) c:1.0
num acquisition: 161, time elapsed: 37.15s
f inputs x:[[-0.36691773  0.48288295  0.49292203  0.61183666]] ev:{} outputs y:2.7433736711860464 (n:-0.5759068215237494) c:1.0
num acquisition: 162, time elapsed: 37.53s
f inputs x:[[-0.36570119  0.48198034  0.49262925  0.61036939]] ev:{} outputs y:4.4276564681450825 (n:1.1051782400907526) c:1.0
num acquisition: 163, time elapsed: 37.97s
f inputs x:[[-0.36633072  0.48404713  0.48992393  0.61129785]] ev:{} outputs y:3.6234333411631128 (n:0.2743692522132199) c:1.0
num acquisition: 164, time elapsed: 38.41s
f inputs x:[[-0.36764573  0.48367675  0.49222239  0.6130654 ]] ev:{} outputs y:3.29830278079425 (n:-0.027527218073877036) c:1.0
num acquisition: 165, time elapsed: 38.79s
f inputs x:[[-0.36839219  0.48377783  0.49312508  0.614229  ]] ev:{} outputs y:3.8221788646915558 (n:0.5045880219593183) c:1.0
num acquisition: 166, time elapsed: 39.18s
f inputs x:[[-0.36905006  0.48450596  0.49345164  0.61396485]] ev:{} outputs y:4.292335962573929 (n:0.9799490165888731) c:1.0
num acquisition: 167, time elapsed: 39.61s
f inputs x:[[-0.36837266  0.48510846  0.49172904  0.61086356]] ev:{} outputs y:3.175851131122014 (n:-0.14687298756719835) c:1.0
num acquisition: 168, time elapsed: 40.02s
f inputs x:[[-0.36879636  0.48530532  0.49218481  0.61152151]] ev:{} outputs y:3.766364687511853 (n:0.44719960821261506) c:1.0
num acquisition: 169, time elapsed: 40.46s
f inputs x:[[-0.36967285  0.48484068  0.4934801   0.61300524]] ev:{} outputs y:3.6996949723275296 (n:0.3947918993076287) c:1.0
num acquisition: 170, time elapsed: 40.94s
f inputs x:[[-0.3703411   0.48505664  0.49400355  0.61380319]] ev:{} outputs y:3.895533857446768 (n:0.596369257483521) c:1.0
num acquisition: 171, time elapsed: 41.38s
f inputs x:[[-0.37053136  0.4854476   0.49367692  0.61337858]] ev:{} outputs y:2.646928600621374 (n:-0.6533698170853448) c:1.0
num acquisition: 172, time elapsed: 41.81s
f inputs x:[[-0.36979706  0.48532923  0.49299806  0.6126331 ]] ev:{} outputs y:2.9734404767242015 (n:-0.335001166398351) c:1.0
num acquisition: 173, time elapsed: 42.28s
f inputs x:[[-0.36988893  0.48547297  0.49310693  0.61293421]] ev:{} outputs y:3.8368184600743866 (n:0.5280945104437824) c:1.0
num acquisition: 174, time elapsed: 42.75s
f inputs x:[[-0.37035124  0.4852696   0.49371747  0.61334405]] ev:{} outputs y:4.438961136744885 (n:1.1383825792990032) c:1.0
num acquisition: 175, time elapsed: 43.26s
f inputs x:[[-0.36891517  0.48535198  0.49122944  0.60987917]] ev:{} outputs y:3.171164053120866 (n:-0.1478895307985054) c:1.0
num acquisition: 176, time elapsed: 43.77s
f inputs x:[[-0.36924812  0.48562701  0.49147254  0.61026636]] ev:{} outputs y:3.0311008589416857 (n:-0.2861685913161128) c:1.0
num acquisition: 177, time elapsed: 44.29s
f inputs x:[[-0.36927352  0.48614719  0.49113194  0.60996575]] ev:{} outputs y:3.9822346870742527 (n:0.660911605364867) c:1.0
num acquisition: 178, time elapsed: 44.77s
f inputs x:[[-0.36995925  0.48438209  0.49336805  0.61220281]] ev:{} outputs y:2.5159196160633446 (n:-0.7816984010810321) c:1.0
num acquisition: 179, time elapsed: 45.25s
f inputs x:[[-0.3685277   0.4836534   0.49226379  0.60974615]] ev:{} outputs y:3.291948192592237 (n:-0.013714975098975731) c:1.0
num acquisition: 180, time elapsed: 45.78s
f inputs x:[[-0.36909997  0.48369678  0.4929988   0.61072407]] ev:{} outputs y:3.4178338570782754 (n:0.1187111423670366) c:1.0
num acquisition: 181, time elapsed: 46.24s
f inputs x:[[-0.36982539  0.48386465  0.49376507  0.6120908 ]] ev:{} outputs y:3.1107990676009494 (n:-0.18217066215535604) c:1.0
num acquisition: 182, time elapsed: 46.74s
f inputs x:[[-0.37016935  0.48362801  0.49452667  0.61267523]] ev:{} outputs y:3.1457021115388186 (n:-0.13975239704242218) c:1.0
num acquisition: 183, time elapsed: 47.24s
f inputs x:[[-0.37061299  0.48334198  0.49548241  0.61348046]] ev:{} outputs y:3.313086895105705 (n:0.036828483179725625) c:1.0
num acquisition: 184, time elapsed: 47.72s
f inputs x:[[-0.37122223  0.48346065  0.4962081   0.61452409]] ev:{} outputs y:3.253570899304206 (n:-0.01644299085879653) c:1.0
num acquisition: 185, time elapsed: 48.20s
f inputs x:[[-0.37182593  0.48337705  0.4971585   0.61562862]] ev:{} outputs y:3.7166642442863895 (n:0.4551927974234337) c:1.0
num acquisition: 186, time elapsed: 48.68s
f inputs x:[[-0.37189657  0.48523909  0.49525108  0.61490643]] ev:{} outputs y:3.2497751559073196 (n:-0.031269279474955905) c:1.0
num acquisition: 187, time elapsed: 49.22s
f inputs x:[[ 1. -1.  1.  1.]] ev:{} outputs y:9.105091240365407 (n:0.6223969499835349) c:1.0
num acquisition: 188, time elapsed: 49.81s
f inputs x:[[-0.36125965  0.50286855  0.46078363  0.59600003]] ev:{} outputs y:2.3979261535552006 (n:-1.2802059793628724) c:1.0
num acquisition: 189, time elapsed: 50.40s
f inputs x:[[-0.34492863  0.53464258  0.41511378  0.57622994]] ev:{} outputs y:4.083723603553971 (n:-0.20037598074411905) c:1.0
num acquisition: 190, time elapsed: 50.91s
f inputs x:[[-0.37075794  0.47014281  0.50039675  0.60727115]] ev:{} outputs y:4.0512559341985215 (n:0.8850586123396965) c:1.0
num acquisition: 191, time elapsed: 51.47s
f inputs x:[[-0.36978925  0.4813085   0.49009247  0.61162703]] ev:{} outputs y:3.123653994475936 (n:-0.1792411762863934) c:1.0
num acquisition: 192, time elapsed: 52.01s
f inputs x:[[-0.37020615  0.48083634  0.49024369  0.61228306]] ev:{} outputs y:2.7721637488130657 (n:-0.5258394302324753) c:1.0
num acquisition: 193, time elapsed: 52.58s
f inputs x:[[-0.3701607   0.47899764  0.48896765  0.61210294]] ev:{} outputs y:2.4397532232468135 (n:-0.857549730437245) c:1.0
num acquisition: 194, time elapsed: 53.15s
f inputs x:[[-0.36937875  0.474947    0.48490162  0.61036106]] ev:{} outputs y:2.6779895302827885 (n:-0.628887147161851) c:1.0
num acquisition: 195, time elapsed: 53.74s
f inputs x:[[-0.3692763   0.47087104  0.48036523  0.60915469]] ev:{} outputs y:2.237042876862863 (n:-1.0806417291570038) c:1.0
num acquisition: 196, time elapsed: 54.32s
f inputs x:[[-0.36840629  0.46198061  0.46704056  0.60511937]] ev:{} outputs y:4.013504100851372 (n:0.6398313494059022) c:1.0
num acquisition: 197, time elapsed: 54.91s
f inputs x:[[-0.36714565  0.47049335  0.48383409  0.60678809]] ev:{} outputs y:3.740332653860468 (n:0.4400718757169621) c:1.0
num acquisition: 198, time elapsed: 55.43s
f inputs x:[[-0.36754806  0.47456052  0.48680302  0.6093937 ]] ev:{} outputs y:4.158624229711521 (n:0.8543514234308416) c:1.0
num acquisition: 199, time elapsed: 55.95s
f inputs x:[[-0.36729539  0.48031866  0.48932701  0.61056693]] ev:{} outputs y:2.4723047087018934 (n:-0.8494535465178102) c:1.0
num acquisition: 200, time elapsed: 56.53s
f inputs x:[[-0.36539445  0.47814731  0.48634906  0.60741545]] ev:{} outputs y:3.497546764625449 (n:0.16118408711446208) c:1.0
num acquisition: 201, time elapsed: 57.10s
f inputs x:[[-0.366303    0.47875583  0.48790737  0.609299  ]] ev:{} outputs y:2.8162248133703143 (n:-0.5114637416972251) c:1.0
num acquisition: 202, time elapsed: 57.65s
f inputs x:[[-0.36555904  0.47724169  0.48631822  0.60776953]] ev:{} outputs y:3.207365828703518 (n:-0.12452952256534396) c:1.0
num acquisition: 203, time elapsed: 58.29s
f inputs x:[[-0.36588296  0.47694379  0.48651858  0.60818187]] ev:{} outputs y:3.678085185277431 (n:0.3503592706055497) c:1.0
num acquisition: 204, time elapsed: 58.89s
f inputs x:[[-0.36682856  0.47854371  0.48859786  0.61036489]] ev:{} outputs y:3.7025536921075615 (n:0.3813998323814164) c:1.0
num acquisition: 205, time elapsed: 59.45s
f inputs x:[[-0.36760603  0.48007645  0.49005029  0.61171753]] ev:{} outputs y:3.7221037629348994 (n:0.4051092021693267) c:1.0
num acquisition: 206, time elapsed: 60.03s
f inputs x:[[-0.36825928  0.48140176  0.4910431   0.61249886]] ev:{} outputs y:2.912126492864248 (n:-0.4018904387188856) c:1.0
num acquisition: 207, time elapsed: 60.59s
f inputs x:[[-0.36817024  0.48049222  0.49095649  0.61282574]] ev:{} outputs y:2.8220793006676765 (n:-0.48982302673387007) c:1.0
num acquisition: 208, time elapsed: 61.21s
f inputs x:[[-0.36791958  0.47900654  0.49063472  0.61307164]] ev:{} outputs y:2.727403945338665 (n:-0.5823894302802262) c:1.0
num acquisition: 209, time elapsed: 61.84s
f inputs x:[[-0.36748158  0.47658387  0.48997064  0.61320973]] ev:{} outputs y:3.1483089967553815 (n:-0.15881287289253243) c:1.0
num acquisition: 210, time elapsed: 62.48s
f inputs x:[[-0.36788411  0.47576378  0.49036648  0.61411594]] ev:{} outputs y:2.9020073302054286 (n:-0.3984668807225003) c:1.0
num acquisition: 211, time elapsed: 63.10s
f inputs x:[[-0.36805556  0.47308771  0.49034894  0.61518675]] ev:{} outputs y:2.594438522653052 (n:-0.6970542797934267) c:1.0
num acquisition: 212, time elapsed: 63.81s
f inputs x:[[-0.36789764  0.46664494  0.48964521  0.6166846 ]] ev:{} outputs y:3.2337198193794507 (n:-0.04549812231709243) c:1.0
num acquisition: 213, time elapsed: 64.48s
f inputs x:[[-0.368421    0.46598527  0.49022506  0.61772097]] ev:{} outputs y:3.6607930852710373 (n:0.3880001571251952) c:1.0
num acquisition: 214, time elapsed: 65.15s
f inputs x:[[-0.36809176  0.47183121  0.49029554  0.61580502]] ev:{} outputs y:3.385415635276635 (n:0.09663936825606174) c:1.0
num acquisition: 215, time elapsed: 65.73s
f inputs x:[[-0.36852074  0.47290291  0.49091234  0.61624598]] ev:{} outputs y:3.8164817831900493 (n:0.5296210124956816) c:1.0
num acquisition: 216, time elapsed: 66.40s
f inputs x:[[-0.36816863  0.47793571  0.49085671  0.61408733]] ev:{} outputs y:3.8636819337547594 (n:0.5590864559460261) c:1.0
num acquisition: 217, time elapsed: 67.03s
f inputs x:[[-0.36825371  0.48076823  0.49115828  0.6131011 ]] ev:{} outputs y:3.4151115115358133 (n:0.10291918753993705) c:1.0
num acquisition: 218, time elapsed: 67.67s
f inputs x:[[-0.36883885  0.48113182  0.49185352  0.61391101]] ev:{} outputs y:2.984927823672905 (n:-0.32203077581945166) c:1.0
num acquisition: 219, time elapsed: 68.40s
f inputs x:[[-0.36905483  0.48037455  0.49220522  0.61484113]] ev:{} outputs y:3.163281832593483 (n:-0.13886378873144892) c:1.0
num acquisition: 220, time elapsed: 69.14s
f inputs x:[[-0.36953147  0.47999867  0.49282322  0.61594752]] ev:{} outputs y:3.662491177224514 (n:0.36670419164791784) c:1.0
num acquisition: 221, time elapsed: 69.78s
f inputs x:[[-0.36969282  0.48154084  0.49282148  0.61512565]] ev:{} outputs y:3.4803482392196505 (n:0.18126197643357295) c:1.0
num acquisition: 222, time elapsed: 70.47s
f inputs x:[[-0.37013649  0.48210607  0.4932469   0.61543442]] ev:{} outputs y:3.09735714293032 (n:-0.19879669716272313) c:1.0
num acquisition: 223, time elapsed: 71.23s
f inputs x:[[-0.37063558  0.48170123  0.49398004  0.61675538]] ev:{} outputs y:2.954217765829497 (n:-0.3350653570927996) c:1.0
num acquisition: 224, time elapsed: 71.91s
f inputs x:[[-0.37117133  0.48070773  0.49493315  0.61872654]] ev:{} outputs y:3.6064268762893468 (n:0.3263212003796894) c:1.0
num acquisition: 225, time elapsed: 72.64s
f inputs x:[[-0.37110664  0.48215383  0.49446401  0.6172432 ]] ev:{} outputs y:2.621433323660186 (n:-0.664289340629243) c:1.0
num acquisition: 226, time elapsed: 73.42s
f inputs x:[[-0.37136566  0.48016202  0.49548301  0.61989742]] ev:{} outputs y:3.7464064913739086 (n:0.47015558129299606) c:1.0
num acquisition: 227, time elapsed: 74.24s
f inputs x:[[-0.37077993  0.48250949  0.49411894  0.61658017]] ev:{} outputs y:2.4765921961102313 (n:-0.8139356438371255) c:1.0
num acquisition: 228, time elapsed: 75.00s
f inputs x:[[-0.37054469  0.48046446  0.49463789  0.61857697]] ev:{} outputs y:4.131254079667208 (n:0.8451005771517704) c:1.0
num acquisition: 229, time elapsed: 75.75s
f inputs x:[[-0.368906    0.48403991  0.49165933  0.61208963]] ev:{} outputs y:4.497789702455462 (n:1.1811562163047218) c:1.0
num acquisition: 230, time elapsed: 76.62s
f inputs x:[[-0.36803964  0.48351267  0.49025895  0.60994915]] ev:{} outputs y:3.886338192494235 (n:0.5627832813951219) c:1.0
num acquisition: 231, time elapsed: 77.45s
f inputs x:[[-0.36885726  0.48317674  0.49133905  0.61179891]] ev:{} outputs y:3.1940059334339486 (n:-0.11947955690077558) c:1.0
num acquisition: 232, time elapsed: 78.21s
f inputs x:[[-0.36921754  0.48318155  0.49179232  0.61244951]] ev:{} outputs y:3.39225081112859 (n:0.08280030070211797) c:1.0
num acquisition: 233, time elapsed: 79.01s
f inputs x:[[-0.36975028  0.48328288  0.49241164  0.61331828]] ev:{} outputs y:2.897088918053428 (n:-0.4069054069048272) c:1.0
num acquisition: 234, time elapsed: 79.87s
f inputs x:[[-0.36980351  0.48297038  0.49266219  0.61380471]] ev:{} outputs y:2.5782220176208943 (n:-0.7236445070668235) c:1.0
num acquisition: 235, time elapsed: 80.74s
f inputs x:[[-0.36921597  0.48205365  0.49238847  0.61371861]] ev:{} outputs y:4.139184819160378 (n:0.8352171552774926) c:1.0
num acquisition: 236, time elapsed: 81.56s
f inputs x:[[-0.36883113  0.48348959  0.49137416  0.61188303]] ev:{} outputs y:2.0060644423602607 (n:-1.3094311335617579) c:1.0
num acquisition: 237, time elapsed: 82.44s
f inputs x:[[-0.36530385  0.48322954  0.4873824   0.60640914]] ev:{} outputs y:3.037644376859397 (n:-0.3160416863983813) c:1.0
num acquisition: 238, time elapsed: 83.35s
f inputs x:[[-0.36485377  0.48373649  0.48661063  0.60513898]] ev:{} outputs y:3.745874164203198 (n:0.3845287433549828) c:1.0
num acquisition: 239, time elapsed: 84.24s
f inputs x:[[-0.36658913  0.4824692   0.48925928  0.60930437]] ev:{} outputs y:2.932614468203973 (n:-0.4028618251043584) c:1.0
num acquisition: 240, time elapsed: 85.09s
f inputs x:[[-0.36608696  0.48257216  0.48856432  0.60825241]] ev:{} outputs y:3.1861795274283606 (n:-0.15534674363282133) c:1.0
num acquisition: 241, time elapsed: 85.98s
f inputs x:[[-0.36627005  0.48266842  0.48872935  0.60844076]] ev:{} outputs y:2.5562252216089325 (n:-0.7837334172069378) c:1.0
num acquisition: 242, time elapsed: 86.81s
f inputs x:[[-0.36413538  0.4831634   0.48587446  0.6041226 ]] ev:{} outputs y:4.036412755002745 (n:0.6705188956546807) c:1.0
num acquisition: 243, time elapsed: 87.66s
f inputs x:[[-0.36658339  0.48111427  0.48983513  0.61065829]] ev:{} outputs y:3.6071469904821507 (n:0.27791059681144253) c:1.0
num acquisition: 244, time elapsed: 88.52s
f inputs x:[[-0.36741648  0.48151397  0.49080587  0.61196592]] ev:{} outputs y:3.4458295360430746 (n:0.12387719717443857) c:1.0
num acquisition: 245, time elapsed: 89.38s
[-0.36883113  0.48348959  0.49137416  0.61188303]
