INFO:GP:initializing Y
INFO:GP:initializing inference method
INFO:GP:adding kernel and likelihood as parameters
INFO:paramz.transformations:Warning: changing parameters to satisfy constraints
removed robo import in opts.py l17 due to theano errors
f inputs x:[[ 0.43682426  0.42287243 -0.60514638  0.45783011]] ev:{} outputs y:6.082296874961542 (n:0.0) c:1.0
f inputs x:[[-0.24285493 -0.47151239  0.39926628 -0.59908676]] ev:{} outputs y:6.244003221090993 (n:0.0) c:1.0
f inputs x:[[-0.11093918  0.71438643  0.707397    0.55276617]] ev:{} outputs y:5.83910000013997 (n:-0.0) c:1.0
f inputs x:[[ 0.40408191 -0.93108067  0.89321735  0.9158731 ]] ev:{} outputs y:7.110363902378819 (n:-0.0) c:1.0
f inputs x:[[-0.86251703 -0.47343569  0.56981406  0.33430551]] ev:{} outputs y:7.4595021455959305 (n:0.0) c:1.0
Using a model defined by the used.
Optimization restart 1/5, f = 7.094692666118189
Optimization restart 2/5, f = 7.094693134317346
Optimization restart 3/5, f = 7.094692666023533
Optimization restart 4/5, f = 7.094692715211058
Optimization restart 5/5, f = 7.094692678884902
f inputs x:[[-0.18936801  0.55775592  0.69121973  0.46839139]] ev:{} outputs y:5.355973508930455 (n:-0.0) c:1.0
num acquisition: 1, time elapsed: 0.08s
Optimization restart 1/5, f = 8.513631199169186
Optimization restart 2/5, f = 7.982657879008807
Optimization restart 3/5, f = 7.982657880824086
Optimization restart 4/5, f = 7.982669397813526
Optimization restart 5/5, f = 7.982657868512126
f inputs x:[[-0.20739516  0.45921895  0.67256124  0.32441819]] ev:{} outputs y:5.46903356243011 (n:0.0) c:1.0
num acquisition: 2, time elapsed: 0.25s
Optimization restart 1/5, f = 8.342196050412351
Optimization restart 2/5, f = 8.342196057034387
Optimization restart 3/5, f = 8.342196114970147
Optimization restart 4/5, f = 8.34219605525883
Optimization restart 5/5, f = 8.342196090043185
f inputs x:[[-0.32179115  0.42770125  0.69818509  0.55760375]] ev:{} outputs y:5.0028019696796076 (n:0.0) c:1.0
num acquisition: 3, time elapsed: 0.44s
Optimization restart 1/5, f = 8.920960776319728
Optimization restart 2/5, f = 8.920960757038092
Optimization restart 3/5, f = 8.920960936886823
Optimization restart 4/5, f = 8.920962668948363
Optimization restart 5/5, f = 8.920960759186496
f inputs x:[[-0.52226425  0.49529875  0.85386351  0.58980373]] ev:{} outputs y:5.995480697606564 (n:-0.0) c:1.0
num acquisition: 4, time elapsed: 0.71s
Optimization restart 1/5, f = 10.889115757218207
Optimization restart 2/5, f = 10.889115774139318
Optimization restart 3/5, f = 10.889115775832918
Optimization restart 4/5, f = 10.889122259195211
Optimization restart 5/5, f = 12.770444320362019
f inputs x:[[-0.23019518  0.34212847  0.5890558   0.615433  ]] ev:{} outputs y:4.396569915313011 (n:0.0) c:1.0
num acquisition: 5, time elapsed: 0.86s
Optimization restart 1/5, f = 11.153890677629544
Optimization restart 2/5, f = 11.153890692949027
Optimization restart 3/5, f = 11.153890653616989
Optimization restart 4/5, f = 11.153890696059847
Optimization restart 5/5, f = 11.153890638244494
f inputs x:[[-0.16229895  0.27371653  0.44237378  0.74974563]] ev:{} outputs y:4.694345869439845 (n:-0.0) c:1.0
num acquisition: 6, time elapsed: 1.02s
Optimization restart 1/5, f = 11.605701989251147
Optimization restart 2/5, f = 11.605736883505429
Optimization restart 3/5, f = 11.60570201369237
Optimization restart 4/5, f = 11.605702007398143
Optimization restart 5/5, f = 11.605702003468497
f inputs x:[[-0.09855077  0.22903809  0.67512063  0.6492282 ]] ev:{} outputs y:5.248452512426499 (n:-0.0) c:1.0
num acquisition: 7, time elapsed: 1.21s
Optimization restart 1/5, f = 13.413033219330956
Optimization restart 2/5, f = 13.413033243171256
Optimization restart 3/5, f = 13.413033238430911
Optimization restart 4/5, f = 13.413033235820414
Optimization restart 5/5, f = 13.413033258433881
f inputs x:[[-0.28781213  0.37841691  0.44142446  0.60167544]] ev:{} outputs y:3.8772476816072667 (n:0.0) c:1.0
num acquisition: 8, time elapsed: 1.40s
Optimization restart 1/5, f = 13.1298898322061
Optimization restart 2/5, f = 13.129889882866191
Optimization restart 3/5, f = 13.129889887688215
Optimization restart 4/5, f = 13.129891929888535
Optimization restart 5/5, f = 13.129890557041321
f inputs x:[[-0.39532019  0.45984426  0.23630746  0.566206  ]] ev:{} outputs y:4.741530223459544 (n:-0.0) c:1.0
num acquisition: 9, time elapsed: 1.54s
Optimization restart 1/5, f = 14.61754266242757
Optimization restart 2/5, f = 14.617542726949964
Optimization restart 3/5, f = 14.617543313335807
Optimization restart 4/5, f = 14.617542679365588
Optimization restart 5/5, f = 14.617542683858904
f inputs x:[[-0.31305859  0.27679356  0.41129636  0.53478676]] ev:{} outputs y:3.8785500850235497 (n:-0.0) c:1.0
num acquisition: 10, time elapsed: 1.69s
Optimization restart 1/5, f = 14.364011188705359
Optimization restart 2/5, f = 14.364011216125366
Optimization restart 3/5, f = 14.364011205698283
Optimization restart 4/5, f = 14.364011219948829
Optimization restart 5/5, f = 14.364020252852518
f inputs x:[[ 1. -1. -1. -1.]] ev:{} outputs y:9.36824855615015 (n:0.0) c:1.0
num acquisition: 11, time elapsed: 1.83s
Optimization restart 1/5, f = 13.697500326986118
Optimization restart 2/5, f = 13.6975062388636
Optimization restart 3/5, f = 13.697500376454759
Optimization restart 4/5, f = 13.69750053536248
Optimization restart 5/5, f = 13.697500345551187
f inputs x:[[-1.  1. -1. -1.]] ev:{} outputs y:9.02094741289393 (n:-0.0) c:1.0
num acquisition: 12, time elapsed: 1.97s
Optimization restart 1/5, f = 13.939492444019296
Optimization restart 2/5, f = 13.939492459440066
Optimization restart 3/5, f = 13.939492597154581
Optimization restart 4/5, f = 13.939492450810203
Optimization restart 5/5, f = 13.939494272627506
f inputs x:[[ 1.  1.  1. -1.]] ev:{} outputs y:8.480996941400207 (n:-0.0) c:1.0
num acquisition: 13, time elapsed: 2.11s
Optimization restart 1/5, f = 14.634711362465302
Optimization restart 2/5, f = 14.634711382196548
Optimization restart 3/5, f = 14.634711422451996
Optimization restart 4/5, f = 14.63471137661084
Optimization restart 5/5, f = 14.634711375286905
f inputs x:[[-1. -1. -1.  1.]] ev:{} outputs y:9.021936939258861 (n:0.0) c:1.0
num acquisition: 14, time elapsed: 2.25s
Optimization restart 1/5, f = 15.203377672745647
Optimization restart 2/5, f = 15.20337768694413
Optimization restart 3/5, f = 15.203378121162368
Optimization restart 4/5, f = 15.203377689789331
Optimization restart 5/5, f = 15.203377659801122
f inputs x:[[-0.18360203  0.34369178  0.36434445  0.49040563]] ev:{} outputs y:4.110933983672726 (n:-0.0) c:1.0
num acquisition: 15, time elapsed: 2.40s
Optimization restart 1/5, f = 14.846318055030398
Optimization restart 2/5, f = 14.846319498957817
Optimization restart 3/5, f = 14.846318076938667
Optimization restart 4/5, f = 14.846318074944278
Optimization restart 5/5, f = 14.846318218389714
f inputs x:[[ 1. -1.  1. -1.]] ev:{} outputs y:9.019956906396628 (n:0.0) c:1.0
num acquisition: 16, time elapsed: 2.54s
Optimization restart 1/5, f = 15.437390426793606
Optimization restart 2/5, f = 15.437393396717425
Optimization restart 3/5, f = 15.437390560063443
Optimization restart 4/5, f = 15.437403370757043
Optimization restart 5/5, f = 15.437392468124655
f inputs x:[[ 1.  1. -1.  1.]] ev:{} outputs y:8.482694290381872 (n:-0.0) c:1.0
num acquisition: 17, time elapsed: 2.66s
Optimization restart 1/5, f = 16.43112701158916
Optimization restart 2/5, f = 16.43112730284898
Optimization restart 3/5, f = 16.4311271365992
Optimization restart 4/5, f = 16.4311270928825
Optimization restart 5/5, f = 16.43112702381169
f inputs x:[[-1. -1.  1. -1.]] ev:{} outputs y:9.02094741289393 (n:0.0) c:1.0
num acquisition: 18, time elapsed: 2.79s
Optimization restart 1/5, f = 17.203529224466983
Optimization restart 2/5, f = 17.203529235106746
Optimization restart 3/5, f = 17.20353022888318
Optimization restart 4/5, f = 17.203529241998847
Optimization restart 5/5, f = 17.20352938537385
f inputs x:[[ 1. -1. -1.  1.]] ev:{} outputs y:9.02094741289393 (n:-0.0) c:1.0
num acquisition: 19, time elapsed: 2.95s
Optimization restart 1/5, f = 17.94106489387537
Optimization restart 2/5, f = 17.941065355380527
Optimization restart 3/5, f = 17.94106512071504
Optimization restart 4/5, f = 17.941064946141783
Optimization restart 5/5, f = 17.941068328008388
f inputs x:[[ 1.  1. -1. -1.]] ev:{} outputs y:9.019956906396628 (n:0.0) c:1.0
num acquisition: 20, time elapsed: 3.10s
Optimization restart 1/5, f = 18.689150467697246
Optimization restart 2/5, f = 18.689150692775968
Optimization restart 3/5, f = 18.689152609292425
Optimization restart 4/5, f = 18.689151063583523
Optimization restart 5/5, f = 18.689150889574385
f inputs x:[[ 0.11481429 -0.13844692 -0.03451538  0.03117412]] ev:{} outputs y:2.917138879305629 (n:0.0) c:1.0
num acquisition: 21, time elapsed: 3.26s
Optimization restart 1/5, f = 21.079128826192093
Optimization restart 2/5, f = 21.07912881742097
Optimization restart 3/5, f = 21.079128867938103
Optimization restart 4/5, f = 21.079129147529777
Optimization restart 5/5, f = 21.07912963302504
f inputs x:[[ 0.05910669 -0.19894885 -0.26315084 -0.09004436]] ev:{} outputs y:4.566249749972395 (n:-0.0) c:1.0
num acquisition: 22, time elapsed: 3.40s
Optimization restart 1/5, f = 22.447026742268577
Optimization restart 2/5, f = 22.4470274327398
Optimization restart 3/5, f = 22.44702679300734
Optimization restart 4/5, f = 22.44702677034742
Optimization restart 5/5, f = 22.44702709109228
f inputs x:[[ 0.24658077 -0.14455264  0.13323089  0.09316873]] ev:{} outputs y:3.6533891105500422 (n:0.0) c:1.0
num acquisition: 23, time elapsed: 3.59s
Optimization restart 1/5, f = 23.263211715705477
Optimization restart 2/5, f = 23.378007073298086
Optimization restart 3/5, f = 23.2632118100199
Optimization restart 4/5, f = 23.263211737919384
Optimization restart 5/5, f = 23.26321185317135
f inputs x:[[-0.02850592 -0.06373835  0.04107423  0.09208383]] ev:{} outputs y:2.2799146267628516 (n:-0.0) c:1.0
num acquisition: 24, time elapsed: 3.77s
Optimization restart 1/5, f = 22.740802359612896
Optimization restart 2/5, f = 22.740802681523448
Optimization restart 3/5, f = 22.740802467567192
Optimization restart 4/5, f = 22.740803455334273
Optimization restart 5/5, f = 22.74080253506739
f inputs x:[[-0.10019562 -0.19599973  0.04412387  0.1910581 ]] ev:{} outputs y:3.691209752356964 (n:-0.0) c:1.0
num acquisition: 25, time elapsed: 3.97s
Optimization restart 1/5, f = 24.06195014198681
Optimization restart 2/5, f = 24.061950169401698
Optimization restart 3/5, f = 24.291621538197425
Optimization restart 4/5, f = 24.061966695167957
Optimization restart 5/5, f = 24.061950188718605
f inputs x:[[-0.00972843  0.08076857  0.05324816 -0.02308179]] ev:{} outputs y:1.9838937160070478 (n:-0.0) c:1.0
num acquisition: 26, time elapsed: 4.16s
Optimization restart 1/5, f = 22.893036537563564
Optimization restart 2/5, f = 22.89303657079939
Optimization restart 3/5, f = 22.893036740130164
Optimization restart 4/5, f = 22.89303659508908
Optimization restart 5/5, f = 22.893036579389616
f inputs x:[[-0.05329078 -0.01002987  0.12199023 -0.06476007]] ev:{} outputs y:2.6365409143506664 (n:0.0) c:1.0
num acquisition: 27, time elapsed: 4.37s
Optimization restart 1/5, f = 22.708550009793488
Optimization restart 2/5, f = 22.708550141691195
Optimization restart 3/5, f = 22.708552152962707
Optimization restart 4/5, f = 22.70855042738622
Optimization restart 5/5, f = 22.70855004438815
f inputs x:[[ 0.02960357  0.10304773 -0.01969223  0.08224002]] ev:{} outputs y:2.432713701458686 (n:-0.0) c:1.0
num acquisition: 28, time elapsed: 4.58s
Optimization restart 1/5, f = 24.83867607204516
Optimization restart 2/5, f = 22.186494955329554
Optimization restart 3/5, f = 22.18649495532952
Optimization restart 4/5, f = 22.186494955329618
Optimization restart 5/5, f = 22.186494955372815
f inputs x:[[-0.01182438  0.15386698  0.05641802 -0.00116935]] ev:{} outputs y:2.583592153769569 (n:0.0) c:1.0
num acquisition: 29, time elapsed: 4.77s
Optimization restart 1/5, f = 21.561931011498892
Optimization restart 2/5, f = 26.038683502987876
Optimization restart 3/5, f = 21.5619310114983
Optimization restart 4/5, f = 21.561931011501738
Optimization restart 5/5, f = 21.56193101150544
f inputs x:[[-0.01964889  0.11790392  0.06462244  0.02582208]] ev:{} outputs y:2.2860779311055714 (n:-0.0) c:1.0
num acquisition: 30, time elapsed: 4.92s
Optimization restart 1/5, f = 20.30815391074129
Optimization restart 2/5, f = 20.308153910745492
Optimization restart 3/5, f = 20.308153910741844
Optimization restart 4/5, f = 20.308153913913227
Optimization restart 5/5, f = 20.308153910749947
f inputs x:[[-0.01288885  0.09613247  0.05984001  0.02757998]] ev:{} outputs y:2.1030590136709737 (n:-0.0) c:1.0
num acquisition: 31, time elapsed: 5.12s
Optimization restart 1/5, f = 19.09487950360703
Optimization restart 2/5, f = 19.094879503504178
Optimization restart 3/5, f = 19.09487950355567
Optimization restart 4/5, f = 20.53882714293313
Optimization restart 5/5, f = 20.53882703396287
f inputs x:[[-0.00552     0.07523747  0.05466077  0.03281581]] ev:{} outputs y:1.9422145960131076 (n:-0.0) c:1.0
num acquisition: 32, time elapsed: 5.29s
Optimization restart 1/5, f = 18.257346718439813
Optimization restart 2/5, f = 18.25734671804121
Optimization restart 3/5, f = 17.798926774361554
Optimization restart 4/5, f = 17.798926773846233
Optimization restart 5/5, f = 17.79892677382945
f inputs x:[[-1. -1. -1. -1.]] ev:{} outputs y:9.36894784955461 (n:0.0) c:1.0
num acquisition: 33, time elapsed: 5.39s
Optimization restart 1/5, f = 18.440645064108736
Optimization restart 2/5, f = 18.440645063994864
Optimization restart 3/5, f = 18.452039072967146
Optimization restart 4/5, f = 18.452039073234555
Optimization restart 5/5, f = 18.440645064000414
f inputs x:[[-1.  1. -1.  1.]] ev:{} outputs y:8.484388763251047 (n:-0.0) c:1.0
num acquisition: 34, time elapsed: 5.48s
Optimization restart 1/5, f = 19.30229602463801
Optimization restart 2/5, f = 19.302296025038448
Optimization restart 3/5, f = 19.302296024585953
Optimization restart 4/5, f = 19.3022960245844
Optimization restart 5/5, f = 19.30229602459124
f inputs x:[[ 0.04209792  0.02370298  0.03665445 -0.00028968]] ev:{} outputs y:1.4579996953966576 (n:0.0) c:1.0
num acquisition: 35, time elapsed: 5.68s
Optimization restart 1/5, f = 19.555318361217147
Optimization restart 2/5, f = 19.55531836204021
Optimization restart 3/5, f = 19.55531836131675
Optimization restart 4/5, f = 19.555318361165575
Optimization restart 5/5, f = 19.555318361453132
f inputs x:[[ 0.1317446   0.02797002  0.05300794 -0.05835787]] ev:{} outputs y:1.8038566464730057 (n:0.0) c:1.0
num acquisition: 36, time elapsed: 5.96s
Optimization restart 1/5, f = 19.21578095668211
Optimization restart 2/5, f = 19.21578084880802
Optimization restart 3/5, f = 19.215780955573006
Optimization restart 4/5, f = 19.21580800426028
Optimization restart 5/5, f = 21.03651347598048
f inputs x:[[-1.  1.  1. -1.]] ev:{} outputs y:8.482694290381872 (n:0.0) c:1.0
num acquisition: 37, time elapsed: 6.10s
Optimization restart 1/5, f = 20.07978386899785
Optimization restart 2/5, f = 21.647354132388358
Optimization restart 3/5, f = 20.07978082200239
Optimization restart 4/5, f = 20.07977945031859
Optimization restart 5/5, f = 20.079779448510205
f inputs x:[[1. 1. 1. 1.]] ev:{} outputs y:7.2343800236235465 (n:-0.0) c:1.0
num acquisition: 38, time elapsed: 6.25s
Optimization restart 1/5, f = 21.149032273099937
Optimization restart 2/5, f = 21.14902809271602
Optimization restart 3/5, f = 22.605802374766423
Optimization restart 4/5, f = 21.14902795154524
Optimization restart 5/5, f = 21.14902792026816
f inputs x:[[ 1.         -0.0579672   1.          0.21334504]] ev:{} outputs y:8.213415866674886 (n:-0.0) c:1.0
num acquisition: 39, time elapsed: 6.40s
Optimization restart 1/5, f = 21.931657342363216
Optimization restart 2/5, f = 21.931655694268123
Optimization restart 3/5, f = 21.93165302862077
Optimization restart 4/5, f = 23.08317301704485
Optimization restart 5/5, f = 21.931653158937465
f inputs x:[[ 0.02941528  0.06366963 -0.34307789 -1.        ]] ev:{} outputs y:6.558119932794242 (n:0.0) c:1.0
num acquisition: 40, time elapsed: 6.56s
Optimization restart 1/5, f = 23.0486281141303
Optimization restart 2/5, f = 23.04862392912045
Optimization restart 3/5, f = 23.897144642426994
Optimization restart 4/5, f = 23.048624400831677
Optimization restart 5/5, f = 23.048624000959002
f inputs x:[[-1.          0.02504709 -1.          0.03530243]] ev:{} outputs y:8.25752384779434 (n:-0.0) c:1.0
num acquisition: 41, time elapsed: 6.74s
Optimization restart 1/5, f = 23.760412842720847
Optimization restart 2/5, f = 23.76040897092268
Optimization restart 3/5, f = 23.760408903029123
Optimization restart 4/5, f = 23.760409039272933
Optimization restart 5/5, f = 24.257274103979245
f inputs x:[[-1.          1.          0.48449924  1.        ]] ev:{} outputs y:7.38426983784129 (n:-0.0) c:1.0
num acquisition: 42, time elapsed: 6.91s
Optimization restart 1/5, f = 24.7494032044837
Optimization restart 2/5, f = 24.749403632372683
Optimization restart 3/5, f = 24.749399962226303
Optimization restart 4/5, f = 24.749401427874407
Optimization restart 5/5, f = 24.749399289777347
f inputs x:[[-0.24514003 -1.          0.04468576  1.        ]] ev:{} outputs y:7.879173659678334 (n:0.0) c:1.0
num acquisition: 43, time elapsed: 7.08s
Optimization restart 1/5, f = 25.554726687783493
Optimization restart 2/5, f = 25.3888508128558
Optimization restart 3/5, f = 25.38885081277422
Optimization restart 4/5, f = 25.55472288214515
Optimization restart 5/5, f = 25.388850812774425
f inputs x:[[ 0.07114512  0.14964995  0.07002724 -0.04493996]] ev:{} outputs y:2.5332452720043452 (n:0.0) c:1.0
num acquisition: 44, time elapsed: 7.23s
Optimization restart 1/5, f = 24.97214732073818
Optimization restart 2/5, f = 24.972147320872576
Optimization restart 3/5, f = 24.234731987875882
Optimization restart 4/5, f = 24.234730191730712
Optimization restart 5/5, f = 24.972147320828405
f inputs x:[[ 1.00000000e+00  7.13351149e-02 -6.60644681e-04  1.00000000e+00]] ev:{} outputs y:7.631485734630372 (n:-0.0) c:1.0
num acquisition: 45, time elapsed: 7.39s
Optimization restart 1/5, f = 25.076040280708188
Optimization restart 2/5, f = 25.076035011821716
Optimization restart 3/5, f = 25.076035110073622
Optimization restart 4/5, f = 25.51201392952817
Optimization restart 5/5, f = 25.512013929533452
f inputs x:[[ 1.          1.         -0.00609228  0.00684425]] ev:{} outputs y:7.711819149705024 (n:-0.0) c:1.0
num acquisition: 46, time elapsed: 7.53s
Optimization restart 1/5, f = 25.88223228277785
Optimization restart 2/5, f = 26.094172223198065
Optimization restart 3/5, f = 25.882226925981417
Optimization restart 4/5, f = 26.09417222330699
Optimization restart 5/5, f = 26.094172223198143
f inputs x:[[ 0.00960016  1.         -1.          0.01766932]] ev:{} outputs y:8.709011439994148 (n:-0.0) c:1.0
num acquisition: 47, time elapsed: 7.69s
Optimization restart 1/5, f = 26.492057420075643
Optimization restart 2/5, f = 26.385612333234945
Optimization restart 3/5, f = 26.385612333411753
Optimization restart 4/5, f = 26.492052015242447
Optimization restart 5/5, f = 26.49205263831933
f inputs x:[[ 0.03136006  0.1208531   0.07505159 -0.00722782]] ev:{} outputs y:2.3109420727047127 (n:0.0) c:1.0
num acquisition: 48, time elapsed: 7.87s
Optimization restart 1/5, f = 25.279026619924366
Optimization restart 2/5, f = 25.279026619933692
Optimization restart 3/5, f = 25.27902661993736
Optimization restart 4/5, f = 27.191940428987436
Optimization restart 5/5, f = 25.279026619924377
f inputs x:[[ 0.0305158   0.11671456  0.07335547 -0.00628898]] ev:{} outputs y:2.2722135222794497 (n:-0.0) c:1.0
num acquisition: 49, time elapsed: 8.04s
Optimization restart 1/5, f = 24.118601436417357
Optimization restart 2/5, f = 21.956107965533022
Optimization restart 3/5, f = 21.956107965574958
Optimization restart 4/5, f = 21.956107965563994
Optimization restart 5/5, f = 24.118601436418082
f inputs x:[[ 1.          0.0033588   0.06982491 -1.        ]] ev:{} outputs y:7.690360955480839 (n:0.0) c:1.0
num acquisition: 50, time elapsed: 8.20s
Optimization restart 1/5, f = 22.78878794421695
Optimization restart 2/5, f = 22.788787944168682
Optimization restart 3/5, f = 22.82932467068267
Optimization restart 4/5, f = 24.556698556504305
Optimization restart 5/5, f = 24.55669855650564
f inputs x:[[-1.          0.06920476  0.07501423 -1.        ]] ev:{} outputs y:7.642531119935326 (n:-0.0) c:1.0
num acquisition: 51, time elapsed: 8.34s
Optimization restart 1/5, f = 23.616735376533697
Optimization restart 2/5, f = 24.994352564700172
Optimization restart 3/5, f = 23.616705295934572
Optimization restart 4/5, f = 24.99435256457659
Optimization restart 5/5, f = 23.6167052959201
f inputs x:[[ 1.         -1.          0.11089233  0.09787383]] ev:{} outputs y:8.609718201194184 (n:-0.0) c:1.0
num acquisition: 52, time elapsed: 8.49s
Optimization restart 1/5, f = 24.25639342698343
Optimization restart 2/5, f = 24.256393427241097
Optimization restart 3/5, f = 24.256393426652274
Optimization restart 4/5, f = 24.256393442728935
Optimization restart 5/5, f = 24.256393426572146
f inputs x:[[-0.48761792  0.02369043 -0.11686378  0.10716475]] ev:{} outputs y:4.662719432559645 (n:-0.0) c:1.0
num acquisition: 53, time elapsed: 8.63s
Optimization restart 1/5, f = 25.333072570633828
Optimization restart 2/5, f = 25.333072570335563
Optimization restart 3/5, f = 25.37563841807416
Optimization restart 4/5, f = 25.333072570552726
Optimization restart 5/5, f = 25.333072570265845
f inputs x:[[-1. -1.  1.  1.]] ev:{} outputs y:8.484388763251047 (n:-0.0) c:1.0
num acquisition: 54, time elapsed: 8.77s
Optimization restart 1/5, f = 26.078668052727476
Optimization restart 2/5, f = 26.078668052723067
Optimization restart 3/5, f = 25.733631254076418
Optimization restart 4/5, f = 26.078668052768602
Optimization restart 5/5, f = 26.078668052656713
f inputs x:[[ 0.04695939  0.11653058  0.0823732  -0.00299779]] ev:{} outputs y:2.2740501662124553 (n:0.0) c:1.0
num acquisition: 55, time elapsed: 8.94s
Optimization restart 1/5, f = 24.491587233370037
Optimization restart 2/5, f = 22.783088479733173
Optimization restart 3/5, f = 22.78308847967572
Optimization restart 4/5, f = 24.491587233376585
Optimization restart 5/5, f = 22.783088479672706
f inputs x:[[ 0.01414693 -0.00665791 -1.          1.        ]] ev:{} outputs y:6.79397077038077 (n:0.0) c:1.0
num acquisition: 56, time elapsed: 9.11s
Optimization restart 1/5, f = 23.79525667592003
Optimization restart 2/5, f = 23.795243068582103
Optimization restart 3/5, f = 23.795243068548135
Optimization restart 4/5, f = 23.79524306857609
Optimization restart 5/5, f = 23.795243068470853
f inputs x:[[ 0.03190286  0.12170936  1.         -1.        ]] ev:{} outputs y:8.36649613750673 (n:0.0) c:1.0
num acquisition: 57, time elapsed: 9.26s
Optimization restart 1/5, f = 24.480156648658213
Optimization restart 2/5, f = 24.48015664864472
Optimization restart 3/5, f = 24.480156649868643
Optimization restart 4/5, f = 24.480156648689857
Optimization restart 5/5, f = 24.480156648758584
f inputs x:[[ 1.          0.02039966 -1.          0.00386487]] ev:{} outputs y:8.271135171733372 (n:-0.0) c:1.0
num acquisition: 58, time elapsed: 9.42s
Optimization restart 1/5, f = 25.181339366862204
Optimization restart 2/5, f = 25.926552271235533
Optimization restart 3/5, f = 25.181339366855333
Optimization restart 4/5, f = 25.181339366964867
Optimization restart 5/5, f = 25.926552271211463
f inputs x:[[-1.          0.03470519  0.05861024  1.        ]] ev:{} outputs y:7.662420777258316 (n:0.0) c:1.0
num acquisition: 59, time elapsed: 9.58s
Optimization restart 1/5, f = 26.01730481294385
Optimization restart 2/5, f = 26.017304812928586
Optimization restart 3/5, f = 26.017304813423834
Optimization restart 4/5, f = 26.366189591375182
Optimization restart 5/5, f = 26.366189591377285
f inputs x:[[-1.          1.          0.16042743 -0.08264678]] ev:{} outputs y:7.588114675148453 (n:-0.0) c:1.0
num acquisition: 60, time elapsed: 9.74s
Optimization restart 1/5, f = 26.840960162151916
Optimization restart 2/5, f = 26.84095699784418
Optimization restart 3/5, f = 26.74552488754817
Optimization restart 4/5, f = 26.84095699783125
Optimization restart 5/5, f = 26.84095699778313
f inputs x:[[0.03919834 0.11641523 0.0805981  0.00644302]] ev:{} outputs y:2.2716236985173994 (n:-0.0) c:1.0
num acquisition: 61, time elapsed: 9.92s
Optimization restart 1/5, f = 25.407269529768527
Optimization restart 2/5, f = 25.40726952976894
Optimization restart 3/5, f = 22.421879402266313
Optimization restart 4/5, f = 22.42187940226851
Optimization restart 5/5, f = 25.40726952982341
f inputs x:[[ 0.16141759  1.         -0.03513306  1.        ]] ev:{} outputs y:7.869770130191372 (n:-0.0) c:1.0
num acquisition: 62, time elapsed: 10.06s
Optimization restart 1/5, f = 23.216552436292552
Optimization restart 2/5, f = 23.21652558091585
Optimization restart 3/5, f = 26.207730428221303
Optimization restart 4/5, f = 23.21652558087665
Optimization restart 5/5, f = 23.21652560944979
f inputs x:[[ 0.03788444 -0.00346832 -0.00087775 -0.02710463]] ev:{} outputs y:1.4337593330584177 (n:0.0) c:1.0
num acquisition: 63, time elapsed: 10.25s
Optimization restart 1/5, f = 21.04578629973988
Optimization restart 2/5, f = 21.04578629975901
Optimization restart 3/5, f = 21.045786299692466
Optimization restart 4/5, f = 21.045786299719317
Optimization restart 5/5, f = 28.08303068406172
f inputs x:[[-0.05436564 -1.         -0.07750465 -1.        ]] ev:{} outputs y:7.923744868857849 (n:0.0) c:1.0
num acquisition: 64, time elapsed: 10.39s
Optimization restart 1/5, f = 21.80241063286679
Optimization restart 2/5, f = 21.80241063520824
Optimization restart 3/5, f = 21.8024106328145
Optimization restart 4/5, f = 21.802410632869524
Optimization restart 5/5, f = 28.389261794378406
f inputs x:[[ 0.04240601  1.          0.03597557 -1.        ]] ev:{} outputs y:7.839820783543923 (n:0.0) c:1.0
num acquisition: 65, time elapsed: 10.56s
Optimization restart 1/5, f = 22.530609370205987
Optimization restart 2/5, f = 22.530609370294137
Optimization restart 3/5, f = 22.530609370183633
Optimization restart 4/5, f = 28.74466025085931
Optimization restart 5/5, f = 22.530609370240875
f inputs x:[[-0.08510303 -1.         -1.          0.03651589]] ev:{} outputs y:8.707252200932398 (n:0.0) c:1.0
num acquisition: 66, time elapsed: 10.73s
Optimization restart 1/5, f = 23.087190697713837
Optimization restart 2/5, f = 23.087190697689508
Optimization restart 3/5, f = 28.757471734021593
Optimization restart 4/5, f = 28.757471734035555
Optimization restart 5/5, f = 23.087190697716416
f inputs x:[[-0.05885674 -1.          1.         -0.08498268]] ev:{} outputs y:7.939855904057822 (n:0.0) c:1.0
num acquisition: 67, time elapsed: 10.90s
Optimization restart 1/5, f = 23.803565078921608
Optimization restart 2/5, f = 23.803561760357695
Optimization restart 3/5, f = 23.80356176040401
Optimization restart 4/5, f = 23.803561760406012
Optimization restart 5/5, f = 23.80356176030854
f inputs x:[[ 0.53739207  0.2841496   0.21453093 -0.01071224]] ev:{} outputs y:3.8446254691108375 (n:0.0) c:1.0
num acquisition: 68, time elapsed: 11.08s
Optimization restart 1/5, f = 25.12695629821284
Optimization restart 2/5, f = 28.959708429145607
Optimization restart 3/5, f = 28.959708429145458
Optimization restart 4/5, f = 25.126956298189604
Optimization restart 5/5, f = 25.126956298380478
f inputs x:[[ 0.43584352  1.          1.         -0.02617231]] ev:{} outputs y:7.7935467700680165 (n:0.0) c:1.0
num acquisition: 69, time elapsed: 11.26s
Optimization restart 1/5, f = 25.866687280572776
Optimization restart 2/5, f = 25.86668728067297
Optimization restart 3/5, f = 25.86668728054415
Optimization restart 4/5, f = 29.122436007678544
Optimization restart 5/5, f = 29.122436007676207
f inputs x:[[ 0.49353648  0.25093526 -0.19026693 -0.23010824]] ev:{} outputs y:4.705141966407676 (n:-0.0) c:1.0
num acquisition: 70, time elapsed: 11.47s
Optimization restart 1/5, f = 26.85182235848628
Optimization restart 2/5, f = 26.851822358589757
Optimization restart 3/5, f = 26.851822358462833
Optimization restart 4/5, f = 26.851822358965087
Optimization restart 5/5, f = 29.495413075890042
f inputs x:[[-1.         -1.         -0.05493876 -0.1567191 ]] ev:{} outputs y:8.662756204252483 (n:-0.0) c:1.0
num acquisition: 71, time elapsed: 11.67s
Optimization restart 1/5, f = 27.388117679701722
Optimization restart 2/5, f = 27.38811767961525
Optimization restart 3/5, f = 29.408453315061514
Optimization restart 4/5, f = 27.38811767973828
Optimization restart 5/5, f = 27.388117679601095
f inputs x:[[-1.          0.18647449  1.         -0.13870599]] ev:{} outputs y:8.251302603146039 (n:0.0) c:1.0
num acquisition: 72, time elapsed: 11.88s
Optimization restart 1/5, f = 28.01062731496166
Optimization restart 2/5, f = 29.577978358217628
Optimization restart 3/5, f = 28.010627321903257
Optimization restart 4/5, f = 29.577978358217926
Optimization restart 5/5, f = 29.577978358232627
f inputs x:[[-0.52297055 -0.07528996  1.          1.        ]] ev:{} outputs y:6.954138474131183 (n:-0.0) c:1.0
num acquisition: 73, time elapsed: 12.05s
Optimization restart 1/5, f = 28.880103085284127
Optimization restart 2/5, f = 28.88010308498987
Optimization restart 3/5, f = 28.880103085164855
Optimization restart 4/5, f = 28.88010309307161
Optimization restart 5/5, f = 29.87097122531673
f inputs x:[[-0.23186647 -0.01144556 -1.         -1.        ]] ev:{} outputs y:8.37470782557778 (n:0.0) c:1.0
num acquisition: 74, time elapsed: 12.29s
Optimization restart 1/5, f = 29.47872569750505
Optimization restart 2/5, f = 29.807929752656598
Optimization restart 3/5, f = 29.478725697617364
Optimization restart 4/5, f = 29.478725697760986
Optimization restart 5/5, f = 29.478725697625926
f inputs x:[[ 0.43714341  0.25164012  0.29641265 -0.41366889]] ev:{} outputs y:5.130148270855401 (n:-0.0) c:1.0
num acquisition: 75, time elapsed: 12.45s
Optimization restart 1/5, f = 30.437005213198844
Optimization restart 2/5, f = 30.437005212646284
Optimization restart 3/5, f = 30.43700521260908
Optimization restart 4/5, f = 30.437005212574036
Optimization restart 5/5, f = 30.325495118738957
f inputs x:[[0.03844677 0.11029272 0.07657178 0.04036493]] ev:{} outputs y:2.245108202566335 (n:0.0) c:1.0
num acquisition: 76, time elapsed: 12.64s
Optimization restart 1/5, f = 28.94946948950625
Optimization restart 2/5, f = 26.941761757635625
Optimization restart 3/5, f = 26.94176175762835
Optimization restart 4/5, f = 28.949469443042872
Optimization restart 5/5, f = 26.941761757523096
f inputs x:[[ 1.          0.06879114  0.05981042 -0.03737707]] ev:{} outputs y:7.407632786266617 (n:-0.0) c:1.0
num acquisition: 77, time elapsed: 12.81s
Optimization restart 1/5, f = 27.82220388042193
Optimization restart 2/5, f = 27.822203278377515
Optimization restart 3/5, f = 29.839027639456155
Optimization restart 4/5, f = 27.82220327836302
Optimization restart 5/5, f = 27.917119501084194
f inputs x:[[ 0.28473665  0.6909997   0.17606566 -0.0277123 ]] ev:{} outputs y:5.967389911156156 (n:0.0) c:1.0
num acquisition: 78, time elapsed: 13.03s
Optimization restart 1/5, f = 28.771058627561608
Optimization restart 2/5, f = 28.77105862778786
Optimization restart 3/5, f = 28.771058627806077
Optimization restart 4/5, f = 31.955667717653697
Optimization restart 5/5, f = 28.88517113985742
f inputs x:[[0.5876245  0.04351238 1.         1.        ]] ev:{} outputs y:6.9703125062585425 (n:0.0) c:1.0
num acquisition: 79, time elapsed: 13.21s
Optimization restart 1/5, f = 29.641084680622328
Optimization restart 2/5, f = 29.64107111493737
Optimization restart 3/5, f = 32.272447031648
Optimization restart 4/5, f = 29.641071107685377
Optimization restart 5/5, f = 29.64107110779176
f inputs x:[[-0.03781993 -0.12068897 -0.18109609  1.        ]] ev:{} outputs y:5.980518674108087 (n:-0.0) c:1.0
num acquisition: 80, time elapsed: 13.39s
Optimization restart 1/5, f = 30.78657968837672
Optimization restart 2/5, f = 30.786577651538423
Optimization restart 3/5, f = 30.786577651453882
Optimization restart 4/5, f = 30.786577651497588
Optimization restart 5/5, f = 32.5490083459247
f inputs x:[[ 1.         -1.          0.37536301  1.        ]] ev:{} outputs y:8.574295229820112 (n:-0.0) c:1.0
num acquisition: 81, time elapsed: 13.57s
Optimization restart 1/5, f = 31.322820385085215
Optimization restart 2/5, f = 32.63269428375463
Optimization restart 3/5, f = 32.63269428375156
Optimization restart 4/5, f = 31.322820385186986
Optimization restart 5/5, f = 31.322820385471637
f inputs x:[[0.30849112 0.15155807 0.50397646 0.10316695]] ev:{} outputs y:5.093198502150659 (n:-0.0) c:1.0
num acquisition: 82, time elapsed: 13.74s
Optimization restart 1/5, f = 32.15466777502638
Optimization restart 2/5, f = 34.233707712154796
Optimization restart 3/5, f = 34.23370771217084
Optimization restart 4/5, f = 34.233707712395116
Optimization restart 5/5, f = 34.23370771215612
f inputs x:[[-0.17592384  0.16931594 -0.34260809 -0.26903001]] ev:{} outputs y:5.232604116274935 (n:-0.0) c:1.0
num acquisition: 83, time elapsed: 13.93s
Optimization restart 1/5, f = 33.01259603656028
Optimization restart 2/5, f = 33.01259603661805
Optimization restart 3/5, f = 35.3233625875765
Optimization restart 4/5, f = 35.3233625879145
Optimization restart 5/5, f = 33.01259604062295
f inputs x:[[ 1.          0.03962263 -1.          1.        ]] ev:{} outputs y:7.858189553571153 (n:-0.0) c:1.0
num acquisition: 84, time elapsed: 14.15s
Optimization restart 1/5, f = 33.61388332918387
Optimization restart 2/5, f = 33.61388332880915
Optimization restart 3/5, f = 33.61388332787639
Optimization restart 4/5, f = 35.48012013996622
Optimization restart 5/5, f = 33.6138833277262
f inputs x:[[-1.          1.          1.          0.29997479]] ev:{} outputs y:7.703196968626672 (n:0.0) c:1.0
num acquisition: 85, time elapsed: 14.33s
Optimization restart 1/5, f = 34.283567211627
Optimization restart 2/5, f = 34.283567210783524
Optimization restart 3/5, f = 35.68409667060005
Optimization restart 4/5, f = 34.28356720987469
Optimization restart 5/5, f = 34.43668195225306
f inputs x:[[-1.         0.0240976 -1.         1.       ]] ev:{} outputs y:7.870791359088569 (n:-0.0) c:1.0
num acquisition: 86, time elapsed: 14.56s
Optimization restart 1/5, f = 34.85872788998224
Optimization restart 2/5, f = 35.88261723354769
Optimization restart 3/5, f = 34.858715282479146
Optimization restart 4/5, f = 35.882617232821936
Optimization restart 5/5, f = 34.85871528247999
f inputs x:[[-7.45127022e-05  1.00000000e+00 -1.00000000e+00  1.00000000e+00]] ev:{} outputs y:8.474101396299003 (n:0.0) c:1.0
num acquisition: 87, time elapsed: 14.77s
Optimization restart 1/5, f = 35.30172931428634
Optimization restart 2/5, f = 35.301729314285325
Optimization restart 3/5, f = 35.3017293142324
Optimization restart 4/5, f = 35.301729314362724
Optimization restart 5/5, f = 35.80171714623021
f inputs x:[[ 1.          1.          0.01772827 -1.        ]] ev:{} outputs y:7.868503530148626 (n:-0.0) c:1.0
num acquisition: 88, time elapsed: 15.00s
Optimization restart 1/5, f = 35.86796876396452
Optimization restart 2/5, f = 35.86796876285889
Optimization restart 3/5, f = 35.86796876293802
Optimization restart 4/5, f = 36.013066705498645
Optimization restart 5/5, f = 35.86796876290702
f inputs x:[[0.49546652 0.31747619 0.1009373  0.43884541]] ev:{} outputs y:4.544303473767452 (n:-0.0) c:1.0
num acquisition: 89, time elapsed: 15.17s
Optimization restart 1/5, f = 37.08806239010862
Optimization restart 2/5, f = 37.088050130166614
Optimization restart 3/5, f = 37.088050130154606
Optimization restart 4/5, f = 35.96582467319773
Optimization restart 5/5, f = 35.965824673197154
f inputs x:[[0.04491302 0.07439446 0.06007182 0.03710365]] ev:{} outputs y:1.9094460043826995 (n:0.0) c:1.0
num acquisition: 90, time elapsed: 15.35s
Optimization restart 1/5, f = 34.553106973673025
Optimization restart 2/5, f = 34.553106973565114
Optimization restart 3/5, f = 34.553106973567395
Optimization restart 4/5, f = 33.04684777719452
Optimization restart 5/5, f = 34.553106973569065
f inputs x:[[1.         1.         0.12544621 1.        ]] ev:{} outputs y:7.786363052178169 (n:-0.0) c:1.0
num acquisition: 91, time elapsed: 15.58s
Optimization restart 1/5, f = 33.666657421162185
Optimization restart 2/5, f = 33.66665741926002
Optimization restart 3/5, f = 33.66665742133283
Optimization restart 4/5, f = 33.66665741954817
Optimization restart 5/5, f = 34.65053915478201
f inputs x:[[-9.27271835e-04 -1.00000000e+00  1.00000000e+00 -1.00000000e+00]] ev:{} outputs y:8.474102436825547 (n:0.0) c:1.0
num acquisition: 92, time elapsed: 15.75s
Optimization restart 1/5, f = 34.0781037260554
Optimization restart 2/5, f = 34.078103726120894
Optimization restart 3/5, f = 34.07810372612968
Optimization restart 4/5, f = 34.54638418510492
Optimization restart 5/5, f = 34.078103726019435
f inputs x:[[ 1.          0.01748259 -1.         -1.        ]] ev:{} outputs y:8.70917160179123 (n:-0.0) c:1.0
num acquisition: 93, time elapsed: 15.98s
Optimization restart 1/5, f = 34.40563546633539
Optimization restart 2/5, f = 34.614304722838725
Optimization restart 3/5, f = 34.405635466359435
Optimization restart 4/5, f = 34.36230831404583
Optimization restart 5/5, f = 34.40563546643474
f inputs x:[[0.04600435 0.07532986 0.05954518 0.04025884]] ev:{} outputs y:1.9228942415651513 (n:-0.0) c:1.0
num acquisition: 94, time elapsed: 16.21s
Optimization restart 1/5, f = 32.8815626248793
Optimization restart 2/5, f = 32.881562624810925
Optimization restart 3/5, f = 28.932637333076684
Optimization restart 4/5, f = 29.024835686897532
Optimization restart 5/5, f = 28.93263733323822
f inputs x:[[-0.0913692 -0.3519799  0.4043527  0.6272135]] ev:{} outputs y:4.68121998653959 (n:0.0) c:1.0
num acquisition: 95, time elapsed: 16.40s
Optimization restart 1/5, f = 30.328388801528384
Optimization restart 2/5, f = 33.52295966211112
Optimization restart 3/5, f = 33.52295966750029
Optimization restart 4/5, f = 33.52295966210823
Optimization restart 5/5, f = 30.328388801678983
f inputs x:[[-0.41861632 -0.1885512   0.08828853  0.57935458]] ev:{} outputs y:5.5833981213045165 (n:0.0) c:1.0
num acquisition: 96, time elapsed: 16.63s
Optimization restart 1/5, f = 31.168693755295088
Optimization restart 2/5, f = 31.168693755765993
Optimization restart 3/5, f = 31.168693755519698
Optimization restart 4/5, f = 31.16869375546233
Optimization restart 5/5, f = 34.22807537340598
f inputs x:[[-0.2956753  1.         1.         1.       ]] ev:{} outputs y:7.098195004383556 (n:0.0) c:1.0
num acquisition: 97, time elapsed: 16.87s
Optimization restart 1/5, f = 31.96779091566271
Optimization restart 2/5, f = 31.967790915346498
Optimization restart 3/5, f = 31.967790915028836
Optimization restart 4/5, f = 34.54085777654297
Optimization restart 5/5, f = 34.54085777655094
f inputs x:[[ 1.          0.01594448  1.         -1.        ]] ev:{} outputs y:8.708093655414585 (n:0.0) c:1.0
num acquisition: 98, time elapsed: 17.10s
Optimization restart 1/5, f = 32.303292474011016
Optimization restart 2/5, f = 32.30329247289078
Optimization restart 3/5, f = 32.30329247362477
Optimization restart 4/5, f = 32.303292473281886
Optimization restart 5/5, f = 32.30329247374822
f inputs x:[[ 0.29897068 -0.25830813  0.34231317  1.        ]] ev:{} outputs y:5.8444137694074145 (n:-0.0) c:1.0
num acquisition: 99, time elapsed: 17.35s
Optimization restart 1/5, f = 33.24533542402105
Optimization restart 2/5, f = 34.386106642063496
Optimization restart 3/5, f = 33.24533542425584
Optimization restart 4/5, f = 33.24533542408625
Optimization restart 5/5, f = 33.24533542445015
f inputs x:[[-0.02345605 -0.40041439  1.          0.47079487]] ev:{} outputs y:7.175265385497021 (n:-0.0) c:1.0
num acquisition: 100, time elapsed: 17.57s
Optimization restart 1/5, f = 33.98027989654375
Optimization restart 2/5, f = 34.76116756865879
Optimization restart 3/5, f = 34.76116756862644
Optimization restart 4/5, f = 33.98027989677478
Optimization restart 5/5, f = 33.98027989710361
f inputs x:[[-1.          1.         -0.76590156  0.03958474]] ev:{} outputs y:8.381565277453012 (n:0.0) c:1.0
num acquisition: 101, time elapsed: 17.81s
Optimization restart 1/5, f = 34.35819853959997
Optimization restart 2/5, f = 34.3581985391631
Optimization restart 3/5, f = 34.668427452207105
Optimization restart 4/5, f = 34.35819853926499
Optimization restart 5/5, f = 34.35819854284778
f inputs x:[[ 0.01895761 -1.         -1.          1.        ]] ev:{} outputs y:8.47592329039113 (n:-0.0) c:1.0
num acquisition: 102, time elapsed: 18.10s
Optimization restart 1/5, f = 34.73792347051732
Optimization restart 2/5, f = 34.546872732983395
Optimization restart 3/5, f = 34.546872733021
Optimization restart 4/5, f = 34.546872732996526
Optimization restart 5/5, f = 34.54687273299048
f inputs x:[[0.04435428 0.07630003 0.066984   0.04713787]] ev:{} outputs y:1.9946016152256927 (n:-0.0) c:1.0
num acquisition: 103, time elapsed: 18.33s
Optimization restart 1/5, f = 32.934714379961804
Optimization restart 2/5, f = 31.872458884581718
Optimization restart 3/5, f = 31.872458884561354
Optimization restart 4/5, f = 31.87245888465486
Optimization restart 5/5, f = 31.872458884905114
f inputs x:[[ 0.0165226  1.        -1.        -1.       ]] ev:{} outputs y:9.014879525443385 (n:-0.0) c:1.0
num acquisition: 104, time elapsed: 18.55s
Optimization restart 1/5, f = 32.105150727173644
Optimization restart 2/5, f = 32.105150726900575
Optimization restart 3/5, f = 32.105150727159426
Optimization restart 4/5, f = 32.10515072690623
Optimization restart 5/5, f = 32.1051507272436
f inputs x:[[-0.53899913  0.27054808  0.26382558  0.06157159]] ev:{} outputs y:4.0635240974560505 (n:-0.0) c:1.0
num acquisition: 105, time elapsed: 18.83s
Optimization restart 1/5, f = 33.32801870685879
Optimization restart 2/5, f = 32.56012282279943
Optimization restart 3/5, f = 32.56012282280958
Optimization restart 4/5, f = 33.32801870655002
Optimization restart 5/5, f = 33.328018706494646
f inputs x:[[0.03477535 0.07853322 0.07393444 0.04585341]] ev:{} outputs y:2.053257385747862 (n:-0.0) c:1.0
num acquisition: 106, time elapsed: 19.09s
Optimization restart 1/5, f = 30.9249481848218
Optimization restart 2/5, f = 28.06518649325362
Optimization restart 3/5, f = 28.06518648487075
Optimization restart 4/5, f = 28.065186262673706
Optimization restart 5/5, f = 28.06518615573205
f inputs x:[[0.31836308 0.1007362  0.01611083 0.04082159]] ev:{} outputs y:2.0997058661917403 (n:-0.0) c:1.0
num acquisition: 107, time elapsed: 19.39s
Optimization restart 1/5, f = 27.57073126314475
Optimization restart 2/5, f = 27.57009109708855
Optimization restart 3/5, f = 27.570091389056216
Optimization restart 4/5, f = 27.57009113061062
Optimization restart 5/5, f = 27.570091159813018
f inputs x:[[-0.53803417 -0.08929566  0.00263063 -0.34591397]] ev:{} outputs y:5.534381399059548 (n:-0.0) c:1.0
num acquisition: 108, time elapsed: 19.72s
Optimization restart 1/5, f = 28.40742445172277
Optimization restart 2/5, f = 31.283911683427554
Optimization restart 3/5, f = 28.406788089655166
Optimization restart 4/5, f = 28.406788035712836
Optimization restart 5/5, f = 28.406788041117643
f inputs x:[[-1.          0.25373369  0.21170454  0.24509194]] ev:{} outputs y:7.225251784335756 (n:-0.0) c:1.0
num acquisition: 109, time elapsed: 20.01s
Optimization restart 1/5, f = 29.23708082765134
Optimization restart 2/5, f = 32.09543858451096
Optimization restart 3/5, f = 29.236444981880737
Optimization restart 4/5, f = 29.236472044251443
Optimization restart 5/5, f = 32.0954385844888
f inputs x:[[ 1.         -1.          0.00405205 -1.        ]] ev:{} outputs y:8.712880154045482 (n:-0.0) c:1.0
num acquisition: 110, time elapsed: 20.21s
Optimization restart 1/5, f = 29.55416735897851
Optimization restart 2/5, f = 31.85000329754449
Optimization restart 3/5, f = 29.554167302253624
Optimization restart 4/5, f = 29.55416733095354
Optimization restart 5/5, f = 29.554167331282116
f inputs x:[[-0.03828857  1.          1.         -1.        ]] ev:{} outputs y:8.471897283536332 (n:0.0) c:1.0
num acquisition: 111, time elapsed: 20.53s
Optimization restart 1/5, f = 29.955114768864647
Optimization restart 2/5, f = 29.955116077881144
Optimization restart 3/5, f = 29.955117645439323
Optimization restart 4/5, f = 29.955123250095653
Optimization restart 5/5, f = 29.95519947923686
f inputs x:[[ 0.53446706  0.03675523 -0.19918815  0.2779565 ]] ev:{} outputs y:5.0953463739834985 (n:-0.0) c:1.0
num acquisition: 112, time elapsed: 20.86s
Optimization restart 1/5, f = 30.631202289149677
Optimization restart 2/5, f = 30.63057492545525
Optimization restart 3/5, f = 30.630574624568624
Optimization restart 4/5, f = 30.630574620159734
Optimization restart 5/5, f = 32.42709378044963
f inputs x:[[-1.          1.          0.00590962 -1.        ]] ev:{} outputs y:7.879139179844166 (n:0.0) c:1.0
num acquisition: 113, time elapsed: 21.14s
Optimization restart 1/5, f = 31.18541009838598
Optimization restart 2/5, f = 32.534341063318784
Optimization restart 3/5, f = 31.184793780096513
Optimization restart 4/5, f = 32.53434106333702
Optimization restart 5/5, f = 32.53434106331891
f inputs x:[[-0.39139713 -0.04542958  0.28306123  0.1556454 ]] ev:{} outputs y:4.525735536126596 (n:0.0) c:1.0
num acquisition: 114, time elapsed: 21.37s
Optimization restart 1/5, f = 31.717455599005945
Optimization restart 2/5, f = 31.716846972873874
Optimization restart 3/5, f = 31.71684696519135
Optimization restart 4/5, f = 31.71684750667871
Optimization restart 5/5, f = 31.71684725819206
f inputs x:[[-0.09020875 -1.          0.17842263  0.17689556]] ev:{} outputs y:7.558464658525851 (n:-0.0) c:1.0
num acquisition: 115, time elapsed: 21.69s
Optimization restart 1/5, f = 32.333080422499776
Optimization restart 2/5, f = 33.497238860547796
Optimization restart 3/5, f = 33.497238860972125
Optimization restart 4/5, f = 33.4972388604921
Optimization restart 5/5, f = 33.49723886047953
f inputs x:[[ 0.03615305 -0.00857077 -1.          0.13531896]] ev:{} outputs y:7.583865896117089 (n:0.0) c:1.0
num acquisition: 116, time elapsed: 21.92s
Optimization restart 1/5, f = 32.939948311102356
Optimization restart 2/5, f = 33.71235063136473
Optimization restart 3/5, f = 32.9393460309952
Optimization restart 4/5, f = 33.712350631367094
Optimization restart 5/5, f = 32.939353762289194
f inputs x:[[-0.33542504  1.          0.30514711  0.18413166]] ev:{} outputs y:7.331418261146744 (n:-0.0) c:1.0
num acquisition: 117, time elapsed: 22.19s
Optimization restart 1/5, f = 33.651965940971415
Optimization restart 2/5, f = 33.65137529202552
Optimization restart 3/5, f = 33.651367659483846
Optimization restart 4/5, f = 33.6513752685953
Optimization restart 5/5, f = 33.65136875528535
f inputs x:[[-1.         -1.         -0.00300372  1.        ]] ev:{} outputs y:8.716212316152921 (n:0.0) c:1.0
num acquisition: 118, time elapsed: 22.50s
Optimization restart 1/5, f = 33.94258030928409
Optimization restart 2/5, f = 33.94258082832802
Optimization restart 3/5, f = 33.94258257641641
Optimization restart 4/5, f = 33.942580227973906
Optimization restart 5/5, f = 33.99841509932172
f inputs x:[[ 1.         1.        -1.         0.0579761]] ev:{} outputs y:8.704636799007082 (n:0.0) c:1.0
num acquisition: 119, time elapsed: 22.77s
Optimization restart 1/5, f = 34.32016983880587
Optimization restart 2/5, f = 33.74639233037118
Optimization restart 3/5, f = 34.320170002917436
Optimization restart 4/5, f = 33.746392330370774
Optimization restart 5/5, f = 34.32016996362762
f inputs x:[[0.0626796  0.08709509 0.0609792  0.0453123 ]] ev:{} outputs y:1.9856502141195278 (n:0.0) c:1.0
num acquisition: 120, time elapsed: 23.11s
Optimization restart 1/5, f = 32.05998405805854
Optimization restart 2/5, f = 32.0599840575138
Optimization restart 3/5, f = 32.059984057604666
Optimization restart 4/5, f = 32.05998405750085
Optimization restart 5/5, f = 32.05998405763885
f inputs x:[[0.06400513 0.0872919  0.06014161 0.0457543 ]] ev:{} outputs y:1.9821202318775402 (n:-0.0) c:1.0
num acquisition: 121, time elapsed: 23.42s
Optimization restart 1/5, f = 30.38562611882535
Optimization restart 2/5, f = 23.286610214596593
Optimization restart 3/5, f = 30.38562611844172
Optimization restart 4/5, f = 30.385626118443675
Optimization restart 5/5, f = 23.28661028682386
f inputs x:[[0.40132958 0.56767347 0.56628205 1.        ]] ev:{} outputs y:4.355498270931967 (n:-0.0) c:1.0
num acquisition: 122, time elapsed: 23.65s
Optimization restart 1/5, f = 25.53557844304899
Optimization restart 2/5, f = 25.533507199986055
Optimization restart 3/5, f = 25.533508663160205
Optimization restart 4/5, f = 25.533507231082893
Optimization restart 5/5, f = 25.533507712208532
f inputs x:[[0.5983088  0.57155499 0.58772719 0.56105992]] ev:{} outputs y:3.1709136434411946 (n:-0.0) c:1.0
num acquisition: 123, time elapsed: 24.07s
Optimization restart 1/5, f = 27.89749418569494
Optimization restart 2/5, f = 27.895396262397185
Optimization restart 3/5, f = 27.895396844957475
Optimization restart 4/5, f = 27.89539645652431
Optimization restart 5/5, f = 44.87681865781762
f inputs x:[[0.49340672 0.63560082 0.92532503 0.67807555]] ev:{} outputs y:6.212455109739853 (n:0.0) c:1.0
num acquisition: 124, time elapsed: 24.44s
Optimization restart 1/5, f = 29.320112670900173
Optimization restart 2/5, f = 29.318017841609404
Optimization restart 3/5, f = 29.31801791622378
Optimization restart 4/5, f = 29.318017905325362
Optimization restart 5/5, f = 29.318017892091447
f inputs x:[[0.76690415 0.40743067 0.49223927 0.73021934]] ev:{} outputs y:5.705530448407336 (n:-0.0) c:1.0
num acquisition: 125, time elapsed: 24.84s
Optimization restart 1/5, f = 31.107790661147405
Optimization restart 2/5, f = 31.10574079655909
Optimization restart 3/5, f = 31.105741677943726
Optimization restart 4/5, f = 47.60922533485514
Optimization restart 5/5, f = 31.10574068085161
f inputs x:[[0.42296463 0.70024478 0.41324196 0.55435323]] ev:{} outputs y:5.356731248322128 (n:0.0) c:1.0
num acquisition: 126, time elapsed: 25.26s
Optimization restart 1/5, f = 33.805312481400335
Optimization restart 2/5, f = 33.80332487971458
Optimization restart 3/5, f = 33.803376697700784
Optimization restart 4/5, f = 33.803318036303494
Optimization restart 5/5, f = 48.219760668522085
f inputs x:[[0.76712496 0.58422845 0.6030426  0.27314613]] ev:{} outputs y:5.5619101036054515 (n:0.0) c:1.0
num acquisition: 127, time elapsed: 25.63s
Optimization restart 1/5, f = 35.164456365213795
Optimization restart 2/5, f = 35.162469556472175
Optimization restart 3/5, f = 48.27240576224216
Optimization restart 4/5, f = 35.16247267082065
Optimization restart 5/5, f = 35.16247065150445
f inputs x:[[0.4278711  0.35267814 0.56744577 0.54831196]] ev:{} outputs y:3.8611972854352232 (n:0.0) c:1.0
num acquisition: 128, time elapsed: 26.01s
Optimization restart 1/5, f = 35.48396989654299
Optimization restart 2/5, f = 48.50516366222679
Optimization restart 3/5, f = 48.505163662206016
Optimization restart 4/5, f = 35.48197815100406
Optimization restart 5/5, f = 48.50516366220545
f inputs x:[[-1.          0.40543219  1.          1.        ]] ev:{} outputs y:7.489011474499135 (n:0.0) c:1.0
num acquisition: 129, time elapsed: 26.36s
Optimization restart 1/5, f = 36.18717407832459
Optimization restart 2/5, f = 48.71337454637626
Optimization restart 3/5, f = 36.18518820949541
Optimization restart 4/5, f = 36.185188343477535
Optimization restart 5/5, f = 36.18518961882704
f inputs x:[[ 1.         -1.         -1.          0.00967394]] ev:{} outputs y:9.164986133351778 (n:0.0) c:1.0
num acquisition: 130, time elapsed: 26.67s
Optimization restart 1/5, f = 36.4120866185759
Optimization restart 2/5, f = 36.41009395903353
Optimization restart 3/5, f = 36.410147614370416
Optimization restart 4/5, f = 36.41008945340505
Optimization restart 5/5, f = 48.30541356665887
f inputs x:[[-1.         -1.          0.04408886 -1.        ]] ev:{} outputs y:8.703525100492792 (n:0.0) c:1.0
num acquisition: 131, time elapsed: 26.98s
Optimization restart 1/5, f = 36.750289568899504
Optimization restart 2/5, f = 36.7482883283963
Optimization restart 3/5, f = 36.748288325221225
Optimization restart 4/5, f = 36.748288954196695
Optimization restart 5/5, f = 36.74829023599709
f inputs x:[[ 0.05921246  0.00776137  0.01020226 -0.00352669]] ev:{} outputs y:1.3211948786734868 (n:0.0) c:1.0
num acquisition: 132, time elapsed: 27.38s
Optimization restart 1/5, f = 35.59104574703669
Optimization restart 2/5, f = 48.429750645711124
Optimization restart 3/5, f = 48.42975064413518
Optimization restart 4/5, f = 35.58933210889715
Optimization restart 5/5, f = 35.589324357457045
f inputs x:[[-0.41292302  0.42159415  0.28692134 -0.42260393]] ev:{} outputs y:5.049127262778209 (n:-0.0) c:1.0
num acquisition: 133, time elapsed: 27.72s
Optimization restart 1/5, f = 36.78783622139653
Optimization restart 2/5, f = 48.721394982914845
Optimization restart 3/5, f = 48.72139498291182
Optimization restart 4/5, f = 48.721394982915726
Optimization restart 5/5, f = 48.721394982913125
f inputs x:[[-1.         -0.02451248  1.         -1.        ]] ev:{} outputs y:8.720804661457985 (n:-0.0) c:1.0
num acquisition: 134, time elapsed: 28.01s
Optimization restart 1/5, f = 37.19184229786474
Optimization restart 2/5, f = 48.49359965304828
Optimization restart 3/5, f = 37.19009761022498
Optimization restart 4/5, f = 37.190096970798734
Optimization restart 5/5, f = 37.19009674883266
f inputs x:[[ 1.         -1.          1.          0.20417309]] ev:{} outputs y:8.664875247045169 (n:0.0) c:1.0
num acquisition: 135, time elapsed: 28.41s
Optimization restart 1/5, f = 37.636529348357584
Optimization restart 2/5, f = 37.63478431182034
Optimization restart 3/5, f = 37.6347947417251
Optimization restart 4/5, f = 48.344897190424376
Optimization restart 5/5, f = 48.34489719042523
f inputs x:[[-0.1910461   0.06804726  0.23988111 -1.        ]] ev:{} outputs y:6.310522114472899 (n:-0.0) c:1.0
num acquisition: 136, time elapsed: 28.74s
Optimization restart 1/5, f = 38.55172503085538
Optimization restart 2/5, f = 48.49769995179847
Optimization restart 3/5, f = 38.54998749790684
Optimization restart 4/5, f = 48.4976999518571
Optimization restart 5/5, f = 38.549987687068466
f inputs x:[[ 0.02752466 -1.         -1.         -1.        ]] ev:{} outputs y:9.01608499259568 (n:-0.0) c:1.0
num acquisition: 137, time elapsed: 29.09s
Optimization restart 1/5, f = 38.81992592544354
Optimization restart 2/5, f = 38.81818060364469
Optimization restart 3/5, f = 38.818180396947724
Optimization restart 4/5, f = 38.81818033676579
Optimization restart 5/5, f = 48.15255636044404
f inputs x:[[-1.          0.04142178 -1.         -1.        ]] ev:{} outputs y:8.704205973044909 (n:-0.0) c:1.0
num acquisition: 138, time elapsed: 29.51s
Optimization restart 1/5, f = 39.144860908326436
Optimization restart 2/5, f = 39.14311281528927
Optimization restart 3/5, f = 39.14311636992275
Optimization restart 4/5, f = 39.14311289622613
Optimization restart 5/5, f = 47.92770070339225
f inputs x:[[-1.         -1.          1.         -0.01274321]] ev:{} outputs y:8.725695084277966 (n:0.0) c:1.0
num acquisition: 139, time elapsed: 29.81s
Optimization restart 1/5, f = 39.565392665695185
Optimization restart 2/5, f = 39.56364409519088
Optimization restart 3/5, f = 47.70879746470095
Optimization restart 4/5, f = 39.56364387989353
Optimization restart 5/5, f = 47.70879746423205
f inputs x:[[-0.21220313 -1.          1.          1.        ]] ev:{} outputs y:7.269010484694239 (n:-0.0) c:1.0
num acquisition: 140, time elapsed: 30.14s
Optimization restart 1/5, f = 40.28539571136889
Optimization restart 2/5, f = 40.2836553822508
Optimization restart 3/5, f = 40.28365528049744
Optimization restart 4/5, f = 40.28366417038865
Optimization restart 5/5, f = 40.28365516489109
f inputs x:[[ 0.39391021  0.27712952 -0.34287484  1.        ]] ev:{} outputs y:5.862248324457159 (n:-0.0) c:1.0
num acquisition: 141, time elapsed: 30.51s
Optimization restart 1/5, f = 41.32555259565885
Optimization restart 2/5, f = 41.32555259161296
Optimization restart 3/5, f = 41.325553490874626
Optimization restart 4/5, f = 41.32555256809454
Optimization restart 5/5, f = 41.32555257500346
f inputs x:[[-0.60416846  0.44435772 -0.09713871 -0.22366952]] ev:{} outputs y:5.172038125652055 (n:0.0) c:1.0
num acquisition: 142, time elapsed: 30.98s
Optimization restart 1/5, f = 42.22954259181515
Optimization restart 2/5, f = 42.22783355599029
Optimization restart 3/5, f = 48.57143836877941
Optimization restart 4/5, f = 42.22783375138414
Optimization restart 5/5, f = 48.57143836879733
f inputs x:[[ 0.40270272 -0.47997783 -0.47836345  0.66216404]] ev:{} outputs y:6.52192461454948 (n:-0.0) c:1.0
num acquisition: 143, time elapsed: 31.26s
Optimization restart 1/5, f = 43.278078754927776
Optimization restart 2/5, f = 43.27638590642141
Optimization restart 3/5, f = 43.2763923149632
Optimization restart 4/5, f = 43.2763861525014
Optimization restart 5/5, f = 43.27638580050933
f inputs x:[[-0.41480931  0.60366315  0.44513167  1.        ]] ev:{} outputs y:5.38037638852736 (n:0.0) c:1.0
num acquisition: 144, time elapsed: 31.71s
Optimization restart 1/5, f = 44.153004785006004
Optimization restart 2/5, f = 44.15132236615986
Optimization restart 3/5, f = 44.151322317911735
Optimization restart 4/5, f = 44.15132310111193
Optimization restart 5/5, f = 44.15132238282658
f inputs x:[[-0.29801677 -0.28997543  0.44692437  1.        ]] ev:{} outputs y:5.626356329386973 (n:0.0) c:1.0
num acquisition: 145, time elapsed: 32.17s
Optimization restart 1/5, f = 44.991163794488386
Optimization restart 2/5, f = 49.69239722892884
Optimization restart 3/5, f = 44.991164503843095
Optimization restart 4/5, f = 44.991163380951974
Optimization restart 5/5, f = 44.9911633422158
f inputs x:[[ 0.09732415  0.01464756 -0.00620984  0.00142744]] ev:{} outputs y:1.29098422216374 (n:-0.0) c:1.0
num acquisition: 146, time elapsed: 32.70s
Optimization restart 1/5, f = 40.7953321154385
Optimization restart 2/5, f = 40.79533233932776
Optimization restart 3/5, f = 40.79533522198534
Optimization restart 4/5, f = 40.79533214687834
Optimization restart 5/5, f = 40.79533246202115
f inputs x:[[ 0.26566417 -0.24989654  0.03126064 -0.99460738]] ev:{} outputs y:6.194675613281245 (n:0.0) c:1.0
num acquisition: 147, time elapsed: 33.12s
Optimization restart 1/5, f = 41.74976331230292
Optimization restart 2/5, f = 50.23098454009876
Optimization restart 3/5, f = 41.749762744686706
Optimization restart 4/5, f = 50.230984540075
Optimization restart 5/5, f = 41.74976344447228
f inputs x:[[-0.40629409  0.43899637 -0.49321703  0.88698795]] ev:{} outputs y:6.008186682812099 (n:-0.0) c:1.0
num acquisition: 148, time elapsed: 33.45s
Optimization restart 1/5, f = 43.10889474124008
Optimization restart 2/5, f = 50.92704506552312
Optimization restart 3/5, f = 50.92704506540451
Optimization restart 4/5, f = 50.92704506522527
Optimization restart 5/5, f = 50.92704506631331
f inputs x:[[-0.32909991 -0.2287346  -0.57627732  0.69163297]] ev:{} outputs y:5.676114617769028 (n:-0.0) c:1.0
num acquisition: 149, time elapsed: 33.67s
Optimization restart 1/5, f = 44.41578707586703
Optimization restart 2/5, f = 44.413985754776775
Optimization restart 3/5, f = 51.978155867702796
Optimization restart 4/5, f = 44.413979619329325
Optimization restart 5/5, f = 44.41397937829473
f inputs x:[[-0.96927898 -0.81681798 -0.86535038 -0.02185515]] ev:{} outputs y:8.745067520663829 (n:0.0) c:1.0
num acquisition: 150, time elapsed: 34.09s
Optimization restart 1/5, f = 44.60955339097282
Optimization restart 2/5, f = 44.60774120353693
Optimization restart 3/5, f = 51.69706634381713
Optimization restart 4/5, f = 51.697066343830386
Optimization restart 5/5, f = 51.69706634381822
f inputs x:[[-1.          1.         -0.21928835  1.        ]] ev:{} outputs y:7.996707034304983 (n:0.0) c:1.0
num acquisition: 151, time elapsed: 34.39s
Optimization restart 1/5, f = 45.14795417663734
Optimization restart 2/5, f = 45.1461458350785
Optimization restart 3/5, f = 45.146145603449526
Optimization restart 4/5, f = 45.14616000371876
Optimization restart 5/5, f = 45.14614652014896
f inputs x:[[-0.36091925  0.85326852  0.951672   -0.07703988]] ev:{} outputs y:7.5159776299004575 (n:0.0) c:1.0
num acquisition: 152, time elapsed: 34.74s
Optimization restart 1/5, f = 45.71028248898281
Optimization restart 2/5, f = 45.71028274288406
Optimization restart 3/5, f = 45.71028326066383
Optimization restart 4/5, f = 45.71028251070899
Optimization restart 5/5, f = 45.71028255589971
f inputs x:[[ 0.37150588  0.32946932 -0.00485414 -0.9984864 ]] ev:{} outputs y:6.093453110575216 (n:0.0) c:1.0
num acquisition: 153, time elapsed: 35.17s
Optimization restart 1/5, f = 46.63668322055844
Optimization restart 2/5, f = 46.63668353304743
Optimization restart 3/5, f = 51.95496568764386
Optimization restart 4/5, f = 51.9549656876665
Optimization restart 5/5, f = 46.63668332291945
f inputs x:[[-0.215522    0.06449758  0.9313042  -0.2215095 ]] ev:{} outputs y:7.6188564011538285 (n:0.0) c:1.0
num acquisition: 154, time elapsed: 35.54s
Optimization restart 1/5, f = 47.1711022476654
Optimization restart 2/5, f = 47.16931489428907
Optimization restart 3/5, f = 47.16931548594286
Optimization restart 4/5, f = 47.16931562122733
Optimization restart 5/5, f = 47.16931497827292
f inputs x:[[ 0.55585588 -0.36537237 -0.5619731  -0.54195933]] ev:{} outputs y:7.1793004730782615 (n:0.0) c:1.0
num acquisition: 155, time elapsed: 35.97s
Optimization restart 1/5, f = 47.946656717006704
Optimization restart 2/5, f = 47.94488096292628
Optimization restart 3/5, f = 47.944880956687655
Optimization restart 4/5, f = 47.944889948113655
Optimization restart 5/5, f = 47.94490692024533
f inputs x:[[ 0.61572914 -0.25189933  0.33945677  0.46568705]] ev:{} outputs y:6.189371939533352 (n:0.0) c:1.0
num acquisition: 156, time elapsed: 36.38s
Optimization restart 1/5, f = 48.76730196558276
Optimization restart 2/5, f = 48.76730199224127
Optimization restart 3/5, f = 48.767301990078494
Optimization restart 4/5, f = 48.76730554445197
Optimization restart 5/5, f = 48.76730206772248
f inputs x:[[-0.89068034  0.32568675  0.20235022 -0.44877062]] ev:{} outputs y:6.72895758092544 (n:-0.0) c:1.0
num acquisition: 157, time elapsed: 36.79s
Optimization restart 1/5, f = 49.462650536689864
Optimization restart 2/5, f = 49.462650533492166
Optimization restart 3/5, f = 49.46298523852764
Optimization restart 4/5, f = 52.991007421286525
Optimization restart 5/5, f = 49.46265375200011
f inputs x:[[ 0.43884033 -0.57325217  0.36040359 -0.50705917]] ev:{} outputs y:6.536984669501743 (n:-0.0) c:1.0
num acquisition: 158, time elapsed: 37.18s
Optimization restart 1/5, f = 50.540600762212875
Optimization restart 2/5, f = 50.53886345831137
Optimization restart 3/5, f = 50.53886201253704
Optimization restart 4/5, f = 53.16147014224988
Optimization restart 5/5, f = 50.53886199830882
f inputs x:[[-0.10454146  0.44201209 -0.17150374 -0.67438147]] ev:{} outputs y:6.090342726507151 (n:0.0) c:1.0
num acquisition: 159, time elapsed: 37.55s
Optimization restart 1/5, f = 51.2966891045339
Optimization restart 2/5, f = 51.29495975713152
Optimization restart 3/5, f = 51.29496516141731
Optimization restart 4/5, f = 51.29495963562326
Optimization restart 5/5, f = 51.29496139390599
f inputs x:[[-0.3711029  -0.68595442 -0.34344583  0.33013098]] ev:{} outputs y:7.02614905055609 (n:0.0) c:1.0
num acquisition: 160, time elapsed: 37.95s
Optimization restart 1/5, f = 51.969847770306416
Optimization restart 2/5, f = 51.96984780417077
Optimization restart 3/5, f = 51.96985100126548
Optimization restart 4/5, f = 53.44450165871487
Optimization restart 5/5, f = 53.444501658760856
f inputs x:[[ 0.37375301 -0.80113314  0.11001379  0.79442857]] ev:{} outputs y:7.216198380464189 (n:-0.0) c:1.0
num acquisition: 161, time elapsed: 38.32s
Optimization restart 1/5, f = 52.58549503144428
Optimization restart 2/5, f = 52.585495167659815
Optimization restart 3/5, f = 52.58549508825922
Optimization restart 4/5, f = 53.40846489031928
Optimization restart 5/5, f = 52.58549503167967
f inputs x:[[0.21387584 0.3071316  0.12706986 0.88943788]] ev:{} outputs y:5.80073051903698 (n:-0.0) c:1.0
num acquisition: 162, time elapsed: 38.72s
Optimization restart 1/5, f = 53.25846167827851
Optimization restart 2/5, f = 56.23261230753161
Optimization restart 3/5, f = 53.25675739698201
Optimization restart 4/5, f = 53.25675982605773
Optimization restart 5/5, f = 56.23261230829755
f inputs x:[[ 0.1883646   0.05202219 -0.0674964  -0.02966412]] ev:{} outputs y:1.875664716074503 (n:0.0) c:1.0
num acquisition: 163, time elapsed: 39.06s
Optimization restart 1/5, f = 51.185379924460506
Optimization restart 2/5, f = 51.18375970047299
Optimization restart 3/5, f = 51.18375699860698
Optimization restart 4/5, f = 51.18375870435352
Optimization restart 5/5, f = 51.18376345994244
f inputs x:[[-0.35423306  0.38132842 -0.93204225  0.61242175]] ev:{} outputs y:7.110102751146152 (n:-0.0) c:1.0
num acquisition: 164, time elapsed: 39.46s
Optimization restart 1/5, f = 51.810015933546055
Optimization restart 2/5, f = 51.81001591743126
Optimization restart 3/5, f = 51.81001597136222
Optimization restart 4/5, f = 55.38057005789395
Optimization restart 5/5, f = 55.38057005824419
f inputs x:[[ 0.17565095  0.96712176 -0.31905491 -0.42068236]] ev:{} outputs y:7.866433969583498 (n:0.0) c:1.0
num acquisition: 165, time elapsed: 39.86s
Optimization restart 1/5, f = 52.23192760947916
Optimization restart 2/5, f = 55.271435038031015
Optimization restart 3/5, f = 52.23031885361985
Optimization restart 4/5, f = 55.27143503803508
Optimization restart 5/5, f = 52.23031901933115
f inputs x:[[-0.37439042  0.16174074  0.05563127 -0.06889148]] ev:{} outputs y:2.661439847417427 (n:-0.0) c:1.0
num acquisition: 166, time elapsed: 40.16s
Optimization restart 1/5, f = 52.40439094655105
Optimization restart 2/5, f = 52.40270506934499
Optimization restart 3/5, f = 52.402704864351676
Optimization restart 4/5, f = 56.05113001451792
Optimization restart 5/5, f = 56.05113001480912
f inputs x:[[-0.25920697  0.45612602  0.27883681 -0.04507231]] ev:{} outputs y:4.286176109335992 (n:-0.0) c:1.0
num acquisition: 167, time elapsed: 40.54s
Optimization restart 1/5, f = 52.66027106463193
Optimization restart 2/5, f = 52.658588767482485
Optimization restart 3/5, f = 55.78620177931538
Optimization restart 4/5, f = 55.78620177931492
Optimization restart 5/5, f = 52.65858993643141
f inputs x:[[ 0.88523089  0.63801826  0.53574451 -0.50691342]] ev:{} outputs y:6.839210816916399 (n:0.0) c:1.0
num acquisition: 168, time elapsed: 40.92s
Optimization restart 1/5, f = 53.53640562143801
Optimization restart 2/5, f = 53.53473443897457
Optimization restart 3/5, f = 56.411367807038616
Optimization restart 4/5, f = 53.53479893621332
Optimization restart 5/5, f = 56.41136780605807
f inputs x:[[0.96340262 0.95183732 0.86857187 0.32624183]] ev:{} outputs y:7.253307990610153 (n:0.0) c:1.0
num acquisition: 169, time elapsed: 41.17s
Optimization restart 1/5, f = 54.11978938735575
Optimization restart 2/5, f = 56.61559093017081
Optimization restart 3/5, f = 54.11812713714903
Optimization restart 4/5, f = 54.118130385613654
Optimization restart 5/5, f = 54.11812711187633
f inputs x:[[-0.21861915 -0.39891999 -0.42663309 -0.53032394]] ev:{} outputs y:6.541088461198632 (n:-0.0) c:1.0
num acquisition: 170, time elapsed: 41.52s
Optimization restart 1/5, f = 54.96801270614611
Optimization restart 2/5, f = 56.716214324794464
Optimization restart 3/5, f = 54.96637397447668
Optimization restart 4/5, f = 56.716214325228776
Optimization restart 5/5, f = 54.96637390825717
f inputs x:[[ 0.11633441 -0.24957446  0.05948033  0.60396263]] ev:{} outputs y:5.237380589401398 (n:-0.0) c:1.0
num acquisition: 171, time elapsed: 41.88s
Optimization restart 1/5, f = 55.50964023423961
Optimization restart 2/5, f = 55.508001676512805
Optimization restart 3/5, f = 57.483695697536064
Optimization restart 4/5, f = 55.50800196879737
Optimization restart 5/5, f = 55.508001723133134
f inputs x:[[0.03479423 0.62422816 0.62964111 0.99413931]] ev:{} outputs y:5.246928531877956 (n:-0.0) c:1.0
num acquisition: 172, time elapsed: 42.33s
Optimization restart 1/5, f = 56.050834476220416
Optimization restart 2/5, f = 56.04920549165183
Optimization restart 3/5, f = 57.41258194133941
Optimization restart 4/5, f = 56.04921113626426
Optimization restart 5/5, f = 57.41258194134113
f inputs x:[[ 0.9644729  -0.52085507 -0.23708648  0.97221175]] ev:{} outputs y:8.02239996371291 (n:0.0) c:1.0
num acquisition: 173, time elapsed: 42.71s
Optimization restart 1/5, f = 56.41075109206352
Optimization restart 2/5, f = 56.409125247457894
Optimization restart 3/5, f = 57.32611475384101
Optimization restart 4/5, f = 56.40912572474912
Optimization restart 5/5, f = 56.4091260920963
f inputs x:[[ 0.51803235 -0.07453179  0.97489707 -0.3600023 ]] ev:{} outputs y:7.93285945541678 (n:0.0) c:1.0
num acquisition: 174, time elapsed: 43.11s
Optimization restart 1/5, f = 56.78537896193927
Optimization restart 2/5, f = 57.17072060515011
Optimization restart 3/5, f = 57.17072060575646
Optimization restart 4/5, f = 56.783756667421216
Optimization restart 5/5, f = 57.17072060515039
f inputs x:[[ 0.04757279  0.63897537  0.55354962 -0.58458807]] ev:{} outputs y:6.709861689486091 (n:0.0) c:1.0
num acquisition: 175, time elapsed: 43.48s
Optimization restart 1/5, f = 57.507488245697715
Optimization restart 2/5, f = 57.50748979397562
Optimization restart 3/5, f = 57.507489871235066
Optimization restart 4/5, f = 57.5074881271548
Optimization restart 5/5, f = 57.507488537990525
f inputs x:[[-0.20628257 -0.08340384  0.00611114 -0.01902534]] ev:{} outputs y:2.876409674798642 (n:0.0) c:1.0
num acquisition: 176, time elapsed: 44.01s
Optimization restart 1/5, f = 56.638084046860556
Optimization restart 2/5, f = 56.140143422669084
Optimization restart 3/5, f = 56.63654941467718
Optimization restart 4/5, f = 56.636549444251045
Optimization restart 5/5, f = 56.63655078953785
f inputs x:[[0.04722071 0.08213696 0.04309557 0.02321455]] ev:{} outputs y:1.8532369748767363 (n:-0.0) c:1.0
num acquisition: 177, time elapsed: 44.53s
Optimization restart 1/5, f = 54.48652159025805
Optimization restart 2/5, f = 54.48652159026055
Optimization restart 3/5, f = 51.41221502654304
Optimization restart 4/5, f = 51.412205528334624
Optimization restart 5/5, f = 54.48652159025953
f inputs x:[[ 0.99611665 -0.48194853  0.76530928  0.99492709]] ev:{} outputs y:7.904749343872147 (n:-0.0) c:1.0
num acquisition: 178, time elapsed: 45.02s
Optimization restart 1/5, f = 51.801136388082824
Optimization restart 2/5, f = 54.41236746234597
Optimization restart 3/5, f = 51.79936419021968
Optimization restart 4/5, f = 54.41236746239241
Optimization restart 5/5, f = 54.4123674623618
f inputs x:[[-0.0259899   0.02270633 -0.52360948  0.58725043]] ev:{} outputs y:4.814135524072105 (n:-0.0) c:1.0
num acquisition: 179, time elapsed: 45.38s
Optimization restart 1/5, f = 52.86684399508883
Optimization restart 2/5, f = 52.86500931980859
Optimization restart 3/5, f = 54.40649870664869
Optimization restart 4/5, f = 52.86500932763491
Optimization restart 5/5, f = 52.865009365563736
f inputs x:[[ 0.92205165  0.6530356  -0.34904775 -0.55414294]] ev:{} outputs y:7.243603870217014 (n:-0.0) c:1.0
num acquisition: 180, time elapsed: 45.83s
Optimization restart 1/5, f = 53.51563705587873
Optimization restart 2/5, f = 53.51381405062078
Optimization restart 3/5, f = 54.68571908096823
Optimization restart 4/5, f = 53.51382247708467
Optimization restart 5/5, f = 54.685719080959984
f inputs x:[[ 0.18249391 -0.96420835 -0.1920615  -0.45598604]] ev:{} outputs y:7.791745359227547 (n:-0.0) c:1.0
num acquisition: 181, time elapsed: 46.22s
Optimization restart 1/5, f = 53.9130227037991
Optimization restart 2/5, f = 54.60651307080677
Optimization restart 3/5, f = 53.91120456771614
Optimization restart 4/5, f = 53.911205209795284
Optimization restart 5/5, f = 54.60651307081025
f inputs x:[[ 0.16396728  0.00970603 -0.05999412 -0.56702219]] ev:{} outputs y:4.972771531135277 (n:-0.0) c:1.0
num acquisition: 182, time elapsed: 46.69s
Optimization restart 1/5, f = 54.581732638399004
Optimization restart 2/5, f = 55.302340641351634
Optimization restart 3/5, f = 54.57995125524923
Optimization restart 4/5, f = 55.30234064060828
Optimization restart 5/5, f = 55.3023406406009
f inputs x:[[-0.43793355  0.99828092  0.20287562 -0.50174229]] ev:{} outputs y:7.4506212458937355 (n:0.0) c:1.0
num acquisition: 183, time elapsed: 47.08s
Optimization restart 1/5, f = 55.08100639049306
Optimization restart 2/5, f = 55.08100639273469
Optimization restart 3/5, f = 55.205446345132685
Optimization restart 4/5, f = 55.205446345160965
Optimization restart 5/5, f = 55.08100638779054
f inputs x:[[ 0.39143873  0.44881914 -0.94668023 -0.38671322]] ev:{} outputs y:7.95974011639562 (n:-0.0) c:1.0
num acquisition: 184, time elapsed: 47.59s
Optimization restart 1/5, f = 55.427494465192325
Optimization restart 2/5, f = 55.036569861309005
Optimization restart 3/5, f = 55.4274981661528
Optimization restart 4/5, f = 55.42749788060604
Optimization restart 5/5, f = 55.42749427474773
f inputs x:[[0.04375432 0.08729308 0.04012966 0.04188911]] ev:{} outputs y:1.9654235729077236 (n:-0.0) c:1.0
num acquisition: 185, time elapsed: 48.17s
Optimization restart 1/5, f = 53.31116423086266
Optimization restart 2/5, f = 53.31116421621411
Optimization restart 3/5, f = 53.31116421608512
Optimization restart 4/5, f = 51.26027671435625
Optimization restart 5/5, f = 51.2602766160972
f inputs x:[[-0.68106431  0.54228604 -0.37079921 -0.99926358]] ev:{} outputs y:7.060300642859577 (n:0.0) c:1.0
num acquisition: 186, time elapsed: 48.58s
Optimization restart 1/5, f = 52.06136982422318
Optimization restart 2/5, f = 53.89547071110292
Optimization restart 3/5, f = 52.05979406879557
Optimization restart 4/5, f = 53.89547071126604
Optimization restart 5/5, f = 52.05979032768734
f inputs x:[[ 0.18855711 -0.31951431  0.90860541  0.98903383]] ev:{} outputs y:6.176261379895658 (n:0.0) c:1.0
num acquisition: 187, time elapsed: 49.08s
Optimization restart 1/5, f = 52.82204295265518
Optimization restart 2/5, f = 54.08406828020699
Optimization restart 3/5, f = 54.08406828021462
Optimization restart 4/5, f = 54.08406828020654
Optimization restart 5/5, f = 54.084068280206196
f inputs x:[[-0.07543809  0.4516935  -0.41443499  0.4494589 ]] ev:{} outputs y:5.944144801365494 (n:0.0) c:1.0
num acquisition: 188, time elapsed: 49.40s
Optimization restart 1/5, f = 53.511123200150905
Optimization restart 2/5, f = 53.51112316832456
Optimization restart 3/5, f = 55.56797356149265
Optimization restart 4/5, f = 53.511123237791566
Optimization restart 5/5, f = 55.567973561491
f inputs x:[[-0.76807145  0.11899174 -0.49581565  0.55988678]] ev:{} outputs y:6.4404681074605215 (n:-0.0) c:1.0
num acquisition: 189, time elapsed: 49.96s
Optimization restart 1/5, f = 54.348052360814904
Optimization restart 2/5, f = 55.70408530021521
Optimization restart 3/5, f = 54.346507693054264
Optimization restart 4/5, f = 54.346507061405816
Optimization restart 5/5, f = 54.346506757168584
f inputs x:[[ 0.53511614 -0.13361408  0.0212617  -0.28503646]] ev:{} outputs y:5.542871821169301 (n:0.0) c:1.0
num acquisition: 190, time elapsed: 50.44s
Optimization restart 1/5, f = 54.915530728902496
Optimization restart 2/5, f = 54.91405432534353
Optimization restart 3/5, f = 54.91402583816782
Optimization restart 4/5, f = 56.813365443590754
Optimization restart 5/5, f = 54.914025929566066
f inputs x:[[0.27688441 0.08093607 0.15386659 0.18479897]] ev:{} outputs y:3.037218333143704 (n:-0.0) c:1.0
num acquisition: 191, time elapsed: 50.96s
Optimization restart 1/5, f = 54.2369151508245
Optimization restart 2/5, f = 54.235075103141185
Optimization restart 3/5, f = 54.23507500592325
Optimization restart 4/5, f = 54.235075747095095
Optimization restart 5/5, f = 54.23530213279375
f inputs x:[[ 0.92032262  0.67420829 -0.31197958  0.65150652]] ev:{} outputs y:7.0983574748668214 (n:-0.0) c:1.0
num acquisition: 192, time elapsed: 51.51s
Optimization restart 1/5, f = 54.89671637947285
Optimization restart 2/5, f = 54.894887751961704
Optimization restart 3/5, f = 56.08668241147376
Optimization restart 4/5, f = 56.08668241077979
Optimization restart 5/5, f = 54.89488640291083
f inputs x:[[0.41702982 0.93961628 0.7920763  0.95106683]] ev:{} outputs y:6.437411010693439 (n:0.0) c:1.0
num acquisition: 193, time elapsed: 52.01s
Optimization restart 1/5, f = 55.512387034080604
Optimization restart 2/5, f = 55.510572160379354
Optimization restart 3/5, f = 55.51075427773296
Optimization restart 4/5, f = 55.51058016703263
Optimization restart 5/5, f = 56.242599870689745
f inputs x:[[-0.4448426   0.43007651 -0.02524057  0.13939324]] ev:{} outputs y:4.412837434674449 (n:0.0) c:1.0
num acquisition: 194, time elapsed: 52.60s
Optimization restart 1/5, f = 55.82690437550812
Optimization restart 2/5, f = 55.82510061325024
Optimization restart 3/5, f = 55.90253101686139
Optimization restart 4/5, f = 55.825477507609946
Optimization restart 5/5, f = 55.90253101683116
f inputs x:[[ 0.44106614  0.39515064 -0.01275279  0.16949356]] ev:{} outputs y:4.102409634757275 (n:-0.0) c:1.0
num acquisition: 195, time elapsed: 53.16s
Optimization restart 1/5, f = 55.84906404347461
Optimization restart 2/5, f = 55.433493271433804
Optimization restart 3/5, f = 55.847275444098415
Optimization restart 4/5, f = 55.43349327143294
Optimization restart 5/5, f = 55.433493271432795
f inputs x:[[0.03806156 0.08191796 0.04709764 0.0344754 ]] ev:{} outputs y:1.9192752211041966 (n:-0.0) c:1.0
num acquisition: 196, time elapsed: 53.70s
Optimization restart 1/5, f = 53.705989192809426
Optimization restart 2/5, f = 49.98492028540929
Optimization restart 3/5, f = 53.705989192658365
Optimization restart 4/5, f = 49.98492033226066
Optimization restart 5/5, f = 49.984922153649194
f inputs x:[[-0.54364333  0.22781458 -0.01170873  0.9995817 ]] ev:{} outputs y:6.196942920418949 (n:0.0) c:1.0
num acquisition: 197, time elapsed: 54.27s
Optimization restart 1/5, f = 50.60926006673395
Optimization restart 2/5, f = 50.6075623738013
Optimization restart 3/5, f = 50.60756270595249
Optimization restart 4/5, f = 53.811932659255405
Optimization restart 5/5, f = 50.607561329532814
f inputs x:[[-0.17025352 -0.88761847  0.61084904  0.6461836 ]] ev:{} outputs y:6.702570800590855 (n:-0.0) c:1.0
num acquisition: 198, time elapsed: 54.83s
Optimization restart 1/5, f = 51.24739769491484
Optimization restart 2/5, f = 51.24743635986886
Optimization restart 3/5, f = 51.24739812040727
Optimization restart 4/5, f = 53.99474545365452
Optimization restart 5/5, f = 53.99474546982162
f inputs x:[[-0.99439753 -0.1277704  -0.36898832 -0.37799405]] ev:{} outputs y:7.699752502763398 (n:0.0) c:1.0
num acquisition: 199, time elapsed: 55.38s
Optimization restart 1/5, f = 51.644356801521695
Optimization restart 2/5, f = 51.642678965802645
Optimization restart 3/5, f = 53.86158836341673
Optimization restart 4/5, f = 51.64267893990174
Optimization restart 5/5, f = 51.64267895837597
f inputs x:[[ 0.04766752 -0.58329475  0.5512931  -0.98975566]] ev:{} outputs y:7.131446884665638 (n:0.0) c:1.0
num acquisition: 200, time elapsed: 56.03s
Optimization restart 1/5, f = 52.16328411639569
Optimization restart 2/5, f = 52.163284165779515
Optimization restart 3/5, f = 52.16328640125201
Optimization restart 4/5, f = 53.87952368011295
Optimization restart 5/5, f = 52.1632866960241
f inputs x:[[ 0.54553513 -0.07637406 -0.81682208  0.44695982]] ev:{} outputs y:6.744631322125994 (n:0.0) c:1.0
num acquisition: 201, time elapsed: 56.67s
Optimization restart 1/5, f = 52.77741352190762
Optimization restart 2/5, f = 52.77741349297034
Optimization restart 3/5, f = 53.861317880505496
Optimization restart 4/5, f = 52.77741350968719
Optimization restart 5/5, f = 52.777414493510975
f inputs x:[[-0.515327   -0.40938258 -0.322704   -0.97812753]] ev:{} outputs y:7.068050347951845 (n:-0.0) c:1.0
num acquisition: 202, time elapsed: 57.32s
Optimization restart 1/5, f = 53.442987836372794
Optimization restart 2/5, f = 53.44134694120601
Optimization restart 3/5, f = 54.18256761122771
Optimization restart 4/5, f = 53.441346850668026
Optimization restart 5/5, f = 53.441349118314776
f inputs x:[[-0.44690138  0.92351745 -0.33792148  0.47592209]] ev:{} outputs y:7.5840784623931405 (n:0.0) c:1.0
num acquisition: 203, time elapsed: 57.90s
Optimization restart 1/5, f = 53.85265864727779
Optimization restart 2/5, f = 54.037574377288834
Optimization restart 3/5, f = 53.851026205713936
Optimization restart 4/5, f = 54.03757437728751
Optimization restart 5/5, f = 54.03757437736573
f inputs x:[[-0.55239649 -0.10954329  0.57218586  0.66618565]] ev:{} outputs y:5.883653722010471 (n:-0.0) c:1.0
num acquisition: 204, time elapsed: 58.38s
Optimization restart 1/5, f = 54.4166209251255
Optimization restart 2/5, f = 54.415009914047005
Optimization restart 3/5, f = 54.415008459862776
Optimization restart 4/5, f = 53.96009635763339
Optimization restart 5/5, f = 53.96009635760976
f inputs x:[[0.03882213 0.08223876 0.04607829 0.03451562]] ev:{} outputs y:1.917521434677625 (n:0.0) c:1.0
num acquisition: 205, time elapsed: 59.02s
Optimization restart 1/5, f = 52.160321820615636
Optimization restart 2/5, f = 45.934884123314646
Optimization restart 3/5, f = 45.934885193138854
Optimization restart 4/5, f = 45.934884272083735
Optimization restart 5/5, f = 45.93488447086784
f inputs x:[[ 0.14641296 -0.54401344  0.55998223  0.00170722]] ev:{} outputs y:5.7804890764924775 (n:-0.0) c:1.0
num acquisition: 206, time elapsed: 59.71s
Optimization restart 1/5, f = 47.19973641961627
Optimization restart 2/5, f = 47.19973680526702
Optimization restart 3/5, f = 47.19973817983731
Optimization restart 4/5, f = 52.31033899200119
Optimization restart 5/5, f = 52.3103389920866
f inputs x:[[-0.40547022  0.54318369  0.35516369 -0.98607889]] ev:{} outputs y:6.548021987349646 (n:0.0) c:1.0
num acquisition: 207, time elapsed: 60.31s
Optimization restart 1/5, f = 47.98090451014957
Optimization restart 2/5, f = 47.98090453250879
Optimization restart 3/5, f = 47.980904848770294
Optimization restart 4/5, f = 47.980914572089105
Optimization restart 5/5, f = 47.98091503910848
f inputs x:[[-0.98965936 -0.48610816 -0.46044146  0.96699687]] ev:{} outputs y:8.044207516904143 (n:-0.0) c:1.0
num acquisition: 208, time elapsed: 61.15s
Optimization restart 1/5, f = 48.21252137684755
Optimization restart 2/5, f = 52.38943694630947
Optimization restart 3/5, f = 48.21252040085183
Optimization restart 4/5, f = 48.212520370992934
Optimization restart 5/5, f = 52.38943694632148
f inputs x:[[-0.4129377   0.97793955  0.16862371  0.98174521]] ev:{} outputs y:7.5354438388472245 (n:0.0) c:1.0
num acquisition: 209, time elapsed: 61.79s
Optimization restart 1/5, f = 48.674820297993634
Optimization restart 2/5, f = 52.48985136584864
Optimization restart 3/5, f = 52.48985136542656
Optimization restart 4/5, f = 52.489851365454726
Optimization restart 5/5, f = 52.48985136543048
f inputs x:[[-0.18045328  0.00534291 -0.36249216  0.25252971]] ev:{} outputs y:4.154417029274068 (n:-0.0) c:1.0
num acquisition: 210, time elapsed: 62.25s
Optimization restart 1/5, f = 49.214660873031704
Optimization restart 2/5, f = 49.214661979102644
Optimization restart 3/5, f = 49.21466099625742
Optimization restart 4/5, f = 49.21466086547754
Optimization restart 5/5, f = 49.214661225548596
f inputs x:[[ 0.43772759  0.10896192  0.52264043 -0.93941283]] ev:{} outputs y:6.986307836137534 (n:-0.0) c:1.0
num acquisition: 211, time elapsed: 62.95s
Optimization restart 1/5, f = 49.75295948942812
Optimization restart 2/5, f = 49.75296069706167
Optimization restart 3/5, f = 49.75296701582744
Optimization restart 4/5, f = 51.9520294743331
Optimization restart 5/5, f = 49.75295946687663
f inputs x:[[ 0.53210364 -0.92408676  0.76423602 -0.42563018]] ev:{} outputs y:7.811239432889303 (n:-0.0) c:1.0
num acquisition: 212, time elapsed: 63.60s
Optimization restart 1/5, f = 50.06019394363177
Optimization restart 2/5, f = 50.06019268356404
Optimization restart 3/5, f = 50.06020251954632
Optimization restart 4/5, f = 50.060192622312854
Optimization restart 5/5, f = 50.06019271987344
f inputs x:[[ 0.53629055  0.2575548  -0.97459056  0.98625192]] ev:{} outputs y:6.866121872761162 (n:-0.0) c:1.0
num acquisition: 213, time elapsed: 64.31s
Optimization restart 1/5, f = 50.65835440097855
Optimization restart 2/5, f = 50.658355095984135
Optimization restart 3/5, f = 50.65835423798602
Optimization restart 4/5, f = 50.65835384183329
Optimization restart 5/5, f = 50.65835384746708
f inputs x:[[-0.91279572 -0.46740238  0.39068264 -0.52732569]] ev:{} outputs y:7.737312457737473 (n:-0.0) c:1.0
num acquisition: 214, time elapsed: 65.04s
Optimization restart 1/5, f = 51.04011436914125
Optimization restart 2/5, f = 51.04011390781564
Optimization restart 3/5, f = 51.04016611972041
Optimization restart 4/5, f = 51.040116426054226
Optimization restart 5/5, f = 51.871598943828104
f inputs x:[[-0.41750324  0.04728413  0.34599774 -0.18786157]] ev:{} outputs y:5.153955289592001 (n:0.0) c:1.0
num acquisition: 215, time elapsed: 65.81s
Optimization restart 1/5, f = 51.530241971266975
Optimization restart 2/5, f = 51.53024209261696
Optimization restart 3/5, f = 51.530250535566026
Optimization restart 4/5, f = 52.91805564578385
Optimization restart 5/5, f = 52.91805564575486
f inputs x:[[ 0.98312123 -0.43698593  0.63795392 -0.33550674]] ev:{} outputs y:8.024070803799043 (n:0.0) c:1.0
num acquisition: 216, time elapsed: 66.41s
Optimization restart 1/5, f = 51.75817573133432
Optimization restart 2/5, f = 51.75823399172651
Optimization restart 3/5, f = 51.75817566998715
Optimization restart 4/5, f = 52.8024144205566
Optimization restart 5/5, f = 51.75817593281624
f inputs x:[[-0.98081266  0.03782596  0.98344781  0.40275352]] ev:{} outputs y:8.014907612373955 (n:0.0) c:1.0
num acquisition: 217, time elapsed: 67.16s
Optimization restart 1/5, f = 52.0286030354915
Optimization restart 2/5, f = 52.51948956347019
Optimization restart 3/5, f = 52.02860308495998
Optimization restart 4/5, f = 52.02860834636964
Optimization restart 5/5, f = 52.519489563425736
f inputs x:[[ 0.99586418  0.95159671  0.98114319 -0.32546331]] ev:{} outputs y:8.01487532437281 (n:-0.0) c:1.0
num acquisition: 218, time elapsed: 67.79s
Optimization restart 1/5, f = 52.303452133370726
Optimization restart 2/5, f = 52.30344976681209
Optimization restart 3/5, f = 52.303449670580676
Optimization restart 4/5, f = 52.303452515975295
Optimization restart 5/5, f = 52.30345262851553
f inputs x:[[ 0.43419688 -0.68869904  0.66094534  0.38208261]] ev:{} outputs y:6.4647373381796145 (n:0.0) c:1.0
num acquisition: 219, time elapsed: 68.62s
Optimization restart 1/5, f = 52.99715548566542
Optimization restart 2/5, f = 52.99717515900318
Optimization restart 3/5, f = 52.997154360132015
Optimization restart 4/5, f = 52.99715449073602
Optimization restart 5/5, f = 52.707875013442575
f inputs x:[[0.04327682 0.08341077 0.04229958 0.03921529]] ev:{} outputs y:1.926934152378953 (n:0.0) c:1.0
num acquisition: 220, time elapsed: 69.60s
Optimization restart 1/5, f = 50.81040705940639
Optimization restart 2/5, f = 45.005832950718286
Optimization restart 3/5, f = 45.00583188038115
Optimization restart 4/5, f = 50.81040705894392
Optimization restart 5/5, f = 45.005832227474286
f inputs x:[[ 0.51405786  0.56172721  0.00268826 -0.47571822]] ev:{} outputs y:5.601446746909864 (n:-0.0) c:1.0
num acquisition: 221, time elapsed: 70.27s
Optimization restart 1/5, f = 45.57205710095721
Optimization restart 2/5, f = 50.88575263900316
Optimization restart 3/5, f = 50.8857526388998
Optimization restart 4/5, f = 45.57205574056181
Optimization restart 5/5, f = 50.885752638884725
f inputs x:[[-0.34263388 -0.4631391  -0.96607967  0.40637225]] ev:{} outputs y:7.60223633048725 (n:-0.0) c:1.0
num acquisition: 222, time elapsed: 70.85s
Optimization restart 1/5, f = 45.93263175933231
Optimization restart 2/5, f = 50.709615982601235
Optimization restart 3/5, f = 45.9326314869686
Optimization restart 4/5, f = 50.70961598285827
Optimization restart 5/5, f = 45.93263124595978
f inputs x:[[-0.33281099  0.21139763  0.10574739  0.30627926]] ev:{} outputs y:3.654014683450685 (n:0.0) c:1.0
num acquisition: 223, time elapsed: 71.73s
Optimization restart 1/5, f = 45.63976938033318
Optimization restart 2/5, f = 45.639773106030816
Optimization restart 3/5, f = 49.9778423698171
Optimization restart 4/5, f = 45.63976934017592
Optimization restart 5/5, f = 45.63977022595367
f inputs x:[[ 0.8373831   0.53348555 -0.36939866  0.06981791]] ev:{} outputs y:6.61350288557281 (n:-0.0) c:1.0
num acquisition: 224, time elapsed: 72.50s
Optimization restart 1/5, f = 46.22002037181605
Optimization restart 2/5, f = 49.921992300686455
Optimization restart 3/5, f = 46.220021326244336
Optimization restart 4/5, f = 46.22002217340568
Optimization restart 5/5, f = 46.220027014405076
f inputs x:[[ 0.50691715  0.86801108  0.4357661  -0.96911241]] ev:{} outputs y:7.199208312260553 (n:0.0) c:1.0
num acquisition: 225, time elapsed: 73.43s
Optimization restart 1/5, f = 46.749347451812355
Optimization restart 2/5, f = 46.74934756983839
Optimization restart 3/5, f = 46.74934737041036
Optimization restart 4/5, f = 46.74934747361857
Optimization restart 5/5, f = 50.03013166130148
f inputs x:[[ 0.57388368  0.11947823 -0.26054159 -0.69843096]] ev:{} outputs y:6.136718452504153 (n:-0.0) c:1.0
num acquisition: 226, time elapsed: 74.23s
Optimization restart 1/5, f = 47.29550899294554
Optimization restart 2/5, f = 47.295508977302234
Optimization restart 3/5, f = 49.977995299453255
Optimization restart 4/5, f = 49.97799529953326
Optimization restart 5/5, f = 49.977995299476135
f inputs x:[[-0.30824278  0.08967484 -0.24399964  0.60446285]] ev:{} outputs y:4.922230925476139 (n:-0.0) c:1.0
num acquisition: 227, time elapsed: 74.93s
Optimization restart 1/5, f = 47.590698187541676
Optimization restart 2/5, f = 47.59069905628368
Optimization restart 3/5, f = 47.59070391855252
Optimization restart 4/5, f = 49.721282937099076
Optimization restart 5/5, f = 49.72128293654009
f inputs x:[[-0.44414776  0.54498224 -0.97907594 -0.27127688]] ev:{} outputs y:8.062433425888992 (n:-0.0) c:1.0
num acquisition: 228, time elapsed: 75.70s
Optimization restart 1/5, f = 47.82276150032709
Optimization restart 2/5, f = 49.5354690372767
Optimization restart 3/5, f = 47.82276119713839
Optimization restart 4/5, f = 47.82277064897977
Optimization restart 5/5, f = 49.53546903786881
f inputs x:[[-0.99366223  0.82568353  0.64714237 -0.41580847]] ev:{} outputs y:7.330917389002329 (n:-0.0) c:1.0
num acquisition: 229, time elapsed: 76.45s
Optimization restart 1/5, f = 48.38565118290833
Optimization restart 2/5, f = 48.38565549306108
Optimization restart 3/5, f = 48.385651224028635
Optimization restart 4/5, f = 48.385654451117006
Optimization restart 5/5, f = 48.385651656983526
f inputs x:[[-0.03946912 -0.33483237 -0.4645426   0.40117371]] ev:{} outputs y:5.558907444622414 (n:-0.0) c:1.0
num acquisition: 230, time elapsed: 77.35s
Optimization restart 1/5, f = 48.82221766216193
Optimization restart 2/5, f = 48.82221771544252
Optimization restart 3/5, f = 49.576228304762026
Optimization restart 4/5, f = 48.82221866289896
Optimization restart 5/5, f = 49.57622830477439
f inputs x:[[-0.73705693  0.71827232  0.42919025  0.50773667]] ev:{} outputs y:5.501223178652924 (n:0.0) c:1.0
num acquisition: 231, time elapsed: 78.10s
Optimization restart 1/5, f = 50.01963759700578
Optimization restart 2/5, f = 50.939266853346055
Optimization restart 3/5, f = 50.939266853309164
Optimization restart 4/5, f = 50.01963756342536
Optimization restart 5/5, f = 50.019637583250244
f inputs x:[[0.42952143 0.18966463 0.98106761 0.25957562]] ev:{} outputs y:7.372351766649527 (n:0.0) c:1.0
num acquisition: 232, time elapsed: 78.96s
Optimization restart 1/5, f = 50.45128211752544
Optimization restart 2/5, f = 51.60552228404504
Optimization restart 3/5, f = 51.605522283937574
Optimization restart 4/5, f = 51.60552228374581
Optimization restart 5/5, f = 51.6055222837486
f inputs x:[[ 0.48505071 -0.42593093 -0.94515627  0.99799085]] ev:{} outputs y:7.226886322295204 (n:-0.0) c:1.0
num acquisition: 233, time elapsed: 79.66s
Optimization restart 1/5, f = 50.973327418222624
Optimization restart 2/5, f = 50.97332708593089
Optimization restart 3/5, f = 50.97332671097561
Optimization restart 4/5, f = 51.61411675696988
Optimization restart 5/5, f = 51.61411675697414
f inputs x:[[-0.50440242 -0.52669056  0.95806559 -0.47973242]] ev:{} outputs y:7.961999454068257 (n:0.0) c:1.0
num acquisition: 234, time elapsed: 80.49s
Optimization restart 1/5, f = 51.207731619460276
Optimization restart 2/5, f = 51.207850135899605
Optimization restart 3/5, f = 51.20773065176081
Optimization restart 4/5, f = 51.2077315762852
Optimization restart 5/5, f = 51.20773083980822
f inputs x:[[ 0.35266603 -0.18886246 -0.44328419  0.98833817]] ev:{} outputs y:5.843465238463176 (n:0.0) c:1.0
num acquisition: 235, time elapsed: 81.42s
Optimization restart 1/5, f = 51.79808856186301
Optimization restart 2/5, f = 51.84463685849586
Optimization restart 3/5, f = 51.844636858461996
Optimization restart 4/5, f = 51.79808854370302
Optimization restart 5/5, f = 51.798089228497275
f inputs x:[[-0.99537309  0.58084405 -0.39880281  0.48831198]] ev:{} outputs y:7.245999136050845 (n:-0.0) c:1.0
num acquisition: 236, time elapsed: 82.28s
Optimization restart 1/5, f = 52.277559086249795
Optimization restart 2/5, f = 52.27756398604586
Optimization restart 3/5, f = 52.277559038035264
Optimization restart 4/5, f = 52.277559132412165
Optimization restart 5/5, f = 52.277559030824676
f inputs x:[[0.33459466 0.24942812 0.6341302  0.90751311]] ev:{} outputs y:4.720712437806343 (n:0.0) c:1.0
num acquisition: 237, time elapsed: 83.25s
Optimization restart 1/5, f = 52.591502315685545
Optimization restart 2/5, f = 51.51926388599165
Optimization restart 3/5, f = 51.51926388599624
Optimization restart 4/5, f = 52.5915025279333
Optimization restart 5/5, f = 52.59150237128762
f inputs x:[[0.04840071 0.08034534 0.0380167  0.03153105]] ev:{} outputs y:1.8490924245920406 (n:-0.0) c:1.0
num acquisition: 238, time elapsed: 84.25s
Optimization restart 1/5, f = 49.53304247428807
Optimization restart 2/5, f = 45.3882801623985
Optimization restart 3/5, f = 49.53304247344191
Optimization restart 4/5, f = 45.38827658300832
Optimization restart 5/5, f = 45.38827671300672
f inputs x:[[-0.2548619   0.16346513  0.02983196 -0.3057055 ]] ev:{} outputs y:3.8056824168113663 (n:0.0) c:1.0
num acquisition: 239, time elapsed: 85.10s
Optimization restart 1/5, f = 45.03699027083235
Optimization restart 2/5, f = 45.03698576205767
Optimization restart 3/5, f = 48.827971825303365
Optimization restart 4/5, f = 48.82797182530743
Optimization restart 5/5, f = 45.03698695441591
f inputs x:[[-0.14579745 -0.90385368  0.41952802 -0.47267509]] ev:{} outputs y:7.198594746940323 (n:-0.0) c:1.0
num acquisition: 240, time elapsed: 86.20s
Optimization restart 1/5, f = 45.46377444318779
Optimization restart 2/5, f = 48.68321297653215
Optimization restart 3/5, f = 48.68321297645008
Optimization restart 4/5, f = 48.68321297640125
Optimization restart 5/5, f = 45.46378535350493
f inputs x:[[-0.87216884  0.40143523  0.53431598  0.92934541]] ev:{} outputs y:6.456848820074671 (n:0.0) c:1.0
num acquisition: 241, time elapsed: 86.95s
Optimization restart 1/5, f = 45.97849037679006
Optimization restart 2/5, f = 45.97848208414527
Optimization restart 3/5, f = 48.58644410551034
Optimization restart 4/5, f = 45.97848882989652
Optimization restart 5/5, f = 48.586444105140004
f inputs x:[[-0.22713655  0.10888472 -0.03551953  0.05873467]] ev:{} outputs y:2.044845991070991 (n:0.0) c:1.0
num acquisition: 242, time elapsed: 88.08s
Optimization restart 1/5, f = 45.80632240360251
Optimization restart 2/5, f = 48.53963594796585
Optimization restart 3/5, f = 48.53963594801564
Optimization restart 4/5, f = 48.53963594796775
Optimization restart 5/5, f = 45.80632927193727
f inputs x:[[ 0.51604017  0.43578341 -0.57846061 -0.98881111]] ev:{} outputs y:7.364455578647538 (n:0.0) c:1.0
num acquisition: 243, time elapsed: 88.86s
Optimization restart 1/5, f = 46.24956991880549
Optimization restart 2/5, f = 46.24963847154851
Optimization restart 3/5, f = 48.43578245793003
Optimization restart 4/5, f = 48.435782457945976
Optimization restart 5/5, f = 48.435782457962944
f inputs x:[[-0.94188116 -0.32821558  0.7228951   0.98980341]] ev:{} outputs y:7.626123702815945 (n:0.0) c:1.0
num acquisition: 244, time elapsed: 89.57s
Optimization restart 1/5, f = 46.58865728274108
Optimization restart 2/5, f = 46.58865731092365
Optimization restart 3/5, f = 46.588662302485574
Optimization restart 4/5, f = 46.58865734072285
Optimization restart 5/5, f = 46.58865901810859
f inputs x:[[-0.59462371 -0.30650235  0.3280262  -0.96865478]] ev:{} outputs y:6.961189897649269 (n:0.0) c:1.0
num acquisition: 245, time elapsed: 90.61s
Optimization restart 1/5, f = 47.08437608914869
Optimization restart 2/5, f = 48.222112155951834
Optimization restart 3/5, f = 47.084375874943476
Optimization restart 4/5, f = 47.08438535610725
Optimization restart 5/5, f = 48.22211215595679
[ 0.09732415  0.01464756 -0.00620984  0.00142744]
