INFO:GP:initializing Y
INFO:GP:initializing inference method
INFO:GP:adding kernel and likelihood as parameters
INFO:paramz.transformations:Warning: changing parameters to satisfy constraints
removed robo import in opts.py l17 due to theano errors
f inputs x:[[-0.52432291  0.30728415 -0.75456149 -0.99856602]] ev:{} outputs y:7.775495563921029 (n:-0.0) c:1.0
f inputs x:[[-0.22170844 -0.40335598  0.40920397  0.35413697]] ev:{} outputs y:4.749296113712216 (n:-0.0) c:1.0
f inputs x:[[-0.6110927  -0.1677376  -0.34739679  0.19660084]] ev:{} outputs y:6.0990219937143975 (n:0.0) c:1.0
f inputs x:[[ 0.13120394  0.91586142 -0.57609271  0.66268619]] ev:{} outputs y:7.839752751507874 (n:0.0) c:1.0
f inputs x:[[-0.47188367  0.04998437 -0.96435862  0.44361503]] ev:{} outputs y:7.224881553848351 (n:0.0) c:1.0
Using a model defined by the used.
Optimization restart 1/5, f = 6.5338238983053865
Optimization restart 2/5, f = 6.533823862883315
Optimization restart 3/5, f = 6.533823745389682
Optimization restart 4/5, f = 6.533824477294405
Optimization restart 5/5, f = 6.533823907991432
f inputs x:[[-0.51346311 -1.          1.          0.60361199]] ev:{} outputs y:7.7604446438586105 (n:-0.0) c:1.0
num acquisition: 1, time elapsed: 0.14s
Optimization restart 1/5, f = 8.513631343684812
Optimization restart 2/5, f = 8.513631245058876
Optimization restart 3/5, f = 8.51363119923071
Optimization restart 4/5, f = 8.513631199352215
Optimization restart 5/5, f = 8.513631272765739
f inputs x:[[ 0.85772848  0.24531678 -0.65857976 -0.90466238]] ev:{} outputs y:7.731661517958104 (n:-0.0) c:1.0
num acquisition: 2, time elapsed: 0.21s
Optimization restart 1/5, f = 9.932569732435827
Optimization restart 2/5, f = 9.929285265962907
Optimization restart 3/5, f = 9.932569878690668
Optimization restart 4/5, f = 9.929283277890985
Optimization restart 5/5, f = 9.932569784768905
f inputs x:[[-0.27239062 -0.35083916  0.27829676  0.32205225]] ev:{} outputs y:4.821004547282286 (n:-0.0) c:1.0
num acquisition: 3, time elapsed: 0.39s
Optimization restart 1/5, f = 9.050947152677862
Optimization restart 2/5, f = 9.050869849528862
Optimization restart 3/5, f = 11.351508265633452
Optimization restart 4/5, f = 9.050869900684711
Optimization restart 5/5, f = 9.050869865267087
f inputs x:[[-0.01616468 -0.2624006   0.41670731  0.25370012]] ev:{} outputs y:4.244011925320367 (n:-0.0) c:1.0
num acquisition: 4, time elapsed: 0.54s
Optimization restart 1/5, f = 9.081740420765978
Optimization restart 2/5, f = 9.081740438866133
Optimization restart 3/5, f = 9.081740531831109
Optimization restart 4/5, f = 9.081740461452133
Optimization restart 5/5, f = 9.081740807180443
f inputs x:[[ 0.10649428 -0.00240031  0.72393896  0.13673765]] ev:{} outputs y:6.381593310762139 (n:-0.0) c:1.0
num acquisition: 5, time elapsed: 0.70s
Optimization restart 1/5, f = 11.468751316380931
Optimization restart 2/5, f = 11.468751343379166
Optimization restart 3/5, f = 11.468751331586873
Optimization restart 4/5, f = 11.468752415934851
Optimization restart 5/5, f = 11.468751328415923
f inputs x:[[ 0.05839436 -0.37556613  0.28324148  0.28397343]] ev:{} outputs y:4.283346686935855 (n:0.0) c:1.0
num acquisition: 6, time elapsed: 0.85s
Optimization restart 1/5, f = 11.454352670548559
Optimization restart 2/5, f = 11.454352735972073
Optimization restart 3/5, f = 11.454352940734285
Optimization restart 4/5, f = 11.454352765219602
Optimization restart 5/5, f = 11.45435269147716
f inputs x:[[-0.02959671 -0.38885368  0.34308276  0.07681448]] ev:{} outputs y:4.397295733566809 (n:-0.0) c:1.0
num acquisition: 7, time elapsed: 1.01s
Optimization restart 1/5, f = 11.73289526243547
Optimization restart 2/5, f = 11.732895274933542
Optimization restart 3/5, f = 11.732895329892987
Optimization restart 4/5, f = 11.73289530838718
Optimization restart 5/5, f = 11.732895287596131
f inputs x:[[ 0.090746   -0.1884757   0.30469752  0.59649253]] ev:{} outputs y:4.729452406681741 (n:-0.0) c:1.0
num acquisition: 8, time elapsed: 1.25s
Optimization restart 1/5, f = 12.38113669916927
Optimization restart 2/5, f = 12.381137155468032
Optimization restart 3/5, f = 12.381136737793899
Optimization restart 4/5, f = 12.381137050219376
Optimization restart 5/5, f = 12.38113671268988
f inputs x:[[ 0.77205549 -0.75881093  0.29102669  0.44564326]] ev:{} outputs y:7.60767561717863 (n:0.0) c:1.0
num acquisition: 9, time elapsed: 1.41s
Optimization restart 1/5, f = 13.814900080456088
Optimization restart 2/5, f = 13.814900105576221
Optimization restart 3/5, f = 13.81490095325184
Optimization restart 4/5, f = 13.814900133506828
Optimization restart 5/5, f = 13.81490010628572
f inputs x:[[-0.34329338 -1.          0.45943274 -1.        ]] ev:{} outputs y:7.854930515853996 (n:0.0) c:1.0
num acquisition: 10, time elapsed: 1.57s
Optimization restart 1/5, f = 14.775516512523785
Optimization restart 2/5, f = 14.775516596167364
Optimization restart 3/5, f = 14.775516530361967
Optimization restart 4/5, f = 14.77551656705525
Optimization restart 5/5, f = 14.775516533504039
f inputs x:[[ 0.00226503 -0.21823235  0.24597773  0.22696503]] ev:{} outputs y:3.637697519706944 (n:0.0) c:1.0
num acquisition: 11, time elapsed: 1.72s
Optimization restart 1/5, f = 15.749084797615309
Optimization restart 2/5, f = 15.74908479798459
Optimization restart 3/5, f = 15.743646590200935
Optimization restart 4/5, f = 15.749084797987447
Optimization restart 5/5, f = 15.743646579639034
f inputs x:[[ 0.04653834 -0.09896345  0.11023857  0.16112739]] ev:{} outputs y:2.9727064807361905 (n:0.0) c:1.0
num acquisition: 12, time elapsed: 1.84s
Optimization restart 1/5, f = 15.822029516055123
Optimization restart 2/5, f = 15.822029674999147
Optimization restart 3/5, f = 15.82202953275446
Optimization restart 4/5, f = 15.822194708912841
Optimization restart 5/5, f = 15.822046376628691
f inputs x:[[ 0.14183987 -0.01176099 -0.00776639  0.05561541]] ev:{} outputs y:1.804929877270168 (n:-0.0) c:1.0
num acquisition: 13, time elapsed: 1.99s
Optimization restart 1/5, f = 17.21265215079704
Optimization restart 2/5, f = 17.211511936079205
Optimization restart 3/5, f = 17.211511936033993
Optimization restart 4/5, f = 17.211511938625698
Optimization restart 5/5, f = 17.211511936166822
f inputs x:[[ 0.2570065   0.04690336 -0.09513668 -0.05338112]] ev:{} outputs y:2.5709591122429747 (n:-0.0) c:1.0
num acquisition: 14, time elapsed: 2.14s
Optimization restart 1/5, f = 17.688877937806847
Optimization restart 2/5, f = 17.688877937817978
Optimization restart 3/5, f = 17.688877937879475
Optimization restart 4/5, f = 17.688877937802154
Optimization restart 5/5, f = 17.688877938117653
f inputs x:[[ 0.07999778  0.09342376 -0.04490977  0.0374068 ]] ev:{} outputs y:2.124536015053491 (n:0.0) c:1.0
num acquisition: 15, time elapsed: 2.31s
Optimization restart 1/5, f = 16.90549663862141
Optimization restart 2/5, f = 16.90549663857329
Optimization restart 3/5, f = 16.90549663855653
Optimization restart 4/5, f = 16.905496638656206
Optimization restart 5/5, f = 16.905496638546577
f inputs x:[[ 0.1501997  -0.00181079 -0.11746021  0.11012548]] ev:{} outputs y:2.609445564094703 (n:0.0) c:1.0
num acquisition: 16, time elapsed: 2.47s
Optimization restart 1/5, f = 16.73636779385967
Optimization restart 2/5, f = 16.736367784984477
Optimization restart 3/5, f = 16.73636778493086
Optimization restart 4/5, f = 16.736367784922393
Optimization restart 5/5, f = 16.736367784941166
f inputs x:[[ 0.09753297  0.06190643  0.02713828 -0.05157024]] ev:{} outputs y:1.684078684480021 (n:0.0) c:1.0
num acquisition: 17, time elapsed: 2.59s
Optimization restart 1/5, f = 16.000836734490925
Optimization restart 2/5, f = 16.000836734499856
Optimization restart 3/5, f = 16.000836734498108
Optimization restart 4/5, f = 16.000836734485908
Optimization restart 5/5, f = 16.00083673456423
f inputs x:[[ 0.04901417  0.01622987  0.0295736  -0.14592117]] ev:{} outputs y:2.5790968027652896 (n:0.0) c:1.0
num acquisition: 18, time elapsed: 2.75s
Optimization restart 1/5, f = 16.524047057698308
Optimization restart 2/5, f = 16.524047057340198
Optimization restart 3/5, f = 16.52404705736808
Optimization restart 4/5, f = 16.524047057523646
Optimization restart 5/5, f = 16.52404705734018
f inputs x:[[0.16476442 0.17569475 0.07286137 0.00861817]] ev:{} outputs y:2.159100506344056 (n:0.0) c:1.0
num acquisition: 19, time elapsed: 2.93s
Optimization restart 1/5, f = 16.02531247921335
Optimization restart 2/5, f = 16.025312479363023
Optimization restart 3/5, f = 16.025312479230053
Optimization restart 4/5, f = 16.02531247920422
Optimization restart 5/5, f = 16.02531247920461
f inputs x:[[-1.  1.  1. -1.]] ev:{} outputs y:8.482694290381872 (n:-0.0) c:1.0
num acquisition: 20, time elapsed: 3.06s
Optimization restart 1/5, f = 16.618484590408094
Optimization restart 2/5, f = 16.61848459037849
Optimization restart 3/5, f = 16.618484590572425
Optimization restart 4/5, f = 16.61848459039114
Optimization restart 5/5, f = 16.618484590378543
f inputs x:[[ 0.12457914  0.10902403  0.02540075 -0.00209315]] ev:{} outputs y:1.7163908197571451 (n:0.0) c:1.0
num acquisition: 21, time elapsed: 3.20s
Optimization restart 1/5, f = 15.792709120690905
Optimization restart 2/5, f = 15.994417198510373
Optimization restart 3/5, f = 15.994415739508863
Optimization restart 4/5, f = 15.792709120710668
Optimization restart 5/5, f = 15.994415607121482
f inputs x:[[ 1.  1.  1. -1.]] ev:{} outputs y:8.480996941400207 (n:0.0) c:1.0
num acquisition: 22, time elapsed: 3.37s
Optimization restart 1/5, f = 16.32672428283679
Optimization restart 2/5, f = 16.74879013724231
Optimization restart 3/5, f = 16.748789692796596
Optimization restart 4/5, f = 16.74879103640214
Optimization restart 5/5, f = 16.32672428280873
f inputs x:[[-1.  1.  1.  1.]] ev:{} outputs y:7.240271967101029 (n:-0.0) c:1.0
num acquisition: 23, time elapsed: 3.52s
Optimization restart 1/5, f = 17.30961991059126
Optimization restart 2/5, f = 17.75071753535002
Optimization restart 3/5, f = 17.750824414084512
Optimization restart 4/5, f = 17.30961991059565
Optimization restart 5/5, f = 17.309619910701716
f inputs x:[[0.11978433 0.11879291 0.02911245 0.00301069]] ev:{} outputs y:1.8531647320971765 (n:0.0) c:1.0
num acquisition: 24, time elapsed: 3.66s
Optimization restart 1/5, f = 16.018465938866335
Optimization restart 2/5, f = 16.062035991173815
Optimization restart 3/5, f = 16.062035991428147
Optimization restart 4/5, f = 17.69793293192171
Optimization restart 5/5, f = 16.06203599116155
f inputs x:[[0.12703036 0.10360338 0.03636064 0.00521344]] ev:{} outputs y:1.6490301029580516 (n:-0.0) c:1.0
num acquisition: 25, time elapsed: 3.80s
Optimization restart 1/5, f = 14.121622558625315
Optimization restart 2/5, f = 14.121622558696895
Optimization restart 3/5, f = 14.121622558639856
Optimization restart 4/5, f = 17.257459100941077
Optimization restart 5/5, f = 14.12162255863188
f inputs x:[[ 1. -1. -1.  1.]] ev:{} outputs y:9.02094741289393 (n:-0.0) c:1.0
num acquisition: 26, time elapsed: 3.91s
Optimization restart 1/5, f = 14.744432331553938
Optimization restart 2/5, f = 14.744432331582752
Optimization restart 3/5, f = 14.74443233173016
Optimization restart 4/5, f = 14.74443233155122
Optimization restart 5/5, f = 17.948577330203122
f inputs x:[[1. 1. 1. 1.]] ev:{} outputs y:7.2343800236235465 (n:-0.0) c:1.0
num acquisition: 27, time elapsed: 4.01s
Optimization restart 1/5, f = 15.733273921371548
Optimization restart 2/5, f = 15.733273920910193
Optimization restart 3/5, f = 16.34737122791823
Optimization restart 4/5, f = 18.934155940088882
Optimization restart 5/5, f = 15.733273920911643
f inputs x:[[-1. -1. -1.  1.]] ev:{} outputs y:9.021936939258861 (n:0.0) c:1.0
num acquisition: 28, time elapsed: 4.11s
Optimization restart 1/5, f = 16.409160383513314
Optimization restart 2/5, f = 18.255516972004457
Optimization restart 3/5, f = 16.409160383515772
Optimization restart 4/5, f = 16.79273087028428
Optimization restart 5/5, f = 16.792730870283822
f inputs x:[[ 1. -1.  1. -1.]] ev:{} outputs y:9.019956906396628 (n:-0.0) c:1.0
num acquisition: 29, time elapsed: 4.24s
Optimization restart 1/5, f = 17.05059946943853
Optimization restart 2/5, f = 17.050599469392314
Optimization restart 3/5, f = 17.05059946940236
Optimization restart 4/5, f = 17.05059946967135
Optimization restart 5/5, f = 17.050599469392523
f inputs x:[[-1. -1. -1. -1.]] ev:{} outputs y:9.36894784955461 (n:0.0) c:1.0
num acquisition: 30, time elapsed: 4.35s
Optimization restart 1/5, f = 17.6719893555259
Optimization restart 2/5, f = 17.426067929050248
Optimization restart 3/5, f = 17.67198935553091
Optimization restart 4/5, f = 17.67198935548464
Optimization restart 5/5, f = 17.671989355504603
f inputs x:[[0.09993625 0.15606464 0.02046318 0.0022727 ]] ev:{} outputs y:2.4061047608472017 (n:-0.0) c:1.0
num acquisition: 31, time elapsed: 4.52s
Optimization restart 1/5, f = 17.702533799994757
Optimization restart 2/5, f = 17.70253380000883
Optimization restart 3/5, f = 18.087886299634707
Optimization restart 4/5, f = 18.087886299599603
Optimization restart 5/5, f = 18.087886299593627
f inputs x:[[ 0.13752675  0.11159937  0.02595229 -0.00418192]] ev:{} outputs y:1.6577649090531377 (n:-0.0) c:1.0
num acquisition: 32, time elapsed: 4.69s
Optimization restart 1/5, f = 16.896496508886287
Optimization restart 2/5, f = 14.852641631547815
Optimization restart 3/5, f = 16.89649650888702
Optimization restart 4/5, f = 15.74528235387843
Optimization restart 5/5, f = 16.896496508886578
f inputs x:[[ 0.21131337  0.04482319  0.0996751  -0.0229616 ]] ev:{} outputs y:2.1173039279687407 (n:0.0) c:1.0
num acquisition: 33, time elapsed: 4.93s
Optimization restart 1/5, f = 18.17187457751196
Optimization restart 2/5, f = 18.171874577732815
Optimization restart 3/5, f = 15.873331413030229
Optimization restart 4/5, f = 18.171874577431158
Optimization restart 5/5, f = 18.17187457743074
f inputs x:[[ 0.1428364   0.11713861  0.02949429 -0.00337932]] ev:{} outputs y:1.6779869045399836 (n:0.0) c:1.0
num acquisition: 34, time elapsed: 5.15s
Optimization restart 1/5, f = 14.91989360960671
Optimization restart 2/5, f = 14.129077654989679
Optimization restart 3/5, f = 14.129077622977668
Optimization restart 4/5, f = 14.919893609607502
Optimization restart 5/5, f = 14.129077683881007
f inputs x:[[ 0.50585753  0.39207254 -0.01988495  0.18015416]] ev:{} outputs y:4.247197761123125 (n:0.0) c:1.0
num acquisition: 35, time elapsed: 5.37s
Optimization restart 1/5, f = 15.393634610458413
Optimization restart 2/5, f = 15.455937229417586
Optimization restart 3/5, f = 15.455937229405183
Optimization restart 4/5, f = 16.01200000342916
Optimization restart 5/5, f = 15.455937229632994
f inputs x:[[ 1. -1. -1. -1.]] ev:{} outputs y:9.36824855615015 (n:0.0) c:1.0
num acquisition: 36, time elapsed: 5.50s
Optimization restart 1/5, f = 16.109325559052056
Optimization restart 2/5, f = 16.109294490744524
Optimization restart 3/5, f = 16.109294485723815
Optimization restart 4/5, f = 16.109294490947626
Optimization restart 5/5, f = 15.524022364456833
f inputs x:[[ 0.12974789  0.10964349  0.030972   -0.01210554]] ev:{} outputs y:1.7024506237808086 (n:0.0) c:1.0
num acquisition: 37, time elapsed: 5.74s
Optimization restart 1/5, f = 14.404580784439915
Optimization restart 2/5, f = 12.72059130556896
Optimization restart 3/5, f = 13.221547102962187
Optimization restart 4/5, f = 14.404580784453042
Optimization restart 5/5, f = 12.720591199948302
f inputs x:[[-1.  1. -1.  1.]] ev:{} outputs y:8.484388763251047 (n:0.0) c:1.0
num acquisition: 38, time elapsed: 5.88s
Optimization restart 1/5, f = 13.509429235855361
Optimization restart 2/5, f = 14.878510140027029
Optimization restart 3/5, f = 14.87851013985875
Optimization restart 4/5, f = 13.998693488165582
Optimization restart 5/5, f = 13.99869348852306
f inputs x:[[ 0.28735751  1.          0.0792823  -0.33967614]] ev:{} outputs y:7.58594807549604 (n:0.0) c:1.0
num acquisition: 39, time elapsed: 6.00s
Optimization restart 1/5, f = 14.429021352687045
Optimization restart 2/5, f = 15.703975364650816
Optimization restart 3/5, f = 14.847185701797144
Optimization restart 4/5, f = 14.4290036967476
Optimization restart 5/5, f = 15.703975364650464
f inputs x:[[ 1.          0.29842863 -0.17634741  1.        ]] ev:{} outputs y:7.444051318135568 (n:0.0) c:1.0
num acquisition: 40, time elapsed: 6.15s
Optimization restart 1/5, f = 15.344002309220333
Optimization restart 2/5, f = 16.262052751632318
Optimization restart 3/5, f = 16.262052751632275
Optimization restart 4/5, f = 15.343984343952325
Optimization restart 5/5, f = 15.77082654800451
f inputs x:[[-1.         -0.21758201  1.         -0.34812244]] ev:{} outputs y:8.50035542776325 (n:0.0) c:1.0
num acquisition: 41, time elapsed: 6.29s
Optimization restart 1/5, f = 16.117313387688814
Optimization restart 2/5, f = 16.547881960686407
Optimization restart 3/5, f = 16.547881960674367
Optimization restart 4/5, f = 16.508031016910866
Optimization restart 5/5, f = 16.508031017257576
f inputs x:[[ 1.          1.         -1.         -0.01304302]] ev:{} outputs y:8.724448408922441 (n:-0.0) c:1.0
num acquisition: 42, time elapsed: 6.43s
Optimization restart 1/5, f = 16.861305986481884
Optimization restart 2/5, f = 16.818322419628316
Optimization restart 3/5, f = 17.223798484813837
Optimization restart 4/5, f = 17.22379848489738
Optimization restart 5/5, f = 16.818322419625776
f inputs x:[[ 0.13413981  0.10052907  0.03275155 -0.00100098]] ev:{} outputs y:1.5671570318243304 (n:-0.0) c:1.0
num acquisition: 43, time elapsed: 6.59s
Optimization restart 1/5, f = 16.042039741439176
Optimization restart 2/5, f = 16.042039741439336
Optimization restart 3/5, f = 13.728897265478174
Optimization restart 4/5, f = 13.72889726539578
Optimization restart 5/5, f = 13.997362532186528
f inputs x:[[-1.         -0.05242847  0.30877715  1.        ]] ev:{} outputs y:7.683524954450575 (n:0.0) c:1.0
num acquisition: 44, time elapsed: 6.71s
Optimization restart 1/5, f = 14.602964641976808
Optimization restart 2/5, f = 14.60296464227223
Optimization restart 3/5, f = 16.573972872912297
Optimization restart 4/5, f = 14.602964641762359
Optimization restart 5/5, f = 14.602964641968573
f inputs x:[[-1.          1.         -0.17858158 -0.20155351]] ev:{} outputs y:7.856777474592248 (n:-0.0) c:1.0
num acquisition: 45, time elapsed: 6.84s
Optimization restart 1/5, f = 15.437668558703496
Optimization restart 2/5, f = 15.437668558396357
Optimization restart 3/5, f = 15.437668558452696
Optimization restart 4/5, f = 17.05686375948793
Optimization restart 5/5, f = 15.43766855839753
f inputs x:[[ 1. -1.  1.  1.]] ev:{} outputs y:8.482694290381872 (n:0.0) c:1.0
num acquisition: 46, time elapsed: 6.99s
Optimization restart 1/5, f = 16.203287983860047
Optimization restart 2/5, f = 16.20328791290374
Optimization restart 3/5, f = 17.38970511255556
Optimization restart 4/5, f = 16.20328791294936
Optimization restart 5/5, f = 16.203287912993662
f inputs x:[[-0.07728047 -0.3853964  -0.2644589  -0.17923844]] ev:{} outputs y:5.535279547579666 (n:0.0) c:1.0
num acquisition: 47, time elapsed: 7.15s
Optimization restart 1/5, f = 17.353109208862836
Optimization restart 2/5, f = 17.35310920897913
Optimization restart 3/5, f = 17.35310921067172
Optimization restart 4/5, f = 17.353109209053486
Optimization restart 5/5, f = 17.86186354670298
f inputs x:[[0.04401885 0.30954167 1.         1.        ]] ev:{} outputs y:6.651387270996836 (n:0.0) c:1.0
num acquisition: 48, time elapsed: 7.30s
Optimization restart 1/5, f = 18.3543837877574
Optimization restart 2/5, f = 18.65583059323403
Optimization restart 3/5, f = 18.35438378763277
Optimization restart 4/5, f = 18.65583059328269
Optimization restart 5/5, f = 18.354383787629125
f inputs x:[[0.15692514 0.0539581  0.02015883 0.00095585]] ev:{} outputs y:1.1819114508331348 (n:-0.0) c:1.0
num acquisition: 49, time elapsed: 7.49s
Optimization restart 1/5, f = 16.54687129423901
Optimization restart 2/5, f = 20.404858622143482
Optimization restart 3/5, f = 16.546871294453066
Optimization restart 4/5, f = 16.546871294528287
Optimization restart 5/5, f = 16.546871294892405
f inputs x:[[-0.10256592 -1.         -0.09377344  1.        ]] ev:{} outputs y:7.9299692025624555 (n:0.0) c:1.0
num acquisition: 50, time elapsed: 7.62s
Optimization restart 1/5, f = 17.35486674285855
Optimization restart 2/5, f = 17.354866742798293
Optimization restart 3/5, f = 20.719483687113637
Optimization restart 4/5, f = 17.35486674614681
Optimization restart 5/5, f = 17.35486674323979
f inputs x:[[0.20015648 0.24803763 0.05583953 0.47373356]] ev:{} outputs y:4.67846697147795 (n:0.0) c:1.0
num acquisition: 51, time elapsed: 7.77s
Optimization restart 1/5, f = 18.498377580253795
Optimization restart 2/5, f = 18.640141681465934
Optimization restart 3/5, f = 18.498377580484934
Optimization restart 4/5, f = 21.516209995826703
Optimization restart 5/5, f = 21.516209995827495
f inputs x:[[ 0.06793161 -1.         -1.         -0.04209496]] ev:{} outputs y:8.728528730267854 (n:-0.0) c:1.0
num acquisition: 52, time elapsed: 7.90s
Optimization restart 1/5, f = 19.216161567105424
Optimization restart 2/5, f = 21.509679121503453
Optimization restart 3/5, f = 21.509679121498863
Optimization restart 4/5, f = 19.216161567338816
Optimization restart 5/5, f = 21.50967912251061
f inputs x:[[ 0.09407665  0.1197575   1.         -1.        ]] ev:{} outputs y:8.366240310323308 (n:0.0) c:1.0
num acquisition: 53, time elapsed: 8.04s
Optimization restart 1/5, f = 19.964510430607806
Optimization restart 2/5, f = 19.964510430633265
Optimization restart 3/5, f = 19.964510430542564
Optimization restart 4/5, f = 21.707144790862248
Optimization restart 5/5, f = 21.707144790861364
f inputs x:[[-0.1246988   1.          1.          0.18298213]] ev:{} outputs y:7.74823453377165 (n:0.0) c:1.0
num acquisition: 54, time elapsed: 8.20s
Optimization restart 1/5, f = 20.775597876254746
Optimization restart 2/5, f = 22.11506734582549
Optimization restart 3/5, f = 20.775594706528747
Optimization restart 4/5, f = 20.775594706352393
Optimization restart 5/5, f = 22.115067345817135
f inputs x:[[-1.         -1.          0.01106513 -0.04845175]] ev:{} outputs y:8.640901179525372 (n:-0.0) c:1.0
num acquisition: 55, time elapsed: 8.34s
Optimization restart 1/5, f = 21.498039970540503
Optimization restart 2/5, f = 21.49803997058171
Optimization restart 3/5, f = 21.498039970686
Optimization restart 4/5, f = 21.498039971376468
Optimization restart 5/5, f = 22.233559709985595
f inputs x:[[1.         0.53171521 0.49206682 0.12554593]] ev:{} outputs y:6.934515933833547 (n:-0.0) c:1.0
num acquisition: 56, time elapsed: 8.49s
Optimization restart 1/5, f = 22.430672519069024
Optimization restart 2/5, f = 22.674438236950547
Optimization restart 3/5, f = 22.43067251909017
Optimization restart 4/5, f = 22.43067251900109
Optimization restart 5/5, f = 22.67443823695012
f inputs x:[[ 0.40722519  0.01617475 -1.          1.        ]] ev:{} outputs y:6.841268749064452 (n:0.0) c:1.0
num acquisition: 57, time elapsed: 8.63s
Optimization restart 1/5, f = 23.35651818154856
Optimization restart 2/5, f = 23.3565181815953
Optimization restart 3/5, f = 23.57499889475928
Optimization restart 4/5, f = 23.574998894809774
Optimization restart 5/5, f = 23.35651818158698
f inputs x:[[-1.         -0.00561213  0.10134425 -1.        ]] ev:{} outputs y:7.706333047037385 (n:-0.0) c:1.0
num acquisition: 58, time elapsed: 8.79s
Optimization restart 1/5, f = 24.12673476097405
Optimization restart 2/5, f = 23.984323049977956
Optimization restart 3/5, f = 23.98432304997333
Optimization restart 4/5, f = 24.126734760551436
Optimization restart 5/5, f = 23.984323049944262
f inputs x:[[ 0.154691    0.08520735  0.03444084 -0.02111225]] ev:{} outputs y:1.3749445464727623 (n:-0.0) c:1.0
num acquisition: 59, time elapsed: 8.96s
Optimization restart 1/5, f = 23.501178169419973
Optimization restart 2/5, f = 20.821549981007408
Optimization restart 3/5, f = 20.821549981238192
Optimization restart 4/5, f = 21.038212475291203
Optimization restart 5/5, f = 20.82154998108055
f inputs x:[[ 0.16817995  1.         -1.         -1.        ]] ev:{} outputs y:9.009121658192702 (n:0.0) c:1.0
num acquisition: 60, time elapsed: 9.11s
Optimization restart 1/5, f = 21.505658198574018
Optimization restart 2/5, f = 23.642168836149075
Optimization restart 3/5, f = 21.50565658817517
Optimization restart 4/5, f = 23.642168836145594
Optimization restart 5/5, f = 21.505656588933256
f inputs x:[[ 0.21180445 -1.          1.         -0.12022061]] ev:{} outputs y:7.987602963477116 (n:-0.0) c:1.0
num acquisition: 61, time elapsed: 9.27s
Optimization restart 1/5, f = 22.240923619156064
Optimization restart 2/5, f = 23.837427411631047
Optimization restart 3/5, f = 23.83742741162549
Optimization restart 4/5, f = 23.8374274116265
Optimization restart 5/5, f = 22.240923618975557
f inputs x:[[ 1.         -0.17974602 -1.          0.09661544]] ev:{} outputs y:8.335372423320331 (n:0.0) c:1.0
num acquisition: 62, time elapsed: 9.41s
Optimization restart 1/5, f = 22.927858640003286
Optimization restart 2/5, f = 22.92785863985557
Optimization restart 3/5, f = 24.05318647047811
Optimization restart 4/5, f = 24.053186474210058
Optimization restart 5/5, f = 24.05318647047782
f inputs x:[[-0.2612543  1.         0.2605889  1.       ]] ev:{} outputs y:7.5837213500374165 (n:-0.0) c:1.0
num acquisition: 63, time elapsed: 9.56s
Optimization restart 1/5, f = 23.709487035024864
Optimization restart 2/5, f = 23.709487036992655
Optimization restart 3/5, f = 24.39304532005029
Optimization restart 4/5, f = 23.709487034896952
Optimization restart 5/5, f = 23.70948703503648
f inputs x:[[ 1.         -0.13880998  0.24492653 -1.        ]] ev:{} outputs y:7.84631552569792 (n:-0.0) c:1.0
num acquisition: 64, time elapsed: 9.73s
Optimization restart 1/5, f = 24.44230553219755
Optimization restart 2/5, f = 24.44230553209809
Optimization restart 3/5, f = 24.732055482233456
Optimization restart 4/5, f = 24.73205548227341
Optimization restart 5/5, f = 24.732055482266283
f inputs x:[[1.         0.04420899 1.         1.        ]] ev:{} outputs y:7.84965649650009 (n:0.0) c:1.0
num acquisition: 65, time elapsed: 9.87s
Optimization restart 1/5, f = 25.175980772516738
Optimization restart 2/5, f = 25.175980772457045
Optimization restart 3/5, f = 25.175980773239914
Optimization restart 4/5, f = 25.175980772440276
Optimization restart 5/5, f = 25.175980772358812
f inputs x:[[-0.35261783 -0.05002222  0.17587896 -0.07775283]] ev:{} outputs y:4.175984511639702 (n:0.0) c:1.0
num acquisition: 66, time elapsed: 10.02s
Optimization restart 1/5, f = 26.444766197482004
Optimization restart 2/5, f = 24.84932041649688
Optimization restart 3/5, f = 24.84932041649389
Optimization restart 4/5, f = 26.44476619684157
Optimization restart 5/5, f = 26.444766196973077
f inputs x:[[ 0.15794281  0.0872073   0.03566354 -0.02954705]] ev:{} outputs y:1.4210924779114773 (n:0.0) c:1.0
num acquisition: 67, time elapsed: 10.21s
Optimization restart 1/5, f = 23.964785705031943
Optimization restart 2/5, f = 22.030532659502924
Optimization restart 3/5, f = 22.030532659272794
Optimization restart 4/5, f = 23.96478570503325
Optimization restart 5/5, f = 22.13958015687804
f inputs x:[[-1.  1. -1. -1.]] ev:{} outputs y:9.02094741289393 (n:-0.0) c:1.0
num acquisition: 68, time elapsed: 10.36s
Optimization restart 1/5, f = 22.69969330045526
Optimization restart 2/5, f = 24.200463532428287
Optimization restart 3/5, f = 22.69969330016893
Optimization restart 4/5, f = 22.69969330015399
Optimization restart 5/5, f = 22.813023538422314
f inputs x:[[-0.35972172  0.21592174  0.24566538  0.36683521]] ev:{} outputs y:3.685375327725656 (n:-0.0) c:1.0
num acquisition: 69, time elapsed: 10.52s
Optimization restart 1/5, f = 24.357338226161893
Optimization restart 2/5, f = 25.74623057826539
Optimization restart 3/5, f = 25.74623057815046
Optimization restart 4/5, f = 24.357338226429817
Optimization restart 5/5, f = 24.357338226334875
f inputs x:[[-0.73975641  0.34006374  0.36647781  0.16928567]] ev:{} outputs y:5.61622513157891 (n:0.0) c:1.0
num acquisition: 70, time elapsed: 10.72s
Optimization restart 1/5, f = 25.474956401226095
Optimization restart 2/5, f = 25.474956401568434
Optimization restart 3/5, f = 25.905177827816246
Optimization restart 4/5, f = 25.47495640163286
Optimization restart 5/5, f = 25.47495640125036
f inputs x:[[-0.23827682  0.05697911 -0.08579143  0.51725708]] ev:{} outputs y:4.755407310113041 (n:0.0) c:1.0
num acquisition: 71, time elapsed: 10.93s
Optimization restart 1/5, f = 26.563055140937074
Optimization restart 2/5, f = 26.56305514083521
Optimization restart 3/5, f = 26.563055140622033
Optimization restart 4/5, f = 26.563055140742676
Optimization restart 5/5, f = 26.563055140640394
f inputs x:[[-0.37527849  0.07620635  0.60915478  0.57663126]] ev:{} outputs y:5.233814062188144 (n:0.0) c:1.0
num acquisition: 72, time elapsed: 11.09s
Optimization restart 1/5, f = 27.681217087971746
Optimization restart 2/5, f = 27.681217087955403
Optimization restart 3/5, f = 25.997468340441444
Optimization restart 4/5, f = 25.997468340468338
Optimization restart 5/5, f = 27.68121709435978
f inputs x:[[ 0.14990479  0.09773565  0.03827398 -0.03218733]] ev:{} outputs y:1.5596641137689915 (n:0.0) c:1.0
num acquisition: 73, time elapsed: 11.33s
Optimization restart 1/5, f = 24.624076083142924
Optimization restart 2/5, f = 23.37720579945652
Optimization restart 3/5, f = 23.377205799797395
Optimization restart 4/5, f = 23.377205799442237
Optimization restart 5/5, f = 23.3772057992485
f inputs x:[[ 1.  1. -1.  1.]] ev:{} outputs y:8.482694290381872 (n:-0.0) c:1.0
num acquisition: 74, time elapsed: 11.50s
Optimization restart 1/5, f = 24.070550042725785
Optimization restart 2/5, f = 24.90238544390644
Optimization restart 3/5, f = 24.070550042606342
Optimization restart 4/5, f = 24.902385443905807
Optimization restart 5/5, f = 24.902385443908372
f inputs x:[[-1.         -0.06539885 -1.         -0.24614079]] ev:{} outputs y:8.418154934534062 (n:0.0) c:1.0
num acquisition: 75, time elapsed: 11.66s
Optimization restart 1/5, f = 24.71281071953426
Optimization restart 2/5, f = 24.712810719423516
Optimization restart 3/5, f = 24.712810719528505
Optimization restart 4/5, f = 24.712810719750678
Optimization restart 5/5, f = 24.712810719503793
f inputs x:[[-0.4175156   0.44932028 -0.10423821  0.21256439]] ev:{} outputs y:4.920720508933922 (n:0.0) c:1.0
num acquisition: 76, time elapsed: 11.87s
Optimization restart 1/5, f = 25.880918766179434
Optimization restart 2/5, f = 25.880918766352423
Optimization restart 3/5, f = 25.880918776750086
Optimization restart 4/5, f = 25.88091876553436
Optimization restart 5/5, f = 24.97412940569395
f inputs x:[[ 0.15613007  0.095366    0.04125255 -0.03687664]] ev:{} outputs y:1.550237520229224 (n:-0.0) c:1.0
num acquisition: 77, time elapsed: 12.11s
Optimization restart 1/5, f = 23.572156207714023
Optimization restart 2/5, f = 23.57215620772091
Optimization restart 3/5, f = 23.572156207662673
Optimization restart 4/5, f = 20.618676088808726
Optimization restart 5/5, f = 23.572156207664563
f inputs x:[[ 0.16720075 -1.         -0.32679282 -1.        ]] ev:{} outputs y:8.152124110423474 (n:-0.0) c:1.0
num acquisition: 78, time elapsed: 12.30s
Optimization restart 1/5, f = 21.27187825928239
Optimization restart 2/5, f = 21.271823416529706
Optimization restart 3/5, f = 21.271823570722646
Optimization restart 4/5, f = 23.694761380559456
Optimization restart 5/5, f = 23.69476138074034
f inputs x:[[-2.81797959e-04 -4.61868701e-01  1.00000000e+00  1.00000000e+00]] ev:{} outputs y:6.536724920718251 (n:-0.0) c:1.0
num acquisition: 79, time elapsed: 12.51s
Optimization restart 1/5, f = 22.23690620974616
Optimization restart 2/5, f = 24.144053050967734
Optimization restart 3/5, f = 24.14405305104855
Optimization restart 4/5, f = 24.144053050968452
Optimization restart 5/5, f = 24.144053050975998
f inputs x:[[ 1.          1.         -0.09985861 -1.        ]] ev:{} outputs y:7.950503507467332 (n:-0.0) c:1.0
num acquisition: 80, time elapsed: 12.67s
Optimization restart 1/5, f = 22.936281544829413
Optimization restart 2/5, f = 22.936231085533365
Optimization restart 3/5, f = 22.93623079853544
Optimization restart 4/5, f = 24.378467106124667
Optimization restart 5/5, f = 22.936230855769594
f inputs x:[[-0.1109727   0.5544509   0.33455668  0.29859548]] ev:{} outputs y:5.066551094010087 (n:-0.0) c:1.0
num acquisition: 81, time elapsed: 12.89s
Optimization restart 1/5, f = 24.03419377261651
Optimization restart 2/5, f = 24.034150732072476
Optimization restart 3/5, f = 24.034150743972994
Optimization restart 4/5, f = 24.034151663616605
Optimization restart 5/5, f = 24.034152187242334
f inputs x:[[-0.3344175   1.          0.21737358 -1.        ]] ev:{} outputs y:7.680025233371392 (n:0.0) c:1.0
num acquisition: 82, time elapsed: 13.13s
Optimization restart 1/5, f = 24.73885131539773
Optimization restart 2/5, f = 24.64436953309903
Optimization restart 3/5, f = 24.738811925297227
Optimization restart 4/5, f = 24.738812195625535
Optimization restart 5/5, f = 24.738812046985032
f inputs x:[[ 0.16041234  0.09377142  0.04069467 -0.04196051]] ev:{} outputs y:1.5539328627431774 (n:0.0) c:1.0
num acquisition: 83, time elapsed: 13.39s
Optimization restart 1/5, f = 23.154177797919473
Optimization restart 2/5, f = 23.15417779787667
Optimization restart 3/5, f = 23.15417779792422
Optimization restart 4/5, f = 19.71023889808191
Optimization restart 5/5, f = 19.710238898480156
f inputs x:[[ 1.         -1.         -0.06154344 -0.31044908]] ev:{} outputs y:8.668763408223128 (n:0.0) c:1.0
num acquisition: 84, time elapsed: 13.61s
Optimization restart 1/5, f = 20.27704701927351
Optimization restart 2/5, f = 23.02860921322538
Optimization restart 3/5, f = 20.276631326106887
Optimization restart 4/5, f = 20.27663132413801
Optimization restart 5/5, f = 23.028609213228812
f inputs x:[[-1.          1.          1.          0.06016439]] ev:{} outputs y:7.859871078400887 (n:0.0) c:1.0
num acquisition: 85, time elapsed: 13.83s
Optimization restart 1/5, f = 20.97515236967194
Optimization restart 2/5, f = 20.975098131552834
Optimization restart 3/5, f = 23.121401947236045
Optimization restart 4/5, f = 23.12140194683294
Optimization restart 5/5, f = 23.121401946771925
f inputs x:[[-1.         -0.44904898  1.          1.        ]] ev:{} outputs y:8.081947622175969 (n:0.0) c:1.0
num acquisition: 86, time elapsed: 14.03s
Optimization restart 1/5, f = 21.638094789923805
Optimization restart 2/5, f = 23.288944123689646
Optimization restart 3/5, f = 23.288944123691714
Optimization restart 4/5, f = 21.63806676566334
Optimization restart 5/5, f = 21.638066766240676
f inputs x:[[-1.          0.55315613 -0.14884018  0.65088963]] ev:{} outputs y:7.211761456724848 (n:-0.0) c:1.0
num acquisition: 87, time elapsed: 14.21s
Optimization restart 1/5, f = 22.441955421876116
Optimization restart 2/5, f = 23.383145718938813
Optimization restart 3/5, f = 22.441938854020307
Optimization restart 4/5, f = 22.44193885350215
Optimization restart 5/5, f = 22.441938853542666
f inputs x:[[ 0.15436777 -0.12121621 -0.18669964  1.        ]] ev:{} outputs y:5.987602029044395 (n:0.0) c:1.0
num acquisition: 88, time elapsed: 14.47s
Optimization restart 1/5, f = 23.50429767460136
Optimization restart 2/5, f = 23.804087763082094
Optimization restart 3/5, f = 23.80408776316942
Optimization restart 4/5, f = 23.804087763041736
Optimization restart 5/5, f = 23.804087763032015
f inputs x:[[-1. -1.  1. -1.]] ev:{} outputs y:9.02094741289393 (n:-0.0) c:1.0
num acquisition: 89, time elapsed: 14.64s
Optimization restart 1/5, f = 24.173135820118965
Optimization restart 2/5, f = 24.177744008620685
Optimization restart 3/5, f = 24.173135982760087
Optimization restart 4/5, f = 24.177744011631304
Optimization restart 5/5, f = 24.173135821074965
f inputs x:[[-0.16833871 -0.07841922 -0.07343383  0.06181202]] ev:{} outputs y:2.8607006951332976 (n:0.0) c:1.0
num acquisition: 90, time elapsed: 14.90s
Optimization restart 1/5, f = 24.67224028363661
Optimization restart 2/5, f = 24.67223193767441
Optimization restart 3/5, f = 23.547846680876866
Optimization restart 4/5, f = 24.6722319377526
Optimization restart 5/5, f = 23.547846680723893
f inputs x:[[ 0.14867208  0.0954405   0.03389489 -0.04677064]] ev:{} outputs y:1.6414012904073405 (n:0.0) c:1.0
num acquisition: 91, time elapsed: 15.18s
Optimization restart 1/5, f = 21.887778116224283
Optimization restart 2/5, f = 21.887778116227068
Optimization restart 3/5, f = 21.887778116222954
Optimization restart 4/5, f = 21.395408072204944
Optimization restart 5/5, f = 21.887778116223842
f inputs x:[[ 1.         -0.12810274  1.         -0.17407314]] ev:{} outputs y:8.401482712801602 (n:-0.0) c:1.0
num acquisition: 92, time elapsed: 15.38s
Optimization restart 1/5, f = 21.99852338785154
Optimization restart 2/5, f = 21.785867028204194
Optimization restart 3/5, f = 21.785867028197288
Optimization restart 4/5, f = 21.78586702819581
Optimization restart 5/5, f = 21.785867028196407
f inputs x:[[ 0.14960626  0.09582969  0.03450265 -0.04861179]] ev:{} outputs y:1.6554359216372323 (n:-0.0) c:1.0
num acquisition: 93, time elapsed: 15.60s
Optimization restart 1/5, f = 20.100603117817336
Optimization restart 2/5, f = 15.19274999518396
Optimization restart 3/5, f = 20.100603117884248
Optimization restart 4/5, f = 15.192754817519287
Optimization restart 5/5, f = 15.19275050592151
f inputs x:[[1.         1.         0.10557788 0.60214844]] ev:{} outputs y:7.690629438953165 (n:0.0) c:1.0
num acquisition: 94, time elapsed: 15.86s
Optimization restart 1/5, f = 15.909973853296414
Optimization restart 2/5, f = 20.145547563812293
Optimization restart 3/5, f = 20.145547563811434
Optimization restart 4/5, f = 15.909740539321191
Optimization restart 5/5, f = 15.909740075266676
f inputs x:[[-0.40586651  1.         -1.          0.02872805]] ev:{} outputs y:8.666605024591753 (n:0.0) c:1.0
num acquisition: 95, time elapsed: 16.11s
Optimization restart 1/5, f = 16.467476384171405
Optimization restart 2/5, f = 16.467263211334533
Optimization restart 3/5, f = 16.467264131504855
Optimization restart 4/5, f = 16.467263281086346
Optimization restart 5/5, f = 19.92960223760491
f inputs x:[[-1.         -0.00171259 -1.          1.        ]] ev:{} outputs y:7.8871512063548375 (n:0.0) c:1.0
num acquisition: 96, time elapsed: 16.37s
Optimization restart 1/5, f = 17.128535544233536
Optimization restart 2/5, f = 17.12833479002402
Optimization restart 3/5, f = 20.00335859884612
Optimization restart 4/5, f = 17.128335449436662
Optimization restart 5/5, f = 20.003358598845303
f inputs x:[[ 0.08257999 -0.27573    -1.         -1.        ]] ev:{} outputs y:8.41304913930749 (n:-0.0) c:1.0
num acquisition: 97, time elapsed: 16.61s
Optimization restart 1/5, f = 17.688420580262154
Optimization restart 2/5, f = 17.68824080986149
Optimization restart 3/5, f = 17.68824082596391
Optimization restart 4/5, f = 17.688240858145043
Optimization restart 5/5, f = 17.688240823723113
f inputs x:[[1.         1.         1.         0.01139983]] ev:{} outputs y:7.888074691693939 (n:0.0) c:1.0
num acquisition: 98, time elapsed: 16.92s
Optimization restart 1/5, f = 18.359123917391514
Optimization restart 2/5, f = 19.860946661651987
Optimization restart 3/5, f = 19.860946661660094
Optimization restart 4/5, f = 19.86094666165203
Optimization restart 5/5, f = 18.358953057927017
f inputs x:[[-0.15058333  0.20736626  0.27084433  1.        ]] ev:{} outputs y:5.802079413926801 (n:0.0) c:1.0
num acquisition: 99, time elapsed: 17.14s
Optimization restart 1/5, f = 19.402965933756235
Optimization restart 2/5, f = 19.40281445457714
Optimization restart 3/5, f = 19.8108371718387
Optimization restart 4/5, f = 19.81083717183835
Optimization restart 5/5, f = 19.810837171839445
f inputs x:[[ 0.07484819 -0.25333009 -0.45857828  0.41499696]] ev:{} outputs y:5.211163988487966 (n:0.0) c:1.0
num acquisition: 100, time elapsed: 17.37s
Optimization restart 1/5, f = 20.535064564020423
Optimization restart 2/5, f = 19.77341209102199
Optimization restart 3/5, f = 20.53492971158095
Optimization restart 4/5, f = 20.53493120932059
Optimization restart 5/5, f = 20.53492942540045
f inputs x:[[ 0.14936025  0.09626045  0.03249368 -0.05138147]] ev:{} outputs y:1.6770128349808189 (n:-0.0) c:1.0
num acquisition: 101, time elapsed: 17.68s
Optimization restart 1/5, f = 17.998541477188986
Optimization restart 2/5, f = 15.101970340973864
Optimization restart 3/5, f = 15.101978074823776
Optimization restart 4/5, f = 15.101974209124805
Optimization restart 5/5, f = 15.101969844206124
f inputs x:[[-0.33230771  0.11431224 -0.2166548  -0.23296016]] ev:{} outputs y:4.406949014378091 (n:-0.0) c:1.0
num acquisition: 102, time elapsed: 17.96s
Optimization restart 1/5, f = 16.234606031889044
Optimization restart 2/5, f = 16.23460602646327
Optimization restart 3/5, f = 17.660269634153714
Optimization restart 4/5, f = 17.660269634155007
Optimization restart 5/5, f = 16.234606078004703
f inputs x:[[-0.01360864 -0.71869701 -1.          1.        ]] ev:{} outputs y:7.812445166198538 (n:0.0) c:1.0
num acquisition: 103, time elapsed: 18.23s
Optimization restart 1/5, f = 16.884227896107824
Optimization restart 2/5, f = 17.621862393173842
Optimization restart 3/5, f = 17.62186239317782
Optimization restart 4/5, f = 17.621862393174546
Optimization restart 5/5, f = 16.8842323124951
f inputs x:[[0.19924932 0.06775958 0.01631986 0.00641486]] ev:{} outputs y:1.143541251040463 (n:0.0) c:1.0
num acquisition: 104, time elapsed: 18.48s
Optimization restart 1/5, f = 14.390649406296546
Optimization restart 2/5, f = 18.32669796917898
Optimization restart 3/5, f = 18.326697969172983
Optimization restart 4/5, f = 18.32669796926291
Optimization restart 5/5, f = 14.388785649143976
f inputs x:[[0.33985777 0.16343265 0.02834407 0.03038839]] ev:{} outputs y:1.668195591605068 (n:0.0) c:1.0
num acquisition: 105, time elapsed: 18.73s
Optimization restart 1/5, f = 13.980294654503794
Optimization restart 2/5, f = 13.978251048925266
Optimization restart 3/5, f = 18.102031565956388
Optimization restart 4/5, f = 18.102031565956317
Optimization restart 5/5, f = 18.102031565956068
f inputs x:[[ 0.51080794  0.33799089  0.08801124 -0.16247662]] ev:{} outputs y:3.694340327805325 (n:-0.0) c:1.0
num acquisition: 106, time elapsed: 18.95s
Optimization restart 1/5, f = 14.870296599933447
Optimization restart 2/5, f = 14.870296592499876
Optimization restart 3/5, f = 17.836580647825187
Optimization restart 4/5, f = 14.870303638070865
Optimization restart 5/5, f = 17.83658064820394
f inputs x:[[ 1.          0.13770593 -0.08368355  0.00455844]] ev:{} outputs y:7.340133249098008 (n:0.0) c:1.0
num acquisition: 107, time elapsed: 19.22s
Optimization restart 1/5, f = 15.684819863332109
Optimization restart 2/5, f = 20.409009017227675
Optimization restart 3/5, f = 15.684841326656993
Optimization restart 4/5, f = 20.40900901723809
Optimization restart 5/5, f = 15.684819736776348
f inputs x:[[-0.05786718  0.03328086  0.00872456 -1.        ]] ev:{} outputs y:6.049628439908093 (n:0.0) c:1.0
num acquisition: 108, time elapsed: 19.45s
Optimization restart 1/5, f = 16.802103171758
Optimization restart 2/5, f = 16.80002218264773
Optimization restart 3/5, f = 20.648046047623957
Optimization restart 4/5, f = 20.648046047623225
Optimization restart 5/5, f = 20.648046047644
f inputs x:[[-1.         -1.          0.15277997  1.        ]] ev:{} outputs y:8.666218463014118 (n:0.0) c:1.0
num acquisition: 109, time elapsed: 19.68s
Optimization restart 1/5, f = 17.34090170556712
Optimization restart 2/5, f = 20.395987961109057
Optimization restart 3/5, f = 17.33882099037178
Optimization restart 4/5, f = 20.395987961108183
Optimization restart 5/5, f = 17.33881228488456
f inputs x:[[ 1.         -0.56380179 -0.12037445  1.        ]] ev:{} outputs y:8.164487390523847 (n:-0.0) c:1.0
num acquisition: 110, time elapsed: 20.00s
Optimization restart 1/5, f = 17.912586151730046
Optimization restart 2/5, f = 17.91258614516847
Optimization restart 3/5, f = 20.201575936616607
Optimization restart 4/5, f = 17.91258615308348
Optimization restart 5/5, f = 17.912586245916373
f inputs x:[[-0.04207073 -1.          0.14384974  0.10150854]] ev:{} outputs y:7.579002679569775 (n:-0.0) c:1.0
num acquisition: 111, time elapsed: 20.30s
Optimization restart 1/5, f = 18.62330370689166
Optimization restart 2/5, f = 20.292443986150488
Optimization restart 3/5, f = 18.623303949071776
Optimization restart 4/5, f = 20.29244398624055
Optimization restart 5/5, f = 20.292443986173815
f inputs x:[[-0.3666463   0.44119174  0.2285048  -0.22527574]] ev:{} outputs y:4.308521225512112 (n:-0.0) c:1.0
num acquisition: 112, time elapsed: 20.55s
Optimization restart 1/5, f = 20.014412356713173
Optimization restart 2/5, f = 20.430307812359693
Optimization restart 3/5, f = 20.43030781236194
Optimization restart 4/5, f = 20.014413248286296
Optimization restart 5/5, f = 20.01441211802446
f inputs x:[[-0.31200275  0.23983845  0.50584159  0.06044957]] ev:{} outputs y:5.062136947478651 (n:-0.0) c:1.0
num acquisition: 113, time elapsed: 20.84s
Optimization restart 1/5, f = 20.895434293587
Optimization restart 2/5, f = 20.551676144308118
Optimization restart 3/5, f = 20.89543682001014
Optimization restart 4/5, f = 20.895441369913748
Optimization restart 5/5, f = 20.551676144303883
f inputs x:[[ 0.16682989  0.09969185  0.03440484 -0.04506836]] ev:{} outputs y:1.5526728193715207 (n:0.0) c:1.0
num acquisition: 114, time elapsed: 21.21s
Optimization restart 1/5, f = 18.88825130097115
Optimization restart 2/5, f = 18.888251300989047
Optimization restart 3/5, f = 18.88825130097628
Optimization restart 4/5, f = 17.22925771224446
Optimization restart 5/5, f = 17.229253158126212
f inputs x:[[-0.81590324  0.24660057 -0.00958079 -0.27707849]] ev:{} outputs y:6.349649242420766 (n:0.0) c:1.0
num acquisition: 115, time elapsed: 21.49s
Optimization restart 1/5, f = 18.125993099520755
Optimization restart 2/5, f = 18.803639677303735
Optimization restart 3/5, f = 18.125993093242286
Optimization restart 4/5, f = 18.803639677295806
Optimization restart 5/5, f = 18.80363967730125
f inputs x:[[-1.          0.26960546  1.          0.53401052]] ev:{} outputs y:7.86456173656891 (n:-0.0) c:1.0
num acquisition: 116, time elapsed: 21.77s
Optimization restart 1/5, f = 18.732229189468377
Optimization restart 2/5, f = 18.732228156967302
Optimization restart 3/5, f = 18.757649261138205
Optimization restart 4/5, f = 18.757649261091345
Optimization restart 5/5, f = 18.75764926109707
f inputs x:[[0.40333675 0.42565214 0.31977923 0.09974188]] ev:{} outputs y:2.388946553984766 (n:0.0) c:1.0
num acquisition: 117, time elapsed: 22.03s
Optimization restart 1/5, f = 20.75223629188114
Optimization restart 2/5, f = 26.593455208992026
Optimization restart 3/5, f = 26.59345520898954
Optimization restart 4/5, f = 26.593455209897876
Optimization restart 5/5, f = 26.59345520900129
f inputs x:[[0.42761382 0.40467257 0.4536152  0.38320501]] ev:{} outputs y:2.0678356405783593 (n:-0.0) c:1.0
num acquisition: 118, time elapsed: 22.31s
Optimization restart 1/5, f = 22.442219192488224
Optimization restart 2/5, f = 37.017078818698955
Optimization restart 3/5, f = 22.439167037276974
Optimization restart 4/5, f = 22.439167509768687
Optimization restart 5/5, f = 37.01707881869544
f inputs x:[[0.48408225 0.26346716 0.33237914 0.2804325 ]] ev:{} outputs y:3.6209269919600806 (n:-0.0) c:1.0
num acquisition: 119, time elapsed: 22.64s
Optimization restart 1/5, f = 23.51104107669991
Optimization restart 2/5, f = 23.51104110766491
Optimization restart 3/5, f = 23.511041569979454
Optimization restart 4/5, f = 23.511041215238976
Optimization restart 5/5, f = 23.511041065972783
f inputs x:[[0.39660427 0.60891443 0.47534759 0.31120041]] ev:{} outputs y:4.370145221913742 (n:-0.0) c:1.0
num acquisition: 120, time elapsed: 23.11s
Optimization restart 1/5, f = 25.845672823956257
Optimization restart 2/5, f = 37.55544148805477
Optimization restart 3/5, f = 37.55544148748458
Optimization restart 4/5, f = 25.842678121890984
Optimization restart 5/5, f = 37.55544148745978
f inputs x:[[0.31992728 0.32153398 0.53900285 0.55872531]] ev:{} outputs y:3.950767355629964 (n:0.0) c:1.0
num acquisition: 121, time elapsed: 23.37s
Optimization restart 1/5, f = 27.016670709471647
Optimization restart 2/5, f = 27.016670741660874
Optimization restart 3/5, f = 37.32452248550154
Optimization restart 4/5, f = 27.016670608087708
Optimization restart 5/5, f = 27.016670547145686
f inputs x:[[0.43565332 0.36350821 0.60122752 0.25507544]] ev:{} outputs y:4.983558357768189 (n:-0.0) c:1.0
num acquisition: 122, time elapsed: 23.76s
Optimization restart 1/5, f = 29.08979834160578
Optimization restart 2/5, f = 29.08688914819772
Optimization restart 3/5, f = 29.08688797265335
Optimization restart 4/5, f = 29.08688816470628
Optimization restart 5/5, f = 29.086887974480113
f inputs x:[[0.4737093  0.45627633 0.32728436 0.50597946]] ev:{} outputs y:3.6811007164212515 (n:0.0) c:1.0
num acquisition: 123, time elapsed: 24.18s
Optimization restart 1/5, f = 30.38108962888677
Optimization restart 2/5, f = 38.96256584207484
Optimization restart 3/5, f = 38.96256584197177
Optimization restart 4/5, f = 30.378234951072073
Optimization restart 5/5, f = 30.378238998622066
f inputs x:[[-1.         -1.         -1.          0.03593058]] ev:{} outputs y:9.16116846664236 (n:0.0) c:1.0
num acquisition: 124, time elapsed: 24.54s
Optimization restart 1/5, f = 30.799777083506385
Optimization restart 2/5, f = 38.47775343164781
Optimization restart 3/5, f = 30.799777079761995
Optimization restart 4/5, f = 38.47775343320994
Optimization restart 5/5, f = 38.47775343166225
f inputs x:[[-0.28243053  0.28988171 -0.49525767  1.        ]] ev:{} outputs y:5.720661915552732 (n:-0.0) c:1.0
num acquisition: 125, time elapsed: 24.90s
Optimization restart 1/5, f = 32.003147078808766
Optimization restart 2/5, f = 32.003147427788505
Optimization restart 3/5, f = 39.943604761639136
Optimization restart 4/5, f = 32.00320433741193
Optimization restart 5/5, f = 39.94360476153072
f inputs x:[[0.29673707 0.39594729 0.34826526 0.31680386]] ev:{} outputs y:3.1373979676047146 (n:-0.0) c:1.0
num acquisition: 126, time elapsed: 25.23s
Optimization restart 1/5, f = 33.16164477531706
Optimization restart 2/5, f = 39.28283864424938
Optimization restart 3/5, f = 33.15878600647494
Optimization restart 4/5, f = 33.15879144987497
Optimization restart 5/5, f = 39.28283864408418
f inputs x:[[ 0.33622823  0.43104847  0.14071226 -0.0054964 ]] ev:{} outputs y:3.7687383688245344 (n:0.0) c:1.0
num acquisition: 127, time elapsed: 25.60s
Optimization restart 1/5, f = 34.78372465845737
Optimization restart 2/5, f = 34.7810656207341
Optimization restart 3/5, f = 40.45224460981504
Optimization restart 4/5, f = 40.452244610071276
Optimization restart 5/5, f = 40.45224460992429
f inputs x:[[ 0.14269214  0.13019843 -1.          0.01322699]] ev:{} outputs y:7.696322111459017 (n:0.0) c:1.0
num acquisition: 128, time elapsed: 25.87s
Optimization restart 1/5, f = 35.4535321282837
Optimization restart 2/5, f = 40.899434655638274
Optimization restart 3/5, f = 35.45369052817493
Optimization restart 4/5, f = 35.4535333549684
Optimization restart 5/5, f = 35.45353325088159
f inputs x:[[ 0.02888414  1.          1.         -1.        ]] ev:{} outputs y:8.472065717887926 (n:-0.0) c:1.0
num acquisition: 129, time elapsed: 26.21s
Optimization restart 1/5, f = 36.023434702587
Optimization restart 2/5, f = 36.02343289477494
Optimization restart 3/5, f = 40.72041098826594
Optimization restart 4/5, f = 40.72041098800909
Optimization restart 5/5, f = 40.72041098813
f inputs x:[[-0.33116593  0.12622736  0.29295107 -0.57062107]] ev:{} outputs y:5.600889998967031 (n:0.0) c:1.0
num acquisition: 130, time elapsed: 26.50s
Optimization restart 1/5, f = 37.05388508646658
Optimization restart 2/5, f = 37.0538881724336
Optimization restart 3/5, f = 37.05388473432234
Optimization restart 4/5, f = 40.89915303021202
Optimization restart 5/5, f = 37.05388570748593
f inputs x:[[-1.         -1.         -0.06202828 -1.        ]] ev:{} outputs y:8.734069026271943 (n:-0.0) c:1.0
num acquisition: 131, time elapsed: 26.88s
Optimization restart 1/5, f = 37.52823815031509
Optimization restart 2/5, f = 37.52555684467073
Optimization restart 3/5, f = 37.52555560578945
Optimization restart 4/5, f = 37.5255555484557
Optimization restart 5/5, f = 37.525555531382636
f inputs x:[[ 0.19916872 -1.          0.6558323   1.        ]] ev:{} outputs y:7.185363911743038 (n:0.0) c:1.0
num acquisition: 132, time elapsed: 27.29s
Optimization restart 1/5, f = 38.308362467948754
Optimization restart 2/5, f = 40.71817602081279
Optimization restart 3/5, f = 40.71817602083962
Optimization restart 4/5, f = 38.30836093264092
Optimization restart 5/5, f = 38.30836646352408
f inputs x:[[-0.24076015  0.15842724  0.08106024  0.08285924]] ev:{} outputs y:2.005777187869702 (n:0.0) c:1.0
num acquisition: 133, time elapsed: 27.67s
Optimization restart 1/5, f = 39.15243737884879
Optimization restart 2/5, f = 39.152437349189256
Optimization restart 3/5, f = 39.1524475596195
Optimization restart 4/5, f = 39.1524373563
Optimization restart 5/5, f = 41.88593424663807
f inputs x:[[-0.43447206  0.13525532  0.01674359  0.12659773]] ev:{} outputs y:3.672845599840337 (n:0.0) c:1.0
num acquisition: 134, time elapsed: 28.07s
Optimization restart 1/5, f = 39.6966438790529
Optimization restart 2/5, f = 39.696642770496496
Optimization restart 3/5, f = 39.69664352309864
Optimization restart 4/5, f = 39.696642798139166
Optimization restart 5/5, f = 41.499091536506626
f inputs x:[[-0.16665634  0.05302739  0.15948708  0.17467357]] ev:{} outputs y:3.0090361029358217 (n:0.0) c:1.0
num acquisition: 135, time elapsed: 28.47s
Optimization restart 1/5, f = 40.18542113722714
Optimization restart 2/5, f = 40.18266225714538
Optimization restart 3/5, f = 40.18266795093402
Optimization restart 4/5, f = 40.919371112207386
Optimization restart 5/5, f = 40.91937111228461
f inputs x:[[0.1684665 1.        1.        1.       ]] ev:{} outputs y:7.167839307665397 (n:-0.0) c:1.0
num acquisition: 136, time elapsed: 28.79s
Optimization restart 1/5, f = 40.999068169286915
Optimization restart 2/5, f = 41.06060703917014
Optimization restart 3/5, f = 41.060607039178876
Optimization restart 4/5, f = 40.999068190355814
Optimization restart 5/5, f = 41.06060703917072
f inputs x:[[-1.         -1.          1.          0.01168633]] ev:{} outputs y:8.718855806335975 (n:-0.0) c:1.0
num acquisition: 137, time elapsed: 29.13s
Optimization restart 1/5, f = 41.46412789656321
Optimization restart 2/5, f = 41.46412789538772
Optimization restart 3/5, f = 40.735131189776325
Optimization restart 4/5, f = 40.735131189712575
Optimization restart 5/5, f = 41.46412933027074
f inputs x:[[ 0.14487695  0.10791577  0.06968332 -0.01121299]] ev:{} outputs y:1.7358009944807677 (n:-0.0) c:1.0
num acquisition: 138, time elapsed: 29.49s
Optimization restart 1/5, f = 39.39380245534362
Optimization restart 2/5, f = 37.69801204695668
Optimization restart 3/5, f = 37.698010656111904
Optimization restart 4/5, f = 37.69801043028056
Optimization restart 5/5, f = 37.69801071634433
f inputs x:[[-0.20242659  0.14015219  0.03754227 -0.07643962]] ev:{} outputs y:2.119873552914465 (n:-0.0) c:1.0
num acquisition: 139, time elapsed: 29.87s
Optimization restart 1/5, f = 37.25157278421827
Optimization restart 2/5, f = 37.24854323824931
Optimization restart 3/5, f = 39.13124936666807
Optimization restart 4/5, f = 37.24854356217426
Optimization restart 5/5, f = 37.24854324716651
f inputs x:[[ 0.11855003 -1.          1.         -1.        ]] ev:{} outputs y:8.479113815016776 (n:0.0) c:1.0
num acquisition: 140, time elapsed: 30.32s
Optimization restart 1/5, f = 37.734515501840576
Optimization restart 2/5, f = 37.734514587756394
Optimization restart 3/5, f = 38.85532096483092
Optimization restart 4/5, f = 38.85532096483051
Optimization restart 5/5, f = 38.85532096492801
f inputs x:[[-0.12521305  0.58699548 -1.          1.        ]] ev:{} outputs y:7.507669243294083 (n:0.0) c:1.0
num acquisition: 141, time elapsed: 30.62s
Optimization restart 1/5, f = 38.44952606658413
Optimization restart 2/5, f = 38.90430231190801
Optimization restart 3/5, f = 38.90430231190166
Optimization restart 4/5, f = 38.90430231201678
Optimization restart 5/5, f = 38.44952604128767
f inputs x:[[-1.          1.         -0.01804364 -1.        ]] ev:{} outputs y:7.894865932919191 (n:-0.0) c:1.0
num acquisition: 142, time elapsed: 30.97s
Optimization restart 1/5, f = 39.055576733809374
Optimization restart 2/5, f = 38.84627799215724
Optimization restart 3/5, f = 39.055576796155435
Optimization restart 4/5, f = 39.055582154902
Optimization restart 5/5, f = 38.846277992160125
f inputs x:[[ 0.1331305   0.11227997  0.06811879 -0.01469842]] ev:{} outputs y:1.837382893023026 (n:0.0) c:1.0
num acquisition: 143, time elapsed: 31.34s
Optimization restart 1/5, f = 37.5736516085763
Optimization restart 2/5, f = 37.57365160743635
Optimization restart 3/5, f = 34.42297563909881
Optimization restart 4/5, f = 34.42297584554774
Optimization restart 5/5, f = 34.422976637030615
f inputs x:[[-1.          1.          0.19079535  1.        ]] ev:{} outputs y:7.731205478763609 (n:0.0) c:1.0
num acquisition: 144, time elapsed: 31.88s
Optimization restart 1/5, f = 35.09536140947412
Optimization restart 2/5, f = 35.095365850274646
Optimization restart 3/5, f = 35.09536461236033
Optimization restart 4/5, f = 37.5105715604511
Optimization restart 5/5, f = 37.51057156044949
f inputs x:[[-1.          0.15239979  1.         -1.        ]] ev:{} outputs y:8.664943141433653 (n:0.0) c:1.0
num acquisition: 145, time elapsed: 32.27s
Optimization restart 1/5, f = 35.54280926873159
Optimization restart 2/5, f = 37.15020619695517
Optimization restart 3/5, f = 37.150206196485414
Optimization restart 4/5, f = 35.54281011139781
Optimization restart 5/5, f = 37.150206196485
f inputs x:[[-0.48413851 -0.23563838 -0.29121408  1.        ]] ev:{} outputs y:6.362508507305269 (n:0.0) c:1.0
num acquisition: 146, time elapsed: 32.65s
Optimization restart 1/5, f = 36.49416043454505
Optimization restart 2/5, f = 37.26815720099181
Optimization restart 3/5, f = 36.4905800945875
Optimization restart 4/5, f = 36.49058063581799
Optimization restart 5/5, f = 36.49058010216078
f inputs x:[[-0.25656142 -0.31533001  1.          0.27651403]] ev:{} outputs y:7.423186362196426 (n:-0.0) c:1.0
num acquisition: 147, time elapsed: 33.09s
Optimization restart 1/5, f = 37.26114840089596
Optimization restart 2/5, f = 37.2575800763008
Optimization restart 3/5, f = 37.10507390255427
Optimization restart 4/5, f = 37.10507390254348
Optimization restart 5/5, f = 37.25757539611655
f inputs x:[[ 0.13360929  0.11187393  0.06834451 -0.01536383]] ev:{} outputs y:1.835215471894841 (n:-0.0) c:1.0
num acquisition: 148, time elapsed: 33.44s
Optimization restart 1/5, f = 35.79272507090903
Optimization restart 2/5, f = 35.79272506973349
Optimization restart 3/5, f = 29.94604156746243
Optimization restart 4/5, f = 29.946040582685498
Optimization restart 5/5, f = 29.946046041221877
f inputs x:[[-0.27296816  0.32171144  0.14331617  0.03580932]] ev:{} outputs y:2.8922755457775815 (n:0.0) c:1.0
num acquisition: 149, time elapsed: 33.85s
Optimization restart 1/5, f = 29.985718488445713
Optimization restart 2/5, f = 29.985718117497413
Optimization restart 3/5, f = 29.985718111206097
Optimization restart 4/5, f = 35.369086996747
Optimization restart 5/5, f = 29.98571809336559
f inputs x:[[ 1.  1. -1. -1.]] ev:{} outputs y:9.019956906396628 (n:0.0) c:1.0
num acquisition: 150, time elapsed: 34.38s
Optimization restart 1/5, f = 30.47871027697053
Optimization restart 2/5, f = 30.478709524015756
Optimization restart 3/5, f = 35.20060283540916
Optimization restart 4/5, f = 35.200602835455996
Optimization restart 5/5, f = 30.478713660945516
f inputs x:[[ 1.         -1.         -1.          0.03789813]] ev:{} outputs y:9.159958586253827 (n:-0.0) c:1.0
num acquisition: 151, time elapsed: 34.82s
Optimization restart 1/5, f = 30.822367515642696
Optimization restart 2/5, f = 30.822369876131177
Optimization restart 3/5, f = 30.82236728588032
Optimization restart 4/5, f = 30.8228421235749
Optimization restart 5/5, f = 30.82237428204769
f inputs x:[[-0.48576817  1.          0.28757136  0.05588272]] ev:{} outputs y:7.260875023543339 (n:-0.0) c:1.0
num acquisition: 152, time elapsed: 35.30s
Optimization restart 1/5, f = 31.561332383000632
Optimization restart 2/5, f = 31.56133249780362
Optimization restart 3/5, f = 31.561335049464986
Optimization restart 4/5, f = 31.561332164357168
Optimization restart 5/5, f = 31.56133204712529
f inputs x:[[ 1.          1.          0.01689946 -0.19353856]] ev:{} outputs y:7.701155764823307 (n:-0.0) c:1.0
num acquisition: 153, time elapsed: 35.80s
Optimization restart 1/5, f = 32.18199969907246
Optimization restart 2/5, f = 32.1820031660431
Optimization restart 3/5, f = 34.625105152080806
Optimization restart 4/5, f = 34.625105152075676
Optimization restart 5/5, f = 32.182002945101516
f inputs x:[[ 0.37663023  0.47523285  0.14333491 -1.        ]] ev:{} outputs y:6.242354997269981 (n:-0.0) c:1.0
num acquisition: 154, time elapsed: 36.17s
Optimization restart 1/5, f = 33.22425516133265
Optimization restart 2/5, f = 33.224255969291846
Optimization restart 3/5, f = 34.813656116367454
Optimization restart 4/5, f = 34.81365611637757
Optimization restart 5/5, f = 33.22425553548976
f inputs x:[[ 0.44079129 -0.09421519  0.46136403  1.        ]] ev:{} outputs y:5.767864606242665 (n:0.0) c:1.0
num acquisition: 155, time elapsed: 36.64s
Optimization restart 1/5, f = 34.31489792923517
Optimization restart 2/5, f = 34.86665307763505
Optimization restart 3/5, f = 34.314899812860205
Optimization restart 4/5, f = 34.86665307815419
Optimization restart 5/5, f = 34.866653077635476
f inputs x:[[-0.22513565 -0.35709573  0.39849062  1.        ]] ev:{} outputs y:5.684121959103256 (n:0.0) c:1.0
num acquisition: 156, time elapsed: 37.04s
Optimization restart 1/5, f = 35.36234720876158
Optimization restart 2/5, f = 35.12129309394723
Optimization restart 3/5, f = 35.12129309394747
Optimization restart 4/5, f = 35.36234690710964
Optimization restart 5/5, f = 35.36234652123426
f inputs x:[[ 0.12810151  0.11699459  0.06774107 -0.01711767]] ev:{} outputs y:1.9075853144303367 (n:0.0) c:1.0
num acquisition: 157, time elapsed: 37.48s
Optimization restart 1/5, f = 33.85047063824261
Optimization restart 2/5, f = 33.85047062677438
Optimization restart 3/5, f = 33.85047062677421
Optimization restart 4/5, f = 33.850470626989235
Optimization restart 5/5, f = 30.187681653498743
f inputs x:[[ 0.4705712   0.48364026  0.46536654 -0.32688324]] ev:{} outputs y:5.523093490216551 (n:0.0) c:1.0
num acquisition: 158, time elapsed: 37.84s
Optimization restart 1/5, f = 31.153251822845164
Optimization restart 2/5, f = 31.153251604590366
Optimization restart 3/5, f = 33.95397325291188
Optimization restart 4/5, f = 31.153248745641662
Optimization restart 5/5, f = 31.153263318617775
f inputs x:[[ 0.44225868  0.05516554 -0.36386183  0.48002737]] ev:{} outputs y:4.8723844749250835 (n:-0.0) c:1.0
num acquisition: 159, time elapsed: 38.32s
Optimization restart 1/5, f = 32.325445294125615
Optimization restart 2/5, f = 32.32544793798104
Optimization restart 3/5, f = 34.05411838711839
Optimization restart 4/5, f = 34.054118380256924
Optimization restart 5/5, f = 32.3254455693187
f inputs x:[[ 0.01701391  0.20844656 -0.46395047  0.47583273]] ev:{} outputs y:5.030003764925391 (n:0.0) c:1.0
num acquisition: 160, time elapsed: 38.77s
Optimization restart 1/5, f = 33.30733815861478
Optimization restart 2/5, f = 33.875716205934765
Optimization restart 3/5, f = 33.8757162059608
Optimization restart 4/5, f = 33.87571620598402
Optimization restart 5/5, f = 33.30733820047428
f inputs x:[[ 1.        -1.         1.         0.0778592]] ev:{} outputs y:8.699145520986868 (n:0.0) c:1.0
num acquisition: 161, time elapsed: 39.20s
Optimization restart 1/5, f = 33.77237283135682
Optimization restart 2/5, f = 33.4835105447296
Optimization restart 3/5, f = 33.77237429484978
Optimization restart 4/5, f = 33.4835105451711
Optimization restart 5/5, f = 33.77237224912719
f inputs x:[[ 0.12860766  0.11582589  0.06164688 -0.01087425]] ev:{} outputs y:1.846974308342508 (n:-0.0) c:1.0
num acquisition: 162, time elapsed: 39.70s
Optimization restart 1/5, f = 32.119767523459785
Optimization restart 2/5, f = 32.11976752238273
Optimization restart 3/5, f = 27.69363552017083
Optimization restart 4/5, f = 27.693643740592762
Optimization restart 5/5, f = 27.693635724310866
f inputs x:[[ 1.          0.07171114 -1.          1.        ]] ev:{} outputs y:7.839630700369436 (n:-0.0) c:1.0
num acquisition: 163, time elapsed: 40.18s
Optimization restart 1/5, f = 28.31178571523904
Optimization restart 2/5, f = 28.31178918337784
Optimization restart 3/5, f = 31.971903536500093
Optimization restart 4/5, f = 28.31178588261568
Optimization restart 5/5, f = 28.31178572283261
f inputs x:[[ 0.25632166  0.44144588 -0.24671165  1.        ]] ev:{} outputs y:6.290304910319206 (n:0.0) c:1.0
num acquisition: 164, time elapsed: 40.79s
Optimization restart 1/5, f = 29.20990400076377
Optimization restart 2/5, f = 31.90626554373553
Optimization restart 3/5, f = 31.906265534268158
Optimization restart 4/5, f = 31.906265534225753
Optimization restart 5/5, f = 29.20990983650765
f inputs x:[[-0.38667983 -0.34439279 -0.09644457 -0.63027249]] ev:{} outputs y:6.019170955197645 (n:0.0) c:1.0
num acquisition: 165, time elapsed: 41.23s
Optimization restart 1/5, f = 30.211013186139496
Optimization restart 2/5, f = 32.10818401826623
Optimization restart 3/5, f = 32.10818401826654
Optimization restart 4/5, f = 30.211018690248636
Optimization restart 5/5, f = 30.21101336125156
f inputs x:[[0.66066053 0.40978606 0.58049005 0.58011729]] ev:{} outputs y:4.852302528354852 (n:0.0) c:1.0
num acquisition: 166, time elapsed: 41.70s
Optimization restart 1/5, f = 30.99992136663127
Optimization restart 2/5, f = 30.99992136712484
Optimization restart 3/5, f = 31.922254058908237
Optimization restart 4/5, f = 30.99992477555864
Optimization restart 5/5, f = 30.999921382317694
f inputs x:[[ 1.          0.11144852  1.         -1.        ]] ev:{} outputs y:8.677908397745485 (n:-0.0) c:1.0
num acquisition: 167, time elapsed: 42.21s
Optimization restart 1/5, f = 31.434445865421367
Optimization restart 2/5, f = 31.498505756520757
Optimization restart 3/5, f = 31.498505756531245
Optimization restart 4/5, f = 31.498505756519762
Optimization restart 5/5, f = 31.434445907820873
f inputs x:[[-0.19937446  0.46641641 -0.11589357 -0.59656632]] ev:{} outputs y:5.8923264037672665 (n:-0.0) c:1.0
num acquisition: 168, time elapsed: 42.63s
Optimization restart 1/5, f = 32.37533430615258
Optimization restart 2/5, f = 32.080442590768726
Optimization restart 3/5, f = 32.37535920184365
Optimization restart 4/5, f = 32.08044259076041
Optimization restart 5/5, f = 32.37533634784458
f inputs x:[[ 0.13122049  0.11006795  0.0649223  -0.00662356]] ev:{} outputs y:1.7927380035895255 (n:-0.0) c:1.0
num acquisition: 169, time elapsed: 43.10s
Optimization restart 1/5, f = 30.633928804242075
Optimization restart 2/5, f = 26.27353399650964
Optimization restart 3/5, f = 30.63392880425269
Optimization restart 4/5, f = 26.273502376857323
Optimization restart 5/5, f = 30.63392880414588
f inputs x:[[ 0.23880238 -0.44492786  0.26855506 -1.        ]] ev:{} outputs y:6.54793354294406 (n:-0.0) c:1.0
num acquisition: 170, time elapsed: 43.51s
Optimization restart 1/5, f = 27.213710854768678
Optimization restart 2/5, f = 27.213710840111958
Optimization restart 3/5, f = 27.213710927723213
Optimization restart 4/5, f = 30.699097224156773
Optimization restart 5/5, f = 27.213710866296722
f inputs x:[[0.56943374 0.48551338 0.31342216 0.18032901]] ev:{} outputs y:3.2861155888424967 (n:-0.0) c:1.0
num acquisition: 171, time elapsed: 44.07s
Optimization restart 1/5, f = 27.369471729259317
Optimization restart 2/5, f = 27.369471555532016
Optimization restart 3/5, f = 27.369471559359255
Optimization restart 4/5, f = 31.496111003577553
Optimization restart 5/5, f = 31.49611100358412
f inputs x:[[-0.37218566  0.47018589  1.         -0.3444015 ]] ev:{} outputs y:7.842296539263699 (n:-0.0) c:1.0
num acquisition: 172, time elapsed: 44.58s
Optimization restart 1/5, f = 27.87755732449324
Optimization restart 2/5, f = 31.314553618290844
Optimization restart 3/5, f = 31.314553618346338
Optimization restart 4/5, f = 31.314553618281593
Optimization restart 5/5, f = 31.31455361827814
f inputs x:[[-1.         -0.1986488   0.20421773  0.26251566]] ev:{} outputs y:7.672849397598326 (n:0.0) c:1.0
num acquisition: 173, time elapsed: 44.98s
Optimization restart 1/5, f = 28.451888325437466
Optimization restart 2/5, f = 28.451888270530986
Optimization restart 3/5, f = 31.617221697119376
Optimization restart 4/5, f = 28.45188989858704
Optimization restart 5/5, f = 31.61722169698993
f inputs x:[[-0.54283242  0.42721066  1.          1.        ]] ev:{} outputs y:6.468860044278166 (n:-0.0) c:1.0
num acquisition: 174, time elapsed: 45.50s
Optimization restart 1/5, f = 29.359844936234367
Optimization restart 2/5, f = 29.359844918121468
Optimization restart 3/5, f = 29.359844933236047
Optimization restart 4/5, f = 29.359844960505484
Optimization restart 5/5, f = 32.12584405119347
f inputs x:[[-1.         -0.1797646  -0.70613548 -1.        ]] ev:{} outputs y:8.30977282114213 (n:-0.0) c:1.0
num acquisition: 175, time elapsed: 46.13s
Optimization restart 1/5, f = 29.749048539423427
Optimization restart 2/5, f = 31.773093072892152
Optimization restart 3/5, f = 29.749048783682923
Optimization restart 4/5, f = 29.74905180870357
Optimization restart 5/5, f = 29.749048499810698
f inputs x:[[-0.51079677  0.49214707  0.36715913  0.63492206]] ev:{} outputs y:4.204256981203324 (n:-0.0) c:1.0
num acquisition: 176, time elapsed: 46.73s
Optimization restart 1/5, f = 31.189766715300976
Optimization restart 2/5, f = 36.285907624999325
Optimization restart 3/5, f = 31.18976672837894
Optimization restart 4/5, f = 36.28590762498611
Optimization restart 5/5, f = 31.189766653970537
f inputs x:[[-0.35928047  0.48124002 -0.01958665  0.70988609]] ev:{} outputs y:5.823141544347152 (n:0.0) c:1.0
num acquisition: 177, time elapsed: 47.33s
Optimization restart 1/5, f = 32.03730523325805
Optimization restart 2/5, f = 36.49963811601398
Optimization restart 3/5, f = 32.037304350591626
Optimization restart 4/5, f = 36.49963811601454
Optimization restart 5/5, f = 32.037308222138364
f inputs x:[[-0.37249328  0.5595644   0.71515892  0.52698526]] ev:{} outputs y:5.024318982249573 (n:0.0) c:1.0
num acquisition: 178, time elapsed: 47.90s
Optimization restart 1/5, f = 33.02835456367805
Optimization restart 2/5, f = 37.3694731869613
Optimization restart 3/5, f = 33.02836470354049
Optimization restart 4/5, f = 37.36947318696947
Optimization restart 5/5, f = 37.369473186969614
f inputs x:[[ 0.34011339 -0.28514152 -0.08421739  0.52218987]] ev:{} outputs y:5.536348897586227 (n:-0.0) c:1.0
num acquisition: 179, time elapsed: 48.41s
Optimization restart 1/5, f = 33.84630031895304
Optimization restart 2/5, f = 33.84630039355204
Optimization restart 3/5, f = 33.84668376606234
Optimization restart 4/5, f = 33.84630065828705
Optimization restart 5/5, f = 38.00129544088006
f inputs x:[[ 1.         -1.          0.07942717 -1.        ]] ev:{} outputs y:8.693576168728061 (n:0.0) c:1.0
num acquisition: 180, time elapsed: 49.17s
Optimization restart 1/5, f = 34.19239668851958
Optimization restart 2/5, f = 34.19239688870249
Optimization restart 3/5, f = 37.575947086942435
Optimization restart 4/5, f = 37.57594708694501
Optimization restart 5/5, f = 34.192396759459314
f inputs x:[[-1.          0.6110052  -1.          0.20079314]] ev:{} outputs y:8.195032154096747 (n:0.0) c:1.0
num acquisition: 181, time elapsed: 49.76s
Optimization restart 1/5, f = 34.59929339994241
Optimization restart 2/5, f = 34.59929387707524
Optimization restart 3/5, f = 37.317043516005725
Optimization restart 4/5, f = 34.59929338645492
Optimization restart 5/5, f = 37.31704351598722
f inputs x:[[-0.21369    -0.47300061  0.49538247 -0.45829186]] ev:{} outputs y:6.271728359642018 (n:-0.0) c:1.0
num acquisition: 182, time elapsed: 50.29s
Optimization restart 1/5, f = 35.531173287988054
Optimization restart 2/5, f = 37.31154006505761
Optimization restart 3/5, f = 35.53121890613093
Optimization restart 4/5, f = 35.53117345351686
Optimization restart 5/5, f = 37.311540065191934
f inputs x:[[-0.21456004  0.17473288 -0.09492749  0.06919751]] ev:{} outputs y:2.94991177696688 (n:-0.0) c:1.0
num acquisition: 183, time elapsed: 50.93s
Optimization restart 1/5, f = 35.3881377789952
Optimization restart 2/5, f = 35.388137966520844
Optimization restart 3/5, f = 35.388137728700144
Optimization restart 4/5, f = 36.47437663204191
Optimization restart 5/5, f = 35.38813802216387
f inputs x:[[ 0.39359415 -0.04245216 -0.22722361 -0.78107339]] ev:{} outputs y:6.018253587192358 (n:0.0) c:1.0
num acquisition: 184, time elapsed: 51.57s
Optimization restart 1/5, f = 36.4579053534155
Optimization restart 2/5, f = 36.717257393148955
Optimization restart 3/5, f = 36.717257393154995
Optimization restart 4/5, f = 36.71725739323092
Optimization restart 5/5, f = 36.71725739316375
f inputs x:[[0.50903981 1.         0.32193022 1.        ]] ev:{} outputs y:7.380562399638039 (n:-0.0) c:1.0
num acquisition: 185, time elapsed: 52.12s
Optimization restart 1/5, f = 37.09218633091788
Optimization restart 2/5, f = 36.75855357849406
Optimization restart 3/5, f = 37.09218636764331
Optimization restart 4/5, f = 37.09218640770251
Optimization restart 5/5, f = 37.092190720922986
f inputs x:[[ 0.13096312  0.11114707  0.06705902 -0.00762908]] ev:{} outputs y:1.8165430414762807 (n:0.0) c:1.0
num acquisition: 186, time elapsed: 52.76s
Optimization restart 1/5, f = 35.297497535248056
Optimization restart 2/5, f = 29.810434424366804
Optimization restart 3/5, f = 29.810433984305718
Optimization restart 4/5, f = 35.29749753523862
Optimization restart 5/5, f = 35.29749753533689
f inputs x:[[-0.14834638 -1.         -1.         -1.        ]] ev:{} outputs y:9.020709192246786 (n:0.0) c:1.0
num acquisition: 187, time elapsed: 53.40s
Optimization restart 1/5, f = 30.025028887684613
Optimization restart 2/5, f = 34.67950685745819
Optimization restart 3/5, f = 34.679506857458335
Optimization restart 4/5, f = 30.02503456456563
Optimization restart 5/5, f = 30.025031166210027
f inputs x:[[ 0.43961698 -0.38292477  1.          0.56875826]] ev:{} outputs y:7.231840136500563 (n:-0.0) c:1.0
num acquisition: 188, time elapsed: 54.18s
Optimization restart 1/5, f = 30.686210227871356
Optimization restart 2/5, f = 34.54799729795232
Optimization restart 3/5, f = 34.54799729794624
Optimization restart 4/5, f = 30.686210181611102
Optimization restart 5/5, f = 34.5479972979804
f inputs x:[[ 0.16240786  0.41947195 -0.4155384  -1.        ]] ev:{} outputs y:6.986515262416018 (n:-0.0) c:1.0
num acquisition: 189, time elapsed: 54.72s
Optimization restart 1/5, f = 31.389942895248453
Optimization restart 2/5, f = 31.389942885313815
Optimization restart 3/5, f = 34.40564474151981
Optimization restart 4/5, f = 31.38994282669475
Optimization restart 5/5, f = 34.4056447414894
f inputs x:[[-0.22911522 -0.08793916 -1.          1.        ]] ev:{} outputs y:6.828005020917309 (n:0.0) c:1.0
num acquisition: 190, time elapsed: 55.38s
Optimization restart 1/5, f = 32.13816640334528
Optimization restart 2/5, f = 34.2945577767552
Optimization restart 3/5, f = 34.294557776829706
Optimization restart 4/5, f = 32.138166408168814
Optimization restart 5/5, f = 32.1381736440367
f inputs x:[[ 1.          0.41863063  0.19057235 -0.58519532]] ev:{} outputs y:7.17806291642489 (n:0.0) c:1.0
num acquisition: 191, time elapsed: 56.00s
Optimization restart 1/5, f = 32.79694481885227
Optimization restart 2/5, f = 34.15038744170451
Optimization restart 3/5, f = 32.79694809950976
Optimization restart 4/5, f = 34.1503874422728
Optimization restart 5/5, f = 32.79694725582178
f inputs x:[[ 0.44643889 -1.         -0.38157707  0.53223829]] ev:{} outputs y:8.114923048351814 (n:-0.0) c:1.0
num acquisition: 192, time elapsed: 56.58s
Optimization restart 1/5, f = 33.177707154612364
Optimization restart 2/5, f = 33.88237548610982
Optimization restart 3/5, f = 33.17770734022693
Optimization restart 4/5, f = 33.17770719631429
Optimization restart 5/5, f = 33.88237548618417
f inputs x:[[ 1.         -0.3471282  -0.49674084 -1.        ]] ev:{} outputs y:8.188007017474206 (n:0.0) c:1.0
num acquisition: 193, time elapsed: 57.18s
Optimization restart 1/5, f = 33.557925544135315
Optimization restart 2/5, f = 33.555473765423955
Optimization restart 3/5, f = 33.5579280022956
Optimization restart 4/5, f = 33.55547376585068
Optimization restart 5/5, f = 33.555473765422676
f inputs x:[[ 0.13083159  0.11131667  0.06700994 -0.00752539]] ev:{} outputs y:1.8180539465858339 (n:-0.0) c:1.0
num acquisition: 194, time elapsed: 57.79s
Optimization restart 1/5, f = 32.04105342840202
Optimization restart 2/5, f = 32.0410534283174
Optimization restart 3/5, f = 32.04105342837666
Optimization restart 4/5, f = 25.590713335406576
Optimization restart 5/5, f = 32.04105342864696
f inputs x:[[-0.39832892 -0.26392529  0.48254722 -1.        ]] ev:{} outputs y:7.016989357746947 (n:-0.0) c:1.0
num acquisition: 195, time elapsed: 58.24s
Optimization restart 1/5, f = 26.276084087208318
Optimization restart 2/5, f = 26.276088295161372
Optimization restart 3/5, f = 31.96524143969586
Optimization restart 4/5, f = 26.27610470851326
Optimization restart 5/5, f = 31.965241439690388
f inputs x:[[-1.          0.08317466 -0.35154568  1.        ]] ev:{} outputs y:7.561768803024904 (n:0.0) c:1.0
num acquisition: 196, time elapsed: 58.85s
Optimization restart 1/5, f = 26.820259986333866
Optimization restart 2/5, f = 31.713858897644215
Optimization restart 3/5, f = 31.713858897611487
Optimization restart 4/5, f = 31.713858897753553
Optimization restart 5/5, f = 31.713858898560204
f inputs x:[[ 0.61650235  0.43540272 -0.71533085  0.41877734]] ev:{} outputs y:6.59763687057409 (n:0.0) c:1.0
num acquisition: 197, time elapsed: 59.35s
Optimization restart 1/5, f = 27.66707301678747
Optimization restart 2/5, f = 27.66707313545129
Optimization restart 3/5, f = 27.667075521331014
Optimization restart 4/5, f = 27.667075856896645
Optimization restart 5/5, f = 31.98463344386019
f inputs x:[[-0.42500758  1.          1.          0.822847  ]] ev:{} outputs y:7.141585011001576 (n:-0.0) c:1.0
num acquisition: 198, time elapsed: 60.12s
Optimization restart 1/5, f = 28.312093054081885
Optimization restart 2/5, f = 31.829595087825652
Optimization restart 3/5, f = 31.829595088051832
Optimization restart 4/5, f = 28.31213001889168
Optimization restart 5/5, f = 28.312092964130073
f inputs x:[[-0.47144112  1.         -0.43691825  1.        ]] ev:{} outputs y:7.9653847501072175 (n:0.0) c:1.0
num acquisition: 199, time elapsed: 60.75s
Optimization restart 1/5, f = 28.74956267566958
Optimization restart 2/5, f = 28.74956227925489
Optimization restart 3/5, f = 31.546524036426263
Optimization restart 4/5, f = 28.74956232944666
Optimization restart 5/5, f = 31.546524036608133
f inputs x:[[-0.15583761 -0.44869825 -0.10801664  0.54683525]] ev:{} outputs y:5.830058659964308 (n:-0.0) c:1.0
num acquisition: 200, time elapsed: 61.43s
Optimization restart 1/5, f = 29.5202412591683
Optimization restart 2/5, f = 29.52024167284509
Optimization restart 3/5, f = 29.520241255603935
Optimization restart 4/5, f = 29.52024170413364
Optimization restart 5/5, f = 29.520251116267275
f inputs x:[[-1.          0.62651494  0.47382621 -0.39076849]] ev:{} outputs y:7.095906207541796 (n:0.0) c:1.0
num acquisition: 201, time elapsed: 62.41s
Optimization restart 1/5, f = 30.21371374252422
Optimization restart 2/5, f = 31.55750683026676
Optimization restart 3/5, f = 30.213714297103166
Optimization restart 4/5, f = 31.557506830036388
Optimization restart 5/5, f = 31.557506830059694
f inputs x:[[-0.01383185  0.51122902  0.38047713 -0.48858237]] ev:{} outputs y:5.940459445240993 (n:0.0) c:1.0
num acquisition: 202, time elapsed: 62.96s
Optimization restart 1/5, f = 31.015453219845597
Optimization restart 2/5, f = 31.930947859275634
Optimization restart 3/5, f = 31.930947859303174
Optimization restart 4/5, f = 31.015457486869764
Optimization restart 5/5, f = 31.93094785936546
f inputs x:[[-0.64662942  0.43577119  0.46895596  1.        ]] ev:{} outputs y:5.347024994285942 (n:0.0) c:1.0
num acquisition: 203, time elapsed: 63.71s
Optimization restart 1/5, f = 31.9932175854359
Optimization restart 2/5, f = 32.68643900035214
Optimization restart 3/5, f = 31.99321762565114
Optimization restart 4/5, f = 31.99322327660667
Optimization restart 5/5, f = 31.99321760383691
f inputs x:[[-1.          0.72924143  0.46002545  0.47495514]] ev:{} outputs y:6.809803341447762 (n:0.0) c:1.0
num acquisition: 204, time elapsed: 64.49s
Optimization restart 1/5, f = 32.70939007008448
Optimization restart 2/5, f = 32.55989587689906
Optimization restart 3/5, f = 32.70939349441616
Optimization restart 4/5, f = 32.70939121597425
Optimization restart 5/5, f = 32.55989587588847
f inputs x:[[ 0.13268937  0.10816464  0.0624735  -0.00487831]] ev:{} outputs y:1.752538791121943 (n:-0.0) c:1.0
num acquisition: 205, time elapsed: 65.23s
Optimization restart 1/5, f = 30.925407714378764
Optimization restart 2/5, f = 30.925407714376547
Optimization restart 3/5, f = 25.28884169482211
Optimization restart 4/5, f = 25.288836235442773
Optimization restart 5/5, f = 25.28883842735962
f inputs x:[[0.44904514 0.25852527 0.20223356 0.01160915]] ev:{} outputs y:2.7440407691750335 (n:-0.0) c:1.0
num acquisition: 206, time elapsed: 65.79s
Optimization restart 1/5, f = 24.841129105113623
Optimization restart 2/5, f = 24.841135977547424
Optimization restart 3/5, f = 24.841139990533804
Optimization restart 4/5, f = 24.8411296358733
Optimization restart 5/5, f = 24.841129192680796
f inputs x:[[ 1.         -0.06772341  0.36396811  0.69332025]] ev:{} outputs y:7.605084568991255 (n:-0.0) c:1.0
num acquisition: 207, time elapsed: 66.64s
Optimization restart 1/5, f = 25.346861278730813
Optimization restart 2/5, f = 30.132821964099747
Optimization restart 3/5, f = 25.34686102579704
Optimization restart 4/5, f = 30.132821964257573
Optimization restart 5/5, f = 30.132821964017296
f inputs x:[[-0.1627228   0.42760176  0.48485917  0.69432605]] ev:{} outputs y:4.44713093265786 (n:0.0) c:1.0
num acquisition: 208, time elapsed: 67.19s
Optimization restart 1/5, f = 26.076362091639794
Optimization restart 2/5, f = 29.95315696774516
Optimization restart 3/5, f = 29.95315696771931
Optimization restart 4/5, f = 26.076364101794297
Optimization restart 5/5, f = 29.95315696811315
f inputs x:[[-0.08951312 -0.04745789 -0.44318174 -0.56501165]] ev:{} outputs y:6.185124444511776 (n:0.0) c:1.0
num acquisition: 209, time elapsed: 67.76s
Optimization restart 1/5, f = 26.850365905226397
Optimization restart 2/5, f = 30.143369547999242
Optimization restart 3/5, f = 30.1433695480183
Optimization restart 4/5, f = 30.14336954799967
Optimization restart 5/5, f = 30.143369548083655
f inputs x:[[ 0.29426498  1.         -1.         -0.05960467]] ev:{} outputs y:8.70866422220737 (n:-0.0) c:1.0
num acquisition: 210, time elapsed: 68.29s
Optimization restart 1/5, f = 27.00682768837018
Optimization restart 2/5, f = 27.006827638281408
Optimization restart 3/5, f = 29.54913865778269
Optimization restart 4/5, f = 27.006827633377412
Optimization restart 5/5, f = 29.549138657883447
f inputs x:[[ 0.44925092  1.          0.37031007 -1.        ]] ev:{} outputs y:7.608455690783713 (n:-0.0) c:1.0
num acquisition: 211, time elapsed: 68.95s
Optimization restart 1/5, f = 27.51277660067865
Optimization restart 2/5, f = 29.350698283180392
Optimization restart 3/5, f = 27.51279535225939
Optimization restart 4/5, f = 29.350698283151274
Optimization restart 5/5, f = 27.512776875744123
f inputs x:[[ 0.08795799 -0.33009931  1.         -0.38883194]] ev:{} outputs y:7.937208073398246 (n:0.0) c:1.0
num acquisition: 212, time elapsed: 69.57s
Optimization restart 1/5, f = 27.91394124539076
Optimization restart 2/5, f = 27.91394198679231
Optimization restart 3/5, f = 27.91394371149599
Optimization restart 4/5, f = 27.91394045881347
Optimization restart 5/5, f = 27.913940519259967
f inputs x:[[ 0.212108   -1.          0.24324953 -0.52239894]] ev:{} outputs y:7.6260866672364 (n:0.0) c:1.0
num acquisition: 213, time elapsed: 70.43s
Optimization restart 1/5, f = 28.403050269852002
Optimization restart 2/5, f = 28.40305063937538
Optimization restart 3/5, f = 28.75263510945109
Optimization restart 4/5, f = 28.403050060279753
Optimization restart 5/5, f = 28.752635109059128
f inputs x:[[-0.97352739 -0.34990101 -0.2867956  -0.33617542]] ev:{} outputs y:7.80167786865423 (n:0.0) c:1.0
num acquisition: 214, time elapsed: 71.19s
Optimization restart 1/5, f = 28.818121737363583
Optimization restart 2/5, f = 28.818122303805353
Optimization restart 3/5, f = 28.818119505911397
Optimization restart 4/5, f = 28.42389030415748
Optimization restart 5/5, f = 28.423890304630362
f inputs x:[[ 0.13459416  0.10775141  0.06499143 -0.00357097]] ev:{} outputs y:1.7495837697579861 (n:0.0) c:1.0
num acquisition: 215, time elapsed: 71.96s
Optimization restart 1/5, f = 26.73437109334924
Optimization restart 2/5, f = 26.73437109336527
Optimization restart 3/5, f = 26.7343710933296
Optimization restart 4/5, f = 21.28447802141008
Optimization restart 5/5, f = 21.284474088756127
f inputs x:[[-0.35874986 -0.54642718 -0.88628456  0.31884746]] ev:{} outputs y:7.565465504727969 (n:-0.0) c:1.0
num acquisition: 216, time elapsed: 72.45s
Optimization restart 1/5, f = 21.771216215826286
Optimization restart 2/5, f = 21.771216317206978
Optimization restart 3/5, f = 26.579476649416023
Optimization restart 4/5, f = 26.57947664946613
Optimization restart 5/5, f = 21.771218073421807
f inputs x:[[-0.14777113 -0.04309538 -0.4744922   0.07575167]] ev:{} outputs y:5.1312912038526255 (n:-0.0) c:1.0
num acquisition: 217, time elapsed: 73.06s
Optimization restart 1/5, f = 22.460140452943165
Optimization restart 2/5, f = 26.645565182265884
Optimization restart 3/5, f = 26.645565182274296
Optimization restart 4/5, f = 22.46014322385247
Optimization restart 5/5, f = 26.645565182268456
f inputs x:[[-0.55526384  0.10203015  0.21167064  0.71280947]] ev:{} outputs y:5.707245669477263 (n:0.0) c:1.0
num acquisition: 218, time elapsed: 73.63s
Optimization restart 1/5, f = 23.149700462670552
Optimization restart 2/5, f = 26.817782446519402
Optimization restart 3/5, f = 23.14970529783747
Optimization restart 4/5, f = 23.149698684087838
Optimization restart 5/5, f = 26.81778244637016
f inputs x:[[-0.37825669  0.93478786 -0.27918094 -0.47995383]] ev:{} outputs y:7.671769831402513 (n:0.0) c:1.0
num acquisition: 219, time elapsed: 74.27s
Optimization restart 1/5, f = 23.592333393528918
Optimization restart 2/5, f = 26.501388293763767
Optimization restart 3/5, f = 26.50138829376266
Optimization restart 4/5, f = 26.501388293765274
Optimization restart 5/5, f = 23.592340144317347
f inputs x:[[ 0.55240443  0.43263452 -0.50113497 -0.33909167]] ev:{} outputs y:6.4834753512303305 (n:0.0) c:1.0
num acquisition: 220, time elapsed: 74.87s
Optimization restart 1/5, f = 24.516275331813745
Optimization restart 2/5, f = 24.516275390547094
Optimization restart 3/5, f = 26.428573033404433
Optimization restart 4/5, f = 26.428573033441893
Optimization restart 5/5, f = 26.42857303340446
f inputs x:[[ 0.26123313 -0.30939643 -0.98960997  0.47143031]] ev:{} outputs y:7.423315500972961 (n:-0.0) c:1.0
num acquisition: 221, time elapsed: 75.49s
Optimization restart 1/5, f = 25.033901198732252
Optimization restart 2/5, f = 25.03390102350815
Optimization restart 3/5, f = 25.033901372684653
Optimization restart 4/5, f = 26.21002824927521
Optimization restart 5/5, f = 25.03390108057087
f inputs x:[[ 0.11909711 -0.64434976  0.36402257  0.73605961]] ev:{} outputs y:5.958322949264437 (n:-0.0) c:1.0
num acquisition: 222, time elapsed: 76.33s
Optimization restart 1/5, f = 25.817116374858927
Optimization restart 2/5, f = 26.231525579642437
Optimization restart 3/5, f = 26.231525579698967
Optimization restart 4/5, f = 26.23152557964295
Optimization restart 5/5, f = 25.817117485422898
f inputs x:[[-0.56798531  0.39655551  0.0773454  -0.91383348]] ev:{} outputs y:6.041499950189095 (n:0.0) c:1.0
num acquisition: 223, time elapsed: 77.01s
Optimization restart 1/5, f = 26.806911441548664
Optimization restart 2/5, f = 26.80690990695291
Optimization restart 3/5, f = 27.365358034508603
Optimization restart 4/5, f = 27.365358034582584
Optimization restart 5/5, f = 26.806910169662842
f inputs x:[[0.51373909 0.49844771 0.72158635 1.        ]] ev:{} outputs y:3.127102340032845 (n:0.0) c:1.0
num acquisition: 224, time elapsed: 77.71s
Optimization restart 1/5, f = 30.43210773779211
Optimization restart 2/5, f = 40.48186025671025
Optimization restart 3/5, f = 40.48186025672146
Optimization restart 4/5, f = 30.43210823754029
Optimization restart 5/5, f = 30.432107545371167
f inputs x:[[0.36488761 0.43191475 0.49084855 1.        ]] ev:{} outputs y:4.822767369228101 (n:-0.0) c:1.0
num acquisition: 225, time elapsed: 78.63s
Optimization restart 1/5, f = 31.250594602496847
Optimization restart 2/5, f = 40.43404435912845
Optimization restart 3/5, f = 40.434044359128876
Optimization restart 4/5, f = 40.434044359789766
Optimization restart 5/5, f = 31.25060156610283
f inputs x:[[0.5901094  0.51889512 1.         1.        ]] ev:{} outputs y:6.333341958751635 (n:-0.0) c:1.0
num acquisition: 226, time elapsed: 79.41s
Optimization restart 1/5, f = 33.136579683555
Optimization restart 2/5, f = 41.45434121490085
Optimization restart 3/5, f = 41.45434121490425
Optimization restart 4/5, f = 41.45434121512582
Optimization restart 5/5, f = 33.136580255481306
f inputs x:[[0.76802766 0.51120273 0.56172145 1.        ]] ev:{} outputs y:5.55226011145452 (n:0.0) c:1.0
num acquisition: 227, time elapsed: 80.23s
Optimization restart 1/5, f = 34.16930071193926
Optimization restart 2/5, f = 34.169300637603016
Optimization restart 3/5, f = 41.426850411641595
Optimization restart 4/5, f = 41.42685041164158
Optimization restart 5/5, f = 41.42685041164842
f inputs x:[[0.38913373 0.63127102 0.69683621 0.79187   ]] ev:{} outputs y:4.215891027442835 (n:0.0) c:1.0
num acquisition: 228, time elapsed: 81.01s
Optimization restart 1/5, f = 34.73605675134587
Optimization restart 2/5, f = 34.73619308814756
Optimization restart 3/5, f = 34.7360567053085
Optimization restart 4/5, f = 41.80243025521638
Optimization restart 5/5, f = 41.802430254557336
f inputs x:[[ 1.          0.1679897  -1.         -0.47408792]] ev:{} outputs y:8.440646917233675 (n:-0.0) c:1.0
num acquisition: 229, time elapsed: 81.76s
Optimization restart 1/5, f = 35.032987786624886
Optimization restart 2/5, f = 35.0330080068002
Optimization restart 3/5, f = 35.03298820123271
Optimization restart 4/5, f = 41.364259128004136
Optimization restart 5/5, f = 35.03298821789477
f inputs x:[[ 0.12741698  0.10137066 -0.60521791  0.95107406]] ev:{} outputs y:5.2500181485355615 (n:-0.0) c:1.0
num acquisition: 230, time elapsed: 82.74s
Optimization restart 1/5, f = 35.9376989217686
Optimization restart 2/5, f = 35.93769870841177
Optimization restart 3/5, f = 35.93769869542902
Optimization restart 4/5, f = 42.65303372551887
Optimization restart 5/5, f = 35.937698751018814
f inputs x:[[-0.53835008 -0.97921386  0.37489009 -0.33250522]] ev:{} outputs y:7.728524728719191 (n:-0.0) c:1.0
num acquisition: 231, time elapsed: 83.80s
Optimization restart 1/5, f = 36.355894837245444
Optimization restart 2/5, f = 36.35589438259751
Optimization restart 3/5, f = 42.435792620291096
Optimization restart 4/5, f = 42.43579262036279
Optimization restart 5/5, f = 42.43579262035132
f inputs x:[[-0.45279714 -0.97150667  0.47269805  0.92586608]] ev:{} outputs y:7.502188040656161 (n:0.0) c:1.0
num acquisition: 232, time elapsed: 84.51s
Optimization restart 1/5, f = 36.8453936334046
Optimization restart 2/5, f = 42.22327429502171
Optimization restart 3/5, f = 42.22327429498495
Optimization restart 4/5, f = 42.22327429500956
Optimization restart 5/5, f = 36.845393160220254
f inputs x:[[ 0.43791419  0.02791415  0.26057597 -0.7214268 ]] ev:{} outputs y:5.983018541583418 (n:-0.0) c:1.0
num acquisition: 233, time elapsed: 85.12s
Optimization restart 1/5, f = 37.74097521639132
Optimization restart 2/5, f = 37.741003719747
Optimization restart 3/5, f = 37.74098208821769
Optimization restart 4/5, f = 42.58874379042936
Optimization restart 5/5, f = 42.58874379062428
f inputs x:[[-0.99462981 -0.38999643 -0.46338716  0.60212391]] ev:{} outputs y:7.911513415624157 (n:-0.0) c:1.0
num acquisition: 234, time elapsed: 85.89s
Optimization restart 1/5, f = 38.11841878415322
Optimization restart 2/5, f = 42.3574556076061
Optimization restart 3/5, f = 42.35745560763378
Optimization restart 4/5, f = 38.1184187614445
Optimization restart 5/5, f = 42.357455607609666
f inputs x:[[-0.27596229 -0.88250773 -0.24823988 -0.40937604]] ev:{} outputs y:7.606540542706397 (n:-0.0) c:1.0
num acquisition: 235, time elapsed: 86.66s
Optimization restart 1/5, f = 38.5695166779594
Optimization restart 2/5, f = 38.56952332478946
Optimization restart 3/5, f = 38.569516901458684
Optimization restart 4/5, f = 42.13767603298875
Optimization restart 5/5, f = 42.13767603394878
f inputs x:[[ 0.47795047  0.9601943   0.96825726 -0.53176435]] ev:{} outputs y:7.999977454575225 (n:0.0) c:1.0
num acquisition: 236, time elapsed: 87.66s
Optimization restart 1/5, f = 38.89313268386664
Optimization restart 2/5, f = 38.89313262411852
Optimization restart 3/5, f = 38.89313259950883
Optimization restart 4/5, f = 42.006817059250125
Optimization restart 5/5, f = 38.89313251284476
f inputs x:[[-0.08355422  0.01121747  0.04370019 -0.00999235]] ev:{} outputs y:1.6157663121364574 (n:-0.0) c:1.0
num acquisition: 237, time elapsed: 88.84s
Optimization restart 1/5, f = 37.60522895128892
Optimization restart 2/5, f = 41.39515124567072
Optimization restart 3/5, f = 41.3951512456708
Optimization restart 4/5, f = 37.605229214066696
Optimization restart 5/5, f = 41.39515124579944
f inputs x:[[-0.0098987  -0.0393363  -0.04379388 -0.03447766]] ev:{} outputs y:1.8863639900694738 (n:-0.0) c:1.0
num acquisition: 238, time elapsed: 89.63s
Optimization restart 1/5, f = 35.95077779878261
Optimization restart 2/5, f = 40.24992667253014
Optimization restart 3/5, f = 35.950777878743295
Optimization restart 4/5, f = 35.95077792824691
Optimization restart 5/5, f = 40.249926672529455
f inputs x:[[-0.3452014   0.11779711  0.68353344  0.99775447]] ev:{} outputs y:5.25773223290572 (n:-0.0) c:1.0
num acquisition: 239, time elapsed: 90.59s
Optimization restart 1/5, f = 36.811459837836196
Optimization restart 2/5, f = 36.81163839176244
Optimization restart 3/5, f = 36.811460028033764
Optimization restart 4/5, f = 36.81145987209423
Optimization restart 5/5, f = 40.43637481358185
f inputs x:[[ 0.06833305 -0.95600592  0.92840255  0.52323787]] ev:{} outputs y:7.2602454757135915 (n:0.0) c:1.0
num acquisition: 240, time elapsed: 91.48s
Optimization restart 1/5, f = 37.36238195590077
Optimization restart 2/5, f = 40.25584313673687
Optimization restart 3/5, f = 40.25584313675549
Optimization restart 4/5, f = 40.25584313674969
Optimization restart 5/5, f = 40.25584313712895
f inputs x:[[-0.32775743  0.16287584 -0.96899175 -0.39548234]] ev:{} outputs y:7.904056686957844 (n:-0.0) c:1.0
num acquisition: 241, time elapsed: 92.11s
Optimization restart 1/5, f = 37.717268025556606
Optimization restart 2/5, f = 37.717268147301525
Optimization restart 3/5, f = 37.71726805786706
Optimization restart 4/5, f = 39.96390802546773
Optimization restart 5/5, f = 39.963908025551945
f inputs x:[[ 0.61168501  0.97485    -0.46600204  0.97407608]] ev:{} outputs y:7.856458034845066 (n:-0.0) c:1.0
num acquisition: 242, time elapsed: 93.06s
Optimization restart 1/5, f = 38.09847893305438
Optimization restart 2/5, f = 39.85360553309246
Optimization restart 3/5, f = 39.85360553296721
Optimization restart 4/5, f = 39.85360553296631
Optimization restart 5/5, f = 39.85360553296678
f inputs x:[[ 0.08035455 -0.07574611  0.67341189  0.93770717]] ev:{} outputs y:5.247838436040822 (n:-0.0) c:1.0
num acquisition: 243, time elapsed: 93.77s
Optimization restart 1/5, f = 38.86775224132583
Optimization restart 2/5, f = 39.72782591040479
Optimization restart 3/5, f = 39.72782591040303
Optimization restart 4/5, f = 38.867750639392
Optimization restart 5/5, f = 38.8677661522284
f inputs x:[[ 0.73982267 -0.93871966  0.13313912  0.99927688]] ev:{} outputs y:8.11687049347218 (n:0.0) c:1.0
num acquisition: 244, time elapsed: 94.65s
Optimization restart 1/5, f = 39.17354052418207
Optimization restart 2/5, f = 39.173542765527
Optimization restart 3/5, f = 39.36077547927644
Optimization restart 4/5, f = 39.36077547931555
Optimization restart 5/5, f = 39.17354165679659
f inputs x:[[-0.98822746  0.49906087 -0.46955507 -0.77321195]] ev:{} outputs y:7.596217904749516 (n:0.0) c:1.0
num acquisition: 245, time elapsed: 95.55s
Optimization restart 1/5, f = 39.63379675336691
Optimization restart 2/5, f = 39.195827087342366
Optimization restart 3/5, f = 39.63379625145744
Optimization restart 4/5, f = 39.19582708734296
Optimization restart 5/5, f = 39.195827087340746
[0.19924932 0.06775958 0.01631986 0.00641486]
