INFO:GP:initializing Y
INFO:GP:initializing inference method
INFO:GP:adding kernel and likelihood as parameters
removed robo import in opts.py l17 due to theano errors
f inputs x:[[-0.30034122 -0.33462667  0.56022758 -0.27183333]] ev:{} outputs y:6.274928721762772 (n:0.028063680266809082) c:1.0
f inputs x:[[ 0.91794179 -0.19960564 -0.46844102 -0.8724347 ]] ev:{} outputs y:7.823614296817115 (n:0.031239547670388185) c:1.0
f inputs x:[[ 0.27879327  0.06807907 -0.23584576  0.91027586]] ev:{} outputs y:5.662902451709284 (n:-0.03703546514208907) c:1.0
f inputs x:[[-0.11062862  0.38515903  0.67242658  0.85093527]] ev:{} outputs y:4.742530391701714 (n:-0.014778424996845377) c:1.0
f inputs x:[[ 0.20200071 -0.02795784  0.05071565 -0.92925074]] ev:{} outputs y:5.882823618701863 (n:-0.046212323479154035) c:1.0
f inputs x:[[-0.06303452  0.39620596  0.64820468  0.86429554]] ev:{} outputs y:4.7145421696272525 (n:0.010804595452230689) c:1.0
num acquisition: 1, time elapsed: 0.18s
f inputs x:[[-0.00511477  0.84038188  0.76119279  1.        ]] ev:{} outputs y:6.271381985343909 (n:0.03586942304285653) c:1.0
num acquisition: 2, time elapsed: 0.34s
f inputs x:[[-0.02883244  0.19446638  0.54796607  0.83330214]] ev:{} outputs y:4.8513906857547076 (n:-0.02333170648251169) c:1.0
num acquisition: 3, time elapsed: 0.50s
f inputs x:[[0.11220995 0.2710452  0.81195451 0.75562568]] ev:{} outputs y:5.890544311190401 (n:0.006489992600501329) c:1.0
num acquisition: 4, time elapsed: 0.74s
f inputs x:[[-0.14803437  0.36345384  0.47940229  0.91250133]] ev:{} outputs y:4.891610476653114 (n:-0.08858286352735141) c:1.0
num acquisition: 5, time elapsed: 0.90s
f inputs x:[[-0.08476478  0.39962577  0.5140522   0.69833458]] ev:{} outputs y:4.3985321599035725 (n:-0.09657226944166598) c:1.0
num acquisition: 6, time elapsed: 1.11s
f inputs x:[[-0.12182575  0.45137497  0.35225793  0.47288573]] ev:{} outputs y:4.538035396722121 (n:-0.055281283526178476) c:1.0
num acquisition: 7, time elapsed: 1.30s
f inputs x:[[-0.35410442  0.48436744  0.54813542  0.47787383]] ev:{} outputs y:3.5906110351957143 (n:0.019483153960142944) c:1.0
num acquisition: 8, time elapsed: 1.47s
f inputs x:[[-0.58310579  0.52954103  0.60584421  0.39685237]] ev:{} outputs y:4.204162512467503 (n:-0.0554780019039716) c:1.0
num acquisition: 9, time elapsed: 1.60s
f inputs x:[[-0.39413367  0.31704703  0.57435637  0.48768479]] ev:{} outputs y:4.32678154648529 (n:-0.006392634587563547) c:1.0
num acquisition: 10, time elapsed: 1.77s
f inputs x:[[-0.31207579  0.64463697  0.58791135  0.42510114]] ev:{} outputs y:5.011995049710236 (n:0.004450417646477435) c:1.0
num acquisition: 11, time elapsed: 2.01s
f inputs x:[[-0.69867488  0.35930651  0.32055324  0.6560662 ]] ev:{} outputs y:5.55130618955212 (n:-0.023634220581490967) c:1.0
num acquisition: 12, time elapsed: 2.17s
f inputs x:[[-0.38334614  0.4785683   0.47968372  0.53555168]] ev:{} outputs y:2.838683747998044 (n:-0.11622942249663189) c:1.0
num acquisition: 13, time elapsed: 2.38s
f inputs x:[[-0.38901258  0.50673828  0.43915685  0.60000398]] ev:{} outputs y:3.8226733993476607 (n:0.10245348862247466) c:1.0
num acquisition: 14, time elapsed: 2.62s
f inputs x:[[-0.39432151  0.46258935  0.45833485  0.49823451]] ev:{} outputs y:2.6953846778896193 (n:-0.019184542956464275) c:1.0
num acquisition: 15, time elapsed: 2.87s
f inputs x:[[-0.44680077  0.46323489  0.48193683  0.50458832]] ev:{} outputs y:1.9443028450613762 (n:-0.004170910622097976) c:1.0
num acquisition: 16, time elapsed: 3.20s
f inputs x:[[-0.49053978  0.46650832  0.4904076   0.50880339]] ev:{} outputs y:1.8343157995687729 (n:0.0001898139309628937) c:1.0
num acquisition: 17, time elapsed: 3.48s
f inputs x:[[-0.48438913  0.50208424  0.47233577  0.48757247]] ev:{} outputs y:1.9243365120798768 (n:0.07287472176316537) c:1.0
num acquisition: 18, time elapsed: 3.88s
f inputs x:[[-0.50094312  0.44984626  0.45570528  0.47091508]] ev:{} outputs y:2.125537010405101 (n:-0.005626531895571376) c:1.0
num acquisition: 19, time elapsed: 4.33s
f inputs x:[[-0.67852325  0.77977832 -0.9684731  -0.57441767]] ev:{} outputs y:8.41746812001465 (n:-0.036634146327023616) c:1.0
num acquisition: 20, time elapsed: 4.47s
f inputs x:[[-0.92076945 -0.73812441 -0.98222549  0.97502567]] ev:{} outputs y:8.48975850206779 (n:0.0011331357284161037) c:1.0
num acquisition: 21, time elapsed: 4.58s
f inputs x:[[0.3555823  0.52685006 0.15418021 0.27811246]] ev:{} outputs y:4.760398176466924 (n:-0.07363694114212115) c:1.0
num acquisition: 22, time elapsed: 4.74s
f inputs x:[[-0.90667353 -0.9735918  -0.68356772 -0.95323804]] ev:{} outputs y:8.8844290273714 (n:-0.025546550320148888) c:1.0
num acquisition: 23, time elapsed: 4.88s
f inputs x:[[1.         1.         0.07987195 0.10419058]] ev:{} outputs y:7.672112244403945 (n:0.025893945465879788) c:1.0
num acquisition: 24, time elapsed: 5.03s
f inputs x:[[-0.14988109  0.49397066 -0.0948918   0.08502835]] ev:{} outputs y:5.41068380249576 (n:-0.06351967705832558) c:1.0
num acquisition: 25, time elapsed: 5.20s
f inputs x:[[ 1.         -1.         -0.97165685  0.91357884]] ev:{} outputs y:9.040679612162913 (n:0.03149869125589292) c:1.0
num acquisition: 26, time elapsed: 5.31s
f inputs x:[[ 1.         -1.          1.          0.07291293]] ev:{} outputs y:8.681952044768183 (n:-0.01855718853839271) c:1.0
num acquisition: 27, time elapsed: 5.45s
f inputs x:[[0.19646608 0.13810721 0.24157275 0.46505395]] ev:{} outputs y:4.249964694799823 (n:-0.010869922988541657) c:1.0
num acquisition: 28, time elapsed: 5.62s
f inputs x:[[ 0.55615799 -0.0009706   0.25971887  0.21523292]] ev:{} outputs y:5.399149716548864 (n:0.0916058317997757) c:1.0
num acquisition: 29, time elapsed: 5.81s
f inputs x:[[0.25736554 0.45768869 0.24626591 0.7067636 ]] ev:{} outputs y:5.277667314711372 (n:-0.027240976348953075) c:1.0
num acquisition: 30, time elapsed: 6.00s
f inputs x:[[-0.07925236 -0.11988747  0.04835541  0.40133615]] ev:{} outputs y:4.336119038712118 (n:-0.02329234814286791) c:1.0
num acquisition: 31, time elapsed: 6.19s
f inputs x:[[ 0.12520373 -0.32362733  0.29383598  0.60550552]] ev:{} outputs y:4.977515178494162 (n:0.05555498608062748) c:1.0
num acquisition: 32, time elapsed: 6.41s
f inputs x:[[ 0.1940297   0.04264348 -0.18835466  0.25120145]] ev:{} outputs y:3.4972518703859787 (n:-0.013085823243956868) c:1.0
num acquisition: 33, time elapsed: 6.68s
f inputs x:[[ 0.1006375  -0.22945071 -0.30737498  0.18368185]] ev:{} outputs y:4.609817700210292 (n:-0.04458552758319682) c:1.0
num acquisition: 34, time elapsed: 6.89s
f inputs x:[[0.10739608 0.06047496 0.04732758 0.08603362]] ev:{} outputs y:1.8887080150987534 (n:-0.08665851733355853) c:1.0
num acquisition: 35, time elapsed: 7.09s
f inputs x:[[ 0.15986592  0.05779351 -0.02738726 -0.01938396]] ev:{} outputs y:1.2833339896454465 (n:-0.11102968154690812) c:1.0
num acquisition: 36, time elapsed: 7.30s
f inputs x:[[ 0.07776517 -0.00325685 -0.00468324 -0.08329122]] ev:{} outputs y:1.9242102224213777 (n:0.012549684805062945) c:1.0
num acquisition: 37, time elapsed: 7.57s
f inputs x:[[ 0.192918    0.13860925  0.04503909 -0.07459854]] ev:{} outputs y:1.9567511983498125 (n:0.017977498894429508) c:1.0
num acquisition: 38, time elapsed: 7.79s
f inputs x:[[ 0.23808806 -0.0234008  -0.00060006 -0.0150331 ]] ev:{} outputs y:2.4208773608004144 (n:-0.03190766602901344) c:1.0
num acquisition: 39, time elapsed: 8.04s
f inputs x:[[ 0.11060836  0.12106185 -0.09915419 -0.01822388]] ev:{} outputs y:2.818338086315454 (n:0.10414242183242445) c:1.0
num acquisition: 40, time elapsed: 8.30s
f inputs x:[[ 0.1422117   0.05560181  0.02751564 -0.01917341]] ev:{} outputs y:1.337760292141625 (n:0.0483200929360174) c:1.0
num acquisition: 41, time elapsed: 8.55s
f inputs x:[[-1.  1.  1. -1.]] ev:{} outputs y:8.409617419444332 (n:-0.0730768709375388) c:1.0
num acquisition: 42, time elapsed: 8.73s
f inputs x:[[-1. -1.  1.  1.]] ev:{} outputs y:8.432614578580656 (n:-0.051774184670391576) c:1.0
num acquisition: 43, time elapsed: 8.89s
f inputs x:[[-1.  1. -1.  1.]] ev:{} outputs y:8.512536975959694 (n:0.02814821270864645) c:1.0
num acquisition: 44, time elapsed: 9.08s
f inputs x:[[ 1.  1.  1. -1.]] ev:{} outputs y:8.456383130356436 (n:-0.024613811043770483) c:1.0
num acquisition: 45, time elapsed: 9.25s
f inputs x:[[ 1.  1. -1.  1.]] ev:{} outputs y:8.498193523303161 (n:0.015499232921289748) c:1.0
num acquisition: 46, time elapsed: 9.46s
f inputs x:[[0.20161979 0.09497293 0.00093418 0.03695048]] ev:{} outputs y:1.342761453282243 (n:0.02129644039353958) c:1.0
num acquisition: 47, time elapsed: 9.73s
f inputs x:[[-1. -1.  1. -1.]] ev:{} outputs y:9.053264717850436 (n:0.03231730495650505) c:1.0
num acquisition: 48, time elapsed: 9.91s
f inputs x:[[ 0.44889541  0.22177    -0.13128363  0.04403742]] ev:{} outputs y:3.6158458296189524 (n:-0.09311499732576872) c:1.0
num acquisition: 49, time elapsed: 10.07s
f inputs x:[[ 1.  1. -1. -1.]] ev:{} outputs y:9.020857992361444 (n:0.0009010859648158472) c:1.0
num acquisition: 50, time elapsed: 10.24s
f inputs x:[[ 0.20480547 -1.         -1.         -0.22721598]] ev:{} outputs y:8.80446769889079 (n:0.012317972439506983) c:1.0
num acquisition: 51, time elapsed: 10.42s
f inputs x:[[ 0.08606655 -1.          0.13959603  1.        ]] ev:{} outputs y:7.782365821379084 (n:0.016830880270298523) c:1.0
num acquisition: 52, time elapsed: 10.57s
f inputs x:[[0.12908393 0.24330004 0.34582429 0.02795584]] ev:{} outputs y:4.099053586740588 (n:-0.013990172581477698) c:1.0
num acquisition: 53, time elapsed: 10.75s
f inputs x:[[-0.26812629 -0.29852109 -0.1052277  -0.1393356 ]] ev:{} outputs y:4.938286652885981 (n:0.021609412664773366) c:1.0
num acquisition: 54, time elapsed: 10.95s
f inputs x:[[ 0.14660656  0.03036135  0.02627996 -0.06262564]] ev:{} outputs y:1.6313149528809536 (n:-0.03871584775696604) c:1.0
num acquisition: 55, time elapsed: 11.13s
f inputs x:[[ 1.         -0.37472725  1.         -1.        ]] ev:{} outputs y:8.733835691053113 (n:-0.057608689739643275) c:1.0
num acquisition: 56, time elapsed: 11.31s
f inputs x:[[ 0.14544076  0.02803285  0.02808096 -0.0660526 ]] ev:{} outputs y:1.7432978877801746 (n:0.02370850828822395) c:1.0
num acquisition: 57, time elapsed: 11.49s
f inputs x:[[-1.          0.16227904  0.03297173 -1.        ]] ev:{} outputs y:7.539202037165342 (n:-0.023251048180326982) c:1.0
num acquisition: 58, time elapsed: 11.62s
f inputs x:[[ 1.         -0.09581523  1.          1.        ]] ev:{} outputs y:7.898846895897002 (n:-0.037375270246895395) c:1.0
num acquisition: 59, time elapsed: 11.76s
f inputs x:[[ 0.03718963  1.          0.09960437 -1.        ]] ev:{} outputs y:7.7655235283932615 (n:-0.03813674367037643) c:1.0
num acquisition: 60, time elapsed: 11.91s
f inputs x:[[ 0.73457351  0.07167139 -0.58215037  0.30215854]] ev:{} outputs y:6.480086373218017 (n:-0.021917860322190702) c:1.0
num acquisition: 61, time elapsed: 12.05s
f inputs x:[[-1.         -1.          0.02025831  0.15199894]] ev:{} outputs y:8.657407515489886 (n:0.01776556498490985) c:1.0
num acquisition: 62, time elapsed: 12.19s
f inputs x:[[ 0.14641886  0.02751808  0.02542028 -0.07270783]] ev:{} outputs y:1.7984587085067218 (n:0.01850309740324675) c:1.0
num acquisition: 63, time elapsed: 12.37s
f inputs x:[[-1.  1.  1.  1.]] ev:{} outputs y:7.17870238756765 (n:-0.06156957953337905) c:1.0
num acquisition: 64, time elapsed: 12.49s
f inputs x:[[-1.          1.          0.01977562  0.06692365]] ev:{} outputs y:7.581094659222045 (n:-0.11521503979277546) c:1.0
num acquisition: 65, time elapsed: 12.68s
f inputs x:[[-0.07892193  0.18462967 -1.          1.        ]] ev:{} outputs y:6.941467406732415 (n:0.06921887958833621) c:1.0
num acquisition: 66, time elapsed: 12.87s
f inputs x:[[ 0.46136768  0.41091751  0.17638526 -0.21135874]] ev:{} outputs y:3.852331010483432 (n:0.03515883719153921) c:1.0
num acquisition: 67, time elapsed: 13.03s
f inputs x:[[ 0.44096858  0.50942059  0.6849081  -0.26699195]] ev:{} outputs y:6.49152549368993 (n:0.0169797799144584) c:1.0
num acquisition: 68, time elapsed: 13.23s
f inputs x:[[ 0.1574166   0.04095155  0.02690518 -0.09291594]] ev:{} outputs y:1.997465916851907 (n:0.023360508263714316) c:1.0
num acquisition: 69, time elapsed: 13.38s
f inputs x:[[ 0.18037087 -1.          0.23053062 -1.        ]] ev:{} outputs y:7.764015593383299 (n:-0.014745196347954329) c:1.0
num acquisition: 70, time elapsed: 13.56s
f inputs x:[[ 0.22927856  1.         -1.          0.10093929]] ev:{} outputs y:8.623720535780743 (n:-0.04745736504612412) c:1.0
num acquisition: 71, time elapsed: 13.71s
f inputs x:[[-1.         -0.15417017 -1.         -0.02591518]] ev:{} outputs y:8.470961722009578 (n:0.09980237585599955) c:1.0
num acquisition: 72, time elapsed: 13.86s
f inputs x:[[ 0.15544363  0.04250714  0.02677603 -0.08914319]] ev:{} outputs y:1.9706194996645845 (n:0.042157216046114075) c:1.0
num acquisition: 73, time elapsed: 14.02s
f inputs x:[[1. 1. 1. 1.]] ev:{} outputs y:7.294738290929498 (n:0.060358267305951396) c:1.0
num acquisition: 74, time elapsed: 14.20s
f inputs x:[[ 1. -1. -1. -1.]] ev:{} outputs y:9.422706817287045 (n:0.054458261136894774) c:1.0
num acquisition: 75, time elapsed: 14.34s
f inputs x:[[-0.20194022  0.09163753  1.         -1.        ]] ev:{} outputs y:8.36296962670877 (n:-0.00492224144601463) c:1.0
num acquisition: 76, time elapsed: 14.49s
f inputs x:[[ 0.15674145  0.04210744  0.02479013 -0.09156783]] ev:{} outputs y:1.9706544277518054 (n:0.020867098668199857) c:1.0
num acquisition: 77, time elapsed: 14.65s
f inputs x:[[-0.15570647 -1.          1.          0.17138151]] ev:{} outputs y:7.903192736803172 (n:0.11456123371676014) c:1.0
num acquisition: 78, time elapsed: 14.83s
f inputs x:[[-0.05382501 -0.04159021 -1.         -1.        ]] ev:{} outputs y:8.282477758410307 (n:-0.09146636502554527) c:1.0
num acquisition: 79, time elapsed: 14.98s
f inputs x:[[ 0.89340915  0.28628012  0.04572562 -0.33224349]] ev:{} outputs y:6.725984077255871 (n:0.0178647962708225) c:1.0
num acquisition: 80, time elapsed: 15.16s
f inputs x:[[ 0.20080356  0.6890527   0.09898663 -0.19127641]] ev:{} outputs y:6.169937175857608 (n:-0.03482754741344265) c:1.0
num acquisition: 81, time elapsed: 15.34s
f inputs x:[[ 1.         -0.26097836 -0.04919515  1.        ]] ev:{} outputs y:7.884256448118353 (n:-0.006334758493461679) c:1.0
num acquisition: 82, time elapsed: 15.49s
f inputs x:[[-1.         0.0384022  1.         1.       ]] ev:{} outputs y:7.906493325416266 (n:0.04952992008745177) c:1.0
num acquisition: 83, time elapsed: 15.65s
f inputs x:[[ 0.15502378  0.04543752 -0.0080649   0.01120002]] ev:{} outputs y:1.335145349395392 (n:0.09896906146456333) c:1.0
num acquisition: 84, time elapsed: 15.87s
f inputs x:[[-0.12443052 -0.03000908  0.14227216  0.01792026]] ev:{} outputs y:2.7399274206774074 (n:0.07934762544545541) c:1.0
num acquisition: 85, time elapsed: 16.03s
f inputs x:[[ 0.152406    0.03246076  0.02952381 -0.06655468]] ev:{} outputs y:1.779759921017676 (n:0.05769105164518745) c:1.0
num acquisition: 86, time elapsed: 16.27s
f inputs x:[[ 0.15316505  0.0322812   0.02980423 -0.06637081]] ev:{} outputs y:1.760178034090348 (n:0.03732458340992708) c:1.0
num acquisition: 87, time elapsed: 16.47s
f inputs x:[[ 1.         -1.         -0.12166716 -0.00123301]] ev:{} outputs y:8.75484317933269 (n:0.07477420789955108) c:1.0
num acquisition: 88, time elapsed: 16.63s
f inputs x:[[-0.52602557  0.10217083  0.11958003 -0.01175717]] ev:{} outputs y:4.640264899093042 (n:0.017600176048909975) c:1.0
num acquisition: 89, time elapsed: 16.82s
f inputs x:[[ 0.09949153  1.         -0.27951065  1.        ]] ev:{} outputs y:7.983080914957123 (n:-0.015232012802868893) c:1.0
num acquisition: 90, time elapsed: 16.99s
f inputs x:[[-1.         -0.19113063 -0.14101227  1.        ]] ev:{} outputs y:7.9138442237780895 (n:0.08092150708778958) c:1.0
num acquisition: 91, time elapsed: 17.17s
f inputs x:[[-1.         -0.07255183  1.         -0.22011488]] ev:{} outputs y:8.39993901797669 (n:-0.004512733646498871) c:1.0
num acquisition: 92, time elapsed: 17.34s
f inputs x:[[ 0.54506173 -1.          1.          1.        ]] ev:{} outputs y:7.635946961017215 (n:0.026167648303434835) c:1.0
num acquisition: 93, time elapsed: 17.55s
f inputs x:[[-0.00346075 -1.         -1.          1.        ]] ev:{} outputs y:8.435763800175485 (n:-0.040053872421445424) c:1.0
num acquisition: 94, time elapsed: 17.74s
f inputs x:[[ 0.15112358  0.03308251  0.03009495 -0.06853962]] ev:{} outputs y:1.7381658836431648 (n:-0.003853042687718265) c:1.0
num acquisition: 95, time elapsed: 17.92s
f inputs x:[[ 0.15176916  0.03278384  0.03033408 -0.06905956]] ev:{} outputs y:1.697082436198207 (n:-0.052921964765136956) c:1.0
num acquisition: 96, time elapsed: 18.11s
f inputs x:[[0.40660612 1.         1.         0.24508028]] ev:{} outputs y:7.6278912193922634 (n:0.021634542842382636) c:1.0
num acquisition: 97, time elapsed: 18.31s
f inputs x:[[1.         0.14308588 1.         0.01927965]] ev:{} outputs y:8.161634248971918 (n:-0.0372607761673401) c:1.0
num acquisition: 98, time elapsed: 18.53s
f inputs x:[[-1.          1.          1.         -0.00691802]] ev:{} outputs y:7.852142092465595 (n:-0.05069100390915732) c:1.0
num acquisition: 99, time elapsed: 18.73s
f inputs x:[[ 1.          1.          0.01252247 -1.        ]] ev:{} outputs y:7.815347374132087 (n:-0.05645163106800943) c:1.0
num acquisition: 100, time elapsed: 18.94s
f inputs x:[[ 0.15150225  0.03226553  0.0307029  -0.06907408]] ev:{} outputs y:1.7704600299653255 (n:0.01704685275254092) c:1.0
num acquisition: 101, time elapsed: 19.17s
f inputs x:[[1.         1.         0.08260987 1.        ]] ev:{} outputs y:7.737110920291444 (n:-0.08392871900594494) c:1.0
num acquisition: 102, time elapsed: 19.39s
f inputs x:[[ 1.          0.02638719 -1.          1.        ]] ev:{} outputs y:7.850066201526121 (n:-0.016177160985031747) c:1.0
num acquisition: 103, time elapsed: 19.59s
f inputs x:[[-0.06073781 -0.39574443  0.19674483  0.11561206]] ev:{} outputs y:4.475942352839846 (n:0.0799860218446136) c:1.0
num acquisition: 104, time elapsed: 19.82s
f inputs x:[[ 0.01377696  1.          1.         -1.        ]] ev:{} outputs y:8.448520555731717 (n:-0.02378893778667438) c:1.0
num acquisition: 105, time elapsed: 20.01s
f inputs x:[[ 0.15150189  0.03425858  0.02930816 -0.07147866]] ev:{} outputs y:1.7977295324816858 (n:0.03207717422774832) c:1.0
num acquisition: 106, time elapsed: 20.24s
f inputs x:[[-1.          1.         -0.21938499 -1.        ]] ev:{} outputs y:8.057626232574147 (n:0.0067158230022565145) c:1.0
num acquisition: 107, time elapsed: 20.46s
f inputs x:[[ 1.          0.21974521 -1.         -0.23214095]] ev:{} outputs y:8.378109782732885 (n:0.059179549250551716) c:1.0
num acquisition: 108, time elapsed: 20.67s
f inputs x:[[ 0.13669474 -1.          1.         -1.        ]] ev:{} outputs y:8.461204075526776 (n:-0.019605398065297503) c:1.0
num acquisition: 109, time elapsed: 20.90s
f inputs x:[[ 0.15157956  0.03380335  0.02944964 -0.07225031]] ev:{} outputs y:1.7872997782118498 (n:0.011466059604197946) c:1.0
num acquisition: 110, time elapsed: 21.13s
f inputs x:[[-0.12343611 -0.36755114  1.          1.        ]] ev:{} outputs y:6.650608240575925 (n:0.025824536138278217) c:1.0
num acquisition: 111, time elapsed: 21.35s
f inputs x:[[-0.15984307 -0.19370834  0.05344668  1.        ]] ev:{} outputs y:6.0756014160648 (n:-0.023959416384491276) c:1.0
num acquisition: 112, time elapsed: 21.58s
f inputs x:[[ 0.0399864  1.        -1.        -1.       ]] ev:{} outputs y:8.99278407804189 (n:-0.021807963701046984) c:1.0
num acquisition: 113, time elapsed: 21.80s
f inputs x:[[ 0.15150903  0.03342099  0.02939347 -0.07341156]] ev:{} outputs y:1.7565338901140717 (n:-0.03239796575145359) c:1.0
num acquisition: 114, time elapsed: 22.02s
f inputs x:[[-0.0389693  -1.         -0.03545329  0.03493669]] ev:{} outputs y:7.62892183611212 (n:-0.09231309446296226) c:1.0
num acquisition: 115, time elapsed: 22.28s
f inputs x:[[-1.          1.          0.03279299  1.        ]] ev:{} outputs y:7.832469017576902 (n:-0.028424723313872538) c:1.0
num acquisition: 116, time elapsed: 22.54s
f inputs x:[[-1.         -0.05727327 -0.07233892 -0.15565329]] ev:{} outputs y:7.518470690016048 (n:-0.023783572721567458) c:1.0
num acquisition: 117, time elapsed: 22.76s
f inputs x:[[ 0.15117261  0.03329141  0.02955228 -0.07402329]] ev:{} outputs y:1.8119539412589063 (n:0.01570840481374133) c:1.0
num acquisition: 118, time elapsed: 22.97s
f inputs x:[[-0.24665494  0.126733    0.2117237  -0.31987318]] ev:{} outputs y:4.551087986515006 (n:0.06656402734864608) c:1.0
num acquisition: 119, time elapsed: 23.20s
f inputs x:[[0.28749677 0.21401097 0.07741041 0.07523694]] ev:{} outputs y:1.581545553279382 (n:0.01135993340794246) c:1.0
num acquisition: 120, time elapsed: 23.42s
f inputs x:[[ 1.         -1.          0.17940122 -1.        ]] ev:{} outputs y:8.617306160979982 (n:-0.05680178459800002) c:1.0
num acquisition: 121, time elapsed: 23.64s
f inputs x:[[-0.37608445 -0.38579666 -0.00963328 -1.        ]] ev:{} outputs y:6.46944185611067 (n:-0.024022065602910564) c:1.0
num acquisition: 122, time elapsed: 23.85s
f inputs x:[[ 0.03837543 -0.1275265  -1.          0.27176642]] ev:{} outputs y:7.446893263321035 (n:-0.04364628016439426) c:1.0
num acquisition: 123, time elapsed: 24.12s
f inputs x:[[-1.          1.         -1.          0.13549054]] ev:{} outputs y:8.681799610635663 (n:-0.0029608800845349163) c:1.0
num acquisition: 124, time elapsed: 24.37s
f inputs x:[[ 0.16694339  0.04719588  0.03231227 -0.04815023]] ev:{} outputs y:1.5383878124615686 (n:0.024179294921186114) c:1.0
num acquisition: 125, time elapsed: 24.65s
f inputs x:[[-1.       -1.       -1.        0.014676]] ev:{} outputs y:9.202141731773354 (n:0.03719226234977976) c:1.0
num acquisition: 126, time elapsed: 24.92s
f inputs x:[[-0.455474   -0.30154081  0.27927769  0.30321091]] ev:{} outputs y:5.541592510982098 (n:0.056279674038016904) c:1.0
num acquisition: 127, time elapsed: 25.19s
f inputs x:[[ 0.16788836  0.04674393  0.03258377 -0.04879031]] ev:{} outputs y:1.5705178175154044 (n:0.04649556661513177) c:1.0
num acquisition: 128, time elapsed: 25.47s
f inputs x:[[ 0.34291491 -0.33172375 -0.19002783  0.56189318]] ev:{} outputs y:5.7807093943838534 (n:0.0263423776815531) c:1.0
num acquisition: 129, time elapsed: 25.72s
f inputs x:[[0.32014762 0.18603466 0.02813446 0.20204845]] ev:{} outputs y:2.9865640435428866 (n:-0.02130467905725919) c:1.0
num acquisition: 130, time elapsed: 26.02s
f inputs x:[[-1.         -1.          0.02455337  1.        ]] ev:{} outputs y:8.743724139377933 (n:0.03544740436910623) c:1.0
num acquisition: 131, time elapsed: 26.28s
f inputs x:[[ 0.16838423  0.04607024  0.03280194 -0.05070829]] ev:{} outputs y:1.499599330964664 (n:-0.04664753826598279) c:1.0
num acquisition: 132, time elapsed: 26.57s
f inputs x:[[ 0.16944228  0.04606417  0.0333944  -0.05085384]] ev:{} outputs y:1.5878131973793153 (n:0.03584189298598533) c:1.0
num acquisition: 133, time elapsed: 26.84s
f inputs x:[[-1.          0.01997706 -1.         -1.        ]] ev:{} outputs y:8.673111416560538 (n:-0.036736153110500096) c:1.0
num acquisition: 134, time elapsed: 27.14s
f inputs x:[[-1.         -1.          0.14749119 -1.        ]] ev:{} outputs y:8.628876663638989 (n:-0.05201471640309044) c:1.0
num acquisition: 135, time elapsed: 27.40s
f inputs x:[[ 0.17005816  0.04563963  0.0332647  -0.0517697 ]] ev:{} outputs y:1.5433744896659942 (n:-0.018922327459750345) c:1.0
num acquisition: 136, time elapsed: 27.68s
f inputs x:[[ 1.        -1.         0.2796158  1.       ]] ev:{} outputs y:8.565179695956841 (n:-0.050175269636799816) c:1.0
num acquisition: 137, time elapsed: 27.98s
f inputs x:[[-1.          0.13834388 -1.          1.        ]] ev:{} outputs y:7.78904497749165 (n:-0.020206062486156546) c:1.0
num acquisition: 138, time elapsed: 28.26s
f inputs x:[[-0.29635274  1.          0.18709552  0.11692785]] ev:{} outputs y:7.516981050053876 (n:0.05504765054093283) c:1.0
num acquisition: 139, time elapsed: 28.56s
f inputs x:[[ 0.1699713   0.04806155  0.03341189 -0.05119585]] ev:{} outputs y:1.6261785619709745 (n:0.0781694475984769) c:1.0
num acquisition: 140, time elapsed: 28.93s
f inputs x:[[-0.07863082 -1.         -1.         -1.        ]] ev:{} outputs y:8.977920265832985 (n:-0.03935950223302781) c:1.0
num acquisition: 141, time elapsed: 29.22s
f inputs x:[[ 0.1704762   0.04806569  0.0335643  -0.05147901]] ev:{} outputs y:1.59579749053559 (n:0.043822372460178394) c:1.0
num acquisition: 142, time elapsed: 29.57s
f inputs x:[[ 1.77595335e-01  7.92294842e-02  7.82818214e-03 -2.59835804e-05]] ev:{} outputs y:1.1726201238832425 (n:0.017215655343228) c:1.0
num acquisition: 143, time elapsed: 29.92s
f inputs x:[[-0.18604975  0.17017392 -0.35911917  0.56208045]] ev:{} outputs y:4.808314331519145 (n:0.011294554278034701) c:1.0
num acquisition: 144, time elapsed: 30.27s
f inputs x:[[0.40779038 0.2611     0.15391025 0.01587118]] ev:{} outputs y:1.5371509064853146 (n:-0.05084883267076833) c:1.0
num acquisition: 145, time elapsed: 30.62s
f inputs x:[[0.5485762  0.36146327 0.27063109 0.05660095]] ev:{} outputs y:3.430933325235115 (n:-0.04060085191300347) c:1.0
num acquisition: 146, time elapsed: 30.95s
f inputs x:[[ 1.         -0.63765804 -1.          0.05532141]] ev:{} outputs y:8.705917728844817 (n:-0.012786024559721493) c:1.0
num acquisition: 147, time elapsed: 31.27s
f inputs x:[[ 1.          0.18418885  0.32304722 -1.        ]] ev:{} outputs y:7.717554362038703 (n:0.06573982807449118) c:1.0
num acquisition: 148, time elapsed: 31.57s
f inputs x:[[0.34219921 0.18283271 0.08169219 0.00186594]] ev:{} outputs y:1.2147985432830803 (n:-0.08491704089216044) c:1.0
num acquisition: 149, time elapsed: 31.85s
f inputs x:[[0.32197666 0.17910588 0.12363849 0.01523666]] ev:{} outputs y:1.3488595919577149 (n:-0.05073878589452466) c:1.0
num acquisition: 150, time elapsed: 32.20s
f inputs x:[[-0.26684872  0.2871418  -0.07376762 -1.        ]] ev:{} outputs y:6.096476828140239 (n:-0.049388532586263516) c:1.0
num acquisition: 151, time elapsed: 32.51s
f inputs x:[[-1.        -1.         1.         0.0128428]] ev:{} outputs y:8.791458718358712 (n:0.07292581147845727) c:1.0
num acquisition: 152, time elapsed: 32.83s
f inputs x:[[ 0.20711451 -0.26719413  1.          0.15013702]] ev:{} outputs y:7.650064167831942 (n:0.11413710991962456) c:1.0
num acquisition: 153, time elapsed: 33.13s
f inputs x:[[ 0.41387211 -0.03822128  0.37351229  1.        ]] ev:{} outputs y:5.823410838623222 (n:0.0024643878600536856) c:1.0
num acquisition: 154, time elapsed: 33.47s
f inputs x:[[-1.          0.03374745  1.         -1.        ]] ev:{} outputs y:8.743284971392933 (n:0.039100182462261705) c:1.0
num acquisition: 155, time elapsed: 33.77s
f inputs x:[[ 1.          1.         -1.          0.07667354]] ev:{} outputs y:8.710565046664584 (n:0.011092776160938074) c:1.0
num acquisition: 156, time elapsed: 34.10s
f inputs x:[[-0.08353818  1.         -1.          1.        ]] ev:{} outputs y:8.411898579430268 (n:-0.059791876746751765) c:1.0
num acquisition: 157, time elapsed: 34.44s
f inputs x:[[-0.42983728 -0.02465565 -0.25200779  0.24901807]] ev:{} outputs y:4.663744036809654 (n:-0.026758340180987602) c:1.0
num acquisition: 158, time elapsed: 34.77s
f inputs x:[[-0.22198359 -0.33144034 -0.44755832  0.63614748]] ev:{} outputs y:5.682903704486295 (n:-0.017978307417885732) c:1.0
num acquisition: 159, time elapsed: 35.13s
f inputs x:[[-0.47835188  0.56561721  1.          1.        ]] ev:{} outputs y:6.267541649982771 (n:0.012723600934067582) c:1.0
num acquisition: 160, time elapsed: 35.48s
f inputs x:[[-0.64932728  0.43008217 -0.37526032  0.30570015]] ev:{} outputs y:5.831265437791556 (n:0.04134832747144325) c:1.0
num acquisition: 161, time elapsed: 35.82s
f inputs x:[[ 1.          1.          1.         -0.13358696]] ev:{} outputs y:8.006339467486505 (n:0.026376355956003447) c:1.0
num acquisition: 162, time elapsed: 36.23s
f inputs x:[[ 0.34192671  0.22079975  0.08410477 -0.00453877]] ev:{} outputs y:0.8951373600968556 (n:-0.011738023847616472) c:1.0
num acquisition: 163, time elapsed: 36.61s
f inputs x:[[1.         0.31536369 0.16043934 0.48645593]] ev:{} outputs y:7.226139751219443 (n:0.02459008039048799) c:1.0
num acquisition: 164, time elapsed: 36.92s
f inputs x:[[ 0.23245198  0.09932288  0.06218707 -0.04562574]] ev:{} outputs y:1.5932830867650007 (n:0.05290525667003446) c:1.0
num acquisition: 165, time elapsed: 37.24s
f inputs x:[[-0.57201375  0.47223522 -0.10138093 -0.37741561]] ev:{} outputs y:5.468377049805229 (n:0.07097254967871651) c:1.0
num acquisition: 166, time elapsed: 37.57s
f inputs x:[[-0.20572451 -1.          1.          1.        ]] ev:{} outputs y:7.231369422010731 (n:-0.03407714009000525) c:1.0
num acquisition: 167, time elapsed: 37.91s
f inputs x:[[-0.54290636  0.55565362  0.42211613 -0.52834674]] ev:{} outputs y:5.8952160108053215 (n:0.010033855374783247) c:1.0
num acquisition: 168, time elapsed: 38.27s
f inputs x:[[ 0.23059738  0.09758047  0.05962814 -0.04798494]] ev:{} outputs y:1.4974353027327867 (n:-0.050057047480703755) c:1.0
num acquisition: 169, time elapsed: 38.64s
f inputs x:[[ 0.23228972  0.09843337  0.06036518 -0.04808165]] ev:{} outputs y:1.5203159048125203 (n:-0.032386655579726385) c:1.0
num acquisition: 170, time elapsed: 39.04s
f inputs x:[[-0.21616065  1.          1.         -0.22033109]] ev:{} outputs y:8.078554743700286 (n:0.08323337979226261) c:1.0
num acquisition: 171, time elapsed: 39.43s
f inputs x:[[ 0.27828663  0.38803978 -0.48381979  0.53862425]] ev:{} outputs y:5.768924989379942 (n:0.09228927239835105) c:1.0
num acquisition: 172, time elapsed: 39.79s
f inputs x:[[ 0.23246938  0.09875153  0.06024396 -0.04845184]] ev:{} outputs y:1.5030431507222806 (n:-0.05071063944407927) c:1.0
num acquisition: 173, time elapsed: 40.23s
f inputs x:[[ 0.29596178 -0.30366847 -0.71005145  1.        ]] ev:{} outputs y:6.149200889729135 (n:0.046553830661055104) c:1.0
num acquisition: 174, time elapsed: 40.59s
f inputs x:[[0.50987594 0.54229022 1.         1.        ]] ev:{} outputs y:6.249509792826894 (n:-0.0217880155934617) c:1.0
num acquisition: 175, time elapsed: 41.02s
f inputs x:[[ 0.41808331  0.38184525 -0.37779296 -1.        ]] ev:{} outputs y:6.905266840323995 (n:0.10640802942855776) c:1.0
num acquisition: 176, time elapsed: 41.39s
f inputs x:[[ 0.23386435  0.1005394   0.06077962 -0.04894839]] ev:{} outputs y:1.4921687654767402 (n:-0.06325845352095043) c:1.0
num acquisition: 177, time elapsed: 41.85s
f inputs x:[[ 0.08058885 -0.35414367 -0.29791937 -0.57610557]] ev:{} outputs y:6.0711975586265865 (n:-0.001612087083062608) c:1.0
num acquisition: 178, time elapsed: 42.19s
f inputs x:[[-0.43084448  0.27174142 -0.40597243  1.        ]] ev:{} outputs y:5.836396023020886 (n:0.045466496875322754) c:1.0
num acquisition: 179, time elapsed: 42.68s
f inputs x:[[-0.40077166  0.01690662 -0.30417846 -0.51193764]] ev:{} outputs y:5.700627540010916 (n:0.0169194961512168) c:1.0
num acquisition: 180, time elapsed: 43.07s
f inputs x:[[ 0.23400895  0.10316784  0.06346613 -0.04571079]] ev:{} outputs y:1.464366172065859 (n:-0.06894416655739886) c:1.0
num acquisition: 181, time elapsed: 43.51s
f inputs x:[[ 1.          0.12828692 -1.         -1.        ]] ev:{} outputs y:8.6708750356636 (n:-0.012251989135564106) c:1.0
num acquisition: 182, time elapsed: 43.89s
f inputs x:[[ 0.30240142 -0.23373827  0.53935022 -0.54821203]] ev:{} outputs y:6.549996870020135 (n:-0.005682510668399355) c:1.0
num acquisition: 183, time elapsed: 44.28s
f inputs x:[[ 0.23369767  0.10702713  0.0605966  -0.04185665]] ev:{} outputs y:1.4293276250874436 (n:-0.019830630593729706) c:1.0
num acquisition: 184, time elapsed: 44.77s
f inputs x:[[-0.42549992  0.38189659 -1.          0.33360335]] ev:{} outputs y:7.564706582390217 (n:-0.012964706361257983) c:1.0
num acquisition: 185, time elapsed: 45.26s
f inputs x:[[ 0.34126329  0.25600535  0.08136789 -0.02695186]] ev:{} outputs y:1.3879045854072443 (n:0.001633315166911088) c:1.0
num acquisition: 186, time elapsed: 45.71s
f inputs x:[[ 0.24249796  0.11671603  0.06213137 -0.04340119]] ev:{} outputs y:1.4912574058776153 (n:0.05722960511374549) c:1.0
num acquisition: 187, time elapsed: 46.14s
f inputs x:[[ 0.24353757  0.11738679  0.06256436 -0.04326344]] ev:{} outputs y:1.4049163633307584 (n:-0.028503774628586765) c:1.0
num acquisition: 188, time elapsed: 46.62s
f inputs x:[[ 0.24508584  0.11840337  0.06324884 -0.0432111 ]] ev:{} outputs y:1.433145594462085 (n:-0.001253632967089993) c:1.0
num acquisition: 189, time elapsed: 47.04s
f inputs x:[[ 0.2783167   0.36989221  0.46989282 -1.        ]] ev:{} outputs y:6.746212516982753 (n:-0.07770604377630616) c:1.0
num acquisition: 190, time elapsed: 47.43s
f inputs x:[[ 0.24574072  0.11899543  0.06361414 -0.04343661]] ev:{} outputs y:1.43486893745623 (n:-0.002359783627691952) c:1.0
num acquisition: 191, time elapsed: 47.91s
f inputs x:[[ 1.          0.42016394 -0.37389381  1.        ]] ev:{} outputs y:7.33320895463009 (n:-0.01741360422334511) c:1.0
num acquisition: 192, time elapsed: 48.34s
f inputs x:[[-1.          0.50127212  0.29309952 -0.34630066]] ev:{} outputs y:7.044036195234584 (n:-0.0024847729949643432) c:1.0
num acquisition: 193, time elapsed: 48.83s
f inputs x:[[-0.43303051  0.00197216  0.30930944 -0.73813062]] ev:{} outputs y:6.1122534199907745 (n:-0.046803610649627736) c:1.0
num acquisition: 194, time elapsed: 49.36s
f inputs x:[[ 0.24586361  0.11923408  0.06391888 -0.04387116]] ev:{} outputs y:1.3661865896535883 (n:-0.07705447007370149) c:1.0
num acquisition: 195, time elapsed: 49.84s
f inputs x:[[-0.61609241  1.          0.36081708 -1.        ]] ev:{} outputs y:7.573806003632931 (n:0.026869800131270074) c:1.0
num acquisition: 196, time elapsed: 50.29s
f inputs x:[[ 0.24711128  0.12003243  0.06448269 -0.04392631]] ev:{} outputs y:1.3818784317687507 (n:-0.06344657612541638) c:1.0
num acquisition: 197, time elapsed: 50.87s
f inputs x:[[ 0.31243844 -1.          0.56264383 -0.25367786]] ev:{} outputs y:7.451655399558605 (n:-0.08789443250583369) c:1.0
num acquisition: 198, time elapsed: 51.33s
f inputs x:[[ 0.33804957  0.20295447  0.07119056 -0.00267303]] ev:{} outputs y:1.0732980027830723 (n:0.07440372229215095) c:1.0
num acquisition: 199, time elapsed: 51.84s
f inputs x:[[-0.29406492  1.         -0.35654861 -0.36197271]] ev:{} outputs y:7.908388970028355 (n:-0.056882554736691265) c:1.0
num acquisition: 200, time elapsed: 52.37s
f inputs x:[[ 0.33809011  0.20334594  0.07136461 -0.00250409]] ev:{} outputs y:0.9821621579290848 (n:-0.013080980531204909) c:1.0
num acquisition: 201, time elapsed: 52.88s
f inputs x:[[ 0.61538829  0.27656142  1.         -1.        ]] ev:{} outputs y:8.418544462885503 (n:0.05176552981523719) c:1.0
num acquisition: 202, time elapsed: 53.41s
f inputs x:[[-0.38783109 -1.          0.33312668 -0.48281095]] ev:{} outputs y:7.69406449242354 (n:0.008732951697482403) c:1.0
num acquisition: 203, time elapsed: 53.85s
f inputs x:[[0.44347701 1.         0.48187685 0.72621667]] ev:{} outputs y:7.112959579378268 (n:0.017222656314364853) c:1.0
num acquisition: 204, time elapsed: 54.43s
f inputs x:[[-0.31812093 -1.         -0.43697037  0.55512948]] ev:{} outputs y:8.05558112010378 (n:-0.02441635662922685) c:1.0
num acquisition: 205, time elapsed: 54.87s
f inputs x:[[-0.5098993  -0.40951504  0.51277408  1.        ]] ev:{} outputs y:6.275264840659214 (n:0.09711514810145899) c:1.0
num acquisition: 206, time elapsed: 55.41s
f inputs x:[[-0.335224    0.23736109  0.05566734  0.32523325]] ev:{} outputs y:3.8535619380918833 (n:-0.039532177679996255) c:1.0
num acquisition: 207, time elapsed: 55.99s
f inputs x:[[ 1.         -0.32731482  0.386657   -0.25937152]] ev:{} outputs y:7.855875816701353 (n:0.024935179450726486) c:1.0
num acquisition: 208, time elapsed: 56.56s
f inputs x:[[ 0.33852768  0.20096874  0.06609469 -0.00232977]] ev:{} outputs y:1.0408738264494135 (n:-0.0009579058103063913) c:1.0
num acquisition: 209, time elapsed: 57.11s
f inputs x:[[-0.66838676  1.          0.61692516  0.63007621]] ev:{} outputs y:6.771957336395503 (n:-0.00700731822574824) c:1.0
num acquisition: 210, time elapsed: 57.56s
f inputs x:[[-0.18174143 -0.73251884  0.44684609  0.50922116]] ev:{} outputs y:6.158524652747806 (n:0.02675528278237026) c:1.0
num acquisition: 211, time elapsed: 58.04s
f inputs x:[[ 0.33407156 -0.56343463 -0.29758399 -1.        ]] ev:{} outputs y:7.166272057908804 (n:0.048641763173061424) c:1.0
num acquisition: 212, time elapsed: 58.56s
f inputs x:[[ 0.62138814  1.         -0.27126772 -0.40839198]] ev:{} outputs y:7.765548120130803 (n:-0.021908008215679443) c:1.0
num acquisition: 213, time elapsed: 59.08s
f inputs x:[[ 1. -1.  1. -1.]] ev:{} outputs y:9.093577106933507 (n:0.07362020053688004) c:1.0
num acquisition: 214, time elapsed: 59.64s
f inputs x:[[-0.08633517 -0.29351292  0.15399236 -0.45590776]] ev:{} outputs y:5.0505946832022435 (n:0.02434313651307624) c:1.0
num acquisition: 215, time elapsed: 60.17s
f inputs x:[[-1.          0.0693655  -0.43613415  0.46764886]] ev:{} outputs y:7.505065152162446 (n:0.041895366484990676) c:1.0
num acquisition: 216, time elapsed: 60.71s
f inputs x:[[ 0.26740835  0.13422832  0.06364774 -0.04207402]] ev:{} outputs y:1.36656907704535 (n:0.00212036340217143) c:1.0
num acquisition: 217, time elapsed: 61.31s
f inputs x:[[ 0.48280999  0.26980043 -1.          0.64946824]] ev:{} outputs y:7.277798809528019 (n:0.03161932486816471) c:1.0
num acquisition: 218, time elapsed: 61.79s
f inputs x:[[ 0.52504438 -1.         -0.38794162  1.        ]] ev:{} outputs y:8.136451966883591 (n:-0.0876528211997757) c:1.0
num acquisition: 219, time elapsed: 62.32s
f inputs x:[[ 0.26777692  0.13449292  0.06386443 -0.04220723]] ev:{} outputs y:1.2714562628847768 (n:-0.09524590138185239) c:1.0
num acquisition: 220, time elapsed: 62.87s
f inputs x:[[-1.  1. -1. -1.]] ev:{} outputs y:9.009339754637354 (n:-0.011607658256576886) c:1.0
num acquisition: 221, time elapsed: 63.41s
f inputs x:[[-1.         -0.37673634  0.6278206   0.49266238]] ev:{} outputs y:7.856562054216732 (n:0.0054190678738232165) c:1.0
num acquisition: 222, time elapsed: 63.88s
f inputs x:[[ 0.26832095  0.13463103  0.06396763 -0.04271601]] ev:{} outputs y:1.3568493479179986 (n:-0.016591401155222837) c:1.0
num acquisition: 223, time elapsed: 64.61s
f inputs x:[[-0.32320435 -0.32756363 -1.          1.        ]] ev:{} outputs y:7.087196093959173 (n:-0.022285280726402384) c:1.0
num acquisition: 224, time elapsed: 65.20s
f inputs x:[[ 0.33665579  0.19884322  0.06531348 -0.00358796]] ev:{} outputs y:1.0637821440999302 (n:0.02383826614816316) c:1.0
num acquisition: 225, time elapsed: 65.81s
f inputs x:[[ 0.22998604 -0.50895322  0.57404319  1.        ]] ev:{} outputs y:5.383729548899663 (n:0.03456515456589767) c:1.0
num acquisition: 226, time elapsed: 66.43s
f inputs x:[[ 0.43808017 -0.6849259   0.5215339   0.47209659]] ev:{} outputs y:6.411905476120578 (n:0.052130199147639195) c:1.0
num acquisition: 227, time elapsed: 67.06s
f inputs x:[[0.46504226 0.37828099 0.61070161 0.42453568]] ev:{} outputs y:4.579560940829176 (n:0.041952257193189846) c:1.0
num acquisition: 228, time elapsed: 67.62s
f inputs x:[[-0.04361657  0.2368777  -1.         -0.33680211]] ev:{} outputs y:8.06628626332966 (n:0.07968111493737778) c:1.0
num acquisition: 229, time elapsed: 68.20s
f inputs x:[[1.         0.53997375 0.86304498 0.56436965]] ev:{} outputs y:7.258829011981394 (n:0.03362856298573507) c:1.0
num acquisition: 230, time elapsed: 68.76s
f inputs x:[[-0.21629162 -0.61057361  1.         -0.55482076]] ev:{} outputs y:8.13728294841011 (n:0.1034633174563908) c:1.0
num acquisition: 231, time elapsed: 69.34s
f inputs x:[[0.72193527 0.44037004 0.46538964 1.        ]] ev:{} outputs y:5.594940708172173 (n:-0.10201699113736429) c:1.0
num acquisition: 232, time elapsed: 69.99s
f inputs x:[[-1.          0.47145194 -0.47601086 -0.27055229]] ev:{} outputs y:7.4250967889027315 (n:0.01854328896128148) c:1.0
num acquisition: 233, time elapsed: 70.58s
f inputs x:[[ 0.336755    0.19921517  0.06657177 -0.00396881]] ev:{} outputs y:1.049017906338301 (n:0.014931108823722509) c:1.0
num acquisition: 234, time elapsed: 71.33s
f inputs x:[[-0.16201412 -1.         -0.3118477  -0.63146555]] ev:{} outputs y:8.040373793047218 (n:-0.0005980521127676647) c:1.0
num acquisition: 235, time elapsed: 71.96s
f inputs x:[[ 0.33672142  0.19956842  0.06684985 -0.00388997]] ev:{} outputs y:1.0876482862621022 (n:0.05808928294612369) c:1.0
num acquisition: 236, time elapsed: 72.79s
f inputs x:[[-0.53563962  0.51089616  0.12666061  0.1192149 ]] ev:{} outputs y:4.359693759188606 (n:-0.038800581801998794) c:1.0
num acquisition: 237, time elapsed: 73.40s
f inputs x:[[ 0.52691146 -0.11174149  0.68865196  0.60731703]] ev:{} outputs y:6.08103882572813 (n:0.0015918178015410156) c:1.0
num acquisition: 238, time elapsed: 73.94s
f inputs x:[[-0.54277263  0.86259767 -0.36646362  0.59075507]] ev:{} outputs y:7.336319993575113 (n:-0.027516110090877496) c:1.0
num acquisition: 239, time elapsed: 74.59s
f inputs x:[[-0.0943109  -0.06285448 -0.50071536  1.        ]] ev:{} outputs y:5.491588869580442 (n:0.10514085982675979) c:1.0
num acquisition: 240, time elapsed: 75.20s
f inputs x:[[-0.22345134  1.          1.          0.63153271]] ev:{} outputs y:7.37205133955189 (n:-0.033782411148816964) c:1.0
num acquisition: 241, time elapsed: 75.84s
f inputs x:[[ 0.33676261  0.19959656  0.06808859 -0.00406245]] ev:{} outputs y:1.066931989698736 (n:0.04179487716108842) c:1.0
num acquisition: 242, time elapsed: 76.55s
f inputs x:[[ 0.98728567  0.88683257  0.47669036 -0.57848617]] ev:{} outputs y:7.362915216410619 (n:0.039509839879723764) c:1.0
num acquisition: 243, time elapsed: 77.09s
f inputs x:[[ 0.41576175  1.          0.43639575 -0.30619146]] ev:{} outputs y:7.319609549681048 (n:0.02670249038941393) c:1.0
num acquisition: 244, time elapsed: 77.73s
f inputs x:[[ 0.33660343  0.19990597  0.06848694 -0.00395762]] ev:{} outputs y:1.0071168616014374 (n:-0.011582889279308567) c:1.0
num acquisition: 245, time elapsed: 78.43s
[ 0.34192671  0.22079975  0.08410477 -0.00453877]
