INFO:GP:initializing Y
INFO:GP:initializing inference method
INFO:GP:adding kernel and likelihood as parameters
removed robo import in opts.py l17 due to theano errors
f inputs x:[[-0.36647316  0.16109444  0.35268422  0.92297952]] ev:{} outputs y:5.5211063696724345 (n:0.06168312526130462) c:1.0
f inputs x:[[-0.22514814  0.99070342 -0.55421449  0.35476134]] ev:{} outputs y:8.092228150102931 (n:0.04399381372320983) c:1.0
f inputs x:[[-0.33255944 -0.90559344  0.34154328 -0.72992925]] ev:{} outputs y:7.428172740575614 (n:-0.006805326613403224) c:1.0
f inputs x:[[-0.36102135 -0.03025841  0.35479914 -0.40810695]] ev:{} outputs y:5.5785643359914125 (n:-0.058035757846408104) c:1.0
f inputs x:[[-0.18922284  0.15679725 -0.90765537  0.68666674]] ev:{} outputs y:6.639886626713676 (n:-0.06858791956149993) c:1.0
f inputs x:[[-0.39184501  0.18311239  0.36543947  0.90542261]] ev:{} outputs y:5.467926713295999 (n:0.09095067354679605) c:1.0
num acquisition: 1, time elapsed: 0.16s
f inputs x:[[-0.48266653  0.11692212  0.51279869  0.50586403]] ev:{} outputs y:4.983971916776279 (n:-0.08480343913006488) c:1.0
num acquisition: 2, time elapsed: 0.30s
f inputs x:[[-0.70880037  0.23882187  0.93986945  0.39521701]] ev:{} outputs y:7.2316755858136 (n:-0.007228446010491882) c:1.0
num acquisition: 3, time elapsed: 0.45s
f inputs x:[[-0.40427382  0.06779847  0.32341379  0.50306409]] ev:{} outputs y:4.713107272847745 (n:-0.00028265349658677263) c:1.0
num acquisition: 4, time elapsed: 0.60s
f inputs x:[[-0.17345387 -0.00139807  0.40115669  0.31022643]] ev:{} outputs y:4.294138299450219 (n:0.0010385889895956465) c:1.0
num acquisition: 5, time elapsed: 0.77s
f inputs x:[[0.21449935 0.0056341  0.47498979 0.26470451]] ev:{} outputs y:4.706616928205816 (n:-0.05148710631968889) c:1.0
num acquisition: 6, time elapsed: 0.95s
f inputs x:[[-0.12647505 -0.32937678  0.41175594  0.34557578]] ev:{} outputs y:4.387776186944551 (n:0.0637320565044204) c:1.0
num acquisition: 7, time elapsed: 1.09s
f inputs x:[[ 0.66008459 -0.9418285   0.77997556  0.74649272]] ev:{} outputs y:7.610616560579226 (n:0.021544068473866754) c:1.0
num acquisition: 8, time elapsed: 1.23s
f inputs x:[[-0.08893498 -0.17485353  0.21386343  0.17745661]] ev:{} outputs y:3.4941622980996843 (n:0.015797523608658767) c:1.0
num acquisition: 9, time elapsed: 1.40s
f inputs x:[[ 0.04173981 -0.24781711 -0.03478851  0.0931661 ]] ev:{} outputs y:3.8116220473168623 (n:-0.01755952135762808) c:1.0
num acquisition: 10, time elapsed: 1.59s
f inputs x:[[-0.25476426 -0.26038156  0.06495959  0.13011555]] ev:{} outputs y:4.444451923442915 (n:0.06518997391095892) c:1.0
num acquisition: 11, time elapsed: 1.77s
f inputs x:[[ 0.07398693 -0.15276592  0.18734212  0.08531352]] ev:{} outputs y:3.104369535494207 (n:-0.04599702511096136) c:1.0
num acquisition: 12, time elapsed: 2.00s
f inputs x:[[ 0.45789544 -0.07518548  0.10941108 -0.2625648 ]] ev:{} outputs y:4.986059799893175 (n:-0.013242703166506224) c:1.0
num acquisition: 13, time elapsed: 2.19s
f inputs x:[[ 0.09912155 -0.26900323  0.25712918  0.02110614]] ev:{} outputs y:3.9102061116661964 (n:0.002541108910575688) c:1.0
num acquisition: 14, time elapsed: 2.31s
f inputs x:[[ 0.09118399 -0.01959104  0.11644449  0.11143609]] ev:{} outputs y:2.526952236892503 (n:0.006652808860047443) c:1.0
num acquisition: 15, time elapsed: 2.47s
f inputs x:[[0.09800605 0.13227188 0.05205581 0.06721607]] ev:{} outputs y:2.2399080747559323 (n:-0.06186559849060026) c:1.0
num acquisition: 16, time elapsed: 2.62s
f inputs x:[[ 1.  1. -1. -1.]] ev:{} outputs y:9.064150414098263 (n:0.04419350770163522) c:1.0
num acquisition: 17, time elapsed: 2.77s
f inputs x:[[ 1. -1. -1.  1.]] ev:{} outputs y:9.005093204148608 (n:-0.01585420874532263) c:1.0
num acquisition: 18, time elapsed: 2.93s
f inputs x:[[-1.         -1.          0.78808954  1.        ]] ev:{} outputs y:8.446250997876023 (n:0.00952763528955696) c:1.0
num acquisition: 19, time elapsed: 3.08s
f inputs x:[[ 0.24323077  0.2000703  -0.03912058  0.1623556 ]] ev:{} outputs y:3.1086888633631604 (n:0.010286509430308361) c:1.0
num acquisition: 20, time elapsed: 3.26s
f inputs x:[[ 1.  1.  1. -1.]] ev:{} outputs y:8.549529377325701 (n:0.06853243592549345) c:1.0
num acquisition: 21, time elapsed: 3.42s
f inputs x:[[-1.          0.23230975 -1.         -1.        ]] ev:{} outputs y:8.675090233991021 (n:0.006634398451491669) c:1.0
num acquisition: 22, time elapsed: 3.60s
f inputs x:[[ 0.0276112   0.1384178   0.0515362  -0.01799737]] ev:{} outputs y:2.3588852587743676 (n:-0.07061161591892477) c:1.0
num acquisition: 23, time elapsed: 3.82s
f inputs x:[[-1. -1. -1.  1.]] ev:{} outputs y:9.07616502606172 (n:0.05422808680285818) c:1.0
num acquisition: 24, time elapsed: 4.00s
f inputs x:[[0.08860782 0.19016656 0.13696933 0.03476202]] ev:{} outputs y:2.858295073471443 (n:0.02878223318088964) c:1.0
num acquisition: 25, time elapsed: 4.19s
f inputs x:[[ 0.0447828   0.09229443 -0.02937962  0.05531034]] ev:{} outputs y:2.1644935863783235 (n:-0.03168532882545697) c:1.0
num acquisition: 26, time elapsed: 4.33s
f inputs x:[[ 1. -1. -1. -1.]] ev:{} outputs y:9.36627342799759 (n:-0.0019751281525593203) c:1.0
num acquisition: 27, time elapsed: 4.48s
f inputs x:[[1. 1. 1. 1.]] ev:{} outputs y:7.157122527006227 (n:-0.0772574966173194) c:1.0
num acquisition: 28, time elapsed: 4.63s
f inputs x:[[-1.  1.  1. -1.]] ev:{} outputs y:8.525691060294648 (n:0.042996769912776095) c:1.0
num acquisition: 29, time elapsed: 4.78s
f inputs x:[[ 1. -1.  1. -1.]] ev:{} outputs y:9.010612027674545 (n:-0.009344878722082573) c:1.0
num acquisition: 30, time elapsed: 4.98s
f inputs x:[[ 0.08056895  0.07980739 -0.02943379  0.01255372]] ev:{} outputs y:1.8163434166526096 (n:-0.005353017800219393) c:1.0
num acquisition: 31, time elapsed: 5.17s
f inputs x:[[ 0.09718831  0.09035804 -0.10951928 -0.06548872]] ev:{} outputs y:2.8048568037254515 (n:0.031927637589981704) c:1.0
num acquisition: 32, time elapsed: 5.39s
f inputs x:[[ 0.02471793  0.09655224 -0.01535172  0.06953938]] ev:{} outputs y:2.321286249833081 (n:0.027137899136968863) c:1.0
num acquisition: 33, time elapsed: 5.55s
f inputs x:[[ 0.03819207  0.09140615 -0.00706151  0.05790478]] ev:{} outputs y:2.1286882252593218 (n:-0.007249887965765026) c:1.0
num acquisition: 34, time elapsed: 5.72s
f inputs x:[[ 1.  1. -1.  1.]] ev:{} outputs y:8.426522112255107 (n:-0.05617217812676433) c:1.0
num acquisition: 35, time elapsed: 5.90s
f inputs x:[[-1. -1.  1. -1.]] ev:{} outputs y:9.050572779768144 (n:0.029625366874214434) c:1.0
num acquisition: 36, time elapsed: 6.10s
f inputs x:[[ 0.03424863  0.09192549 -0.0091326   0.06140087]] ev:{} outputs y:2.268395195796762 (n:0.0949534346167501) c:1.0
num acquisition: 37, time elapsed: 6.28s
f inputs x:[[ 0.04044238  0.08800222 -0.0055269   0.05759114]] ev:{} outputs y:2.1089202371855005 (n:0.01438846383269257) c:1.0
num acquisition: 38, time elapsed: 6.42s
f inputs x:[[ 0.04339512  0.08289996 -0.00390935  0.05808724]] ev:{} outputs y:2.102029832031623 (n:0.060112070263329924) c:1.0
num acquisition: 39, time elapsed: 6.59s
f inputs x:[[ 0.04805642  0.07735103 -0.00154816  0.05712814]] ev:{} outputs y:1.9581044109392574 (n:-0.014309229573972347) c:1.0
num acquisition: 40, time elapsed: 6.78s
f inputs x:[[ 0.05031261  0.0721412  -0.00046779  0.05797275]] ev:{} outputs y:1.9215055440794666 (n:-0.006347960941008775) c:1.0
num acquisition: 41, time elapsed: 6.97s
f inputs x:[[-1.  1. -1.  1.]] ev:{} outputs y:8.387875306573864 (n:-0.09651345667718281) c:1.0
num acquisition: 42, time elapsed: 7.14s
f inputs x:[[-1.  1.  1.  1.]] ev:{} outputs y:7.153528805987175 (n:-0.08674316111385433) c:1.0
num acquisition: 43, time elapsed: 7.32s
f inputs x:[[ 0.04846263  0.07042264 -0.00208356  0.06152833]] ev:{} outputs y:1.9355519583724026 (n:-0.011520637842864659) c:1.0
num acquisition: 44, time elapsed: 7.48s
f inputs x:[[ 0.0526704   0.06451794 -0.0004305   0.06124403]] ev:{} outputs y:2.0242371460724486 (n:0.1357079398083785) c:1.0
num acquisition: 45, time elapsed: 7.63s
f inputs x:[[0.06065732 0.05803809 0.00324863 0.05621823]] ev:{} outputs y:1.8453459515496453 (n:0.06531003716553836) c:1.0
num acquisition: 46, time elapsed: 7.80s
f inputs x:[[-1. -1. -1. -1.]] ev:{} outputs y:9.331802336342351 (n:-0.03714551321225979) c:1.0
num acquisition: 47, time elapsed: 7.94s
f inputs x:[[1.         0.10349074 0.13691306 1.        ]] ev:{} outputs y:7.599936837664302 (n:0.007801847583165282) c:1.0
num acquisition: 48, time elapsed: 8.10s
f inputs x:[[1.         0.18866771 1.         0.07728337]] ev:{} outputs y:8.225671261806111 (n:0.08155780138144103) c:1.0
num acquisition: 49, time elapsed: 8.25s
f inputs x:[[0.01339123 1.         1.         1.        ]] ev:{} outputs y:7.1591966546562515 (n:-0.04464705945523508) c:1.0
num acquisition: 50, time elapsed: 8.41s
f inputs x:[[0.06134946 0.05588882 0.00261785 0.05867195]] ev:{} outputs y:1.7249478652297403 (n:-0.06025456956824811) c:1.0
num acquisition: 51, time elapsed: 8.60s
f inputs x:[[-1.          0.04464752 -0.03530078  1.        ]] ev:{} outputs y:7.62089586133309 (n:-0.035232806418437526) c:1.0
num acquisition: 52, time elapsed: 8.74s
f inputs x:[[-0.13992137  1.          0.02211772 -1.        ]] ev:{} outputs y:7.756523692094228 (n:-0.08056965423525642) c:1.0
num acquisition: 53, time elapsed: 8.91s
f inputs x:[[-0.05751241 -0.30045512  1.          1.        ]] ev:{} outputs y:6.530423006083953 (n:-0.13511740487960233) c:1.0
num acquisition: 54, time elapsed: 9.11s
f inputs x:[[ 0.05729955  0.05644624 -0.00110486  0.06596493]] ev:{} outputs y:1.8541885527612578 (n:-0.010216474710963685) c:1.0
num acquisition: 55, time elapsed: 9.32s
f inputs x:[[0.11622617 0.02253341 0.01627686 0.00273041]] ev:{} outputs y:1.2705724717056983 (n:0.007773655961756722) c:1.0
num acquisition: 56, time elapsed: 9.46s
f inputs x:[[ 1.          0.02205687 -1.          0.12602922]] ev:{} outputs y:8.212019494962647 (n:-0.005003351507487387) c:1.0
num acquisition: 57, time elapsed: 9.62s
f inputs x:[[1.         1.         0.08201089 0.12419867]] ev:{} outputs y:7.697704088388531 (n:0.052396644334774284) c:1.0
num acquisition: 58, time elapsed: 9.78s
f inputs x:[[-0.22876994 -1.          1.          0.0819526 ]] ev:{} outputs y:7.8159281013823785 (n:-0.05102808561325825) c:1.0
num acquisition: 59, time elapsed: 9.99s
f inputs x:[[ 0.13321699 -0.00047161  0.03763219 -0.03765557]] ev:{} outputs y:1.635978382485433 (n:-0.019367500809740656) c:1.0
num acquisition: 60, time elapsed: 10.18s
f inputs x:[[-1.          1.          0.1910401   0.02516875]] ev:{} outputs y:7.5733036925273005 (n:0.013340943097405309) c:1.0
num acquisition: 61, time elapsed: 10.33s
f inputs x:[[ 0.04479045  0.07786397  1.         -1.        ]] ev:{} outputs y:8.367303230688787 (n:-0.0017672761121017109) c:1.0
num acquisition: 62, time elapsed: 10.49s
f inputs x:[[ 0.01258756 -1.         -0.11534364  1.        ]] ev:{} outputs y:7.8238442091304705 (n:-0.11078148680975253) c:1.0
num acquisition: 63, time elapsed: 10.65s
f inputs x:[[ 1.         -1.         -0.01411975 -0.00936572]] ev:{} outputs y:8.554391279227817 (n:-0.09254567378275363) c:1.0
num acquisition: 64, time elapsed: 10.80s
f inputs x:[[-1.  1. -1. -1.]] ev:{} outputs y:9.101786937890958 (n:0.08083952499702751) c:1.0
num acquisition: 65, time elapsed: 11.02s
f inputs x:[[ 0.16452394  0.01744047 -0.00265413  0.02166284]] ev:{} outputs y:1.465683058909971 (n:0.033709533528689904) c:1.0
num acquisition: 66, time elapsed: 11.22s
f inputs x:[[ 0.03738475  1.          1.         -0.07811847]] ev:{} outputs y:7.910212312441179 (n:-0.01917660019991177) c:1.0
num acquisition: 67, time elapsed: 11.42s
f inputs x:[[-1.         -1.         -0.00626172 -0.01332421]] ev:{} outputs y:8.715195342239795 (n:0.06920263077917964) c:1.0
num acquisition: 68, time elapsed: 11.61s
f inputs x:[[-0.02268887 -1.         -1.         -0.00982837]] ev:{} outputs y:8.738238230225296 (n:0.019939181316116772) c:1.0
num acquisition: 69, time elapsed: 11.83s
f inputs x:[[0.16967486 1.         0.03534056 1.        ]] ev:{} outputs y:7.815258982540251 (n:-0.0052320219534085135) c:1.0
num acquisition: 70, time elapsed: 12.04s
f inputs x:[[ 1.         -0.18020828  1.          1.        ]] ev:{} outputs y:7.993801806005612 (n:0.01663575730726413) c:1.0
num acquisition: 71, time elapsed: 12.24s
f inputs x:[[ 1.          0.17680323 -0.03017111 -1.        ]] ev:{} outputs y:7.526964132783495 (n:-0.02102982368617936) c:1.0
num acquisition: 72, time elapsed: 12.45s
f inputs x:[[-1.          0.00959126  0.17316556 -1.        ]] ev:{} outputs y:7.638071689519617 (n:-0.07594764183790514) c:1.0
num acquisition: 73, time elapsed: 12.65s
f inputs x:[[-1.          0.08580475 -1.          0.18925651]] ev:{} outputs y:8.224898123691423 (n:0.059696241269206175) c:1.0
num acquisition: 74, time elapsed: 12.86s
f inputs x:[[0.14082223 0.01991493 0.01055816 0.00918888]] ev:{} outputs y:1.2461811445519524 (n:-0.044949928057520856) c:1.0
num acquisition: 75, time elapsed: 13.07s
f inputs x:[[ 4.67729575e-01 -5.91142611e-04 -1.00000000e+00  1.00000000e+00]] ev:{} outputs y:6.949401640141678 (n:0.06613641129239908) c:1.0
num acquisition: 76, time elapsed: 13.29s
f inputs x:[[0.15209144 0.02071935 0.00942081 0.0112498 ]] ev:{} outputs y:1.3711984960101509 (n:0.05405392278403581) c:1.0
num acquisition: 77, time elapsed: 13.53s
f inputs x:[[0.1506396  0.02102749 0.00902398 0.01173407]] ev:{} outputs y:1.333759605107417 (n:0.0220227153725093) c:1.0
num acquisition: 78, time elapsed: 13.76s
f inputs x:[[-1.          1.          0.09894439  1.        ]] ev:{} outputs y:7.737239073616057 (n:-0.07425086665017692) c:1.0
num acquisition: 79, time elapsed: 13.99s
f inputs x:[[0.15151969 0.02161159 0.00862452 0.0124991 ]] ev:{} outputs y:1.2424226931871563 (n:-0.06953569275388559) c:1.0
num acquisition: 80, time elapsed: 14.25s
f inputs x:[[0.15958055 0.02295509 0.00806835 0.01381768]] ev:{} outputs y:1.3759442886963307 (n:0.04484130483480013) c:1.0
num acquisition: 81, time elapsed: 14.55s
f inputs x:[[0.15556527 0.02225933 0.00804228 0.01343357]] ev:{} outputs y:1.284758514508544 (n:-0.03703412452893519) c:1.0
num acquisition: 82, time elapsed: 14.78s
f inputs x:[[0.15824768 0.02320242 0.00779692 0.01413225]] ev:{} outputs y:1.338496979889175 (n:0.012933955211364298) c:1.0
num acquisition: 83, time elapsed: 15.09s
f inputs x:[[0.15688151 0.02339629 0.00779366 0.01420831]] ev:{} outputs y:1.3800503168716938 (n:0.06009013277199975) c:1.0
num acquisition: 84, time elapsed: 15.35s
f inputs x:[[0.15422527 0.02268297 0.00772888 0.01391393]] ev:{} outputs y:1.3227977771498338 (n:0.006779187169942919) c:1.0
num acquisition: 85, time elapsed: 15.63s
f inputs x:[[-1.         -0.26452742  1.         -0.21756975]] ev:{} outputs y:8.40844493109467 (n:-0.05058341867511565) c:1.0
num acquisition: 86, time elapsed: 15.84s
f inputs x:[[0.15404692 0.02291038 0.00762294 0.0141494 ]] ev:{} outputs y:1.3199193250487027 (n:0.005311190958962998) c:1.0
num acquisition: 87, time elapsed: 16.13s
f inputs x:[[ 0.17697259 -0.02107313 -1.         -1.        ]] ev:{} outputs y:8.349665315136102 (n:-0.0240408712139975) c:1.0
num acquisition: 88, time elapsed: 16.35s
f inputs x:[[-1.         -0.04083547  1.          1.        ]] ev:{} outputs y:7.903033887741426 (n:-0.0053048382667916436) c:1.0
num acquisition: 89, time elapsed: 16.58s
f inputs x:[[0.15419204 0.02318112 0.00758517 0.01425271]] ev:{} outputs y:1.3180099282212416 (n:0.004549189982217031) c:1.0
num acquisition: 90, time elapsed: 16.84s
f inputs x:[[ 0.36894605 -1.         -0.0444135  -1.        ]] ev:{} outputs y:8.053712665297338 (n:0.06191898130163484) c:1.0
num acquisition: 91, time elapsed: 17.06s
f inputs x:[[ 0.02139769 -0.13732372  1.          0.0299764 ]] ev:{} outputs y:7.606018976818005 (n:-0.04767850282529577) c:1.0
num acquisition: 92, time elapsed: 17.26s
f inputs x:[[ 0.54148233 -0.04474372 -0.1003203   0.16306983]] ev:{} outputs y:5.240520051681702 (n:-0.01361890664349632) c:1.0
num acquisition: 93, time elapsed: 17.52s
f inputs x:[[ 0.51052773  1.         -1.         -0.0054445 ]] ev:{} outputs y:8.600753570684486 (n:-0.05928827922809424) c:1.0
num acquisition: 94, time elapsed: 17.77s
f inputs x:[[ 1.          1.          0.03561344 -1.        ]] ev:{} outputs y:7.845063106718714 (n:-0.01237801573461555) c:1.0
num acquisition: 95, time elapsed: 17.98s
f inputs x:[[-1.          0.10145821  0.14049695  0.03014279]] ev:{} outputs y:7.372867043354479 (n:-0.009059988123449533) c:1.0
num acquisition: 96, time elapsed: 18.17s
f inputs x:[[ 1.         -1.          0.08638968  1.        ]] ev:{} outputs y:8.695283498260844 (n:0.007615095619201713) c:1.0
num acquisition: 97, time elapsed: 18.39s
f inputs x:[[ 0.04993692 -0.04176426 -0.29867733  1.        ]] ev:{} outputs y:5.785555094403695 (n:0.0017536630224992706) c:1.0
num acquisition: 98, time elapsed: 18.64s
f inputs x:[[-1.          1.         -1.         -0.00120337]] ev:{} outputs y:8.694848105259783 (n:-0.02761195751730497) c:1.0
num acquisition: 99, time elapsed: 18.87s
f inputs x:[[0.15212913 0.02529382 0.00983411 0.01219585]] ev:{} outputs y:1.2378710063141114 (n:-0.051065387912282684) c:1.0
num acquisition: 100, time elapsed: 19.15s
f inputs x:[[0.26928882 0.29314573 0.6906125  1.        ]] ev:{} outputs y:4.81630643252594 (n:0.015476978667767177) c:1.0
num acquisition: 101, time elapsed: 19.37s
f inputs x:[[ 0.00671746  1.         -1.          1.        ]] ev:{} outputs y:8.464359398062987 (n:-0.009720043962567254) c:1.0
num acquisition: 102, time elapsed: 19.62s
f inputs x:[[ 1.         -1.          1.          0.03230433]] ev:{} outputs y:8.749563243525262 (n:0.03780001338589706) c:1.0
num acquisition: 103, time elapsed: 19.90s
f inputs x:[[-0.12318767 -0.53115066 -1.          1.        ]] ev:{} outputs y:7.3609556344021065 (n:-0.049750209002934004) c:1.0
num acquisition: 104, time elapsed: 20.14s
f inputs x:[[ 0.2595291  -0.22594298  0.3729817   1.        ]] ev:{} outputs y:5.657154110469134 (n:-0.05873329107617301) c:1.0
num acquisition: 105, time elapsed: 20.40s
f inputs x:[[-1.          0.02593543 -1.          1.        ]] ev:{} outputs y:7.8919468203105465 (n:0.022288990844326166) c:1.0
num acquisition: 106, time elapsed: 20.67s
f inputs x:[[-0.04423623 -0.08911318  0.04719352 -1.        ]] ev:{} outputs y:6.0721976820231385 (n:0.004449253568527794) c:1.0
num acquisition: 107, time elapsed: 20.86s
f inputs x:[[-1.          1.          1.          0.05762436]] ev:{} outputs y:7.86758163345208 (n:0.006076252664203674) c:1.0
num acquisition: 108, time elapsed: 21.19s
f inputs x:[[1.         1.         0.11446538 1.        ]] ev:{} outputs y:7.807465843637582 (n:0.011929737693930001) c:1.0
num acquisition: 109, time elapsed: 21.45s
f inputs x:[[-1.         -1.         -0.02652237 -1.        ]] ev:{} outputs y:8.753179684187776 (n:0.03010359359886849) c:1.0
num acquisition: 110, time elapsed: 21.66s
f inputs x:[[-0.04506229  0.50839047  0.64262995  0.51113779]] ev:{} outputs y:5.08630529072006 (n:0.003124861432771236) c:1.0
num acquisition: 111, time elapsed: 21.82s
f inputs x:[[1.         1.         1.         0.12169555]] ev:{} outputs y:7.865084362918088 (n:0.048273259913244874) c:1.0
num acquisition: 112, time elapsed: 22.04s
f inputs x:[[ 0.27894151  0.40908199  0.42666756 -0.56018172]] ev:{} outputs y:5.9523968039709985 (n:-0.027644607357756486) c:1.0
num acquisition: 113, time elapsed: 22.20s
f inputs x:[[ 0.04137248 -1.          1.         -1.        ]] ev:{} outputs y:8.510691436350772 (n:0.03600905293162069) c:1.0
num acquisition: 114, time elapsed: 22.37s
f inputs x:[[-0.04652982 -1.          1.          1.        ]] ev:{} outputs y:7.163600721287355 (n:-0.04948294653365522) c:1.0
num acquisition: 115, time elapsed: 22.60s
f inputs x:[[-0.19882774  0.35989176  1.          1.        ]] ev:{} outputs y:6.623578485856697 (n:0.03896967376018604) c:1.0
num acquisition: 116, time elapsed: 22.83s
f inputs x:[[ 0.94634526 -0.01872943  0.566894   -0.99550486]] ev:{} outputs y:7.9327962906626475 (n:0.022810404307949526) c:1.0
num acquisition: 117, time elapsed: 23.01s
f inputs x:[[ 0.05885826  0.96018071  0.01883495 -0.23849391]] ev:{} outputs y:7.534561080192446 (n:-0.0014088251338472404) c:1.0
num acquisition: 118, time elapsed: 23.18s
f inputs x:[[0.62417023 0.5116174  0.47739452 0.70489356]] ev:{} outputs y:4.066861151131114 (n:-0.038770550321365504) c:1.0
num acquisition: 119, time elapsed: 23.35s
f inputs x:[[0.47019597 0.45711958 1.         0.628077  ]] ev:{} outputs y:6.84032521767033 (n:-0.052332588862430085) c:1.0
num acquisition: 120, time elapsed: 23.59s
f inputs x:[[0.29403099 0.33545146 0.2389135  0.76431355]] ev:{} outputs y:5.181303504422135 (n:-0.05445852765801547) c:1.0
num acquisition: 121, time elapsed: 23.86s
f inputs x:[[0.58622791 0.4495427  0.35948637 0.16738012]] ev:{} outputs y:3.4673487423099223 (n:-0.042584944946686625) c:1.0
num acquisition: 122, time elapsed: 24.16s
f inputs x:[[0.15600715 0.02702364 0.01369935 0.00965718]] ev:{} outputs y:1.2856793147929757 (n:7.774168748262746e-06) c:1.0
num acquisition: 123, time elapsed: 24.56s
f inputs x:[[0.4255146  0.79333454 0.43976476 0.37584981]] ev:{} outputs y:5.908127260042016 (n:-0.029243557130005378) c:1.0
num acquisition: 124, time elapsed: 24.79s
f inputs x:[[0.15810617 0.03023099 0.01587642 0.00887253]] ev:{} outputs y:1.3141819207914762 (n:0.04184993336034117) c:1.0
num acquisition: 125, time elapsed: 25.18s
f inputs x:[[0.15826306 0.03106925 0.01623776 0.00879378]] ev:{} outputs y:1.2535385659235423 (n:-0.014444587164958507) c:1.0
num acquisition: 126, time elapsed: 25.50s
f inputs x:[[0.16247612 0.03521715 0.01931583 0.00697365]] ev:{} outputs y:1.3019128400514253 (n:0.04577907155351494) c:1.0
num acquisition: 127, time elapsed: 25.93s
f inputs x:[[0.16302415 0.0363129  0.01989895 0.00669838]] ev:{} outputs y:1.2255524907830369 (n:-0.026333739008716234) c:1.0
num acquisition: 128, time elapsed: 26.24s
f inputs x:[[0.17017927 0.04226449 0.02446496 0.00358162]] ev:{} outputs y:1.253536917102685 (n:0.0102769657374066) c:1.0
num acquisition: 129, time elapsed: 26.66s
f inputs x:[[0.17463033 0.04613503 0.02720762 0.00164839]] ev:{} outputs y:1.272079980032153 (n:0.03227687266613654) c:1.0
num acquisition: 130, time elapsed: 26.99s
f inputs x:[[0.17533119 0.0472044  0.02775568 0.00131505]] ev:{} outputs y:1.3149019339602757 (n:0.07767601733231955) c:1.0
num acquisition: 131, time elapsed: 27.46s
f inputs x:[[0.17150558 0.0445792  0.02566399 0.00292428]] ev:{} outputs y:1.311434774274219 (n:0.07487058573170478) c:1.0
num acquisition: 132, time elapsed: 27.94s
f inputs x:[[0.16971752 0.04348039 0.02469341 0.003681  ]] ev:{} outputs y:1.2035511330508253 (n:-0.032536208710960045) c:1.0
num acquisition: 133, time elapsed: 28.46s
f inputs x:[[0.17381232 0.04657123 0.0270511  0.00188828]] ev:{} outputs y:1.2238702406888713 (n:-0.011032044742709576) c:1.0
num acquisition: 134, time elapsed: 28.79s
f inputs x:[[0.17694965 0.04909564 0.02881919 0.00054067]] ev:{} outputs y:1.2230628551719864 (n:-0.011112381556100259) c:1.0
num acquisition: 135, time elapsed: 29.39s
f inputs x:[[ 0.18014219  0.05155428  0.03048476 -0.00078055]] ev:{} outputs y:1.2112317158884893 (n:-0.02321822246513214) c:1.0
num acquisition: 136, time elapsed: 29.83s
f inputs x:[[ 0.18438859  0.05445367  0.0324686  -0.00242968]] ev:{} outputs y:1.3149847913577486 (n:0.07781552793915011) c:1.0
num acquisition: 137, time elapsed: 30.35s
f inputs x:[[ 0.1786408   0.05085935  0.02993027 -0.00027661]] ev:{} outputs y:1.075557948361673 (n:-0.15710559052149242) c:1.0
num acquisition: 138, time elapsed: 30.94s
f inputs x:[[ 0.19002168  0.05511568  0.03474121 -0.00477709]] ev:{} outputs y:1.244349930075501 (n:-0.018320550608458358) c:1.0
num acquisition: 139, time elapsed: 31.50s
f inputs x:[[ 0.18936878  0.05515312  0.03449275 -0.00454222]] ev:{} outputs y:1.2299378404528958 (n:-0.02883012826562143) c:1.0
num acquisition: 140, time elapsed: 31.86s
f inputs x:[[ 0.19000071  0.05583435  0.03478654 -0.00475773]] ev:{} outputs y:1.2443222619299457 (n:-0.013524529525174512) c:1.0
num acquisition: 141, time elapsed: 32.23s
f inputs x:[[ 0.18936605  0.05586721  0.03456194 -0.0045359 ]] ev:{} outputs y:1.2952382673187173 (n:0.04096964266051567) c:1.0
num acquisition: 142, time elapsed: 32.75s
f inputs x:[[ 0.1860244   0.05411555  0.03316152 -0.00334485]] ev:{} outputs y:1.2409628595090838 (n:-0.0069259378784476315) c:1.0
num acquisition: 143, time elapsed: 33.35s
f inputs x:[[ 0.18596682  0.05445351  0.03319653 -0.00333813]] ev:{} outputs y:1.2547888984974112 (n:0.009040512482356045) c:1.0
num acquisition: 144, time elapsed: 33.81s
f inputs x:[[ 0.18538703  0.05445065  0.03299617 -0.00312758]] ev:{} outputs y:1.333771353783463 (n:0.09070503940536284) c:1.0
num acquisition: 145, time elapsed: 34.20s
f inputs x:[[ 0.18318434  0.05240579  0.03176237 -0.00213466]] ev:{} outputs y:1.2430226020346444 (n:-0.00028286423728349284) c:1.0
num acquisition: 146, time elapsed: 34.65s
f inputs x:[[ 0.18313188  0.05273815  0.03182135 -0.00214089]] ev:{} outputs y:1.2523811866996741 (n:0.010970652488089842) c:1.0
num acquisition: 147, time elapsed: 35.07s
f inputs x:[[ 0.18287236  0.05292274  0.03177427 -0.00206108]] ev:{} outputs y:1.2523512772778895 (n:0.01297867685285354) c:1.0
num acquisition: 148, time elapsed: 35.47s
f inputs x:[[ 0.18261062  0.05310103  0.03173284 -0.00198351]] ev:{} outputs y:1.1899710427618888 (n:-0.047464866817460497) c:1.0
num acquisition: 149, time elapsed: 35.84s
f inputs x:[[ 0.18361405  0.05395158  0.03227053 -0.0024777 ]] ev:{} outputs y:1.1964456595726212 (n:-0.04121557818441752) c:1.0
num acquisition: 150, time elapsed: 36.47s
f inputs x:[[ 0.1845074   0.05478748  0.03274208 -0.00292717]] ev:{} outputs y:1.1931966696698673 (n:-0.044247992519987185) c:1.0
num acquisition: 151, time elapsed: 37.12s
f inputs x:[[ 0.18553849  0.05569917  0.03323951 -0.00343862]] ev:{} outputs y:1.2401231297409079 (n:0.0027659721126527402) c:1.0
num acquisition: 152, time elapsed: 37.54s
f inputs x:[[ 0.18537229  0.05593019  0.03323723 -0.00340909]] ev:{} outputs y:1.2915368911991931 (n:0.05597263020067218) c:1.0
num acquisition: 153, time elapsed: 38.13s
f inputs x:[[ 0.18435529  0.05509423  0.03276126 -0.00288427]] ev:{} outputs y:1.21957890951508 (n:-0.01574804318630546) c:1.0
num acquisition: 154, time elapsed: 38.63s
f inputs x:[[ 0.18458505  0.05561189  0.03294794 -0.00305489]] ev:{} outputs y:1.2155911835308193 (n:-0.018303985107835645) c:1.0
num acquisition: 155, time elapsed: 39.16s
f inputs x:[[ 0.18487303  0.05618408  0.03315551 -0.00326697]] ev:{} outputs y:1.1786967728738222 (n:-0.05375330954311346) c:1.0
num acquisition: 156, time elapsed: 39.63s
f inputs x:[[ 0.18603767  0.05721763  0.03366215 -0.00390532]] ev:{} outputs y:1.2523277740390997 (n:0.02012968347157065) c:1.0
num acquisition: 157, time elapsed: 40.17s
f inputs x:[[ 0.18557596  0.05712522  0.03353336 -0.00371138]] ev:{} outputs y:1.3103153931288436 (n:0.07941549749353478) c:1.0
num acquisition: 158, time elapsed: 40.75s
f inputs x:[[ 0.18462492  0.05578717  0.03300399 -0.00303996]] ev:{} outputs y:1.3059017369730028 (n:0.07268857685320788) c:1.0
num acquisition: 159, time elapsed: 41.35s
f inputs x:[[ 0.18394095  0.05491677  0.0325723  -0.00261753]] ev:{} outputs y:1.1772160421877926 (n:-0.05702598779696279) c:1.0
num acquisition: 160, time elapsed: 41.93s
f inputs x:[[ 0.18484084  0.05558972  0.03298613 -0.00303973]] ev:{} outputs y:1.2250333537944467 (n:-0.00967325321419912) c:1.0
num acquisition: 161, time elapsed: 42.38s
f inputs x:[[ 0.18490227  0.05593165  0.03308071 -0.00311394]] ev:{} outputs y:1.252290911127265 (n:0.018902897828429327) c:1.0
num acquisition: 162, time elapsed: 42.96s
f inputs x:[[ 0.18457724  0.05594378  0.03300042 -0.002998  ]] ev:{} outputs y:1.2028480748409052 (n:-0.029271866857266838) c:1.0
num acquisition: 163, time elapsed: 43.51s
f inputs x:[[ 0.1849426   0.05649421  0.03322017 -0.00323438]] ev:{} outputs y:1.2652202130579029 (n:0.03416115628847755) c:1.0
num acquisition: 164, time elapsed: 44.19s
f inputs x:[[ 0.18450271  0.05628453  0.03306611 -0.00302818]] ev:{} outputs y:1.221466463936106 (n:-0.00891769624124236) c:1.0
num acquisition: 165, time elapsed: 44.66s
f inputs x:[[ 0.1845328   0.05665024  0.0331635  -0.0031185 ]] ev:{} outputs y:1.2173707018399031 (n:-0.01159802925377971) c:1.0
num acquisition: 166, time elapsed: 45.16s
f inputs x:[[ 1.          0.32051102  0.21395444 -0.0618832 ]] ev:{} outputs y:7.2002763787702415 (n:0.057948295218082695) c:1.0
num acquisition: 167, time elapsed: 45.57s
f inputs x:[[-1.          1.          0.02216759 -1.        ]] ev:{} outputs y:7.80864973661875 (n:-0.06020828113738785) c:1.0
num acquisition: 168, time elapsed: 46.01s
f inputs x:[[ 0.18500392  0.05645419  0.03351951 -0.0032614 ]] ev:{} outputs y:1.1866514607235588 (n:-0.046477361214084245) c:1.0
num acquisition: 169, time elapsed: 46.47s
f inputs x:[[ 0.18564278  0.05708792  0.0338795  -0.00362032]] ev:{} outputs y:1.1601684903297946 (n:-0.07290977869022747) c:1.0
num acquisition: 170, time elapsed: 47.04s
f inputs x:[[-0.03622174 -1.         -1.         -1.        ]] ev:{} outputs y:9.024920764623912 (n:0.008687878666598025) c:1.0
num acquisition: 171, time elapsed: 47.44s
f inputs x:[[-0.01077027  1.         -1.         -1.        ]] ev:{} outputs y:8.897146416284464 (n:-0.11777940182443683) c:1.0
num acquisition: 172, time elapsed: 47.83s
f inputs x:[[ 0.18722758  0.05775146  0.03443988 -0.00434912]] ev:{} outputs y:1.2498566560999704 (n:0.01346807057277527) c:1.0
num acquisition: 173, time elapsed: 48.35s
f inputs x:[[-0.00127243  1.          1.         -1.        ]] ev:{} outputs y:8.493943837819396 (n:0.021554003122182638) c:1.0
num acquisition: 174, time elapsed: 48.73s
f inputs x:[[ 1.         -1.         -1.          0.01775357]] ev:{} outputs y:9.121445315998315 (n:-0.042097027658598164) c:1.0
num acquisition: 175, time elapsed: 49.21s
f inputs x:[[ 0.18701784  0.05749896  0.03436374 -0.00426782]] ev:{} outputs y:1.271051802187955 (n:0.034107737500758045) c:1.0
num acquisition: 176, time elapsed: 49.77s
f inputs x:[[ 0.18632058  0.057139    0.03408663 -0.00395581]] ev:{} outputs y:1.2398236097396054 (n:0.004122036906020503) c:1.0
num acquisition: 177, time elapsed: 50.40s
f inputs x:[[ 0.18611658  0.05725262  0.03405578 -0.00389819]] ev:{} outputs y:1.223344515274501 (n:-0.011035181811062304) c:1.0
num acquisition: 178, time elapsed: 50.87s
f inputs x:[[ 1.          0.01079333 -1.         -1.        ]] ev:{} outputs y:8.794261892227238 (n:0.08325739804118051) c:1.0
num acquisition: 179, time elapsed: 51.27s
f inputs x:[[-1.         -1.         -0.07502094  1.        ]] ev:{} outputs y:8.751120653347044 (n:0.015944613631265075) c:1.0
num acquisition: 180, time elapsed: 51.62s
f inputs x:[[ 0.18639741  0.05732218  0.03419521 -0.00401475]] ev:{} outputs y:1.240406827842505 (n:0.004942230193499029) c:1.0
num acquisition: 181, time elapsed: 52.11s
f inputs x:[[-1.         0.0819328  1.        -1.       ]] ev:{} outputs y:8.656296594554146 (n:-0.03282578996916475) c:1.0
num acquisition: 182, time elapsed: 52.51s
f inputs x:[[ 0.18633259  0.05730423  0.03418254 -0.00396071]] ev:{} outputs y:1.2736170489724268 (n:0.038321626630819776) c:1.0
num acquisition: 183, time elapsed: 53.02s
f inputs x:[[-0.07821138 -0.91235693  0.38227201  0.17865972]] ev:{} outputs y:7.014108889498121 (n:0.0028353733327351254) c:1.0
num acquisition: 184, time elapsed: 53.34s
f inputs x:[[ 0.18600702  0.05685733  0.03398155 -0.0037353 ]] ev:{} outputs y:1.2744428031212447 (n:0.038571662583572475) c:1.0
num acquisition: 185, time elapsed: 54.05s
f inputs x:[[ 0.18552042  0.05658279  0.03374893 -0.00351123]] ev:{} outputs y:1.2949071970408061 (n:0.059952337186313966) c:1.0
num acquisition: 186, time elapsed: 54.58s
f inputs x:[[-0.40296763  0.87804301  0.47367316  0.87252092]] ev:{} outputs y:6.574097086527536 (n:0.003650130922334563) c:1.0
num acquisition: 187, time elapsed: 54.93s
f inputs x:[[-0.88207847 -0.96336848  0.85512125  0.14160134]] ev:{} outputs y:8.246485984441582 (n:-0.04505983334164425) c:1.0
num acquisition: 188, time elapsed: 55.30s
f inputs x:[[0.79664038 0.26693318 0.45687868 0.48564511]] ev:{} outputs y:6.195518633354503 (n:-0.000882958873899027) c:1.0
num acquisition: 189, time elapsed: 55.68s
f inputs x:[[ 0.18543059  0.05670068  0.03333135 -0.00326639]] ev:{} outputs y:1.2607087991040078 (n:0.029329489458015515) c:1.0
num acquisition: 190, time elapsed: 56.25s
f inputs x:[[ 0.18509018  0.05660532  0.03324409 -0.00314158]] ev:{} outputs y:1.2264279617016205 (n:-0.004248295491079487) c:1.0
num acquisition: 191, time elapsed: 56.88s
f inputs x:[[ 0.18503591  0.05683381  0.0332859  -0.00316795]] ev:{} outputs y:1.306711265037417 (n:0.07720138597381433) c:1.0
num acquisition: 192, time elapsed: 57.58s
f inputs x:[[ 0.1847692   0.05615905  0.03306095 -0.00292525]] ev:{} outputs y:1.307733671827434 (n:0.07629789633316533) c:1.0
num acquisition: 193, time elapsed: 58.16s
f inputs x:[[ 0.18451609  0.05561447  0.03284019 -0.0027535 ]] ev:{} outputs y:1.2210608714760907 (n:-0.011715170729905196) c:1.0
num acquisition: 194, time elapsed: 58.60s
f inputs x:[[ 0.18452091  0.05583313  0.03290152 -0.00278019]] ev:{} outputs y:1.1324032412108918 (n:-0.09944954488941013) c:1.0
num acquisition: 195, time elapsed: 59.15s
f inputs x:[[ 0.18596586  0.05623119  0.03327172 -0.00326926]] ev:{} outputs y:1.264319903836748 (n:0.029427997336678915) c:1.0
num acquisition: 196, time elapsed: 59.77s
f inputs x:[[ 0.18556463  0.0561474   0.03317953 -0.00315775]] ev:{} outputs y:1.146325423257995 (n:-0.0876283825587083) c:1.0
num acquisition: 197, time elapsed: 60.52s
f inputs x:[[ 0.18700304  0.05658401  0.03351274 -0.0035921 ]] ev:{} outputs y:1.3311333182751588 (n:0.09451549019833973) c:1.0
num acquisition: 198, time elapsed: 61.07s
f inputs x:[[ 0.18600839  0.05573739  0.03322382 -0.00334488]] ev:{} outputs y:1.2050828098758146 (n:-0.03277667915580465) c:1.0
num acquisition: 199, time elapsed: 61.74s
f inputs x:[[-1.         -1.         -1.          0.01520562]] ev:{} outputs y:9.045608710450008 (n:-0.11924623608085405) c:1.0
num acquisition: 200, time elapsed: 62.13s
f inputs x:[[ 0.18649547  0.05589486  0.03335622 -0.00347982]] ev:{} outputs y:1.1940053809428568 (n:-0.044819340273255126) c:1.0
num acquisition: 201, time elapsed: 62.61s
f inputs x:[[ 0.51556383  0.37060013  0.63929932 -0.04964359]] ev:{} outputs y:6.050036993597845 (n:0.06526569713077765) c:1.0
num acquisition: 202, time elapsed: 63.05s
f inputs x:[[ 0.18699956  0.05656445  0.0328673  -0.00385036]] ev:{} outputs y:1.266152651746971 (n:0.032648865056385055) c:1.0
num acquisition: 203, time elapsed: 63.74s
f inputs x:[[ 0.18649054  0.05642669  0.03285253 -0.00368807]] ev:{} outputs y:1.1679215439296735 (n:-0.0650713235081891) c:1.0
num acquisition: 204, time elapsed: 64.34s
f inputs x:[[ 0.18761767  0.0568994   0.03289361 -0.0040816 ]] ev:{} outputs y:1.3232540845892946 (n:0.09004920435469398) c:1.0
num acquisition: 205, time elapsed: 64.89s
f inputs x:[[ 0.63382553  0.54731206 -0.19905184 -0.20447278]] ev:{} outputs y:5.844168975552767 (n:-0.00236568508193523) c:1.0
num acquisition: 206, time elapsed: 65.32s
f inputs x:[[ 1.          0.00157742 -0.82129554  1.        ]] ev:{} outputs y:7.589089704341444 (n:-0.06570299901470869) c:1.0
num acquisition: 207, time elapsed: 65.74s
f inputs x:[[ 0.09742329 -0.07997954 -0.97803907  0.07306363]] ev:{} outputs y:7.531297858644504 (n:-0.02881267984347599) c:1.0
num acquisition: 208, time elapsed: 66.13s
f inputs x:[[ 0.18681216  0.05637944  0.03265413 -0.00427307]] ev:{} outputs y:1.262704324340148 (n:0.0289662160142089) c:1.0
num acquisition: 209, time elapsed: 66.71s
f inputs x:[[-0.53167369  0.30606405 -0.27267024 -0.96108695]] ev:{} outputs y:6.50052997618025 (n:0.02422021940419022) c:1.0
num acquisition: 210, time elapsed: 67.08s
f inputs x:[[-0.40093681  0.48117367 -0.50335517  0.94879508]] ev:{} outputs y:6.176759100421542 (n:-0.030686692315246924) c:1.0
num acquisition: 211, time elapsed: 67.47s
f inputs x:[[-0.38108188 -0.55971609  0.33959406  0.98167753]] ev:{} outputs y:6.412353925429347 (n:0.03499055280105368) c:1.0
num acquisition: 212, time elapsed: 68.01s
f inputs x:[[ 0.18698727  0.05591574  0.03294304 -0.00387223]] ev:{} outputs y:1.2578780458417687 (n:0.019872182909840354) c:1.0
num acquisition: 213, time elapsed: 68.53s
f inputs x:[[-0.16565264  0.42060185  0.27951603 -0.99376345]] ev:{} outputs y:6.42843558500302 (n:-0.0011352332386158715) c:1.0
num acquisition: 214, time elapsed: 68.97s
f inputs x:[[-0.40004766 -0.3254979  -0.43086016  0.61963363]] ev:{} outputs y:5.932531185545661 (n:-0.03285229156929246) c:1.0
num acquisition: 215, time elapsed: 69.44s
f inputs x:[[-0.46391573 -0.35310104 -0.47742127 -0.92702522]] ev:{} outputs y:7.160013608140321 (n:-0.022400989317295766) c:1.0
num acquisition: 216, time elapsed: 69.92s
f inputs x:[[ 0.18665497  0.0556485   0.03307387 -0.00398545]] ev:{} outputs y:1.1874825114745138 (n:-0.05239036517541082) c:1.0
num acquisition: 217, time elapsed: 70.52s
f inputs x:[[-0.78510679  0.31204204 -0.36247579  0.39439548]] ev:{} outputs y:6.28996794348007 (n:0.019404356208646962) c:1.0
num acquisition: 218, time elapsed: 70.96s
f inputs x:[[-0.95265159  0.04173454 -0.51588248 -0.37486912]] ev:{} outputs y:7.463267682908343 (n:-0.06909171801629278) c:1.0
num acquisition: 219, time elapsed: 71.46s
f inputs x:[[ 0.93562105 -0.99478031  0.19683283 -0.97517296]] ev:{} outputs y:8.584881302225167 (n:0.039794700399345316) c:1.0
num acquisition: 220, time elapsed: 71.83s
f inputs x:[[ 0.45597436  0.28743851 -0.24427017 -0.94344877]] ev:{} outputs y:6.420206798361645 (n:0.09321680833231594) c:1.0
num acquisition: 221, time elapsed: 72.34s
f inputs x:[[ 0.67373287  0.49156435 -0.03340908  0.49004444]] ev:{} outputs y:5.754663801416156 (n:0.05217759154679183) c:1.0
num acquisition: 222, time elapsed: 72.86s
f inputs x:[[ 0.18783925  0.05541736  0.03342241 -0.00429833]] ev:{} outputs y:1.265563061272924 (n:0.01903501392029713) c:1.0
num acquisition: 223, time elapsed: 73.39s
f inputs x:[[-0.47208962  0.48336286  0.44429627 -0.15300958]] ev:{} outputs y:4.930412987236972 (n:0.018261955011658313) c:1.0
num acquisition: 224, time elapsed: 73.90s
f inputs x:[[-0.67489373  0.64889678  0.27092607  0.43035341]] ev:{} outputs y:5.388498717565504 (n:-0.0069039503286540465) c:1.0
num acquisition: 225, time elapsed: 74.36s
f inputs x:[[-0.59637232  0.32501937 -0.01195101 -0.24159975]] ev:{} outputs y:4.7969188005881485 (n:-0.004994399241452955) c:1.0
num acquisition: 226, time elapsed: 74.84s
f inputs x:[[-0.59784328  0.51506069  0.23299069 -0.60036236]] ev:{} outputs y:5.659622354869385 (n:0.029474567939973623) c:1.0
num acquisition: 227, time elapsed: 75.37s
f inputs x:[[ 0.18938221  0.0545077   0.03318214 -0.00282042]] ev:{} outputs y:1.2644962133228037 (n:0.011178422905348472) c:1.0
num acquisition: 228, time elapsed: 75.97s
f inputs x:[[-0.36183982  0.49641223 -0.92223258 -0.19383908]] ev:{} outputs y:7.868465925599558 (n:0.060636613657671846) c:1.0
num acquisition: 229, time elapsed: 76.46s
f inputs x:[[0.38929671 0.17315242 0.30020308 0.06601276]] ev:{} outputs y:3.685304822978821 (n:0.01362371323186047) c:1.0
num acquisition: 230, time elapsed: 76.95s
f inputs x:[[ 0.65890844  0.82363832  0.25060701 -0.36847735]] ev:{} outputs y:6.448756656229863 (n:-0.029968080739362465) c:1.0
num acquisition: 231, time elapsed: 77.50s
f inputs x:[[-0.18272365 -0.89866599 -0.17720072 -0.44120416]] ev:{} outputs y:7.509030211551226 (n:-0.05035162844844018) c:1.0
num acquisition: 232, time elapsed: 77.99s
f inputs x:[[-0.72809806  0.90332768 -0.33750772 -0.26343281]] ev:{} outputs y:7.547272929245912 (n:0.04038550733725166) c:1.0
num acquisition: 233, time elapsed: 78.59s
f inputs x:[[0.76609977 0.69017783 0.55838088 0.97644962]] ev:{} outputs y:5.486250877392164 (n:0.03834392423641919) c:1.0
num acquisition: 234, time elapsed: 79.11s
f inputs x:[[ 0.40500518  0.44164257 -0.51175736  0.98594503]] ev:{} outputs y:6.161478141859285 (n:0.06800700359966104) c:1.0
num acquisition: 235, time elapsed: 79.60s
f inputs x:[[ 0.3264825  -0.65603931 -0.62997028  0.5226133 ]] ev:{} outputs y:7.22848802517033 (n:0.0386238729939423) c:1.0
num acquisition: 236, time elapsed: 80.13s
f inputs x:[[-0.43060703  0.61351066  0.99900046 -0.53334348]] ev:{} outputs y:7.920298255078079 (n:-0.02999395929155049) c:1.0
num acquisition: 237, time elapsed: 80.91s
f inputs x:[[-0.38647911  0.9877219   0.38850091  0.17216332]] ev:{} outputs y:7.1575734280441035 (n:-0.008461575649475559) c:1.0
num acquisition: 238, time elapsed: 81.41s
f inputs x:[[ 0.40014142 -0.34601438  0.95097063  0.52854978]] ev:{} outputs y:7.0038063583765116 (n:-0.03411728873359471) c:1.0
num acquisition: 239, time elapsed: 81.94s
f inputs x:[[-0.98190394  0.54181354  0.42834912  0.76000169]] ev:{} outputs y:6.853981041961415 (n:0.0022400353441528404) c:1.0
num acquisition: 240, time elapsed: 82.51s
f inputs x:[[ 0.09492006 -0.03375304 -0.36443423  0.36053897]] ev:{} outputs y:4.134344231695496 (n:-0.06577091551445416) c:1.0
num acquisition: 241, time elapsed: 83.16s
f inputs x:[[ 0.94872794  0.35536691  0.99421501 -0.73675531]] ev:{} outputs y:8.361008554744643 (n:-0.018378205921818803) c:1.0
num acquisition: 242, time elapsed: 83.66s
f inputs x:[[ 0.95117304  0.98441957 -0.47983392 -0.30584014]] ev:{} outputs y:7.986253054137647 (n:-0.06068851795994226) c:1.0
num acquisition: 243, time elapsed: 84.23s
f inputs x:[[0.3983267  0.19507047 0.02315748 0.00621708]] ev:{} outputs y:2.3966545133157635 (n:0.031479397098091576) c:1.0
num acquisition: 244, time elapsed: 84.81s
f inputs x:[[ 0.24702749 -0.93055117  0.5745669  -0.40093606]] ev:{} outputs y:7.403776003926535 (n:0.0472509343886712) c:1.0
num acquisition: 245, time elapsed: 85.35s
[ 0.1786408   0.05085935  0.02993027 -0.00027661]
