removed robo import in opts.py l17 due to theano errors
Traceback (most recent call last):
  File "examples/test.py", line 95, in <module>
    C.choosepara['regretswitch'] = 1e-2
AttributeError: 'pesfsdefault' object has no attribute 'choosepara'
removed robo import in opts.py l17 due to theano errors
Traceback (most recent call last):
  File "examples/test.py", line 97, in <module>
    C.aqpara[1]['tol']=None
KeyError: 1
removed robo import in opts.py l17 due to theano errors
INFO:gpbo.core.optimize:startopt:
Traceback (most recent call last):
  File "examples/test.py", line 99, in <module>
    out = gpbo.search(C, False)
  File "/home/harald/env36/lib/python3.6/site-packages/gpbo-0.0.43-py3.6-linux-x86_64.egg/gpbo/core/optimize.py", line 335, in search
    return O.run()
  File "/home/harald/env36/lib/python3.6/site-packages/gpbo-0.0.43-py3.6-linux-x86_64.egg/gpbo/core/optimize.py", line 101, in run
    lf = open(os.path.join(self.dirpath,self.name),'w')
  File "/usr/lib/python3.6/posixpath.py", line 80, in join
    a = os.fspath(a)
TypeError: expected str, bytes or os.PathLike object, not float
