INFO:GP:initializing Y
INFO:GP:initializing inference method
INFO:GP:adding kernel and likelihood as parameters
removed robo import in opts.py l17 due to theano errors
0
z
[-1.10854235  1.16654211]
-1.1085423477839773
f inputs x:[[-0.54128044  0.56960064]] ev:{} outputs y:1.763767880435557 (n:-0.0) c:1.0
0
z
[0.91919082 0.57107425]
0.9191908246404464
f inputs x:[[0.44882364 0.27884485]] ev:{} outputs y:2.1406811651972197 (n:0.0) c:1.0
0
z
[1.81928983 1.23726453]
1.819289832040693
f inputs x:[[0.88832511 0.60413307]] ev:{} outputs y:6.06661373207542 (n:-0.0) c:1.0
0
z
[1.5212494 0.5800466]
1.5212493983678774
f inputs x:[[0.74279756 0.28322588]] ev:{} outputs y:5.710428372852028 (n:0.0) c:1.0
0
z
[-0.79750567  1.18715169]
-0.7975056747862791
f inputs x:[[-0.38940707  0.57966391]] ev:{} outputs y:3.544031662124267 (n:0.0) c:1.0
0
z
[-1.21096329  1.08235439]
-1.210963286481629
f inputs x:[[-0.59129067  0.52849336]] ev:{} outputs y:3.0272273465086754 (n:-0.0) c:1.0
num acquisition: 1, time elapsed: 0.23s
0
z
[-1.09622702  1.27811971]
-1.0962270223824033
f inputs x:[[-0.5352671   0.62408189]] ev:{} outputs y:1.7880786818136862 (n:-0.0) c:1.0
num acquisition: 2, time elapsed: 0.43s
0
z
[0.6859169  0.56291153]
0.6859169043293231
f inputs x:[[0.33492036 0.27485915]] ev:{} outputs y:0.6693513125109872 (n:-0.0) c:1.0
num acquisition: 3, time elapsed: 0.60s
0
z
[0.47035613 0.50440375]
0.4703561265133072
f inputs x:[[0.22966608 0.24629089]] ev:{} outputs y:2.229905072758284 (n:-0.0) c:1.0
num acquisition: 4, time elapsed: 0.73s
0
z
[0.67484483 0.72257015]
0.6748448281383532
f inputs x:[[0.32951408 0.35281746]] ev:{} outputs y:2.109350333008174 (n:0.0) c:1.0
num acquisition: 5, time elapsed: 0.96s
0
z
[0.69870336 0.3063221 ]
0.698703355569666
f inputs x:[[0.34116375 0.14957134]] ev:{} outputs y:1.4812047549859821 (n:-0.0) c:1.0
num acquisition: 6, time elapsed: 1.12s
0
z
[-1.40914414  1.78216396]
-1.409144140344231
f inputs x:[[-0.68805866  0.87019725]] ev:{} outputs y:2.392987487004208 (n:0.0) c:1.0
num acquisition: 7, time elapsed: 1.24s
0
z
[0.67289229 0.37606015]
0.6728922860224532
f inputs x:[[0.32856069 0.18362312]] ev:{} outputs y:0.5280689678428327 (n:-0.0) c:1.0
num acquisition: 8, time elapsed: 1.36s
0
z
[ 0.6067338  -0.11695044]
0.6067337979957583
f inputs x:[[ 0.29625674 -0.05710471]] ev:{} outputs y:3.206178118458313 (n:-0.0) c:1.0
num acquisition: 9, time elapsed: 1.51s
0
z
[0.70685219 0.43842517]
0.706852189293971
f inputs x:[[0.34514267 0.21407479]] ev:{} outputs y:0.37888933763341803 (n:-0.0) c:1.0
num acquisition: 10, time elapsed: 1.63s
0
z
[-1.99593842 -2.01213261]
-1.995938415688544
f inputs x:[[-0.9745793  -0.98248662]] ev:{} outputs y:8.19009387243036 (n:0.0) c:1.0
num acquisition: 11, time elapsed: 1.74s
0
z
[-2.048  2.048]
-2.048
f inputs x:[[-1.  1.]] ev:{} outputs y:6.154757006192991 (n:-0.0) c:1.0
num acquisition: 12, time elapsed: 1.85s
0
z
[-0.91651738  2.048     ]
-0.9165173784256981
f inputs x:[[-0.44751825  1.        ]] ev:{} outputs y:5.014617003931802 (n:-0.0) c:1.0
num acquisition: 13, time elapsed: 1.96s
0
z
[ 0.18934374 -1.06119015]
0.18934373562253834
f inputs x:[[ 0.092453   -0.51815926]] ev:{} outputs y:4.804079272874243 (n:-0.0) c:1.0
num acquisition: 14, time elapsed: 2.08s
0
z
[ 2.048 -2.048]
2.048
f inputs x:[[ 1. -1.]] ev:{} outputs y:8.268407222217542 (n:0.0) c:1.0
num acquisition: 15, time elapsed: 2.19s
0
z
[0.66681434 0.45923833]
0.6668143398768287
f inputs x:[[0.32559294 0.22423747]] ev:{} outputs y:0.12426847723182513 (n:-0.0) c:1.0
num acquisition: 16, time elapsed: 2.35s
0
z
[-2.048      -0.28943245]
-2.048
f inputs x:[[-1.         -0.14132444]] ev:{} outputs y:7.611189150058031 (n:0.0) c:1.0
num acquisition: 17, time elapsed: 2.55s
0
z
[0.61751764 2.048     ]
0.6175176402374539
f inputs x:[[0.30152229 1.        ]] ev:{} outputs y:5.6309459268162865 (n:0.0) c:1.0
num acquisition: 18, time elapsed: 2.70s
0
z
[-0.44281156 -2.048     ]
-0.442811556228327
f inputs x:[[-0.21621658 -1.        ]] ev:{} outputs y:6.2278641293627 (n:-0.0) c:1.0
num acquisition: 19, time elapsed: 2.85s
0
z
[ 2.048      -0.59476415]
2.048
f inputs x:[[ 1.         -0.29041218]] ev:{} outputs y:7.73875635498205 (n:0.0) c:1.0
num acquisition: 20, time elapsed: 3.00s
0
z
[-0.53238111 -0.20992968]
-0.5323811123503751
f inputs x:[[-0.25995172 -0.10250473]] ev:{} outputs y:3.321018417241931 (n:0.0) c:1.0
num acquisition: 21, time elapsed: 3.18s
0
z
[-0.8763387  -0.81128012]
-0.8763387006841312
f inputs x:[[-0.42789976 -0.39613287]] ev:{} outputs y:5.53703338580676 (n:-0.0) c:1.0
num acquisition: 22, time elapsed: 3.39s
0
z
[ 0.04907257 -0.14299523]
0.049072569915923916
f inputs x:[[ 0.02396122 -0.06982189]] ev:{} outputs y:1.3909028359326698 (n:-0.0) c:1.0
num acquisition: 23, time elapsed: 3.56s
0
z
[-0.14744088  0.12752475]
-0.1474408814961536
f inputs x:[[-0.07199262  0.06226794]] ev:{} outputs y:1.2342168907848288 (n:-0.0) c:1.0
num acquisition: 24, time elapsed: 3.71s
0
z
[0.16590566 0.10491464]
0.16590565634677498
f inputs x:[[0.08100862 0.05122785]] ev:{} outputs y:0.8305733122390904 (n:0.0) c:1.0
num acquisition: 25, time elapsed: 3.83s
0
z
[0.22807564 0.43687921]
0.22807563850200901
f inputs x:[[0.11136506 0.21331993]] ev:{} outputs y:2.7977473387309737 (n:-0.0) c:1.0
num acquisition: 26, time elapsed: 3.97s
0
z
[-0.50102168  0.42388533]
-0.5010216775035505
f inputs x:[[-0.24463949  0.20697526]] ev:{} outputs y:1.8311747316740403 (n:0.0) c:1.0
num acquisition: 27, time elapsed: 4.10s
0
z
[-0.93638089  0.29409986]
-0.9363808866394453
f inputs x:[[-0.45721723  0.14360345]] ev:{} outputs y:3.6559580484998055 (n:-0.0) c:1.0
num acquisition: 28, time elapsed: 4.22s
0
z
[0.29896553 0.40371082]
0.2989655325142548
f inputs x:[[0.14597926 0.19712442]] ev:{} outputs y:2.4311375994251234 (n:0.0) c:1.0
num acquisition: 29, time elapsed: 4.34s
0
z
[ 0.7665695 -2.048    ]
0.7665694992815546
f inputs x:[[ 0.37430151 -1.        ]] ev:{} outputs y:6.544930614898903 (n:0.0) c:1.0
num acquisition: 30, time elapsed: 4.49s
0
z
[-2.048       1.07992566]
-2.048
f inputs x:[[-1.          0.52730745]] ev:{} outputs y:6.887782699575306 (n:-0.0) c:1.0
num acquisition: 31, time elapsed: 4.61s
0
z
[2.048 2.048]
2.048
f inputs x:[[1. 1.]] ev:{} outputs y:6.137209404019698 (n:0.0) c:1.0
num acquisition: 32, time elapsed: 4.76s
0
z
[ 0.98428275 -0.86918806]
0.9842827476584517
f inputs x:[[ 0.48060681 -0.42440823]] ev:{} outputs y:5.825483340586341 (n:0.0) c:1.0
num acquisition: 33, time elapsed: 4.90s
0
z
[-0.29965518  0.72339319]
-0.2996551779479223
f inputs x:[[-0.146316    0.35321933]] ev:{} outputs y:3.7573320622160997 (n:-0.0) c:1.0
num acquisition: 34, time elapsed: 5.04s
0
z
[0.69732673 0.4376676 ]
0.6973267265337701
f inputs x:[[0.34049157 0.21370488]] ev:{} outputs y:0.28350653826483074 (n:-0.0) c:1.0
num acquisition: 35, time elapsed: 5.17s
0
z
[0.95821064 1.28413465]
0.958210639307382
f inputs x:[[0.46787629 0.62701887]] ev:{} outputs y:2.666876231912219 (n:-0.0) c:1.0
num acquisition: 36, time elapsed: 5.31s
0
z
[0.35665017 1.38111566]
0.35665016948999645
f inputs x:[[0.17414559 0.67437288]] ev:{} outputs y:5.066665929021987 (n:0.0) c:1.0
num acquisition: 37, time elapsed: 5.53s
0
z
[ 0.24994821 -0.4502284 ]
0.24994821227398378
f inputs x:[[ 0.12204503 -0.21983808]] ev:{} outputs y:3.326795754782835 (n:-0.0) c:1.0
num acquisition: 38, time elapsed: 5.67s
0
z
[1.24004767 1.74898834]
1.2400476700366367
f inputs x:[[0.60549203 0.85399821]] ev:{} outputs y:1.7085823994780684 (n:-0.0) c:1.0
num acquisition: 39, time elapsed: 5.79s
0
z
[1.31793067 2.048     ]
1.317930673914179
f inputs x:[[0.64352084 1.        ]] ev:{} outputs y:2.3773988126059535 (n:-0.0) c:1.0
num acquisition: 40, time elapsed: 5.93s
0
z
[-1.19182248 -1.52663496]
-1.1918224798477561
f inputs x:[[-0.58194457 -0.74542723]] ev:{} outputs y:6.773457483382093 (n:-0.0) c:1.0
num acquisition: 41, time elapsed: 6.08s
0
z
[-0.18182007  2.048     ]
-0.1818200655405545
f inputs x:[[-0.08877933  1.        ]] ev:{} outputs y:6.012236334293421 (n:-0.0) c:1.0
num acquisition: 42, time elapsed: 6.20s
0
z
[-0.45198186  0.15478683]
-0.4519818627182719
f inputs x:[[-0.22069427  0.07557951]] ev:{} outputs y:1.2099401575419002 (n:-0.0) c:1.0
num acquisition: 43, time elapsed: 6.32s
0
z
[1.29749481 1.42691082]
1.297494811957712
f inputs x:[[0.63354239 0.6967338 ]] ev:{} outputs y:2.0375686888329514 (n:0.0) c:1.0
num acquisition: 44, time elapsed: 6.45s
0
z
[0.31845649 0.0056842 ]
0.3184564907299668
f inputs x:[[0.15549633 0.00277549]] ev:{} outputs y:0.8674916798547748 (n:-0.0) c:1.0
num acquisition: 45, time elapsed: 6.57s
0
z
[-2.048      -1.11739758]
-2.048
f inputs x:[[-1.         -0.54560429]] ev:{} outputs y:7.948635227417175 (n:-0.0) c:1.0
num acquisition: 46, time elapsed: 6.69s
0
z
[2.048      0.24949195]
2.048
f inputs x:[[1.         0.12182224]] ev:{} outputs y:7.351320291063443 (n:0.0) c:1.0
num acquisition: 47, time elapsed: 6.82s
0
z
[1.15891749 0.99226946]
1.1589174936318363
f inputs x:[[0.56587768 0.48450657]] ev:{} outputs y:2.590222891130079 (n:-0.0) c:1.0
num acquisition: 48, time elapsed: 6.93s
0
z
[0.68596776 0.42278569]
0.6859677635845375
f inputs x:[[0.3349452  0.20643833]] ev:{} outputs y:0.2827520152265943 (n:-0.0) c:1.0
num acquisition: 49, time elapsed: 7.07s
0
z
[1.51376393 1.75412456]
1.5137639346309948
f inputs x:[[0.73914255 0.85650613]] ev:{} outputs y:3.405825799899147 (n:-0.0) c:1.0
num acquisition: 50, time elapsed: 7.21s
0
z
[-0.36522821 -1.26776349]
-0.36522821163208696
f inputs x:[[-0.17833409 -0.61902514]] ev:{} outputs y:5.29424618823228 (n:0.0) c:1.0
num acquisition: 51, time elapsed: 7.34s
0
z
[ 1.43614093 -1.42588154]
1.4361409296586753
f inputs x:[[ 0.70124069 -0.69623122]] ev:{} outputs y:7.105024013564973 (n:0.0) c:1.0
num acquisition: 52, time elapsed: 7.47s
0
z
[-1.2201079  -0.21693326]
-1.2201078978849216
f inputs x:[[-0.59575581 -0.10592444]] ev:{} outputs y:5.6931758706107916 (n:-0.0) c:1.0
num acquisition: 53, time elapsed: 7.62s
0
z
[-0.25185941  0.33223351]
-0.25185941423484826
f inputs x:[[-0.12297823  0.16222339]] ev:{} outputs y:2.281618276204675 (n:-0.0) c:1.0
num acquisition: 54, time elapsed: 7.74s
0
z
[-0.82345667  0.7314763 ]
-0.8234566739883629
f inputs x:[[-0.40207845  0.35716616]] ev:{} outputs y:1.5282498119302521 (n:0.0) c:1.0
num acquisition: 55, time elapsed: 7.87s
0
z
[-0.24181452 -0.07016315]
-0.24181451790417002
f inputs x:[[-0.1180735  -0.03425935]] ev:{} outputs y:1.4343370433005265 (n:-0.0) c:1.0
num acquisition: 56, time elapsed: 7.99s
0
z
[ 0.18373053 -1.70243634]
0.18373052607665524
f inputs x:[[ 0.08971217 -0.83126775]] ev:{} outputs y:5.714072666776324 (n:0.0) c:1.0
num acquisition: 57, time elapsed: 8.12s
0
z
[0.64558986 0.44683314]
0.645589861418829
f inputs x:[[0.31522942 0.21818025]] ev:{} outputs y:0.19547468822187128 (n:0.0) c:1.0
num acquisition: 58, time elapsed: 8.28s
0
z
[0.97389837 1.66278327]
0.9738983679243278
f inputs x:[[0.47553631 0.81190589]] ev:{} outputs y:3.951702823286745 (n:0.0) c:1.0
num acquisition: 59, time elapsed: 8.44s
0
z
[-0.21470377 -0.62179501]
-0.21470377479482805
f inputs x:[[-0.10483583 -0.30361084]] ev:{} outputs y:3.851924184877292 (n:0.0) c:1.0
num acquisition: 60, time elapsed: 8.59s
0
z
[-1.47253259  1.48987927]
-1.4725325872749697
f inputs x:[[-0.71901005  0.72748011]] ev:{} outputs y:3.973042309723326 (n:0.0) c:1.0
num acquisition: 61, time elapsed: 8.74s
0
z
[-1.44714082  2.048     ]
-1.447140815285936
f inputs x:[[-0.70661173  1.        ]] ev:{} outputs y:1.974371958699075 (n:0.0) c:1.0
num acquisition: 62, time elapsed: 8.90s
0
z
[-2.048       0.40498844]
-2.048
f inputs x:[[-1.          0.19774826]] ev:{} outputs y:7.276681944915335 (n:-0.0) c:1.0
num acquisition: 63, time elapsed: 9.06s
0
z
[ 1.32295277 -0.27922223]
1.3229527659665374
f inputs x:[[ 0.64597303 -0.13633898]] ev:{} outputs y:6.023354103404667 (n:-0.0) c:1.0
num acquisition: 64, time elapsed: 9.22s
0
z
[-1.05948987  0.70461491]
-1.059489866290956
f inputs x:[[-0.51732904  0.34405025]] ev:{} outputs y:3.122623164616447 (n:0.0) c:1.0
num acquisition: 65, time elapsed: 9.37s
0
z
[0.65990129 0.45488447]
0.6599012934463759
f inputs x:[[0.32221743 0.22211156]] ev:{} outputs y:0.14267977090648848 (n:-0.0) c:1.0
num acquisition: 66, time elapsed: 9.53s
0
z
[0.66035969 0.45568551]
0.6603596859617328
f inputs x:[[0.32244125 0.22250269]] ev:{} outputs y:0.14307218610570913 (n:-0.0) c:1.0
num acquisition: 67, time elapsed: 9.70s
0
z
[0.40678855 0.16355761]
0.4067885466855817
f inputs x:[[0.19862722 0.07986211]] ev:{} outputs y:0.3017833345437577 (n:-0.0) c:1.0
num acquisition: 68, time elapsed: 9.88s
0
z
[0.4884426  0.23778689]
0.48844260261027433
f inputs x:[[0.23849736 0.11610688]] ev:{} outputs y:0.2325022361429384 (n:-0.0) c:1.0
num acquisition: 69, time elapsed: 10.05s
0
z
[-1.12610436 -2.048     ]
-1.1261043567128173
f inputs x:[[-0.54985564 -1.        ]] ev:{} outputs y:7.007763090250777 (n:-0.0) c:1.0
num acquisition: 70, time elapsed: 10.23s
0
z
[0.47953691 0.16663408]
0.4795369051695152
f inputs x:[[0.23414888 0.0813643 ]] ev:{} outputs y:0.5139271324317727 (n:0.0) c:1.0
num acquisition: 71, time elapsed: 10.41s
0
z
[-0.18336576  1.35733888]
-0.1833657583702947
f inputs x:[[-0.08953406  0.66276313]] ev:{} outputs y:5.179661791920779 (n:-0.0) c:1.0
num acquisition: 72, time elapsed: 10.58s
0
z
[ 2.048      -1.27755767]
2.048
f inputs x:[[ 1.         -0.62380746]] ev:{} outputs y:8.005108548909362 (n:0.0) c:1.0
num acquisition: 73, time elapsed: 10.76s
0
z
[0.43686384 0.23399432]
0.43686384457863026
f inputs x:[[0.21331242 0.11425504]] ev:{} outputs y:0.4076397020907623 (n:-0.0) c:1.0
num acquisition: 74, time elapsed: 10.93s
0
z
[0.6524557  0.44702261]
0.6524556984749799
f inputs x:[[0.31858188 0.21827276]] ev:{} outputs y:0.15380125950510504 (n:-0.0) c:1.0
num acquisition: 75, time elapsed: 11.08s
0
z
[ 0.7017515  -1.37979148]
0.7017515007771634
f inputs x:[[ 0.3426521  -0.67372631]] ev:{} outputs y:5.862550204637817 (n:-0.0) c:1.0
num acquisition: 76, time elapsed: 11.25s
0
z
[0.65467592 0.44881035]
0.6546759209335934
f inputs x:[[0.31966598 0.21914568]] ev:{} outputs y:0.14849956044043638 (n:-0.0) c:1.0
num acquisition: 77, time elapsed: 11.44s
0
z
[-1.11254713  1.65872241]
-1.1125471343339808
f inputs x:[[-0.54323591  0.80992305]] ev:{} outputs y:3.1434492710426527 (n:-0.0) c:1.0
num acquisition: 78, time elapsed: 11.63s
0
z
[-1.4402585  -0.81655007]
-1.4402584973955384
f inputs x:[[-0.70325122 -0.39870609]] ev:{} outputs y:6.736589690023958 (n:-0.0) c:1.0
num acquisition: 79, time elapsed: 11.79s
0
z
[0.55151751 0.32795396]
0.5515175099215478
f inputs x:[[0.26929566 0.16013377]] ev:{} outputs y:0.22928210297395987 (n:-0.0) c:1.0
num acquisition: 80, time elapsed: 12.04s
0
z
[0.32051213 0.13919589]
0.32051213187152594
f inputs x:[[0.15650006 0.06796674]] ev:{} outputs y:0.4666820502282563 (n:0.0) c:1.0
num acquisition: 81, time elapsed: 12.22s
0
z
[0.65359569 0.44721287]
0.6535956866430228
f inputs x:[[0.31913852 0.21836566]] ev:{} outputs y:0.14850465009243377 (n:-0.0) c:1.0
num acquisition: 82, time elapsed: 12.44s
0
z
[0.65704624 0.45044948]
0.6570462423390593
f inputs x:[[0.32082336 0.21994603]] ev:{} outputs y:0.14213734979195838 (n:0.0) c:1.0
num acquisition: 83, time elapsed: 12.61s
0
z
[ 1.35396202 -2.048     ]
1.3539620197349327
f inputs x:[[ 0.66111427 -1.        ]] ev:{} outputs y:7.318212466814225 (n:-0.0) c:1.0
num acquisition: 84, time elapsed: 12.79s
0
z
[-0.72973517  0.5316821 ]
-0.7297351716424385
f inputs x:[[-0.356316   0.2596104]] ev:{} outputs y:1.3843056030970662 (n:-0.0) c:1.0
num acquisition: 85, time elapsed: 13.00s
0
z
[0.88800948 0.92437744]
0.8880094845153705
f inputs x:[[0.43359838 0.45135617]] ev:{} outputs y:1.0498269388948822 (n:-0.0) c:1.0
num acquisition: 86, time elapsed: 13.19s
0
z
[0.72174857 1.07029841]
0.7217485664118258
f inputs x:[[0.35241629 0.52260665]] ev:{} outputs y:3.4423066529141515 (n:0.0) c:1.0
num acquisition: 87, time elapsed: 13.40s
0
z
[0.8962075  0.77206368]
0.89620749650915
f inputs x:[[0.43760132 0.37698422]] ev:{} outputs y:0.10223564060834936 (n:0.0) c:1.0
num acquisition: 88, time elapsed: 13.63s
0
z
[0.96248825 0.80166261]
0.9624882534233924
f inputs x:[[0.46996497 0.39143682]] ev:{} outputs y:0.938811476725895 (n:0.0) c:1.0
num acquisition: 89, time elapsed: 13.91s
0
z
[-0.61892627  0.72770429]
-0.6189262724231489
f inputs x:[[-0.30221009  0.35532436]] ev:{} outputs y:2.740725185981888 (n:0.0) c:1.0
num acquisition: 90, time elapsed: 14.15s
0
z
[0.84908095 0.7463488 ]
0.8490809487057123
f inputs x:[[0.41459031 0.36442813]] ev:{} outputs y:0.0837390676911787 (n:0.0) c:1.0
num acquisition: 91, time elapsed: 14.53s
0
z
[0.86456837 0.78554773]
0.8645683659768902
f inputs x:[[0.42215252 0.38356823]] ev:{} outputs y:0.1512338469776673 (n:-0.0) c:1.0
num acquisition: 92, time elapsed: 14.75s
0
z
[-0.64532103  0.23125393]
-0.6453210255601929
f inputs x:[[-0.31509816  0.11291696]] ev:{} outputs y:1.9652141263005953 (n:-0.0) c:1.0
num acquisition: 93, time elapsed: 15.06s
0
z
[0.1146897 0.9007026]
0.11468970376053853
f inputs x:[[0.05600083 0.43979619]] ev:{} outputs y:4.388978335051919 (n:0.0) c:1.0
num acquisition: 94, time elapsed: 15.30s
0
z
[-0.00709841  0.01406916]
-0.007098406434198972
f inputs x:[[-0.00346602  0.00686971]] ev:{} outputs y:0.7099550336792798 (n:-0.0) c:1.0
num acquisition: 95, time elapsed: 15.65s
0
z
[ 0.61115638 -0.58405532]
0.6111563763960223
f inputs x:[[ 0.2984162  -0.28518326]] ev:{} outputs y:4.530928620759712 (n:-0.0) c:1.0
num acquisition: 96, time elapsed: 15.94s
0
z
[1.06399234 2.048     ]
1.0639923431424412
f inputs x:[[0.51952751 1.        ]] ev:{} outputs y:4.4414162997439375 (n:-0.0) c:1.0
num acquisition: 97, time elapsed: 16.17s
0
z
[0.87436299 0.74139621]
0.8743629907381435
f inputs x:[[0.42693505 0.36200987]] ev:{} outputs y:0.06692223435821236 (n:-0.0) c:1.0
num acquisition: 98, time elapsed: 16.43s
0
z
[-1.65689964  1.88072274]
-1.6568996422250908
f inputs x:[[-0.80903303  0.91832165]] ev:{} outputs y:4.41656499828378 (n:-0.0) c:1.0
num acquisition: 99, time elapsed: 16.69s
0
z
[-1.45546163  0.3391508 ]
-1.4554616281380959
f inputs x:[[-0.71067462  0.16560098]] ev:{} outputs y:5.779479981576582 (n:-0.0) c:1.0
num acquisition: 100, time elapsed: 16.95s
0
z
[2.048      0.81906369]
2.048
f inputs x:[[1.         0.39993344]] ev:{} outputs y:7.039943408559126 (n:0.0) c:1.0
num acquisition: 101, time elapsed: 17.27s
0
z
[-1.2484028  2.048    ]
-1.2484028028778522
f inputs x:[[-0.60957168  1.        ]] ev:{} outputs y:3.40171073061227 (n:-0.0) c:1.0
num acquisition: 102, time elapsed: 17.67s
0
z
[-0.64628758  1.63630273]
-0.6462875827190245
f inputs x:[[-0.31557011  0.79897594]] ev:{} outputs y:5.025277814635446 (n:0.0) c:1.0
num acquisition: 103, time elapsed: 17.92s
0
z
[0.805759   0.65048721]
0.8057589957746291
f inputs x:[[0.39343701 0.31762071]] ev:{} outputs y:0.037183293481486905 (n:0.0) c:1.0
num acquisition: 104, time elapsed: 18.15s
0
z
[1.38156582 1.17492773]
1.3815658185022668
f inputs x:[[0.67459268 0.57369518]] ev:{} outputs y:4.007175088422199 (n:0.0) c:1.0
num acquisition: 105, time elapsed: 18.53s
0
z
[0.77770054 0.59139065]
0.7777005365526692
f inputs x:[[0.37973659 0.28876497]] ev:{} outputs y:0.06526959271133166 (n:0.0) c:1.0
num acquisition: 106, time elapsed: 18.78s
0
z
[-0.14640733 -0.30347801]
-0.14640732833179998
f inputs x:[[-0.07148795 -0.14818262]] ev:{} outputs y:2.5549847272018478 (n:0.0) c:1.0
num acquisition: 107, time elapsed: 19.05s
0
z
[ 0.09551176 -2.048     ]
0.09551176445965336
f inputs x:[[ 0.0466366 -1.       ]] ev:{} outputs y:6.052073629501038 (n:-0.0) c:1.0
num acquisition: 108, time elapsed: 19.33s
0
z
[-0.94115274  0.95125743]
-0.9411527439643143
f inputs x:[[-0.45954724  0.46448117]] ev:{} outputs y:1.6480727209866874 (n:0.0) c:1.0
num acquisition: 109, time elapsed: 19.63s
0
z
[0.21176484 1.80064052]
0.21176484275174062
f inputs x:[[0.1034008 0.879219 ]] ev:{} outputs y:5.736260423194355 (n:0.0) c:1.0
num acquisition: 110, time elapsed: 19.94s
0
z
[1.59017003 2.048     ]
1.590170028778882
f inputs x:[[0.77645021 1.        ]] ev:{} outputs y:3.196624116764936 (n:0.0) c:1.0
num acquisition: 111, time elapsed: 20.23s
0
z
[2.048      1.57659968]
2.048
f inputs x:[[1.         0.76982406]] ev:{} outputs y:6.532823105334422 (n:0.0) c:1.0
num acquisition: 112, time elapsed: 20.56s
0
z
[ 1.48569134 -0.81380754]
1.4856913386377602
f inputs x:[[ 0.72543522 -0.39736696]] ev:{} outputs y:6.817756321051701 (n:-0.0) c:1.0
num acquisition: 113, time elapsed: 20.87s
0
z
[-0.68693216 -1.55894593]
-0.6869321637168235
f inputs x:[[-0.3354161  -0.76120407]] ev:{} outputs y:6.031332713888165 (n:0.0) c:1.0
num acquisition: 114, time elapsed: 21.31s
0
z
[0.78293223 0.62904389]
0.7829322252168208
f inputs x:[[0.38229113 0.30715034]] ev:{} outputs y:0.07037836966559675 (n:0.0) c:1.0
num acquisition: 115, time elapsed: 21.60s
0
z
[0.02368187 0.20684126]
0.023681865184664048
f inputs x:[[0.01156341 0.10099671]] ev:{} outputs y:1.8258965295332652 (n:0.0) c:1.0
num acquisition: 116, time elapsed: 21.93s
0
z
[-2.048       1.55229401]
-2.048
f inputs x:[[-1.          0.75795606]] ev:{} outputs y:6.562884646593944 (n:0.0) c:1.0
num acquisition: 117, time elapsed: 22.29s
0
z
[-0.80228911 -0.0551075 ]
-0.8022891116036295
f inputs x:[[-0.39174273 -0.02690796]] ev:{} outputs y:3.97174256560635 (n:-0.0) c:1.0
num acquisition: 118, time elapsed: 22.64s
0
z
[-0.5593636  -0.58242275]
-0.5593635983570363
f inputs x:[[-0.27312676 -0.28438611]] ev:{} outputs y:4.425920100988877 (n:-0.0) c:1.0
num acquisition: 119, time elapsed: 23.03s
0
z
[ 0.14948348 -0.02029649]
0.14948348161099356
f inputs x:[[ 0.07298998 -0.0099104 ]] ev:{} outputs y:0.644592610571521 (n:-0.0) c:1.0
num acquisition: 120, time elapsed: 23.37s
0
z
[ 0.91457441 -0.32920359]
0.9145744144603432
f inputs x:[[ 0.44656954 -0.16074394]] ev:{} outputs y:4.919113958709933 (n:-0.0) c:1.0
num acquisition: 121, time elapsed: 23.72s
0
z
[0.82992583 0.68950564]
0.8299258259376939
f inputs x:[[0.40523722 0.33667268]] ev:{} outputs y:0.02856640182097759 (n:-0.0) c:1.0
num acquisition: 122, time elapsed: 24.05s
0
z
[0.56292538 0.26737733]
0.5629253819411557
f inputs x:[[0.27486591 0.13055534]] ev:{} outputs y:0.36195548124398574 (n:-0.0) c:1.0
num acquisition: 123, time elapsed: 24.38s
0
z
[1.52385073 0.11331198]
1.5238507290476275
f inputs x:[[0.74406774 0.05532812]] ev:{} outputs y:6.192685886771687 (n:0.0) c:1.0
num acquisition: 124, time elapsed: 24.70s
0
z
[-1.60307309  0.80516557]
-1.6030730874270083
f inputs x:[[-0.78275053  0.39314725]] ev:{} outputs y:5.765770082032919 (n:-0.0) c:1.0
num acquisition: 125, time elapsed: 24.99s
0
z
[1.17852187 1.54526947]
1.1785218671190012
f inputs x:[[0.57545013 0.75452611]] ev:{} outputs y:1.2460490261083679 (n:-0.0) c:1.0
num acquisition: 126, time elapsed: 25.32s
0
z
[ 0.11657532 -0.72643817]
0.11657531996342148
f inputs x:[[ 0.05692154 -0.35470614]] ev:{} outputs y:4.035029342685427 (n:-0.0) c:1.0
num acquisition: 127, time elapsed: 25.60s
0
z
[-1.6783682  -1.52346389]
-1.6783682006581764
f inputs x:[[-0.81951572 -0.74387885]] ev:{} outputs y:7.5454250175092445 (n:0.0) c:1.0
num acquisition: 128, time elapsed: 25.89s
0
z
[1.14928275 1.27724013]
1.149282751020833
f inputs x:[[0.56117322 0.62365241]] ev:{} outputs y:0.19266352105818624 (n:-0.0) c:1.0
num acquisition: 129, time elapsed: 26.20s
0
z
[1.14445424 1.35544095]
1.1444542367657669
f inputs x:[[0.55881555 0.6618364 ]] ev:{} outputs y:0.20652656903695696 (n:0.0) c:1.0
num acquisition: 130, time elapsed: 26.63s
0
z
[1.11303061 1.30398007]
1.1130306072066032
f inputs x:[[0.54347198 0.63670902]] ev:{} outputs y:0.3626523866149342 (n:-0.0) c:1.0
num acquisition: 131, time elapsed: 27.05s
0
z
[ 0.54118174 -0.9606298 ]
0.5411817398921036
f inputs x:[[ 0.2642489  -0.46905752]] ev:{} outputs y:5.064735866987391 (n:-0.0) c:1.0
num acquisition: 132, time elapsed: 27.45s
0
z
[-0.4292707  -0.92054738]
-0.42927070071391993
f inputs x:[[-0.20960483 -0.44948603]] ev:{} outputs y:4.829158946443295 (n:0.0) c:1.0
num acquisition: 133, time elapsed: 27.92s
0
z
[-0.40836161  1.0546626 ]
-0.40836161437578455
f inputs x:[[-0.19939532  0.51497197]] ev:{} outputs y:4.404530575662525 (n:-0.0) c:1.0
num acquisition: 134, time elapsed: 28.30s
0
z
[1.11090147 1.17248922]
1.1109014695597588
f inputs x:[[0.54243236 0.5725045 ]] ev:{} outputs y:0.3306794309642663 (n:0.0) c:1.0
num acquisition: 135, time elapsed: 28.70s
0
z
[-0.31942526  0.07789075]
-0.31942525562270796
f inputs x:[[-0.15596936  0.03803259]] ev:{} outputs y:1.0293212882467844 (n:0.0) c:1.0
num acquisition: 136, time elapsed: 29.05s
0
z
[-0.87766597 -1.19008542]
-0.8776659726763149
f inputs x:[[-0.42854784 -0.5810964 ]] ev:{} outputs y:5.963157079212724 (n:0.0) c:1.0
num acquisition: 137, time elapsed: 29.42s
0
z
[1.0197826  1.09248733]
1.0197825975813237
f inputs x:[[0.49794072 0.53344108]] ev:{} outputs y:0.24399636701764074 (n:-0.0) c:1.0
num acquisition: 138, time elapsed: 29.83s
0
z
[-0.20387455 -1.63078592]
-0.2038745532900408
f inputs x:[[-0.09954812 -0.79628219]] ev:{} outputs y:5.642350294288207 (n:0.0) c:1.0
num acquisition: 139, time elapsed: 30.18s
0
z
[ 0.29567686 -0.18987541]
0.2956768592654487
f inputs x:[[ 0.14437347 -0.0927126 ]] ev:{} outputs y:2.217638367369296 (n:-0.0) c:1.0
num acquisition: 140, time elapsed: 30.62s
0
z
[-1.61942872 -0.08241215]
-1.6194287167774588
f inputs x:[[-0.79073668 -0.04024031]] ev:{} outputs y:6.606032548341082 (n:-0.0) c:1.0
num acquisition: 141, time elapsed: 30.98s
0
z
[-0.47870283  0.01050174]
-0.4787028305422228
f inputs x:[[-0.23374162  0.0051278 ]] ev:{} outputs y:2.0753767851440443 (n:0.0) c:1.0
num acquisition: 142, time elapsed: 31.49s
0
z
[-0.5569042  2.048    ]
-0.5569042047318697
f inputs x:[[-0.27192588  1.        ]] ev:{} outputs y:5.721749731089342 (n:0.0) c:1.0
num acquisition: 143, time elapsed: 31.98s
0
z
[-0.89336212 -0.42025727]
-0.8933621167759822
f inputs x:[[-0.43621197 -0.20520375]] ev:{} outputs y:5.030589922550945 (n:-0.0) c:1.0
num acquisition: 144, time elapsed: 32.34s
0
z
[ 1.02687536 -1.63809767]
1.0268753618925708
f inputs x:[[ 0.50140399 -0.79985238]] ev:{} outputs y:6.58754231387598 (n:-0.0) c:1.0
num acquisition: 145, time elapsed: 32.74s
0
z
[0.73972359 0.53354232]
0.7397235910675326
f inputs x:[[0.36119316 0.26051871]] ev:{} outputs y:0.08284410538940976 (n:0.0) c:1.0
num acquisition: 146, time elapsed: 33.24s
0
z
[1.0401693  1.15052575]
1.0401693028597
f inputs x:[[0.50789517 0.56178015]] ev:{} outputs y:0.38651813131472945 (n:0.0) c:1.0
num acquisition: 147, time elapsed: 33.66s
0
z
[ 1.84649125 -0.19332477]
1.8464912516902787
f inputs x:[[ 0.90160706 -0.09439686]] ev:{} outputs y:7.169944723457903 (n:0.0) c:1.0
num acquisition: 148, time elapsed: 34.16s
0
z
[1.03404057 0.02166627]
1.034040570910168
f inputs x:[[0.50490262 0.01057923]] ev:{} outputs y:4.707205074475193 (n:-0.0) c:1.0
num acquisition: 149, time elapsed: 34.68s
0
z
[-1.53996207 -2.048     ]
-1.5399620672164764
f inputs x:[[-0.7519346 -1.       ]] ev:{} outputs y:7.581023452347418 (n:-0.0) c:1.0
num acquisition: 150, time elapsed: 35.08s
0
z
[-0.03583825  0.59326466]
-0.035838247068813896
f inputs x:[[-0.01749914  0.28968001]] ev:{} outputs y:3.61407578738554 (n:-0.0) c:1.0
num acquisition: 151, time elapsed: 35.53s
0
z
[-0.93625102  1.44886741]
-0.9362510169716772
f inputs x:[[-0.45715382  0.70745479]] ev:{} outputs y:3.624393264728328 (n:0.0) c:1.0
num acquisition: 152, time elapsed: 35.99s
0
z
[-1.23422669  1.4538905 ]
-1.2342266869348948
f inputs x:[[-0.60264975  0.70990747]] ev:{} outputs y:1.8677558823576055 (n:-0.0) c:1.0
num acquisition: 153, time elapsed: 36.56s
0
z
[-2.048      -0.69697581]
-2.048
f inputs x:[[-1.         -0.34032022]] ev:{} outputs y:7.784370076100024 (n:0.0) c:1.0
num acquisition: 154, time elapsed: 37.08s
0
z
[-0.88852738  0.54751341]
-0.888527377878952
f inputs x:[[-0.43385126  0.26734053]] ev:{} outputs y:2.343857792962587 (n:0.0) c:1.0
num acquisition: 155, time elapsed: 37.56s
0
z
[ 0.02531022 -1.3434482 ]
0.02531021675708581
f inputs x:[[ 0.0123585  -0.65598057]] ev:{} outputs y:5.2073389984485265 (n:0.0) c:1.0
num acquisition: 156, time elapsed: 38.14s
0
z
[-0.1174738  -0.97304793]
-0.11747380141618846
f inputs x:[[-0.05736025 -0.47512106]] ev:{} outputs y:4.60152003351182 (n:-0.0) c:1.0
num acquisition: 157, time elapsed: 38.55s
0
z
[-0.76256639  0.92257366]
-0.7625663949278236
f inputs x:[[-0.37234687  0.45047542]] ev:{} outputs y:2.7561577409639986 (n:0.0) c:1.0
num acquisition: 158, time elapsed: 39.08s
0
z
[-0.24611511  1.69082104]
-0.24611510998337166
f inputs x:[[-0.12017339  0.82559621]] ev:{} outputs y:5.592194408247987 (n:-0.0) c:1.0
num acquisition: 159, time elapsed: 39.67s
0
z
[ 1.0839921 -1.2156824]
1.0839920993175383
f inputs x:[[ 0.52929302 -0.59359492]] ev:{} outputs y:6.350120805597846 (n:-0.0) c:1.0
num acquisition: 160, time elapsed: 40.26s
0
z
[0.95395932 1.07202072]
0.9539593247827377
f inputs x:[[0.46580045 0.52344762]] ev:{} outputs y:1.288115531248048 (n:0.0) c:1.0
num acquisition: 161, time elapsed: 40.70s
0
z
[0.41160682 1.02363155]
0.4116068165343259
f inputs x:[[0.20097989 0.49982009]] ev:{} outputs y:4.308298206556531 (n:-0.0) c:1.0
num acquisition: 162, time elapsed: 41.48s
0
z
[-1.31136881  1.28490972]
-1.311368811122327
f inputs x:[[-0.6403168   0.62739732]] ev:{} outputs y:3.2286540541540227 (n:-0.0) c:1.0
num acquisition: 163, time elapsed: 41.86s
0
z
[1.36737312 1.88827486]
1.3673731181701707
f inputs x:[[0.66766266 0.92200921]] ev:{} outputs y:0.1565174766282393 (n:-0.0) c:1.0
num acquisition: 164, time elapsed: 42.39s
0
z
[1.06352256 1.09447169]
1.0635225613529666
f inputs x:[[0.51929813 0.53441001]] ev:{} outputs y:0.1293195061167092 (n:-0.0) c:1.0
num acquisition: 165, time elapsed: 42.94s
0
z
[1.31760661 1.88707396]
1.3176066122367405
f inputs x:[[0.6433626  0.92142283]] ev:{} outputs y:1.2180456729342153 (n:-0.0) c:1.0
num acquisition: 166, time elapsed: 43.48s
0
z
[1.41930084 1.90372069]
1.4193008414576112
f inputs x:[[0.69301799 0.92955112]] ev:{} outputs y:0.8759408860484577 (n:0.0) c:1.0
num acquisition: 167, time elapsed: 44.13s
0
z
[1.37334598 1.81761112]
1.3733459816078064
f inputs x:[[0.67057909 0.88750543]] ev:{} outputs y:0.4750999121648241 (n:0.0) c:1.0
num acquisition: 168, time elapsed: 44.58s
0
z
[1.18317918 1.32611112]
1.183179184105454
f inputs x:[[0.57772421 0.6475152 ]] ev:{} outputs y:0.456301475334988 (n:0.0) c:1.0
num acquisition: 169, time elapsed: 45.00s
0
z
[0.83632344 0.71002162]
0.8363234400088335
f inputs x:[[0.40836105 0.34669025]] ev:{} outputs y:0.037289674722450684 (n:-0.0) c:1.0
num acquisition: 170, time elapsed: 45.49s
0
z
[0.83667415 0.71041882]
0.8366741466040967
f inputs x:[[0.4085323  0.34688419]] ev:{} outputs y:0.03679597554368548 (n:-0.0) c:1.0
num acquisition: 171, time elapsed: 45.92s
0
z
[-0.10014135 -0.05284821]
-0.1001413544869895
f inputs x:[[-0.04889715 -0.02580479]] ev:{} outputs y:0.9576846297743854 (n:0.0) c:1.0
num acquisition: 172, time elapsed: 46.35s
0
z
[1.32556388 1.64798308]
1.325563875040406
f inputs x:[[0.64724799 0.80467924]] ev:{} outputs y:0.8316342412607679 (n:0.0) c:1.0
num acquisition: 173, time elapsed: 46.82s
0
z
[0.62454442 1.59984229]
0.6245444243463205
f inputs x:[[0.30495333 0.78117299]] ev:{} outputs y:4.9938235400559545 (n:-0.0) c:1.0
num acquisition: 174, time elapsed: 47.28s
0
z
[1.10676692 1.42406228]
1.1067669225494103
f inputs x:[[0.54041354 0.69534291]] ev:{} outputs y:1.604756009182855 (n:0.0) c:1.0
num acquisition: 175, time elapsed: 47.86s
0
z
[0.39702173 0.08523388]
0.39702173415691033
f inputs x:[[0.19385827 0.04161811]] ev:{} outputs y:0.6353318291710163 (n:0.0) c:1.0
num acquisition: 176, time elapsed: 48.36s
0
z
[ 0.0258636  -0.43042129]
0.025863604124046254
f inputs x:[[ 0.01262871 -0.21016665]] ev:{} outputs y:3.022024542810235 (n:-0.0) c:1.0
num acquisition: 177, time elapsed: 48.96s
0
z
[ 0.53183668 -1.7232444 ]
0.5318366751324654
f inputs x:[[ 0.25968588 -0.84142793]] ev:{} outputs y:6.0005747980262605 (n:-0.0) c:1.0
num acquisition: 178, time elapsed: 49.51s
0
z
[-0.67861803  0.39438472]
-0.6786180264556773
f inputs x:[[-0.33135646  0.19257066]] ev:{} outputs y:1.4481366109005265 (n:0.0) c:1.0
num acquisition: 179, time elapsed: 50.36s
0
z
[ 1.75877986 -1.6997122 ]
1.7587798580954659
f inputs x:[[ 0.85877923 -0.8299376 ]] ev:{} outputs y:7.740176744393188 (n:0.0) c:1.0
num acquisition: 180, time elapsed: 50.99s
0
z
[0.80817071 0.62459664]
0.8081707055148261
f inputs x:[[0.3946146  0.30497883]] ev:{} outputs y:0.11178303464461796 (n:0.0) c:1.0
num acquisition: 181, time elapsed: 51.54s
0
z
[-0.34486779  0.21422107]
-0.3448677890189949
f inputs x:[[-0.16839248  0.10460013]] ev:{} outputs y:1.3128189535979153 (n:0.0) c:1.0
num acquisition: 182, time elapsed: 52.12s
0
z
[1.22320402 0.32689841]
1.2232040165158162
f inputs x:[[0.59726759 0.15961837]] ev:{} outputs y:4.925680009675836 (n:0.0) c:1.0
num acquisition: 183, time elapsed: 52.80s
0
z
[-2.048     -1.5672616]
-2.048
f inputs x:[[-1.         -0.76526445]] ev:{} outputs y:8.11068377477005 (n:0.0) c:1.0
num acquisition: 184, time elapsed: 53.32s
0
z
[-1.33630608 -1.17153131]
-1.3363060772342361
f inputs x:[[-0.6524932  -0.57203677]] ev:{} outputs y:6.781044312284743 (n:0.0) c:1.0
num acquisition: 185, time elapsed: 53.90s
0
z
[1.03483981 1.03446943]
1.034839811879558
f inputs x:[[0.50529288 0.50511203]] ev:{} outputs y:0.1256494732890952 (n:-0.0) c:1.0
num acquisition: 186, time elapsed: 54.43s
0
z
[0.28904062 0.69668531]
0.2890406229668243
f inputs x:[[0.14113312 0.34017837]] ev:{} outputs y:3.666113024027268 (n:0.0) c:1.0
num acquisition: 187, time elapsed: 55.03s
0
z
[ 0.36625985 -1.34827957]
0.36625985022339563
f inputs x:[[ 0.17883782 -0.65833963]] ev:{} outputs y:5.398887618553823 (n:0.0) c:1.0
num acquisition: 188, time elapsed: 55.59s
0
z
[-0.35730808 -0.37182638]
-0.35730807750911964
f inputs x:[[-0.17446683 -0.18155585]] ev:{} outputs y:3.324743005272528 (n:0.0) c:1.0
num acquisition: 189, time elapsed: 56.19s
0
z
[-0.77591218 -2.048     ]
-0.7759121782333342
f inputs x:[[-0.37886337 -1.        ]] ev:{} outputs y:6.560216911462193 (n:-0.0) c:1.0
num acquisition: 190, time elapsed: 56.73s
0
z
[-1.29772731  1.62934483]
-1.2977273071768467
f inputs x:[[-0.63365591  0.79557853]] ev:{} outputs y:1.8839316498393628 (n:0.0) c:1.0
num acquisition: 191, time elapsed: 57.23s
0
z
[-0.51573873  1.35427049]
-0.5157387278467338
f inputs x:[[-0.25182555  0.66126489]] ev:{} outputs y:4.801835724312738 (n:-0.0) c:1.0
num acquisition: 192, time elapsed: 57.72s
0
z
[-1.54259932 -0.4617047 ]
-1.54259932275054
f inputs x:[[-0.75322233 -0.22544175]] ev:{} outputs y:6.702909854107296 (n:-0.0) c:1.0
num acquisition: 193, time elapsed: 58.24s
0
z
[0.49663816 0.30189463]
0.4966381554993755
f inputs x:[[0.2424991  0.14740949]] ev:{} outputs y:0.4437726260947661 (n:0.0) c:1.0
num acquisition: 194, time elapsed: 58.78s
0
z
[ 0.50210685 -0.33217008]
0.5021068543584081
f inputs x:[[ 0.24516936 -0.16219242]] ev:{} outputs y:3.5663267044459945 (n:0.0) c:1.0
num acquisition: 195, time elapsed: 59.29s
0
z
[-1.17542687  0.11215578]
-1.1754268729507584
f inputs x:[[-0.5739389   0.05476357]] ev:{} outputs y:5.117326148637723 (n:-0.0) c:1.0
num acquisition: 196, time elapsed: 59.87s
0
z
[0.08108545 1.19805719]
0.08108545379386302
f inputs x:[[0.03959251 0.58498886]] ev:{} outputs y:4.968475041017396 (n:-0.0) c:1.0
num acquisition: 197, time elapsed: 60.45s
0
z
[0.8339673  0.70596617]
0.833967299395239
f inputs x:[[0.4072106  0.34471004]] ev:{} outputs y:0.03779457376242192 (n:-0.0) c:1.0
num acquisition: 198, time elapsed: 61.12s
0
z
[0.83436824 0.70653201]
0.8343682400553707
f inputs x:[[0.40740637 0.34498633]] ev:{} outputs y:0.03745980023517041 (n:0.0) c:1.0
num acquisition: 199, time elapsed: 61.75s
0
z
[1.1244688  1.22595225]
1.124468797937862
f inputs x:[[0.54905703 0.5986095 ]] ev:{} outputs y:0.15147294226203983 (n:-0.0) c:1.0
num acquisition: 200, time elapsed: 62.31s
0
z
[0.83496152 0.70741166]
0.834961517060287
f inputs x:[[0.40769605 0.34541585]] ev:{} outputs y:0.03705091049448784 (n:0.0) c:1.0
num acquisition: 201, time elapsed: 63.00s
0
z
[0.83529519 0.70791689]
0.8352951909994983
f inputs x:[[0.40785898 0.34566254]] ev:{} outputs y:0.03684220979591731 (n:-0.0) c:1.0
num acquisition: 202, time elapsed: 63.72s
0
z
[0.8356406  0.70845244]
0.8356405978176313
f inputs x:[[0.40802764 0.34592404]] ev:{} outputs y:0.03665101476419315 (n:-0.0) c:1.0
num acquisition: 203, time elapsed: 64.46s
0
z
[0.83600108 0.70902046]
0.8360010803174998
f inputs x:[[0.40820365 0.3462014 ]] ev:{} outputs y:0.03646929226165464 (n:-0.0) c:1.0
num acquisition: 204, time elapsed: 65.11s
0
z
[0.83637833 0.70962042]
0.8363783347216501
f inputs x:[[0.40838786 0.34649434]] ev:{} outputs y:0.03628977363425879 (n:-0.0) c:1.0
num acquisition: 205, time elapsed: 65.70s
0
z
[-1.65902792  1.1825469 ]
-1.659027921444079
f inputs x:[[-0.81007223  0.57741548]] ev:{} outputs y:5.539324533640742 (n:-0.0) c:1.0
num acquisition: 206, time elapsed: 66.23s
0
z
[1.04600838 1.06367773]
1.0460083821196056
f inputs x:[[0.51074628 0.51937389]] ev:{} outputs y:0.09063780376173336 (n:-0.0) c:1.0
num acquisition: 207, time elapsed: 66.99s
0
z
[1.6302624  0.91933627]
1.6302623989553038
f inputs x:[[0.79602656 0.44889467]] ev:{} outputs y:5.715735311807899 (n:0.0) c:1.0
num acquisition: 208, time elapsed: 67.83s
0
z
[0.22850969 2.048     ]
0.22850968777897304
f inputs x:[[0.111577 1.      ]] ev:{} outputs y:5.99124028290052 (n:-0.0) c:1.0
num acquisition: 209, time elapsed: 68.53s
0
z
[-0.97650557  1.11180344]
-0.9765055653998457
f inputs x:[[-0.47680936  0.54287278]] ev:{} outputs y:2.00290793582266 (n:0.0) c:1.0
num acquisition: 210, time elapsed: 69.28s
0
z
[-1.08682579  0.915842  ]
-1.0868257856570296
f inputs x:[[-0.53067665  0.44718848]] ev:{} outputs y:2.5173587555403114 (n:-0.0) c:1.0
num acquisition: 211, time elapsed: 70.43s
0
z
[ 0.41903975 -2.048     ]
0.4190397475098398
f inputs x:[[ 0.20460925 -1.        ]] ev:{} outputs y:6.2061215500404 (n:0.0) c:1.0
num acquisition: 212, time elapsed: 71.45s
0
z
[ 1.14715479 -0.58077501]
1.147154786708131
f inputs x:[[ 0.56013417 -0.28358155]] ev:{} outputs y:5.888278283172227 (n:-0.0) c:1.0
num acquisition: 213, time elapsed: 72.34s
0
z
[-0.5006716   0.28432881]
-0.5006715980306291
f inputs x:[[-0.24446855  0.13883243]] ev:{} outputs y:1.2135150315189964 (n:-0.0) c:1.0
num acquisition: 214, time elapsed: 73.22s
0
z
[0.24137266 0.05199393]
0.24137265541588926
f inputs x:[[0.11785774 0.02538766]] ev:{} outputs y:0.45707210245969043 (n:0.0) c:1.0
num acquisition: 215, time elapsed: 73.98s
0
z
[0.60274526 0.36946545]
0.6027452642866948
f inputs x:[[0.29430921 0.18040305]] ev:{} outputs y:0.14980724691742173 (n:0.0) c:1.0
num acquisition: 216, time elapsed: 74.61s
0
z
[-1.16193368 -0.60290318]
-1.161933682643559
f inputs x:[[-0.56735043 -0.29438632]] ev:{} outputs y:5.958662773377876 (n:0.0) c:1.0
num acquisition: 217, time elapsed: 75.68s
0
z
[-0.1510887  0.9649998]
-0.15108869601226682
f inputs x:[[-0.07377378  0.47119131]] ev:{} outputs y:4.511889903305058 (n:0.0) c:1.0
num acquisition: 218, time elapsed: 76.49s
0
z
[-1.31883528  0.63510412]
-1.318835278373307
f inputs x:[[-0.64396254  0.31010943]] ev:{} outputs y:4.854431301828096 (n:-0.0) c:1.0
num acquisition: 219, time elapsed: 77.15s
0
z
[-1.24972158  1.83228384]
-1.2497215788366327
f inputs x:[[-0.61021561  0.89466984]] ev:{} outputs y:2.5935502724388093 (n:0.0) c:1.0
num acquisition: 220, time elapsed: 77.87s
0
z
[0.99423954 0.9524928 ]
0.9942395351873451
f inputs x:[[0.48546852 0.46508438]] ev:{} outputs y:0.12201697366446052 (n:-0.0) c:1.0
num acquisition: 221, time elapsed: 78.97s
0
z
[0.62811712 1.29481874]
0.6281171190612815
f inputs x:[[0.30669781 0.63223571]] ev:{} outputs y:4.409034575690381 (n:0.0) c:1.0
num acquisition: 222, time elapsed: 79.72s
0
z
[ 0.37093904 -0.71673604]
0.3709390378878681
f inputs x:[[ 0.18112258 -0.34996877]] ev:{} outputs y:4.309240889032091 (n:-0.0) c:1.0
num acquisition: 223, time elapsed: 80.54s
0
z
[0.74898154 0.05835   ]
0.748981542381349
f inputs x:[[0.36571364 0.02849121]] ev:{} outputs y:3.2705583342415125 (n:0.0) c:1.0
num acquisition: 224, time elapsed: 81.22s
0
z
[-1.63694582  2.048     ]
-1.6369458193652617
f inputs x:[[-0.79928995  1.        ]] ev:{} outputs y:3.86795157336578 (n:0.0) c:1.0
num acquisition: 225, time elapsed: 82.12s
0
z
[1.57958082 1.47504937]
1.5795808220230318
f inputs x:[[0.7712797  0.72023895]] ev:{} outputs y:4.657584815309495 (n:-0.0) c:1.0
num acquisition: 226, time elapsed: 82.96s
0
z
[-2.048       0.74707044]
-2.048
f inputs x:[[-1.          0.36478049]] ev:{} outputs y:7.088936376130393 (n:-0.0) c:1.0
num acquisition: 227, time elapsed: 83.69s
0
z
[0.75240586 0.57173324]
0.7524058595713828
f inputs x:[[0.36738567 0.27916662]] ev:{} outputs y:0.06246743570499652 (n:0.0) c:1.0
num acquisition: 228, time elapsed: 85.04s
0
z
[-2.048       0.06266111]
-2.048
f inputs x:[[-1.          0.03059624]] ev:{} outputs y:7.4485304658791165 (n:0.0) c:1.0
num acquisition: 229, time elapsed: 86.82s
0
z
[ 1.70665783 -1.08486323]
1.7066578295416528
f inputs x:[[ 0.83332902 -0.52971838]] ev:{} outputs y:7.377468436800608 (n:-0.0) c:1.0
num acquisition: 230, time elapsed: 87.63s
0
z
[1.02526454 0.96907407]
1.0252645416113633
f inputs x:[[0.50061745 0.4731807 ]] ev:{} outputs y:0.5155560573691065 (n:-0.0) c:1.0
num acquisition: 231, time elapsed: 88.60s
0
z
[0.97038839 0.95385395]
0.9703883920414785
f inputs x:[[0.47382246 0.465749  ]] ev:{} outputs y:0.01563870846452195 (n:0.0) c:1.0
num acquisition: 232, time elapsed: 89.49s
0
z
[0.96286295 0.92267534]
0.962862947234057
f inputs x:[[0.47014792 0.45052507]] ev:{} outputs y:0.0033358323255927515 (n:-0.0) c:1.0
num acquisition: 233, time elapsed: 90.41s
0
z
[0.92556567 0.85874472]
0.9255656743610937
f inputs x:[[0.45193636 0.41930895]] ev:{} outputs y:0.005952411244252339 (n:0.0) c:1.0
num acquisition: 234, time elapsed: 92.07s
0
z
[-0.18098931  0.02864544]
-0.18098931032716367
f inputs x:[[-0.08837369  0.01398703]] ev:{} outputs y:0.8739786084707438 (n:0.0) c:1.0
num acquisition: 235, time elapsed: 93.26s
0
z
[0.94261344 0.8860877 ]
0.9426134442126398
f inputs x:[[0.46026047 0.43266001]] ev:{} outputs y:0.003877351124197734 (n:-0.0) c:1.0
num acquisition: 236, time elapsed: 94.44s
0
z
[0.06522926 1.53033889]
0.06522925711010961
f inputs x:[[0.03185022 0.74723579]] ev:{} outputs y:5.458593721073248 (n:-0.0) c:1.0
num acquisition: 237, time elapsed: 95.58s
0
z
[ 1.6143625  -0.48867275]
1.6143624961364458
f inputs x:[[ 0.78826294 -0.23860974]] ev:{} outputs y:6.8660790645154695 (n:-0.0) c:1.0
num acquisition: 238, time elapsed: 97.01s
0
z
[-1.14476782  0.42628976]
-1.1447678236664998
f inputs x:[[-0.55896866  0.2081493 ]] ev:{} outputs y:4.428213782240117 (n:-0.0) c:1.0
num acquisition: 239, time elapsed: 97.99s
0
z
[1.25104233 1.61703552]
1.2510423318689994
f inputs x:[[0.61086051 0.78956812]] ev:{} outputs y:0.2871921178631871 (n:0.0) c:1.0
num acquisition: 240, time elapsed: 99.18s
0
z
[1.80971582 0.51179299]
1.8097158224021164
f inputs x:[[0.8836503  0.24989892]] ev:{} outputs y:6.640171704111711 (n:-0.0) c:1.0
num acquisition: 241, time elapsed: 100.24s
0
z
[0.8269679  1.87098652]
0.8269678995928957
f inputs x:[[0.40379292 0.91356764]] ev:{} outputs y:4.9554967237461085 (n:0.0) c:1.0
num acquisition: 242, time elapsed: 101.09s
0
z
[1.27299779 1.56634755]
1.272997785098187
f inputs x:[[0.62158095 0.76481814]] ev:{} outputs y:0.3133715098315648 (n:-0.0) c:1.0
num acquisition: 243, time elapsed: 102.39s
0
z
[0.22983445 0.23402505]
0.22983444554489196
f inputs x:[[0.11222385 0.11427004]] ev:{} outputs y:1.5844362907576637 (n:-0.0) c:1.0
num acquisition: 244, time elapsed: 103.62s
0
z
[-0.5991532   0.54665139]
-0.5991532046185906
f inputs x:[[-0.29255528  0.26691962]] ev:{} outputs y:1.9571573289544812 (n:0.0) c:1.0
num acquisition: 245, time elapsed: 105.14s
0
z
[-0.04068264  0.37904981]
-0.0406826375595591
f inputs x:[[-0.01986457  0.18508291]] ev:{} outputs y:2.7927404579399266 (n:-0.0) c:1.0
num acquisition: 246, time elapsed: 106.09s
0
z
[0.99154838 0.99732306]
0.9915483806261637
f inputs x:[[0.48415448 0.48697415]] ev:{} outputs y:0.019907969516055047 (n:-0.0) c:1.0
num acquisition: 247, time elapsed: 107.15s
0
z
[-1.68337941 -1.07828936]
-1.683379406198913
f inputs x:[[-0.8219626  -0.52650848]] ev:{} outputs y:7.338640161314502 (n:0.0) c:1.0
num acquisition: 248, time elapsed: 108.28s
0
z
[0.9070705 0.8258658]
0.9070705033316278
f inputs x:[[0.44290552 0.40325479]] ev:{} outputs y:0.009544332110369884 (n:-0.0) c:1.0
num acquisition: 249, time elapsed: 109.20s
0
z
[-0.3169988   0.51300481]
-0.31699879790044316
f inputs x:[[-0.15478457  0.25049063]] ev:{} outputs y:2.9832283192960816 (n:0.0) c:1.0
num acquisition: 250, time elapsed: 110.12s
[0.47014792 0.45052507]
