INFO:GP:initializing Y
INFO:GP:initializing inference method
INFO:GP:adding kernel and likelihood as parameters
removed robo import in opts.py l17 due to theano errors
0
z
[-1.90731748 -0.53451356]
-1.9073174811959808
f inputs x:[[-0.93130736 -0.26099295]] ev:{} outputs y:7.467555384795222 (n:-0.0) c:1.0
0
z
[ 0.79402866 -1.89263045]
0.794028659510891
f inputs x:[[ 0.38770931 -0.92413596]] ev:{} outputs y:6.457792397661774 (n:-0.0) c:1.0
0
z
[-1.81905907 -1.25707661]
-1.8190590741182504
f inputs x:[[-0.88821244 -0.61380694]] ev:{} outputs y:7.646750520485188 (n:0.0) c:1.0
0
z
[ 1.63232995 -0.32258418]
1.6323299467821384
f inputs x:[[ 0.79703611 -0.15751181]] ev:{} outputs y:6.795333962057602 (n:-0.0) c:1.0
0
z
[ 0.86270909 -0.46446768]
0.8627090921288154
f inputs x:[[ 0.42124467 -0.22679086]] ev:{} outputs y:4.991267583739409 (n:-0.0) c:1.0
0
z
[ 0.63887117 -0.54158136]
0.63887117219301
f inputs x:[[ 0.31194881 -0.26444403]] ev:{} outputs y:4.51448579527522 (n:-0.0) c:1.0
num acquisition: 1, time elapsed: 0.16s
0
z
[ 0.30818372 -0.38606675]
0.3081837165283317
f inputs x:[[ 0.15048033 -0.18850916]] ev:{} outputs y:3.203515992667626 (n:0.0) c:1.0
num acquisition: 2, time elapsed: 0.28s
0
z
[ 0.06965731 -0.06500956]
0.06965730557052842
f inputs x:[[ 0.03401236 -0.03174295]] ev:{} outputs y:0.8559474567100458 (n:0.0) c:1.0
num acquisition: 3, time elapsed: 0.41s
0
z
[-0.10975864  0.32930724]
-0.10975864217462225
f inputs x:[[-0.05359309  0.16079455]] ev:{} outputs y:2.50935314352445 (n:0.0) c:1.0
num acquisition: 4, time elapsed: 0.57s
0
z
[-0.16152122 -0.12437063]
-0.16152121779649728
f inputs x:[[-0.07886778 -0.06072785]] ev:{} outputs y:1.5288664326748693 (n:0.0) c:1.0
num acquisition: 5, time elapsed: 0.72s
0
z
[0.17346938 0.0667007 ]
0.17346937523478695
f inputs x:[[0.08470184 0.0325687 ]] ev:{} outputs y:0.5972832540762726 (n:0.0) c:1.0
num acquisition: 6, time elapsed: 0.90s
0
z
[0.55071065 0.44109909]
0.550710648317964
f inputs x:[[0.26890168 0.21538041]] ev:{} outputs y:1.1317923031767416 (n:0.0) c:1.0
num acquisition: 7, time elapsed: 1.05s
0
z
[0.99055245 1.4083131 ]
0.9905524545583161
f inputs x:[[0.48366819 0.68765288]] ev:{} outputs y:2.957155031447613 (n:-0.0) c:1.0
num acquisition: 8, time elapsed: 1.18s
0
z
[2.048 2.048]
2.048
f inputs x:[[1. 1.]] ev:{} outputs y:6.137209404019698 (n:-0.0) c:1.0
num acquisition: 9, time elapsed: 1.29s
0
z
[0.01794955 2.048     ]
0.01794955222323081
f inputs x:[[0.00876443 1.        ]] ev:{} outputs y:6.043257023402427 (n:-0.0) c:1.0
num acquisition: 10, time elapsed: 1.44s
0
z
[0.35599388 0.17012629]
0.355993881691728
f inputs x:[[0.17382514 0.08306948]] ev:{} outputs y:0.4719102080847059 (n:0.0) c:1.0
num acquisition: 11, time elapsed: 1.59s
0
z
[-2.048  2.048]
-2.048
f inputs x:[[-1.  1.]] ev:{} outputs y:6.154757006192991 (n:0.0) c:1.0
num acquisition: 12, time elapsed: 1.78s
0
z
[0.30932667 0.24899114]
0.30932667402330166
f inputs x:[[0.15103842 0.12157771]] ev:{} outputs y:1.342177499675756 (n:0.0) c:1.0
num acquisition: 13, time elapsed: 1.97s
0
z
[0.27252348 0.08974743]
0.27252348117174124
f inputs x:[[0.13306811 0.04382199]] ev:{} outputs y:0.4403045096977369 (n:0.0) c:1.0
num acquisition: 14, time elapsed: 2.09s
0
z
[0.31780492 0.07111927]
0.31780492473702593
f inputs x:[[0.15517819 0.03472621]] ev:{} outputs y:0.4412670071061409 (n:-0.0) c:1.0
num acquisition: 15, time elapsed: 2.22s
0
z
[0.62358926 0.1599079 ]
0.6235892598276415
f inputs x:[[0.30448694 0.07808003]] ev:{} outputs y:1.853756442168168 (n:0.0) c:1.0
num acquisition: 16, time elapsed: 2.33s
0
z
[0.23347341 0.07007567]
0.23347340802581096
f inputs x:[[0.11400069 0.03421663]] ev:{} outputs y:0.47734693869739897 (n:0.0) c:1.0
num acquisition: 17, time elapsed: 2.44s
0
z
[0.24392162 0.05273356]
0.2439216163173357
f inputs x:[[0.11910235 0.02574881]] ev:{} outputs y:0.4550358942304661 (n:-0.0) c:1.0
num acquisition: 18, time elapsed: 2.56s
0
z
[0.88689672 0.76287167]
0.8868967165864444
f inputs x:[[0.43305504 0.37249593]] ev:{} outputs y:0.0667500890311093 (n:-0.0) c:1.0
num acquisition: 19, time elapsed: 2.75s
0
z
[1.22492315 0.79354499]
1.22492315127941
f inputs x:[[0.59810701 0.38747314]] ev:{} outputs y:3.9322212991679293 (n:0.0) c:1.0
num acquisition: 20, time elapsed: 2.94s
0
z
[0.7150443  0.84424305]
0.7150443024838
f inputs x:[[0.34914273 0.41222805]] ev:{} outputs y:2.4987341638697638 (n:0.0) c:1.0
num acquisition: 21, time elapsed: 3.16s
0
z
[0.87382669 0.59576232]
0.8738266871649977
f inputs x:[[0.42667319 0.29089957]] ev:{} outputs y:1.3433776417359469 (n:-0.0) c:1.0
num acquisition: 22, time elapsed: 3.34s
0
z
[-0.8406422  0.3346671]
-0.8406421998900345
f inputs x:[[-0.41046982  0.16341167]] ev:{} outputs y:2.9029189229646186 (n:0.0) c:1.0
num acquisition: 23, time elapsed: 3.48s
0
z
[-0.62815218 -2.048     ]
-0.6281521760579183
f inputs x:[[-0.30671493 -1.        ]] ev:{} outputs y:6.397376586859162 (n:-0.0) c:1.0
num acquisition: 24, time elapsed: 3.62s
0
z
[ 2.048 -2.048]
2.048
f inputs x:[[ 1. -1.]] ev:{} outputs y:8.268407222217542 (n:0.0) c:1.0
num acquisition: 25, time elapsed: 3.73s
0
z
[-1.15082689  1.0847028 ]
-1.1508268870299394
f inputs x:[[-0.56192719  0.52964004]] ev:{} outputs y:2.431123578079439 (n:0.0) c:1.0
num acquisition: 26, time elapsed: 3.90s
0
z
[-1.79146593  0.78413229]
-1.7914659274655742
f inputs x:[[-0.87473922  0.38287709]] ev:{} outputs y:6.391850879713805 (n:0.0) c:1.0
num acquisition: 27, time elapsed: 4.02s
0
z
[-0.62346515  1.03021873]
-0.6234651518179087
f inputs x:[[-0.30442634  0.50303649]] ev:{} outputs y:3.8019656661906165 (n:-0.0) c:1.0
num acquisition: 28, time elapsed: 4.17s
0
z
[-0.55729172 -0.62356437]
-0.5572917162452924
f inputs x:[[-0.2721151  -0.30447479]] ev:{} outputs y:4.507409800971668 (n:0.0) c:1.0
num acquisition: 29, time elapsed: 4.31s
0
z
[0.93951762 0.83899126]
0.9395176155218024
f inputs x:[[0.45874884 0.4096637 ]] ev:{} outputs y:0.1778493805373429 (n:0.0) c:1.0
num acquisition: 30, time elapsed: 4.43s
0
z
[-1.06010025  1.69887961]
-1.0601002470043073
f inputs x:[[-0.51762707  0.82953106]] ev:{} outputs y:3.645821292205439 (n:0.0) c:1.0
num acquisition: 31, time elapsed: 4.58s
0
z
[1.04445368 2.048     ]
1.044453675467832
f inputs x:[[0.50998715 1.        ]] ev:{} outputs y:4.528388266080413 (n:0.0) c:1.0
num acquisition: 32, time elapsed: 4.70s
0
z
[ 0.05644217 -1.19463421]
0.056442165231638336
f inputs x:[[ 0.02755965 -0.58331749]] ev:{} outputs y:4.979265434567217 (n:-0.0) c:1.0
num acquisition: 33, time elapsed: 4.89s
0
z
[-0.47496063  0.08650592]
-0.4749606328580495
f inputs x:[[-0.23191437  0.04223922]] ev:{} outputs y:1.6311759731188122 (n:-0.0) c:1.0
num acquisition: 34, time elapsed: 5.03s
0
z
[2.048      1.07442712]
2.048
f inputs x:[[1.         0.52462262]] ev:{} outputs y:6.882910669950228 (n:-0.0) c:1.0
num acquisition: 35, time elapsed: 5.21s
0
z
[-2.048 -2.048]
-2.048
f inputs x:[[-1. -1.]] ev:{} outputs y:8.270506212573649 (n:0.0) c:1.0
num acquisition: 36, time elapsed: 5.36s
0
z
[-0.98081014 -0.14671801]
-0.9808101447873295
f inputs x:[[-0.4789112  -0.07163965]] ev:{} outputs y:4.850831342062227 (n:-0.0) c:1.0
num acquisition: 37, time elapsed: 5.48s
0
z
[ 2.048      -1.05205818]
2.048
f inputs x:[[ 1.         -0.51370028]] ev:{} outputs y:7.921002077101497 (n:0.0) c:1.0
num acquisition: 38, time elapsed: 5.61s
0
z
[-1.50795411  1.44012405]
-1.50795410895505
f inputs x:[[-0.73630572  0.70318557]] ev:{} outputs y:4.3413652445549955 (n:0.0) c:1.0
num acquisition: 39, time elapsed: 5.74s
0
z
[0.3112041  0.39031608]
0.3112041024769525
f inputs x:[[0.15195513 0.19058403]] ev:{} outputs y:2.3112268228022304 (n:-0.0) c:1.0
num acquisition: 40, time elapsed: 5.87s
0
z
[-0.49487249  0.48638569]
-0.4948724852322602
f inputs x:[[-0.24163696  0.23749301]] ev:{} outputs y:2.2045572721363538 (n:-0.0) c:1.0
num acquisition: 41, time elapsed: 6.01s
0
z
[0.9269649  0.77396522]
0.9269648990065176
f inputs x:[[0.45261958 0.3779127 ]] ev:{} outputs y:0.5498084633983954 (n:-0.0) c:1.0
num acquisition: 42, time elapsed: 6.14s
0
z
[0.29826841 0.27437627]
0.2982684097632485
f inputs x:[[0.14563887 0.13397279]] ev:{} outputs y:1.5953788443317098 (n:-0.0) c:1.0
num acquisition: 43, time elapsed: 6.28s
0
z
[0.24141172 0.18449616]
0.24141171571464368
f inputs x:[[0.11787681 0.09008602]] ev:{} outputs y:1.1532639047300077 (n:0.0) c:1.0
num acquisition: 44, time elapsed: 6.42s
0
z
[0.21884585 0.14208854]
0.21884585173497592
f inputs x:[[0.10685833 0.06937917]] ev:{} outputs y:0.9152790813527234 (n:-0.0) c:1.0
num acquisition: 45, time elapsed: 6.57s
0
z
[0.92612459 0.84005452]
0.9261245907301608
f inputs x:[[0.45220927 0.41018287]] ev:{} outputs y:0.03596320937492727 (n:-0.0) c:1.0
num acquisition: 46, time elapsed: 6.71s
0
z
[0.95464635 0.99067265]
0.9546463458708094
f inputs x:[[0.46613591 0.48372688]] ev:{} outputs y:0.48935938019081116 (n:0.0) c:1.0
num acquisition: 47, time elapsed: 6.90s
0
z
[-0.70755916  2.048     ]
-0.7075591561496849
f inputs x:[[-0.34548787  1.        ]] ev:{} outputs y:5.494492796163504 (n:-0.0) c:1.0
num acquisition: 48, time elapsed: 7.02s
0
z
[-0.87292841 -1.26835969]
-0.8729284063603008
f inputs x:[[-0.42623457 -0.61931626]] ev:{} outputs y:6.03247580496788 (n:-0.0) c:1.0
num acquisition: 49, time elapsed: 7.16s
0
z
[0.93122887 0.86073993]
0.9312288694437756
f inputs x:[[0.4547016  0.42028317]] ev:{} outputs y:0.008846961664580905 (n:-0.0) c:1.0
num acquisition: 50, time elapsed: 7.33s
0
z
[ 1.0152287  -1.14952808]
1.0152286961686494
f inputs x:[[ 0.49571714 -0.56129301]] ev:{} outputs y:6.166121423784498 (n:0.0) c:1.0
num acquisition: 51, time elapsed: 7.45s
0
z
[0.86224431 0.80510099]
0.8622443070303827
f inputs x:[[0.42101773 0.39311572]] ev:{} outputs y:0.3356670455073236 (n:-0.0) c:1.0
num acquisition: 52, time elapsed: 7.62s
0
z
[0.93009112 0.86457715]
0.9300911227935079
f inputs x:[[0.45414606 0.42215681]] ev:{} outputs y:0.004899469217311573 (n:0.0) c:1.0
num acquisition: 53, time elapsed: 7.77s
0
z
[0.92990017 0.86718168]
0.929900174815933
f inputs x:[[0.45405282 0.42342856]] ev:{} outputs y:0.005507570720186054 (n:0.0) c:1.0
num acquisition: 54, time elapsed: 7.95s
0
z
[0.92927976 0.86902137]
0.929279762395366
f inputs x:[[0.45374988 0.42432684]] ev:{} outputs y:0.007951354316458338 (n:-0.0) c:1.0
num acquisition: 55, time elapsed: 8.09s
0
z
[0.92843158 0.87041878]
0.9284315846384149
f inputs x:[[0.45333573 0.42500917]] ev:{} outputs y:0.01216032252602435 (n:0.0) c:1.0
num acquisition: 56, time elapsed: 8.24s
0
z
[ 0.10211084 -2.048     ]
0.10211084170597141
f inputs x:[[ 0.04985881 -1.        ]] ev:{} outputs y:6.053307771014902 (n:0.0) c:1.0
num acquisition: 57, time elapsed: 8.37s
0
z
[0.92758772 0.87137692]
0.9275877156936905
f inputs x:[[0.45292369 0.42547701]] ev:{} outputs y:0.017104091291483253 (n:0.0) c:1.0
num acquisition: 58, time elapsed: 8.50s
0
z
[1.13701308 1.08699224]
1.1370130838482495
f inputs x:[[0.55518217 0.53075793]] ev:{} outputs y:1.659066705421699 (n:0.0) c:1.0
num acquisition: 59, time elapsed: 8.67s
0
z
[0.12408757 0.98298092]
0.12408756904756875
f inputs x:[[0.06058963 0.47997115]] ev:{} outputs y:4.55796270995732 (n:-0.0) c:1.0
num acquisition: 60, time elapsed: 8.84s
0
z
[0.69553391 0.62259308]
0.6955339073220711
f inputs x:[[0.33961617 0.30400053]] ev:{} outputs y:1.1052422669909434 (n:-0.0) c:1.0
num acquisition: 61, time elapsed: 9.01s
0
z
[-0.19846455  0.08465706]
-0.19846455130396468
f inputs x:[[-0.09690652  0.04133645]] ev:{} outputs y:0.971250182460815 (n:0.0) c:1.0
num acquisition: 62, time elapsed: 9.19s
0
z
[-1.06326342  0.70838615]
-1.0632634238437062
f inputs x:[[-0.51917159  0.34589167]] ev:{} outputs y:3.1388591478979686 (n:0.0) c:1.0
num acquisition: 63, time elapsed: 9.38s
0
z
[2.048      0.29504773]
2.048
f inputs x:[[1.         0.14406628]] ev:{} outputs y:7.328120984905678 (n:-0.0) c:1.0
num acquisition: 64, time elapsed: 9.54s
0
z
[1.44835886 1.51543614]
1.448358858114551
f inputs x:[[0.70720647 0.73995905]] ev:{} outputs y:3.5584631450726585 (n:-0.0) c:1.0
num acquisition: 65, time elapsed: 9.74s
0
z
[0.51670176 1.55339015]
0.5167017595062939
f inputs x:[[0.25229578 0.75849128]] ev:{} outputs y:5.116306768366046 (n:0.0) c:1.0
num acquisition: 66, time elapsed: 9.97s
0
z
[-2.048       0.16754161]
-2.048
f inputs x:[[-1.          0.08180743]] ev:{} outputs y:7.397421719743807 (n:-0.0) c:1.0
num acquisition: 67, time elapsed: 10.12s
0
z
[-1.30062737 -2.048     ]
-1.30062736731352
f inputs x:[[-0.63507196 -1.        ]] ev:{} outputs y:7.247634062596046 (n:-0.0) c:1.0
num acquisition: 68, time elapsed: 10.31s
0
z
[-0.06774504 -0.46265772]
-0.06774504092266806
f inputs x:[[-0.03307863 -0.22590709]] ev:{} outputs y:3.1768892144373804 (n:-0.0) c:1.0
num acquisition: 69, time elapsed: 10.51s
0
z
[0.93589933 0.87335057]
0.935899328824262
f inputs x:[[0.45698209 0.42644071]] ev:{} outputs y:0.004751408083117429 (n:-0.0) c:1.0
num acquisition: 70, time elapsed: 10.67s
0
z
[-0.30098804  1.46795151]
-0.3009880403255946
f inputs x:[[-0.14696682  0.7167732 ]] ev:{} outputs y:5.259597311292801 (n:-0.0) c:1.0
num acquisition: 71, time elapsed: 10.83s
0
z
[-1.38283564  2.048     ]
-1.3828356435957254
f inputs x:[[-0.67521272  1.        ]] ev:{} outputs y:2.1425495540014188 (n:0.0) c:1.0
num acquisition: 72, time elapsed: 11.04s
0
z
[-0.43400399 -0.16223737]
-0.43400399423405495
f inputs x:[[-0.21191601 -0.07921747]] ev:{} outputs y:2.730997014124971 (n:-0.0) c:1.0
num acquisition: 73, time elapsed: 11.22s
0
z
[1.07247432 0.12423426]
1.0724743186270296
f inputs x:[[0.5236691  0.06066126]] ev:{} outputs y:4.665945964839935 (n:0.0) c:1.0
num acquisition: 74, time elapsed: 11.39s
0
z
[-0.36033398  0.25329032]
-0.36033397501060005
f inputs x:[[-0.17594432  0.12367691]] ev:{} outputs y:1.4757905007358088 (n:0.0) c:1.0
num acquisition: 75, time elapsed: 11.58s
0
z
[0.93555369 0.87376362]
0.9355536872327282
f inputs x:[[0.45681332 0.42664239]] ev:{} outputs y:0.0043678996936182485 (n:-0.0) c:1.0
num acquisition: 76, time elapsed: 11.76s
0
z
[-2.048       1.37686405]
-2.048
f inputs x:[[-1.         0.6722969]] ev:{} outputs y:6.689707587130315 (n:0.0) c:1.0
num acquisition: 77, time elapsed: 11.97s
0
z
[ 1.37255727 -2.048     ]
1.3725572651856197
f inputs x:[[ 0.67019398 -1.        ]] ev:{} outputs y:7.34415890618986 (n:-0.0) c:1.0
num acquisition: 78, time elapsed: 12.15s
0
z
[-1.30829982  0.307896  ]
-1.3082998209824164
f inputs x:[[-0.63881827  0.15033984]] ev:{} outputs y:5.315077797884658 (n:-0.0) c:1.0
num acquisition: 79, time elapsed: 12.35s
0
z
[-0.93175845  1.3148672 ]
-0.9317584536650957
f inputs x:[[-0.45496018  0.642025  ]] ev:{} outputs y:3.2062034179418024 (n:-0.0) c:1.0
num acquisition: 80, time elapsed: 12.52s
0
z
[-1.19852304 -0.69850093]
-1.1985230392564736
f inputs x:[[-0.58521633 -0.34106491]] ev:{} outputs y:6.134781557811111 (n:0.0) c:1.0
num acquisition: 81, time elapsed: 12.71s
0
z
[-0.03287749  0.05133808]
-0.0328774903108051
f inputs x:[[-0.01605346  0.02506742]] ev:{} outputs y:0.8413145890663 (n:0.0) c:1.0
num acquisition: 82, time elapsed: 12.93s
0
z
[0.93666987 0.87382714]
0.936669865362673
f inputs x:[[0.45735833 0.42667341]] ev:{} outputs y:0.0052383248899172995 (n:-0.0) c:1.0
num acquisition: 83, time elapsed: 13.20s
0
z
[-0.27152143  0.72657841]
-0.27152143244532384
f inputs x:[[-0.13257882  0.35477462]] ev:{} outputs y:3.8119522500433773 (n:0.0) c:1.0
num acquisition: 84, time elapsed: 13.40s
0
z
[1.50102615 2.048     ]
1.5010261538730953
f inputs x:[[0.73292293 1.        ]] ev:{} outputs y:1.6968603269350884 (n:-0.0) c:1.0
num acquisition: 85, time elapsed: 13.63s
0
z
[1.60299172 1.8274038 ]
1.6029917154350146
f inputs x:[[0.7827108  0.89228701]] ev:{} outputs y:4.033293507294425 (n:0.0) c:1.0
num acquisition: 86, time elapsed: 13.84s
0
z
[1.48582193 1.07914779]
1.4858219302211688
f inputs x:[[0.72549899 0.52692763]] ev:{} outputs y:4.8566410192834315 (n:-0.0) c:1.0
num acquisition: 87, time elapsed: 14.09s
0
z
[-0.7375124   0.66772079]
-0.7375124019448019
f inputs x:[[-0.36011348  0.32603554]] ev:{} outputs y:1.714068236737696 (n:-0.0) c:1.0
num acquisition: 88, time elapsed: 14.28s
0
z
[0.83365693 0.70680604]
0.8336569342384847
f inputs x:[[0.40705905 0.34512014]] ev:{} outputs y:0.040802503004241805 (n:0.0) c:1.0
num acquisition: 89, time elapsed: 14.49s
0
z
[-1.54058029  1.84203016]
-1.5405802879147354
f inputs x:[[-0.75223647  0.89942879]] ev:{} outputs y:3.574831982063874 (n:0.0) c:1.0
num acquisition: 90, time elapsed: 14.71s
0
z
[ 0.52291379 -0.09635937]
0.5229137882388993
f inputs x:[[ 0.255329   -0.04705047]] ev:{} outputs y:2.7015412029276207 (n:-0.0) c:1.0
num acquisition: 91, time elapsed: 14.91s
0
z
[0.44484326 0.69454259]
0.44484326451285305
f inputs x:[[0.21720863 0.33913213]] ev:{} outputs y:3.2571354128009293 (n:-0.0) c:1.0
num acquisition: 92, time elapsed: 15.11s
0
z
[ 0.26434541 -0.7946139 ]
0.26434541435326664
f inputs x:[[ 0.12907491 -0.38799507]] ev:{} outputs y:4.3343570128738165 (n:-0.0) c:1.0
num acquisition: 93, time elapsed: 15.32s
0
z
[-0.32568133 -1.50979961]
-0.32568133266620164
f inputs x:[[-0.15902409 -0.73720684]] ev:{} outputs y:5.575419986325178 (n:-0.0) c:1.0
num acquisition: 94, time elapsed: 15.51s
0
z
[0.49259877 0.25755054]
0.49259877104316885
f inputs x:[[0.24052674 0.1257571 ]] ev:{} outputs y:0.2465850621757178 (n:0.0) c:1.0
num acquisition: 95, time elapsed: 15.72s
0
z
[ 1.5315342  -1.41545311]
1.531534200492728
f inputs x:[[ 0.74781943 -0.69113921]] ev:{} outputs y:7.255472851545704 (n:0.0) c:1.0
num acquisition: 96, time elapsed: 15.91s
0
z
[-1.13833989  2.048     ]
-1.1383398858618066
f inputs x:[[-0.55583002  1.        ]] ev:{} outputs y:4.129555956335691 (n:-0.0) c:1.0
num acquisition: 97, time elapsed: 16.14s
0
z
[ 0.48708789 -1.38474786]
0.48708788726029784
f inputs x:[[ 0.23783588 -0.67614642]] ev:{} outputs y:5.577282610922709 (n:0.0) c:1.0
num acquisition: 98, time elapsed: 16.34s
0
z
[0.5661429 2.048    ]
0.5661428959344165
f inputs x:[[0.27643696 1.        ]] ev:{} outputs y:5.702474000664626 (n:0.0) c:1.0
num acquisition: 99, time elapsed: 16.59s
0
z
[-0.90645414  0.93000571]
-0.9064541422352494
f inputs x:[[-0.44260456  0.45410435]] ev:{} outputs y:1.7593165010258223 (n:0.0) c:1.0
num acquisition: 100, time elapsed: 16.80s
0
z
[0.66888775 0.35767097]
0.6688877546173198
f inputs x:[[0.32660535 0.17464403]] ev:{} outputs y:0.6496964959494158 (n:0.0) c:1.0
num acquisition: 101, time elapsed: 17.09s
0
z
[1.27718242 1.80784732]
1.2771824165295607
f inputs x:[[0.62362423 0.88273795]] ev:{} outputs y:1.4344740782496088 (n:0.0) c:1.0
num acquisition: 102, time elapsed: 17.32s
0
z
[1.33104435 2.048     ]
1.3310443464830588
f inputs x:[[0.649924 1.      ]] ev:{} outputs y:2.16847261418554 (n:0.0) c:1.0
num acquisition: 103, time elapsed: 17.55s
0
z
[1.14157724 1.65343044]
1.1415772438647718
f inputs x:[[0.55741076 0.80733908]] ev:{} outputs y:2.5867317862014216 (n:-0.0) c:1.0
num acquisition: 104, time elapsed: 17.75s
0
z
[0.56579327 0.3117938 ]
0.5657932654626591
f inputs x:[[0.27626624 0.15224307]] ev:{} outputs y:0.17854059274141199 (n:-0.0) c:1.0
num acquisition: 105, time elapsed: 17.99s
0
z
[-0.24693406 -0.88651847]
-0.24693406025013814
f inputs x:[[-0.12057327 -0.43287034]] ev:{} outputs y:4.525363725075522 (n:-0.0) c:1.0
num acquisition: 106, time elapsed: 18.22s
0
z
[1.50809987 0.46243268]
1.5080998718862124
f inputs x:[[0.73637689 0.2257972 ]] ev:{} outputs y:5.797783073999815 (n:0.0) c:1.0
num acquisition: 107, time elapsed: 18.48s
0
z
[-0.59315347  0.27137612]
-0.5931534728319077
f inputs x:[[-0.28962572  0.13250787]] ev:{} outputs y:1.431611207504584 (n:-0.0) c:1.0
num acquisition: 108, time elapsed: 18.71s
0
z
[1.00722759 0.96287675]
1.0072275862803475
f inputs x:[[0.49181034 0.47015466]] ev:{} outputs y:0.23635569029331122 (n:-0.0) c:1.0
num acquisition: 109, time elapsed: 18.94s
0
z
[ 1.32934478 -0.75080109]
1.3293447788308608
f inputs x:[[ 0.64909413 -0.36660209]] ev:{} outputs y:6.453814011602406 (n:0.0) c:1.0
num acquisition: 110, time elapsed: 19.17s
0
z
[-0.70394088  0.06721647]
-0.703940878842206
f inputs x:[[-0.34372113  0.03282054]] ev:{} outputs y:3.102292519530216 (n:0.0) c:1.0
num acquisition: 111, time elapsed: 19.42s
0
z
[ 2.048      -0.41942479]
2.048
f inputs x:[[ 1.         -0.20479726]] ev:{} outputs y:7.6642282027899595 (n:-0.0) c:1.0
num acquisition: 112, time elapsed: 19.67s
0
z
[-1.46364759 -0.16096363]
-1.4636475927525487
f inputs x:[[-0.71467168 -0.07859552]] ev:{} outputs y:6.287031890972041 (n:0.0) c:1.0
num acquisition: 113, time elapsed: 19.96s
0
z
[-1.38185532  0.93415344]
-1.3818553212865838
f inputs x:[[-0.67473404  0.45612961]] ev:{} outputs y:4.623089013929891 (n:-0.0) c:1.0
num acquisition: 114, time elapsed: 20.21s
0
z
[-1.20151253  1.38570468]
-1.2015125279525147
f inputs x:[[-0.58667604  0.67661361]] ev:{} outputs y:1.8216772715156044 (n:-0.0) c:1.0
num acquisition: 115, time elapsed: 20.49s
0
z
[ 0.22132287 -0.14683346]
0.22132286543249086
f inputs x:[[ 0.10806781 -0.07169603]] ev:{} outputs y:1.6939221534247064 (n:-0.0) c:1.0
num acquisition: 116, time elapsed: 20.72s
0
z
[-1.30679178 -1.48241189]
-1.3067917766677277
f inputs x:[[-0.63808192 -0.72383393]] ev:{} outputs y:6.931477376069173 (n:0.0) c:1.0
num acquisition: 117, time elapsed: 20.96s
0
z
[2.048    1.556773]
2.048
f inputs x:[[1.         0.76014307]] ev:{} outputs y:6.547868438194077 (n:-0.0) c:1.0
num acquisition: 118, time elapsed: 21.27s
0
z
[0.45612039 1.16004725]
0.456120388502705
f inputs x:[[0.22271503 0.56642932]] ev:{} outputs y:4.5209891108928595 (n:-0.0) c:1.0
num acquisition: 119, time elapsed: 21.55s
0
z
[0.10915943 1.44866499]
0.10915943088776396
f inputs x:[[0.0533005  0.70735595]] ev:{} outputs y:5.338587653394736 (n:0.0) c:1.0
num acquisition: 120, time elapsed: 21.84s
0
z
[0.45431078 0.14896597]
0.45431077757933386
f inputs x:[[0.22183143 0.07273729]] ev:{} outputs y:0.48712115579857906 (n:-0.0) c:1.0
num acquisition: 121, time elapsed: 22.09s
0
z
[0.95364788 0.89646255]
0.9536478800226508
f inputs x:[[0.46564838 0.43772585]] ev:{} outputs y:0.01882279338967965 (n:0.0) c:1.0
num acquisition: 122, time elapsed: 22.37s
0
z
[0.95143102 0.89472939]
0.9514310188941766
f inputs x:[[0.46456593 0.43687958]] ev:{} outputs y:0.013277762972716583 (n:0.0) c:1.0
num acquisition: 123, time elapsed: 22.61s
0
z
[0.53701936 0.29581667]
0.537019355856844
f inputs x:[[0.26221648 0.14444173]] ev:{} outputs y:0.19874178328614817 (n:-0.0) c:1.0
num acquisition: 124, time elapsed: 22.90s
0
z
[0.94967314 0.89351178]
0.9496731428320077
f inputs x:[[0.46370759 0.43628505]] ev:{} outputs y:0.009488807212898874 (n:0.0) c:1.0
num acquisition: 125, time elapsed: 23.15s
0
z
[0.94852235 0.89256614]
0.9485223538399623
f inputs x:[[0.46314568 0.43582331]] ev:{} outputs y:0.007701783872930599 (n:-0.0) c:1.0
num acquisition: 126, time elapsed: 23.35s
0
z
[-1.30101992  1.64692424]
-1.301019918934938
f inputs x:[[-0.63526363  0.80416223]] ev:{} outputs y:1.8723870845856991 (n:0.0) c:1.0
num acquisition: 127, time elapsed: 23.69s
0
z
[ 0.62098756 -0.94587024]
0.6209875550364989
f inputs x:[[ 0.30321658 -0.4618507 ]] ev:{} outputs y:5.184206188174824 (n:0.0) c:1.0
num acquisition: 128, time elapsed: 23.96s
0
z
[-0.6612937   1.59962679]
-0.6612936959602529
f inputs x:[[-0.32289731  0.78106777]] ev:{} outputs y:4.933452405258375 (n:0.0) c:1.0
num acquisition: 129, time elapsed: 24.22s
0
z
[ 0.12663006 -1.61759935]
0.12663005822117285
f inputs x:[[ 0.06183108 -0.78984343]] ev:{} outputs y:5.593368285502435 (n:0.0) c:1.0
num acquisition: 130, time elapsed: 24.50s
0
z
[0.05454783 0.61198972]
0.05454782563945441
f inputs x:[[0.02663468 0.2988231 ]] ev:{} outputs y:3.6631440160361146 (n:-0.0) c:1.0
num acquisition: 131, time elapsed: 24.83s
0
z
[-1.63070853  2.048     ]
-1.6307085275389548
f inputs x:[[-0.7962444  1.       ]] ev:{} outputs y:3.8128307746829195 (n:0.0) c:1.0
num acquisition: 132, time elapsed: 25.15s
0
z
[-0.69167502  0.47499995]
-0.6916750188664447
f inputs x:[[-0.33773194  0.23193357]] ev:{} outputs y:1.3514260075514213 (n:-0.0) c:1.0
num acquisition: 133, time elapsed: 25.52s
0
z
[-0.57639658 -1.02074694]
-0.5763965793223802
f inputs x:[[-0.28144364 -0.49841159]] ev:{} outputs y:5.228648382940798 (n:-0.0) c:1.0
num acquisition: 134, time elapsed: 25.95s
0
z
[ 1.20051292 -0.21996639]
1.2005129194114652
f inputs x:[[ 0.58618795 -0.10740546]] ev:{} outputs y:5.62401018037645 (n:-0.0) c:1.0
num acquisition: 135, time elapsed: 26.27s
0
z
[1.21718239 1.35354191]
1.2171823869735772
f inputs x:[[0.59432734 0.66090914]] ev:{} outputs y:0.9878070205584768 (n:-0.0) c:1.0
num acquisition: 136, time elapsed: 26.63s
0
z
[1.09473121 1.24897688]
1.0947312141642656
f inputs x:[[0.53453673 0.60985199]] ev:{} outputs y:0.2346037641312029 (n:-0.0) c:1.0
num acquisition: 137, time elapsed: 26.96s
0
z
[1.0234857  1.18060784]
1.0234856973941522
f inputs x:[[0.49974888 0.57646867]] ev:{} outputs y:1.019464417864011 (n:0.0) c:1.0
num acquisition: 138, time elapsed: 27.28s
0
z
[-0.23980558  1.08207177]
-0.23980557952247217
f inputs x:[[-0.11709257  0.52835536]] ev:{} outputs y:4.677588264185749 (n:-0.0) c:1.0
num acquisition: 139, time elapsed: 27.72s
0
z
[1.15950177 1.25746047]
1.159501768481628
f inputs x:[[0.56616297 0.61399437]] ev:{} outputs y:0.5777702181807132 (n:0.0) c:1.0
num acquisition: 140, time elapsed: 28.11s
0
z
[ 2.048      -1.54677978]
2.048
f inputs x:[[ 1.         -0.75526356]] ev:{} outputs y:8.101102610994198 (n:-0.0) c:1.0
num acquisition: 141, time elapsed: 28.59s
0
z
[-0.3542732  2.048    ]
-0.3542732001355282
f inputs x:[[-0.17298496  1.        ]] ev:{} outputs y:5.92005186102741 (n:0.0) c:1.0
num acquisition: 142, time elapsed: 29.02s
0
z
[-0.72465846 -0.34734528]
-0.7246584597010635
f inputs x:[[-0.35383714 -0.16960219]] ev:{} outputs y:4.383222652642122 (n:-0.0) c:1.0
num acquisition: 143, time elapsed: 29.39s
0
z
[0.85661322 0.73204274]
0.8566132200592066
f inputs x:[[0.41826817 0.35744274]] ev:{} outputs y:0.020649070698437706 (n:0.0) c:1.0
num acquisition: 144, time elapsed: 29.78s
0
z
[1.11496859 1.31549668]
1.1149685883075915
f inputs x:[[0.54441826 0.64233236]] ev:{} outputs y:0.4295398610702472 (n:-0.0) c:1.0
num acquisition: 145, time elapsed: 30.12s
0
z
[ 0.01924194 -0.24075303]
0.01924193793576112
f inputs x:[[ 0.00939548 -0.11755519]] ev:{} outputs y:2.051033064754082 (n:-0.0) c:1.0
num acquisition: 146, time elapsed: 30.50s
0
z
[-0.30925769  0.00881438]
-0.30925768853550173
f inputs x:[[-0.15100473  0.00430389]] ev:{} outputs y:1.243586743847185 (n:-0.0) c:1.0
num acquisition: 147, time elapsed: 30.84s
0
z
[-0.31422683 -0.40287715]
-0.31422682747115926
f inputs x:[[-0.15343107 -0.19671736]] ev:{} outputs y:3.3282330123255894 (n:0.0) c:1.0
num acquisition: 148, time elapsed: 31.21s
0
z
[-1.30380261  1.84747868]
-1.3038026073107432
f inputs x:[[-0.63662237  0.9020892 ]] ev:{} outputs y:2.138348976044957 (n:0.0) c:1.0
num acquisition: 149, time elapsed: 31.57s
0
z
[-2.048      -0.93064388]
-2.048
f inputs x:[[-1.         -0.45441596]] ev:{} outputs y:7.8773211058225066 (n:-0.0) c:1.0
num acquisition: 150, time elapsed: 32.02s
0
z
[-0.86915363  0.56788489]
-0.8691536336819111
f inputs x:[[-0.42439142  0.27728754]] ev:{} outputs y:2.0808129194244622 (n:-0.0) c:1.0
num acquisition: 151, time elapsed: 32.37s
0
z
[1.40474126 1.89718791]
1.4047412623278843
f inputs x:[[0.68590882 0.92636129]] ev:{} outputs y:0.555659535889492 (n:-0.0) c:1.0
num acquisition: 152, time elapsed: 32.75s
0
z
[-0.81669629 -1.67447239]
-0.8166962900311417
f inputs x:[[-0.39877749 -0.81761347]] ev:{} outputs y:6.3145372708151735 (n:-0.0) c:1.0
num acquisition: 153, time elapsed: 33.11s
0
z
[1.39196196 1.77135514]
1.3919619638439338
f inputs x:[[0.67966893 0.8649195 ]] ev:{} outputs y:1.3650647941193828 (n:-0.0) c:1.0
num acquisition: 154, time elapsed: 33.53s
0
z
[1.73758381 0.75792274]
1.7375838128012384
f inputs x:[[0.8484296  0.37007947]] ev:{} outputs y:6.240042649626394 (n:0.0) c:1.0
num acquisition: 155, time elapsed: 33.98s
0
z
[ 0.47332025 -2.048     ]
0.4733202501180001
f inputs x:[[ 0.2311134 -1.       ]] ev:{} outputs y:6.248990895689409 (n:-0.0) c:1.0
num acquisition: 156, time elapsed: 34.39s
0
z
[-2.048      -1.58320699]
-2.048
f inputs x:[[-1.         -0.77305029]] ev:{} outputs y:8.11619418300459 (n:0.0) c:1.0
num acquisition: 157, time elapsed: 34.96s
0
z
[-0.25770056 -2.048     ]
-0.257700562124914
f inputs x:[[-0.12583035 -1.        ]] ev:{} outputs y:6.108479727561059 (n:-0.0) c:1.0
num acquisition: 158, time elapsed: 35.36s
0
z
[-1.40228939 -1.03352598]
-1.4022893851232068
f inputs x:[[-0.68471161 -0.50465136]] ev:{} outputs y:6.809851225014387 (n:0.0) c:1.0
num acquisition: 159, time elapsed: 35.80s
0
z
[ 1.0581736  -1.56633049]
1.058173598637806
f inputs x:[[ 0.51668633 -0.76480981]] ev:{} outputs y:6.582712179944793 (n:-0.0) c:1.0
num acquisition: 160, time elapsed: 36.27s
0
z
[1.50190593 0.07606575]
1.5019059274763633
f inputs x:[[0.7333525  0.03714148]] ev:{} outputs y:6.166135646900368 (n:0.0) c:1.0
num acquisition: 161, time elapsed: 36.69s
0
z
[-0.55040513  0.75586193]
-0.5504051271117139
f inputs x:[[-0.2687525   0.36907321]] ev:{} outputs y:3.174591936800579 (n:-0.0) c:1.0
num acquisition: 162, time elapsed: 37.08s
0
z
[-2.048       0.96530578]
-2.048
f inputs x:[[-1.          0.47134071]] ev:{} outputs y:6.9593351218302475 (n:0.0) c:1.0
num acquisition: 163, time elapsed: 37.47s
0
z
[-0.86007572 -0.79401084]
-0.8600757202493078
f inputs x:[[-0.41995885 -0.3877006 ]] ev:{} outputs y:5.479371670790544 (n:0.0) c:1.0
num acquisition: 164, time elapsed: 37.97s
0
z
[-1.65208562  0.40700329]
-1.652085622009423
f inputs x:[[-0.80668243  0.19873208]] ev:{} outputs y:6.305143481485068 (n:0.0) c:1.0
num acquisition: 165, time elapsed: 38.38s
0
z
[-1.32329822  1.23154071]
-1.3232982169429595
f inputs x:[[-0.64614171  0.60133824]] ev:{} outputs y:3.50836991486653 (n:0.0) c:1.0
num acquisition: 166, time elapsed: 38.79s
0
z
[-0.94223863  1.09630624]
-0.942238632104572
f inputs x:[[-0.46007746  0.53530578]] ev:{} outputs y:2.210382896438478 (n:-0.0) c:1.0
num acquisition: 167, time elapsed: 39.19s
0
z
[ 0.82702749 -0.12838346]
0.8270274909214821
f inputs x:[[ 0.40382202 -0.06268724]] ev:{} outputs y:4.205027784615931 (n:0.0) c:1.0
num acquisition: 168, time elapsed: 39.58s
0
z
[1.24451856 1.51827518]
1.2445185575298319
f inputs x:[[0.60767508 0.7413453 ]] ev:{} outputs y:0.14247761825197747 (n:-0.0) c:1.0
num acquisition: 169, time elapsed: 40.02s
0
z
[0.84881095 0.32381249]
0.8488109471022215
f inputs x:[[0.41445847 0.15811157]] ev:{} outputs y:2.818838225202285 (n:0.0) c:1.0
num acquisition: 170, time elapsed: 40.47s
0
z
[1.20065485 1.48091808]
1.200654845911564
f inputs x:[[0.58625725 0.72310453]] ev:{} outputs y:0.1782075272292447 (n:0.0) c:1.0
num acquisition: 171, time elapsed: 41.07s
0
z
[0.55875975 0.25715014]
0.5587597469379194
f inputs x:[[0.27283191 0.12556159]] ev:{} outputs y:0.40404996142247335 (n:-0.0) c:1.0
num acquisition: 172, time elapsed: 41.53s
0
z
[-0.00289155 -0.72826603]
-0.0028915482770105385
f inputs x:[[-0.00141189 -0.35559865]] ev:{} outputs y:4.00813559815091 (n:0.0) c:1.0
num acquisition: 173, time elapsed: 42.11s
0
z
[0.01247792 0.17710301]
0.01247791849438784
f inputs x:[[0.00609273 0.08647608]] ev:{} outputs y:1.6304623452448774 (n:0.0) c:1.0
num acquisition: 174, time elapsed: 42.76s
0
z
[1.24525261 1.47574605]
1.2452526146133012
f inputs x:[[0.6080335  0.72057913]] ev:{} outputs y:0.48320980099630145 (n:-0.0) c:1.0
num acquisition: 175, time elapsed: 43.32s
0
z
[1.25579818 1.58090623]
1.2557981812158316
f inputs x:[[0.61318271 0.77192687]] ev:{} outputs y:0.06479093467276101 (n:0.0) c:1.0
num acquisition: 176, time elapsed: 43.81s
0
z
[1.22423042 1.5488985 ]
1.2242304156873827
f inputs x:[[0.59776876 0.75629809]] ev:{} outputs y:0.26379834888775505 (n:0.0) c:1.0
num acquisition: 177, time elapsed: 44.37s
0
z
[1.29072078 1.58465626]
1.2907207781207388
f inputs x:[[0.63023475 0.77375794]] ev:{} outputs y:0.5570699847816512 (n:-0.0) c:1.0
num acquisition: 178, time elapsed: 45.11s
0
z
[0.9503251  0.89432418]
0.9503250983104022
f inputs x:[[0.46402593 0.43668173]] ev:{} outputs y:0.010148685059398171 (n:-0.0) c:1.0
num acquisition: 179, time elapsed: 45.64s
0
z
[0.94981385 0.89389192]
0.9498138530387067
f inputs x:[[0.4637763  0.43647066]] ev:{} outputs y:0.009288949796555424 (n:0.0) c:1.0
num acquisition: 180, time elapsed: 46.14s
0
z
[0.94937643 0.89351595]
0.9493764262522069
f inputs x:[[0.46356271 0.43628709]] ev:{} outputs y:0.008609028633593283 (n:-0.0) c:1.0
num acquisition: 181, time elapsed: 46.56s
0
z
[0.73183021 0.49187522]
0.7318302073328381
f inputs x:[[0.35733897 0.24017345]] ev:{} outputs y:0.23339966094482228 (n:0.0) c:1.0
num acquisition: 182, time elapsed: 47.08s
0
z
[0.77150703 0.57048661]
0.7715070261452263
f inputs x:[[0.37671242 0.27855791]] ev:{} outputs y:0.10741695386691054 (n:-0.0) c:1.0
num acquisition: 183, time elapsed: 47.62s
0
z
[1.16036275 1.4223505 ]
1.1603627531082121
f inputs x:[[0.56658338 0.69450708]] ev:{} outputs y:0.4712095221153078 (n:-0.0) c:1.0
num acquisition: 184, time elapsed: 48.22s
0
z
[0.79524947 0.64011159]
0.7952494721385092
f inputs x:[[0.38830541 0.31255449]] ev:{} outputs y:0.046727261894699515 (n:0.0) c:1.0
num acquisition: 185, time elapsed: 48.86s
0
z
[-0.85752853  0.77372447]
-0.8575285253079563
f inputs x:[[-0.4187151   0.37779515]] ev:{} outputs y:1.5255415095409168 (n:0.0) c:1.0
num acquisition: 186, time elapsed: 49.38s
0
z
[-1.8626634   1.70361866]
-1.8626633965009178
f inputs x:[[-0.90950361  0.83184505]] ev:{} outputs y:5.771546429084816 (n:0.0) c:1.0
num acquisition: 187, time elapsed: 49.93s
0
z
[0.79173519 0.68256552]
0.7917351879252859
f inputs x:[[0.38658945 0.33328395]] ev:{} outputs y:0.30295698970118995 (n:-0.0) c:1.0
num acquisition: 188, time elapsed: 50.58s
0
z
[1.25305112 1.63710937]
1.2530511194056149
f inputs x:[[0.61184137 0.79936981]] ev:{} outputs y:0.4138057389616409 (n:-0.0) c:1.0
num acquisition: 189, time elapsed: 51.27s
0
z
[0.25906548 1.78070017]
0.25906547846468203
f inputs x:[[0.12649682 0.86948251]] ev:{} outputs y:5.687607107330982 (n:-0.0) c:1.0
num acquisition: 190, time elapsed: 51.85s
0
z
[0.66866817 0.46791881]
0.6686681674836565
f inputs x:[[0.32649813 0.22847598]] ev:{} outputs y:0.1424121831750324 (n:-0.0) c:1.0
num acquisition: 191, time elapsed: 52.46s
0
z
[-1.15348288  1.52335582]
-1.153482876380017
f inputs x:[[-0.56322406  0.74382608]] ev:{} outputs y:2.236012282721966 (n:0.0) c:1.0
num acquisition: 192, time elapsed: 52.92s
0
z
[ 1.67898732 -0.85996585]
1.6789873210284358
f inputs x:[[ 0.81981803 -0.4199052 ]] ev:{} outputs y:7.211511596008906 (n:-0.0) c:1.0
num acquisition: 193, time elapsed: 53.47s
0
z
[0.622969   0.40077168]
0.6229689970712047
f inputs x:[[0.30418408 0.1956893 ]] ev:{} outputs y:0.14689638042438657 (n:0.0) c:1.0
num acquisition: 194, time elapsed: 54.02s
0
z
[1.71491703 1.3447397 ]
1.7149170307326238
f inputs x:[[0.83736183 0.65661118]] ev:{} outputs y:5.5463360710580885 (n:-0.0) c:1.0
num acquisition: 195, time elapsed: 54.55s
0
z
[0.83554718 0.67586702]
0.835547177591743
f inputs x:[[0.40798202 0.33001319]] ev:{} outputs y:0.07385363495158147 (n:-0.0) c:1.0
num acquisition: 196, time elapsed: 55.11s
0
z
[0.43630982 0.91104925]
0.4363098229359394
f inputs x:[[0.21304191 0.44484827]] ev:{} outputs y:3.9751131756292626 (n:-0.0) c:1.0
num acquisition: 197, time elapsed: 55.68s
0
z
[-0.28230848 -1.19544364]
-0.28230848197103253
f inputs x:[[-0.13784594 -0.58371271]] ev:{} outputs y:5.107416841797774 (n:0.0) c:1.0
num acquisition: 198, time elapsed: 56.32s
0
z
[ 0.93643996 -0.78143022]
0.9364399632565381
f inputs x:[[ 0.45724608 -0.38155772]] ev:{} outputs y:5.620460720239015 (n:0.0) c:1.0
num acquisition: 199, time elapsed: 56.94s
0
z
[-0.27829929  0.45854839]
-0.27829929131895037
f inputs x:[[-0.13588833  0.22390058]] ev:{} outputs y:2.8424417960783597 (n:-0.0) c:1.0
num acquisition: 200, time elapsed: 57.48s
0
z
[-2.048      -0.21009986]
-2.048
f inputs x:[[-1.         -0.10258782]] ev:{} outputs y:7.575670619071311 (n:0.0) c:1.0
num acquisition: 201, time elapsed: 58.17s
0
z
[-1.62741512 -1.79126268]
-1.6274151153126732
f inputs x:[[-0.79463629 -0.87463998]] ev:{} outputs y:7.590364520564098 (n:0.0) c:1.0
num acquisition: 202, time elapsed: 58.81s
0
z
[-0.6133905   1.30188729]
-0.6133904950257559
f inputs x:[[-0.29950708  0.63568715]] ev:{} outputs y:4.491820692170804 (n:0.0) c:1.0
num acquisition: 203, time elapsed: 59.44s
0
z
[-1.51873668 -0.56242051]
-1.5187366804210203
f inputs x:[[-0.74157064 -0.27461939]] ev:{} outputs y:6.7219672224385585 (n:0.0) c:1.0
num acquisition: 204, time elapsed: 60.02s
0
z
[-2.048       0.55576553]
-2.048
f inputs x:[[-1.          0.27136989]] ev:{} outputs y:7.196077039855749 (n:-0.0) c:1.0
num acquisition: 205, time elapsed: 60.56s
0
z
[-0.11737275 -0.01482438]
-0.11737275283418891
f inputs x:[[-0.05731091 -0.00723847]] ev:{} outputs y:0.8460065011972804 (n:0.0) c:1.0
num acquisition: 206, time elapsed: 61.27s
0
z
[0.71309264 0.5298122 ]
0.7130926406843104
f inputs x:[[0.34818977 0.25869736]] ev:{} outputs y:0.120208583255934 (n:-0.0) c:1.0
num acquisition: 207, time elapsed: 62.14s
0
z
[-1.0569854   0.13427573]
-1.0569854004541044
f inputs x:[[-0.51610615  0.06556432]] ev:{} outputs y:4.623489027122666 (n:-0.0) c:1.0
num acquisition: 208, time elapsed: 62.95s
0
z
[-1.06402768  0.9169268 ]
-1.064027682371683
f inputs x:[[-0.51954477  0.44771816]] ev:{} outputs y:2.291779356363179 (n:-0.0) c:1.0
num acquisition: 209, time elapsed: 63.50s
0
z
[0.73656231 1.24187687]
0.736562309822593
f inputs x:[[0.35964957 0.60638519]] ev:{} outputs y:3.911599688484431 (n:0.0) c:1.0
num acquisition: 210, time elapsed: 64.10s
0
z
[ 0.33639118 -1.08751193]
0.33639118298101034
f inputs x:[[ 0.16425351 -0.53101169]] ev:{} outputs y:4.980873112204075 (n:0.0) c:1.0
num acquisition: 211, time elapsed: 64.65s
0
z
[-1.36564993  0.63119899]
-1.3656499340279655
f inputs x:[[-0.66682126  0.30820263]] ev:{} outputs y:5.0677886715651095 (n:0.0) c:1.0
num acquisition: 212, time elapsed: 65.28s
0
z
[-0.32438732  0.13117869]
-0.3243873246509251
f inputs x:[[-0.15839225  0.0640521 ]] ev:{} outputs y:1.0372155341479123 (n:-0.0) c:1.0
num acquisition: 213, time elapsed: 66.18s
0
z
[-0.14765373  1.73751163]
-0.14765373377422147
f inputs x:[[-0.07209655  0.84839435]] ev:{} outputs y:5.692664873682892 (n:0.0) c:1.0
num acquisition: 214, time elapsed: 66.94s
0
z
[-1.03173639 -0.43827131]
-1.0317363871601328
f inputs x:[[-0.50377753 -0.21399967]] ev:{} outputs y:5.442218971367765 (n:-0.0) c:1.0
num acquisition: 215, time elapsed: 67.56s
0
z
[ 0.15311266 -0.5271205 ]
0.15311265704295057
f inputs x:[[ 0.07476204 -0.25738306]] ev:{} outputs y:3.466650756069213 (n:-0.0) c:1.0
num acquisition: 216, time elapsed: 68.47s
0
z
[-1.10192388  1.25612516]
-1.1019238780732241
f inputs x:[[-0.53804877  0.61334236]] ev:{} outputs y:1.7216145442959507 (n:-0.0) c:1.0
num acquisition: 217, time elapsed: 69.11s
0
z
[1.7155053 2.048    ]
1.7155052994880866
f inputs x:[[0.83764907 1.        ]] ev:{} outputs y:4.401915133732935 (n:-0.0) c:1.0
num acquisition: 218, time elapsed: 69.80s
0
z
[-1.681895    1.14835663]
-1.6818950039787515
f inputs x:[[-0.82123779  0.56072101]] ev:{} outputs y:5.671850497936995 (n:0.0) c:1.0
num acquisition: 219, time elapsed: 70.50s
0
z
[ 2.048      -0.05721581]
2.048
f inputs x:[[ 1.         -0.02793741]] ev:{} outputs y:7.50088341432758 (n:-0.0) c:1.0
num acquisition: 220, time elapsed: 71.27s
0
z
[-0.95731542 -2.048     ]
-0.957315417814973
f inputs x:[[-0.46743917 -1.        ]] ev:{} outputs y:6.784037437768125 (n:-0.0) c:1.0
num acquisition: 221, time elapsed: 71.90s
0
z
[0.77570935 1.7883042 ]
0.7757093483558697
f inputs x:[[0.37876433 0.87319541]] ev:{} outputs y:4.954751318210065 (n:0.0) c:1.0
num acquisition: 222, time elapsed: 72.83s
0
z
[2.048      0.67534036]
2.048
f inputs x:[[1.         0.32975604]] ev:{} outputs y:7.123196292914699 (n:-0.0) c:1.0
num acquisition: 223, time elapsed: 73.60s
0
z
[ 0.35027591 -0.05558242]
0.3502759067479807
f inputs x:[[ 0.17103316 -0.02713985]] ev:{} outputs y:1.5261348402568322 (n:0.0) c:1.0
num acquisition: 224, time elapsed: 74.32s
0
z
[-0.74783729  0.85744142]
-0.7478372902331112
f inputs x:[[-0.36515493  0.41867257]] ev:{} outputs y:2.5607957141001947 (n:-0.0) c:1.0
num acquisition: 225, time elapsed: 75.18s
0
z
[ 0.55741293 -0.30949386]
0.5574129297891971
f inputs x:[[ 0.27217428 -0.15112005]] ev:{} outputs y:3.6803699511111745 (n:-0.0) c:1.0
num acquisition: 226, time elapsed: 75.89s
0
z
[0.09675725 0.38463166]
0.09675725319189256
f inputs x:[[0.04724475 0.18780843]] ev:{} outputs y:2.766229920449405 (n:-0.0) c:1.0
num acquisition: 227, time elapsed: 76.55s
0
z
[-0.26991131 -0.63281617]
-0.26991130637879185
f inputs x:[[-0.13179263 -0.30899227]] ev:{} outputs y:3.959086855044052 (n:-0.0) c:1.0
num acquisition: 228, time elapsed: 77.43s
0
z
[ 0.4767446  -1.69972336]
0.47674459811619374
f inputs x:[[ 0.23278545 -0.82994305]] ev:{} outputs y:5.920532504231848 (n:0.0) c:1.0
num acquisition: 229, time elapsed: 78.23s
0
z
[1.20179074 0.38785118]
1.2017907363428921
f inputs x:[[0.58681188 0.18938046]] ev:{} outputs y:4.7242797813358335 (n:-0.0) c:1.0
num acquisition: 230, time elapsed: 79.17s
0
z
[ 0.16752148 -0.02459881]
0.16752147767139178
f inputs x:[[ 0.0817976  -0.01201114]] ev:{} outputs y:0.6782121025607695 (n:0.0) c:1.0
num acquisition: 231, time elapsed: 80.04s
0
z
[-0.58512636 -1.37844044]
-0.5851263569448267
f inputs x:[[-0.28570623 -0.67306662]] ev:{} outputs y:5.702556605609272 (n:0.0) c:1.0
num acquisition: 232, time elapsed: 80.87s
0
z
[ 1.66312242 -1.80066111]
1.663122417564687
f inputs x:[[ 0.81207149 -0.87922906]] ev:{} outputs y:7.6434145468307175 (n:-0.0) c:1.0
num acquisition: 233, time elapsed: 81.74s
0
z
[ 0.77318708 -1.37260258]
0.7731870762460907
f inputs x:[[ 0.37753275 -0.6702161 ]] ev:{} outputs y:5.964368932905016 (n:-0.0) c:1.0
num acquisition: 234, time elapsed: 82.67s
0
z
[ 1.35840134 -1.10461948]
1.358401343372428
f inputs x:[[ 0.66328191 -0.53936498]] ev:{} outputs y:6.769990859101547 (n:0.0) c:1.0
num acquisition: 235, time elapsed: 83.47s
0
z
[0.58416813 0.36147183]
0.5841681325848099
f inputs x:[[0.28523835 0.17649992]] ev:{} outputs y:0.19375481432994393 (n:0.0) c:1.0
num acquisition: 236, time elapsed: 84.65s
0
z
[-0.49312799  0.33036888]
-0.49312798692671317
f inputs x:[[-0.24078515  0.16131293]] ev:{} outputs y:1.383717234080874 (n:-0.0) c:1.0
num acquisition: 237, time elapsed: 85.87s
0
z
[-1.06725276  0.44431931]
-1.067252758889263
f inputs x:[[-0.52111951  0.21695279]] ev:{} outputs y:3.980347101759489 (n:-0.0) c:1.0
num acquisition: 238, time elapsed: 86.72s
0
z
[0.23812968 0.72705652]
0.238129677762959
f inputs x:[[0.11627426 0.35500807]] ev:{} outputs y:3.839827797174182 (n:-0.0) c:1.0
num acquisition: 239, time elapsed: 87.66s
0
z
[1.44884579 0.79009484]
1.448845792092326
f inputs x:[[0.70744423 0.3857885 ]] ev:{} outputs y:5.1507744626841125 (n:0.0) c:1.0
num acquisition: 240, time elapsed: 88.73s
0
z
[ 1.03161708 -2.048     ]
1.031617081631568
f inputs x:[[ 0.50371928 -1.        ]] ev:{} outputs y:6.876884568454462 (n:0.0) c:1.0
num acquisition: 241, time elapsed: 89.66s
0
z
[-0.03758145 -0.08043611]
-0.03758145441088062
f inputs x:[[-0.01835032 -0.03927545]] ev:{} outputs y:1.0103246951123788 (n:0.0) c:1.0
num acquisition: 242, time elapsed: 90.50s
0
z
[0.96316195 0.93269483]
0.9631619486719394
f inputs x:[[0.47029392 0.4554174 ]] ev:{} outputs y:0.0038634768262779326 (n:0.0) c:1.0
num acquisition: 243, time elapsed: 91.30s
0
z
[-1.67212833  0.07118336]
-1.6721283308597648
f inputs x:[[-0.81646891  0.0347575 ]] ev:{} outputs y:6.620886225848651 (n:0.0) c:1.0
num acquisition: 244, time elapsed: 92.35s
0
z
[1.46326518 1.94237871]
1.4632651754691592
f inputs x:[[0.71448495 0.9484271 ]] ev:{} outputs y:1.6419859242273307 (n:0.0) c:1.0
num acquisition: 245, time elapsed: 93.47s
0
z
[-0.62003961  0.38377655]
-0.6200396104257752
f inputs x:[[-0.30275372  0.18739089]] ev:{} outputs y:1.2877366467809865 (n:-0.0) c:1.0
num acquisition: 246, time elapsed: 94.48s
0
z
[-0.21224572  0.20698597]
-0.21224572416642234
f inputs x:[[-0.10363561  0.10106737]] ev:{} outputs y:1.6276554227988143 (n:0.0) c:1.0
num acquisition: 247, time elapsed: 95.33s
0
z
[0.78465083 0.60971116]
0.7846508279172274
f inputs x:[[0.38313029 0.29771053]] ev:{} outputs y:0.0487275861110482 (n:-0.0) c:1.0
num acquisition: 248, time elapsed: 96.42s
0
z
[-0.15284922 -1.75880914]
-0.1528492220741071
f inputs x:[[-0.07463341 -0.85879352]] ev:{} outputs y:5.768142147273214 (n:0.0) c:1.0
num acquisition: 249, time elapsed: 97.31s
0
z
[1.34179859 1.90425862]
1.3417985916491606
f inputs x:[[0.65517509 0.92981378]] ev:{} outputs y:0.7861821738378583 (n:0.0) c:1.0
num acquisition: 250, time elapsed: 98.20s
[0.47029392 0.4554174 ]
