INFO:GP:initializing Y
INFO:GP:initializing inference method
INFO:GP:adding kernel and likelihood as parameters
removed robo import in opts.py l17 due to theano errors
0
z
[1.946084   2.03391164]
1.946084000672698
f inputs x:[[0.95023633 0.99312092]] ev:{} outputs y:5.734350921935601 (n:0.0) c:1.0
0
z
[-0.56969324  1.67649439]
-0.5696932399035755
f inputs x:[[-0.27817053  0.81860078]] ev:{} outputs y:5.227031844948882 (n:0.0) c:1.0
0
z
[-0.79764772  1.70180956]
-0.7976477160595837
f inputs x:[[-0.38947642  0.8309617 ]] ev:{} outputs y:4.7687759097383635 (n:-0.0) c:1.0
0
z
[1.02861977 0.45935981]
1.0286197727558861
f inputs x:[[0.50225575 0.22429678]] ev:{} outputs y:3.606715788359247 (n:-0.0) c:1.0
0
z
[1.57804027 0.36591931]
1.5780402663378672
f inputs x:[[0.77052747 0.17867154]] ev:{} outputs y:6.114999196724174 (n:-0.0) c:1.0
0
z
[1.02207126 0.44796154]
1.0220712574296191
f inputs x:[[0.49905823 0.21873122]] ev:{} outputs y:3.6000966205077005 (n:-0.0) c:1.0
num acquisition: 1, time elapsed: 0.16s
0
z
[0.86520795 0.52814862]
0.8652079465055588
f inputs x:[[0.42246482 0.25788507]] ev:{} outputs y:1.7711110224929958 (n:-0.0) c:1.0
num acquisition: 2, time elapsed: 0.29s
0
z
[0.73792884 0.59804799]
0.7379288364769534
f inputs x:[[0.36031681 0.29201562]] ev:{} outputs y:0.3038035439144971 (n:0.0) c:1.0
num acquisition: 3, time elapsed: 0.55s
0
z
[0.49890305 0.71159081]
0.49890305066540763
f inputs x:[[0.24360501 0.34745645]] ev:{} outputs y:3.1205563728099706 (n:-0.0) c:1.0
num acquisition: 4, time elapsed: 0.69s
0
z
[0.76873048 0.69626365]
0.7687304787217707
f inputs x:[[0.37535668 0.33997249]] ev:{} outputs y:0.7713365672252434 (n:0.0) c:1.0
num acquisition: 5, time elapsed: 0.88s
0
z
[0.65844102 0.48640517]
0.6584410207697285
f inputs x:[[0.3215044  0.23750252]] ev:{} outputs y:0.33367315104446765 (n:-0.0) c:1.0
num acquisition: 6, time elapsed: 1.07s
0
z
[0.50319336 0.18402822]
0.5031933643550522
f inputs x:[[0.24569988 0.08985753]] ev:{} outputs y:0.5454239520237603 (n:0.0) c:1.0
num acquisition: 7, time elapsed: 1.20s
0
z
[ 0.35490865 -0.09421303]
0.3549086512136262
f inputs x:[[ 0.17329524 -0.04600246]] ev:{} outputs y:1.8347815728296237 (n:0.0) c:1.0
num acquisition: 8, time elapsed: 1.38s
0
z
[0.28833232 0.24449441]
0.2883323163566736
f inputs x:[[0.14078726 0.11938204]] ev:{} outputs y:1.4134570528980306 (n:-0.0) c:1.0
num acquisition: 9, time elapsed: 1.53s
0
z
[-0.53689666 -0.2233532 ]
-0.5368966623427092
f inputs x:[[-0.26215657 -0.10905918]] ev:{} outputs y:3.385632060146462 (n:0.0) c:1.0
num acquisition: 10, time elapsed: 1.70s
0
z
[ 0.6945529  -0.02604606]
0.6945529013527868
f inputs x:[[ 0.33913716 -0.0127178 ]] ev:{} outputs y:3.2938132263357134 (n:-0.0) c:1.0
num acquisition: 11, time elapsed: 1.91s
0
z
[-1.86438851 -2.03726868]
-1.8643885052801734
f inputs x:[[-0.91034595 -0.9947601 ]] ev:{} outputs y:8.022489140153167 (n:-0.0) c:1.0
num acquisition: 12, time elapsed: 2.04s
0
z
[ 2.048 -2.048]
2.048
f inputs x:[[ 1. -1.]] ev:{} outputs y:8.268407222217542 (n:-0.0) c:1.0
num acquisition: 13, time elapsed: 2.20s
0
z
[-0.01284441 -1.08733827]
-0.012844409806356486
f inputs x:[[-0.00627168 -0.53092689]] ev:{} outputs y:4.789923668640667 (n:0.0) c:1.0
num acquisition: 14, time elapsed: 2.36s
0
z
[-2.048       0.28165453]
-2.048
f inputs x:[[-1.          0.13752663]] ev:{} outputs y:7.3402990220809885 (n:0.0) c:1.0
num acquisition: 15, time elapsed: 2.54s
0
z
[0.52892536 0.32984017]
0.5289253649060242
f inputs x:[[0.25826434 0.16105477]] ev:{} outputs y:0.3870928671838335 (n:0.0) c:1.0
num acquisition: 16, time elapsed: 2.72s
0
z
[-2.048  2.048]
-2.048
f inputs x:[[-1.  1.]] ev:{} outputs y:6.154757006192991 (n:0.0) c:1.0
num acquisition: 17, time elapsed: 2.85s
0
z
[ 0.45766944 -2.048     ]
0.45766943906515145
f inputs x:[[ 0.22347141 -1.        ]] ev:{} outputs y:6.23618812856353 (n:0.0) c:1.0
num acquisition: 18, time elapsed: 3.01s
0
z
[0.68708067 2.048     ]
0.6870806689251445
f inputs x:[[0.33548861 1.        ]] ev:{} outputs y:5.519259904644091 (n:0.0) c:1.0
num acquisition: 19, time elapsed: 3.17s
0
z
[-1.12597905 -0.80376029]
-1.1259790523117978
f inputs x:[[-0.54979446 -0.39246108]] ev:{} outputs y:6.074582369572371 (n:-0.0) c:1.0
num acquisition: 20, time elapsed: 3.37s
0
z
[0.6909029  0.56894745]
0.6909029020041774
f inputs x:[[0.33735493 0.27780637]] ev:{} outputs y:0.659905041450259 (n:-0.0) c:1.0
num acquisition: 21, time elapsed: 3.51s
0
z
[0.60584778 0.36392369]
0.6058477810046864
f inputs x:[[0.29582411 0.17769712]] ev:{} outputs y:0.14525492505178933 (n:0.0) c:1.0
num acquisition: 22, time elapsed: 3.63s
0
z
[0.61382653 0.35773029]
0.6138265301000636
f inputs x:[[0.29971999 0.17467299]] ev:{} outputs y:0.1701060634775789 (n:-0.0) c:1.0
num acquisition: 23, time elapsed: 3.79s
0
z
[ 2.048      -0.70758452]
2.048
f inputs x:[[ 1.         -0.34550025]] ev:{} outputs y:7.785284147001017 (n:-0.0) c:1.0
num acquisition: 24, time elapsed: 3.90s
0
z
[1.10975737 1.18241264]
1.1097573747492255
f inputs x:[[0.54187372 0.57734992]] ev:{} outputs y:0.22602507048805 (n:0.0) c:1.0
num acquisition: 25, time elapsed: 4.03s
0
z
[1.37920734 1.23528293]
1.3792073408815546
f inputs x:[[0.67344108 0.60316549]] ev:{} outputs y:3.8204197759426775 (n:-0.0) c:1.0
num acquisition: 26, time elapsed: 4.23s
0
z
[0.93998074 1.15003392]
0.9399807367008554
f inputs x:[[0.45897497 0.56154   ]] ev:{} outputs y:2.09238686010234 (n:-0.0) c:1.0
num acquisition: 27, time elapsed: 4.36s
0
z
[1.13701217 1.02661651]
1.1370121673256182
f inputs x:[[0.55518172 0.50127759]] ev:{} outputs y:2.0923528609157143 (n:-0.0) c:1.0
num acquisition: 28, time elapsed: 4.50s
0
z
[1.08986545 1.33021658]
1.0898654536543586
f inputs x:[[0.53216087 0.64951981]] ev:{} outputs y:1.110584670907392 (n:0.0) c:1.0
num acquisition: 29, time elapsed: 4.70s
0
z
[-0.03007898 -0.0157209 ]
-0.03007897776405388
f inputs x:[[-0.014687   -0.00767622]] ev:{} outputs y:0.7365437358796334 (n:-0.0) c:1.0
num acquisition: 30, time elapsed: 4.85s
0
z
[-0.1799522   0.21022647]
-0.179952204748122
f inputs x:[[-0.08786729  0.10264965]] ev:{} outputs y:1.7147208452713707 (n:0.0) c:1.0
num acquisition: 31, time elapsed: 4.98s
0
z
[-0.01527369 -0.28727673]
-0.015273690966838664
f inputs x:[[-0.00745786 -0.14027184]] ev:{} outputs y:2.331850806195395 (n:-0.0) c:1.0
num acquisition: 32, time elapsed: 5.11s
0
z
[-0.66421618  0.53203965]
-0.6642161825129208
f inputs x:[[-0.32432431  0.25978499]] ev:{} outputs y:1.5249918554835018 (n:-0.0) c:1.0
num acquisition: 33, time elapsed: 5.22s
0
z
[-0.99243022  0.7066632 ]
-0.9924302215106011
f inputs x:[[-0.48458507  0.34505039]] ev:{} outputs y:2.542572954736114 (n:0.0) c:1.0
num acquisition: 34, time elapsed: 5.38s
0
z
[-0.37712914  0.74789929]
-0.3771291355680879
f inputs x:[[-0.18414509  0.3651852 ]] ev:{} outputs y:3.678335336917218 (n:-0.0) c:1.0
num acquisition: 35, time elapsed: 5.51s
0
z
[-0.84774314  0.26738612]
-0.8477431364068144
f inputs x:[[-0.41393708  0.13055963]] ev:{} outputs y:3.2100258600828413 (n:-0.0) c:1.0
num acquisition: 36, time elapsed: 5.68s
0
z
[0.12909828 0.04721378]
0.12909827915343494
f inputs x:[[0.06303627 0.0230536 ]] ev:{} outputs y:0.616149633639161 (n:0.0) c:1.0
num acquisition: 37, time elapsed: 5.80s
0
z
[-0.65345811 -2.048     ]
-0.6534581091969195
f inputs x:[[-0.31907134 -1.        ]] ev:{} outputs y:6.423734079385867 (n:0.0) c:1.0
num acquisition: 38, time elapsed: 5.92s
0
z
[-1.50035496  1.21913352]
-1.5003549600233834
f inputs x:[[-0.7325952   0.59528004]] ev:{} outputs y:4.733915444450225 (n:0.0) c:1.0
num acquisition: 39, time elapsed: 6.04s
0
z
[ 0.96817446 -1.12443856]
0.9681744582320307
f inputs x:[[ 0.47274143 -0.54904226]] ev:{} outputs y:6.054681280503547 (n:0.0) c:1.0
num acquisition: 40, time elapsed: 6.15s
0
z
[0.33812409 0.46136441]
0.3381240905549971
f inputs x:[[0.16509965 0.22527559]] ev:{} outputs y:2.601319393815539 (n:0.0) c:1.0
num acquisition: 41, time elapsed: 6.31s
0
z
[-2.048      -0.89250534]
-2.048
f inputs x:[[-1.         -0.43579362]] ev:{} outputs y:7.862440700372172 (n:-0.0) c:1.0
num acquisition: 42, time elapsed: 6.42s
0
z
[0.61629929 0.33805511]
0.6162992933731745
f inputs x:[[0.30092739 0.16506597]] ev:{} outputs y:0.27891660833523185 (n:0.0) c:1.0
num acquisition: 43, time elapsed: 6.55s
0
z
[0.61413119 0.37288765]
0.6141311891977274
f inputs x:[[0.29986874 0.18207405]] ev:{} outputs y:0.1403857255345797 (n:-0.0) c:1.0
num acquisition: 44, time elapsed: 6.69s
0
z
[-0.03284335  2.048     ]
-0.032843348483769096
f inputs x:[[-0.01603679  1.        ]] ev:{} outputs y:6.042764540309694 (n:0.0) c:1.0
num acquisition: 45, time elapsed: 6.81s
0
z
[-1.28090951  2.048     ]
-1.280909512728661
f inputs x:[[-0.6254441  1.       ]] ev:{} outputs y:3.126299916909003 (n:0.0) c:1.0
num acquisition: 46, time elapsed: 6.93s
0
z
[-0.48711139  0.28746579]
-0.4871113893800155
f inputs x:[[-0.23784736  0.14036416]] ev:{} outputs y:1.2422469278462458 (n:0.0) c:1.0
num acquisition: 47, time elapsed: 7.06s
0
z
[2.048      1.00578393]
2.048
f inputs x:[[1.         0.49110543]] ev:{} outputs y:6.9263457296592446 (n:0.0) c:1.0
num acquisition: 48, time elapsed: 7.19s
0
z
[ 1.20723149 -2.048     ]
1.2072314917877385
f inputs x:[[ 0.5894685 -1.       ]] ev:{} outputs y:7.114632350950318 (n:0.0) c:1.0
num acquisition: 49, time elapsed: 7.34s
0
z
[-0.80387317  1.05185659]
-0.8038731676468558
f inputs x:[[-0.3925162   0.51360185]] ev:{} outputs y:3.0305541816011417 (n:-0.0) c:1.0
num acquisition: 50, time elapsed: 7.47s
0
z
[0.61392415 0.37309302]
0.6139241521702146
f inputs x:[[0.29976765 0.18217432]] ev:{} outputs y:0.1402018924473607 (n:0.0) c:1.0
num acquisition: 51, time elapsed: 7.61s
0
z
[0.15037492 1.24319112]
0.1503749157830472
f inputs x:[[0.07342525 0.60702692]] ev:{} outputs y:5.0153113606025235 (n:-0.0) c:1.0
num acquisition: 52, time elapsed: 7.77s
0
z
[-2.048       1.17446403]
-2.048
f inputs x:[[-1.          0.57346876]] ev:{} outputs y:6.826798608470113 (n:-0.0) c:1.0
num acquisition: 53, time elapsed: 7.93s
0
z
[ 0.44483214 -0.60433482]
0.444832140074499
f inputs x:[[ 0.21720319 -0.29508536]] ev:{} outputs y:4.1845260320026485 (n:-0.0) c:1.0
num acquisition: 54, time elapsed: 8.09s
0
z
[-0.30605382  0.01202363]
-0.3060538231901121
f inputs x:[[-0.14944034  0.00587091]] ev:{} outputs y:1.2156164386992774 (n:0.0) c:1.0
num acquisition: 55, time elapsed: 8.25s
0
z
[ 1.2473231  -0.38665929]
1.2473231026846268
f inputs x:[[ 0.60904448 -0.18879848]] ev:{} outputs y:5.935903677891587 (n:0.0) c:1.0
num acquisition: 56, time elapsed: 8.42s
0
z
[-0.62588309 -1.30494713]
-0.6258830896944139
f inputs x:[[-0.30560698 -0.63718122]] ev:{} outputs y:5.675090444191802 (n:-0.0) c:1.0
num acquisition: 57, time elapsed: 8.62s
0
z
[-1.34819579 -0.07847563]
-1.348195792535985
f inputs x:[[-0.65829873 -0.03831818]] ev:{} outputs y:5.902732778536374 (n:-0.0) c:1.0
num acquisition: 58, time elapsed: 8.83s
0
z
[0.36182071 0.09804785]
0.36182070873358196
f inputs x:[[0.17667027 0.04787492]] ev:{} outputs y:0.41560862176228114 (n:-0.0) c:1.0
num acquisition: 59, time elapsed: 9.01s
0
z
[1.29891649 2.048     ]
1.2989164948090275
f inputs x:[[0.63423657 1.        ]] ev:{} outputs y:2.646753728461675 (n:-0.0) c:1.0
num acquisition: 60, time elapsed: 9.17s
0
z
[1.24455798 1.71446202]
1.244557978395275
f inputs x:[[0.60769433 0.83713966]] ev:{} outputs y:1.3350204684906342 (n:0.0) c:1.0
num acquisition: 61, time elapsed: 9.32s
0
z
[1.47823627 1.74741484]
1.4782362709659527
f inputs x:[[0.72179505 0.8532299 ]] ev:{} outputs y:3.015179919611766 (n:0.0) c:1.0
num acquisition: 62, time elapsed: 9.48s
0
z
[1.01759529 1.72188871]
1.0175952918552154
f inputs x:[[0.4968727  0.84076597]] ev:{} outputs y:3.8735572167609904 (n:-0.0) c:1.0
num acquisition: 63, time elapsed: 9.64s
0
z
[-1.30377381 -1.51699697]
-1.3037738070099423
f inputs x:[[-0.6366083  -0.74072118]] ev:{} outputs y:6.9480354943728075 (n:-0.0) c:1.0
num acquisition: 64, time elapsed: 9.83s
0
z
[-0.32650362 -0.6440245 ]
-0.326503624274367
f inputs x:[[-0.1594256  -0.31446509]] ev:{} outputs y:4.07929892892921 (n:0.0) c:1.0
num acquisition: 65, time elapsed: 10.03s
0
z
[-1.39657197  0.66026947]
-1.3965719716539085
f inputs x:[[-0.68191991  0.3223972 ]] ev:{} outputs y:5.154393076152467 (n:0.0) c:1.0
num acquisition: 66, time elapsed: 10.45s
0
z
[0.69237058 0.44560865]
0.6923705799784825
f inputs x:[[0.33807157 0.21758235]] ev:{} outputs y:0.18951737890767079 (n:0.0) c:1.0
num acquisition: 67, time elapsed: 10.89s
0
z
[-1.33690288  1.65893707]
-1.336902875384714
f inputs x:[[-0.65278461  0.81002787]] ev:{} outputs y:2.0929816934114527 (n:-0.0) c:1.0
num acquisition: 68, time elapsed: 11.25s
0
z
[-1.11204226  1.3737435 ]
-1.1120422627859465
f inputs x:[[-0.54298939  0.67077319]] ev:{} outputs y:1.993408932297404 (n:0.0) c:1.0
num acquisition: 69, time elapsed: 11.54s
0
z
[2.048      0.04069578]
2.048
f inputs x:[[1.         0.01987099]] ev:{} outputs y:7.45434049453289 (n:0.0) c:1.0
num acquisition: 70, time elapsed: 11.81s
0
z
[ 1.66855688 -1.33913212]
1.668556880070158
f inputs x:[[ 0.81472504 -0.65387311]] ev:{} outputs y:7.4392869381865605 (n:0.0) c:1.0
num acquisition: 71, time elapsed: 12.02s
0
z
[-0.03496903 -1.6711005 ]
-0.034969025680378546
f inputs x:[[-0.01707472 -0.81596704]] ev:{} outputs y:5.640976475268693 (n:-0.0) c:1.0
num acquisition: 72, time elapsed: 12.22s
0
z
[-0.53453    0.0964575]
-0.534530002359477
f inputs x:[[-0.26100098  0.04709839]] ev:{} outputs y:1.9368549402279827 (n:-0.0) c:1.0
num acquisition: 73, time elapsed: 12.49s
0
z
[1.14612701 1.22365418]
1.1461270106402333
f inputs x:[[0.55963233 0.59748739]] ev:{} outputs y:0.6045925872161303 (n:0.0) c:1.0
num acquisition: 74, time elapsed: 12.66s
0
z
[-1.11521166  1.06020378]
-1.1152116585745768
f inputs x:[[-0.54453694  0.51767763]] ev:{} outputs y:2.1794110736833123 (n:0.0) c:1.0
num acquisition: 75, time elapsed: 12.83s
0
z
[-1.58685162  1.82333825]
-1.5868516222715507
f inputs x:[[-0.77482989  0.89030188]] ev:{} outputs y:4.024653641490419 (n:-0.0) c:1.0
num acquisition: 76, time elapsed: 13.03s
0
z
[ 0.45705569 -1.32082746]
0.4570556915552947
f inputs x:[[ 0.22317172 -0.64493529]] ev:{} outputs y:5.460867121808595 (n:0.0) c:1.0
num acquisition: 77, time elapsed: 13.20s
0
z
[-0.19808474 -0.14436443]
-0.19808473660096518
f inputs x:[[-0.09672106 -0.07049044]] ev:{} outputs y:1.7589566484663057 (n:-0.0) c:1.0
num acquisition: 78, time elapsed: 13.37s
0
z
[0.02153919 0.12097604]
0.02153919399687446
f inputs x:[[0.01051718 0.05907033]] ev:{} outputs y:1.226624974245088 (n:-0.0) c:1.0
num acquisition: 79, time elapsed: 13.55s
0
z
[0.63026338 0.39184579]
0.6302633829502347
f inputs x:[[0.30774579 0.19133095]] ev:{} outputs y:0.13068277792674365 (n:-0.0) c:1.0
num acquisition: 80, time elapsed: 13.74s
0
z
[-0.3816239   0.44988496]
-0.3816238959852001
f inputs x:[[-0.18633979  0.21967039]] ev:{} outputs y:2.498610581120615 (n:-0.0) c:1.0
num acquisition: 81, time elapsed: 13.92s
0
z
[ 0.11711629 -0.0820749 ]
0.11711628964841184
f inputs x:[[ 0.05718569 -0.04007564]] ev:{} outputs y:0.9921688475644213 (n:-0.0) c:1.0
num acquisition: 82, time elapsed: 14.11s
0
z
[-0.89751847  2.048     ]
-0.8975184694110883
f inputs x:[[-0.43824144  1.        ]] ev:{} outputs y:5.068724373900584 (n:0.0) c:1.0
num acquisition: 83, time elapsed: 14.29s
0
z
[-0.35833916  1.22312661]
-0.3583391574128912
f inputs x:[[-0.17497029  0.59722979]] ev:{} outputs y:4.809629866578824 (n:-0.0) c:1.0
num acquisition: 84, time elapsed: 14.52s
0
z
[1.07475233 1.20672801]
1.0747523300697603
f inputs x:[[0.52478141 0.58922266]] ev:{} outputs y:0.24075537374546993 (n:0.0) c:1.0
num acquisition: 85, time elapsed: 14.74s
0
z
[-2.048      -0.29657723]
-2.048
f inputs x:[[-1.        -0.1448131]] ev:{} outputs y:7.614357397256311 (n:-0.0) c:1.0
num acquisition: 86, time elapsed: 14.93s
0
z
[1.27717558 1.54175855]
1.277175584020832
f inputs x:[[0.62362089 0.75281179]] ev:{} outputs y:0.6293554144786745 (n:0.0) c:1.0
num acquisition: 87, time elapsed: 15.12s
0
z
[2.048      1.55051966]
2.048
f inputs x:[[1.         0.75708968]] ev:{} outputs y:6.552590434352186 (n:-0.0) c:1.0
num acquisition: 88, time elapsed: 15.29s
0
z
[0.05438887 0.78250394]
0.05438887274002121
f inputs x:[[0.02655707 0.382082  ]] ev:{} outputs y:4.13777666279851 (n:0.0) c:1.0
num acquisition: 89, time elapsed: 15.48s
0
z
[-0.72929634  0.75277404]
-0.7292963394664805
f inputs x:[[-0.35610173  0.36756545]] ev:{} outputs y:2.1826957639677076 (n:0.0) c:1.0
num acquisition: 90, time elapsed: 15.66s
0
z
[-2.048      -1.47807669]
-2.048
f inputs x:[[-1.         -0.72171714]] ev:{} outputs y:8.079581032590298 (n:-0.0) c:1.0
num acquisition: 91, time elapsed: 15.85s
0
z
[ 0.07385379 -0.6699452 ]
0.0738537850693763
f inputs x:[[ 0.03606142 -0.32712168]] ev:{} outputs y:3.8601865450171764 (n:-0.0) c:1.0
num acquisition: 92, time elapsed: 16.03s
0
z
[0.25684017 0.05643102]
0.2568401666598745
f inputs x:[[0.12541024 0.02755421]] ev:{} outputs y:0.4455699032145447 (n:0.0) c:1.0
num acquisition: 93, time elapsed: 16.26s
0
z
[-1.20586292 -2.048     ]
-1.2058629203212003
f inputs x:[[-0.58880025 -1.        ]] ev:{} outputs y:7.1166701143792706 (n:-0.0) c:1.0
num acquisition: 94, time elapsed: 16.45s
0
z
[-0.91541349 -0.34374774]
-0.9154134865431638
f inputs x:[[-0.44697924 -0.16784558]] ev:{} outputs y:4.972014295484686 (n:-0.0) c:1.0
num acquisition: 95, time elapsed: 16.65s
0
z
[-0.12670537 -2.048     ]
-0.1267053662893681
f inputs x:[[-0.06186785 -1.        ]] ev:{} outputs y:6.05982729253841 (n:-0.0) c:1.0
num acquisition: 96, time elapsed: 16.85s
0
z
[-1.13421685  1.67286005]
-1.1342168484091377
f inputs x:[[-0.55381682  0.8168262 ]] ev:{} outputs y:3.0197573465933725 (n:-0.0) c:1.0
num acquisition: 97, time elapsed: 17.05s
0
z
[0.36964186 1.6448764 ]
0.3696418610305817
f inputs x:[[0.18048919 0.8031623 ]] ev:{} outputs y:5.433182694594683 (n:-0.0) c:1.0
num acquisition: 98, time elapsed: 17.24s
0
z
[1.18860384 1.54747829]
1.1886038358725717
f inputs x:[[0.58037297 0.75560463]] ev:{} outputs y:1.0473046777156307 (n:-0.0) c:1.0
num acquisition: 99, time elapsed: 17.45s
0
z
[ 0.84106969 -0.59615171]
0.8410696937432864
f inputs x:[[ 0.41067856 -0.2910897 ]] ev:{} outputs y:5.141368217818967 (n:0.0) c:1.0
num acquisition: 100, time elapsed: 17.72s
0
z
[0.63407322 0.39107362]
0.6340732153778975
f inputs x:[[0.30960606 0.19095391]] ev:{} outputs y:0.1362322134030277 (n:-0.0) c:1.0
num acquisition: 101, time elapsed: 18.00s
0
z
[0.6357723  0.39276551]
0.6357722998050122
f inputs x:[[0.31043569 0.19178003]] ev:{} outputs y:0.13606054751932598 (n:0.0) c:1.0
num acquisition: 102, time elapsed: 18.21s
0
z
[0.63754262 0.39448529]
0.6375426237941186
f inputs x:[[0.31130011 0.19261977]] ev:{} outputs y:0.13602990419716204 (n:-0.0) c:1.0
num acquisition: 103, time elapsed: 18.43s
0
z
[-0.66430119 -0.81958472]
-0.6643011947583505
f inputs x:[[-0.32436582 -0.40018785]] ev:{} outputs y:5.09222718049282 (n:0.0) c:1.0
num acquisition: 104, time elapsed: 18.64s
0
z
[ 0.8563837  -1.63229074]
0.8563836955240364
f inputs x:[[ 0.4181561  -0.79701697]] ev:{} outputs y:6.3291264322957765 (n:0.0) c:1.0
num acquisition: 105, time elapsed: 18.90s
0
z
[-0.8709997   1.33688854]
-0.8709996998757976
f inputs x:[[-0.42529282  0.65277761]] ev:{} outputs y:3.6359459257025826 (n:0.0) c:1.0
num acquisition: 106, time elapsed: 19.13s
0
z
[1.23287072 0.05926345]
1.2328707163337105
f inputs x:[[0.60198765 0.02893723]] ev:{} outputs y:5.367939738779005 (n:-0.0) c:1.0
num acquisition: 107, time elapsed: 19.40s
0
z
[0.41908638 0.19097969]
0.4190863763999298
f inputs x:[[0.20463202 0.0932518 ]] ev:{} outputs y:0.3082281939079301 (n:-0.0) c:1.0
num acquisition: 108, time elapsed: 19.66s
0
z
[-0.3639963   0.17377051]
-0.3639962981314655
f inputs x:[[-0.17773257  0.08484888]] ev:{} outputs y:1.1088486177737193 (n:-0.0) c:1.0
num acquisition: 109, time elapsed: 19.89s
0
z
[ 1.41532079 -0.83692886]
1.415320792877094
f inputs x:[[ 0.69107461 -0.40865667]] ev:{} outputs y:6.694274390167026 (n:-0.0) c:1.0
num acquisition: 110, time elapsed: 20.15s
0
z
[1.07554153 1.160904  ]
1.0755415293303399
f inputs x:[[0.52516676 0.56684766]] ev:{} outputs y:0.007372125025756928 (n:-0.0) c:1.0
num acquisition: 111, time elapsed: 20.41s
0
z
[-1.53542527 -0.57602319]
-1.5354252740817012
f inputs x:[[-0.74971937 -0.28126132]] ev:{} outputs y:6.766194327470759 (n:-0.0) c:1.0
num acquisition: 112, time elapsed: 20.70s
0
z
[-0.09329442  1.58625687]
-0.09329442327347649
f inputs x:[[-0.04555392  0.77453949]] ev:{} outputs y:5.525702497078575 (n:0.0) c:1.0
num acquisition: 113, time elapsed: 20.96s
0
z
[1.24387153 1.4188752 ]
1.2438715340071442
f inputs x:[[0.60735915 0.69281016]] ev:{} outputs y:0.9957004346696113 (n:0.0) c:1.0
num acquisition: 114, time elapsed: 21.22s
0
z
[ 0.42945451 -0.93981137]
0.42945450644656324
f inputs x:[[ 0.20969458 -0.45889227]] ev:{} outputs y:4.849821977214485 (n:-0.0) c:1.0
num acquisition: 115, time elapsed: 21.48s
0
z
[-2.048       1.61464596]
-2.048
f inputs x:[[-1.          0.78840135]] ev:{} outputs y:6.515828905402298 (n:-0.0) c:1.0
num acquisition: 116, time elapsed: 21.72s
0
z
[-1.31452266  1.44612611]
-1.314522657525223
f inputs x:[[-0.64185677  0.70611627]] ev:{} outputs y:2.660301676538652 (n:0.0) c:1.0
num acquisition: 117, time elapsed: 21.98s
0
z
[2.048      0.54160604]
2.048
f inputs x:[[1.         0.26445607]] ev:{} outputs y:7.197673755871956 (n:0.0) c:1.0
num acquisition: 118, time elapsed: 22.28s
0
z
[-1.17331419  0.36240227]
-1.1733141921191086
f inputs x:[[-0.57290732  0.17695423]] ev:{} outputs y:4.687638495883825 (n:-0.0) c:1.0
num acquisition: 119, time elapsed: 22.55s
0
z
[-0.46522597  2.048     ]
-0.46522597057685894
f inputs x:[[-0.22716112  1.        ]] ev:{} outputs y:5.824848552116359 (n:0.0) c:1.0
num acquisition: 120, time elapsed: 22.83s
0
z
[ 2.048      -1.41649801]
2.048
f inputs x:[[ 1.         -0.69164942]] ev:{} outputs y:8.055223831095825 (n:-0.0) c:1.0
num acquisition: 121, time elapsed: 23.16s
0
z
[-2.048      0.7342692]
-2.048
f inputs x:[[-1.          0.35852988]] ev:{} outputs y:7.0962861738754 (n:0.0) c:1.0
num acquisition: 122, time elapsed: 23.45s
0
z
[1.06629906 2.048     ]
1.0662990617946788
f inputs x:[[0.52065384 1.        ]] ev:{} outputs y:4.430788767500606 (n:-0.0) c:1.0
num acquisition: 123, time elapsed: 23.74s
0
z
[1.56003555 2.048     ]
1.5600355496608993
f inputs x:[[0.76173611 1.        ]] ev:{} outputs y:2.784451264795944 (n:0.0) c:1.0
num acquisition: 124, time elapsed: 24.03s
0
z
[ 1.66440194 -0.26880096]
1.6644019390326048
f inputs x:[[ 0.81269626 -0.13125047]] ev:{} outputs y:6.829809591619738 (n:-0.0) c:1.0
num acquisition: 125, time elapsed: 24.31s
0
z
[-0.84381096  0.52805887]
-0.8438109625850745
f inputs x:[[-0.41201707  0.25784124]] ev:{} outputs y:2.052031306211039 (n:-0.0) c:1.0
num acquisition: 126, time elapsed: 24.64s
0
z
[-0.15977498  0.04460635]
-0.1597749775714442
f inputs x:[[-0.07801513  0.02178045]] ev:{} outputs y:0.8677205425643308 (n:0.0) c:1.0
num acquisition: 127, time elapsed: 24.93s
0
z
[-1.5190163  -1.09693132]
-1.519016304679788
f inputs x:[[-0.74170718 -0.535611  ]] ev:{} outputs y:7.061591444977524 (n:-0.0) c:1.0
num acquisition: 128, time elapsed: 25.24s
0
z
[-0.43744234 -1.6471761 ]
-0.4374423446859877
f inputs x:[[-0.21359489 -0.80428521]] ev:{} outputs y:5.832135225177303 (n:-0.0) c:1.0
num acquisition: 129, time elapsed: 25.55s
0
z
[-0.34410729 -1.02460599]
-0.34410728787720896
f inputs x:[[-0.16802114 -0.50029589]] ev:{} outputs y:4.893765383193993 (n:-0.0) c:1.0
num acquisition: 130, time elapsed: 25.85s
0
z
[ 0.6398301 -0.3131692]
0.6398300976031518
f inputs x:[[ 0.31241704 -0.15291465]] ev:{} outputs y:3.97664576297109 (n:0.0) c:1.0
num acquisition: 131, time elapsed: 26.15s
0
z
[0.9371973 0.873586 ]
0.9371973048363101
f inputs x:[[0.45761587 0.42655567]] ev:{} outputs y:0.006183915441763324 (n:0.0) c:1.0
num acquisition: 132, time elapsed: 26.51s
0
z
[0.93496566 0.81981995]
0.9349656610866022
f inputs x:[[0.4565262  0.40030271]] ev:{} outputs y:0.26199656411164546 (n:-0.0) c:1.0
num acquisition: 133, time elapsed: 26.87s
0
z
[0.96057009 0.92607276]
0.9605700915474609
f inputs x:[[0.46902837 0.45218396]] ev:{} outputs y:0.0026920833628908177 (n:-0.0) c:1.0
num acquisition: 134, time elapsed: 27.24s
0
z
[0.92871159 0.90780025]
0.9287115864310406
f inputs x:[[0.45347245 0.44326184]] ev:{} outputs y:0.19082369460528534 (n:0.0) c:1.0
num acquisition: 135, time elapsed: 27.59s
0
z
[0.97353377 0.88991402]
0.9735337731179615
f inputs x:[[0.47535829 0.43452833]] ev:{} outputs y:0.28923745996901995 (n:-0.0) c:1.0
num acquisition: 136, time elapsed: 27.86s
0
z
[0.60761075 0.35999272]
0.6076107463858151
f inputs x:[[0.29668493 0.1757777 ]] ev:{} outputs y:0.1505124921278516 (n:-0.0) c:1.0
num acquisition: 137, time elapsed: 28.16s
0
z
[0.60978551 0.36322469]
0.6097855144926962
f inputs x:[[0.29774683 0.17735581]] ev:{} outputs y:0.14815005089960698 (n:-0.0) c:1.0
num acquisition: 138, time elapsed: 28.50s
0
z
[0.61295604 0.36853218]
0.6129560352770977
f inputs x:[[0.29929494 0.17994735]] ev:{} outputs y:0.14406784830573582 (n:-0.0) c:1.0
num acquisition: 139, time elapsed: 28.80s
0
z
[0.91764891 0.8742169 ]
0.9176489136834753
f inputs x:[[0.44807076 0.42686372]] ev:{} outputs y:0.10441656011265664 (n:-0.0) c:1.0
num acquisition: 140, time elapsed: 29.23s
0
z
[0.92458084 0.8790624 ]
0.924580841772277
f inputs x:[[0.45145549 0.42922969]] ev:{} outputs y:0.06232985285339076 (n:0.0) c:1.0
num acquisition: 141, time elapsed: 29.53s
0
z
[0.92730036 0.88174317]
0.9273003561324185
f inputs x:[[0.45278338 0.43053866]] ev:{} outputs y:0.051699292364704344 (n:0.0) c:1.0
num acquisition: 142, time elapsed: 29.87s
0
z
[0.92922047 0.88378238]
0.9292204749367454
f inputs x:[[0.45372094 0.43153437]] ev:{} outputs y:0.04530553714544598 (n:0.0) c:1.0
num acquisition: 143, time elapsed: 30.24s
0
z
[0.93070689 0.88544564]
0.9307068914463918
f inputs x:[[0.45444672 0.4323465 ]] ev:{} outputs y:0.040932755756301335 (n:-0.0) c:1.0
num acquisition: 144, time elapsed: 30.58s
0
z
[0.93194237 0.88687457]
0.9319423654814247
f inputs x:[[0.45504998 0.43304423]] ev:{} outputs y:0.03761699107376245 (n:0.0) c:1.0
num acquisition: 145, time elapsed: 30.96s
0
z
[1.02044712 1.04790683]
1.0204471219247608
f inputs x:[[0.4982652  0.51167326]] ev:{} outputs y:0.0047555045479234365 (n:-0.0) c:1.0
num acquisition: 146, time elapsed: 31.37s
0
z
[ 0.23706317 -0.35364764]
0.2370631672234863
f inputs x:[[ 0.1157535  -0.17267951]] ev:{} outputs y:2.911235640472204 (n:0.0) c:1.0
num acquisition: 147, time elapsed: 31.89s
0
z
[1.4520337 1.5015829]
1.4520336988943163
f inputs x:[[0.70900083 0.73319477]] ev:{} outputs y:3.6383032774074913 (n:0.0) c:1.0
num acquisition: 148, time elapsed: 32.29s
0
z
[-0.00290781  0.45942063]
-0.0029078082191739342
f inputs x:[[-0.00141983  0.22432648]] ev:{} outputs y:3.1403423802229877 (n:0.0) c:1.0
num acquisition: 149, time elapsed: 32.85s
0
z
[-0.64583855  0.35539854]
-0.6458385495606142
f inputs x:[[-0.31535085  0.17353444]] ev:{} outputs y:1.4084430674248904 (n:-0.0) c:1.0
num acquisition: 150, time elapsed: 33.30s
0
z
[ 1.28786768 -1.54442049]
1.2878676832233305
f inputs x:[[ 0.62884164 -0.75411157]] ev:{} outputs y:6.934415637732947 (n:-0.0) c:1.0
num acquisition: 151, time elapsed: 33.72s
0
z
[-1.54732016  2.048     ]
-1.5473201599869943
f inputs x:[[-0.75552742  1.        ]] ev:{} outputs y:2.9690936792403164 (n:-0.0) c:1.0
num acquisition: 152, time elapsed: 34.23s
0
z
[1.05334517 1.11442982]
1.0533451699193765
f inputs x:[[0.5143287  0.54415519]] ev:{} outputs y:0.005226924439005051 (n:0.0) c:1.0
num acquisition: 153, time elapsed: 34.69s
0
z
[-1.59280564  0.26732952]
-1.5928056428007245
f inputs x:[[-0.77773713  0.13053199]] ev:{} outputs y:6.259345457593947 (n:0.0) c:1.0
num acquisition: 154, time elapsed: 35.05s
0
z
[-0.8189876  -0.03304154]
-0.8189875986498979
f inputs x:[[-0.39989629 -0.01613357]] ev:{} outputs y:3.9860103408002647 (n:0.0) c:1.0
num acquisition: 155, time elapsed: 35.42s
0
z
[0.99107778 0.9873947 ]
0.9910777777853982
f inputs x:[[0.4839247  0.48212632]] ev:{} outputs y:0.0027379393696674286 (n:0.0) c:1.0
num acquisition: 156, time elapsed: 35.84s
0
z
[1.00000858 1.02407043]
1.0000085751305616
f inputs x:[[0.48828544 0.50003439]] ev:{} outputs y:0.056244259260564824 (n:-0.0) c:1.0
num acquisition: 157, time elapsed: 36.23s
0
z
[-0.99688095 -1.20569599]
-0.9968809477000005
f inputs x:[[-0.48675828 -0.58871875]] ev:{} outputs y:6.191857889326113 (n:-0.0) c:1.0
num acquisition: 158, time elapsed: 36.64s
0
z
[-0.96271869  0.91144693]
-0.9627186932704028
f inputs x:[[-0.47007749  0.44504245]] ev:{} outputs y:1.5843088428256735 (n:0.0) c:1.0
num acquisition: 159, time elapsed: 37.13s
0
z
[-1.18192313  0.87715736]
-1.1819231314083598
f inputs x:[[-0.5771109   0.42829949]] ev:{} outputs y:3.489770555739476 (n:0.0) c:1.0
num acquisition: 160, time elapsed: 37.52s
0
z
[0.84114128 0.67302045]
0.841141282864224
f inputs x:[[0.41071352 0.32862327]] ev:{} outputs y:0.1347482969288677 (n:-0.0) c:1.0
num acquisition: 161, time elapsed: 37.90s
0
z
[1.01961066 1.019813  ]
1.0196106556322113
f inputs x:[[0.49785677 0.49795557]] ev:{} outputs y:0.0387979474630603 (n:0.0) c:1.0
num acquisition: 162, time elapsed: 38.30s
0
z
[0.33255435 2.048     ]
0.33255435427958935
f inputs x:[[0.16238006 1.        ]] ev:{} outputs y:5.931715352429835 (n:0.0) c:1.0
num acquisition: 163, time elapsed: 38.67s
0
z
[-0.27457759 -0.3769383 ]
-0.27457758546497457
f inputs x:[[-0.13407109 -0.1840519 ]] ev:{} outputs y:3.1391785019867386 (n:0.0) c:1.0
num acquisition: 164, time elapsed: 39.12s
0
z
[0.86943692 0.74682184]
0.8694369235752142
f inputs x:[[0.42452975 0.3646591 ]] ev:{} outputs y:0.02501002918598519 (n:-0.0) c:1.0
num acquisition: 165, time elapsed: 39.57s
0
z
[-0.87436056 -1.65701792]
-0.8743605634670104
f inputs x:[[-0.42693387 -0.80909078]] ev:{} outputs y:6.381631949756657 (n:0.0) c:1.0
num acquisition: 166, time elapsed: 39.98s
0
z
[ 1.60839519 -2.048     ]
1.608395193607747
f inputs x:[[ 0.78534922 -1.        ]] ev:{} outputs y:7.673052167784172 (n:0.0) c:1.0
num acquisition: 167, time elapsed: 40.38s
0
z
[0.88388469 0.78616476]
0.8838846882740369
f inputs x:[[0.43158432 0.38386951]] ev:{} outputs y:0.01577112896570845 (n:-0.0) c:1.0
num acquisition: 168, time elapsed: 40.77s
0
z
[ 0.9451975  -0.19351515]
0.9451975006866005
f inputs x:[[ 0.46152222 -0.09448982]] ev:{} outputs y:4.7803084250875045 (n:0.0) c:1.0
num acquisition: 169, time elapsed: 41.19s
0
z
[ 0.35219519 -1.66571425]
0.35219519003113026
f inputs x:[[ 0.17197031 -0.81333703]] ev:{} outputs y:5.77375059397636 (n:0.0) c:1.0
num acquisition: 170, time elapsed: 41.58s
0
z
[1.03981365 1.07339687]
1.0398136490535919
f inputs x:[[0.50772151 0.52411957]] ev:{} outputs y:0.00766397228837739 (n:0.0) c:1.0
num acquisition: 171, time elapsed: 42.04s
0
z
[-1.33606912  1.84950009]
-1.3360691236758562
f inputs x:[[-0.6523775   0.90307621]] ev:{} outputs y:1.9274849665605684 (n:-0.0) c:1.0
num acquisition: 172, time elapsed: 42.83s
0
z
[1.05966334 1.14393035]
1.0596633398584585
f inputs x:[[0.51741374 0.55855974]] ev:{} outputs y:0.046735236762828834 (n:-0.0) c:1.0
num acquisition: 173, time elapsed: 43.57s
0
z
[0.70489733 1.49339705]
0.7048973262126901
f inputs x:[[0.34418815 0.72919778]] ev:{} outputs y:4.609079139386343 (n:-0.0) c:1.0
num acquisition: 174, time elapsed: 44.03s
0
z
[0.32502906 0.95251269]
0.32502905556763406
f inputs x:[[0.15870559 0.46509409]] ev:{} outputs y:4.292843758059601 (n:0.0) c:1.0
num acquisition: 175, time elapsed: 44.59s
0
z
[1.07481833 1.12502608]
1.0748183326942742
f inputs x:[[0.52481364 0.54932914]] ev:{} outputs y:0.09244455935027275 (n:-0.0) c:1.0
num acquisition: 176, time elapsed: 45.19s
0
z
[1.03583959 1.09298173]
1.0358395945208625
f inputs x:[[0.50578105 0.53368249]] ev:{} outputs y:0.04052445725154493 (n:0.0) c:1.0
num acquisition: 177, time elapsed: 45.69s
0
z
[0.79549613 0.61478357]
0.7954961314161149
f inputs x:[[0.38842585 0.30018729]] ev:{} outputs y:0.07169888952876494 (n:0.0) c:1.0
num acquisition: 178, time elapsed: 46.19s
0
z
[0.75315158 0.54384201]
0.753151579125686
f inputs x:[[0.36774979 0.26554785]] ev:{} outputs y:0.10945343859827758 (n:-0.0) c:1.0
num acquisition: 179, time elapsed: 46.74s
0
z
[1.61870692 0.82558599]
1.6187069165290358
f inputs x:[[0.79038424 0.40311816]] ev:{} outputs y:5.779047874328349 (n:0.0) c:1.0
num acquisition: 180, time elapsed: 47.24s
0
z
[-0.60511546 -0.49998028]
-0.6051154614660538
f inputs x:[[-0.29546653 -0.244131  ]] ev:{} outputs y:4.364334959445111 (n:-0.0) c:1.0
num acquisition: 181, time elapsed: 47.76s
0
z
[0.46071084 0.06500025]
0.46071083760103876
f inputs x:[[0.22495646 0.0317384 ]] ev:{} outputs y:1.241041238178209 (n:0.0) c:1.0
num acquisition: 182, time elapsed: 48.24s
0
z
[0.22674862 0.12643572]
0.22674862434033055
f inputs x:[[0.1107171  0.06173619]] ev:{} outputs y:0.7704458473741959 (n:0.0) c:1.0
num acquisition: 183, time elapsed: 48.74s
0
z
[-0.19650002 -1.35553437]
-0.19650001569679973
f inputs x:[[-0.09594727 -0.66188202]] ev:{} outputs y:5.282168133166824 (n:-0.0) c:1.0
num acquisition: 184, time elapsed: 49.44s
0
z
[-0.14126749  1.01087149]
-0.14126748763639752
f inputs x:[[-0.06897827  0.4935896 ]] ev:{} outputs y:4.610095466766642 (n:0.0) c:1.0
num acquisition: 185, time elapsed: 49.95s
0
z
[-1.21883073  1.23206018]
-1.218830726596983
f inputs x:[[-0.59513219  0.60159188]] ev:{} outputs y:2.513561708580558 (n:0.0) c:1.0
num acquisition: 186, time elapsed: 50.54s
0
z
[ 0.81912385 -2.048     ]
0.8191238534097839
f inputs x:[[ 0.39996282 -1.        ]] ev:{} outputs y:6.6070679072969805 (n:0.0) c:1.0
num acquisition: 187, time elapsed: 51.14s
0
z
[-1.60520486  1.51261388]
-1.6052048609333955
f inputs x:[[-0.78379144  0.73858099]] ev:{} outputs y:4.795884154162101 (n:-0.0) c:1.0
num acquisition: 188, time elapsed: 51.60s
0
z
[-1.00718301  1.17846901]
-1.007183008711855
f inputs x:[[-0.49178858  0.57542432]] ev:{} outputs y:2.0438233997850563 (n:-0.0) c:1.0
num acquisition: 189, time elapsed: 52.06s
0
z
[1.34117605 1.87263265]
1.341176046871509
f inputs x:[[0.65487112 0.91437141]] ev:{} outputs y:0.5081532404153435 (n:0.0) c:1.0
num acquisition: 190, time elapsed: 52.65s
0
z
[0.47738487 0.25144838]
0.4773848655851989
f inputs x:[[0.23309808 0.12277753]] ev:{} outputs y:0.2841231963649764 (n:0.0) c:1.0
num acquisition: 191, time elapsed: 53.11s
0
z
[1.41621953 1.92432542]
1.4162195327945073
f inputs x:[[0.69151344 0.93961202]] ev:{} outputs y:0.6070767270060797 (n:-0.0) c:1.0
num acquisition: 192, time elapsed: 53.71s
0
z
[-1.65505303  0.89021217]
-1.6550530300717605
f inputs x:[[-0.80813136  0.43467391]] ev:{} outputs y:5.85771913946267 (n:-0.0) c:1.0
num acquisition: 193, time elapsed: 54.32s
0
z
[-0.54322103  0.95196034]
-0.5432210337492676
f inputs x:[[-0.26524465  0.46482438]] ev:{} outputs y:3.840086836169795 (n:-0.0) c:1.0
num acquisition: 194, time elapsed: 54.96s
0
z
[0.47588764 1.27500803]
0.47588763530984773
f inputs x:[[0.23236701 0.62256251]] ev:{} outputs y:4.711493085705123 (n:0.0) c:1.0
num acquisition: 195, time elapsed: 55.57s
0
z
[0.85795773 0.76175919]
0.8579577293273127
f inputs x:[[0.41892467 0.37195273]] ev:{} outputs y:0.08255573031662225 (n:-0.0) c:1.0
num acquisition: 196, time elapsed: 56.26s
0
z
[ 0.14581115 -1.3570461 ]
0.14581114566815717
f inputs x:[[ 0.07119685 -0.66262017]] ev:{} outputs y:5.2559454970110675 (n:-0.0) c:1.0
num acquisition: 197, time elapsed: 56.93s
0
z
[ 0.72182064 -0.8970957 ]
0.7218206449380947
f inputs x:[[ 0.35245149 -0.43803501]] ev:{} outputs y:5.309178314919226 (n:-0.0) c:1.0
num acquisition: 198, time elapsed: 57.66s
0
z
[-1.69447742 -0.128473  ]
-1.6944774215904783
f inputs x:[[-0.82738155 -0.06273096]] ev:{} outputs y:6.811350379213542 (n:0.0) c:1.0
num acquisition: 199, time elapsed: 58.21s
0
z
[0.26450717 0.66990236]
0.2645071720176378
f inputs x:[[0.12915389 0.32710076]] ev:{} outputs y:3.6252351618297665 (n:0.0) c:1.0
num acquisition: 200, time elapsed: 58.79s
0
z
[1.74325467 1.22754004]
1.7432546736354981
f inputs x:[[0.85119857 0.59938479]] ev:{} outputs y:5.798086903519423 (n:-0.0) c:1.0
num acquisition: 201, time elapsed: 59.33s
0
z
[ 0.21817793 -0.03002422]
0.21817793232499483
f inputs x:[[ 0.10653219 -0.01466027]] ev:{} outputs y:0.7947207778221976 (n:0.0) c:1.0
num acquisition: 202, time elapsed: 60.14s
0
z
[-0.08103464 -0.50497181]
-0.0810346364414215
f inputs x:[[-0.03956769 -0.24656827]] ev:{} outputs y:3.3441257389692463 (n:0.0) c:1.0
num acquisition: 203, time elapsed: 60.69s
0
z
[1.27042325 0.37439213]
1.270423247308903
f inputs x:[[0.62032385 0.18280866]] ev:{} outputs y:5.041680070473866 (n:-0.0) c:1.0
num acquisition: 204, time elapsed: 61.49s
0
z
[-0.54487852  0.44458923]
-0.544878519906598
f inputs x:[[-0.26605396  0.21708458]] ev:{} outputs y:1.7170501088881143 (n:0.0) c:1.0
num acquisition: 205, time elapsed: 62.26s
0
z
[1.23459344 1.87639437]
1.234593435954727
f inputs x:[[0.60282883 0.91620819]] ev:{} outputs y:2.599547390356691 (n:-0.0) c:1.0
num acquisition: 206, time elapsed: 62.91s
0
z
[1.32423457 1.65478349]
1.3242345653464993
f inputs x:[[0.64659891 0.80799975]] ev:{} outputs y:0.7331092802854824 (n:0.0) c:1.0
num acquisition: 207, time elapsed: 63.76s
0
z
[1.35991431 1.80306843]
1.3599143136992053
f inputs x:[[0.66402066 0.8804045 ]] ev:{} outputs y:0.29557104583690197 (n:0.0) c:1.0
num acquisition: 208, time elapsed: 64.54s
0
z
[1.39306125 1.85315149]
1.3930612505489888
f inputs x:[[0.68020569 0.90485913]] ev:{} outputs y:0.6520986072306886 (n:0.0) c:1.0
num acquisition: 209, time elapsed: 65.28s
0
z
[0.92011571 0.12494577]
0.9201157133463763
f inputs x:[[0.44927525 0.06100868]] ev:{} outputs y:3.971926984787448 (n:0.0) c:1.0
num acquisition: 210, time elapsed: 66.03s
0
z
[-1.21668445 -0.41772629]
-1.2166844534470078
f inputs x:[[-0.59408421 -0.20396791]] ev:{} outputs y:5.903103342467313 (n:0.0) c:1.0
num acquisition: 211, time elapsed: 66.63s
0
z
[-1.63240739 -1.67288875]
-1.6324073925351046
f inputs x:[[-0.79707392 -0.81684021]] ev:{} outputs y:7.544037853211477 (n:0.0) c:1.0
num acquisition: 212, time elapsed: 67.17s
0
z
[-0.16921147  0.61173668]
-0.16921146858308317
f inputs x:[[-0.08262279  0.29869955]] ev:{} outputs y:3.593692067625984 (n:0.0) c:1.0
num acquisition: 213, time elapsed: 67.85s
0
z
[ 2.048      -0.33194269]
2.048
f inputs x:[[ 1.         -0.16208139]] ev:{} outputs y:7.625979978431175 (n:-0.0) c:1.0
num acquisition: 214, time elapsed: 68.46s
0
z
[-1.07530441  0.05610994]
-1.0753044087607395
f inputs x:[[-0.52505098  0.02739743]] ev:{} outputs y:4.8390100017349456 (n:-0.0) c:1.0
num acquisition: 215, time elapsed: 69.27s
0
z
[-1.14439263  1.88563421]
-1.1443926328708571
f inputs x:[[-0.55878547  0.92071983]] ev:{} outputs y:3.657801156357356 (n:-0.0) c:1.0
num acquisition: 216, time elapsed: 69.84s
0
z
[-0.12474158 -0.82145887]
-0.12474158045567771
f inputs x:[[-0.06090897 -0.40110296]] ev:{} outputs y:4.281172333288315 (n:0.0) c:1.0
num acquisition: 217, time elapsed: 70.42s
0
z
[ 0.16265808 -2.048     ]
0.16265808313219718
f inputs x:[[ 0.07942289 -1.        ]] ev:{} outputs y:6.068514927964538 (n:0.0) c:1.0
num acquisition: 218, time elapsed: 71.00s
0
z
[0.9770394  0.95767176]
0.9770393985363773
f inputs x:[[0.47707002 0.46761316]] ev:{} outputs y:0.001466010813963249 (n:-0.0) c:1.0
num acquisition: 219, time elapsed: 71.92s
0
z
[ 2.048      -1.05627022]
2.048
f inputs x:[[ 1.         -0.51575694]] ev:{} outputs y:7.922605910988551 (n:-0.0) c:1.0
num acquisition: 220, time elapsed: 72.57s
0
z
[ 1.08513334 -0.77952745]
1.0851333367592284
f inputs x:[[ 0.52985026 -0.38062864]] ev:{} outputs y:5.950664714940171 (n:-0.0) c:1.0
num acquisition: 221, time elapsed: 73.29s
0
z
[0.98116297 1.48703914]
0.9811629743460485
f inputs x:[[0.47908348 0.72609333]] ev:{} outputs y:3.3497470097000384 (n:-0.0) c:1.0
num acquisition: 222, time elapsed: 74.03s
0
z
[-0.64192025  0.20968735]
-0.6419202470381723
f inputs x:[[-0.31343762  0.1023864 ]] ev:{} outputs y:2.053025172955821 (n:-0.0) c:1.0
num acquisition: 223, time elapsed: 75.04s
0
z
[-0.58867832  1.37191314]
-0.5886783160554467
f inputs x:[[-0.28744058  0.66987946]] ev:{} outputs y:4.6882464044486305 (n:0.0) c:1.0
num acquisition: 224, time elapsed: 75.81s
0
z
[0.70969359 1.76195098]
0.7096935891351418
f inputs x:[[0.34653007 0.86032763]] ev:{} outputs y:5.071496068595224 (n:-0.0) c:1.0
num acquisition: 225, time elapsed: 76.59s
0
z
[-1.76237565  2.048     ]
-1.7623756524412313
f inputs x:[[-0.86053499  1.        ]] ev:{} outputs y:4.792150337320327 (n:0.0) c:1.0
num acquisition: 226, time elapsed: 77.32s
0
z
[-0.03983764 -0.11970035]
-0.03983764114449661
f inputs x:[[-0.01945197 -0.05844744]] ev:{} outputs y:1.2676024299176212 (n:-0.0) c:1.0
num acquisition: 227, time elapsed: 78.09s
0
z
[-0.56613961  0.66018514]
-0.5661396126594826
f inputs x:[[-0.27643536  0.32235603]] ev:{} outputs y:2.7074125176031862 (n:-0.0) c:1.0
num acquisition: 228, time elapsed: 78.90s
0
z
[1.33004001 1.75364204]
1.3300400078865127
f inputs x:[[0.6494336  0.85627053]] ev:{} outputs y:0.12445655526804732 (n:0.0) c:1.0
num acquisition: 229, time elapsed: 79.75s
0
z
[ 1.31435201 -1.17659659]
1.3143520080713313
f inputs x:[[ 0.64177344 -0.57451005]] ev:{} outputs y:6.738731512997707 (n:0.0) c:1.0
num acquisition: 230, time elapsed: 81.09s
0
z
[-0.32207991  0.29455737]
-0.3220799051392408
f inputs x:[[-0.15726558  0.14382684]] ev:{} outputs y:1.8546082911079742 (n:-0.0) c:1.0
num acquisition: 231, time elapsed: 81.88s
0
z
[-0.39601621 -0.09926297]
-0.3960162066929661
f inputs x:[[-0.19336729 -0.04846825]] ev:{} outputs y:2.2520454571947823 (n:0.0) c:1.0
num acquisition: 232, time elapsed: 82.64s
0
z
[1.58146483 0.04814142]
1.5814648329616985
f inputs x:[[0.77219963 0.02350656]] ev:{} outputs y:6.401925218259495 (n:-0.0) c:1.0
num acquisition: 233, time elapsed: 83.47s
0
z
[0.54446088 0.27055238]
0.5444608830697205
f inputs x:[[0.26585004 0.13210566]] ev:{} outputs y:0.24257012063175612 (n:-0.0) c:1.0
num acquisition: 234, time elapsed: 84.48s
0
z
[-0.8641696  0.8231391]
-0.864169597237348
f inputs x:[[-0.42195781  0.40192339]] ev:{} outputs y:1.6209831517244113 (n:0.0) c:1.0
num acquisition: 235, time elapsed: 85.72s
0
z
[0.33520701 0.15211918]
0.335207006596398
f inputs x:[[0.1636753  0.07427694]] ev:{} outputs y:0.4700031478571891 (n:-0.0) c:1.0
num acquisition: 236, time elapsed: 86.72s
0
z
[ 0.17968652 -0.90260834]
0.1796865196744501
f inputs x:[[ 0.08773756 -0.44072673]] ev:{} outputs y:4.489488700924043 (n:-0.0) c:1.0
num acquisition: 237, time elapsed: 88.03s
0
z
[1.42881531 2.048     ]
1.4288153101890582
f inputs x:[[0.69766373 1.        ]] ev:{} outputs y:0.17234734584756004 (n:0.0) c:1.0
num acquisition: 238, time elapsed: 88.85s
0
z
[ 1.67027324 -0.62777433]
1.6702732411248118
f inputs x:[[ 0.81556311 -0.30653043]] ev:{} outputs y:7.064279746411567 (n:-0.0) c:1.0
num acquisition: 239, time elapsed: 89.89s
0
z
[1.31887499 1.78763582]
1.3188749889883176
f inputs x:[[0.64398193 0.87286905]] ev:{} outputs y:0.2882190168611884 (n:-0.0) c:1.0
num acquisition: 240, time elapsed: 90.73s
0
z
[ 0.7448286  -1.32194232]
0.7448285964150667
f inputs x:[[ 0.36368584 -0.64547965]] ev:{} outputs y:5.867232323952321 (n:-0.0) c:1.0
num acquisition: 241, time elapsed: 91.62s
0
z
[-1.72044172  0.56356011]
-1.720441719240436
f inputs x:[[-0.84005943  0.27517584]] ev:{} outputs y:6.367594789631925 (n:0.0) c:1.0
num acquisition: 242, time elapsed: 92.49s
0
z
[1.41393392 2.00713804]
1.4139339214069664
f inputs x:[[0.69039742 0.98004787]] ev:{} outputs y:0.1635022810546202 (n:-0.0) c:1.0
num acquisition: 243, time elapsed: 93.31s
0
z
[0.77710704 0.58048025]
0.7771070390521623
f inputs x:[[0.3794468  0.28343762]] ev:{} outputs y:0.09939994853943805 (n:0.0) c:1.0
num acquisition: 244, time elapsed: 94.34s
0
z
[-0.88200894 -0.62605761]
-0.8820089398979055
f inputs x:[[-0.43066843 -0.30569219]] ev:{} outputs y:5.306597100145171 (n:-0.0) c:1.0
num acquisition: 245, time elapsed: 95.73s
0
z
[ 1.70927635 -1.6986457 ]
1.7092763544098681
f inputs x:[[ 0.83460759 -0.82941685]] ev:{} outputs y:7.666780934113177 (n:-0.0) c:1.0
num acquisition: 246, time elapsed: 96.68s
0
z
[ 0.42724319 -0.31015218]
0.4272431896886972
f inputs x:[[ 0.20861484 -0.15144149]] ev:{} outputs y:3.2426817092929916 (n:0.0) c:1.0
num acquisition: 247, time elapsed: 97.51s
0
z
[-0.9966468   1.51741949]
-0.9966468017990862
f inputs x:[[-0.48664395  0.74092748]] ev:{} outputs y:3.479891919133855 (n:0.0) c:1.0
num acquisition: 248, time elapsed: 98.44s
0
z
[0.09043809 0.28110839]
0.09043808714876063
f inputs x:[[0.04415922 0.13725995]] ev:{} outputs y:2.2274676339750275 (n:-0.0) c:1.0
num acquisition: 249, time elapsed: 99.31s
0
z
[0.88438063 0.76605613]
0.8843806295680604
f inputs x:[[0.43182648 0.37405084]] ev:{} outputs y:0.038452991379252975 (n:0.0) c:1.0
num acquisition: 250, time elapsed: 100.20s
[0.47707002 0.46761316]
