INFO:GP:initializing Y
INFO:GP:initializing inference method
INFO:GP:adding kernel and likelihood as parameters
removed robo import in opts.py l17 due to theano errors
0
z
[-0.16619402 -1.04424187]
-0.16619402204018344
f inputs x:[[-0.08114942 -0.50988373]] ev:{} outputs y:4.76429896067657 (n:-0.0) c:1.0
0
z
[1.58431822 1.44958802]
1.5843182232307922
f inputs x:[[0.77359288 0.70780665]] ev:{} outputs y:4.73446367350309 (n:-0.0) c:1.0
0
z
[-1.74038581  0.36039698]
-1.7403858064039914
f inputs x:[[-0.84979776  0.17597509]] ev:{} outputs y:6.580116628664579 (n:0.0) c:1.0
0
z
[ 1.85177566 -1.28536154]
1.8517756635210814
f inputs x:[[ 0.90418734 -0.62761794]] ev:{} outputs y:7.707204250819261 (n:-0.0) c:1.0
0
z
[ 1.66923981 -1.26848999]
1.6692398067585879
f inputs x:[[ 0.8150585  -0.61937988]] ev:{} outputs y:7.405878549329522 (n:0.0) c:1.0
0
z
[0.98787379 1.22016821]
0.987873787032362
f inputs x:[[0.48236025 0.59578526]] ev:{} outputs y:1.9411998633704395 (n:-0.0) c:1.0
num acquisition: 1, time elapsed: 0.12s
0
z
[0.71771367 1.12021651]
0.7177136667792776
f inputs x:[[0.35044613 0.54698072]] ev:{} outputs y:3.629520109362889 (n:0.0) c:1.0
num acquisition: 2, time elapsed: 0.25s
0
z
[1.12151419 1.10250373]
1.1215141903549704
f inputs x:[[0.54761435 0.5383319 ]] ev:{} outputs y:1.2314736571997986 (n:-0.0) c:1.0
num acquisition: 3, time elapsed: 0.38s
0
z
[1.18716082 0.87901429]
1.1871608184697793
f inputs x:[[0.57966837 0.4292062 ]] ev:{} outputs y:3.37282230998005 (n:0.0) c:1.0
num acquisition: 4, time elapsed: 0.52s
0
z
[1.18253286 1.19565755]
1.1825328589094357
f inputs x:[[0.57740862 0.58381716]] ev:{} outputs y:1.637659540162706 (n:-0.0) c:1.0
num acquisition: 5, time elapsed: 0.69s
0
z
[-2.01727668 -2.048     ]
-2.017276684296107
f inputs x:[[-0.98499838 -1.        ]] ev:{} outputs y:8.230142552205095 (n:-0.0) c:1.0
num acquisition: 6, time elapsed: 0.81s
0
z
[-0.73367334  2.048     ]
-0.7336733377038634
f inputs x:[[-0.35823893  1.        ]] ev:{} outputs y:5.446444690134906 (n:0.0) c:1.0
num acquisition: 7, time elapsed: 0.94s
0
z
[1.05420518 1.09796991]
1.0542051806710966
f inputs x:[[0.51474862 0.53611812]] ev:{} outputs y:0.020622906940550148 (n:-0.0) c:1.0
num acquisition: 8, time elapsed: 1.14s
0
z
[1.03492288 1.08016768]
1.034922881032711
f inputs x:[[0.50533344 0.52742563]] ev:{} outputs y:0.009459931096721833 (n:-0.0) c:1.0
num acquisition: 9, time elapsed: 1.29s
0
z
[0.9465646  0.98664623]
0.9465645997455379
f inputs x:[[0.46218975 0.48176086]] ev:{} outputs y:0.6014756323726812 (n:-0.0) c:1.0
num acquisition: 10, time elapsed: 1.45s
0
z
[0.99792587 1.07166134]
0.9979258669994105
f inputs x:[[0.48726849 0.52327214]] ev:{} outputs y:0.45403225204093955 (n:0.0) c:1.0
num acquisition: 11, time elapsed: 1.58s
0
z
[0.68125323 0.52323507]
0.681253228450999
f inputs x:[[0.33264318 0.25548587]] ev:{} outputs y:0.37240776807450565 (n:-0.0) c:1.0
num acquisition: 12, time elapsed: 1.72s
0
z
[0.55465111 0.33158068]
0.554651106942042
f inputs x:[[0.27082574 0.16190463]] ev:{} outputs y:0.2276625668254257 (n:-0.0) c:1.0
num acquisition: 13, time elapsed: 1.87s
0
z
[0.76632855 0.28151544]
0.7663285531283093
f inputs x:[[0.37418386 0.13745871]] ev:{} outputs y:2.342050223199476 (n:-0.0) c:1.0
num acquisition: 14, time elapsed: 2.00s
0
z
[0.44692213 0.49664533]
0.44692213076013776
f inputs x:[[0.2182237 0.2425026]] ev:{} outputs y:2.3146330937539177 (n:0.0) c:1.0
num acquisition: 15, time elapsed: 2.15s
0
z
[0.42988535 0.12881919]
0.4298853492555934
f inputs x:[[0.20990496 0.0629    ]] ev:{} outputs y:0.4937394405130326 (n:-0.0) c:1.0
num acquisition: 16, time elapsed: 2.30s
0
z
[ 0.18430923 -0.08385568]
0.18430922685642215
f inputs x:[[ 0.08999474 -0.04094516]] ev:{} outputs y:1.1163336492900628 (n:-0.0) c:1.0
num acquisition: 17, time elapsed: 2.49s
0
z
[ 0.47388779 -0.21094198]
0.4738877896970498
f inputs x:[[ 0.23139052 -0.10299902]] ev:{} outputs y:3.007850114659341 (n:0.0) c:1.0
num acquisition: 18, time elapsed: 2.66s
0
z
[0.1599315  0.16568723]
0.15993150392581626
f inputs x:[[0.07809155 0.08090197]] ev:{} outputs y:1.299857118127703 (n:-0.0) c:1.0
num acquisition: 19, time elapsed: 2.82s
0
z
[-0.24278999 -0.08395975]
-0.2427899862412904
f inputs x:[[-0.1185498  -0.04099597]] ev:{} outputs y:1.5231739371989308 (n:-0.0) c:1.0
num acquisition: 20, time elapsed: 2.95s
0
z
[-0.54480301  0.29890261]
-0.5448030051484627
f inputs x:[[-0.26601709  0.14594854]] ev:{} outputs y:1.219901494873572 (n:-0.0) c:1.0
num acquisition: 21, time elapsed: 3.07s
0
z
[-0.72703181 -0.05465075]
-0.7270318086158221
f inputs x:[[-0.354996   -0.02668494]] ev:{} outputs y:3.6375307958285985 (n:0.0) c:1.0
num acquisition: 22, time elapsed: 3.19s
0
z
[-0.49011689  0.6545689 ]
-0.49011689488904076
f inputs x:[[-0.23931489  0.31961372]] ev:{} outputs y:3.0150151228472377 (n:-0.0) c:1.0
num acquisition: 23, time elapsed: 3.33s
0
z
[-0.25352741  0.23627006]
-0.2535274080894307
f inputs x:[[-0.12379268  0.11536624]] ev:{} outputs y:1.7101012956802897 (n:0.0) c:1.0
num acquisition: 24, time elapsed: 3.48s
0
z
[0.45332495 0.61193777]
0.4533249534260583
f inputs x:[[0.22135007 0.29879774]] ev:{} outputs y:2.8801942657919524 (n:0.0) c:1.0
num acquisition: 25, time elapsed: 3.65s
0
z
[-2.048  2.048]
-2.048
f inputs x:[[-1.  1.]] ev:{} outputs y:6.154757006192991 (n:0.0) c:1.0
num acquisition: 26, time elapsed: 3.77s
0
z
[ 0.4924722 -2.048    ]
0.49247220016017323
f inputs x:[[ 0.24046494 -1.        ]] ev:{} outputs y:6.265129779697812 (n:-0.0) c:1.0
num acquisition: 27, time elapsed: 3.88s
0
z
[0.49503787 0.57490397]
0.4950378741957726
f inputs x:[[0.24171771 0.28071483]] ev:{} outputs y:2.4960548055804264 (n:-0.0) c:1.0
num acquisition: 28, time elapsed: 4.00s
0
z
[2.048      0.00908758]
2.048
f inputs x:[[1.        0.0044373]] ev:{} outputs y:7.469484233463058 (n:0.0) c:1.0
num acquisition: 29, time elapsed: 4.12s
0
z
[0.48613661 0.24537981]
0.48613661175909195
f inputs x:[[0.23737139 0.11981436]] ev:{} outputs y:0.24078513676855678 (n:-0.0) c:1.0
num acquisition: 30, time elapsed: 4.26s
0
z
[-2.048      -0.77905135]
-2.048
f inputs x:[[-1.         -0.38039617]] ev:{} outputs y:7.817511366676954 (n:0.0) c:1.0
num acquisition: 31, time elapsed: 4.43s
0
z
[-0.72677771 -2.048     ]
-0.726777711039102
f inputs x:[[-0.35487193 -1.        ]] ev:{} outputs y:6.503787172187 (n:-0.0) c:1.0
num acquisition: 32, time elapsed: 4.61s
0
z
[-1.14004579  1.14674051]
-1.140045787802145
f inputs x:[[-0.55666298  0.55993189]] ev:{} outputs y:2.069339583274 (n:0.0) c:1.0
num acquisition: 33, time elapsed: 4.72s
0
z
[-0.97334387  0.61648096]
-0.9733438709523559
f inputs x:[[-0.47526556  0.30101609]] ev:{} outputs y:2.7628359463062786 (n:0.0) c:1.0
num acquisition: 34, time elapsed: 4.85s
0
z
[0.49089647 0.24518962]
0.4908964677488812
f inputs x:[[0.23969554 0.11972149]] ev:{} outputs y:0.2318725819160818 (n:0.0) c:1.0
num acquisition: 35, time elapsed: 4.98s
0
z
[2.048 2.048]
2.048
f inputs x:[[1. 1.]] ev:{} outputs y:6.137209404019698 (n:-0.0) c:1.0
num acquisition: 36, time elapsed: 5.09s
0
z
[-1.63342268  1.26218657]
-1.6334226838011943
f inputs x:[[-0.79756967  0.61630203]] ev:{} outputs y:5.325862702021523 (n:0.0) c:1.0
num acquisition: 37, time elapsed: 5.25s
0
z
[-0.72443019  1.25550321]
-0.7244301912358718
f inputs x:[[-0.35372568  0.61303868]] ev:{} outputs y:4.049460658747037 (n:-0.0) c:1.0
num acquisition: 38, time elapsed: 5.39s
0
z
[0.80179753 0.66755598]
0.8017975332626285
f inputs x:[[0.3915027  0.32595507]] ev:{} outputs y:0.09547213997280271 (n:0.0) c:1.0
num acquisition: 39, time elapsed: 5.53s
0
z
[0.78739927 0.64529966]
0.7873992728295474
f inputs x:[[0.3844723  0.31508772]] ev:{} outputs y:0.10365562637640645 (n:-0.0) c:1.0
num acquisition: 40, time elapsed: 5.68s
0
z
[0.2956523 2.048    ]
0.2956523029056875
f inputs x:[[0.14436148 1.        ]] ev:{} outputs y:5.955545381356529 (n:0.0) c:1.0
num acquisition: 41, time elapsed: 5.80s
0
z
[0.7838432  0.64219451]
0.7838431950272311
f inputs x:[[0.38273594 0.31357154]] ev:{} outputs y:0.11682328480882279 (n:-0.0) c:1.0
num acquisition: 42, time elapsed: 5.92s
0
z
[0.93159256 0.63881984]
0.9315925593838066
f inputs x:[[0.45487918 0.31192375]] ev:{} outputs y:1.8327149387458348 (n:0.0) c:1.0
num acquisition: 43, time elapsed: 6.08s
0
z
[-0.02422704 -0.28613258]
-0.024227037137324516
f inputs x:[[-0.01182961 -0.13971318]] ev:{} outputs y:2.3292124287696074 (n:0.0) c:1.0
num acquisition: 44, time elapsed: 6.25s
0
z
[-0.02848399  0.01619133]
-0.028483989804050452
f inputs x:[[-0.0139082   0.00790592]] ev:{} outputs y:0.7330569530515318 (n:0.0) c:1.0
num acquisition: 45, time elapsed: 6.38s
0
z
[0.75914261 0.69228633]
0.7591426078280484
f inputs x:[[0.3706751  0.33803044]] ev:{} outputs y:0.8768649651056262 (n:-0.0) c:1.0
num acquisition: 46, time elapsed: 6.51s
0
z
[0.91448217 0.83921405]
0.9144821743611824
f inputs x:[[0.4465245  0.40977248]] ev:{} outputs y:0.008142303232700855 (n:-0.0) c:1.0
num acquisition: 47, time elapsed: 6.66s
0
z
[-1.06589744 -1.01080357]
-1.0658974353535076
f inputs x:[[-0.52045773 -0.49355643]] ev:{} outputs y:6.144622149739939 (n:-0.0) c:1.0
num acquisition: 48, time elapsed: 6.81s
0
z
[0.88027296 0.85584162]
0.880272962334527
f inputs x:[[0.42982078 0.41789142]] ev:{} outputs y:0.5127069145660389 (n:0.0) c:1.0
num acquisition: 49, time elapsed: 7.08s
0
z
[0.96488147 0.97774678]
0.9648814674898532
f inputs x:[[0.47113353 0.47741542]] ev:{} outputs y:0.19868245401768284 (n:-0.0) c:1.0
num acquisition: 50, time elapsed: 7.29s
0
z
[0.96772399 0.98077055]
0.9677239918899384
f inputs x:[[0.47252148 0.47889187]] ev:{} outputs y:0.17991938083731207 (n:0.0) c:1.0
num acquisition: 51, time elapsed: 7.50s
0
z
[1.0011965  0.91696163]
1.001196504852988
f inputs x:[[0.48886548 0.44773517]] ev:{} outputs y:0.5480509024688909 (n:0.0) c:1.0
num acquisition: 52, time elapsed: 7.68s
0
z
[0.97293939 0.9896726 ]
0.9729393936840592
f inputs x:[[0.47506806 0.48323858]] ev:{} outputs y:0.17072280602346693 (n:-0.0) c:1.0
num acquisition: 53, time elapsed: 7.87s
0
z
[ 2.048 -2.048]
2.048
f inputs x:[[ 1. -1.]] ev:{} outputs y:8.268407222217542 (n:0.0) c:1.0
num acquisition: 54, time elapsed: 8.02s
0
z
[0.97391926 0.9908516 ]
0.9739192599424861
f inputs x:[[0.47554651 0.48381426]] ev:{} outputs y:0.1654190161039391 (n:-0.0) c:1.0
num acquisition: 55, time elapsed: 8.21s
0
z
[ 0.7672634 -0.9848339]
0.767263403440712
f inputs x:[[ 0.37464033 -0.48087593]] ev:{} outputs y:5.516057943785152 (n:0.0) c:1.0
num acquisition: 56, time elapsed: 8.40s
0
z
[0.11100717 1.20686036]
0.11100716826919615
f inputs x:[[0.05420272 0.58928729]] ev:{} outputs y:4.973157401565779 (n:0.0) c:1.0
num acquisition: 57, time elapsed: 8.56s
0
z
[1.12414665 2.048     ]
1.1241466515545817
f inputs x:[[0.54889973 1.        ]] ev:{} outputs y:4.135601153521996 (n:-0.0) c:1.0
num acquisition: 58, time elapsed: 8.78s
0
z
[ 1.25737309 -0.34586037]
1.257373089045919
f inputs x:[[ 0.6139517  -0.16887713]] ev:{} outputs y:5.919808358567349 (n:0.0) c:1.0
num acquisition: 59, time elapsed: 8.93s
0
z
[2.048      0.88332225]
2.048
f inputs x:[[1.         0.43130969]] ev:{} outputs y:7.001571906447615 (n:0.0) c:1.0
num acquisition: 60, time elapsed: 9.07s
0
z
[-0.79393135  0.33470388]
-0.7939313521273585
f inputs x:[[-0.38766179  0.16342963]] ev:{} outputs y:2.5616741533639975 (n:-0.0) c:1.0
num acquisition: 61, time elapsed: 9.21s
0
z
[-0.04878363  0.50531275]
-0.048783629628775416
f inputs x:[[-0.02382013  0.24673474]] ev:{} outputs y:3.310327575319772 (n:-0.0) c:1.0
num acquisition: 62, time elapsed: 9.39s
0
z
[ 1.22382588 -2.048     ]
1.2238258793198604
f inputs x:[[ 0.59757123 -1.        ]] ev:{} outputs y:7.1375043658803525 (n:-0.0) c:1.0
num acquisition: 63, time elapsed: 9.52s
0
z
[-1.24949694  0.85583506]
-1.2494969446433857
f inputs x:[[-0.61010593  0.41788821]] ev:{} outputs y:4.022136139107897 (n:0.0) c:1.0
num acquisition: 64, time elapsed: 9.69s
0
z
[-1.14509349  1.50579299]
-1.1450934881200285
f inputs x:[[-0.55912768  0.73525049]] ev:{} outputs y:2.239277600310031 (n:-0.0) c:1.0
num acquisition: 65, time elapsed: 9.85s
0
z
[-1.34569739  1.88673906]
-1.3456973937202148
f inputs x:[[-0.65707881  0.9212593 ]] ev:{} outputs y:1.9569108649705995 (n:-0.0) c:1.0
num acquisition: 66, time elapsed: 10.01s
0
z
[-1.3189192  -0.27979266]
-1.3189191957683812
f inputs x:[[-0.64400351 -0.13661751]] ev:{} outputs y:6.02623063001661 (n:0.0) c:1.0
num acquisition: 67, time elapsed: 10.16s
0
z
[-0.4364469   0.10201846]
-0.43644689912434775
f inputs x:[[-0.21310884  0.0498137 ]] ev:{} outputs y:1.347041011904713 (n:0.0) c:1.0
num acquisition: 68, time elapsed: 10.31s
0
z
[0.89711266 0.77423892]
0.8971126557593291
f inputs x:[[0.43804329 0.37804635]] ev:{} outputs y:0.0989868141499963 (n:-0.0) c:1.0
num acquisition: 69, time elapsed: 10.46s
0
z
[-0.42858978 -0.46287597]
-0.428589777922823
f inputs x:[[-0.20927235 -0.22601366]] ev:{} outputs y:3.8032236997629143 (n:-0.0) c:1.0
num acquisition: 70, time elapsed: 10.67s
0
z
[1.16331808 1.49345312]
1.1633180847314488
f inputs x:[[0.56802641 0.72922516]] ev:{} outputs y:1.0955112560385754 (n:0.0) c:1.0
num acquisition: 71, time elapsed: 10.84s
0
z
[0.93276393 1.64265236]
0.9327639262252455
f inputs x:[[0.45545114 0.80207635]] ev:{} outputs y:4.105880876050069 (n:0.0) c:1.0
num acquisition: 72, time elapsed: 11.01s
0
z
[-1.38546712 -1.63239971]
-1.3854671186408558
f inputs x:[[-0.67649762 -0.79707017]] ev:{} outputs y:7.1454352268246595 (n:0.0) c:1.0
num acquisition: 73, time elapsed: 11.16s
0
z
[-0.09703872 -1.66533387]
-0.09703872212092883
f inputs x:[[-0.04738219 -0.8131513 ]] ev:{} outputs y:5.64432392991775 (n:-0.0) c:1.0
num acquisition: 74, time elapsed: 11.38s
0
z
[ 0.2392014  -0.61968943]
0.23920139578260402
f inputs x:[[ 0.11679756 -0.30258273]] ev:{} outputs y:3.858602980972525 (n:0.0) c:1.0
num acquisition: 75, time elapsed: 11.58s
0
z
[-1.53417349  2.048     ]
-1.5341734882789215
f inputs x:[[-0.74910815  1.        ]] ev:{} outputs y:2.819386931385555 (n:-0.0) c:1.0
num acquisition: 76, time elapsed: 11.80s
0
z
[ 2.048      -0.66050136]
2.048
f inputs x:[[ 1.         -0.32251043]] ev:{} outputs y:7.765998086720254 (n:0.0) c:1.0
num acquisition: 77, time elapsed: 11.97s
0
z
[0.9056155  0.88020599]
0.9056154950884484
f inputs x:[[0.44219507 0.42978808]] ev:{} outputs y:0.31459731213004 (n:0.0) c:1.0
num acquisition: 78, time elapsed: 12.19s
0
z
[0.93608752 0.92576337]
0.9360875189046732
f inputs x:[[0.45707398 0.45203289]] ev:{} outputs y:0.222459081284271 (n:-0.0) c:1.0
num acquisition: 79, time elapsed: 12.39s
0
z
[0.94515233 0.93875038]
0.9451523303085184
f inputs x:[[0.46150016 0.45837421]] ev:{} outputs y:0.1901777098737731 (n:0.0) c:1.0
num acquisition: 80, time elapsed: 12.62s
0
z
[0.77364653 0.53041039]
0.7736465346869301
f inputs x:[[0.3777571  0.25898945]] ev:{} outputs y:0.41558033875458045 (n:0.0) c:1.0
num acquisition: 81, time elapsed: 12.81s
0
z
[-2.048      0.9154137]
-2.048
f inputs x:[[-1.          0.44697935]] ev:{} outputs y:6.989706129731902 (n:0.0) c:1.0
num acquisition: 82, time elapsed: 12.98s
0
z
[-1.47416779  1.66537602]
-1.4741677913678195
f inputs x:[[-0.71980849  0.81317189]] ev:{} outputs y:3.493686843689185 (n:-0.0) c:1.0
num acquisition: 83, time elapsed: 13.14s
0
z
[-0.26724437  1.66329414]
-0.26724436685603087
f inputs x:[[-0.13049041  0.81215534]] ev:{} outputs y:5.545225803902777 (n:0.0) c:1.0
num acquisition: 84, time elapsed: 13.32s
0
z
[-1.17751101  2.048     ]
-1.177511013894313
f inputs x:[[-0.57495655  1.        ]] ev:{} outputs y:3.901882177958897 (n:-0.0) c:1.0
num acquisition: 85, time elapsed: 13.47s
0
z
[1.30665029 1.68581238]
1.3066502928405106
f inputs x:[[0.63801284 0.82315058]] ev:{} outputs y:0.13134106577747195 (n:-0.0) c:1.0
num acquisition: 86, time elapsed: 13.70s
0
z
[1.41570461 1.81166083]
1.4157046094551227
f inputs x:[[0.69126202 0.88460002]] ev:{} outputs y:1.5852878253764477 (n:0.0) c:1.0
num acquisition: 87, time elapsed: 13.89s
0
z
[1.30700609 1.57879847]
1.3070060890812754
f inputs x:[[0.63818657 0.77089769]] ev:{} outputs y:1.0189948932717472 (n:0.0) c:1.0
num acquisition: 88, time elapsed: 14.11s
0
z
[1.2259262  1.71697479]
1.2259262007716152
f inputs x:[[0.59859678 0.8383666 ]] ev:{} outputs y:1.7288296559880658 (n:-0.0) c:1.0
num acquisition: 89, time elapsed: 14.31s
0
z
[-2.048      -0.12146675]
-2.048
f inputs x:[[-1.         -0.05930994]] ev:{} outputs y:7.5352315750420145 (n:0.0) c:1.0
num acquisition: 90, time elapsed: 14.50s
0
z
[1.37054999 1.68586983]
1.370549987871047
f inputs x:[[0.66921386 0.82317863]] ev:{} outputs y:1.5778180183206876 (n:-0.0) c:1.0
num acquisition: 91, time elapsed: 14.72s
0
z
[0.92889746 0.9170809 ]
0.9288974603736093
f inputs x:[[0.45356321 0.44779341]] ev:{} outputs y:0.26170966181910355 (n:-0.0) c:1.0
num acquisition: 92, time elapsed: 14.95s
0
z
[0.93356864 0.92379986]
0.9335686445505744
f inputs x:[[0.45584406 0.45107415]] ev:{} outputs y:0.24483741410940862 (n:-0.0) c:1.0
num acquisition: 93, time elapsed: 15.24s
0
z
[0.93743631 0.9293201 ]
0.9374363088804767
f inputs x:[[0.45773257 0.45376958]] ev:{} outputs y:0.23053645265426537 (n:0.0) c:1.0
num acquisition: 94, time elapsed: 15.52s
0
z
[0.94079839 0.93406872]
0.9407983908227443
f inputs x:[[0.45937421 0.45608824]] ev:{} outputs y:0.2177551038845996 (n:0.0) c:1.0
num acquisition: 95, time elapsed: 15.76s
0
z
[1.51406972 0.43755648]
1.5140697150928175
f inputs x:[[0.73929185 0.21365062]] ev:{} outputs y:5.844446481088799 (n:-0.0) c:1.0
num acquisition: 96, time elapsed: 16.03s
0
z
[1.48347251 2.048     ]
1.4834725144048841
f inputs x:[[0.72435181 1.        ]] ev:{} outputs y:1.2712175416957232 (n:0.0) c:1.0
num acquisition: 97, time elapsed: 16.23s
0
z
[0.29268083 0.05268444]
0.29268082653088223
f inputs x:[[0.14291056 0.02572482]] ev:{} outputs y:0.4756456796766032 (n:0.0) c:1.0
num acquisition: 98, time elapsed: 16.45s
0
z
[ 0.85609905 -1.50911908]
0.8560990529196727
f inputs x:[[ 0.41801712 -0.73687455]] ev:{} outputs y:6.221957366911346 (n:0.0) c:1.0
num acquisition: 99, time elapsed: 16.66s
0
z
[-2.048      -1.39459745]
-2.048
f inputs x:[[-1.         -0.68095579]] ev:{} outputs y:8.050024658959508 (n:-0.0) c:1.0
num acquisition: 100, time elapsed: 16.86s
0
z
[0.51317645 1.47861048]
0.5131764471252711
f inputs x:[[0.25057444 0.72197777]] ev:{} outputs y:5.00342794443818 (n:-0.0) c:1.0
num acquisition: 101, time elapsed: 17.10s
0
z
[-0.8357202   0.90072952]
-0.8357201975085211
f inputs x:[[-0.4080665   0.43980933]] ev:{} outputs y:2.135638600350527 (n:0.0) c:1.0
num acquisition: 102, time elapsed: 17.30s
0
z
[-0.624498   -1.38402667]
-0.624497999418252
f inputs x:[[-0.30493066 -0.67579427]] ev:{} outputs y:5.763167919815121 (n:0.0) c:1.0
num acquisition: 103, time elapsed: 17.53s
0
z
[-0.33303766  0.99334635]
-0.33303765524657264
f inputs x:[[-0.16261604  0.4850324 ]] ev:{} outputs y:4.3900650037225875 (n:0.0) c:1.0
num acquisition: 104, time elapsed: 17.76s
0
z
[0.62377337 0.03799943]
0.6237733718672372
f inputs x:[[0.30457684 0.01855441]] ev:{} outputs y:2.600333664296109 (n:0.0) c:1.0
num acquisition: 105, time elapsed: 17.96s
0
z
[2.048      1.47265716]
2.048
f inputs x:[[1.         0.71907088]] ev:{} outputs y:6.610473214908722 (n:0.0) c:1.0
num acquisition: 106, time elapsed: 18.14s
0
z
[-1.16873636  0.28071145]
-1.1687363564503976
f inputs x:[[-0.57067205  0.13706614]] ev:{} outputs y:4.816051120279106 (n:0.0) c:1.0
num acquisition: 107, time elapsed: 18.38s
0
z
[ 0.28947851 -1.23462344]
0.28947851057805124
f inputs x:[[ 0.14134693 -0.60284348]] ev:{} outputs y:5.166660221168085 (n:-0.0) c:1.0
num acquisition: 108, time elapsed: 18.59s
0
z
[0.32750958 0.17945275]
0.3275095811462829
f inputs x:[[0.15991679 0.08762341]] ev:{} outputs y:0.6797509807299319 (n:0.0) c:1.0
num acquisition: 109, time elapsed: 18.90s
0
z
[-0.16981711  0.07416115]
-0.16981711491698104
f inputs x:[[-0.08291851  0.0362115 ]] ev:{} outputs y:0.9454192488099855 (n:0.0) c:1.0
num acquisition: 110, time elapsed: 19.14s
0
z
[0.64650341 0.40773576]
0.6465034090635212
f inputs x:[[0.31567549 0.19908973]] ev:{} outputs y:0.12700875447270923 (n:-0.0) c:1.0
num acquisition: 111, time elapsed: 19.37s
0
z
[-0.91240223  1.63777629]
-0.9124022281942085
f inputs x:[[-0.4455089   0.79969546]] ev:{} outputs y:4.241439617030456 (n:-0.0) c:1.0
num acquisition: 112, time elapsed: 19.60s
0
z
[-2.048       1.52952846]
-2.048
f inputs x:[[-1.          0.74684007]] ev:{} outputs y:6.579797137239605 (n:-0.0) c:1.0
num acquisition: 113, time elapsed: 19.90s
0
z
[-0.72390403  0.58751781]
-0.7239040329485927
f inputs x:[[-0.35346877  0.28687393]] ev:{} outputs y:1.4758667001099963 (n:-0.0) c:1.0
num acquisition: 114, time elapsed: 20.13s
0
z
[-0.82545324 -0.54577723]
-0.8254532377346849
f inputs x:[[-0.40305334 -0.26649279]] ev:{} outputs y:5.042922147030678 (n:0.0) c:1.0
num acquisition: 115, time elapsed: 20.43s
0
z
[ 0.74490357 -0.50081445]
0.7449035692962861
f inputs x:[[ 0.36372245 -0.24453831]] ev:{} outputs y:4.723081499116812 (n:0.0) c:1.0
num acquisition: 116, time elapsed: 20.67s
0
z
[ 1.27658874 -0.88642655]
1.276588739653948
f inputs x:[[ 0.62333435 -0.43282546]] ev:{} outputs y:6.452293592424507 (n:0.0) c:1.0
num acquisition: 117, time elapsed: 20.92s
0
z
[1.21082908 1.36640676]
1.2108290806580366
f inputs x:[[0.59122514 0.6671908 ]] ev:{} outputs y:0.7121965424998932 (n:0.0) c:1.0
num acquisition: 118, time elapsed: 21.16s
0
z
[-0.12335776 -2.048     ]
-0.12335775767384563
f inputs x:[[-0.06023328 -1.        ]] ev:{} outputs y:6.059002692611888 (n:-0.0) c:1.0
num acquisition: 119, time elapsed: 21.41s
0
z
[1.66152367 2.048     ]
1.6615236710388448
f inputs x:[[0.81129085 1.        ]] ev:{} outputs y:3.955583724601049 (n:-0.0) c:1.0
num acquisition: 120, time elapsed: 21.64s
0
z
[-0.12342012 -0.62977878]
-0.12342011782191391
f inputs x:[[-0.06026373 -0.30750917]] ev:{} outputs y:3.781140256031178 (n:-0.0) c:1.0
num acquisition: 121, time elapsed: 21.89s
0
z
[-1.28169436  1.32212492]
-1.2816943609458489
f inputs x:[[-0.62582732  0.64556881]] ev:{} outputs y:2.802484851760581 (n:0.0) c:1.0
num acquisition: 122, time elapsed: 22.10s
0
z
[1.36179527 1.96846842]
1.3617952733880163
f inputs x:[[0.6649391  0.96116622]] ev:{} outputs y:0.8879269217410471 (n:-0.0) c:1.0
num acquisition: 123, time elapsed: 22.35s
0
z
[-1.26686364 -2.048     ]
-1.266863644841229
f inputs x:[[-0.61858576 -1.        ]] ev:{} outputs y:7.2008265199486425 (n:0.0) c:1.0
num acquisition: 124, time elapsed: 22.60s
0
z
[0.93070014 0.91796091]
0.9307001399249409
f inputs x:[[0.45444343 0.4482231 ]] ev:{} outputs y:0.24113525449533235 (n:0.0) c:1.0
num acquisition: 125, time elapsed: 22.91s
0
z
[0.93350518 0.92205982]
0.9335051767603595
f inputs x:[[0.45581307 0.45022452]] ev:{} outputs y:0.2316989069544717 (n:0.0) c:1.0
num acquisition: 126, time elapsed: 23.21s
0
z
[0.93616153 0.92589836]
0.9361615304544941
f inputs x:[[0.45711012 0.45209881]] ev:{} outputs y:0.2224231423418402 (n:-0.0) c:1.0
num acquisition: 127, time elapsed: 23.51s
0
z
[0.13085068 0.81327807]
0.13085067512473153
f inputs x:[[0.06389193 0.39710843]] ev:{} outputs y:4.17656773111265 (n:-0.0) c:1.0
num acquisition: 128, time elapsed: 23.86s
0
z
[-0.04292043  0.17880322]
-0.04292043408322188
f inputs x:[[-0.02095724  0.08730626]] ev:{} outputs y:1.6523450018245154 (n:-0.0) c:1.0
num acquisition: 129, time elapsed: 24.15s
0
z
[-0.21707862  2.048     ]
-0.2170786203083694
f inputs x:[[-0.10599542  1.        ]] ev:{} outputs y:5.998519865464767 (n:0.0) c:1.0
num acquisition: 130, time elapsed: 24.45s
0
z
[-1.01721966  1.30629042]
-1.0172196611288622
f inputs x:[[-0.49668929  0.63783712]] ev:{} outputs y:2.521187475388156 (n:0.0) c:1.0
num acquisition: 131, time elapsed: 24.81s
0
z
[-1.50416644 -0.82058571]
-1.5041664350579116
f inputs x:[[-0.73445627 -0.40067662]] ev:{} outputs y:6.864662870406787 (n:0.0) c:1.0
num acquisition: 132, time elapsed: 25.11s
0
z
[1.56335953 1.00878187]
1.5633595289482243
f inputs x:[[0.76335914 0.49256927]] ev:{} outputs y:5.334307781599658 (n:0.0) c:1.0
num acquisition: 133, time elapsed: 25.39s
0
z
[0.13082561 0.02899437]
0.13082560683315447
f inputs x:[[0.06387969 0.01415741]] ev:{} outputs y:0.5707395484372255 (n:-0.0) c:1.0
num acquisition: 134, time elapsed: 25.67s
0
z
[1.02725443 1.02885889]
1.0272544287775358
f inputs x:[[0.50158908 0.50237251]] ev:{} outputs y:0.06803299505165335 (n:0.0) c:1.0
num acquisition: 135, time elapsed: 26.04s
0
z
[-0.59198779  0.45396315]
-0.5919877873375015
f inputs x:[[-0.28905654  0.22166169]] ev:{} outputs y:1.5273450116039573 (n:-0.0) c:1.0
num acquisition: 136, time elapsed: 26.34s
0
z
[-0.53540734 -0.86945969]
-0.5354073420918629
f inputs x:[[-0.26142937 -0.42454087]] ev:{} outputs y:4.920119505472794 (n:-0.0) c:1.0
num acquisition: 137, time elapsed: 26.72s
0
z
[-0.39332528  0.39683594]
-0.39332528303337283
f inputs x:[[-0.19205336  0.19376755]] ev:{} outputs y:2.1752181253594474 (n:-0.0) c:1.0
num acquisition: 138, time elapsed: 27.05s
0
z
[0.61670268 0.31497584]
0.616702679958711
f inputs x:[[0.30112436 0.1537968 ]] ev:{} outputs y:0.4535766296299339 (n:-0.0) c:1.0
num acquisition: 139, time elapsed: 27.37s
0
z
[-1.20932154  1.73186259]
-1.2093215389982228
f inputs x:[[-0.59048903  0.84563603]] ev:{} outputs y:2.5755813850236655 (n:0.0) c:1.0
num acquisition: 140, time elapsed: 27.85s
0
z
[0.70932319 2.048     ]
0.7093231878639751
f inputs x:[[0.34634921 1.        ]] ev:{} outputs y:5.4795713746975725 (n:-0.0) c:1.0
num acquisition: 141, time elapsed: 28.20s
0
z
[1.17263864 0.08623693]
1.1726386414629795
f inputs x:[[0.57257746 0.04210787]] ev:{} outputs y:5.118842596622362 (n:0.0) c:1.0
num acquisition: 142, time elapsed: 28.54s
0
z
[-0.46077081 -0.14161167]
-0.460770812437446
f inputs x:[[-0.22498575 -0.06914632]] ev:{} outputs y:2.7511025184334246 (n:0.0) c:1.0
num acquisition: 143, time elapsed: 28.92s
0
z
[ 0.00695981 -0.09918381]
0.0069598054336807704
f inputs x:[[ 0.00339834 -0.0484296 ]] ev:{} outputs y:1.0888423327854166 (n:0.0) c:1.0
num acquisition: 144, time elapsed: 29.26s
0
z
[1.11748049 1.33577838]
1.1174804921255066
f inputs x:[[0.54564477 0.65223554]] ev:{} outputs y:0.5715304806364039 (n:0.0) c:1.0
num acquisition: 145, time elapsed: 29.67s
0
z
[0.42831589 1.05065723]
0.42831589197481856
f inputs x:[[0.20913862 0.51301623]] ev:{} outputs y:4.337694324935657 (n:0.0) c:1.0
num acquisition: 146, time elapsed: 30.01s
0
z
[-0.98075392  1.03627335]
-0.9807539199796521
f inputs x:[[-0.47888375  0.50599285]] ev:{} outputs y:1.700529968911596 (n:0.0) c:1.0
num acquisition: 147, time elapsed: 30.44s
0
z
[ 1.3396626  -1.57266465]
1.339662602409794
f inputs x:[[ 0.65413213 -0.76790266]] ev:{} outputs y:7.034411779616145 (n:-0.0) c:1.0
num acquisition: 148, time elapsed: 30.93s
0
z
[0.60042825 0.4177169 ]
0.6004282480161521
f inputs x:[[0.29317786 0.20396333]] ev:{} outputs y:0.3966758502290455 (n:-0.0) c:1.0
num acquisition: 149, time elapsed: 31.34s
0
z
[0.69718506 0.44786906]
0.6971850573624385
f inputs x:[[0.34042239 0.21868606]] ev:{} outputs y:0.21317820785433425 (n:-0.0) c:1.0
num acquisition: 150, time elapsed: 31.73s
0
z
[ 0.38844744 -0.01197459]
0.38844743687276906
f inputs x:[[ 0.1896716  -0.00584697]] ev:{} outputs y:1.392904949386365 (n:0.0) c:1.0
num acquisition: 151, time elapsed: 32.06s
0
z
[ 0.22848875 -0.33129456]
0.22848874816354708
f inputs x:[[ 0.11156677 -0.16176492]] ev:{} outputs y:2.7913235250483956 (n:-0.0) c:1.0
num acquisition: 152, time elapsed: 32.45s
0
z
[ 1.59242174 -0.10552882]
1.5924217375044716
f inputs x:[[ 0.77754968 -0.05152774]] ev:{} outputs y:6.549674272352912 (n:0.0) c:1.0
num acquisition: 153, time elapsed: 32.88s
0
z
[ 0.36609482 -1.62156305]
0.3660948224868532
f inputs x:[[ 0.17875724 -0.79177883]] ev:{} outputs y:5.735316417583607 (n:0.0) c:1.0
num acquisition: 154, time elapsed: 33.23s
0
z
[2.048      0.45456679]
2.048
f inputs x:[[1.         0.22195644]] ev:{} outputs y:7.2447000797856695 (n:0.0) c:1.0
num acquisition: 155, time elapsed: 33.49s
0
z
[0.13093427 1.62040136]
0.13093427042880967
f inputs x:[[0.06393275 0.7912116 ]] ev:{} outputs y:5.556050778810171 (n:-0.0) c:1.0
num acquisition: 156, time elapsed: 33.97s
0
z
[ 0.40245502 -0.88141644]
0.40245501737128087
f inputs x:[[ 0.19651124 -0.43037912]] ev:{} outputs y:4.702501904703282 (n:-0.0) c:1.0
num acquisition: 157, time elapsed: 34.37s
0
z
[ 0.87528198 -0.17177293]
0.8752819807374551
f inputs x:[[ 0.42738378 -0.0838735 ]] ev:{} outputs y:4.488407092354493 (n:0.0) c:1.0
num acquisition: 158, time elapsed: 34.81s
0
z
[0.93566321 0.85715848]
0.9356632098720918
f inputs x:[[0.4568668  0.41853441]] ev:{} outputs y:0.03696282443109576 (n:0.0) c:1.0
num acquisition: 159, time elapsed: 35.22s
0
z
[-0.62500951  0.88928001]
-0.6250095108272611
f inputs x:[[-0.30518043  0.43421875]] ev:{} outputs y:3.3500848437310293 (n:0.0) c:1.0
num acquisition: 160, time elapsed: 35.72s
0
z
[0.82885234 0.65739662]
0.8288523411617941
f inputs x:[[0.40471306 0.32099444]] ev:{} outputs y:0.11056151938806492 (n:-0.0) c:1.0
num acquisition: 161, time elapsed: 36.03s
0
z
[1.31563398 1.77582634]
1.315633975857913
f inputs x:[[0.6423994 0.8671027]] ev:{} outputs y:0.2635385274725777 (n:0.0) c:1.0
num acquisition: 162, time elapsed: 36.42s
0
z
[-0.6172065   0.15632326]
-0.6172064968271196
f inputs x:[[-0.30137036  0.07632972]] ev:{} outputs y:2.1588069119274316 (n:-0.0) c:1.0
num acquisition: 163, time elapsed: 36.80s
0
z
[-0.33234587  1.32031973]
-0.33234586626375784
f inputs x:[[-0.16227826  0.64468737]] ev:{} outputs y:5.004970665299247 (n:-0.0) c:1.0
num acquisition: 164, time elapsed: 37.20s
0
z
[-0.96233128 -1.5529198 ]
-0.962331277340443
f inputs x:[[-0.46988832 -0.75826162]] ev:{} outputs y:6.428743973841526 (n:-0.0) c:1.0
num acquisition: 165, time elapsed: 37.50s
0
z
[-1.5957293   0.79853284]
-1.595729298833751
f inputs x:[[-0.7791647   0.38990861]] ev:{} outputs y:5.746921754630812 (n:0.0) c:1.0
num acquisition: 166, time elapsed: 37.89s
0
z
[0.20191874 0.40148395]
0.20191873511536781
f inputs x:[[0.09859313 0.19603709]] ev:{} outputs y:2.684324587875612 (n:0.0) c:1.0
num acquisition: 167, time elapsed: 38.25s
0
z
[-1.68725417  1.85197312]
-1.687254174299731
f inputs x:[[-0.82385458  0.90428375]] ev:{} outputs y:4.674646711757178 (n:0.0) c:1.0
num acquisition: 168, time elapsed: 38.57s
0
z
[-1.02956618 -0.04059196]
-1.029566181958307
f inputs x:[[-0.50271786 -0.01982029]] ev:{} outputs y:4.838270730431063 (n:0.0) c:1.0
num acquisition: 169, time elapsed: 39.02s
0
z
[-1.00673025  0.85331959]
-1.0067302539825405
f inputs x:[[-0.49156751  0.41665995]] ev:{} outputs y:2.0272173835401976 (n:-0.0) c:1.0
num acquisition: 170, time elapsed: 39.42s
0
z
[-2.048       0.46390244]
-2.048
f inputs x:[[-1.          0.22651486]] ev:{} outputs y:7.2455693889789945 (n:0.0) c:1.0
num acquisition: 171, time elapsed: 39.84s
0
z
[-0.30233864  0.06349138]
-0.3023386373139359
f inputs x:[[-0.14762629  0.03100165]] ev:{} outputs y:1.020298732332908 (n:0.0) c:1.0
num acquisition: 172, time elapsed: 40.19s
0
z
[-1.52149955  0.03506698]
-1.5214995471611208
f inputs x:[[-0.7429197   0.01712255]] ev:{} outputs y:6.267484334215079 (n:0.0) c:1.0
num acquisition: 173, time elapsed: 40.62s
0
z
[-1.54223471 -1.2413581 ]
-1.5422347070877456
f inputs x:[[-0.75304429 -0.60613189]] ev:{} outputs y:7.183712476972758 (n:0.0) c:1.0
num acquisition: 174, time elapsed: 41.02s
0
z
[0.91142025 0.88361686]
0.9114202474299172
f inputs x:[[0.44502942 0.43145355]] ev:{} outputs y:0.25309436988993683 (n:0.0) c:1.0
num acquisition: 175, time elapsed: 41.46s
0
z
[0.91514096 0.88912012]
0.9151409556540642
f inputs x:[[0.44684617 0.43414068]] ev:{} outputs y:0.24203644355002144 (n:0.0) c:1.0
num acquisition: 176, time elapsed: 41.90s
0
z
[0.91811646 0.89346505]
0.9181164627540793
f inputs x:[[0.44829905 0.43626223]] ev:{} outputs y:0.23270159758087697 (n:-0.0) c:1.0
num acquisition: 177, time elapsed: 42.34s
0
z
[0.92060487 0.89704118]
0.920604866814933
f inputs x:[[0.4495141  0.43800839]] ev:{} outputs y:0.2244263348343078 (n:0.0) c:1.0
num acquisition: 178, time elapsed: 42.87s
0
z
[0.92277807 0.90011287]
0.9227780716211422
f inputs x:[[0.45057523 0.43950824]] ev:{} outputs y:0.2168003514983241 (n:0.0) c:1.0
num acquisition: 179, time elapsed: 43.29s
0
z
[ 1.59852101 -0.60372956]
1.5985210094983855
f inputs x:[[ 0.78052784 -0.29478983]] ev:{} outputs y:6.907040708382974 (n:0.0) c:1.0
num acquisition: 180, time elapsed: 43.83s
0
z
[-0.46333105 -1.73070636]
-0.46333104656293267
f inputs x:[[-0.22623586 -0.84507146]] ev:{} outputs y:5.9443531696802125 (n:0.0) c:1.0
num acquisition: 181, time elapsed: 44.41s
0
z
[ 1.62034297 -2.048     ]
1.6203429674443248
f inputs x:[[ 0.79118309 -1.        ]] ev:{} outputs y:7.689625373859037 (n:-0.0) c:1.0
num acquisition: 182, time elapsed: 45.06s
0
z
[ 0.84765597 -2.048     ]
0.8476559736456746
f inputs x:[[ 0.41389452 -1.        ]] ev:{} outputs y:6.641687080372302 (n:-0.0) c:1.0
num acquisition: 183, time elapsed: 45.85s
0
z
[-0.22260412 -1.3499322 ]
-0.22260411983295256
f inputs x:[[-0.10869342 -0.65914658]] ev:{} outputs y:5.290035812577647 (n:0.0) c:1.0
num acquisition: 184, time elapsed: 46.54s
0
z
[ 0.09090658 -0.88735082]
0.090906584215849
f inputs x:[[ 0.04438798 -0.43327677]] ev:{} outputs y:4.407195270071805 (n:0.0) c:1.0
num acquisition: 185, time elapsed: 47.08s
0
z
[-0.23591528 -0.30734927]
-0.23591527835715503
f inputs x:[[-0.11519301 -0.15007288]] ev:{} outputs y:2.7539645071703154 (n:0.0) c:1.0
num acquisition: 186, time elapsed: 47.57s
0
z
[0.99863953 0.98414618]
0.9986395330913194
f inputs x:[[0.48761696 0.48054013]] ev:{} outputs y:0.017106821268712942 (n:0.0) c:1.0
num acquisition: 187, time elapsed: 48.12s
0
z
[-0.59421383  1.61279394]
-0.5942138307078699
f inputs x:[[-0.29014347  0.78749704]] ev:{} outputs y:5.088995969024406 (n:-0.0) c:1.0
num acquisition: 188, time elapsed: 48.78s
0
z
[-0.18518328  0.73673247]
-0.18518328196829353
f inputs x:[[-0.09042152  0.35973265]] ev:{} outputs y:3.946362620488515 (n:-0.0) c:1.0
num acquisition: 189, time elapsed: 49.29s
0
z
[0.91051201 0.81512843]
0.910512008749763
f inputs x:[[0.44458594 0.39801193]] ev:{} outputs y:0.026972299010534825 (n:0.0) c:1.0
num acquisition: 190, time elapsed: 49.98s
0
z
[ 2.048     -1.6117154]
2.048
f inputs x:[[ 1.         -0.78697041]] ev:{} outputs y:8.123582866836188 (n:0.0) c:1.0
num acquisition: 191, time elapsed: 50.44s
0
z
[-1.70177127 -0.42308633]
-1.7017712673911884
f inputs x:[[-0.830943   -0.20658512]] ev:{} outputs y:7.012070128451559 (n:-0.0) c:1.0
num acquisition: 192, time elapsed: 50.99s
0
z
[-0.8089228   0.72406995]
-0.8089228023661975
f inputs x:[[-0.39498184  0.35354978]] ev:{} outputs y:1.559870230957506 (n:0.0) c:1.0
num acquisition: 193, time elapsed: 51.62s
0
z
[1.33104958 1.86020024]
1.3310495776787914
f inputs x:[[0.64992655 0.9083009 ]] ev:{} outputs y:0.6381350679701531 (n:-0.0) c:1.0
num acquisition: 194, time elapsed: 52.27s
0
z
[ 0.46580888 -0.49693796]
0.46580887863053544
f inputs x:[[ 0.22744574 -0.24264549]] ev:{} outputs y:3.9560962926432923 (n:0.0) c:1.0
num acquisition: 195, time elapsed: 52.91s
0
z
[1.40310681 0.72388218]
1.4031068117003238
f inputs x:[[0.68511075 0.3534581 ]] ev:{} outputs y:5.050636519782845 (n:-0.0) c:1.0
num acquisition: 196, time elapsed: 53.71s
0
z
[-1.35478195  0.53022604]
-1.3547819472625726
f inputs x:[[-0.66151462  0.25889943]] ev:{} outputs y:5.175594850209573 (n:-0.0) c:1.0
num acquisition: 197, time elapsed: 54.43s
0
z
[ 1.1006025  -1.21704581]
1.1006024980124245
f inputs x:[[ 0.53740356 -0.59426065]] ev:{} outputs y:6.381323539742172 (n:0.0) c:1.0
num acquisition: 198, time elapsed: 54.98s
0
z
[1.35441986 2.048     ]
1.3544198619067795
f inputs x:[[0.66133782 1.        ]] ev:{} outputs y:1.7379786319789177 (n:-0.0) c:1.0
num acquisition: 199, time elapsed: 55.60s
0
z
[-0.41163306  0.22491702]
-0.4116330587541144
f inputs x:[[-0.2009927   0.10982276]] ev:{} outputs y:1.1940612989435984 (n:-0.0) c:1.0
num acquisition: 200, time elapsed: 56.18s
0
z
[0.85299674 0.72861371]
0.852996735980886
f inputs x:[[0.41650231 0.35576841]] ev:{} outputs y:0.0214796763848121 (n:-0.0) c:1.0
num acquisition: 201, time elapsed: 56.81s
0
z
[0.80670295 1.43105978]
0.8067029511912956
f inputs x:[[0.39389793 0.69875966]] ev:{} outputs y:4.125885737275982 (n:-0.0) c:1.0
num acquisition: 202, time elapsed: 57.40s
0
z
[-1.15452491 -0.6135757 ]
-1.1545249129560404
f inputs x:[[-0.56373287 -0.29959751]] ev:{} outputs y:5.952020650752508 (n:0.0) c:1.0
num acquisition: 203, time elapsed: 57.95s
0
z
[0.21540675 0.05646259]
0.21540674755464106
f inputs x:[[0.10517908 0.02756962]] ev:{} outputs y:0.48594587348884644 (n:-0.0) c:1.0
num acquisition: 204, time elapsed: 58.64s
0
z
[-1.37547946  1.09363013]
-1.375479462369693
f inputs x:[[-0.67162083  0.53399909]] ev:{} outputs y:4.253814878425508 (n:0.0) c:1.0
num acquisition: 205, time elapsed: 59.20s
0
z
[ 1.01429973 -0.65180161]
1.0142997280056185
f inputs x:[[ 0.49526354 -0.31826251]] ev:{} outputs y:5.647013538358268 (n:0.0) c:1.0
num acquisition: 206, time elapsed: 60.07s
0
z
[1.38636969 1.30208485]
1.3863696906864644
f inputs x:[[0.67693833 0.63578362]] ev:{} outputs y:3.6783581592287478 (n:-0.0) c:1.0
num acquisition: 207, time elapsed: 60.90s
0
z
[-0.68366886 -0.30696376]
-0.6836688557160571
f inputs x:[[-0.33382268 -0.14988465]] ev:{} outputs y:4.155739779949527 (n:-0.0) c:1.0
num acquisition: 208, time elapsed: 61.61s
0
z
[-0.11298606 -0.05551331]
-0.11298606007910611
f inputs x:[[-0.05516897 -0.02710611]] ev:{} outputs y:0.995080573680776 (n:-0.0) c:1.0
num acquisition: 209, time elapsed: 62.23s
0
z
[ 0.59646328 -1.28067325]
0.5964632794654642
f inputs x:[[ 0.29124184 -0.62532873]] ev:{} outputs y:5.594551451399127 (n:-0.0) c:1.0
num acquisition: 210, time elapsed: 62.85s
0
z
[0.49413462 0.30550345]
0.49413461562327665
f inputs x:[[0.24127667 0.14917161]] ev:{} outputs y:0.4898620515006619 (n:0.0) c:1.0
num acquisition: 211, time elapsed: 63.63s
0
z
[0.60678222 1.75634475]
0.606782219248046
f inputs x:[[0.29628038 0.85759021]] ev:{} outputs y:5.267102535712413 (n:-0.0) c:1.0
num acquisition: 212, time elapsed: 64.32s
0
z
[-1.62841138 -2.048     ]
-1.6284113787817296
f inputs x:[[-0.79512274 -1.        ]] ev:{} outputs y:7.703751764700052 (n:0.0) c:1.0
num acquisition: 213, time elapsed: 64.90s
0
z
[ 0.18134875 -2.048     ]
0.18134875242613138
f inputs x:[[ 0.0885492 -1.       ]] ev:{} outputs y:6.074608781295836 (n:-0.0) c:1.0
num acquisition: 214, time elapsed: 65.49s
0
z
[0.49953337 0.18122634]
0.49953337218032384
f inputs x:[[0.24391278 0.08848942]] ev:{} outputs y:0.5406105624645574 (n:0.0) c:1.0
num acquisition: 215, time elapsed: 66.41s
0
z
[1.81145914 1.21521174]
1.8114591426401898
f inputs x:[[0.88450153 0.59336511]] ev:{} outputs y:6.060443216241949 (n:-0.0) c:1.0
num acquisition: 216, time elapsed: 66.99s
0
z
[0.8642151 0.7617901]
0.8642151015675421
f inputs x:[[0.42198003 0.37196782]] ev:{} outputs y:0.0398985888668982 (n:-0.0) c:1.0
num acquisition: 217, time elapsed: 67.61s
0
z
[1.04571776 1.07744679]
1.0457177615677897
f inputs x:[[0.51060438 0.52609706]] ev:{} outputs y:0.027559767010670026 (n:0.0) c:1.0
num acquisition: 218, time elapsed: 68.23s
0
z
[1.14013052 0.38583006]
1.1401305229016827
f inputs x:[[0.55670436 0.18839358]] ev:{} outputs y:4.437598341525152 (n:0.0) c:1.0
num acquisition: 219, time elapsed: 69.22s
0
z
[-0.74770332 -1.08430562]
-0.7477033239914131
f inputs x:[[-0.36508951 -0.52944611]] ev:{} outputs y:5.613564543362761 (n:0.0) c:1.0
num acquisition: 220, time elapsed: 70.17s
0
z
[ 2.048      -1.02455468]
2.048
f inputs x:[[ 1.         -0.50027084]] ev:{} outputs y:7.910497759050211 (n:-0.0) c:1.0
num acquisition: 221, time elapsed: 70.90s
0
z
[1.04415775 1.10774465]
1.044157753442581
f inputs x:[[0.50984265 0.54089094]] ev:{} outputs y:0.03198526497167189 (n:-0.0) c:1.0
num acquisition: 222, time elapsed: 71.67s
0
z
[ 0.04573872 -0.47995279]
0.0457387191919956
f inputs x:[[ 0.02233336 -0.23435195]] ev:{} outputs y:3.2247519472412622 (n:-0.0) c:1.0
num acquisition: 223, time elapsed: 72.39s
0
z
[ 0.06555917 -1.39565151]
0.0655591746949001
f inputs x:[[ 0.03201132 -0.68147047]] ev:{} outputs y:5.287554885066964 (n:-0.0) c:1.0
num acquisition: 224, time elapsed: 73.17s
0
z
[-1.31311679  1.53492161]
-1.313116794514185
f inputs x:[[-0.64117031  0.74947344]] ev:{} outputs y:2.2961652429733475 (n:-0.0) c:1.0
num acquisition: 225, time elapsed: 74.06s
0
z
[1.09012335 1.21119373]
1.0901233472300438
f inputs x:[[0.53228679 0.59140319]] ev:{} outputs y:0.05847592469372648 (n:-0.0) c:1.0
num acquisition: 226, time elapsed: 75.00s
0
z
[0.79452037 0.60704837]
0.7945203688350186
f inputs x:[[0.3879494  0.29641034]] ev:{} outputs y:0.09608700349092761 (n:0.0) c:1.0
num acquisition: 227, time elapsed: 76.06s
0
z
[1.07674974 1.16820811]
1.0767497412989586
f inputs x:[[0.52575671 0.57041411]] ev:{} outputs y:0.013573869528899 (n:-0.0) c:1.0
num acquisition: 228, time elapsed: 77.20s
0
z
[ 2.048      -0.32334943]
2.048
f inputs x:[[ 1.         -0.15788546]] ev:{} outputs y:7.62218318868321 (n:0.0) c:1.0
num acquisition: 229, time elapsed: 78.23s
0
z
[-0.0783269   1.01404812]
-0.07832690380359389
f inputs x:[[-0.03824556  0.49514069]] ev:{} outputs y:4.642000107997489 (n:0.0) c:1.0
num acquisition: 230, time elapsed: 79.02s
0
z
[0.18452949 0.59803843]
0.18452949219270126
f inputs x:[[0.09010229 0.29201095]] ev:{} outputs y:3.510743891650641 (n:0.0) c:1.0
num acquisition: 231, time elapsed: 80.05s
0
z
[-2.048       1.22626133]
-2.048
f inputs x:[[-1.          0.59876042]] ev:{} outputs y:6.792589101748755 (n:-0.0) c:1.0
num acquisition: 232, time elapsed: 81.00s
0
z
[0.54378709 1.24387939]
0.5437870946000579
f inputs x:[[0.26552104 0.60736299]] ev:{} outputs y:4.512086349903085 (n:0.0) c:1.0
num acquisition: 233, time elapsed: 82.16s
0
z
[-1.37176943  2.048     ]
-1.3717694311365582
f inputs x:[[-0.66980929  1.        ]] ev:{} outputs y:2.239554858778417 (n:-0.0) c:1.0
num acquisition: 234, time elapsed: 82.96s
0
z
[1.06667951 1.13872265]
1.0666795080890874
f inputs x:[[0.5208396  0.55601692]] ev:{} outputs y:0.004520101389654049 (n:-0.0) c:1.0
num acquisition: 235, time elapsed: 84.52s
0
z
[-0.97811354 -0.30961526]
-0.9781135444453954
f inputs x:[[-0.4775945  -0.15117933]] ev:{} outputs y:5.1075799782263 (n:0.0) c:1.0
num acquisition: 236, time elapsed: 85.33s
0
z
[1.84190358 1.7472468 ]
1.8419035798722059
f inputs x:[[0.89936698 0.85314785]] ev:{} outputs y:5.607383207117931 (n:0.0) c:1.0
num acquisition: 237, time elapsed: 86.35s
0
z
[1.11997731 1.26069089]
1.1199773141931342
f inputs x:[[0.54686392 0.61557173]] ev:{} outputs y:0.018248758688768713 (n:0.0) c:1.0
num acquisition: 238, time elapsed: 87.39s
0
z
[1.27381645 1.64293512]
1.2738164505320204
f inputs x:[[0.62198069 0.80221441]] ev:{} outputs y:0.11001356443532023 (n:-0.0) c:1.0
num acquisition: 239, time elapsed: 88.19s
0
z
[1.73514267 0.70591017]
1.7351426666352423
f inputs x:[[0.84723763 0.3446827 ]] ev:{} outputs y:6.278062230017015 (n:0.0) c:1.0
num acquisition: 240, time elapsed: 89.07s
0
z
[-0.31317236 -0.76051276]
-0.3131723590754418
f inputs x:[[-0.15291619 -0.37134412]] ev:{} outputs y:4.33653290249088 (n:-0.0) c:1.0
num acquisition: 241, time elapsed: 89.96s
0
z
[1.10189011 1.25656026]
1.101890112475856
f inputs x:[[0.53803228 0.61355482]] ev:{} outputs y:0.17407464447255694 (n:-0.0) c:1.0
num acquisition: 242, time elapsed: 90.88s
0
z
[-0.82577467  0.5075043 ]
-0.82577466922205
f inputs x:[[-0.40321029  0.24780484]] ev:{} outputs y:1.9980920749300743 (n:0.0) c:1.0
num acquisition: 243, time elapsed: 92.08s
0
z
[1.14455977 1.27870105]
1.1445597712091007
f inputs x:[[0.55886708 0.62436575]] ev:{} outputs y:0.11240576602404995 (n:-0.0) c:1.0
num acquisition: 244, time elapsed: 93.04s
0
z
[1.45289844 1.95016528]
1.4528984435309376
f inputs x:[[0.70942307 0.95222914]] ev:{} outputs y:1.332136008511148 (n:0.0) c:1.0
num acquisition: 245, time elapsed: 93.94s
0
z
[0.65704085 0.45247911]
0.657040848792652
f inputs x:[[0.32082073 0.22093707]] ev:{} outputs y:0.1490982189376699 (n:0.0) c:1.0
num acquisition: 246, time elapsed: 94.92s
0
z
[1.12159142 1.23732297]
1.1215914193159189
f inputs x:[[0.54765206 0.60416161]] ev:{} outputs y:0.05581624725262096 (n:-0.0) c:1.0
num acquisition: 247, time elapsed: 96.09s
0
z
[-0.88901701  1.13994394]
-0.8890170137873223
f inputs x:[[-0.43409034  0.55661325]] ev:{} outputs y:2.82077692762789 (n:-0.0) c:1.0
num acquisition: 248, time elapsed: 97.43s
0
z
[ 0.62715384 -0.73053536]
0.6271538439403446
f inputs x:[[ 0.30622746 -0.35670672]] ev:{} outputs y:4.847681277679043 (n:-0.0) c:1.0
num acquisition: 249, time elapsed: 99.09s
0
z
[-0.41860244 -2.048     ]
-0.41860244319675255
f inputs x:[[-0.20439572 -1.        ]] ev:{} outputs y:6.209166739672205 (n:-0.0) c:1.0
num acquisition: 250, time elapsed: 100.01s
[0.5208396  0.55601692]
