INFO:GP:initializing Y
INFO:GP:initializing inference method
INFO:GP:adding kernel and likelihood as parameters
removed robo import in opts.py l17 due to theano errors
f inputs x:[[ 0.25121485 -0.01085285  0.73120566  0.9395393 ]] ev:{} outputs y:5.502706061914534 (n:0.0014424178930661053) c:1.0
f inputs x:[[ 0.81334505  0.27004419 -0.3720517  -0.42733587]] ev:{} outputs y:6.700363764656355 (n:-0.014114617599612996) c:1.0
f inputs x:[[ 0.26926256 -0.35854826  0.84907759 -0.70993387]] ev:{} outputs y:7.73090510943029 (n:0.007103009557848458) c:1.0
f inputs x:[[ 0.43678178 -0.48437396  0.23651454  0.19897763]] ev:{} outputs y:5.8672664210353345 (n:-0.0031388984462687366) c:1.0
f inputs x:[[-0.61451712 -0.14176841 -0.44197825  0.3368798 ]] ev:{} outputs y:6.127037691551948 (n:-0.009075970616000267) c:1.0
f inputs x:[[ 0.28825962 -0.1073101   0.62793907  0.79262636]] ev:{} outputs y:5.23761004021811 (n:-0.0005394024259260432) c:1.0
num acquisition: 1, time elapsed: 0.15s
f inputs x:[[ 0.37505365 -0.36015087  0.34082051  0.87753088]] ev:{} outputs y:5.877180479516576 (n:0.006792651387891698) c:1.0
num acquisition: 2, time elapsed: 0.32s
f inputs x:[[0.28045467 0.02024548 0.62835037 0.55140268]] ev:{} outputs y:5.313741776472315 (n:-0.0014650252958376003) c:1.0
num acquisition: 3, time elapsed: 0.48s
f inputs x:[[ 0.31170334 -0.27585964  0.8409959   0.63384247]] ev:{} outputs y:6.357313942887946 (n:0.004817182526223527) c:1.0
num acquisition: 4, time elapsed: 0.62s
f inputs x:[[0.27035848 0.04320871 0.4885913  0.75000176]] ev:{} outputs y:4.893646053914464 (n:-0.0037919423224758862) c:1.0
num acquisition: 5, time elapsed: 0.77s
f inputs x:[[0.52167773 0.19833079 0.41985616 0.75851974]] ev:{} outputs y:5.131846941131594 (n:-0.003954836426342275) c:1.0
num acquisition: 6, time elapsed: 0.94s
f inputs x:[[0.04916488 0.29396279 0.28244308 0.72130853]] ev:{} outputs y:5.147971943217181 (n:-0.0018910018632046833) c:1.0
num acquisition: 7, time elapsed: 1.08s
f inputs x:[[0.33520661 1.         0.32106731 1.        ]] ev:{} outputs y:7.471217388263032 (n:-0.003446653911243571) c:1.0
num acquisition: 8, time elapsed: 1.23s
f inputs x:[[0.23807804 0.0640004  0.21477833 0.58406047]] ev:{} outputs y:4.796055298945122 (n:-0.006906977305202666) c:1.0
num acquisition: 9, time elapsed: 1.45s
f inputs x:[[-1.  1. -1. -1.]] ev:{} outputs y:9.022784786102024 (n:0.0018373732080934763) c:1.0
num acquisition: 10, time elapsed: 1.57s
f inputs x:[[ 1.         -1.         -1.          0.15749627]] ev:{} outputs y:9.14699769224786 (n:0.00783148019762283) c:1.0
num acquisition: 11, time elapsed: 1.72s
f inputs x:[[-1.         -0.25437662  0.42373383  1.        ]] ev:{} outputs y:7.8058566327493 (n:0.00641279504113364) c:1.0
num acquisition: 12, time elapsed: 1.84s
f inputs x:[[-1. -1. -1. -1.]] ev:{} outputs y:9.367114906118143 (n:-0.0018329434364665617) c:1.0
num acquisition: 13, time elapsed: 1.96s
f inputs x:[[-0.32567507  0.47584822 -1.          1.        ]] ev:{} outputs y:7.244109540416205 (n:-0.000418757345632551) c:1.0
num acquisition: 14, time elapsed: 2.11s
f inputs x:[[-0.00373079  0.03537955  0.0672896   0.26274363]] ev:{} outputs y:3.4960528450985326 (n:0.004172066454181911) c:1.0
num acquisition: 15, time elapsed: 2.24s
f inputs x:[[-0.11842493  0.12093518  0.04938447  0.04805575]] ev:{} outputs y:2.124610871194939 (n:-0.006053781932570497) c:1.0
num acquisition: 16, time elapsed: 2.41s
f inputs x:[[-0.2243717   0.25810432  0.07067778 -0.14604178]] ev:{} outputs y:3.276589901326599 (n:0.010164672458088213) c:1.0
num acquisition: 17, time elapsed: 2.59s
f inputs x:[[-0.09842777  0.09706398  0.02923585 -0.00625446]] ev:{} outputs y:1.8793941162150556 (n:0.0015918087126881551) c:1.0
num acquisition: 18, time elapsed: 2.74s
f inputs x:[[-0.10970162 -0.03286957 -0.04481376 -0.08385881]] ev:{} outputs y:2.3405735099329625 (n:-0.000465427161381617) c:1.0
num acquisition: 19, time elapsed: 2.99s
f inputs x:[[ 0.03663101  0.14565638 -0.01806775 -0.04872643]] ev:{} outputs y:2.6847615623887986 (n:0.0037447630526895904) c:1.0
num acquisition: 20, time elapsed: 3.12s
f inputs x:[[-0.14377416  0.00986136  0.10001033 -0.03127104]] ev:{} outputs y:2.3041990848024305 (n:0.0003969635734244652) c:1.0
num acquisition: 21, time elapsed: 3.29s
f inputs x:[[-0.1397374   0.04367807  0.00912697 -0.01733434]] ev:{} outputs y:1.5215919362740153 (n:-0.00271969164228476) c:1.0
num acquisition: 22, time elapsed: 3.47s
f inputs x:[[-0.17252537  0.02199486 -0.01771292 -0.02058135]] ev:{} outputs y:1.7602170196040337 (n:0.004128209785998123) c:1.0
num acquisition: 23, time elapsed: 3.63s
f inputs x:[[-1.  1.  1. -1.]] ev:{} outputs y:8.47690132796787 (n:-0.005792962414002036) c:1.0
num acquisition: 24, time elapsed: 3.76s
f inputs x:[[-1.98994803e-01  4.49055748e-02 -5.52973807e-02  1.02586620e-04]] ev:{} outputs y:1.9632349119514234 (n:0.004321256366868313) c:1.0
num acquisition: 25, time elapsed: 3.92s
f inputs x:[[-0.18970247  0.03915187 -0.03661625 -0.00408153]] ev:{} outputs y:1.8052078904656512 (n:-0.0051695074764429435) c:1.0
num acquisition: 26, time elapsed: 4.07s
f inputs x:[[-0.19070787  0.05120357 -0.039647    0.00427578]] ev:{} outputs y:1.7855914438258262 (n:-0.00311506874399606) c:1.0
num acquisition: 27, time elapsed: 4.23s
f inputs x:[[-0.18783695  0.05977524 -0.03949067  0.008721  ]] ev:{} outputs y:1.7654940222212523 (n:-0.0014549119687903836) c:1.0
num acquisition: 28, time elapsed: 4.36s
f inputs x:[[-0.5780944   0.2270481   0.17518254  0.15070722]] ev:{} outputs y:4.601900623230741 (n:0.0019464311031510606) c:1.0
num acquisition: 29, time elapsed: 4.54s
f inputs x:[[ 1.  1.  1. -1.]] ev:{} outputs y:8.48023952809549 (n:-0.0007574133047171708) c:1.0
num acquisition: 30, time elapsed: 4.69s
f inputs x:[[-1. -1.  1. -1.]] ev:{} outputs y:9.024879201810998 (n:0.003931788917069053) c:1.0
num acquisition: 31, time elapsed: 4.85s
f inputs x:[[ 1.  1. -1.  1.]] ev:{} outputs y:8.49567260692945 (n:0.012978316547577954) c:1.0
num acquisition: 32, time elapsed: 5.05s
f inputs x:[[ 1.  1. -1. -1.]] ev:{} outputs y:9.01197210348331 (n:-0.00798480291331858) c:1.0
num acquisition: 33, time elapsed: 5.21s
f inputs x:[[-0.18052507  0.06217216 -0.05071494  0.00469379]] ev:{} outputs y:1.8406123453088887 (n:-0.0010375438744053337) c:1.0
num acquisition: 34, time elapsed: 5.41s
f inputs x:[[-1. -1. -1.  1.]] ev:{} outputs y:9.024831624053752 (n:0.0028946847948900767) c:1.0
num acquisition: 35, time elapsed: 5.57s
f inputs x:[[ 0.17454105 -0.09471841 -0.14705969  0.03221115]] ev:{} outputs y:3.275904731504986 (n:0.0016014324639196894) c:1.0
num acquisition: 36, time elapsed: 5.74s
f inputs x:[[-1.  1.  1.  1.]] ev:{} outputs y:7.231243089596668 (n:-0.009028877504361547) c:1.0
num acquisition: 37, time elapsed: 5.93s
f inputs x:[[-0.17580459  0.05182869 -0.06894173  0.00087051]] ev:{} outputs y:1.997010374661935 (n:0.0004692772318248664) c:1.0
num acquisition: 38, time elapsed: 6.17s
f inputs x:[[ 1.         -1.         -0.05516018 -1.        ]] ev:{} outputs y:8.72993924767946 (n:-0.0006212854390642069) c:1.0
num acquisition: 39, time elapsed: 6.34s
f inputs x:[[ 0.02512394  0.24598235 -0.14500833 -0.62787337]] ev:{} outputs y:5.521212420299685 (n:0.007443847957278947) c:1.0
num acquisition: 40, time elapsed: 6.53s
f inputs x:[[-0.17769965  0.0397291  -0.05712277 -0.00666316]] ev:{} outputs y:1.9101578879587469 (n:-0.009019787490291921) c:1.0
num acquisition: 41, time elapsed: 6.79s
f inputs x:[[1.         1.         1.         0.39093181]] ev:{} outputs y:7.641412050141882 (n:0.0025769527564911666) c:1.0
num acquisition: 42, time elapsed: 6.96s
f inputs x:[[-1.          1.         -0.17968145  0.18577389]] ev:{} outputs y:7.839797723408007 (n:-0.00850276087768021) c:1.0
num acquisition: 43, time elapsed: 7.11s
f inputs x:[[ 1. -1.  1.  1.]] ev:{} outputs y:8.49092659422969 (n:0.008232303847818059) c:1.0
num acquisition: 44, time elapsed: 7.27s
f inputs x:[[-1.         -1.          1.          0.40549878]] ev:{} outputs y:8.617824737458344 (n:0.0035918532108443796) c:1.0
num acquisition: 45, time elapsed: 7.44s
f inputs x:[[ 1.         -0.13363116 -0.33755514  1.        ]] ev:{} outputs y:7.740389133219116 (n:-0.0037870835011257855) c:1.0
num acquisition: 46, time elapsed: 7.64s
f inputs x:[[ 0.00483886  1.          0.24070058 -0.43394676]] ev:{} outputs y:7.5598219665083395 (n:-0.0006777536059236957) c:1.0
num acquisition: 47, time elapsed: 7.82s
f inputs x:[[-0.17734173  0.03461507 -0.0550556  -0.00844496]] ev:{} outputs y:1.918252999344907 (n:-4.490042181902475e-05) c:1.0
num acquisition: 48, time elapsed: 8.09s
f inputs x:[[ 0.20300483 -0.30562516 -1.         -1.        ]] ev:{} outputs y:8.425322664596392 (n:-0.001719449991817862) c:1.0
num acquisition: 49, time elapsed: 8.23s
f inputs x:[[-0.17683339  0.0358589  -0.05110117 -0.00703634]] ev:{} outputs y:1.875581567444825 (n:-0.002778397156756493) c:1.0
num acquisition: 50, time elapsed: 8.52s
f inputs x:[[-1.          0.06306098  0.04473703 -1.        ]] ev:{} outputs y:7.637876466351625 (n:-0.006018386318819975) c:1.0
num acquisition: 51, time elapsed: 8.68s
f inputs x:[[ 0.0734077  -1.         -0.32623259  1.        ]] ev:{} outputs y:8.029803810147666 (n:0.0025327809640059004) c:1.0
num acquisition: 52, time elapsed: 8.83s
f inputs x:[[ 0.31718608 -0.01174452  0.01302877 -0.24834988]] ev:{} outputs y:3.8916634653219084 (n:-0.0006285725368498123) c:1.0
num acquisition: 53, time elapsed: 9.01s
f inputs x:[[ 1.         -1.          1.         -0.29186829]] ev:{} outputs y:8.805769779127056 (n:0.0009705959598372253) c:1.0
num acquisition: 54, time elapsed: 9.14s
f inputs x:[[ 0.07143049  1.         -1.         -0.00496509]] ev:{} outputs y:8.721692226940343 (n:0.00774500653050837) c:1.0
num acquisition: 55, time elapsed: 9.28s
f inputs x:[[-0.17885273  0.02772933 -0.04259471 -0.01315562]] ev:{} outputs y:1.872168806096313 (n:0.004236506665686456) c:1.0
num acquisition: 56, time elapsed: 9.52s
f inputs x:[[1.         0.16060637 0.28869334 0.10835637]] ev:{} outputs y:7.328549035037174 (n:0.000901622604278777) c:1.0
num acquisition: 57, time elapsed: 9.69s
f inputs x:[[-1.          0.33695313  1.          0.03000582]] ev:{} outputs y:8.079118876138452 (n:0.009919833422236101) c:1.0
num acquisition: 58, time elapsed: 9.87s
f inputs x:[[-1.          0.01466677 -1.         -0.09661993]] ev:{} outputs y:8.32086653035152 (n:0.0012566205704741546) c:1.0
num acquisition: 59, time elapsed: 10.05s
f inputs x:[[-0.28081349  0.04499958  0.07578292  0.19170009]] ev:{} outputs y:3.2770940240314856 (n:0.0020704988128364653) c:1.0
num acquisition: 60, time elapsed: 10.21s
f inputs x:[[1.         0.21233432 1.         1.        ]] ev:{} outputs y:7.713434394364476 (n:0.006790453543976023) c:1.0
num acquisition: 61, time elapsed: 10.37s
f inputs x:[[-1.         -1.         -0.15947218 -0.04026393]] ev:{} outputs y:8.68531638285725 (n:-0.008416639985607295) c:1.0
num acquisition: 62, time elapsed: 10.53s
f inputs x:[[-1.  1. -1.  1.]] ev:{} outputs y:8.48009334982632 (n:-0.004295413424728097) c:1.0
num acquisition: 63, time elapsed: 10.68s
f inputs x:[[-0.12791481  1.          1.          0.3511663 ]] ev:{} outputs y:7.6400839284931905 (n:0.00725396171770692) c:1.0
num acquisition: 64, time elapsed: 10.85s
f inputs x:[[-0.16384127  0.03099989 -0.06461769 -0.04063823]] ev:{} outputs y:2.0843896902671974 (n:-0.0023404808500446274) c:1.0
num acquisition: 65, time elapsed: 11.06s
f inputs x:[[-0.14844165 -1.          1.          1.        ]] ev:{} outputs y:7.243458015660649 (n:0.004563627328255776) c:1.0
num acquisition: 66, time elapsed: 11.23s
f inputs x:[[ 1.          0.17036847  0.26010248 -1.        ]] ev:{} outputs y:7.621225214247515 (n:-0.0004794612068223298) c:1.0
num acquisition: 67, time elapsed: 11.39s
f inputs x:[[-0.07935691  0.04759644 -0.23148615  1.        ]] ev:{} outputs y:5.896757634073943 (n:0.006076441073904201) c:1.0
num acquisition: 68, time elapsed: 11.56s
f inputs x:[[-0.16217162  0.02875899 -0.05961103 -0.03887098]] ev:{} outputs y:2.0379834334449476 (n:0.0028591487667307654) c:1.0
num acquisition: 69, time elapsed: 11.81s
f inputs x:[[-0.1615302   0.03065069 -0.05674355 -0.03599114]] ev:{} outputs y:1.9878640916044081 (n:-0.0023942677151888516) c:1.0
num acquisition: 70, time elapsed: 12.02s
f inputs x:[[-0.14463017 -1.          0.04432816 -1.        ]] ev:{} outputs y:7.858740932284038 (n:0.004889731049936622) c:1.0
num acquisition: 71, time elapsed: 12.18s
f inputs x:[[ 0.26423526 -0.27129192 -1.          1.        ]] ev:{} outputs y:7.003630517552334 (n:-0.0003187520857712133) c:1.0
num acquisition: 72, time elapsed: 12.36s
f inputs x:[[ 1.          1.         -0.1855      0.14966029]] ev:{} outputs y:7.8519352978706625 (n:0.0038873070075510258) c:1.0
num acquisition: 73, time elapsed: 12.55s
f inputs x:[[-0.05524333  0.48966839  1.         -1.        ]] ev:{} outputs y:8.316162875489944 (n:-0.004195729124249692) c:1.0
num acquisition: 74, time elapsed: 12.73s
f inputs x:[[-0.63949548  0.63902904  0.08972409  1.        ]] ev:{} outputs y:6.508562928661345 (n:0.011592747131979489) c:1.0
num acquisition: 75, time elapsed: 12.89s
f inputs x:[[-0.12496892 -1.         -1.          0.00451366]] ev:{} outputs y:8.714106819710734 (n:-0.004549605536020261) c:1.0
num acquisition: 76, time elapsed: 13.07s
f inputs x:[[ 1.          0.13364833 -1.          0.11145252]] ev:{} outputs y:8.179353606164232 (n:-0.0017101991024760185) c:1.0
num acquisition: 77, time elapsed: 13.26s
f inputs x:[[-0.38170636  0.22889267  1.          1.        ]] ev:{} outputs y:6.6863018436195025 (n:-0.0014224314185881692) c:1.0
num acquisition: 78, time elapsed: 13.44s
f inputs x:[[-0.02827926  1.         -0.43304082 -1.        ]] ev:{} outputs y:8.247497957163656 (n:0.0020808847228427534) c:1.0
num acquisition: 79, time elapsed: 13.66s
f inputs x:[[-1.          0.01992867 -0.50602041  1.        ]] ev:{} outputs y:7.571955057317763 (n:-9.517237530491286e-05) c:1.0
num acquisition: 80, time elapsed: 13.84s
f inputs x:[[-0.66201615  0.32968474 -0.03402911 -0.26533246]] ev:{} outputs y:5.302863812006897 (n:0.0008332196455978124) c:1.0
num acquisition: 81, time elapsed: 14.03s
f inputs x:[[-0.15646656  0.02840755 -0.05278422 -0.03559366]] ev:{} outputs y:1.9556115718341893 (n:0.0075746980681125) c:1.0
num acquisition: 82, time elapsed: 14.29s
f inputs x:[[ 1.         -1.          0.03579317  0.57943715]] ev:{} outputs y:8.653733475285303 (n:-0.0026471067082054723) c:1.0
num acquisition: 83, time elapsed: 14.48s
f inputs x:[[-0.15664558  0.029216   -0.05223763 -0.03469358]] ev:{} outputs y:1.937740224665965 (n:7.932434889219083e-05) c:1.0
num acquisition: 84, time elapsed: 14.73s
f inputs x:[[ 0.00468386  1.         -0.44475579  1.        ]] ev:{} outputs y:8.068614501602724 (n:0.0037180090406760424) c:1.0
num acquisition: 85, time elapsed: 14.94s
f inputs x:[[-0.13533566  0.03900726  0.01086606  0.02097638]] ev:{} outputs y:1.5346934465409916 (n:-6.531298568450738e-05) c:1.0
num acquisition: 86, time elapsed: 15.18s
f inputs x:[[-0.0642274  -1.          1.         -0.08962878]] ev:{} outputs y:7.938507813419314 (n:-0.004723794793196193) c:1.0
num acquisition: 87, time elapsed: 15.39s
f inputs x:[[ 1. -1. -1.  1.]] ev:{} outputs y:9.025955320954951 (n:0.005007908061021499) c:1.0
num acquisition: 88, time elapsed: 15.62s
f inputs x:[[ 1. -1. -1. -1.]] ev:{} outputs y:9.368163276356277 (n:-8.52797938716533e-05) c:1.0
num acquisition: 89, time elapsed: 15.82s
f inputs x:[[ 0.43185051  0.20650244 -0.11840964  0.15362269]] ev:{} outputs y:3.6920618533303005 (n:0.0007276506243770484) c:1.0
num acquisition: 90, time elapsed: 15.99s
f inputs x:[[ 0.28919731  0.16700249 -0.30467943 -0.16376882]] ev:{} outputs y:4.717757622096637 (n:0.0021784937004305296) c:1.0
num acquisition: 91, time elapsed: 16.21s
f inputs x:[[ 0.31922836  0.04320823 -0.3358799   0.47539106]] ev:{} outputs y:4.495972234427837 (n:-0.0008447451656746486) c:1.0
num acquisition: 92, time elapsed: 16.44s
f inputs x:[[ 0.4784806   0.44617161 -0.14113565  0.57591668]] ev:{} outputs y:5.5236140283746265 (n:0.004836645524186471) c:1.0
num acquisition: 93, time elapsed: 16.64s
f inputs x:[[-1.          1.          0.04507155 -1.        ]] ev:{} outputs y:7.860569990299873 (n:0.005629924490362909) c:1.0
num acquisition: 94, time elapsed: 16.86s
f inputs x:[[ 0.62907975 -0.15146407 -0.19745207  0.19025483]] ev:{} outputs y:6.044944199418144 (n:-0.002565728090218726) c:1.0
num acquisition: 95, time elapsed: 17.06s
f inputs x:[[ 0.40499215  0.41885384  0.17163635 -0.10992765]] ev:{} outputs y:3.4481282992929576 (n:0.004987877472396801) c:1.0
num acquisition: 96, time elapsed: 17.31s
f inputs x:[[0.35961009 0.51747379 0.31587687 0.22785917]] ev:{} outputs y:3.926122660562079 (n:-0.0032990545720347087) c:1.0
num acquisition: 97, time elapsed: 17.53s
f inputs x:[[ 0.43466582  0.41332556  0.65330519 -0.1097126 ]] ev:{} outputs y:6.1017972310541015 (n:0.001429952847246983) c:1.0
num acquisition: 98, time elapsed: 17.71s
f inputs x:[[ 0.30360126  0.62400159 -0.03561479  0.06971866]] ev:{} outputs y:5.925925466396329 (n:-0.000446920991619678) c:1.0
num acquisition: 99, time elapsed: 17.92s
f inputs x:[[-1.         -0.01938066  1.         -1.        ]] ev:{} outputs y:8.72080520474652 (n:0.0013958875350411053) c:1.0
num acquisition: 100, time elapsed: 18.15s
f inputs x:[[0.367663   0.16015166 0.19477284 0.07749175]] ev:{} outputs y:2.7843382435369866 (n:0.007283633216343701) c:1.0
num acquisition: 101, time elapsed: 18.35s
f inputs x:[[ 1.          1.          0.01427066 -1.        ]] ev:{} outputs y:7.864682219117641 (n:-0.006006374834578251) c:1.0
num acquisition: 102, time elapsed: 18.57s
f inputs x:[[1.         0.7208305  0.15581264 1.        ]] ev:{} outputs y:7.287005724887654 (n:-0.003541756436323336) c:1.0
num acquisition: 103, time elapsed: 18.80s
f inputs x:[[-0.00667126 -0.33320399 -0.25954987  0.44618277]] ev:{} outputs y:5.273786293301877 (n:0.010639731943413834) c:1.0
num acquisition: 104, time elapsed: 19.00s
f inputs x:[[ 0.38556315 -1.          1.         -1.        ]] ev:{} outputs y:8.535490263236511 (n:0.001944860443130671) c:1.0
num acquisition: 105, time elapsed: 19.22s
f inputs x:[[-0.00731657 -0.01264443 -1.          0.31510974]] ev:{} outputs y:7.434597356386938 (n:0.0011332717350176335) c:1.0
num acquisition: 106, time elapsed: 19.45s
f inputs x:[[-0.21083918 -0.29088267  0.36611337  1.        ]] ev:{} outputs y:5.716957407900448 (n:0.002582705676987403) c:1.0
num acquisition: 107, time elapsed: 19.69s
f inputs x:[[-1.         -1.          0.08269831  1.        ]] ev:{} outputs y:8.691053033326039 (n:0.0008006645002016751) c:1.0
num acquisition: 108, time elapsed: 19.94s
f inputs x:[[-1.          0.02081219 -1.         -1.        ]] ev:{} outputs y:8.710474359036613 (n:0.0008520006042496524) c:1.0
num acquisition: 109, time elapsed: 20.17s
f inputs x:[[ 1.         -0.14198782  1.         -1.        ]] ev:{} outputs y:8.753376580593654 (n:0.0052913244910689095) c:1.0
num acquisition: 110, time elapsed: 20.44s
f inputs x:[[0.2609237  0.71908403 1.         1.        ]] ev:{} outputs y:6.392938451286111 (n:-0.013261181612173285) c:1.0
num acquisition: 111, time elapsed: 20.68s
f inputs x:[[-1.          1.          0.61919305  0.12302431]] ev:{} outputs y:7.319877345764658 (n:-0.0015079503011108369) c:1.0
num acquisition: 112, time elapsed: 20.91s
f inputs x:[[ 0.18044474  0.23429389  0.23196699 -0.31612886]] ev:{} outputs y:4.569983601212557 (n:0.006104246487663016) c:1.0
num acquisition: 113, time elapsed: 21.14s
f inputs x:[[-1.          0.15194701 -0.08335277  0.22895775]] ev:{} outputs y:7.352343115744072 (n:0.008598697727627667) c:1.0
num acquisition: 114, time elapsed: 21.33s
f inputs x:[[ 1.          0.05857469 -1.         -1.        ]] ev:{} outputs y:8.69907500161376 (n:0.0005321201234954123) c:1.0
num acquisition: 115, time elapsed: 21.56s
f inputs x:[[ 0.08243315 -0.16786182  0.0659724  -1.        ]] ev:{} outputs y:6.099106244222174 (n:0.0008663369771877504) c:1.0
num acquisition: 116, time elapsed: 21.78s
f inputs x:[[0.54115549 0.31563179 0.1995304  0.20028344]] ev:{} outputs y:3.7176703417004604 (n:-0.0024254079897595695) c:1.0
num acquisition: 117, time elapsed: 22.03s
f inputs x:[[-0.29999325  0.61842529  0.34132546  0.29411684]] ev:{} outputs y:5.111453098439345 (n:-0.0006587037172020252) c:1.0
num acquisition: 118, time elapsed: 22.26s
f inputs x:[[ 0.17170493 -1.         -0.02153794 -0.11306306]] ev:{} outputs y:7.735902811946102 (n:0.0016597164889856463) c:1.0
num acquisition: 119, time elapsed: 22.50s
f inputs x:[[-0.1478862   0.02178668 -0.02187067 -0.02420599]] ev:{} outputs y:1.688378744894887 (n:0.0003753267847663127) c:1.0
num acquisition: 120, time elapsed: 22.81s
f inputs x:[[-1.         1.        -1.         0.0108474]] ev:{} outputs y:8.723087112372024 (n:0.003997019430317108) c:1.0
num acquisition: 121, time elapsed: 23.03s
f inputs x:[[-1.         -1.          0.02464522 -1.        ]] ev:{} outputs y:8.700139855992083 (n:-0.008454523914677926) c:1.0
num acquisition: 122, time elapsed: 23.29s
f inputs x:[[-0.38498069  0.40311142 -0.14287398  0.43866022]] ev:{} outputs y:5.151045817745542 (n:0.009277130485935422) c:1.0
num acquisition: 123, time elapsed: 23.55s
f inputs x:[[-0.14624765  0.01724276 -0.01858787 -0.02710452]] ev:{} outputs y:1.6999402260233494 (n:0.0003248955097391062) c:1.0
num acquisition: 124, time elapsed: 23.87s
f inputs x:[[ 1.         -0.13832367  1.          0.16841909]] ev:{} outputs y:8.265362917701843 (n:0.002106863949781874) c:1.0
num acquisition: 125, time elapsed: 24.14s
f inputs x:[[ 0.7583753   1.          0.47323792 -0.18915864]] ev:{} outputs y:7.108138400917084 (n:-0.008118996055071298) c:1.0
num acquisition: 126, time elapsed: 24.42s
f inputs x:[[-0.18954758  0.15510869  1.          0.24811866]] ev:{} outputs y:7.464531416237153 (n:-7.599587416068032e-05) c:1.0
num acquisition: 127, time elapsed: 24.66s
f inputs x:[[-0.45683345 -0.28735393 -1.          1.        ]] ev:{} outputs y:7.145747475400305 (n:0.0030878402720228505) c:1.0
num acquisition: 128, time elapsed: 24.96s
f inputs x:[[-0.36617571  1.          0.59566673  1.        ]] ev:{} outputs y:7.037000535253701 (n:-0.0034837015752917618) c:1.0
num acquisition: 129, time elapsed: 25.24s
f inputs x:[[ 0.48584347  0.35666336 -1.          1.        ]] ev:{} outputs y:7.039502649147289 (n:-0.0029627905352216212) c:1.0
num acquisition: 130, time elapsed: 25.47s
f inputs x:[[-0.14600475  0.01559588 -0.01922705 -0.02803492]] ev:{} outputs y:1.7131787189426264 (n:8.763451532011798e-05) c:1.0
num acquisition: 131, time elapsed: 25.80s
f inputs x:[[-0.29961661  0.36326772  0.1811397  -1.        ]] ev:{} outputs y:6.2059010409380555 (n:-0.005888096576280358) c:1.0
num acquisition: 132, time elapsed: 26.03s
f inputs x:[[ 0.34316836  0.42607832  0.13585555 -1.        ]] ev:{} outputs y:6.199819693875861 (n:0.003269535840276939) c:1.0
num acquisition: 133, time elapsed: 26.29s
f inputs x:[[-0.52395391  0.5562146   0.41229663 -0.2568634 ]] ev:{} outputs y:5.189985736566772 (n:0.0002572310121655693) c:1.0
num acquisition: 134, time elapsed: 26.62s
f inputs x:[[ 0.53876574  0.18586511  0.10433574 -0.11852729]] ev:{} outputs y:4.392464578742786 (n:0.00010966038851889284) c:1.0
num acquisition: 135, time elapsed: 26.90s
f inputs x:[[-0.01090396 -1.          0.3863787   0.59843009]] ev:{} outputs y:7.384168429001789 (n:-0.009085898645857368) c:1.0
num acquisition: 136, time elapsed: 27.17s
f inputs x:[[ 0.04909581 -0.02727673  0.02620064 -0.00852177]] ev:{} outputs y:1.5133565268577602 (n:-0.0020806761614525445) c:1.0
num acquisition: 137, time elapsed: 27.48s
f inputs x:[[-0.5597671  -0.41475073  1.          1.        ]] ev:{} outputs y:7.0207837690729455 (n:0.004275643380693532) c:1.0
num acquisition: 138, time elapsed: 27.77s
f inputs x:[[-0.1113291   0.00341148  0.00915354 -0.02613807]] ev:{} outputs y:1.609277256694207 (n:0.0029048966554308885) c:1.0
num acquisition: 139, time elapsed: 28.09s
f inputs x:[[ 0.13941773 -0.02915099  0.0626858  -0.00202848]] ev:{} outputs y:1.9503662277962708 (n:0.006148298224297778) c:1.0
num acquisition: 140, time elapsed: 28.59s
f inputs x:[[-0.06746322  0.45749304 -1.         -1.        ]] ev:{} outputs y:8.48679190240658 (n:0.0003586638271849694) c:1.0
num acquisition: 141, time elapsed: 28.95s
f inputs x:[[-1.          1.          0.18009425  1.        ]] ev:{} outputs y:7.733482589380689 (n:-0.0078041499143740355) c:1.0
num acquisition: 142, time elapsed: 29.29s
f inputs x:[[-0.33993445  1.          1.         -0.38491023]] ev:{} outputs y:8.0606954652864 (n:-0.008260222933327812) c:1.0
num acquisition: 143, time elapsed: 29.55s
f inputs x:[[ 0.00673676 -0.01610265  0.00404194 -0.00110088]] ev:{} outputs y:1.4201754832734224 (n:-0.0002493799472426322) c:1.0
num acquisition: 144, time elapsed: 29.83s
f inputs x:[[1. 1. 1. 1.]] ev:{} outputs y:7.227634557605134 (n:-0.006745466018413181) c:1.0
num acquisition: 145, time elapsed: 30.18s
f inputs x:[[-0.98846349  0.04479234  0.35091995 -0.36483926]] ev:{} outputs y:7.510443429687892 (n:0.0004080935958314402) c:1.0
num acquisition: 146, time elapsed: 30.39s
f inputs x:[[ 1.          1.         -1.         -0.01679336]] ev:{} outputs y:8.736395778876977 (n:0.010892901163949016) c:1.0
num acquisition: 147, time elapsed: 30.71s
f inputs x:[[-0.46682163  0.6243177   0.03265472 -0.00624752]] ev:{} outputs y:5.579506494455095 (n:-2.3698502427888656e-06) c:1.0
num acquisition: 148, time elapsed: 30.97s
f inputs x:[[-0.4038021   0.22427279  0.37356918  1.        ]] ev:{} outputs y:5.541542860230788 (n:0.0027423374435382197) c:1.0
num acquisition: 149, time elapsed: 31.29s
f inputs x:[[-0.08521953 -0.00570918  0.02184633 -0.02269144]] ev:{} outputs y:1.595529318050106 (n:0.0007633008529905941) c:1.0
num acquisition: 150, time elapsed: 31.71s
f inputs x:[[ 0.43373217  0.10920796 -0.05933449  1.        ]] ev:{} outputs y:6.114308236985231 (n:0.002428524144147235) c:1.0
num acquisition: 151, time elapsed: 32.00s
f inputs x:[[ 0.56861705 -0.0392139  -0.1919227  -0.96338111]] ev:{} outputs y:6.517243920203279 (n:-0.003458225000746715) c:1.0
num acquisition: 152, time elapsed: 32.24s
f inputs x:[[-0.36913568 -0.01530581 -0.25632981 -0.9922609 ]] ev:{} outputs y:6.399027616528482 (n:-0.004620167832036909) c:1.0
num acquisition: 153, time elapsed: 32.54s
f inputs x:[[-0.08437339 -0.00816182  0.02368799 -0.02265838]] ev:{} outputs y:1.6084001247320279 (n:-0.0013948320281003384) c:1.0
num acquisition: 154, time elapsed: 32.92s
f inputs x:[[-0.0815826  -0.97575845 -0.87935593 -0.74305539]] ev:{} outputs y:8.697454327425966 (n:-0.011650939623754724) c:1.0
num acquisition: 155, time elapsed: 33.24s
f inputs x:[[-1.          0.24043205  1.          1.        ]] ev:{} outputs y:7.689399111719881 (n:0.007511016652099555) c:1.0
num acquisition: 156, time elapsed: 33.54s
f inputs x:[[ 1.         -0.03719158 -1.          1.        ]] ev:{} outputs y:7.914400019259181 (n:0.006486368696155954) c:1.0
num acquisition: 157, time elapsed: 33.81s
f inputs x:[[ 0.33134837 -0.01483341  0.06426179  0.2363163 ]] ev:{} outputs y:3.9146993230344025 (n:-0.007270829904014041) c:1.0
num acquisition: 158, time elapsed: 34.08s
f inputs x:[[ 0.00513162 -0.0369217  -0.00163621  0.0264371 ]] ev:{} outputs y:1.6147694693998769 (n:0.0018479461477274308) c:1.0
num acquisition: 159, time elapsed: 34.36s
f inputs x:[[-1.         -1.         -1.          0.06719195]] ev:{} outputs y:9.155794150520034 (n:0.00014018142138167152) c:1.0
num acquisition: 160, time elapsed: 34.72s
f inputs x:[[-0.07543636 -1.         -1.          1.        ]] ev:{} outputs y:8.47945329703206 (n:0.0015259586621114778) c:1.0
num acquisition: 161, time elapsed: 35.02s
f inputs x:[[-0.08588235 -0.01381848  0.02531469 -0.02691315]] ev:{} outputs y:1.6588842813568143 (n:-0.0059324858390981195) c:1.0
num acquisition: 162, time elapsed: 35.39s
f inputs x:[[0.03615738 0.42060545 0.45869597 0.06422816]] ev:{} outputs y:4.897170682425259 (n:-0.011276203755608512) c:1.0
num acquisition: 163, time elapsed: 35.66s
f inputs x:[[0.47784124 0.50181423 0.95228949 0.43008658]] ev:{} outputs y:6.846722116787184 (n:0.0044491156418583365) c:1.0
num acquisition: 164, time elapsed: 35.99s
f inputs x:[[-0.44446065 -0.27653474 -0.14226945  0.78032862]] ev:{} outputs y:6.15645498392871 (n:0.004152249379589477) c:1.0
num acquisition: 165, time elapsed: 36.27s
f inputs x:[[ 0.88835275 -0.9799689   0.05573954 -0.27493241]] ev:{} outputs y:8.394333424598832 (n:0.004174986906935772) c:1.0
num acquisition: 166, time elapsed: 36.53s
f inputs x:[[-0.43988046 -0.42888825  0.46250665 -0.90061178]] ev:{} outputs y:6.948277365003139 (n:-0.006832890478314464) c:1.0
num acquisition: 167, time elapsed: 36.85s
f inputs x:[[ 1.         -0.23667164  0.41045862  1.        ]] ev:{} outputs y:7.782249617427404 (n:-0.0052355981750171355) c:1.0
num acquisition: 168, time elapsed: 37.16s
f inputs x:[[-0.08859395 -0.01977308  0.01981933 -0.02899114]] ev:{} outputs y:1.690860892177249 (n:-0.00694704102913031) c:1.0
num acquisition: 169, time elapsed: 37.60s
f inputs x:[[-0.70184334 -0.38440181  0.97440027 -0.14325328]] ev:{} outputs y:7.952418802580221 (n:-8.885819867208546e-05) c:1.0
num acquisition: 170, time elapsed: 37.99s
f inputs x:[[-0.12167264  0.03750303 -0.44803902  0.43917284]] ev:{} outputs y:4.531459626920536 (n:0.0018337672708212819) c:1.0
num acquisition: 171, time elapsed: 38.27s
f inputs x:[[-0.44768928  0.14670931  0.45290038 -0.57054494]] ev:{} outputs y:6.24526267578098 (n:-0.0009518127197160165) c:1.0
num acquisition: 172, time elapsed: 38.57s
f inputs x:[[ 0.57382181  0.7209952   0.0236502  -0.4918901 ]] ev:{} outputs y:6.331430429405498 (n:0.004323640313361768) c:1.0
num acquisition: 173, time elapsed: 38.85s
f inputs x:[[ 0.29122313 -0.18910951  0.54825264 -0.09521378]] ev:{} outputs y:5.896842021897712 (n:-0.0026784781694448373) c:1.0
num acquisition: 174, time elapsed: 39.20s
f inputs x:[[-0.67854556  0.31675834  0.46540555  0.60674684]] ev:{} outputs y:5.349914326294917 (n:-0.0009951704887433488) c:1.0
num acquisition: 175, time elapsed: 39.51s
f inputs x:[[ 0.35662231 -0.95376247  0.55631757  0.99248146]] ev:{} outputs y:7.237485641639083 (n:-0.005513705641740841) c:1.0
num acquisition: 176, time elapsed: 39.87s
f inputs x:[[ 0.16694312  0.2321445  -0.63214929  0.79518173]] ev:{} outputs y:5.532553980575918 (n:0.005903833819534417) c:1.0
num acquisition: 177, time elapsed: 40.18s
f inputs x:[[ 0.3901502  -0.27291617 -0.49505084 -0.38762145]] ev:{} outputs y:6.487683915131268 (n:-0.0025553487579306785) c:1.0
num acquisition: 178, time elapsed: 40.53s
f inputs x:[[-0.08402211 -0.01492619  0.00406244 -0.02064408]] ev:{} outputs y:1.6053067375589725 (n:0.0026487263534932786) c:1.0
num acquisition: 179, time elapsed: 41.06s
f inputs x:[[ 0.13074719 -0.19421392 -0.55062152  0.70939623]] ev:{} outputs y:5.282775512172945 (n:-0.008954016039611051) c:1.0
num acquisition: 180, time elapsed: 41.37s
f inputs x:[[ 0.01396083 -0.000895   -0.00032863 -0.02287907]] ev:{} outputs y:1.4261893047654501 (n:-0.001475804804116472) c:1.0
num acquisition: 181, time elapsed: 41.78s
f inputs x:[[ 0.36272786 -0.53251607  0.17688351 -0.56888358]] ev:{} outputs y:6.239875800979061 (n:0.0014314624623432326) c:1.0
num acquisition: 182, time elapsed: 42.09s
f inputs x:[[-0.98430244  0.93628661  0.37759349 -0.46119094]] ev:{} outputs y:7.351931388656714 (n:0.004256492524209912) c:1.0
num acquisition: 183, time elapsed: 42.44s
f inputs x:[[-0.9203818   0.23370592 -0.97239309  0.58715085]] ev:{} outputs y:7.6993574769932955 (n:-0.006112797547460743) c:1.0
num acquisition: 184, time elapsed: 42.76s
f inputs x:[[0.2439012  0.3039261  0.20749625 0.30761356]] ev:{} outputs y:3.5897926850392574 (n:0.007135365379411871) c:1.0
num acquisition: 185, time elapsed: 43.12s
f inputs x:[[-0.07534133  0.93989549  0.40205369 -0.9561258 ]] ev:{} outputs y:7.546084322089264 (n:0.001714491590910081) c:1.0
num acquisition: 186, time elapsed: 43.49s
f inputs x:[[-0.07623726 -0.01718981  0.00701101 -0.02451592]] ev:{} outputs y:1.6182519797805128 (n:0.007581355785176654) c:1.0
num acquisition: 187, time elapsed: 43.94s
f inputs x:[[ 0.50159115  0.47754828 -0.67122503  0.24166223]] ev:{} outputs y:6.620493044243147 (n:0.00680623966055737) c:1.0
num acquisition: 188, time elapsed: 44.34s
f inputs x:[[ 0.96270115  0.47381402  0.9852845  -0.49617899]] ev:{} outputs y:8.174020900353199 (n:-0.0030310192799276364) c:1.0
num acquisition: 189, time elapsed: 44.80s
f inputs x:[[ 0.99328725 -0.22040386 -0.10164974 -0.47368944]] ev:{} outputs y:7.709386717259538 (n:-0.0011448114828974238) c:1.0
num acquisition: 190, time elapsed: 45.19s
f inputs x:[[-0.07652056 -0.0185189   0.0078714  -0.02484661]] ev:{} outputs y:1.6154105546477542 (n:-0.005341783799522771) c:1.0
num acquisition: 191, time elapsed: 45.78s
f inputs x:[[0.22345119 0.93027245 0.45134149 0.36816934]] ev:{} outputs y:6.929463369436828 (n:-0.000668452495068717) c:1.0
num acquisition: 192, time elapsed: 46.11s
f inputs x:[[ 0.41799969 -0.87166416  0.79890658  0.33705427]] ev:{} outputs y:7.162856949627496 (n:0.009501020405660828) c:1.0
num acquisition: 193, time elapsed: 46.52s
f inputs x:[[-0.43884946  0.45813339 -0.37472135 -0.70928466]] ev:{} outputs y:6.5516657106363825 (n:0.0038145206983111663) c:1.0
num acquisition: 194, time elapsed: 46.83s
f inputs x:[[ 0.84910555  0.32866959 -0.27070055  0.43100433]] ev:{} outputs y:6.534414616639207 (n:-0.004221698849364988) c:1.0
num acquisition: 195, time elapsed: 47.20s
f inputs x:[[-0.25033794 -0.03409442  0.40962747  0.60347736]] ev:{} outputs y:4.731887589611364 (n:0.0009132137228001144) c:1.0
num acquisition: 196, time elapsed: 47.55s
f inputs x:[[-0.19090238 -0.52297563  0.9878396  -0.994043  ]] ev:{} outputs y:8.294114484838664 (n:0.0023402894662798513) c:1.0
num acquisition: 197, time elapsed: 47.95s
f inputs x:[[-0.07678938 -0.01796416  0.00872028 -0.023526  ]] ev:{} outputs y:1.6176926412057346 (n:0.004308042502568038) c:1.0
num acquisition: 198, time elapsed: 48.44s
f inputs x:[[-0.3842335   0.99264221 -0.01577821  0.50883899]] ev:{} outputs y:7.632282500931686 (n:0.006986598658052682) c:1.0
num acquisition: 199, time elapsed: 48.83s
f inputs x:[[0.88791572 0.717691   0.41205012 0.3413562 ]] ev:{} outputs y:6.241767143345455 (n:0.0020986057323011055) c:1.0
num acquisition: 200, time elapsed: 49.24s
f inputs x:[[-0.50119978  0.34000164 -0.36058646  0.94027545]] ev:{} outputs y:5.890738920923013 (n:0.0013745156407121337) c:1.0
num acquisition: 201, time elapsed: 49.68s
f inputs x:[[-0.07607536 -0.01984177  0.00972491 -0.02464535]] ev:{} outputs y:1.636368200097864 (n:0.008532171645855442) c:1.0
num acquisition: 202, time elapsed: 50.21s
f inputs x:[[-0.07567263 -0.02103784  0.01005705 -0.02505522]] ev:{} outputs y:1.6410070026625496 (n:0.00506056238767692) c:1.0
num acquisition: 203, time elapsed: 50.73s
f inputs x:[[-0.26073586 -0.39921705  0.82433846  0.58180415]] ev:{} outputs y:6.234817071294931 (n:0.004657183448798969) c:1.0
num acquisition: 204, time elapsed: 51.15s
f inputs x:[[-0.48367031  0.20820794  0.05561576  0.63029052]] ev:{} outputs y:5.30408525874654 (n:0.0027205982003632996) c:1.0
num acquisition: 205, time elapsed: 51.55s
f inputs x:[[-0.91474216 -0.40711514  0.28952916  0.25754866]] ev:{} outputs y:7.5574220351634445 (n:0.0060207806403824934) c:1.0
num acquisition: 206, time elapsed: 51.98s
f inputs x:[[ 0.49061161  0.24873836 -0.99122922 -0.41978825]] ev:{} outputs y:8.025654206720121 (n:0.005892521400237549) c:1.0
num acquisition: 207, time elapsed: 52.38s
f inputs x:[[ 0.51422127 -0.36994915 -0.94773441  0.26510024]] ev:{} outputs y:7.60869988476462 (n:-0.008768938954805326) c:1.0
num acquisition: 208, time elapsed: 52.75s
f inputs x:[[ 0.29995881 -0.60549434 -0.27393761 -0.99210007]] ev:{} outputs y:7.127736329288065 (n:-0.012184829019882094) c:1.0
num acquisition: 209, time elapsed: 53.19s
f inputs x:[[ 0.38478338  0.97881281  0.92588033 -0.32500312]] ev:{} outputs y:7.811183475430475 (n:0.0030775753576568594) c:1.0
num acquisition: 210, time elapsed: 53.57s
f inputs x:[[-0.92148504 -0.93373828  0.8562426   0.96977333]] ev:{} outputs y:8.157344378243288 (n:-0.0018865394245756806) c:1.0
num acquisition: 211, time elapsed: 54.11s
f inputs x:[[ 0.65199789  0.99806484 -0.37077063  0.95041134]] ev:{} outputs y:7.88363590216037 (n:0.006020295816216309) c:1.0
num acquisition: 212, time elapsed: 54.56s
f inputs x:[[-0.0754946  -0.02074419  0.01088292 -0.02483409]] ev:{} outputs y:1.6298665936364152 (n:-0.0037347068974889585) c:1.0
num acquisition: 213, time elapsed: 55.14s
f inputs x:[[-0.32679613  0.25477699 -0.90446492 -0.31961966]] ev:{} outputs y:7.661880861029171 (n:-0.003606926185840202) c:1.0
num acquisition: 214, time elapsed: 55.56s
f inputs x:[[-0.21053218  0.42977708  0.60542886  0.62442005]] ev:{} outputs y:4.3780508806651195 (n:0.0004166468767470201) c:1.0
num acquisition: 215, time elapsed: 56.01s
f inputs x:[[-0.53240474 -0.9627849   0.44013513 -0.51923111]] ev:{} outputs y:7.724957439955628 (n:0.00314845615356534) c:1.0
num acquisition: 216, time elapsed: 56.48s
f inputs x:[[ 0.52306959 -0.57155277 -0.28152058  0.8290156 ]] ev:{} outputs y:7.019779686163149 (n:0.006790644722429867) c:1.0
num acquisition: 217, time elapsed: 57.00s
f inputs x:[[-0.53932213  0.74237481  0.69762425  0.54272613]] ev:{} outputs y:5.192960379406465 (n:0.003925663672660212) c:1.0
num acquisition: 218, time elapsed: 57.48s
f inputs x:[[-0.63366216  0.94160393 -0.20046587 -0.44330505]] ev:{} outputs y:7.513950817908963 (n:-0.0014387448387934672) c:1.0
num acquisition: 219, time elapsed: 57.91s
f inputs x:[[-0.19320856  0.43807176 -0.74133081  0.41795266]] ev:{} outputs y:6.69637639991632 (n:-0.005395267548644346) c:1.0
num acquisition: 220, time elapsed: 58.42s
f inputs x:[[-0.9627911  -0.31762202 -0.36544426 -0.56223399]] ev:{} outputs y:7.825771668711335 (n:-0.0005114065381913545) c:1.0
num acquisition: 221, time elapsed: 58.87s
f inputs x:[[-0.37134493 -0.94166249 -0.25954638  0.48473375]] ev:{} outputs y:7.823454292514262 (n:-0.0009162078525014768) c:1.0
num acquisition: 222, time elapsed: 59.38s
f inputs x:[[ 0.97506649 -0.41373597 -0.99713051 -0.30563253]] ev:{} outputs y:8.601885927655221 (n:0.0050253663917063755) c:1.0
num acquisition: 223, time elapsed: 59.86s
f inputs x:[[ 0.62132789 -0.35512478  0.99887307  0.99331583]] ev:{} outputs y:7.123369346221263 (n:-0.006160335084709786) c:1.0
num acquisition: 224, time elapsed: 60.45s
f inputs x:[[-0.0743587  -0.02356762  0.01080963 -0.0261463 ]] ev:{} outputs y:1.6527738546784634 (n:-0.0006247078655529289) c:1.0
num acquisition: 225, time elapsed: 61.12s
f inputs x:[[ 0.3630744   0.14835578  0.48988383 -0.97079725]] ev:{} outputs y:6.907346540242471 (n:0.012064990791102737) c:1.0
num acquisition: 226, time elapsed: 61.64s
f inputs x:[[-0.47301982  0.4460731   0.6491595   0.19364363]] ev:{} outputs y:5.388433849984716 (n:0.006276363030186169) c:1.0
num acquisition: 227, time elapsed: 62.28s
f inputs x:[[ 0.02606402 -0.41274692  0.98227435  0.96151554]] ev:{} outputs y:6.52005102944732 (n:0.0005718036961677833) c:1.0
num acquisition: 228, time elapsed: 62.87s
f inputs x:[[ 0.33497117  0.46825368 -0.31891239 -0.99844115]] ev:{} outputs y:6.788003262471696 (n:0.0014854989696892113) c:1.0
num acquisition: 229, time elapsed: 63.41s
f inputs x:[[-0.07410467 -0.02421998  0.01105098 -0.02618289]] ev:{} outputs y:1.6583867067864033 (n:0.0011458586168329068) c:1.0
num acquisition: 230, time elapsed: 64.18s
f inputs x:[[-0.93397028 -0.13893886  0.96121218  0.41677156]] ev:{} outputs y:7.9497519288999925 (n:-0.0005212747685023533) c:1.0
num acquisition: 231, time elapsed: 64.70s
f inputs x:[[0.30775248 0.45723025 0.52262265 0.99670503]] ev:{} outputs y:4.727677594327416 (n:-0.01006049086252815) c:1.0
num acquisition: 232, time elapsed: 65.28s
f inputs x:[[-0.98114346 -0.9949116   0.95981207 -0.33695736]] ev:{} outputs y:8.736552537429116 (n:-0.005833593324299138) c:1.0
num acquisition: 233, time elapsed: 65.84s
f inputs x:[[-0.05800199 -0.48338047 -0.25844225 -0.62515382]] ev:{} outputs y:6.363085935609228 (n:-0.0011050905213391728) c:1.0
num acquisition: 234, time elapsed: 66.37s
f inputs x:[[-0.39104998  0.13833101  0.12127921 -0.14331581]] ev:{} outputs y:3.511262801105724 (n:-0.002907148798568578) c:1.0
num acquisition: 235, time elapsed: 66.99s
f inputs x:[[-0.03574502  0.92797961 -0.97309649  0.66262899]] ev:{} outputs y:8.33480916030446 (n:-0.007095996456774317) c:1.0
num acquisition: 236, time elapsed: 67.57s
f inputs x:[[0.00362208 0.41544682 0.67352336 0.95354918]] ev:{} outputs y:4.762934821368923 (n:-0.005613370324486829) c:1.0
num acquisition: 237, time elapsed: 68.14s
f inputs x:[[ 0.95164878  0.58914385  0.23009236 -0.29055393]] ev:{} outputs y:6.730793206255902 (n:7.867844837520706e-05) c:1.0
num acquisition: 238, time elapsed: 68.67s
f inputs x:[[-0.0669769  -0.01889903  0.01029599 -0.01820015]] ev:{} outputs y:1.57653901950534 (n:-0.0007541258314422125) c:1.0
num acquisition: 239, time elapsed: 69.72s
f inputs x:[[-0.54763687  0.34355596 -0.46887902  0.04959   ]] ev:{} outputs y:5.763297746948805 (n:-0.0027751849732983607) c:1.0
num acquisition: 240, time elapsed: 70.27s
f inputs x:[[ 0.90104046 -0.74357981  0.50895611 -0.98762943]] ev:{} outputs y:8.181358561539557 (n:0.0020529915870579475) c:1.0
num acquisition: 241, time elapsed: 70.81s
f inputs x:[[-0.9941039   0.78141869 -0.32056781  0.85539578]] ev:{} outputs y:7.52549814112011 (n:-0.008524288839780706) c:1.0
num acquisition: 242, time elapsed: 71.35s
f inputs x:[[ 0.07502171 -0.53553521  0.32672339  0.46524583]] ev:{} outputs y:5.229839388959672 (n:0.005424184873598974) c:1.0
num acquisition: 243, time elapsed: 71.89s
f inputs x:[[-0.06746478 -0.0224148   0.0120215  -0.01753987]] ev:{} outputs y:1.5949129178825148 (n:-0.003922399818736029) c:1.0
num acquisition: 244, time elapsed: 72.57s
f inputs x:[[0.17412022 0.11376914 0.05763075 0.03080294]] ev:{} outputs y:1.5194935505095961 (n:0.004772023903754814) c:1.0
num acquisition: 245, time elapsed: 73.15s
[ 0.00673676 -0.01610265  0.00404194 -0.00110088]
