INFO:GP:initializing Y
INFO:GP:initializing inference method
INFO:GP:adding kernel and likelihood as parameters
removed robo import in opts.py l17 due to theano errors
f inputs x:[[ 0.84695328 -0.51444333 -0.26028218 -0.489945  ]] ev:{} outputs y:7.644844455166084 (n:-0.00202180922367972) c:1.0
f inputs x:[[-0.91647388  0.62615719  0.63069981  0.74038506]] ev:{} outputs y:6.267587610783642 (n:0.0019085728306446877) c:1.0
f inputs x:[[ 0.08237629 -0.14030899  0.05737637 -0.60297148]] ev:{} outputs y:5.132937471167779 (n:-0.003722917990657066) c:1.0
f inputs x:[[ 0.13789471  0.14522645 -0.18007889  0.62175807]] ev:{} outputs y:5.068944509948613 (n:0.0007661525754196227) c:1.0
f inputs x:[[-0.57938275  0.30732352  0.82077843 -0.77648387]] ev:{} outputs y:7.687725961060721 (n:-0.0002904840625248154) c:1.0
f inputs x:[[ 0.12937392  0.13702712 -0.17894581  0.62394082]] ev:{} outputs y:5.070522400762178 (n:0.001990150658368415) c:1.0
num acquisition: 1, time elapsed: 0.11s
f inputs x:[[ 0.05851981  0.12213122 -0.09929234  0.21372797]] ev:{} outputs y:3.4776751193625257 (n:0.008049009249966623) c:1.0
num acquisition: 2, time elapsed: 0.30s
f inputs x:[[-0.05606557  0.18100508 -0.15158689  0.01552033]] ev:{} outputs y:3.630204731420241 (n:0.002841428424581101) c:1.0
num acquisition: 3, time elapsed: 0.43s
f inputs x:[[0.086302   0.15346899 0.13140614 0.0938134 ]] ev:{} outputs y:2.709762024728048 (n:-0.00021491746393061475) c:1.0
num acquisition: 4, time elapsed: 0.61s
f inputs x:[[0.28240068 0.36769492 0.30584832 0.07773962]] ev:{} outputs y:3.208160700196235 (n:0.002035303566187849) c:1.0
num acquisition: 5, time elapsed: 0.80s
f inputs x:[[ 0.09672915 -0.05860772  0.40638501  0.17672312]] ev:{} outputs y:4.42941152247417 (n:0.007042289513265679) c:1.0
num acquisition: 6, time elapsed: 0.96s
f inputs x:[[0.04683186 0.35899312 0.13157244 0.08742293]] ev:{} outputs y:4.149134504243484 (n:-0.00368377453029277) c:1.0
num acquisition: 7, time elapsed: 1.20s
f inputs x:[[0.25568744 0.10562144 0.09798269 0.02202579]] ev:{} outputs y:1.6452811659142317 (n:-0.0005564962734958086) c:1.0
num acquisition: 8, time elapsed: 1.42s
f inputs x:[[0.47916419 0.14543251 0.08421263 0.00298152]] ev:{} outputs y:3.84521116816716 (n:-0.008743120423308489) c:1.0
num acquisition: 9, time elapsed: 1.57s
f inputs x:[[ 0.19020529  0.01971138  0.05766309 -0.03598369]] ev:{} outputs y:1.8617457397947519 (n:-0.0001906537463393539) c:1.0
num acquisition: 10, time elapsed: 1.86s
f inputs x:[[ 0.21945901  0.12241152  0.16570368 -0.07552661]] ev:{} outputs y:2.86244040959724 (n:0.0022106740755904685) c:1.0
num acquisition: 11, time elapsed: 2.02s
f inputs x:[[0.2392041  0.04159018 0.0471758  0.08262804]] ev:{} outputs y:2.1537630327193256 (n:-0.005522218317631376) c:1.0
num acquisition: 12, time elapsed: 2.28s
f inputs x:[[0.49389947 0.58022575 0.54019751 0.33467057]] ev:{} outputs y:3.744734604916261 (n:0.004078368053347839) c:1.0
num acquisition: 13, time elapsed: 2.45s
f inputs x:[[ 0.21943579  0.13180773  0.00800422 -0.00379315]] ev:{} outputs y:1.278748646116606 (n:0.0002798519605207011) c:1.0
num acquisition: 14, time elapsed: 2.67s
f inputs x:[[ 0.240723    0.09756075 -0.14314427 -0.09679808]] ev:{} outputs y:3.1332176067025914 (n:0.0008998256890768095) c:1.0
num acquisition: 15, time elapsed: 2.93s
f inputs x:[[-1. -1. -1.  1.]] ev:{} outputs y:9.015514789175464 (n:-0.006422150083396637) c:1.0
num acquisition: 16, time elapsed: 3.10s
f inputs x:[[ 0.82357091  1.          0.94389567 -0.07237768]] ev:{} outputs y:7.641449335805235 (n:-0.0023422834674335443) c:1.0
num acquisition: 17, time elapsed: 3.29s
f inputs x:[[0.5810119  0.3407039  0.78302354 1.        ]] ev:{} outputs y:5.32813548504026 (n:0.004160914647882617) c:1.0
num acquisition: 18, time elapsed: 3.44s
f inputs x:[[-1.  1. -1. -1.]] ev:{} outputs y:9.029703790623858 (n:0.008756377729927411) c:1.0
num acquisition: 19, time elapsed: 3.59s
f inputs x:[[0.49755873 0.69561889 0.01194675 0.22823297]] ev:{} outputs y:6.087805255456167 (n:-0.0009810647385601807) c:1.0
num acquisition: 20, time elapsed: 3.78s
f inputs x:[[-1. -1. -1. -1.]] ev:{} outputs y:9.378675283970942 (n:0.009727434416331854) c:1.0
num acquisition: 21, time elapsed: 3.94s
f inputs x:[[0.18176747 0.36207104 0.88996407 0.32886217]] ev:{} outputs y:6.808134713449974 (n:0.003561192686176132) c:1.0
num acquisition: 22, time elapsed: 4.09s
f inputs x:[[-0.23291466 -0.3862664  -0.0199351  -0.02733598]] ev:{} outputs y:5.0493005121707055 (n:-0.0005613965760408327) c:1.0
num acquisition: 23, time elapsed: 4.28s
f inputs x:[[-1. -1.  1.  1.]] ev:{} outputs y:8.492819117303396 (n:0.00843035405234821) c:1.0
num acquisition: 24, time elapsed: 4.42s
f inputs x:[[-1.  1. -1.  1.]] ev:{} outputs y:8.481918860854941 (n:-0.002469902396105693) c:1.0
num acquisition: 25, time elapsed: 4.55s
f inputs x:[[ 1. -1. -1.  1.]] ev:{} outputs y:9.008938115518168 (n:-0.01200929737576299) c:1.0
num acquisition: 26, time elapsed: 4.67s
f inputs x:[[ 1. -1.  1.  1.]] ev:{} outputs y:8.484080441104394 (n:0.0013861507225229465) c:1.0
num acquisition: 27, time elapsed: 4.82s
f inputs x:[[0.43277991 0.25670935 0.32340928 0.40960828]] ev:{} outputs y:3.6637310413271584 (n:-0.00016831308766743395) c:1.0
num acquisition: 28, time elapsed: 4.99s
f inputs x:[[0.20533137 0.03004788 0.04454547 0.01788577]] ev:{} outputs y:1.6452366012467237 (n:-0.006585774487656633) c:1.0
num acquisition: 29, time elapsed: 5.15s
f inputs x:[[ 1.  1. -1. -1.]] ev:{} outputs y:9.019746645888027 (n:-0.00021026050860025364) c:1.0
num acquisition: 30, time elapsed: 5.28s
f inputs x:[[ 0.27992846 -1.          1.         -1.        ]] ev:{} outputs y:8.497839782009146 (n:-0.006009280564055786) c:1.0
num acquisition: 31, time elapsed: 5.43s
f inputs x:[[0.93910507 0.32585931 0.51136221 0.45370335]] ev:{} outputs y:6.858565560973449 (n:-0.008479147329094884) c:1.0
num acquisition: 32, time elapsed: 5.58s
f inputs x:[[0.24018138 0.64559555 0.37062391 0.73173135]] ev:{} outputs y:5.70929809071128 (n:0.002071075146784616) c:1.0
num acquisition: 33, time elapsed: 5.72s
f inputs x:[[ 1.  1. -1.  1.]] ev:{} outputs y:8.482797860631466 (n:0.00010357024959363791) c:1.0
num acquisition: 34, time elapsed: 5.87s
f inputs x:[[-0.280853   -0.05416297 -0.79736188  0.22266893]] ev:{} outputs y:6.673138591025789 (n:0.00039139393714023144) c:1.0
num acquisition: 35, time elapsed: 6.00s
f inputs x:[[ 0.11883498 -0.25476337  0.3827599   1.        ]] ev:{} outputs y:5.5923105669501005 (n:-0.003757963497647113) c:1.0
num acquisition: 36, time elapsed: 6.15s
f inputs x:[[0.21030123 0.01466893 0.03716137 0.02612877]] ev:{} outputs y:1.8389589622554485 (n:-0.0061039698827953185) c:1.0
num acquisition: 37, time elapsed: 6.29s
f inputs x:[[-1.         -1.          0.45278065 -0.41844033]] ev:{} outputs y:8.570212785785358 (n:-0.0011486883732474628) c:1.0
num acquisition: 38, time elapsed: 6.44s
f inputs x:[[ 1.          0.19880738  1.         -1.        ]] ev:{} outputs y:8.637916774151906 (n:-0.00832168040135006) c:1.0
num acquisition: 39, time elapsed: 6.63s
f inputs x:[[-0.20695565  0.00654424 -0.44399396 -1.        ]] ev:{} outputs y:6.829695913536913 (n:0.005770854129708874) c:1.0
num acquisition: 40, time elapsed: 6.78s
f inputs x:[[-0.02973959 -1.          0.06706898  0.55539282]] ev:{} outputs y:7.702616549672465 (n:0.004535455884819054) c:1.0
num acquisition: 41, time elapsed: 6.93s
f inputs x:[[0.18014323 0.11453588 0.02265576 0.01176517]] ev:{} outputs y:1.363546511289084 (n:-0.002151738608371221) c:1.0
num acquisition: 42, time elapsed: 7.12s
f inputs x:[[-1.          1.          0.04855625 -0.0855152 ]] ev:{} outputs y:7.671923951009692 (n:-0.002727725491284746) c:1.0
num acquisition: 43, time elapsed: 7.26s
f inputs x:[[-1.         -0.04624166 -0.04286592  1.        ]] ev:{} outputs y:7.735190273814519 (n:0.007899343626365924) c:1.0
num acquisition: 44, time elapsed: 7.40s
f inputs x:[[0.24706804 0.20727947 0.01560172 0.03392431]] ev:{} outputs y:2.082669117526525 (n:0.0010578101157705372) c:1.0
num acquisition: 45, time elapsed: 7.54s
f inputs x:[[ 1. -1. -1. -1.]] ev:{} outputs y:9.37035082981217 (n:0.002102273662019196) c:1.0
num acquisition: 46, time elapsed: 7.71s
f inputs x:[[-0.39492449  0.03983159  0.12287324  0.2549161 ]] ev:{} outputs y:4.187548039406042 (n:0.005377198476558177) c:1.0
num acquisition: 47, time elapsed: 7.89s
f inputs x:[[-0.70473393  0.00693344 -0.09138678 -0.14965849]] ev:{} outputs y:6.11842193423305 (n:0.003500095362649822) c:1.0
num acquisition: 48, time elapsed: 8.02s
f inputs x:[[0.20798248 0.04323225 0.03969667 0.01670543]] ev:{} outputs y:1.5105217336003052 (n:0.010223365574068078) c:1.0
num acquisition: 49, time elapsed: 8.19s
f inputs x:[[ 0.21536012  1.          0.17345968 -1.        ]] ev:{} outputs y:7.7286147813751125 (n:-0.008963220511400414) c:1.0
num acquisition: 50, time elapsed: 8.31s
f inputs x:[[-0.00602964  1.         -1.          0.05255161]] ev:{} outputs y:8.696845706873905 (n:-0.002420889227110297) c:1.0
num acquisition: 51, time elapsed: 8.47s
f inputs x:[[-0.51875395 -0.20210704  0.64368859  0.31171768]] ev:{} outputs y:6.203224466889303 (n:-0.006876368149046566) c:1.0
num acquisition: 52, time elapsed: 8.65s
f inputs x:[[1. 1. 1. 1.]] ev:{} outputs y:7.229890459597306 (n:-0.004489564026240716) c:1.0
num acquisition: 53, time elapsed: 8.81s
f inputs x:[[0.18934036 0.82812023 0.49848544 0.09097712]] ev:{} outputs y:6.4834524412979 (n:-0.006202700906698261) c:1.0
num acquisition: 54, time elapsed: 9.00s
f inputs x:[[ 0.77100551 -0.01875005 -0.13713728  1.        ]] ev:{} outputs y:6.955205938325613 (n:0.007538034826998472) c:1.0
num acquisition: 55, time elapsed: 9.20s
f inputs x:[[0.4991533  0.28273428 0.52568748 0.11724023]] ev:{} outputs y:5.086912081188885 (n:-0.0025684506025148834) c:1.0
num acquisition: 56, time elapsed: 9.33s
f inputs x:[[0.20616101 0.03539813 0.03028057 0.02142338]] ev:{} outputs y:1.5474089277985483 (n:0.005160934090811546) c:1.0
num acquisition: 57, time elapsed: 9.49s
f inputs x:[[-0.02059217 -1.         -1.         -0.07866178]] ev:{} outputs y:8.73575488918096 (n:-0.002085246905292477) c:1.0
num acquisition: 58, time elapsed: 9.61s
f inputs x:[[-0.03002641  0.20414786  0.3190398   0.50500772]] ev:{} outputs y:4.375514547112359 (n:-0.0007610425224593429) c:1.0
num acquisition: 59, time elapsed: 9.74s
f inputs x:[[0.20662258 0.02786263 0.02799326 0.02283772]] ev:{} outputs y:1.6250190644421687 (n:-0.00038996788853903625) c:1.0
num acquisition: 60, time elapsed: 9.88s
f inputs x:[[ 1.         -1.          1.         -0.15425422]] ev:{} outputs y:8.764463969546915 (n:-0.00021259540352067547) c:1.0
num acquisition: 61, time elapsed: 10.01s
f inputs x:[[ 0.10621861  0.08276204 -1.          1.        ]] ev:{} outputs y:6.803138005091324 (n:-0.004827246777291076) c:1.0
num acquisition: 62, time elapsed: 10.16s
f inputs x:[[-0.1916381   0.02010827  1.          1.        ]] ev:{} outputs y:6.783898187596991 (n:-0.0023992176493939157) c:1.0
num acquisition: 63, time elapsed: 10.29s
f inputs x:[[-0.36522678  1.         -0.0305723   1.        ]] ev:{} outputs y:7.797328393174054 (n:-0.009698204582318553) c:1.0
num acquisition: 64, time elapsed: 10.43s
f inputs x:[[-1.          1.          1.          0.03056578]] ev:{} outputs y:7.878370317120697 (n:-0.0005084940051954749) c:1.0
num acquisition: 65, time elapsed: 10.57s
f inputs x:[[-0.06307378 -1.         -0.08041284 -1.        ]] ev:{} outputs y:7.918783366943922 (n:-0.007785490406741539) c:1.0
num acquisition: 66, time elapsed: 10.71s
f inputs x:[[ 1.          0.10215587 -1.          0.09766136]] ev:{} outputs y:8.197466270554857 (n:-0.00037415432006353375) c:1.0
num acquisition: 67, time elapsed: 10.86s
f inputs x:[[-1.         0.029809  -1.        -0.2175301]] ev:{} outputs y:8.366363523498435 (n:-0.0006066106512488597) c:1.0
num acquisition: 68, time elapsed: 11.01s
f inputs x:[[-0.19096311  1.          1.          1.        ]] ev:{} outputs y:7.163823672995658 (n:0.004861434257712551) c:1.0
num acquisition: 69, time elapsed: 11.16s
f inputs x:[[0.20521299 0.02587617 0.0303846  0.02130927]] ev:{} outputs y:1.6383408905494963 (n:-0.0010764999851554167) c:1.0
num acquisition: 70, time elapsed: 11.30s
f inputs x:[[-1.         -0.04480688  0.0399267  -1.        ]] ev:{} outputs y:7.729581592201451 (n:0.0011326698389299953) c:1.0
num acquisition: 71, time elapsed: 11.44s
f inputs x:[[-0.02031785 -0.02478648 -0.01415355  0.01941199]] ev:{} outputs y:1.5658080343104044 (n:0.0025189961961258954) c:1.0
num acquisition: 72, time elapsed: 11.63s
f inputs x:[[-0.15831357 -0.02095481  0.08309022 -0.04590059]] ev:{} outputs y:2.40391638367378 (n:-2.919463734804499e-05) c:1.0
num acquisition: 73, time elapsed: 11.80s
f inputs x:[[1.         1.         0.07513234 1.        ]] ev:{} outputs y:7.825531694551096 (n:-0.0012597961970013346) c:1.0
num acquisition: 74, time elapsed: 11.95s
f inputs x:[[-0.05472153 -0.05487893 -0.0869147  -0.10290336]] ev:{} outputs y:2.7659055016722585 (n:-0.0025782942655902495) c:1.0
num acquisition: 75, time elapsed: 12.16s
f inputs x:[[-0.15309444 -1.          1.          0.17418436]] ev:{} outputs y:7.788188954453086 (n:0.0019957471125383857) c:1.0
num acquisition: 76, time elapsed: 12.35s
f inputs x:[[-0.10590662 -0.0696499   0.04168431  0.14190634]] ev:{} outputs y:2.808561503173985 (n:-0.005161829791598501) c:1.0
num acquisition: 77, time elapsed: 12.57s
f inputs x:[[ 1.          0.2811199  -0.11949954 -1.        ]] ev:{} outputs y:7.486942266218747 (n:-0.0034510236159303515) c:1.0
num acquisition: 78, time elapsed: 12.75s
f inputs x:[[-1.  1.  1. -1.]] ev:{} outputs y:8.485622675890626 (n:0.002928385508755376) c:1.0
num acquisition: 79, time elapsed: 12.95s
f inputs x:[[0.16779178 0.01052032 0.03073524 0.0107891 ]] ev:{} outputs y:1.5317224001115228 (n:0.0009915382618697548) c:1.0
num acquisition: 80, time elapsed: 13.11s
f inputs x:[[-0.34617158  0.19861483  0.39525499 -0.04399714]] ev:{} outputs y:4.63123327460091 (n:0.0036959591855143838) c:1.0
num acquisition: 81, time elapsed: 13.29s
f inputs x:[[0.16597506 0.00700765 0.03104561 0.01011877]] ev:{} outputs y:1.556396845012976 (n:0.0008788440957627128) c:1.0
num acquisition: 82, time elapsed: 13.48s
f inputs x:[[-1.         -0.55405252  1.         -1.        ]] ev:{} outputs y:8.820149429410707 (n:-0.006033040091918931) c:1.0
num acquisition: 83, time elapsed: 13.71s
f inputs x:[[ 1.         -1.         -0.02260521  0.516946  ]] ev:{} outputs y:8.669102808889944 (n:0.00021566720065524462) c:1.0
num acquisition: 84, time elapsed: 13.93s
f inputs x:[[ 1.         -0.05608521  1.          1.        ]] ev:{} outputs y:7.92156482825026 (n:0.007299025758523815) c:1.0
num acquisition: 85, time elapsed: 14.21s
f inputs x:[[ 1.         -1.          0.26825839 -1.        ]] ev:{} outputs y:8.661475246072323 (n:-0.0022286312140649958) c:1.0
num acquisition: 86, time elapsed: 14.43s
f inputs x:[[ 0.37357896  0.0364243  -1.         -1.        ]] ev:{} outputs y:8.381657707197865 (n:0.002431169695183789) c:1.0
num acquisition: 87, time elapsed: 14.63s
f inputs x:[[-1.         -1.         -0.152611    0.38563907]] ev:{} outputs y:8.700230015584044 (n:0.0012135827662488542) c:1.0
num acquisition: 88, time elapsed: 14.86s
f inputs x:[[-0.27970644 -0.22529559  0.37442183 -0.33555591]] ev:{} outputs y:5.564023386854409 (n:-0.0016669495200477193) c:1.0
num acquisition: 89, time elapsed: 15.06s
f inputs x:[[0.16749843 0.00592373 0.02843109 0.01147081]] ev:{} outputs y:1.5634939151490046 (n:-0.002216748463166828) c:1.0
num acquisition: 90, time elapsed: 15.25s
f inputs x:[[-1.         0.0800849  1.         0.2320311]] ev:{} outputs y:8.14890801804347 (n:0.009155519970120953) c:1.0
num acquisition: 91, time elapsed: 15.45s
f inputs x:[[ 0.2161957  1.         1.        -1.       ]] ev:{} outputs y:8.454622806845137 (n:-0.001498732355611654) c:1.0
num acquisition: 92, time elapsed: 15.66s
f inputs x:[[-1.          0.02865656 -1.          1.        ]] ev:{} outputs y:7.867931199276469 (n:-5.6136769069033405e-05) c:1.0
num acquisition: 93, time elapsed: 15.87s
f inputs x:[[ 0.00338107 -1.         -1.          1.        ]] ev:{} outputs y:8.476473575117405 (n:0.0006619398281160481) c:1.0
num acquisition: 94, time elapsed: 16.09s
f inputs x:[[ 1.          1.         -0.03232721 -0.3163125 ]] ev:{} outputs y:7.746791934041209 (n:-0.0037046217352865733) c:1.0
num acquisition: 95, time elapsed: 16.30s
f inputs x:[[ 0.03097593 -1.          1.          1.        ]] ev:{} outputs y:7.212045506402625 (n:0.0007320722253046138) c:1.0
num acquisition: 96, time elapsed: 16.55s
f inputs x:[[-1.  1.  1.  1.]] ev:{} outputs y:7.237582859271018 (n:-0.002689107830011691) c:1.0
num acquisition: 97, time elapsed: 16.76s
f inputs x:[[0.29741017 0.21527277 0.27300309 1.        ]] ev:{} outputs y:5.762517632252401 (n:0.0048431167641636765) c:1.0
num acquisition: 98, time elapsed: 16.98s
f inputs x:[[0.16952164 0.0048359  0.02862755 0.01188284]] ev:{} outputs y:1.590726085889825 (n:0.0009169945477936024) c:1.0
num acquisition: 99, time elapsed: 17.17s
f inputs x:[[ 0.01931859  1.         -1.          1.        ]] ev:{} outputs y:8.47464664759795 (n:0.0006953487585850091) c:1.0
num acquisition: 100, time elapsed: 17.37s
f inputs x:[[-1.00000000e+00  1.00000000e+00 -4.55698237e-04 -1.00000000e+00]] ev:{} outputs y:7.881176149914542 (n:-0.002076025312429864) c:1.0
num acquisition: 101, time elapsed: 17.61s
f inputs x:[[-0.48100829  0.50348415  0.12037525  0.35178738]] ev:{} outputs y:4.749026502584193 (n:-0.005408173800127619) c:1.0
num acquisition: 102, time elapsed: 17.88s
f inputs x:[[-0.35259717  0.17419352  0.2324368   1.        ]] ev:{} outputs y:5.848008574498918 (n:-0.013570043218880938) c:1.0
num acquisition: 103, time elapsed: 18.09s
f inputs x:[[ 0.08515528 -0.06545654  0.44071179 -1.        ]] ev:{} outputs y:6.8009567567863725 (n:-0.005219427874853276) c:1.0
num acquisition: 104, time elapsed: 18.34s
f inputs x:[[-0.02574975  1.         -1.         -1.        ]] ev:{} outputs y:9.022942339946644 (n:0.008122963066678816) c:1.0
num acquisition: 105, time elapsed: 18.60s
f inputs x:[[-0.43423459  0.31432201 -0.30926752  0.51549435]] ev:{} outputs y:5.088932549519709 (n:0.00036795332695565577) c:1.0
num acquisition: 106, time elapsed: 18.79s
f inputs x:[[0.23297985 0.43819527 0.37525974 0.3399937 ]] ev:{} outputs y:3.8562415605156235 (n:-0.0033797965616131427) c:1.0
num acquisition: 107, time elapsed: 19.01s
f inputs x:[[0.17098163 0.00988077 0.03066984 0.0100933 ]] ev:{} outputs y:1.5547491553080162 (n:0.0016370022637037717) c:1.0
num acquisition: 108, time elapsed: 19.23s
f inputs x:[[0.17104343 0.00641261 0.0303027  0.010055  ]] ev:{} outputs y:1.5922174110283758 (n:0.005546501717123465) c:1.0
num acquisition: 109, time elapsed: 19.48s
f inputs x:[[-1.          1.         -1.          0.05487515]] ev:{} outputs y:8.71121528278732 (n:0.004363555388793873) c:1.0
num acquisition: 110, time elapsed: 19.73s
f inputs x:[[-1.          0.34505266  0.04723057  0.3660018 ]] ev:{} outputs y:7.168528628750062 (n:-0.00048069932797741347) c:1.0
num acquisition: 111, time elapsed: 19.99s
f inputs x:[[-0.27618705  0.28007113  0.05774153 -0.4664239 ]] ev:{} outputs y:4.69241150719288 (n:-0.0009927544756040282) c:1.0
num acquisition: 112, time elapsed: 20.24s
f inputs x:[[-0.21177573 -0.33883902 -0.25302721  1.        ]] ev:{} outputs y:6.215268716150577 (n:-0.004592989063044834) c:1.0
num acquisition: 113, time elapsed: 20.48s
f inputs x:[[ 1.          0.00920704 -1.          1.        ]] ev:{} outputs y:7.8732706411143125 (n:-0.0037571048140565082) c:1.0
num acquisition: 114, time elapsed: 20.74s
f inputs x:[[-1.          0.03917336  1.          1.        ]] ev:{} outputs y:7.865592826564935 (n:0.0091734157555056) c:1.0
num acquisition: 115, time elapsed: 20.99s
f inputs x:[[ 1.         -1.         -1.          0.00121367]] ev:{} outputs y:9.166631885711466 (n:0.0001300417988796089) c:1.0
num acquisition: 116, time elapsed: 21.25s
f inputs x:[[-0.24201378  1.         -0.04707101 -0.22413646]] ev:{} outputs y:7.686343496453553 (n:-0.0068314708621974776) c:1.0
num acquisition: 117, time elapsed: 21.52s
f inputs x:[[0.50529743 1.         0.76370093 0.59138706]] ev:{} outputs y:6.843293448486773 (n:-0.004986456256716216) c:1.0
num acquisition: 118, time elapsed: 21.75s
f inputs x:[[ 0.36338161 -0.06355707  0.63220612  0.64076339]] ev:{} outputs y:5.409673657230224 (n:-0.009777885883003726) c:1.0
num acquisition: 119, time elapsed: 22.00s
f inputs x:[[ 1.         1.        -1.         0.0274989]] ev:{} outputs y:8.714046207615016 (n:0.0009445241771955139) c:1.0
num acquisition: 120, time elapsed: 22.27s
f inputs x:[[-1.          1.          0.17174433  1.        ]] ev:{} outputs y:7.748831785733397 (n:-0.00018616365678464863) c:1.0
num acquisition: 121, time elapsed: 22.52s
f inputs x:[[0.16949642 0.00890607 0.03075264 0.00759631]] ev:{} outputs y:1.5552258178038387 (n:0.003480085545399247) c:1.0
num acquisition: 122, time elapsed: 22.78s
f inputs x:[[-1.         -0.00586206 -1.         -1.        ]] ev:{} outputs y:8.715874815418095 (n:-0.0011579410555512034) c:1.0
num acquisition: 123, time elapsed: 23.10s
f inputs x:[[-0.00876915 -0.20796366  1.         -0.26302592]] ev:{} outputs y:7.8673922948791715 (n:-0.00042792430412488336) c:1.0
num acquisition: 124, time elapsed: 23.39s
f inputs x:[[-0.11410207  0.34772753 -0.36319846  1.        ]] ev:{} outputs y:6.069133382010008 (n:0.00815467412750719) c:1.0
num acquisition: 125, time elapsed: 23.66s
f inputs x:[[ 0.11366233  0.0400468  -0.00712693  0.00095966]] ev:{} outputs y:1.2741808345239787 (n:-0.002282992747901605) c:1.0
num acquisition: 126, time elapsed: 23.93s
f inputs x:[[-1.         -1.         -1.         -0.01395313]] ev:{} outputs y:9.172489583883637 (n:0.0024073734206098768) c:1.0
num acquisition: 127, time elapsed: 24.26s
f inputs x:[[-0.00314663 -1.         -1.         -1.        ]] ev:{} outputs y:9.011013781762129 (n:-0.0049299575570036225) c:1.0
num acquisition: 128, time elapsed: 24.52s
f inputs x:[[-0.4472788  -0.56714529  0.38213838  1.        ]] ev:{} outputs y:6.479681544747428 (n:0.006102983672972176) c:1.0
num acquisition: 129, time elapsed: 24.82s
f inputs x:[[-0.41348759  0.40816855  0.56161678  0.46382889]] ev:{} outputs y:3.7005502568061486 (n:0.007585720051205085) c:1.0
num acquisition: 130, time elapsed: 25.11s
f inputs x:[[-0.43828983  0.80237197  0.58472481  0.37645098]] ev:{} outputs y:5.851480475985844 (n:0.007928635804379844) c:1.0
num acquisition: 131, time elapsed: 25.45s
f inputs x:[[-0.54484513  0.19192255  0.37968205  0.57269107]] ev:{} outputs y:5.009411909884134 (n:0.001406240939107826) c:1.0
num acquisition: 132, time elapsed: 25.79s
f inputs x:[[-0.2562638   0.38137449  0.07304124 -1.        ]] ev:{} outputs y:6.176076130946949 (n:0.0033143525543525895) c:1.0
num acquisition: 133, time elapsed: 26.11s
f inputs x:[[-0.29611365  0.49036921  0.61939022  0.81196393]] ev:{} outputs y:3.936381210786179 (n:0.00039007545246957844) c:1.0
num acquisition: 134, time elapsed: 26.44s
f inputs x:[[-0.43612374  0.47887895  1.          0.60224772]] ev:{} outputs y:6.911796049044618 (n:0.00035342244650289227) c:1.0
num acquisition: 135, time elapsed: 26.75s
f inputs x:[[ 1.         1.         0.5373651 -1.       ]] ev:{} outputs y:7.818106483888205 (n:0.0007935214857388615) c:1.0
num acquisition: 136, time elapsed: 27.04s
f inputs x:[[-0.3706416  -0.21494424 -0.04496582 -0.61965883]] ev:{} outputs y:5.644320393173771 (n:0.002230848116004786) c:1.0
num acquisition: 137, time elapsed: 27.32s
f inputs x:[[-0.29355764  0.5365626   0.32623315  0.64589779]] ev:{} outputs y:5.099044881299649 (n:-0.0006372423142252473) c:1.0
num acquisition: 138, time elapsed: 27.77s
f inputs x:[[ 0.42066786 -1.          0.28637367  1.        ]] ev:{} outputs y:7.779713873016245 (n:0.004430029945822286) c:1.0
num acquisition: 139, time elapsed: 28.08s
f inputs x:[[0.07690069 0.41851792 0.72875332 1.        ]] ev:{} outputs y:4.881749588646105 (n:-0.00030146508183644154) c:1.0
num acquisition: 140, time elapsed: 28.35s
f inputs x:[[ 1.         -0.06246869  1.         -0.0741817 ]] ev:{} outputs y:8.331590579448932 (n:-0.005127554815396624) c:1.0
num acquisition: 141, time elapsed: 28.74s
f inputs x:[[0.16766411 0.0075638  0.02354669 0.0010227 ]] ev:{} outputs y:1.5209942792873972 (n:-0.0018948541011618403) c:1.0
num acquisition: 142, time elapsed: 29.08s
f inputs x:[[-0.40266172  0.30475965 -0.00628408 -0.0059996 ]] ev:{} outputs y:3.0923770696776045 (n:0.0004468500279486355) c:1.0
num acquisition: 143, time elapsed: 29.39s
f inputs x:[[-0.49544391  0.43802323 -0.34098685  0.02034038]] ev:{} outputs y:5.536796749396636 (n:-0.006531904491566556) c:1.0
num acquisition: 144, time elapsed: 29.71s
f inputs x:[[-0.61523866  0.47118682  0.20672318 -0.17273121]] ev:{} outputs y:4.608571533747466 (n:0.00935254882472772) c:1.0
num acquisition: 145, time elapsed: 29.98s
f inputs x:[[ 0.01032379 -1.          0.24140275 -0.27901112]] ev:{} outputs y:7.52635250268662 (n:-0.005527383824971627) c:1.0
num acquisition: 146, time elapsed: 30.29s
f inputs x:[[-0.18497281  0.15459116  0.63060204  0.65531484]] ev:{} outputs y:5.066478539592372 (n:-0.0022325467222624198) c:1.0
num acquisition: 147, time elapsed: 30.65s
f inputs x:[[ 0.16084613  0.01578615  0.02260827 -0.00102601]] ev:{} outputs y:1.408794971146653 (n:0.002057989909989609) c:1.0
num acquisition: 148, time elapsed: 30.97s
f inputs x:[[-1.         -1.         -0.07214899 -1.        ]] ev:{} outputs y:8.734632360084365 (n:-0.002709157539757755) c:1.0
num acquisition: 149, time elapsed: 31.35s
f inputs x:[[-1.        -1.         1.         0.1250512]] ev:{} outputs y:8.693822813275201 (n:0.0062257709834127465) c:1.0
num acquisition: 150, time elapsed: 31.69s
f inputs x:[[-0.31151276  0.0299718  -0.18872061  0.1286762 ]] ev:{} outputs y:3.556399586648294 (n:0.002010223057617588) c:1.0
num acquisition: 151, time elapsed: 32.19s
f inputs x:[[ 0.37886809 -0.24120085 -0.14090359 -1.        ]] ev:{} outputs y:6.415485755575806 (n:0.00585556939052348) c:1.0
num acquisition: 152, time elapsed: 32.49s
f inputs x:[[ 0.31224703  0.38988033 -0.00831362 -0.59567501]] ev:{} outputs y:5.340129652842411 (n:-0.0027986570685008642) c:1.0
num acquisition: 153, time elapsed: 32.87s
f inputs x:[[-1.         -1.          0.15464708  1.        ]] ev:{} outputs y:8.661802127077763 (n:-0.003742280559414749) c:1.0
num acquisition: 154, time elapsed: 33.21s
f inputs x:[[0.15902028 0.01117567 0.02006414 0.00212137]] ev:{} outputs y:1.4320250826970329 (n:0.0002641476860348505) c:1.0
num acquisition: 155, time elapsed: 33.55s
f inputs x:[[-0.24907543  1.          1.         -0.2726008 ]] ev:{} outputs y:8.020652801352904 (n:-0.00042947007699718027) c:1.0
num acquisition: 156, time elapsed: 33.86s
f inputs x:[[1.         1.         0.37333009 0.30811236]] ev:{} outputs y:7.3982712088365785 (n:-0.004442692497360713) c:1.0
num acquisition: 157, time elapsed: 34.19s
f inputs x:[[ 0.2176446  -0.27289007 -0.59943184  0.54550613]] ev:{} outputs y:5.7666734463708655 (n:0.0032218990286494386) c:1.0
num acquisition: 158, time elapsed: 34.50s
f inputs x:[[-0.35722081 -0.27508058 -0.3461578   0.46990144]] ev:{} outputs y:5.54306821375393 (n:-0.004149832200965092) c:1.0
num acquisition: 159, time elapsed: 34.86s
f inputs x:[[-1.          0.19335837  0.45944154 -0.32555641]] ev:{} outputs y:7.463650310838196 (n:-0.0070055582074195115) c:1.0
num acquisition: 160, time elapsed: 35.25s
f inputs x:[[ 0.05319706  0.29714871 -0.63628779  0.49775276]] ev:{} outputs y:5.911618841559283 (n:0.0009055700921037955) c:1.0
num acquisition: 161, time elapsed: 35.59s
f inputs x:[[0.15985769 0.00839609 0.01748271 0.00297555]] ev:{} outputs y:1.451962210375909 (n:-0.003432151582002237) c:1.0
num acquisition: 162, time elapsed: 35.92s
f inputs x:[[ 1.          0.38113841 -0.27523528  0.4880477 ]] ev:{} outputs y:7.212114871307526 (n:0.0012829287664472395) c:1.0
num acquisition: 163, time elapsed: 36.31s
f inputs x:[[ 0.37760407 -0.51500098 -0.35402847  1.        ]] ev:{} outputs y:6.747298706705905 (n:0.0011339431675447544) c:1.0
num acquisition: 164, time elapsed: 36.64s
f inputs x:[[ 1.         -0.07265996 -1.         -1.        ]] ev:{} outputs y:8.730319277007707 (n:-0.005873791189201374) c:1.0
num acquisition: 165, time elapsed: 37.03s
f inputs x:[[ 0.46036347  0.60238068 -0.34939539  1.        ]] ev:{} outputs y:6.62389445473374 (n:0.0005519277471090571) c:1.0
num acquisition: 166, time elapsed: 37.53s
f inputs x:[[ 0.32804326 -0.34484718  1.          1.        ]] ev:{} outputs y:6.725567570384696 (n:-0.007585831215192601) c:1.0
num acquisition: 167, time elapsed: 37.95s
f inputs x:[[ 0.25797481  0.44770517 -0.30790325 -1.        ]] ev:{} outputs y:6.7634595808711815 (n:0.007519140350123659) c:1.0
num acquisition: 168, time elapsed: 38.29s
f inputs x:[[-0.3772157  -0.02675607 -0.71128086  0.82605611]] ev:{} outputs y:5.642867847847398 (n:-0.010788094618558827) c:1.0
num acquisition: 169, time elapsed: 38.66s
f inputs x:[[0.45983796 0.39653283 0.602599   0.6182736 ]] ev:{} outputs y:3.7204218486373923 (n:0.0003389993685593413) c:1.0
num acquisition: 170, time elapsed: 39.10s
f inputs x:[[ 0.21316259  0.09792208  0.01181959 -0.01435209]] ev:{} outputs y:1.1119559290785463 (n:0.0020060444306768295) c:1.0
num acquisition: 171, time elapsed: 39.55s
f inputs x:[[-0.45263972 -1.          1.         -1.        ]] ev:{} outputs y:8.55998770512263 (n:0.0001828654179894565) c:1.0
num acquisition: 172, time elapsed: 40.02s
f inputs x:[[-0.57605821  0.4348014   0.60393734  1.        ]] ev:{} outputs y:4.338047142176131 (n:-0.012409324655901874) c:1.0
num acquisition: 173, time elapsed: 40.41s
f inputs x:[[ 0.50195552  0.55750385  0.24651473 -0.2225452 ]] ev:{} outputs y:4.764894773398401 (n:0.008762485362916071) c:1.0
num acquisition: 174, time elapsed: 40.79s
f inputs x:[[-0.63971485  0.46926308 -0.23923622 -0.58666794]] ev:{} outputs y:6.153376954498226 (n:-0.006243934596519569) c:1.0
num acquisition: 175, time elapsed: 41.21s
f inputs x:[[-0.47156296  0.40372098 -1.          0.59856857]] ev:{} outputs y:7.410509094048822 (n:0.006444317853538687) c:1.0
num acquisition: 176, time elapsed: 41.57s
f inputs x:[[-0.03595355 -0.46918155  0.53972896  0.51053433]] ev:{} outputs y:4.657091270421125 (n:-0.004506668412468854) c:1.0
num acquisition: 177, time elapsed: 41.95s
f inputs x:[[ 0.1376212  -0.32118641  0.17442264  0.55318742]] ev:{} outputs y:5.080375690359979 (n:0.0010554043026087929) c:1.0
num acquisition: 178, time elapsed: 42.38s
f inputs x:[[0.69033443 0.51245669 1.         0.56002744]] ev:{} outputs y:7.013490924966197 (n:0.0008068573463450228) c:1.0
num acquisition: 179, time elapsed: 42.85s
f inputs x:[[ 0.38417325 -0.63073632  0.73586015  0.38769915]] ev:{} outputs y:6.389696038193607 (n:0.005385901395811682) c:1.0
num acquisition: 180, time elapsed: 43.27s
f inputs x:[[ 1.         -0.38563566  0.32492046  1.        ]] ev:{} outputs y:7.918310634986398 (n:-8.620702921926607e-05) c:1.0
num acquisition: 181, time elapsed: 43.67s
f inputs x:[[ 0.16322501  0.01401723  0.0200438  -0.00855738]] ev:{} outputs y:1.4364033256262416 (n:0.002644755096948331) c:1.0
num acquisition: 182, time elapsed: 44.10s
f inputs x:[[0.67375614 0.50533464 0.35052349 0.78735877]] ev:{} outputs y:5.353943706911151 (n:0.008713240697235381) c:1.0
num acquisition: 183, time elapsed: 44.54s
f inputs x:[[ 1.         -0.24099077  0.35001099 -1.        ]] ev:{} outputs y:7.971060429377359 (n:0.005271731105232367) c:1.0
num acquisition: 184, time elapsed: 44.97s
f inputs x:[[-0.24949514  0.21155957 -0.95105182 -0.59156184]] ev:{} outputs y:7.997646407554446 (n:-0.0008749752215604282) c:1.0
num acquisition: 185, time elapsed: 45.39s
f inputs x:[[ 0.30924657 -0.24144379 -0.94241383  0.02871147]] ev:{} outputs y:7.5474621251254765 (n:-0.007001320295913206) c:1.0
num acquisition: 186, time elapsed: 45.77s
f inputs x:[[-0.29517418  0.5474126   0.27793324  0.04234733]] ev:{} outputs y:4.728107608628896 (n:-0.006285260318588761) c:1.0
num acquisition: 187, time elapsed: 46.23s
f inputs x:[[ 0.19073136  0.202213    0.97925608 -0.84144787]] ev:{} outputs y:8.199544530752304 (n:-0.002079162657574305) c:1.0
num acquisition: 188, time elapsed: 46.66s
f inputs x:[[ 0.16271732  0.01200641  0.02270592 -0.00908325]] ev:{} outputs y:1.4550758459381714 (n:-0.0050514355450282334) c:1.0
num acquisition: 189, time elapsed: 47.10s
f inputs x:[[-0.44418912  0.79099961  0.55654377  1.        ]] ev:{} outputs y:5.846043632036067 (n:0.0045519073368575635) c:1.0
num acquisition: 190, time elapsed: 47.49s
f inputs x:[[-0.66992426  0.42996773  0.48691505  0.19362865]] ev:{} outputs y:4.998180284072127 (n:0.0032099305444628907) c:1.0
num acquisition: 191, time elapsed: 47.88s
f inputs x:[[-0.47882305  0.71251567  0.29910873 -0.62213659]] ev:{} outputs y:6.273942997807943 (n:-0.002990032554909166) c:1.0
num acquisition: 192, time elapsed: 48.25s
f inputs x:[[-0.97245716 -0.1761393  -0.69633173  0.30251   ]] ev:{} outputs y:7.753915986457845 (n:-0.0006952254038693013) c:1.0
num acquisition: 193, time elapsed: 48.69s
f inputs x:[[ 0.16385858  0.00954996  0.02200514 -0.00997886]] ev:{} outputs y:1.478025023673706 (n:-0.010538167005542413) c:1.0
num acquisition: 194, time elapsed: 49.25s
f inputs x:[[ 0.49560914  0.97725033 -0.39233869 -0.62151722]] ev:{} outputs y:7.933649381077208 (n:0.0032908104607131724) c:1.0
num acquisition: 195, time elapsed: 49.70s
f inputs x:[[ 0.97958653  0.32128753 -0.2636457  -0.42265323]] ev:{} outputs y:7.223029733573451 (n:0.0029516683097657575) c:1.0
num acquisition: 196, time elapsed: 50.13s
f inputs x:[[ 0.01392597  0.56052495  0.34829235 -0.49979172]] ev:{} outputs y:5.996840749934505 (n:-0.007046660717413682) c:1.0
num acquisition: 197, time elapsed: 50.52s
f inputs x:[[-0.32261742 -0.53223059  0.31950132  0.21779442]] ev:{} outputs y:5.60054084595414 (n:0.002829863892610281) c:1.0
num acquisition: 198, time elapsed: 50.97s
f inputs x:[[-0.41124139 -0.48430456 -0.94538479  0.77365532]] ev:{} outputs y:7.385760702976251 (n:-0.008960604103176837) c:1.0
num acquisition: 199, time elapsed: 51.34s
f inputs x:[[ 0.1636093   0.00617352  0.0212474  -0.00880221]] ev:{} outputs y:1.5153179843826108 (n:-0.0002756274340307061) c:1.0
num acquisition: 200, time elapsed: 52.00s
f inputs x:[[-0.2222648  -0.51151022  0.25947785 -0.94035849]] ev:{} outputs y:6.527007617156537 (n:-0.0018993993457361873) c:1.0
num acquisition: 201, time elapsed: 52.38s
f inputs x:[[-0.9719103   0.53059116 -0.51694243  0.9958723 ]] ev:{} outputs y:7.257761028637949 (n:-0.005485830719814569) c:1.0
num acquisition: 202, time elapsed: 52.83s
f inputs x:[[ 0.94165257 -0.95597085  0.08244381 -0.15015019]] ev:{} outputs y:8.420028219177123 (n:-0.011181676421758298) c:1.0
num acquisition: 203, time elapsed: 53.32s
f inputs x:[[-0.25133523 -0.58176119  0.94403796  0.79300293]] ev:{} outputs y:6.535837909899975 (n:-0.007137667095340516) c:1.0
num acquisition: 204, time elapsed: 53.73s
f inputs x:[[ 0.99063061  0.27034378  0.42220158 -0.43547978]] ev:{} outputs y:7.361587201344293 (n:0.0019253687390982032) c:1.0
num acquisition: 205, time elapsed: 54.25s
f inputs x:[[ 0.16339944  0.00578903  0.01974256 -0.00804383]] ev:{} outputs y:1.5187577004800779 (n:0.006353618359928469) c:1.0
num acquisition: 206, time elapsed: 54.79s
f inputs x:[[-0.16483605 -0.53585724 -0.52122153 -0.47308291]] ev:{} outputs y:7.021628144821069 (n:0.001576564681791884) c:1.0
num acquisition: 207, time elapsed: 55.24s
f inputs x:[[ 0.16353508  0.00477724  0.01950081 -0.00852255]] ev:{} outputs y:1.5262264179584482 (n:0.002798576169325562) c:1.0
num acquisition: 208, time elapsed: 55.79s
f inputs x:[[-0.74355858  0.99544482 -0.24865004  0.40528485]] ev:{} outputs y:7.70521177296794 (n:-0.0035383294520400193) c:1.0
num acquisition: 209, time elapsed: 56.20s
f inputs x:[[-0.58972078 -0.97801578 -0.28077809 -0.20231194]] ev:{} outputs y:8.12449181790865 (n:0.00028983149403093427) c:1.0
num acquisition: 210, time elapsed: 56.61s
f inputs x:[[-0.30143358  0.97375902 -0.07333208 -0.99482511]] ev:{} outputs y:7.787656031367863 (n:0.006970063030683209) c:1.0
num acquisition: 211, time elapsed: 57.04s
f inputs x:[[ 0.98615599 -0.80588688  0.97385331 -0.73379501]] ev:{} outputs y:8.757886530026672 (n:0.0017284882006022412) c:1.0
num acquisition: 212, time elapsed: 57.52s
f inputs x:[[ 0.23058119  0.07043278 -0.55475727  0.99726318]] ev:{} outputs y:5.286264373191609 (n:0.0003541534151890562) c:1.0
num acquisition: 213, time elapsed: 57.95s
f inputs x:[[ 0.26364395 -0.77025355 -0.41389828  0.19728007]] ev:{} outputs y:7.293053066847354 (n:-0.009067406912866454) c:1.0
num acquisition: 214, time elapsed: 58.44s
f inputs x:[[0.24018991 0.67795986 0.99670425 0.97873499]] ev:{} outputs y:6.4093006546652616 (n:0.0077862982745112545) c:1.0
num acquisition: 215, time elapsed: 58.93s
f inputs x:[[ 0.90202509 -0.37563349 -0.622283    0.62242682]] ev:{} outputs y:7.65843493185815 (n:-0.0004664405954995269) c:1.0
num acquisition: 216, time elapsed: 59.45s
f inputs x:[[ 0.16184208  0.00759198  0.021332   -0.01117167]] ev:{} outputs y:1.501671505933542 (n:0.00421163506801713) c:1.0
num acquisition: 217, time elapsed: 60.13s
f inputs x:[[ 0.03134529 -0.2168916  -0.22727563  0.22693498]] ev:{} outputs y:4.335730718273771 (n:0.0011926636980730404) c:1.0
num acquisition: 218, time elapsed: 60.63s
f inputs x:[[ 0.2404917   0.23687165 -0.01913944 -0.21385044]] ev:{} outputs y:3.563945193404832 (n:-0.0010045643335381935) c:1.0
num acquisition: 219, time elapsed: 61.11s
f inputs x:[[-0.87696462 -0.39733546  0.28112622  0.12084366]] ev:{} outputs y:7.4074889395864005 (n:0.0017195118767359145) c:1.0
num acquisition: 220, time elapsed: 61.61s
f inputs x:[[ 0.46002471  0.52490832 -0.96093011  0.5456707 ]] ev:{} outputs y:7.458379666900084 (n:-0.008008087687535251) c:1.0
num acquisition: 221, time elapsed: 62.13s
f inputs x:[[ 0.13059024  0.91882661 -0.40561926  0.58693775]] ev:{} outputs y:7.729499286694901 (n:0.0016290231482152322) c:1.0
num acquisition: 222, time elapsed: 62.61s
f inputs x:[[-0.08571605 -0.28529026  0.97947453  0.33009549]] ev:{} outputs y:7.271452298965492 (n:-0.002081630489120965) c:1.0
num acquisition: 223, time elapsed: 63.12s
f inputs x:[[-0.30122121 -0.43727394  0.2084695   0.60729165]] ev:{} outputs y:5.700050493137358 (n:0.005936944638094204) c:1.0
num acquisition: 224, time elapsed: 63.65s
f inputs x:[[-0.37984884  0.02363963  0.01453245 -0.08924703]] ev:{} outputs y:3.704256290101708 (n:0.004073590897444692) c:1.0
num acquisition: 225, time elapsed: 64.11s
f inputs x:[[-0.97708494  0.437209   -0.50410208 -0.98336299]] ev:{} outputs y:7.724092158624782 (n:-0.0014913176369391748) c:1.0
num acquisition: 226, time elapsed: 64.65s
f inputs x:[[0.69091029 0.56144705 0.29913234 0.11866162]] ev:{} outputs y:4.838515292850282 (n:0.0015667616637820175) c:1.0
num acquisition: 227, time elapsed: 65.22s
f inputs x:[[ 0.40436113 -0.37888877 -0.9602292   0.82218397]] ev:{} outputs y:7.218264390841868 (n:0.0006546747351553835) c:1.0
num acquisition: 228, time elapsed: 65.72s
f inputs x:[[ 0.16073262  0.00663846  0.03347696 -0.00795169]] ev:{} outputs y:1.537753972073065 (n:-0.00984334437836597) c:1.0
num acquisition: 229, time elapsed: 66.40s
f inputs x:[[-0.9438463   0.48397518  0.47081554 -0.98890604]] ev:{} outputs y:7.404946037940911 (n:0.004620777689329958) c:1.0
num acquisition: 230, time elapsed: 67.06s
f inputs x:[[ 0.5905788   0.49575059  0.27710017 -0.83600272]] ev:{} outputs y:6.126693006915463 (n:0.0030454640264097562) c:1.0
num acquisition: 231, time elapsed: 67.62s
f inputs x:[[ 0.83796821  0.98928914 -0.20791128 -0.99493717]] ev:{} outputs y:7.871242874803986 (n:-0.005094912928644058) c:1.0
num acquisition: 232, time elapsed: 68.25s
f inputs x:[[-0.44527606 -0.98755927 -0.38593005  0.9981513 ]] ev:{} outputs y:8.130649780487607 (n:-0.005428154728699868) c:1.0
num acquisition: 233, time elapsed: 68.77s
f inputs x:[[ 0.16080392  0.00527711  0.03400759 -0.00793296]] ev:{} outputs y:1.5684955712249198 (n:0.005029643870991214) c:1.0
num acquisition: 234, time elapsed: 69.49s
f inputs x:[[-0.51950685  0.39451992  0.90971703 -0.16784519]] ev:{} outputs y:7.385742849504327 (n:-0.0034227872532192213) c:1.0
num acquisition: 235, time elapsed: 70.07s
f inputs x:[[-0.97110962  0.97743998  0.61566574 -0.44466846]] ev:{} outputs y:7.48072238442035 (n:0.0007693848851011035) c:1.0
num acquisition: 236, time elapsed: 70.65s
f inputs x:[[ 0.9210646   0.94398738  0.99993572 -0.65757782]] ev:{} outputs y:8.199475298855461 (n:0.00440952906327482) c:1.0
num acquisition: 237, time elapsed: 71.33s
f inputs x:[[ 0.53063807 -0.99303882 -0.29944555 -0.61655026]] ev:{} outputs y:8.184910566072293 (n:0.00444846064871345) c:1.0
num acquisition: 238, time elapsed: 71.91s
f inputs x:[[ 0.16047222  0.00475196  0.03407209 -0.00831807]] ev:{} outputs y:1.566632829719329 (n:-0.0011640833518497368) c:1.0
num acquisition: 239, time elapsed: 72.76s
f inputs x:[[-0.43816032 -0.26751848  0.87973529 -0.97860247]] ev:{} outputs y:8.059294441973007 (n:-0.0030589375458411954) c:1.0
num acquisition: 240, time elapsed: 73.41s
f inputs x:[[-0.71459641 -0.28299616  0.94482028 -0.29999636]] ev:{} outputs y:7.989353677316031 (n:0.014659727019099579) c:1.0
num acquisition: 241, time elapsed: 74.14s
f inputs x:[[ 0.54669287  0.98765383  0.54955486 -0.39354167]] ev:{} outputs y:7.220504727128351 (n:-0.002420152749603714) c:1.0
num acquisition: 242, time elapsed: 74.70s
f inputs x:[[-0.71308254 -0.11126909  0.6052577   0.96349326]] ev:{} outputs y:6.594301272915185 (n:0.0067589875760241894) c:1.0
num acquisition: 243, time elapsed: 75.28s
f inputs x:[[ 0.59856564 -0.01516001  0.13061966  0.6205119 ]] ev:{} outputs y:5.960560354099576 (n:-0.002568314115148623) c:1.0
num acquisition: 244, time elapsed: 75.89s
f inputs x:[[ 0.49333792  0.45887059 -0.98663928 -0.33690853]] ev:{} outputs y:8.041151781450182 (n:-0.008309753160335645) c:1.0
num acquisition: 245, time elapsed: 76.53s
[ 0.21316259  0.09792208  0.01181959 -0.01435209]
