INFO:GP:initializing Y
INFO:GP:initializing inference method
INFO:GP:adding kernel and likelihood as parameters
removed robo import in opts.py l17 due to theano errors
f inputs x:[[-0.00235536  0.69602439 -0.2502576   0.78008387]] ev:{} outputs y:6.947426323496597 (n:0.0069187841177165005) c:1.0
f inputs x:[[ 0.08515106 -0.5473617   0.88171408  0.87984026]] ev:{} outputs y:5.943271654073363 (n:-0.003124006828116473) c:1.0
f inputs x:[[-0.63458348 -0.5933441  -0.08374411  0.1094935 ]] ev:{} outputs y:7.037009070771898 (n:0.005764271379968897) c:1.0
f inputs x:[[ 0.1765506  -0.87964194  0.49536794 -0.29097451]] ev:{} outputs y:7.040618793309479 (n:-0.0020365154203288395) c:1.0
f inputs x:[[ 0.11942895 -0.79398968 -0.22908966 -0.46412151]] ev:{} outputs y:7.2508340564893885 (n:0.0057562360548497615) c:1.0
f inputs x:[[ 0.32770718 -0.52394441  1.          1.        ]] ev:{} outputs y:6.658654204117661 (n:-0.00019111965006917285) c:1.0
num acquisition: 1, time elapsed: 0.18s
f inputs x:[[ 0.05346929 -0.5488118   0.87612649  0.8782121 ]] ev:{} outputs y:5.9088869205221775 (n:0.006022747839307356) c:1.0
num acquisition: 2, time elapsed: 0.33s
f inputs x:[[ 0.00695564 -0.56288831  0.77511617  0.74874048]] ev:{} outputs y:5.495518083122753 (n:-0.0012399249869438325) c:1.0
num acquisition: 3, time elapsed: 0.52s
f inputs x:[[ 0.00397189 -0.55554098  0.65744359  0.62167958]] ev:{} outputs y:5.115385224363238 (n:0.006202491176638657) c:1.0
num acquisition: 4, time elapsed: 0.67s
f inputs x:[[ 0.03879797 -0.43774289  0.48840006  0.58873303]] ev:{} outputs y:4.5553860289724275 (n:0.0012376853821454256) c:1.0
num acquisition: 5, time elapsed: 0.89s
f inputs x:[[ 0.12746927 -0.33088893  0.31213018  0.67313767]] ev:{} outputs y:5.061519675571586 (n:0.0025000388703660253) c:1.0
num acquisition: 6, time elapsed: 1.05s
f inputs x:[[-0.01048877 -0.26307474  0.54454796  0.49435127]] ev:{} outputs y:4.666733937614845 (n:-0.005233646709120583) c:1.0
num acquisition: 7, time elapsed: 1.31s
f inputs x:[[-0.12210606 -0.37941261  0.44048857  0.60146665]] ev:{} outputs y:4.629419586456166 (n:-0.0013183357306373927) c:1.0
num acquisition: 8, time elapsed: 1.53s
f inputs x:[[ 1.  1.  1. -1.]] ev:{} outputs y:8.475990035984598 (n:-0.005006905415608627) c:1.0
num acquisition: 9, time elapsed: 1.66s
f inputs x:[[-1.  1. -1. -1.]] ev:{} outputs y:9.016604703886914 (n:-0.0043427090070159245) c:1.0
num acquisition: 10, time elapsed: 1.80s
f inputs x:[[-1.  1.  1.  1.]] ev:{} outputs y:7.2468799639912485 (n:0.006607996890218641) c:1.0
num acquisition: 11, time elapsed: 1.96s
f inputs x:[[ 0.0110966  -0.41682185  0.40438473  0.44984054]] ev:{} outputs y:4.43685390181051 (n:-0.004749457897306269) c:1.0
num acquisition: 12, time elapsed: 2.12s
f inputs x:[[ 1. -1. -1.  1.]] ev:{} outputs y:9.020186304903653 (n:-0.0007611079902778117) c:1.0
num acquisition: 13, time elapsed: 2.25s
f inputs x:[[ 1.  1. -1. -1.]] ev:{} outputs y:9.022829646589518 (n:0.0028727401928892527) c:1.0
num acquisition: 14, time elapsed: 2.39s
f inputs x:[[1. 1. 1. 1.]] ev:{} outputs y:7.2432330689354725 (n:0.008853045311925725) c:1.0
num acquisition: 15, time elapsed: 2.53s
f inputs x:[[-1.          0.24186943  1.         -1.        ]] ev:{} outputs y:8.625025368612834 (n:-0.005756066645619349) c:1.0
num acquisition: 16, time elapsed: 2.71s
f inputs x:[[-1.  1. -1.  1.]] ev:{} outputs y:8.490737971872013 (n:0.00634920862096556) c:1.0
num acquisition: 17, time elapsed: 2.90s
f inputs x:[[-1.         -1.          0.46587772  1.        ]] ev:{} outputs y:8.533236499941205 (n:-0.0028817584169920653) c:1.0
num acquisition: 18, time elapsed: 3.14s
f inputs x:[[ 0.24107774 -0.38724791  0.42450059  0.31750426]] ev:{} outputs y:4.775038348530915 (n:-0.0031421053556691353) c:1.0
num acquisition: 19, time elapsed: 3.35s
f inputs x:[[ 1. -1. -1. -1.]] ev:{} outputs y:9.363726757543288 (n:-0.0045217986068615415) c:1.0
num acquisition: 20, time elapsed: 3.52s
f inputs x:[[-0.02387335 -0.2165005   0.28398136  0.19805393]] ev:{} outputs y:3.6784644583897856 (n:0.0019885730396513417) c:1.0
num acquisition: 21, time elapsed: 3.69s
f inputs x:[[-0.03906036 -0.03687631  0.20902776  0.03062422]] ev:{} outputs y:3.166804979153673 (n:0.004910343640642192) c:1.0
num acquisition: 22, time elapsed: 3.89s
f inputs x:[[-0.02374199  0.05453865  0.30858443 -0.13431261]] ev:{} outputs y:4.474732809232499 (n:-0.0036191454483991987) c:1.0
num acquisition: 23, time elapsed: 4.12s
f inputs x:[[-0.05089563 -0.00418232  0.03408186  0.10504445]] ev:{} outputs y:2.1960164164510316 (n:-0.0063753841274612425) c:1.0
num acquisition: 24, time elapsed: 4.39s
f inputs x:[[-0.03805343  0.04620368 -0.14407207  0.09048159]] ev:{} outputs y:2.749902716503038 (n:-0.0006073592132179136) c:1.0
num acquisition: 25, time elapsed: 4.58s
f inputs x:[[-0.1426576   0.07196321  0.03932446  0.2056096 ]] ev:{} outputs y:3.092690596429492 (n:-0.005695744474851352) c:1.0
num acquisition: 26, time elapsed: 4.82s
f inputs x:[[ 0.06271483 -0.06516294 -0.00525533  0.1064275 ]] ev:{} outputs y:2.4046572322672444 (n:-0.006054916363686593) c:1.0
num acquisition: 27, time elapsed: 5.08s
f inputs x:[[ 0.00449183 -0.05165326 -0.02051843  0.07658137]] ev:{} outputs y:2.100393596040095 (n:0.008649536950985928) c:1.0
num acquisition: 28, time elapsed: 5.35s
f inputs x:[[-0.08454004 -0.09016141 -0.02219354  0.03585771]] ev:{} outputs y:2.361538550620305 (n:-0.0013208469040454282) c:1.0
num acquisition: 29, time elapsed: 5.67s
f inputs x:[[ 0.00042226 -0.05770553 -0.02169733  0.05094833]] ev:{} outputs y:1.9653100712868137 (n:0.0016807278892774374) c:1.0
num acquisition: 30, time elapsed: 5.81s
f inputs x:[[ 0.02736005 -0.06078568 -0.03839675  0.0071145 ]] ev:{} outputs y:1.9314512736537839 (n:0.008506610694851953) c:1.0
num acquisition: 31, time elapsed: 6.01s
f inputs x:[[ 0.06495595 -0.04449553 -0.0590772  -0.05810557]] ev:{} outputs y:2.169770912089032 (n:-0.00959603059730897) c:1.0
num acquisition: 32, time elapsed: 6.23s
f inputs x:[[ 1. -1.  1. -1.]] ev:{} outputs y:9.022414851675782 (n:0.0024579452791540757) c:1.0
num acquisition: 33, time elapsed: 6.37s
f inputs x:[[ 0.03163065 -0.07249663 -0.04344709 -0.00063354]] ev:{} outputs y:2.068705960071763 (n:-0.004645057817982173) c:1.0
num acquisition: 34, time elapsed: 6.56s
f inputs x:[[ 1.  1. -1.  1.]] ev:{} outputs y:8.487165453755663 (n:0.004471163373791747) c:1.0
num acquisition: 35, time elapsed: 6.72s
f inputs x:[[ 0.027229   -0.06357157 -0.03729165 -0.0011422 ]] ev:{} outputs y:1.9441867862527102 (n:0.0008346849164319567) c:1.0
num acquisition: 36, time elapsed: 6.88s
f inputs x:[[ 0.02508113 -0.05873735 -0.03385872 -0.00624751]] ev:{} outputs y:1.883110280220781 (n:0.004690686504450097) c:1.0
num acquisition: 37, time elapsed: 7.12s
f inputs x:[[ 0.0109029   0.05328928 -0.00546232 -0.01771801]] ev:{} outputs y:1.6330335920825447 (n:-0.003654858725458458) c:1.0
num acquisition: 38, time elapsed: 7.38s
f inputs x:[[-1. -1. -1. -1.]] ev:{} outputs y:9.371610574246732 (n:0.002662724692122601) c:1.0
num acquisition: 39, time elapsed: 7.50s
f inputs x:[[-1. -1. -1.  1.]] ev:{} outputs y:9.023292632222399 (n:0.0013556929635368052) c:1.0
num acquisition: 40, time elapsed: 7.65s
f inputs x:[[-0.52979391  0.33773587 -0.13810661 -0.18999589]] ev:{} outputs y:4.702255573801633 (n:-0.0039025685256797115) c:1.0
num acquisition: 41, time elapsed: 7.83s
f inputs x:[[-1. -1.  1. -1.]] ev:{} outputs y:9.015924818735991 (n:-0.005022594157938503) c:1.0
num acquisition: 42, time elapsed: 8.00s
f inputs x:[[1.         0.23162628 0.14584043 0.06763146]] ev:{} outputs y:7.235478449150321 (n:0.0002611201978867419) c:1.0
num acquisition: 43, time elapsed: 8.15s
f inputs x:[[ 1.         -1.          0.45538054  1.        ]] ev:{} outputs y:8.543207521572812 (n:0.004114244195046297) c:1.0
num acquisition: 44, time elapsed: 8.31s
f inputs x:[[-1.          1.          0.30263657 -0.0242344 ]] ev:{} outputs y:7.481709442007807 (n:0.003697940744384657) c:1.0
num acquisition: 45, time elapsed: 8.48s
f inputs x:[[-0.04026327  0.40811979 -0.12685425 -1.        ]] ev:{} outputs y:6.408098203090171 (n:-0.008472676682001426) c:1.0
num acquisition: 46, time elapsed: 8.64s
f inputs x:[[0.06455521 1.         1.         0.14721463]] ev:{} outputs y:7.788638953161523 (n:0.00862467982682959) c:1.0
num acquisition: 47, time elapsed: 8.77s
f inputs x:[[-1.          0.20900606  0.14786201  1.        ]] ev:{} outputs y:7.5075978079073264 (n:0.00446492297858732) c:1.0
num acquisition: 48, time elapsed: 8.93s
f inputs x:[[-0.08867755  0.5424332  -1.         -0.14276282]] ev:{} outputs y:8.080901396303233 (n:0.004341402268753567) c:1.0
num acquisition: 49, time elapsed: 9.08s
f inputs x:[[-1.          0.0070952  -0.18882498 -1.        ]] ev:{} outputs y:7.720728800646338 (n:-0.001562279238936302) c:1.0
num acquisition: 50, time elapsed: 9.22s
f inputs x:[[-1.         -0.14445279  1.          0.30229607]] ev:{} outputs y:8.225823734532188 (n:0.011964870464513961) c:1.0
num acquisition: 51, time elapsed: 9.39s
f inputs x:[[ 1.          0.01798054  0.05050503 -1.        ]] ev:{} outputs y:7.670795382343701 (n:-0.005752314268711786) c:1.0
num acquisition: 52, time elapsed: 9.58s
f inputs x:[[-0.02674212  0.04511804 -0.0102478  -0.03613997]] ev:{} outputs y:1.6841835479726246 (n:-0.005818847362856993) c:1.0
num acquisition: 53, time elapsed: 9.96s
f inputs x:[[-0.00804844  0.37024098 -0.02130764 -0.07151675]] ev:{} outputs y:4.617975089972709 (n:0.0018569558684868594) c:1.0
num acquisition: 54, time elapsed: 10.17s
f inputs x:[[-0.22850618  1.          1.         -1.        ]] ev:{} outputs y:8.45170751304693 (n:-0.0030082910154778505) c:1.0
num acquisition: 55, time elapsed: 10.37s
f inputs x:[[-1.          0.15284868 -0.59712862  0.1189397 ]] ev:{} outputs y:7.5122567410666035 (n:-0.01249102208159486) c:1.0
num acquisition: 56, time elapsed: 10.55s
f inputs x:[[ 1.         -0.17779733  1.          0.17113536]] ev:{} outputs y:8.278949241921957 (n:0.003225903310387389) c:1.0
num acquisition: 57, time elapsed: 10.74s
f inputs x:[[-0.02028481  0.4103995   1.          1.        ]] ev:{} outputs y:6.57033304945441 (n:-0.0008350581108895128) c:1.0
num acquisition: 58, time elapsed: 10.94s
f inputs x:[[1.         1.         0.07197901 1.        ]] ev:{} outputs y:7.823916043888798 (n:-0.0052747214336206815) c:1.0
num acquisition: 59, time elapsed: 11.09s
f inputs x:[[ 1.         -0.00816064 -1.          0.09818694]] ev:{} outputs y:8.232624387269611 (n:-0.010082445850127153) c:1.0
num acquisition: 60, time elapsed: 11.26s
f inputs x:[[-0.05020514 -0.06009189 -1.          1.        ]] ev:{} outputs y:6.8055349956000395 (n:0.0021708089985077728) c:1.0
num acquisition: 61, time elapsed: 11.46s
f inputs x:[[-0.01621405 -1.         -0.00519475  1.        ]] ev:{} outputs y:7.876321637937478 (n:0.005468434307194299) c:1.0
num acquisition: 62, time elapsed: 11.62s
f inputs x:[[-0.01366271 -0.12106332 -1.         -1.        ]] ev:{} outputs y:8.38359760907667 (n:0.0032064810263260695) c:1.0
num acquisition: 63, time elapsed: 11.82s
f inputs x:[[ 0.16783357 -0.16149476  1.         -1.        ]] ev:{} outputs y:8.361495660099973 (n:-0.004155009628513498) c:1.0
num acquisition: 64, time elapsed: 12.06s
f inputs x:[[ 0.01314724  0.00690724 -0.00022424 -0.00412888]] ev:{} outputs y:1.3707294013808755 (n:-0.0016960293872667121) c:1.0
num acquisition: 65, time elapsed: 12.37s
f inputs x:[[ 0.00308817  0.02386809 -0.00054783 -0.02902005]] ev:{} outputs y:1.4946627307457498 (n:-0.006586504845214957) c:1.0
num acquisition: 66, time elapsed: 12.75s
f inputs x:[[ 0.0134472   0.02200151  0.00974255 -0.02192576]] ev:{} outputs y:1.4417113065663036 (n:-0.005604602177446809) c:1.0
num acquisition: 67, time elapsed: 13.03s
f inputs x:[[ 0.31679483 -0.05302757  0.12442773 -0.02024385]] ev:{} outputs y:3.6382147043538806 (n:0.0009685466357956039) c:1.0
num acquisition: 68, time elapsed: 13.27s
f inputs x:[[-0.49964556  0.07286255  0.08499926  0.068627  ]] ev:{} outputs y:4.502656213388816 (n:-0.0041979651840729675) c:1.0
num acquisition: 69, time elapsed: 13.46s
f inputs x:[[-0.01210697 -1.         -1.          0.14166725]] ev:{} outputs y:8.672379194580664 (n:-0.0037309437706492692) c:1.0
num acquisition: 70, time elapsed: 13.65s
f inputs x:[[-0.18487189  1.         -0.12506994 -0.41666502]] ev:{} outputs y:7.799304536930907 (n:0.002243996302496697) c:1.0
num acquisition: 71, time elapsed: 13.83s
f inputs x:[[-0.23537488  1.          0.42239609  1.        ]] ev:{} outputs y:7.388859249897646 (n:0.0040892004332342) c:1.0
num acquisition: 72, time elapsed: 14.03s
f inputs x:[[ 0.01837919  0.0216999   0.01417019 -0.02275951]] ev:{} outputs y:1.446929269715257 (n:-0.003623466461732582) c:1.0
num acquisition: 73, time elapsed: 14.38s
f inputs x:[[-0.36644671 -1.          1.          0.16343688]] ev:{} outputs y:7.880230181891687 (n:-0.0008024345135154945) c:1.0
num acquisition: 74, time elapsed: 14.57s
f inputs x:[[ 1.         -1.         -0.03988688 -0.07627719]] ev:{} outputs y:8.653322886945764 (n:-0.0019367044034213669) c:1.0
num acquisition: 75, time elapsed: 14.75s
f inputs x:[[-0.38768665  0.40272244 -0.1707149   0.27329841]] ev:{} outputs y:4.910688685398444 (n:0.005027362806637419) c:1.0
num acquisition: 76, time elapsed: 14.96s
f inputs x:[[ 1.          1.         -0.04713903 -0.27794641]] ev:{} outputs y:7.764041341796763 (n:0.006276830164147627) c:1.0
num acquisition: 77, time elapsed: 15.16s
f inputs x:[[ 1.         -0.02073759 -0.1544765   1.        ]] ev:{} outputs y:7.681546558813644 (n:-0.009883270464946761) c:1.0
num acquisition: 78, time elapsed: 15.34s
f inputs x:[[-0.37556376 -0.10488957  0.01993735 -0.41814014]] ev:{} outputs y:4.983498644833022 (n:0.005536936796860748) c:1.0
num acquisition: 79, time elapsed: 15.57s
f inputs x:[[-0.42598425 -1.          0.07716483 -1.        ]] ev:{} outputs y:7.962093575868753 (n:0.002648208464089408) c:1.0
num acquisition: 80, time elapsed: 15.77s
f inputs x:[[-1.          1.          0.17355065 -1.        ]] ev:{} outputs y:7.787135925982042 (n:-0.003945485850546335) c:1.0
num acquisition: 81, time elapsed: 15.98s
f inputs x:[[1.         1.         1.         0.06929705]] ev:{} outputs y:7.863542128537342 (n:0.01273718966318275) c:1.0
num acquisition: 82, time elapsed: 16.22s
f inputs x:[[-0.00228459  1.         -1.          1.        ]] ev:{} outputs y:8.476666260839592 (n:0.0025648400799548193) c:1.0
num acquisition: 83, time elapsed: 16.45s
f inputs x:[[0.23000538 0.28459353 0.2112956  0.41333422]] ev:{} outputs y:4.074615438050723 (n:-0.005141659529869046) c:1.0
num acquisition: 84, time elapsed: 16.65s
f inputs x:[[-0.18193586  0.22464624  0.25670457  0.68596296]] ev:{} outputs y:5.012150392795103 (n:-0.004636224984017812) c:1.0
num acquisition: 85, time elapsed: 16.83s
f inputs x:[[ 0.37473482  0.22450549 -0.18526281  0.25917552]] ev:{} outputs y:4.002780708839849 (n:-0.0007117348212733561) c:1.0
num acquisition: 86, time elapsed: 17.02s
f inputs x:[[0.38375946 0.23506979 0.38981423 1.        ]] ev:{} outputs y:5.457712823366544 (n:0.0010790342969732335) c:1.0
num acquisition: 87, time elapsed: 17.20s
f inputs x:[[ 0.20480469  0.11026168 -0.15877337  0.71703306]] ev:{} outputs y:5.319484361145047 (n:0.0023468620425679287) c:1.0
num acquisition: 88, time elapsed: 17.37s
f inputs x:[[0.38827409 0.7433446  0.03274226 0.29989265]] ev:{} outputs y:6.432614367145088 (n:-0.005256652891918389) c:1.0
num acquisition: 89, time elapsed: 17.60s
f inputs x:[[ 0.02231674  0.02639631  0.01274533 -0.02197176]] ev:{} outputs y:1.456373712342082 (n:0.0009153783598257986) c:1.0
num acquisition: 90, time elapsed: 17.84s
f inputs x:[[1.         0.13574062 1.         1.        ]] ev:{} outputs y:7.770808031107421 (n:-0.006774708402065268) c:1.0
num acquisition: 91, time elapsed: 18.06s
f inputs x:[[-1.          1.         -1.          0.02666921]] ev:{} outputs y:8.708477923892902 (n:-0.006200685255233642) c:1.0
num acquisition: 92, time elapsed: 18.22s
f inputs x:[[ 0.67335657 -1.          1.          0.2599297 ]] ev:{} outputs y:8.127177012163221 (n:0.0035491147707408344) c:1.0
num acquisition: 93, time elapsed: 18.41s
f inputs x:[[ 0.86039958  0.90582294 -0.97915329 -0.1868189 ]] ev:{} outputs y:8.53908416330051 (n:0.007255661438345716) c:1.0
num acquisition: 94, time elapsed: 18.54s
f inputs x:[[-0.66859326 -0.02693011  1.          1.        ]] ev:{} outputs y:7.146073260991059 (n:0.007053376012319406) c:1.0
num acquisition: 95, time elapsed: 18.68s
f inputs x:[[-0.64803906  0.19669772 -0.76121999  0.94169698]] ev:{} outputs y:6.252868597058382 (n:0.0002919071661857896) c:1.0
num acquisition: 96, time elapsed: 18.81s
f inputs x:[[-0.44732763 -0.33700271 -0.1859895   0.94523559]] ev:{} outputs y:6.459331945306852 (n:0.0017281399659997956) c:1.0
num acquisition: 97, time elapsed: 18.96s
f inputs x:[[-0.19840908  0.93302595 -0.96734149 -0.95995302]] ev:{} outputs y:8.856805041005158 (n:0.008868431689702538) c:1.0
num acquisition: 98, time elapsed: 19.09s
f inputs x:[[-0.98700498  0.90515029  0.95830215 -0.1482079 ]] ev:{} outputs y:7.795730461015968 (n:-0.009730743873396841) c:1.0
num acquisition: 99, time elapsed: 19.22s
f inputs x:[[ 0.16912619 -0.28382689  0.16960594 -0.92849305]] ev:{} outputs y:6.133389554658665 (n:-0.003192563056529393) c:1.0
num acquisition: 100, time elapsed: 19.37s
f inputs x:[[ 0.02696788 -0.01855118 -0.07733009 -0.0181474 ]] ev:{} outputs y:1.9979243966693903 (n:-0.0065071421739927564) c:1.0
num acquisition: 101, time elapsed: 19.61s
f inputs x:[[-0.89571898  0.89439211 -0.22369553  0.74902297]] ev:{} outputs y:7.525378157171738 (n:-0.011760253908778976) c:1.0
num acquisition: 102, time elapsed: 19.74s
f inputs x:[[-0.99257511  0.28871944  0.20993901 -0.06881059]] ev:{} outputs y:7.153931250797939 (n:0.0026153582492802188) c:1.0
num acquisition: 103, time elapsed: 19.90s
f inputs x:[[ 0.02797162  0.02128919  0.02020204 -0.01888394]] ev:{} outputs y:1.4336163952381442 (n:-0.002383752610206203) c:1.0
num acquisition: 104, time elapsed: 20.04s
f inputs x:[[ 0.43369966  0.56965954  0.25880778 -0.98233917]] ev:{} outputs y:6.415129778243892 (n:0.001218342233416596) c:1.0
num acquisition: 105, time elapsed: 20.19s
f inputs x:[[ 0.93607512  0.00621402 -0.98740594 -0.95573082]] ev:{} outputs y:8.600624295687627 (n:0.0030445189537651953) c:1.0
num acquisition: 106, time elapsed: 20.34s
f inputs x:[[-0.94398435 -0.53360736 -0.89034562  0.09078943]] ev:{} outputs y:8.350310046958542 (n:-0.004643081770131798) c:1.0
num acquisition: 107, time elapsed: 20.48s
f inputs x:[[-0.95441088 -0.96053309  0.61243456 -0.12192546]] ev:{} outputs y:8.39159414188041 (n:0.005696105332158591) c:1.0
num acquisition: 108, time elapsed: 20.62s
f inputs x:[[ 0.47903294  0.92543136 -0.29957975 -0.99521803]] ev:{} outputs y:7.800473520325221 (n:-0.0005924088108334513) c:1.0
num acquisition: 109, time elapsed: 20.75s
f inputs x:[[ 0.86704517  0.21867124  0.93982497 -0.84825881]] ev:{} outputs y:8.294266038000355 (n:0.001870973234647988) c:1.0
num acquisition: 110, time elapsed: 20.90s
f inputs x:[[0.37973623 0.22646588 0.89603239 0.46282085]] ev:{} outputs y:6.750973498353795 (n:0.0034848712281883303) c:1.0
num acquisition: 111, time elapsed: 21.04s
f inputs x:[[ 0.24034805 -0.98920864  0.8106254  -0.99112201]] ev:{} outputs y:8.136187274202221 (n:0.00077620502869474) c:1.0
num acquisition: 112, time elapsed: 21.23s
f inputs x:[[ 0.86624212 -0.97359827  0.0824032  -0.94107068]] ev:{} outputs y:8.4047447136779 (n:-0.004041528563488969) c:1.0
num acquisition: 113, time elapsed: 21.39s
f inputs x:[[-0.88172358  0.02763573 -0.96071328 -0.91719205]] ev:{} outputs y:8.469030115126179 (n:0.0053503412546413946) c:1.0
num acquisition: 114, time elapsed: 21.55s
f inputs x:[[ 0.03041123 -0.01471608 -0.07075174 -0.01729012]] ev:{} outputs y:1.9159679763867825 (n:-0.0025964314136615657) c:1.0
num acquisition: 115, time elapsed: 21.85s
f inputs x:[[ 0.03100898  0.0152659   0.02306113 -0.01485103]] ev:{} outputs y:1.4157392096046035 (n:0.00039794423868586915) c:1.0
num acquisition: 116, time elapsed: 22.07s
f inputs x:[[-0.37707257  0.03695999 -0.25405069 -0.04247406]] ev:{} outputs y:4.319698612801379 (n:0.0038011941863303816) c:1.0
num acquisition: 117, time elapsed: 22.29s
f inputs x:[[0.52881958 0.00975412 0.11759423 0.43995303]] ev:{} outputs y:5.3534191841928935 (n:-0.004700458501697805) c:1.0
num acquisition: 118, time elapsed: 22.56s
f inputs x:[[ 1.          0.04529534 -1.          1.        ]] ev:{} outputs y:7.85566678841823 (n:0.0008593417308844478) c:1.0
num acquisition: 119, time elapsed: 22.79s
f inputs x:[[-0.2677794  -0.75470038 -0.96811601  0.99248075]] ev:{} outputs y:7.875906186375228 (n:0.0006871202473505694) c:1.0
num acquisition: 120, time elapsed: 22.98s
f inputs x:[[0.19420303 0.07027642 0.01399787 0.01618766]] ev:{} outputs y:1.1692282750696965 (n:0.015411413727736849) c:1.0
num acquisition: 121, time elapsed: 23.13s
f inputs x:[[0.2165559  0.09692638 0.00311415 0.06665361]] ev:{} outputs y:1.594460740514846 (n:0.002970870778655927) c:1.0
num acquisition: 122, time elapsed: 23.60s
f inputs x:[[ 0.20987247  0.06847008 -0.00681369 -0.02075007]] ev:{} outputs y:1.2811053051234347 (n:0.0041045276225769) c:1.0
num acquisition: 123, time elapsed: 24.03s
f inputs x:[[-0.2376274   0.4424358   0.41007628  0.23291632]] ev:{} outputs y:3.968421051723195 (n:-0.007230504981525131) c:1.0
num acquisition: 124, time elapsed: 24.27s
f inputs x:[[0.17055973 0.04712877 0.01481628 0.00901031]] ev:{} outputs y:1.194698790631108 (n:-0.005226043197776753) c:1.0
num acquisition: 125, time elapsed: 24.60s
f inputs x:[[ 0.1941576   0.08592387  0.04425184 -0.00395734]] ev:{} outputs y:1.1909188335024177 (n:0.002071226029669813) c:1.0
num acquisition: 126, time elapsed: 25.10s
f inputs x:[[ 0.38958827  0.28748035  0.06591692 -0.09453437]] ev:{} outputs y:2.4128422934128455 (n:0.0010865307480748222) c:1.0
num acquisition: 127, time elapsed: 25.40s
f inputs x:[[ 0.30162333  0.40002361  0.34673573 -0.01911263]] ev:{} outputs y:3.918040467162055 (n:0.004048726890808606) c:1.0
num acquisition: 128, time elapsed: 25.66s
f inputs x:[[ 0.49949906  0.25187555 -0.23034751 -0.17345892]] ev:{} outputs y:4.785485782674046 (n:0.0031388974987044548) c:1.0
num acquisition: 129, time elapsed: 25.92s
f inputs x:[[-0.25336624  0.20902973  0.89200893  0.10919195]] ev:{} outputs y:7.121771225254208 (n:-0.006311713790810643) c:1.0
num acquisition: 130, time elapsed: 26.17s
f inputs x:[[ 0.36648247  0.34224064  0.17606404 -0.39216134]] ev:{} outputs y:4.518052876631548 (n:-0.006349214651491099) c:1.0
num acquisition: 131, time elapsed: 26.44s
f inputs x:[[-0.28893474  0.88809793  0.27332163  0.24777154]] ev:{} outputs y:6.883985810984143 (n:-0.0027633978421195697) c:1.0
num acquisition: 132, time elapsed: 26.70s
f inputs x:[[-0.06579332  0.11593002 -0.62066706  0.42472654]] ev:{} outputs y:5.498729532895084 (n:-0.0013021785152902005) c:1.0
num acquisition: 133, time elapsed: 26.95s
f inputs x:[[-0.37933015  0.40726304  0.33199186 -0.43206918]] ev:{} outputs y:5.255861843294221 (n:0.0029938271465909344) c:1.0
num acquisition: 134, time elapsed: 27.31s
f inputs x:[[ 1.         -1.         -1.          0.01711894]] ev:{} outputs y:9.17443503354668 (n:0.010779416033559261) c:1.0
num acquisition: 135, time elapsed: 27.57s
f inputs x:[[-0.35555322  0.06653012  0.33529915 -1.        ]] ev:{} outputs y:6.547319296651983 (n:-0.0034810751560900234) c:1.0
num acquisition: 136, time elapsed: 27.82s
f inputs x:[[ 5.85698775e-05 -1.00000000e+00 -1.00000000e+00 -1.00000000e+00]] ev:{} outputs y:9.015922775254328 (n:-1.729912269376866e-05) c:1.0
num acquisition: 137, time elapsed: 28.11s
f inputs x:[[-0.08052775 -0.08706685  0.5414883   1.        ]] ev:{} outputs y:5.254998060219173 (n:0.002963483373000181) c:1.0
num acquisition: 138, time elapsed: 28.36s
f inputs x:[[0.26678063 1.         1.         1.        ]] ev:{} outputs y:7.108477498647131 (n:-0.006938715983257218) c:1.0
num acquisition: 139, time elapsed: 28.63s
f inputs x:[[-0.36375528 -1.          1.          1.        ]] ev:{} outputs y:7.379827324960137 (n:-0.00621529489139337) c:1.0
num acquisition: 140, time elapsed: 28.91s
f inputs x:[[ 0.10776319  0.03786883 -0.01536168 -0.01405726]] ev:{} outputs y:1.3385599095843272 (n:-0.005469475689632463) c:1.0
num acquisition: 141, time elapsed: 29.24s
f inputs x:[[-0.61001123  0.58282973  0.81755345  0.44212287]] ev:{} outputs y:5.960206232304643 (n:0.003097715048706847) c:1.0
num acquisition: 142, time elapsed: 29.44s
f inputs x:[[-0.59817919  0.04356349 -0.97669454  0.43165168]] ev:{} outputs y:7.381332318561549 (n:0.00987900357998061) c:1.0
num acquisition: 143, time elapsed: 29.65s
f inputs x:[[-0.06379565 -0.97201976  0.39107703  0.34241416]] ev:{} outputs y:7.262686012267696 (n:0.008138300926322641) c:1.0
num acquisition: 144, time elapsed: 29.94s
f inputs x:[[ 0.3230089   0.96614844  0.33324667 -0.45954972]] ev:{} outputs y:7.305950724452032 (n:0.004387685559605762) c:1.0
num acquisition: 145, time elapsed: 30.17s
f inputs x:[[-0.39009043  0.23076611 -0.35668373  0.92109325]] ev:{} outputs y:5.646388116264963 (n:-0.0034235842977827537) c:1.0
num acquisition: 146, time elapsed: 30.42s
f inputs x:[[ 0.15836313  0.09795357  0.02899917 -0.01854672]] ev:{} outputs y:1.415999730206717 (n:0.005065036410450054) c:1.0
num acquisition: 147, time elapsed: 30.66s
f inputs x:[[ 0.11518565  0.04256688 -0.01587898 -0.01808991]] ev:{} outputs y:1.3492614905135234 (n:-0.008828784041004498) c:1.0
num acquisition: 148, time elapsed: 30.96s
f inputs x:[[ 0.11718239  0.04377744 -0.01668574 -0.01917342]] ev:{} outputs y:1.3628628775202682 (n:-0.0033100340328656155) c:1.0
num acquisition: 149, time elapsed: 31.39s
f inputs x:[[ 0.48997623  0.37330081 -0.62065693  0.49159676]] ev:{} outputs y:5.971445990629149 (n:-0.0036167758046375988) c:1.0
num acquisition: 150, time elapsed: 31.70s
f inputs x:[[-0.43497495  0.08801366  0.41626709  0.391331  ]] ev:{} outputs y:4.708701691192089 (n:0.0019950919403034987) c:1.0
num acquisition: 151, time elapsed: 32.05s
f inputs x:[[-0.31034467 -0.38349668  0.44302835 -0.07420851]] ev:{} outputs y:5.533234584284589 (n:0.00431097846769878) c:1.0
num acquisition: 152, time elapsed: 32.46s
f inputs x:[[ 0.11740636  0.0431316  -0.01856624 -0.02050794]] ev:{} outputs y:1.393614671323867 (n:0.012974685610486572) c:1.0
num acquisition: 153, time elapsed: 32.85s
f inputs x:[[-0.96922523 -0.85713312 -0.10409162 -0.5711223 ]] ev:{} outputs y:8.414761045194993 (n:0.0038198934046816788) c:1.0
num acquisition: 154, time elapsed: 33.10s
f inputs x:[[ 0.22899632  0.27349848 -0.03585809 -0.0184582 ]] ev:{} outputs y:3.3815468936216684 (n:0.0013320576708134477) c:1.0
num acquisition: 155, time elapsed: 33.33s
f inputs x:[[ 0.41719456 -0.25927359 -0.58802189  0.55017674]] ev:{} outputs y:5.991934780904189 (n:0.003999010472911474) c:1.0
num acquisition: 156, time elapsed: 33.63s
f inputs x:[[ 0.11418915  0.02716148 -0.01833859 -0.02061037]] ev:{} outputs y:1.3603924952256434 (n:-0.003389809624227834) c:1.0
num acquisition: 157, time elapsed: 33.99s
f inputs x:[[-1.         -0.22577668 -0.52061359  1.        ]] ev:{} outputs y:7.79512111147189 (n:-0.0013684822372889336) c:1.0
num acquisition: 158, time elapsed: 34.35s
f inputs x:[[ 0.14837665 -0.42465982  1.         -0.06479157]] ev:{} outputs y:7.665122623605905 (n:-0.0023861117213135573) c:1.0
num acquisition: 159, time elapsed: 34.62s
f inputs x:[[ 0.11575312  0.02710712 -0.01916884 -0.02160612]] ev:{} outputs y:1.3757931331329303 (n:0.003807971814126909) c:1.0
num acquisition: 160, time elapsed: 35.00s
f inputs x:[[0.03484154 0.51356667 0.5545693  0.53450263]] ev:{} outputs y:4.741850399915201 (n:-0.00604066127715825) c:1.0
num acquisition: 161, time elapsed: 35.35s
f inputs x:[[0.64904141 0.53399922 0.42871049 0.52892753]] ev:{} outputs y:4.199349965409617 (n:0.004731390526568205) c:1.0
num acquisition: 162, time elapsed: 35.67s
f inputs x:[[0.20767763 0.0690808  0.03252864 0.00155997]] ev:{} outputs y:1.1985662103409522 (n:0.0012353575554427945) c:1.0
num acquisition: 163, time elapsed: 36.18s
f inputs x:[[0.50352355 0.2939137  0.1727735  0.11245268]] ev:{} outputs y:3.175569318852397 (n:-0.0018330693249575317) c:1.0
num acquisition: 164, time elapsed: 36.49s
f inputs x:[[1.         1.         0.36530185 0.3916534 ]] ev:{} outputs y:7.408648311843932 (n:-0.00435922620138067) c:1.0
num acquisition: 165, time elapsed: 36.79s
f inputs x:[[0.44340928 0.75147257 0.36247264 1.        ]] ev:{} outputs y:6.286534175497581 (n:-0.0067684094818055585) c:1.0
num acquisition: 166, time elapsed: 37.11s
f inputs x:[[ 0.71513802  0.43754438 -0.01566454  0.61808588]] ev:{} outputs y:5.964644459246803 (n:0.0036608151617333056) c:1.0
num acquisition: 167, time elapsed: 37.42s
f inputs x:[[ 0.16390567 -0.29815817 -0.9919873  -0.05815533]] ev:{} outputs y:7.797230789268385 (n:-0.00535734520600134) c:1.0
num acquisition: 168, time elapsed: 37.67s
f inputs x:[[ 0.29833658  0.08248588 -0.55613316  1.        ]] ev:{} outputs y:5.31917942355591 (n:0.004669203133491227) c:1.0
num acquisition: 169, time elapsed: 37.93s
f inputs x:[[-0.98941018  0.93886507 -0.32963279 -0.36117169]] ev:{} outputs y:7.841693283777875 (n:-0.00018178122549807228) c:1.0
num acquisition: 170, time elapsed: 38.19s
f inputs x:[[ 0.35807454 -0.18356707 -0.29595633 -0.93263046]] ev:{} outputs y:6.498426952193629 (n:0.0008065871089805209) c:1.0
num acquisition: 171, time elapsed: 38.43s
f inputs x:[[-0.3913778  -0.31694523 -0.22982909 -0.9958267 ]] ev:{} outputs y:6.647287000879977 (n:0.0051546896585179785) c:1.0
num acquisition: 172, time elapsed: 38.69s
f inputs x:[[ 0.02961893 -0.31358986 -0.33895936  0.94120694]] ev:{} outputs y:5.95009475416038 (n:0.008239715441106443) c:1.0
num acquisition: 173, time elapsed: 38.96s
f inputs x:[[0.60017465 0.56000141 0.55081987 0.18004066]] ev:{} outputs y:4.6041007792753526 (n:0.003588033886770963) c:1.0
num acquisition: 174, time elapsed: 39.25s
f inputs x:[[ 0.66685625 -0.8884192  -0.25537808  0.96227924]] ev:{} outputs y:8.051471979318137 (n:0.0037276597497600144) c:1.0
num acquisition: 175, time elapsed: 39.52s
f inputs x:[[-0.50251568  0.33766062 -0.22206623 -0.71671261]] ev:{} outputs y:5.96427885668479 (n:0.0023897288651824155) c:1.0
num acquisition: 176, time elapsed: 39.79s
f inputs x:[[-0.6811348   0.62092092  0.5177639   0.99584876]] ev:{} outputs y:5.107810249164473 (n:-0.010240817059017726) c:1.0
num acquisition: 177, time elapsed: 40.10s
f inputs x:[[ 0.92284715  0.49687705  0.47230221 -0.33351987]] ev:{} outputs y:6.81589461555783 (n:-0.004990049820820428) c:1.0
num acquisition: 178, time elapsed: 40.40s
f inputs x:[[-0.63486287  0.58379583  0.33937232  0.3754366 ]] ev:{} outputs y:4.536968162467828 (n:0.004073966434372783) c:1.0
num acquisition: 179, time elapsed: 40.72s
f inputs x:[[-0.5596458  -0.53272948  0.97222651 -0.52050447]] ev:{} outputs y:8.072387247779563 (n:0.006497538440134367) c:1.0
num acquisition: 180, time elapsed: 41.06s
f inputs x:[[-0.9865639  -0.9943467  -0.09264326  0.39122056]] ev:{} outputs y:8.652659610592442 (n:0.003738086577547681) c:1.0
num acquisition: 181, time elapsed: 41.38s
f inputs x:[[-0.41778132  0.76990721  0.25304848 -0.9895037 ]] ev:{} outputs y:6.904859288840679 (n:0.006766372284897038) c:1.0
num acquisition: 182, time elapsed: 41.68s
f inputs x:[[-0.95666824  0.93478423  0.37826904  0.82375968]] ev:{} outputs y:7.1932647981385855 (n:-0.0030341770298157916) c:1.0
num acquisition: 183, time elapsed: 41.97s
f inputs x:[[-0.3648008   0.98938361  0.97472181  0.75776685]] ev:{} outputs y:7.139061196539478 (n:0.0013202983347975947) c:1.0
num acquisition: 184, time elapsed: 42.30s
f inputs x:[[-0.38277143  0.35100856  0.53599379  0.77259978]] ev:{} outputs y:3.976391891126082 (n:-0.00039984833581941466) c:1.0
num acquisition: 185, time elapsed: 42.57s
f inputs x:[[-0.99395972  0.44933687  0.98201808  0.81083281]] ev:{} outputs y:7.466024341842336 (n:-0.0038523401666117688) c:1.0
num acquisition: 186, time elapsed: 42.94s
f inputs x:[[-0.49091012 -0.21853138  0.34034044  0.96620592]] ev:{} outputs y:6.148175635385623 (n:0.0008801287256136465) c:1.0
num acquisition: 187, time elapsed: 43.25s
f inputs x:[[-0.64632475  0.01561345 -0.10809722  0.52425724]] ev:{} outputs y:6.026152671826711 (n:-0.00129512681793065) c:1.0
num acquisition: 188, time elapsed: 43.60s
f inputs x:[[ 0.10951285  0.93443413 -0.97881272  0.25415188]] ev:{} outputs y:8.475744962187848 (n:0.0006910143486975601) c:1.0
num acquisition: 189, time elapsed: 43.95s
f inputs x:[[ 0.76219527 -0.31834434  0.48244442  0.97735734]] ev:{} outputs y:6.996633208954851 (n:-0.0017266706849416824) c:1.0
num acquisition: 190, time elapsed: 44.30s
f inputs x:[[ 0.98544749  0.96495193  0.2168762  -0.91179915]] ev:{} outputs y:7.635071467421258 (n:0.001061243624940111) c:1.0
num acquisition: 191, time elapsed: 44.64s
f inputs x:[[0.97849292 0.44602476 0.68677746 0.37568652]] ev:{} outputs y:7.045148838447268 (n:0.0032781065274941523) c:1.0
num acquisition: 192, time elapsed: 44.94s
f inputs x:[[0.49130028 0.97990853 0.6040788  0.36018815]] ev:{} outputs y:6.854221531365107 (n:0.00578219062255329) c:1.0
num acquisition: 193, time elapsed: 45.28s
f inputs x:[[-0.38478398  0.45663616  0.13334262  0.90053179]] ev:{} outputs y:5.89051978256956 (n:-0.006549912992631044) c:1.0
num acquisition: 194, time elapsed: 45.63s
f inputs x:[[ 0.3886834   0.57925232  0.88374294 -0.39680622]] ev:{} outputs y:7.454024267870308 (n:0.003946214379659871) c:1.0
num acquisition: 195, time elapsed: 46.00s
f inputs x:[[ 0.18021986  0.05290763  0.02830293 -0.00032391]] ev:{} outputs y:1.2156561350698964 (n:-0.00028865514638781964) c:1.0
num acquisition: 196, time elapsed: 46.42s
f inputs x:[[0.39216694 0.17282249 0.00966608 0.00764761]] ev:{} outputs y:2.487896615561924 (n:0.0006573736811616359) c:1.0
num acquisition: 197, time elapsed: 46.76s
f inputs x:[[ 0.27608673  0.05518397 -0.99904676  0.44387458]] ev:{} outputs y:7.33193656157444 (n:0.009795325717860683) c:1.0
num acquisition: 198, time elapsed: 47.11s
f inputs x:[[ 0.99882176  0.67251019 -0.65298706  0.29678452]] ev:{} outputs y:7.5967483366836 (n:0.0053257503947567765) c:1.0
num acquisition: 199, time elapsed: 47.45s
f inputs x:[[-0.55528832  0.9820139   0.5181846  -0.4833337 ]] ev:{} outputs y:7.244802910635187 (n:0.003387863787806763) c:1.0
num acquisition: 200, time elapsed: 47.80s
f inputs x:[[ 0.21107747 -0.87166401 -0.16391531 -0.98403491]] ev:{} outputs y:7.6413467045841 (n:-0.005203606040543997) c:1.0
num acquisition: 201, time elapsed: 48.18s
f inputs x:[[-0.93925754 -0.47770092  0.32509296 -0.96978679]] ev:{} outputs y:7.9431763563540025 (n:0.005388274793773128) c:1.0
num acquisition: 202, time elapsed: 48.58s
f inputs x:[[ 0.67626661  0.53335445  0.11392423 -0.09836363]] ev:{} outputs y:5.1280686131725135 (n:0.00036549898451624155) c:1.0
num acquisition: 203, time elapsed: 48.96s
f inputs x:[[ 0.13355024  0.03238067 -0.00984416 -0.02199012]] ev:{} outputs y:1.309826328188321 (n:-0.002365424430554215) c:1.0
num acquisition: 204, time elapsed: 49.50s
f inputs x:[[ 2.56878214e-04  2.36226204e-01 -5.14040138e-03 -5.39975156e-01]] ev:{} outputs y:5.046652100150871 (n:0.0032712765875393753) c:1.0
num acquisition: 205, time elapsed: 49.88s
f inputs x:[[ 0.91439098 -0.10011903 -0.41961581 -0.40045137]] ev:{} outputs y:7.439359604936377 (n:-0.0041396272047613016) c:1.0
num acquisition: 206, time elapsed: 50.30s
f inputs x:[[-0.4441683   0.51309602  0.15394708 -0.02079696]] ev:{} outputs y:4.30724187079735 (n:-0.0017503378449691496) c:1.0
num acquisition: 207, time elapsed: 50.69s
f inputs x:[[-0.96281977  0.93861273  0.96245287 -0.98189914]] ev:{} outputs y:8.329611826243623 (n:-0.0065012051337400055) c:1.0
num acquisition: 208, time elapsed: 51.07s
f inputs x:[[ 0.17973315 -0.99569813 -0.23657352  0.28549147]] ev:{} outputs y:7.885872430276735 (n:0.0022123412289458237) c:1.0
num acquisition: 209, time elapsed: 51.45s
f inputs x:[[ 0.34414483 -0.86294812  0.48064562  0.9805488 ]] ev:{} outputs y:6.991843332518043 (n:0.0007638981254787893) c:1.0
num acquisition: 210, time elapsed: 51.87s
f inputs x:[[ 0.43185501 -0.37754483 -0.94325033  0.94670978]] ev:{} outputs y:7.105899955905528 (n:0.002539320278200101) c:1.0
num acquisition: 211, time elapsed: 52.30s
f inputs x:[[-0.47469547 -0.41816899 -0.59909552 -0.36116518]] ev:{} outputs y:7.111773218610595 (n:0.00010424162989692284) c:1.0
num acquisition: 212, time elapsed: 52.77s
f inputs x:[[ 0.13741851  0.0341118  -0.00704544 -0.00991114]] ev:{} outputs y:1.2502645527736718 (n:-0.0021069963178290225) c:1.0
num acquisition: 213, time elapsed: 53.29s
f inputs x:[[-0.99008105 -0.80898137  0.97403782  0.93631219]] ev:{} outputs y:8.259552707879672 (n:0.009739328319902863) c:1.0
num acquisition: 214, time elapsed: 53.73s
f inputs x:[[ 0.99134825 -0.73957321  0.73702576 -0.23860945]] ev:{} outputs y:8.30306022263902 (n:0.00574005866738071) c:1.0
num acquisition: 215, time elapsed: 54.15s
f inputs x:[[0.48397504 0.25443336 0.47345974 0.27455567]] ev:{} outputs y:4.4488825377398085 (n:-5.006607880208005e-05) c:1.0
num acquisition: 216, time elapsed: 54.57s
f inputs x:[[0.86257269 0.45771085 0.57866164 0.95589403]] ev:{} outputs y:6.25406115530313 (n:0.0035086513126010954) c:1.0
num acquisition: 217, time elapsed: 55.03s
f inputs x:[[ 0.87391148  0.4523929  -0.28995256 -0.97036257]] ev:{} outputs y:7.15805765270325 (n:0.002689505283167621) c:1.0
num acquisition: 218, time elapsed: 55.52s
f inputs x:[[ 0.46710672  0.5018541  -0.49768834  0.97462803]] ev:{} outputs y:6.262761869809902 (n:-0.007820145683864476) c:1.0
num acquisition: 219, time elapsed: 55.97s
f inputs x:[[ 0.13888689  0.03492428 -0.007338   -0.01038304]] ev:{} outputs y:1.2473664666702 (n:-0.005378364025209657) c:1.0
num acquisition: 220, time elapsed: 56.64s
f inputs x:[[-0.85169208  0.34314052  0.27766703 -0.75124026]] ev:{} outputs y:6.808008983213189 (n:0.0017743259747884685) c:1.0
num acquisition: 221, time elapsed: 57.18s
f inputs x:[[-0.22537113 -0.90922496  0.16309536 -0.18486706]] ev:{} outputs y:7.2827182901367955 (n:0.004630596116440106) c:1.0
num acquisition: 222, time elapsed: 57.60s
f inputs x:[[-0.11097265  0.19306849 -0.45892717 -0.46133212]] ev:{} outputs y:6.165070870657523 (n:0.00629274146563831) c:1.0
num acquisition: 223, time elapsed: 58.05s
f inputs x:[[-0.15890096  0.33542682 -0.7091823   0.99764216]] ev:{} outputs y:6.026903866258507 (n:0.0025654392517032733) c:1.0
num acquisition: 224, time elapsed: 58.53s
f inputs x:[[-0.85107291  0.30067761  0.49175032  0.6061926 ]] ev:{} outputs y:6.4585113129223535 (n:-0.002944761992415037) c:1.0
num acquisition: 225, time elapsed: 59.04s
f inputs x:[[-0.9887329  -0.0344508  -0.31189698 -0.36272833]] ev:{} outputs y:7.561623031956957 (n:-0.002354879590152717) c:1.0
num acquisition: 226, time elapsed: 59.57s
f inputs x:[[ 0.14128995  0.03709882 -0.00335948 -0.00767617]] ev:{} outputs y:1.2317276726609088 (n:0.0022296500228195094) c:1.0
num acquisition: 227, time elapsed: 60.32s
f inputs x:[[-0.06588005  0.40747454  0.49298447  0.99321995]] ev:{} outputs y:5.198990552162037 (n:-0.003560062123874067) c:1.0
num acquisition: 228, time elapsed: 60.80s
f inputs x:[[-0.26037713 -0.28723709 -0.47746693  0.37307925]] ev:{} outputs y:5.577861070067012 (n:-0.0014737825000287535) c:1.0
num acquisition: 229, time elapsed: 61.31s
f inputs x:[[-0.26420818 -0.47538701  0.26266105 -0.63591426]] ev:{} outputs y:6.084669106908032 (n:0.002406672169924397) c:1.0
num acquisition: 230, time elapsed: 61.92s
f inputs x:[[ 0.14250329  0.03729896 -0.00366392 -0.00812993]] ev:{} outputs y:1.227961815448146 (n:-0.002563179627932078) c:1.0
num acquisition: 231, time elapsed: 62.60s
f inputs x:[[ 0.94032667 -0.61278347  0.98466625  0.72520402]] ev:{} outputs y:8.061684028024827 (n:0.004104003089883416) c:1.0
num acquisition: 232, time elapsed: 63.21s
f inputs x:[[ 0.96237276 -0.43174072 -0.31634485  0.48886159]] ev:{} outputs y:7.846075817323454 (n:0.013835120614724644) c:1.0
num acquisition: 233, time elapsed: 63.84s
f inputs x:[[0.1959375  0.08852467 0.12274598 0.01050816]] ev:{} outputs y:2.029948238865906 (n:0.00459449662689839) c:1.0
num acquisition: 234, time elapsed: 64.49s
f inputs x:[[ 0.14265737  0.03607396 -0.00735362 -0.00928748]] ev:{} outputs y:1.2384382577740682 (n:-0.008997856635624272) c:1.0
num acquisition: 235, time elapsed: 65.23s
f inputs x:[[ 0.14353447  0.03711039 -0.00772685 -0.00970263]] ev:{} outputs y:1.2473770216636808 (n:-0.00027266300377038686) c:1.0
num acquisition: 236, time elapsed: 65.91s
f inputs x:[[-0.92220578  0.34582614 -0.9684116  -0.25836985]] ev:{} outputs y:8.13991284155465 (n:-0.0046622962078651225) c:1.0
num acquisition: 237, time elapsed: 66.47s
f inputs x:[[-0.22999513 -0.01512314  0.94360003  0.73341182]] ev:{} outputs y:6.782628281261501 (n:-0.0006715914434652363) c:1.0
num acquisition: 238, time elapsed: 66.96s
f inputs x:[[-0.13268215  0.3595466   0.97448415 -0.66763494]] ev:{} outputs y:8.04729012854347 (n:0.0012449588508880477) c:1.0
num acquisition: 239, time elapsed: 67.59s
f inputs x:[[-0.56408555  0.4071489   0.52935797  0.054416  ]] ev:{} outputs y:5.060002966441622 (n:-0.009274355541500754) c:1.0
num acquisition: 240, time elapsed: 68.32s
f inputs x:[[ 0.14424158  0.03896305 -0.00805765 -0.00994516]] ev:{} outputs y:1.2506296335028337 (n:0.004464463358636659) c:1.0
num acquisition: 241, time elapsed: 69.12s
f inputs x:[[-0.75736226 -0.96657955 -0.98061367 -0.22815167]] ev:{} outputs y:8.92068690194854 (n:-0.00022608343262023792) c:1.0
num acquisition: 242, time elapsed: 69.69s
f inputs x:[[ 0.47962943  0.08203149  0.03132653 -0.42165091]] ev:{} outputs y:4.952858868717887 (n:0.0006904473707989692) c:1.0
num acquisition: 243, time elapsed: 70.24s
f inputs x:[[-0.9716886  -0.13751257  0.83451106 -0.26643515]] ev:{} outputs y:8.085821116983956 (n:-0.009387980664181771) c:1.0
num acquisition: 244, time elapsed: 70.84s
f inputs x:[[ 0.34719726  0.4758506  -0.84674879 -0.89610665]] ev:{} outputs y:8.04174422307329 (n:0.003935413763848981) c:1.0
num acquisition: 245, time elapsed: 71.32s
[0.19420303 0.07027642 0.01399787 0.01618766]
