INFO:GP:initializing Y
INFO:GP:initializing inference method
INFO:GP:adding kernel and likelihood as parameters
removed robo import in opts.py l17 due to theano errors
f inputs x:[[-0.24767524  0.46994742]] ev:{} outputs y:4.292641443719147 (n:0.32240654630108573) c:1.0
f inputs x:[[ 0.86087278 -0.22830591]] ev:{} outputs y:8.126204657291549 (n:0.9713208478173521) c:1.0
f inputs x:[[0.12686101 0.79546094]] ev:{} outputs y:5.746122006061203 (n:0.24319994785889845) c:1.0
f inputs x:[[0.10155081 0.55291009]] ev:{} outputs y:5.609319278344953 (n:0.819809139684015) c:1.0
f inputs x:[[-0.43410561  0.97269298]] ev:{} outputs y:5.063828301859517 (n:0.06008878713580373) c:1.0
Using a model defined by the used.
Optimization restart 1/5, f = 5.804743093985046
Optimization restart 2/5, f = 5.804742908790473
Optimization restart 3/5, f = 5.804743067329618
Optimization restart 4/5, f = 5.804742844958832
Optimization restart 5/5, f = 5.804742862524051
f inputs x:[[-0.72176937  0.20400024]] ev:{} outputs y:4.798845883542097 (n:-0.9677648042992573) c:1.0
num acquisition: 1, time elapsed: 0.13s
Optimization restart 1/5, f = 7.077793610632021
Optimization restart 2/5, f = 7.077793611106651
Optimization restart 3/5, f = 7.077793611296251
Optimization restart 4/5, f = 7.077793627032266
Optimization restart 5/5, f = 7.077794600784259
f inputs x:[[-0.44107587  0.47692163]] ev:{} outputs y:2.8504288951278585 (n:0.875452310076392) c:1.0
num acquisition: 2, time elapsed: 0.23s
Optimization restart 1/5, f = 9.219772914687253
Optimization restart 2/5, f = 9.206126010389132
Optimization restart 3/5, f = 9.219762952144466
Optimization restart 4/5, f = 9.219771329100128
Optimization restart 5/5, f = 9.206126010427635
f inputs x:[[-0.53097537  0.52363292]] ev:{} outputs y:0.9483454692476684 (n:-0.9341747137520243) c:1.0
num acquisition: 3, time elapsed: 0.41s
Optimization restart 1/5, f = 10.518137875352712
Optimization restart 2/5, f = 10.518137875350934
Optimization restart 3/5, f = 11.351508265637392
Optimization restart 4/5, f = 11.35150826563697
Optimization restart 5/5, f = 10.518137875362246
f inputs x:[[-0.57665872  0.55285076]] ev:{} outputs y:3.1093523669743357 (n:0.5718377442605632) c:1.0
num acquisition: 4, time elapsed: 0.53s
Optimization restart 1/5, f = 11.708169135413897
Optimization restart 2/5, f = 11.708169135503251
Optimization restart 3/5, f = 11.708169135437242
Optimization restart 4/5, f = 11.708169135451978
Optimization restart 5/5, f = 11.708169135421006
f inputs x:[[-0.5283395   0.51730529]] ev:{} outputs y:1.7214541262254612 (n:-0.1618458630203498) c:1.0
num acquisition: 5, time elapsed: 0.63s
Optimization restart 1/5, f = 12.06073841279884
Optimization restart 2/5, f = 12.06073841279992
Optimization restart 3/5, f = 12.06073841279889
Optimization restart 4/5, f = 12.060738412798843
Optimization restart 5/5, f = 12.060738412798953
f inputs x:[[-0.50432997  0.5299902 ]] ev:{} outputs y:0.5731428379694608 (n:-1.0691808756407262) c:1.0
num acquisition: 6, time elapsed: 0.81s
Optimization restart 1/5, f = 12.4478341765776
Optimization restart 2/5, f = 12.44783417667643
Optimization restart 3/5, f = 12.447834176614363
Optimization restart 4/5, f = 12.447834176577613
Optimization restart 5/5, f = 13.427558164459628
f inputs x:[[-0.48911167  0.55510537]] ev:{} outputs y:2.0118767952081393 (n:0.09675937031939197) c:1.0
num acquisition: 7, time elapsed: 1.01s
Optimization restart 1/5, f = 13.56052745454172
Optimization restart 2/5, f = 13.560527454545808
Optimization restart 3/5, f = 13.560527454572682
Optimization restart 4/5, f = 13.560527454510407
Optimization restart 5/5, f = 13.560527454528259
f inputs x:[[-0.50521722  0.51499933]] ev:{} outputs y:1.772347410564515 (n:0.13042720605060606) c:1.0
num acquisition: 8, time elapsed: 1.18s
Optimization restart 1/5, f = 14.164346581170491
Optimization restart 2/5, f = 14.164346581064798
Optimization restart 3/5, f = 14.760094547299165
Optimization restart 4/5, f = 14.164346581076064
Optimization restart 5/5, f = 14.164346581093035
f inputs x:[[-0.51039482  0.51862997]] ev:{} outputs y:1.883378395683405 (n:0.2201964513875143) c:1.0
num acquisition: 9, time elapsed: 1.34s
Optimization restart 1/5, f = 14.666752623158995
Optimization restart 2/5, f = 15.471808987524945
Optimization restart 3/5, f = 14.666752623159805
Optimization restart 4/5, f = 14.666752623449081
Optimization restart 5/5, f = 14.666752623158832
f inputs x:[[-0.50933732  0.52140338]] ev:{} outputs y:1.6367256805498194 (n:-0.014898300088158385) c:1.0
num acquisition: 10, time elapsed: 1.44s
Optimization restart 1/5, f = 14.86827820423218
Optimization restart 2/5, f = 14.868278204231924
Optimization restart 3/5, f = 14.86827820423332
Optimization restart 4/5, f = 14.86827820423272
Optimization restart 5/5, f = 14.868278204231764
f inputs x:[[-0.43684479 -0.98399061]] ev:{} outputs y:6.905598239128101 (n:0.22428611015173114) c:1.0
num acquisition: 11, time elapsed: 1.53s
Optimization restart 1/5, f = 15.637168257942534
Optimization restart 2/5, f = 14.831893897220553
Optimization restart 3/5, f = 14.831893678541654
Optimization restart 4/5, f = 14.831893700122292
Optimization restart 5/5, f = 15.637168257941726
f inputs x:[[-0.52586863  0.54498086]] ev:{} outputs y:1.2625819355004841 (n:-0.44314030003327426) c:1.0
num acquisition: 12, time elapsed: 1.78s
Optimization restart 1/5, f = 15.76150024286741
Optimization restart 2/5, f = 15.916901655362528
Optimization restart 3/5, f = 15.916901655353177
Optimization restart 4/5, f = 15.916901655353621
Optimization restart 5/5, f = 15.916901655357599
f inputs x:[[-0.49009233  0.53130584]] ev:{} outputs y:1.6829335710908058 (n:-0.05151728387992175) c:1.0
num acquisition: 13, time elapsed: 2.09s
Optimization restart 1/5, f = 17.23367425156166
Optimization restart 2/5, f = 16.01524273043053
Optimization restart 3/5, f = 16.01524273092432
Optimization restart 4/5, f = 16.01524273042756
Optimization restart 5/5, f = 16.015242730436135
f inputs x:[[1. 1.]] ev:{} outputs y:6.613248564442501 (n:0.476039160422803) c:1.0
num acquisition: 14, time elapsed: 2.22s
Optimization restart 1/5, f = 16.854287151322442
Optimization restart 2/5, f = 16.854287151329213
Optimization restart 3/5, f = 16.854287151309084
Optimization restart 4/5, f = 16.854287151314857
Optimization restart 5/5, f = 16.85428715130564
f inputs x:[[ 0.4648416 -1.       ]] ev:{} outputs y:6.71087573740793 (n:-0.06196269969632463) c:1.0
num acquisition: 15, time elapsed: 2.34s
Optimization restart 1/5, f = 17.70577319359153
Optimization restart 2/5, f = 18.02459941126052
Optimization restart 3/5, f = 18.024599409118967
Optimization restart 4/5, f = 17.705773193584832
Optimization restart 5/5, f = 18.024599409117357
f inputs x:[[-0.02714082 -0.26124842]] ev:{} outputs y:3.712210802858913 (n:0.2758953826430541) c:1.0
num acquisition: 16, time elapsed: 2.43s
Optimization restart 1/5, f = 19.14388522602846
Optimization restart 2/5, f = 19.14388522603085
Optimization restart 3/5, f = 19.143885226028452
Optimization restart 4/5, f = 20.407511837907276
Optimization restart 5/5, f = 19.14388522602857
f inputs x:[[-1.         -0.45917535]] ev:{} outputs y:7.435830739708524 (n:-0.44527578621290725) c:1.0
num acquisition: 17, time elapsed: 2.57s
Optimization restart 1/5, f = 19.883990195283523
Optimization restart 2/5, f = 20.210553864929345
Optimization restart 3/5, f = 19.88399019528383
Optimization restart 4/5, f = 19.88399019528596
Optimization restart 5/5, f = 20.210553864929437
f inputs x:[[-0.36138294 -0.26805548]] ev:{} outputs y:4.311527754528154 (n:-0.5112723054586147) c:1.0
num acquisition: 18, time elapsed: 2.67s
Optimization restart 1/5, f = 21.19442361847368
Optimization restart 2/5, f = 21.1944236187387
Optimization restart 3/5, f = 21.37164671275908
Optimization restart 4/5, f = 21.3716467130783
Optimization restart 5/5, f = 21.37164671276873
f inputs x:[[-0.51461387  0.53458146]] ev:{} outputs y:2.7400511848732583 (n:1.0829578272666833) c:1.0
num acquisition: 19, time elapsed: 2.78s
Optimization restart 1/5, f = 22.5117599393255
Optimization restart 2/5, f = 22.51175993932659
Optimization restart 3/5, f = 22.511759939402296
Optimization restart 4/5, f = 22.511759939328034
Optimization restart 5/5, f = 22.51175993932572
f inputs x:[[-0.56282555  0.55131128]] ev:{} outputs y:1.9405855413332895 (n:-0.32286323242664916) c:1.0
num acquisition: 20, time elapsed: 2.90s
Optimization restart 1/5, f = 22.684595658524337
Optimization restart 2/5, f = 22.684595658515114
Optimization restart 3/5, f = 22.68459565856539
Optimization restart 4/5, f = 22.684595658563545
Optimization restart 5/5, f = 22.684595658520294
f inputs x:[[-0.55477892  0.5466828 ]] ev:{} outputs y:2.024481333679733 (n:-0.1153707741283364) c:1.0
num acquisition: 21, time elapsed: 3.02s
Optimization restart 1/5, f = 22.855799249927756
Optimization restart 2/5, f = 22.85579924992545
Optimization restart 3/5, f = 22.855799249962093
Optimization restart 4/5, f = 22.855799249925116
Optimization restart 5/5, f = 22.855799249926434
f inputs x:[[-0.54669309  0.54210899]] ev:{} outputs y:1.892732409373603 (n:-0.12842664302150544) c:1.0
num acquisition: 22, time elapsed: 3.12s
Optimization restart 1/5, f = 22.927929759446595
Optimization restart 2/5, f = 22.92792975918234
Optimization restart 3/5, f = 22.927929759328435
Optimization restart 4/5, f = 22.927929759190228
Optimization restart 5/5, f = 22.92792975918146
f inputs x:[[-0.54322178  0.54052434]] ev:{} outputs y:1.3367505000268411 (n:-0.633302642171322) c:1.0
num acquisition: 23, time elapsed: 3.24s
Optimization restart 1/5, f = 23.11214965325418
Optimization restart 2/5, f = 23.112149653407208
Optimization restart 3/5, f = 23.112149653254576
Optimization restart 4/5, f = 23.112149653253567
Optimization restart 5/5, f = 23.112149653722092
f inputs x:[[-0.55052744  0.54489749]] ev:{} outputs y:1.8356725806655336 (n:-0.23583576163916256) c:1.0
num acquisition: 24, time elapsed: 3.35s
Optimization restart 1/5, f = 23.145802386546954
Optimization restart 2/5, f = 23.145802386146368
Optimization restart 3/5, f = 23.14580238614458
Optimization restart 4/5, f = 23.145802386145505
Optimization restart 5/5, f = 23.145802386144545
f inputs x:[[-0.547129    0.54330418]] ev:{} outputs y:2.497766607930065 (n:0.4778051589538636) c:1.0
num acquisition: 25, time elapsed: 3.47s
Optimization restart 1/5, f = 23.868131381470704
Optimization restart 2/5, f = 23.868131381461723
Optimization restart 3/5, f = 23.86813138146158
Optimization restart 4/5, f = 23.86813138146238
Optimization restart 5/5, f = 23.868131381467563
f inputs x:[[-0.53917462  0.53755817]] ev:{} outputs y:1.939073135647002 (n:0.01778789098103557) c:1.0
num acquisition: 26, time elapsed: 3.59s
Optimization restart 1/5, f = 23.92294920336265
Optimization restart 2/5, f = 23.922949202568816
Optimization restart 3/5, f = 23.92294920255144
Optimization restart 4/5, f = 23.92294920274304
Optimization restart 5/5, f = 23.922949202595053
f inputs x:[[-0.53612485  0.53630356]] ev:{} outputs y:1.3551132293904877 (n:-0.5245221492643447) c:1.0
num acquisition: 27, time elapsed: 3.69s
Optimization restart 1/5, f = 24.126933221884755
Optimization restart 2/5, f = 24.126933221879295
Optimization restart 3/5, f = 24.12693322188747
Optimization restart 4/5, f = 24.126933221885388
Optimization restart 5/5, f = 24.126933221890628
f inputs x:[[-0.53766961  0.53670469]] ev:{} outputs y:3.1555258895453804 (n:1.2534572599015075) c:1.0
num acquisition: 28, time elapsed: 3.80s
Optimization restart 1/5, f = 26.447960180559456
Optimization restart 2/5, f = 26.447960180714357
Optimization restart 3/5, f = 26.447960180620935
Optimization restart 4/5, f = 26.4479601806664
Optimization restart 5/5, f = 26.44796018066079
f inputs x:[[-0.54565841  0.54108739]] ev:{} outputs y:1.7674859074940958 (n:-0.24245477546971922) c:1.0
num acquisition: 29, time elapsed: 3.91s
Optimization restart 1/5, f = 26.56139415243073
Optimization restart 2/5, f = 26.561394152839995
Optimization restart 3/5, f = 26.561394152427205
Optimization restart 4/5, f = 26.561394152663574
Optimization restart 5/5, f = 26.56139415256434
f inputs x:[[-0.54479382  0.54098516]] ev:{} outputs y:1.5090060822961417 (n:-0.4858864727987131) c:1.0
num acquisition: 30, time elapsed: 4.03s
Optimization restart 1/5, f = 26.74664877726853
Optimization restart 2/5, f = 26.746648777256404
Optimization restart 3/5, f = 26.746648777264042
Optimization restart 4/5, f = 26.746648777261473
Optimization restart 5/5, f = 26.74664877728226
f inputs x:[[-1.         0.8476279]] ev:{} outputs y:7.015839475775762 (n:0.5947950825752232) c:1.0
num acquisition: 31, time elapsed: 4.14s
Optimization restart 1/5, f = 27.43852641312114
Optimization restart 2/5, f = 27.438526413117483
Optimization restart 3/5, f = 27.438526413115554
Optimization restart 4/5, f = 27.43852641311503
Optimization restart 5/5, f = 27.4385264136571
f inputs x:[[-0.51562646  0.52558834]] ev:{} outputs y:2.343331519678248 (n:0.6611624266473176) c:1.0
num acquisition: 32, time elapsed: 4.26s
Optimization restart 1/5, f = 27.871234417816357
Optimization restart 2/5, f = 27.871234417871786
Optimization restart 3/5, f = 27.871234417968736
Optimization restart 4/5, f = 27.871234417818055
Optimization restart 5/5, f = 27.8712344178161
f inputs x:[[-0.51753468  0.528789  ]] ev:{} outputs y:1.4879291070740595 (n:-0.1997404483345355) c:1.0
num acquisition: 33, time elapsed: 4.38s
Optimization restart 1/5, f = 28.006082926982117
Optimization restart 2/5, f = 28.006082926987297
Optimization restart 3/5, f = 28.006082926968084
Optimization restart 4/5, f = 28.006082926970237
Optimization restart 5/5, f = 28.006082926967995
f inputs x:[[-0.51600414  0.52801742]] ev:{} outputs y:1.8392093997477523 (n:0.16106233120123886) c:1.0
num acquisition: 34, time elapsed: 4.51s
Optimization restart 1/5, f = 28.034279802027893
Optimization restart 2/5, f = 28.03427980200444
Optimization restart 3/5, f = 28.03427980228064
Optimization restart 4/5, f = 28.03427980200911
Optimization restart 5/5, f = 28.03427980207154
f inputs x:[[-0.51560387  0.52837038]] ev:{} outputs y:3.126271941839318 (n:1.4518938124530305) c:1.0
num acquisition: 35, time elapsed: 4.64s
Optimization restart 1/5, f = 30.27972175534441
Optimization restart 2/5, f = 30.279721755389442
Optimization restart 3/5, f = 30.279721755371007
Optimization restart 4/5, f = 30.27972175534639
Optimization restart 5/5, f = 30.279721755359187
f inputs x:[[-0.52230157  0.53023673]] ev:{} outputs y:1.2823457376905114 (n:-0.44454942969880307) c:1.0
num acquisition: 36, time elapsed: 4.77s
Optimization restart 1/5, f = 30.69432074889739
Optimization restart 2/5, f = 30.69432074890469
Optimization restart 3/5, f = 30.694320749002213
Optimization restart 4/5, f = 30.694320749049503
Optimization restart 5/5, f = 30.694320749077097
f inputs x:[[-0.52154907  0.52909157]] ev:{} outputs y:2.056546448623969 (n:0.33274180766822536) c:1.0
num acquisition: 37, time elapsed: 4.89s
Optimization restart 1/5, f = 30.873151547009503
Optimization restart 2/5, f = 30.873151546957974
Optimization restart 3/5, f = 30.87315154695612
Optimization restart 4/5, f = 30.87315154775177
Optimization restart 5/5, f = 30.873151546988826
f inputs x:[[-0.52162056  0.52991848]] ev:{} outputs y:1.5601909556047657 (n:-0.16092818421047614) c:1.0
num acquisition: 38, time elapsed: 5.02s
Optimization restart 1/5, f = 31.036040970958236
Optimization restart 2/5, f = 31.036040970959004
Optimization restart 3/5, f = 31.03604097124412
Optimization restart 4/5, f = 31.03604097096894
Optimization restart 5/5, f = 31.03604097095897
f inputs x:[[-0.52099457  0.52952147]] ev:{} outputs y:1.6098123060058205 (n:-0.10656211561774594) c:1.0
num acquisition: 39, time elapsed: 5.14s
Optimization restart 1/5, f = 31.16499296526069
Optimization restart 2/5, f = 31.16499296526065
Optimization restart 3/5, f = 31.164992967620734
Optimization restart 4/5, f = 31.16499296528645
Optimization restart 5/5, f = 31.164992965277676
f inputs x:[[-0.52038475  0.52918291]] ev:{} outputs y:1.7405057014587095 (n:0.02882588104220228) c:1.0
num acquisition: 40, time elapsed: 5.27s
Optimization restart 1/5, f = 31.24993803360903
Optimization restart 2/5, f = 31.249938033670336
Optimization restart 3/5, f = 31.249938033723247
Optimization restart 4/5, f = 31.24993803494783
Optimization restart 5/5, f = 31.24993803570007
f inputs x:[[-0.51993039  0.52915845]] ev:{} outputs y:2.0301552988934395 (n:0.3227436538368768) c:1.0
num acquisition: 41, time elapsed: 5.41s
Optimization restart 1/5, f = 31.405685256836605
Optimization restart 2/5, f = 31.405685256820377
Optimization restart 3/5, f = 31.405685256824626
Optimization restart 4/5, f = 31.40568525688475
Optimization restart 5/5, f = 31.40568525685356
f inputs x:[[-0.5200432   0.52982089]] ev:{} outputs y:1.2883956251109316 (n:-0.41763005187750707) c:1.0
num acquisition: 42, time elapsed: 5.55s
Optimization restart 1/5, f = 31.810219709567026
Optimization restart 2/5, f = 31.810219709502572
Optimization restart 3/5, f = 31.810219709355767
Optimization restart 4/5, f = 31.810219709347585
Optimization restart 5/5, f = 31.810219709349425
f inputs x:[[-0.51894855  0.52897386]] ev:{} outputs y:2.374882584529721 (n:0.6758242299902184) c:1.0
num acquisition: 43, time elapsed: 5.69s
Optimization restart 1/5, f = 32.37128501067234
Optimization restart 2/5, f = 32.37128501061539
Optimization restart 3/5, f = 32.37128501100161
Optimization restart 4/5, f = 32.371285010643746
Optimization restart 5/5, f = 32.371285010616575
f inputs x:[[-0.52015224  0.53018556]] ev:{} outputs y:1.4505303544289043 (n:-0.25517917660722667) c:1.0
num acquisition: 44, time elapsed: 5.83s
Optimization restart 1/5, f = 32.61025621500477
Optimization restart 2/5, f = 32.61025621499202
Optimization restart 3/5, f = 32.610256214991786
Optimization restart 4/5, f = 32.61025621659909
Optimization restart 5/5, f = 32.610256215033814
f inputs x:[[-0.51925386  0.52991523]] ev:{} outputs y:1.9956595254374978 (n:0.2971345931755741) c:1.0
num acquisition: 45, time elapsed: 5.97s
Optimization restart 1/5, f = 32.76024335608088
Optimization restart 2/5, f = 32.760243356076266
Optimization restart 3/5, f = 32.76024335613879
Optimization restart 4/5, f = 32.760243356074554
Optimization restart 5/5, f = 32.76024335612607
f inputs x:[[-0.51934691  0.53032154]] ev:{} outputs y:1.3902826882020562 (n:-0.30767689099748363) c:1.0
num acquisition: 46, time elapsed: 6.11s
Optimization restart 1/5, f = 33.057081600957346
Optimization restart 2/5, f = 33.057081600916234
Optimization restart 3/5, f = 33.05708160091453
Optimization restart 4/5, f = 33.05708160142868
Optimization restart 5/5, f = 33.05708160096066
f inputs x:[[-0.51823975  0.53017815]] ev:{} outputs y:1.9567715190816677 (n:0.2676750784096017) c:1.0
num acquisition: 47, time elapsed: 6.25s
Optimization restart 1/5, f = 33.18848193216054
Optimization restart 2/5, f = 33.18848193202988
Optimization restart 3/5, f = 33.18848193204745
Optimization restart 4/5, f = 33.188481932028566
Optimization restart 5/5, f = 33.18848193206573
f inputs x:[[-0.51829832  0.53046998]] ev:{} outputs y:2.1162923439660455 (n:0.427617772288581) c:1.0
num acquisition: 48, time elapsed: 6.39s
Optimization restart 1/5, f = 33.437571539279595
Optimization restart 2/5, f = 33.43757153934851
Optimization restart 3/5, f = 33.43757153926553
Optimization restart 4/5, f = 33.43757153926718
Optimization restart 5/5, f = 33.43757153925745
f inputs x:[[-0.51886208  0.53066111]] ev:{} outputs y:1.8128691721547932 (n:0.12017314934496216) c:1.0
num acquisition: 49, time elapsed: 6.53s
Optimization restart 1/5, f = 33.517597979612205
Optimization restart 2/5, f = 33.517597979611736
Optimization restart 3/5, f = 33.51759797964902
Optimization restart 4/5, f = 33.5175979796155
Optimization restart 5/5, f = 33.517597979841554
f inputs x:[[-0.51850614  0.53091514]] ev:{} outputs y:1.815035698751043 (n:0.12604882772057818) c:1.0
num acquisition: 50, time elapsed: 6.68s
Optimization restart 1/5, f = 33.5934345665093
Optimization restart 2/5, f = 33.59343456657538
Optimization restart 3/5, f = 33.59343456696196
Optimization restart 4/5, f = 33.59343456672747
Optimization restart 5/5, f = 33.59343456703124
f inputs x:[[-0.5181459   0.53118667]] ev:{} outputs y:2.29166613860238 (n:0.6063257019352767) c:1.0
num acquisition: 51, time elapsed: 6.82s
Optimization restart 1/5, f = 34.0674108429653
Optimization restart 2/5, f = 34.06741084376776
Optimization restart 3/5, f = 34.067410843272455
Optimization restart 4/5, f = 34.06741084297779
Optimization restart 5/5, f = 34.06741084365303
f inputs x:[[-0.51941299  0.5308037 ]] ev:{} outputs y:1.4518504681516509 (n:-0.2450623015914271) c:1.0
num acquisition: 52, time elapsed: 6.96s
Optimization restart 1/5, f = 34.33049461315348
Optimization restart 2/5, f = 34.330494612757754
Optimization restart 3/5, f = 34.33049461293891
Optimization restart 4/5, f = 34.33049461264643
Optimization restart 5/5, f = 34.33049461287197
f inputs x:[[-0.51846699  0.53093055]] ev:{} outputs y:1.7736193612138018 (n:0.08499346969700225) c:1.0
num acquisition: 53, time elapsed: 7.10s
Optimization restart 1/5, f = 34.40770926131492
Optimization restart 2/5, f = 34.40770926140034
Optimization restart 3/5, f = 34.407709261422845
Optimization restart 4/5, f = 34.407709261380774
Optimization restart 5/5, f = 34.40770926139749
f inputs x:[[-0.51801793  0.53120115]] ev:{} outputs y:2.3988422888768692 (n:0.7145259094131181) c:1.0
num acquisition: 54, time elapsed: 7.25s
Optimization restart 1/5, f = 35.09297832129736
Optimization restart 2/5, f = 35.09297832129607
Optimization restart 3/5, f = 35.09297832130492
Optimization restart 4/5, f = 35.0929783213085
Optimization restart 5/5, f = 35.09297832217976
f inputs x:[[-0.51968596  0.53058229]] ev:{} outputs y:1.9635155424650776 (n:0.26345589521918344) c:1.0
num acquisition: 55, time elapsed: 7.40s
Optimization restart 1/5, f = 35.2221515817303
Optimization restart 2/5, f = 35.22215158173073
Optimization restart 3/5, f = 35.222151581736355
Optimization restart 4/5, f = 35.22215158173337
Optimization restart 5/5, f = 35.22215158233386
f inputs x:[[-0.51965413  0.53081044]] ev:{} outputs y:1.8231393006032122 (n:0.12414421731626307) c:1.0
num acquisition: 56, time elapsed: 7.55s
Optimization restart 1/5, f = 35.305088244221345
Optimization restart 2/5, f = 35.30508824527765
Optimization restart 3/5, f = 35.30508824435199
Optimization restart 4/5, f = 35.305088244205066
Optimization restart 5/5, f = 35.3050882442008
f inputs x:[[-0.5193557  0.5309944]] ev:{} outputs y:1.4636340629320415 (n:-0.23215288120234986) c:1.0
num acquisition: 57, time elapsed: 7.71s
Optimization restart 1/5, f = 35.57876885285684
Optimization restart 2/5, f = 35.578768852850004
Optimization restart 3/5, f = 35.57876885285109
Optimization restart 4/5, f = 35.57876885976411
Optimization restart 5/5, f = 35.57876885286653
f inputs x:[[-0.51846701  0.53121956]] ev:{} outputs y:2.081938201553213 (n:0.3941834779989538) c:1.0
num acquisition: 58, time elapsed: 7.87s
Optimization restart 1/5, f = 35.80198586669296
Optimization restart 2/5, f = 35.80198586669282
Optimization restart 3/5, f = 35.80198586743086
Optimization restart 4/5, f = 35.801985866717914
Optimization restart 5/5, f = 35.80198586667649
f inputs x:[[-0.51887958  0.53113388]] ev:{} outputs y:0.9947901255784204 (n:-0.6965551618720218) c:1.0
num acquisition: 59, time elapsed: 8.02s
Optimization restart 1/5, f = 36.985471507584826
Optimization restart 2/5, f = 36.98547150752164
Optimization restart 3/5, f = 36.9854715077439
Optimization restart 4/5, f = 36.98547150753464
Optimization restart 5/5, f = 36.985471507543664
f inputs x:[[-0.51746394  0.53148219]] ev:{} outputs y:1.7917024821031422 (n:0.1122625667350547) c:1.0
num acquisition: 60, time elapsed: 8.18s
Optimization restart 1/5, f = 37.08497853234466
Optimization restart 2/5, f = 37.08497853171624
Optimization restart 3/5, f = 37.08497853170117
Optimization restart 4/5, f = 37.084978531678225
Optimization restart 5/5, f = 37.08497853168149
f inputs x:[[-0.51707654  0.53177674]] ev:{} outputs y:1.5034127316574908 (n:-0.1725590426705164) c:1.0
num acquisition: 61, time elapsed: 8.33s
Optimization restart 1/5, f = 37.31271351592887
Optimization restart 2/5, f = 37.31271351592627
Optimization restart 3/5, f = 37.31271351597566
Optimization restart 4/5, f = 37.31271351641906
Optimization restart 5/5, f = 37.312713515931264
f inputs x:[[-0.51581596  0.53277353]] ev:{} outputs y:1.3267001147179278 (n:-0.3392043889110667) c:1.0
num acquisition: 62, time elapsed: 8.49s
Optimization restart 1/5, f = 37.75407222144647
Optimization restart 2/5, f = 37.75407222134216
Optimization restart 3/5, f = 37.754072221603614
Optimization restart 4/5, f = 37.754072221245124
Optimization restart 5/5, f = 37.754072224976035
f inputs x:[[-0.51359135  0.53523599]] ev:{} outputs y:1.8031565284067668 (n:0.15057898009641252) c:1.0
num acquisition: 63, time elapsed: 8.66s
Optimization restart 1/5, f = 37.857513089743236
Optimization restart 2/5, f = 37.85751309072638
Optimization restart 3/5, f = 37.85751308841034
Optimization restart 4/5, f = 37.857513088297715
Optimization restart 5/5, f = 37.85751308829586
f inputs x:[[-0.51319731  0.53569511]] ev:{} outputs y:2.167899867943126 (n:0.5168544409241903) c:1.0
num acquisition: 64, time elapsed: 8.83s
Optimization restart 1/5, f = 38.247185593275326
Optimization restart 2/5, f = 38.24718559461713
Optimization restart 3/5, f = 38.24718559269193
Optimization restart 4/5, f = 38.247185592674185
Optimization restart 5/5, f = 38.247185598612575
f inputs x:[[-0.51551982  0.53213957]] ev:{} outputs y:2.5683561626419276 (n:0.9029069028418438) c:1.0
num acquisition: 65, time elapsed: 9.00s
Optimization restart 1/5, f = 39.473148814258835
Optimization restart 2/5, f = 39.47314881463443
Optimization restart 3/5, f = 39.47314881424894
Optimization restart 4/5, f = 39.473148814423865
Optimization restart 5/5, f = 39.4731488143545
f inputs x:[[-0.51870653  0.52960972]] ev:{} outputs y:1.792281053592649 (n:0.09748584974029079) c:1.0
num acquisition: 66, time elapsed: 9.17s
Optimization restart 1/5, f = 39.592976412595306
Optimization restart 2/5, f = 39.59297641255381
Optimization restart 3/5, f = 39.59297641261595
Optimization restart 4/5, f = 39.59297641254594
Optimization restart 5/5, f = 39.592976412882926
f inputs x:[[-0.51846229  0.52961642]] ev:{} outputs y:2.31331326479362 (n:0.6206115651763854) c:1.0
num acquisition: 67, time elapsed: 9.34s
Optimization restart 1/5, f = 40.20918938579569
Optimization restart 2/5, f = 40.20918938559514
Optimization restart 3/5, f = 40.20918938558729
Optimization restart 4/5, f = 40.20918938559066
Optimization restart 5/5, f = 40.2091893877817
f inputs x:[[-0.51905888  0.53059701]] ev:{} outputs y:1.334883255676665 (n:-0.3596763034407489) c:1.0
num acquisition: 68, time elapsed: 9.50s
Optimization restart 1/5, f = 40.705998639327035
Optimization restart 2/5, f = 40.70599863938916
Optimization restart 3/5, f = 40.70599863924079
Optimization restart 4/5, f = 40.70599863931872
Optimization restart 5/5, f = 40.70599864665967
f inputs x:[[-0.51841018  0.53023605]] ev:{} outputs y:2.0769714862066238 (n:0.38666775187715885) c:1.0
num acquisition: 69, time elapsed: 9.66s
Optimization restart 1/5, f = 40.988650693990074
Optimization restart 2/5, f = 40.98865069400056
Optimization restart 3/5, f = 40.98865069400473
Optimization restart 4/5, f = 40.988650694000604
Optimization restart 5/5, f = 40.988650694746575
f inputs x:[[-0.51862345  0.53056847]] ev:{} outputs y:1.0509094478475156 (n:-0.6401034252317765) c:1.0
num acquisition: 70, time elapsed: 9.83s
Optimization restart 1/5, f = 42.083679233789894
Optimization restart 2/5, f = 42.08367923341852
Optimization restart 3/5, f = 42.08367923345683
Optimization restart 4/5, f = 42.08367923517332
Optimization restart 5/5, f = 42.08367923381722
f inputs x:[[-0.51778483  0.52999732]] ev:{} outputs y:1.3092997160547408 (n:-0.37671712408818187) c:1.0
num acquisition: 71, time elapsed: 9.99s
Optimization restart 1/5, f = 42.60527139137727
Optimization restart 2/5, f = 42.605271391326845
Optimization restart 3/5, f = 42.60527139153382
Optimization restart 4/5, f = 42.60527139229137
Optimization restart 5/5, f = 42.60527139277197
f inputs x:[[-0.51697375  0.52946394]] ev:{} outputs y:1.5974304896906395 (n:-0.0839032278226982) c:1.0
num acquisition: 72, time elapsed: 10.15s
Optimization restart 1/5, f = 42.801967886675115
Optimization restart 2/5, f = 42.80196788596025
Optimization restart 3/5, f = 42.80196788641647
Optimization restart 4/5, f = 42.80196788597608
Optimization restart 5/5, f = 42.8019678860665
f inputs x:[[-0.51642913  0.52922472]] ev:{} outputs y:0.8343485014479565 (n:-0.8436390231955692) c:1.0
num acquisition: 73, time elapsed: 10.32s
Optimization restart 1/5, f = 44.439986948814955
Optimization restart 2/5, f = 44.43998694664839
Optimization restart 3/5, f = 44.43998694664481
Optimization restart 4/5, f = 44.439986946751795
Optimization restart 5/5, f = 44.43998694796935
f inputs x:[[-0.5151814  0.5274285]] ev:{} outputs y:1.8252966866393172 (n:0.15145868208032323) c:1.0
num acquisition: 74, time elapsed: 10.50s
Optimization restart 1/5, f = 44.61937135038612
Optimization restart 2/5, f = 44.61937135033425
Optimization restart 3/5, f = 44.61937135053543
Optimization restart 4/5, f = 44.619371351008844
Optimization restart 5/5, f = 44.61937135033516
f inputs x:[[-0.5150388   0.52761936]] ev:{} outputs y:1.9027318077113693 (n:0.23034903199479784) c:1.0
num acquisition: 75, time elapsed: 10.68s
Optimization restart 1/5, f = 44.82932120976445
Optimization restart 2/5, f = 44.82932120989602
Optimization restart 3/5, f = 44.82932120949297
Optimization restart 4/5, f = 44.829321209522874
Optimization restart 5/5, f = 44.82932120962166
f inputs x:[[-0.51504536  0.52806117]] ev:{} outputs y:1.5156213068271305 (n:-0.155731040058035) c:1.0
num acquisition: 76, time elapsed: 10.85s
Optimization restart 1/5, f = 45.088085000410146
Optimization restart 2/5, f = 45.08808500062514
Optimization restart 3/5, f = 45.08808500038637
Optimization restart 4/5, f = 45.08808500039045
Optimization restart 5/5, f = 45.08808500049528
f inputs x:[[-0.51437085  0.52738   ]] ev:{} outputs y:2.3436714950931226 (n:0.6751243522162559) c:1.0
num acquisition: 77, time elapsed: 11.02s
Optimization restart 1/5, f = 45.894307649581236
Optimization restart 2/5, f = 45.894307649564695
Optimization restart 3/5, f = 45.894307649926915
Optimization restart 4/5, f = 45.89430765096084
Optimization restart 5/5, f = 45.89430764967041
f inputs x:[[-0.51549418  0.52920355]] ev:{} outputs y:1.6995593287593571 (n:0.027961902762323104) c:1.0
num acquisition: 78, time elapsed: 11.19s
Optimization restart 1/5, f = 46.071972096470844
Optimization restart 2/5, f = 46.071972096450615
Optimization restart 3/5, f = 46.07197209644686
Optimization restart 4/5, f = 46.07197209816645
Optimization restart 5/5, f = 46.07197209642853
f inputs x:[[-0.51508452  0.52921822]] ev:{} outputs y:1.1416873682570903 (n:-0.5272369758386468) c:1.0
num acquisition: 79, time elapsed: 11.38s
Optimization restart 1/5, f = 46.901803208711684
Optimization restart 2/5, f = 46.901803208667054
Optimization restart 3/5, f = 46.90180320853485
Optimization restart 4/5, f = 46.90180320851746
Optimization restart 5/5, f = 46.90180320852365
f inputs x:[[-0.51368916  0.52871376]] ev:{} outputs y:0.9006977138914943 (n:-0.761013512813908) c:1.0
num acquisition: 80, time elapsed: 11.56s
Optimization restart 1/5, f = 48.303814604705465
Optimization restart 2/5, f = 48.30381460614685
Optimization restart 3/5, f = 48.303814604681335
Optimization restart 4/5, f = 48.303814604679054
Optimization restart 5/5, f = 48.30381460575698
f inputs x:[[-0.51169228  0.52781297]] ev:{} outputs y:1.4474199645318875 (n:-0.20579888449711786) c:1.0
num acquisition: 81, time elapsed: 11.76s
Optimization restart 1/5, f = 48.62897717117746
Optimization restart 2/5, f = 48.62897717114503
Optimization restart 3/5, f = 48.628977173074475
Optimization restart 4/5, f = 48.6289771717973
Optimization restart 5/5, f = 48.6289771711601
f inputs x:[[-0.51051511  0.52752072]] ev:{} outputs y:1.3537750244136961 (n:-0.2949890205688831) c:1.0
num acquisition: 82, time elapsed: 11.94s
Optimization restart 1/5, f = 49.052420155547196
Optimization restart 2/5, f = 49.052420154574556
Optimization restart 3/5, f = 49.052420154548315
Optimization restart 4/5, f = 49.05242015801602
Optimization restart 5/5, f = 49.052420154584446
f inputs x:[[-0.5089534   0.52719121]] ev:{} outputs y:1.779910961490481 (n:0.13593005450894993) c:1.0
num acquisition: 83, time elapsed: 12.13s
Optimization restart 1/5, f = 49.257121901690056
Optimization restart 2/5, f = 49.25712192338557
Optimization restart 3/5, f = 49.25712189929041
Optimization restart 4/5, f = 49.25712189927336
Optimization restart 5/5, f = 49.25712189951341
f inputs x:[[-0.50881787  0.5273597 ]] ev:{} outputs y:1.9550921444142806 (n:0.31155581286590706) c:1.0
num acquisition: 84, time elapsed: 12.32s
Optimization restart 1/5, f = 49.55821761005481
Optimization restart 2/5, f = 49.55821761007653
Optimization restart 3/5, f = 49.558217610051905
Optimization restart 4/5, f = 49.55821771539917
Optimization restart 5/5, f = 49.55821761005255
f inputs x:[[-0.50946198  0.52752602]] ev:{} outputs y:1.4741899418324536 (n:-0.17104447700333703) c:1.0
num acquisition: 85, time elapsed: 12.50s
Optimization restart 1/5, f = 49.85602105030841
Optimization restart 2/5, f = 49.85602105075028
Optimization restart 3/5, f = 49.856021050281484
Optimization restart 4/5, f = 49.85602105032035
Optimization restart 5/5, f = 49.856021050273824
f inputs x:[[-0.50818186  0.52758264]] ev:{} outputs y:2.0659122512551042 (n:0.42392822579634865) c:1.0
num acquisition: 86, time elapsed: 12.69s
Optimization restart 1/5, f = 50.2810830294259
Optimization restart 2/5, f = 50.281083029431485
Optimization restart 3/5, f = 50.28108303022418
Optimization restart 4/5, f = 50.28108302944085
Optimization restart 5/5, f = 50.28108302974391
f inputs x:[[-0.50945206  0.52748014]] ev:{} outputs y:2.0165829047532635 (n:0.3713479915866306) c:1.0
num acquisition: 87, time elapsed: 12.88s
Optimization restart 1/5, f = 50.64398599480676
Optimization restart 2/5, f = 50.64398599481061
Optimization restart 3/5, f = 50.64398599477037
Optimization restart 4/5, f = 50.643985994824206
Optimization restart 5/5, f = 50.64398599492105
f inputs x:[[-0.51026426  0.52766406]] ev:{} outputs y:2.2845977165829283 (n:0.6368745006552604) c:1.0
num acquisition: 88, time elapsed: 13.08s
Optimization restart 1/5, f = 51.42778275036629
Optimization restart 2/5, f = 51.427782750361466
Optimization restart 3/5, f = 51.42778275036802
Optimization restart 4/5, f = 51.42778275064434
Optimization restart 5/5, f = 51.42778275036806
f inputs x:[[-0.51204932  0.52792196]] ev:{} outputs y:1.9760245130326828 (n:0.32133639866870956) c:1.0
num acquisition: 89, time elapsed: 13.28s
Optimization restart 1/5, f = 51.74599240865346
Optimization restart 2/5, f = 51.74599240813712
Optimization restart 3/5, f = 51.745992408457724
Optimization restart 4/5, f = 51.74599240815414
Optimization restart 5/5, f = 51.745992408306286
f inputs x:[[-0.51242745  0.5282308 ]] ev:{} outputs y:1.1850561375477322 (n:-0.4709598812294936) c:1.0
num acquisition: 90, time elapsed: 13.47s
Optimization restart 1/5, f = 52.50009424032856
Optimization restart 2/5, f = 52.50009424021322
Optimization restart 3/5, f = 52.50009424020558
Optimization restart 4/5, f = 52.50009424034668
Optimization restart 5/5, f = 52.50009424137847
f inputs x:[[-0.51099396  0.52776119]] ev:{} outputs y:1.379727599494931 (n:-0.27061998028416917) c:1.0
num acquisition: 91, time elapsed: 13.66s
Optimization restart 1/5, f = 52.92571248116771
Optimization restart 2/5, f = 52.9257124815772
Optimization restart 3/5, f = 52.9257124831588
Optimization restart 4/5, f = 52.92571248142936
Optimization restart 5/5, f = 52.92571248109005
f inputs x:[[-0.50976802  0.52755221]] ev:{} outputs y:1.530449615083318 (n:-0.11570931435311647) c:1.0
num acquisition: 92, time elapsed: 13.86s
Optimization restart 1/5, f = 53.20063666112926
Optimization restart 2/5, f = 53.20063666192175
Optimization restart 3/5, f = 53.20063666244171
Optimization restart 4/5, f = 53.2006366611103
Optimization restart 5/5, f = 53.20063666342049
f inputs x:[[-0.5088261   0.52760661]] ev:{} outputs y:2.2720410467550387 (n:0.628593630335848) c:1.0
num acquisition: 93, time elapsed: 14.06s
Optimization restart 1/5, f = 53.99588300630048
Optimization restart 2/5, f = 53.995883009835346
Optimization restart 3/5, f = 53.99588300631185
Optimization restart 4/5, f = 53.99588300623021
Optimization restart 5/5, f = 53.99588300852102
f inputs x:[[-0.51082447  0.52740914]] ev:{} outputs y:1.8196998267802496 (n:0.16962800100219314) c:1.0
num acquisition: 94, time elapsed: 14.25s
Optimization restart 1/5, f = 54.2315508274861
Optimization restart 2/5, f = 54.231550831197126
Optimization restart 3/5, f = 54.231550827448096
Optimization restart 4/5, f = 54.231550827455806
Optimization restart 5/5, f = 54.23155083058537
f inputs x:[[-0.51079976  0.52758344]] ev:{} outputs y:1.9092374710628282 (n:0.2594561857443947) c:1.0
num acquisition: 95, time elapsed: 14.45s
Optimization restart 1/5, f = 54.514767967352185
Optimization restart 2/5, f = 54.51476796644214
Optimization restart 3/5, f = 54.51476797031211
Optimization restart 4/5, f = 54.51476796648964
Optimization restart 5/5, f = 54.514767966427435
f inputs x:[[-0.51104091  0.52780765]] ev:{} outputs y:2.1085813324183973 (n:0.4580995679501754) c:1.0
num acquisition: 96, time elapsed: 14.64s
Optimization restart 1/5, f = 55.01440511549796
Optimization restart 2/5, f = 55.01440511556066
Optimization restart 3/5, f = 55.01440511598317
Optimization restart 4/5, f = 55.01440511602158
Optimization restart 5/5, f = 55.0144051163059
f inputs x:[[-0.51189272  0.52806216]] ev:{} outputs y:2.320965286020463 (n:0.6671913333186418) c:1.0
num acquisition: 97, time elapsed: 14.85s
Optimization restart 1/5, f = 55.9054404917898
Optimization restart 2/5, f = 55.905440491776005
Optimization restart 3/5, f = 55.90544049187128
Optimization restart 4/5, f = 55.90544049379314
Optimization restart 5/5, f = 55.90544049186714
f inputs x:[[-0.51327017  0.52839443]] ev:{} outputs y:1.4340414093937963 (n:-0.2259778905867238) c:1.0
num acquisition: 98, time elapsed: 15.08s
Optimization restart 1/5, f = 56.305382952004884
Optimization restart 2/5, f = 56.30538295007892
Optimization restart 3/5, f = 56.30538294990371
Optimization restart 4/5, f = 56.305382951647566
Optimization restart 5/5, f = 56.305382949922254
f inputs x:[[-0.51253806  0.52814887]] ev:{} outputs y:1.735466673488621 (n:0.07878601178460899) c:1.0
num acquisition: 99, time elapsed: 15.30s
Optimization restart 1/5, f = 56.53193590078696
Optimization restart 2/5, f = 56.53193590071963
Optimization restart 3/5, f = 56.53193590141303
Optimization restart 4/5, f = 56.53193590229694
Optimization restart 5/5, f = 56.53193590072875
f inputs x:[[-0.51230033  0.52821201]] ev:{} outputs y:1.6973927733308958 (n:0.041954435269361136) c:1.0
num acquisition: 100, time elapsed: 15.52s
Optimization restart 1/5, f = 56.75958450968417
Optimization restart 2/5, f = 56.759584509510546
Optimization restart 3/5, f = 56.75958451030333
Optimization restart 4/5, f = 56.75958450957839
Optimization restart 5/5, f = 56.759584509512116
f inputs x:[[-0.51197613  0.52826864]] ev:{} outputs y:1.5514694529835398 (n:-0.10239493930810549) c:1.0
num acquisition: 101, time elapsed: 15.74s
Optimization restart 1/5, f = 57.04714437112581
Optimization restart 2/5, f = 57.04714444448356
Optimization restart 3/5, f = 57.047144370941425
Optimization restart 4/5, f = 57.04714437121999
Optimization restart 5/5, f = 57.0471443709519
f inputs x:[[-0.51131608  0.5283082 ]] ev:{} outputs y:0.9722567828301156 (n:-0.6787540218529393) c:1.0
num acquisition: 102, time elapsed: 15.97s
Optimization restart 1/5, f = 58.38993765544299
Optimization restart 2/5, f = 58.38993765433018
Optimization restart 3/5, f = 58.38993765430233
Optimization restart 4/5, f = 58.3899376542018
Optimization restart 5/5, f = 58.38993765464054
f inputs x:[[-0.50939279  0.52836624]] ev:{} outputs y:1.462138697315721 (n:-0.1824190633943072) c:1.0
num acquisition: 103, time elapsed: 16.19s
Optimization restart 1/5, f = 58.75074314976621
Optimization restart 2/5, f = 58.750743149642325
Optimization restart 3/5, f = 58.75074314975586
Optimization restart 4/5, f = 58.75074315072901
Optimization restart 5/5, f = 58.750743149514854
f inputs x:[[-0.50816359  0.52899085]] ev:{} outputs y:0.8417157309301213 (n:-0.8001006698966218) c:1.0
num acquisition: 104, time elapsed: 16.42s
Optimization restart 1/5, f = 60.44197777647163
Optimization restart 2/5, f = 60.4419777767365
Optimization restart 3/5, f = 60.44197777640521
Optimization restart 4/5, f = 60.44197777639873
Optimization restart 5/5, f = 60.441977776685384
f inputs x:[[-0.50424058  0.53214723]] ev:{} outputs y:2.620837628062348 (n:0.9747665221009908) c:1.0
num acquisition: 105, time elapsed: 16.66s
Optimization restart 1/5, f = 62.27742301305088
Optimization restart 2/5, f = 62.2774230119569
Optimization restart 3/5, f = 62.277423012028066
Optimization restart 4/5, f = 62.27742301213951
Optimization restart 5/5, f = 62.27742301341346
f inputs x:[[-0.51176641  0.52174264]] ev:{} outputs y:2.146210431296621 (n:0.4814169557203571) c:1.0
num acquisition: 106, time elapsed: 16.89s
Optimization restart 1/5, f = 62.89534645921115
Optimization restart 2/5, f = 62.895346459214274
Optimization restart 3/5, f = 62.895346459503365
Optimization restart 4/5, f = 62.89534646426264
Optimization restart 5/5, f = 62.89534645939211
f inputs x:[[-0.51124468  0.52630841]] ev:{} outputs y:2.2141921263973288 (n:0.5609002748413879) c:1.0
num acquisition: 107, time elapsed: 17.11s
Optimization restart 1/5, f = 63.625257066212264
Optimization restart 2/5, f = 63.62525706613453
Optimization restart 3/5, f = 63.62525706613856
Optimization restart 4/5, f = 63.6252570661936
Optimization restart 5/5, f = 63.625257066133464
f inputs x:[[-0.51186387  0.52782607]] ev:{} outputs y:1.8573252257368158 (n:0.20335323624273427) c:1.0
num acquisition: 108, time elapsed: 17.35s
Optimization restart 1/5, f = 63.93376716436067
Optimization restart 2/5, f = 63.9337671646535
Optimization restart 3/5, f = 63.93376716432722
Optimization restart 4/5, f = 63.93376716452315
Optimization restart 5/5, f = 63.933767164331265
f inputs x:[[-0.5119038   0.52800113]] ev:{} outputs y:1.7359389930642932 (n:0.08203062206221705) c:1.0
num acquisition: 109, time elapsed: 17.58s
Optimization restart 1/5, f = 64.20762351370874
Optimization restart 2/5, f = 64.2076235141679
Optimization restart 3/5, f = 64.2076235135711
Optimization restart 4/5, f = 64.20762351359008
Optimization restart 5/5, f = 64.20762351444185
f inputs x:[[-0.51170562  0.52806666]] ev:{} outputs y:0.8175877332447828 (n:-0.8353515942652187) c:1.0
num acquisition: 110, time elapsed: 17.82s
Optimization restart 1/5, f = 66.00156787657694
Optimization restart 2/5, f = 66.00156787656658
Optimization restart 3/5, f = 66.00156787644796
Optimization restart 4/5, f = 66.00156787681858
Optimization restart 5/5, f = 66.00156787645989
f inputs x:[[-0.51011877  0.52736111]] ev:{} outputs y:2.10255759486635 (n:0.45506996841790975) c:1.0
num acquisition: 111, time elapsed: 18.07s
Optimization restart 1/5, f = 66.57124587882464
Optimization restart 2/5, f = 66.57124587944699
Optimization restart 3/5, f = 66.57124587921744
Optimization restart 4/5, f = 66.57124588174919
Optimization restart 5/5, f = 66.57124587890137
f inputs x:[[-0.51087838  0.52768758]] ev:{} outputs y:2.544247747923359 (n:0.8942737161505887) c:1.0
num acquisition: 112, time elapsed: 18.31s
Optimization restart 1/5, f = 68.11692972471204
Optimization restart 2/5, f = 68.11692972748764
Optimization restart 3/5, f = 68.11692972531154
Optimization restart 4/5, f = 68.11692972471421
Optimization restart 5/5, f = 68.11692972613491
f inputs x:[[-0.51278882  0.52810726]] ev:{} outputs y:2.79263443871309 (n:1.134631454991387) c:1.0
num acquisition: 113, time elapsed: 18.56s
Optimization restart 1/5, f = 70.45219134443934
Optimization restart 2/5, f = 70.45219134338605
Optimization restart 3/5, f = 70.45219134684721
Optimization restart 4/5, f = 70.45219134345191
Optimization restart 5/5, f = 70.4521913442844
f inputs x:[[-0.51470674  0.52892417]] ev:{} outputs y:1.7460766576435558 (n:0.07885659888708176) c:1.0
num acquisition: 114, time elapsed: 18.80s
Optimization restart 1/5, f = 70.77423087782941
Optimization restart 2/5, f = 70.77423087750455
Optimization restart 3/5, f = 70.77423088089125
Optimization restart 4/5, f = 70.77423089256905
Optimization restart 5/5, f = 70.77423087754241
f inputs x:[[-0.51455695  0.52897127]] ev:{} outputs y:2.122446158873297 (n:0.456237721589637) c:1.0
num acquisition: 115, time elapsed: 19.04s
Optimization restart 1/5, f = 71.36407824011398
Optimization restart 2/5, f = 71.36407824044058
Optimization restart 3/5, f = 71.36407824233585
Optimization restart 4/5, f = 71.36407824020355
Optimization restart 5/5, f = 71.36407824024069
f inputs x:[[-0.51485868  0.5291777 ]] ev:{} outputs y:2.3138490482530845 (n:0.6462430045719286) c:1.0
num acquisition: 116, time elapsed: 19.30s
Optimization restart 1/5, f = 72.27789614897826
Optimization restart 2/5, f = 72.27789614884443
Optimization restart 3/5, f = 72.27789622640489
Optimization restart 4/5, f = 72.27789614863195
Optimization restart 5/5, f = 72.27789614865893
f inputs x:[[-0.51540878  0.52933569]] ev:{} outputs y:1.661468922471421 (n:-0.009260827839553828) c:1.0
num acquisition: 117, time elapsed: 19.55s
Optimization restart 1/5, f = 72.61713916150063
Optimization restart 2/5, f = 72.61713925629914
Optimization restart 3/5, f = 72.61713916455854
Optimization restart 4/5, f = 72.61713915822727
Optimization restart 5/5, f = 72.61713915817398
f inputs x:[[-0.51520136  0.52935962]] ev:{} outputs y:1.9088373210067269 (n:0.2394918202060636) c:1.0
num acquisition: 118, time elapsed: 19.82s
Optimization restart 1/5, f = 72.99572556041255
Optimization restart 2/5, f = 72.99572556190238
Optimization restart 3/5, f = 72.99572556166268
Optimization restart 4/5, f = 72.99572555967657
Optimization restart 5/5, f = 72.99572556601899
f inputs x:[[-0.51520813  0.52944655]] ev:{} outputs y:1.132291820354056 (n:-0.5369012820392032) c:1.0
num acquisition: 119, time elapsed: 20.07s
Optimization restart 1/5, f = 73.98556607979188
Optimization restart 2/5, f = 73.98556607968558
Optimization restart 3/5, f = 73.98556642533666
Optimization restart 4/5, f = 73.98556608154027
Optimization restart 5/5, f = 73.98556608425135
f inputs x:[[-0.51467301  0.52937938]] ev:{} outputs y:1.396480156711089 (n:-0.26957088978209) c:1.0
num acquisition: 120, time elapsed: 20.33s
Optimization restart 1/5, f = 74.52218966511438
Optimization restart 2/5, f = 74.52218969668417
Optimization restart 3/5, f = 74.52218966551422
Optimization restart 4/5, f = 74.52218966551801
Optimization restart 5/5, f = 74.52218966389592
f inputs x:[[-0.51418147  0.52946351]] ev:{} outputs y:1.9696215215671402 (n:0.3065848469239149) c:1.0
num acquisition: 121, time elapsed: 20.57s
Optimization restart 1/5, f = 74.95801050052705
Optimization restart 2/5, f = 74.9580105013311
Optimization restart 3/5, f = 74.95801050710998
Optimization restart 4/5, f = 74.95801050044096
Optimization restart 5/5, f = 74.95801050098106
f inputs x:[[-0.51435373  0.52943344]] ev:{} outputs y:1.2442438851154611 (n:-0.41982841437572316) c:1.0
num acquisition: 122, time elapsed: 20.83s
Optimization restart 1/5, f = 75.72190651053697
Optimization restart 2/5, f = 75.72190651237955
Optimization restart 3/5, f = 75.72190651206523
Optimization restart 4/5, f = 75.72190652107489
Optimization restart 5/5, f = 75.72190651245299
f inputs x:[[-0.51366818  0.5296366 ]] ev:{} outputs y:2.3943078194844047 (n:0.7343594809545778) c:1.0
num acquisition: 123, time elapsed: 21.10s
Optimization restart 1/5, f = 76.85461376627477
Optimization restart 2/5, f = 76.8546138057557
Optimization restart 3/5, f = 76.85461376626338
Optimization restart 4/5, f = 76.85461376626914
Optimization restart 5/5, f = 76.85461376625976
f inputs x:[[-0.51478715  0.52896335]] ev:{} outputs y:1.3542670245534438 (n:-0.313363537999712) c:1.0
num acquisition: 124, time elapsed: 21.40s
Optimization restart 1/5, f = 77.45546453661395
Optimization restart 2/5, f = 77.45546453761499
Optimization restart 3/5, f = 77.45546453897592
Optimization restart 4/5, f = 77.45546453455044
Optimization restart 5/5, f = 77.45546453455013
f inputs x:[[-0.51439742  0.52871215]] ev:{} outputs y:1.948321940578579 (n:0.28252885540710493) c:1.0
num acquisition: 125, time elapsed: 21.64s
Optimization restart 1/5, f = 77.88685048271535
Optimization restart 2/5, f = 77.88685048256505
Optimization restart 3/5, f = 77.88685048256983
Optimization restart 4/5, f = 77.88685048255047
Optimization restart 5/5, f = 77.88685048256396
f inputs x:[[-0.51446026  0.52890791]] ev:{} outputs y:1.5767877935719457 (n:-0.08897293689624726) c:1.0
num acquisition: 126, time elapsed: 21.93s
Optimization restart 1/5, f = 78.27592456785655
Optimization restart 2/5, f = 78.27592456894111
Optimization restart 3/5, f = 78.27592456779685
Optimization restart 4/5, f = 78.27592456779848
Optimization restart 5/5, f = 78.27592456845161
f inputs x:[[-0.51417818  0.52885195]] ev:{} outputs y:2.2860159351027964 (n:0.6218031156880485) c:1.0
num acquisition: 127, time elapsed: 22.22s
Optimization restart 1/5, f = 79.18263016364577
Optimization restart 2/5, f = 79.18263016395844
Optimization restart 3/5, f = 79.18263016386503
Optimization restart 4/5, f = 79.1826301635354
Optimization restart 5/5, f = 79.18263016353617
f inputs x:[[-0.51472715  0.52909525]] ev:{} outputs y:1.1792059598019151 (n:-0.48777121825927733) c:1.0
num acquisition: 128, time elapsed: 22.51s
Optimization restart 1/5, f = 80.08932665463865
Optimization restart 2/5, f = 80.08932665694942
Optimization restart 3/5, f = 80.08932665694576
Optimization restart 4/5, f = 80.08932665455325
Optimization restart 5/5, f = 80.08932665463755
f inputs x:[[-0.51423096  0.52885208]] ev:{} outputs y:1.353291798378854 (n:-0.31122813179268677) c:1.0
num acquisition: 129, time elapsed: 22.80s
Optimization restart 1/5, f = 80.69778278445679
Optimization restart 2/5, f = 80.6977827848211
Optimization restart 3/5, f = 80.69778278501812
Optimization restart 4/5, f = 80.69778278439296
Optimization restart 5/5, f = 80.69778278507842
f inputs x:[[-0.51377451  0.52865787]] ev:{} outputs y:2.0554097840494117 (n:0.3931192537415769) c:1.0
num acquisition: 130, time elapsed: 23.10s
Optimization restart 1/5, f = 81.25082220881802
Optimization restart 2/5, f = 81.25082220880965
Optimization restart 3/5, f = 81.25082220883195
Optimization restart 4/5, f = 81.25082220900937
Optimization restart 5/5, f = 81.25082220920869
f inputs x:[[-0.51402418  0.52886445]] ev:{} outputs y:1.7617058577707883 (n:0.09840348934895388) c:1.0
num acquisition: 131, time elapsed: 23.40s
Optimization restart 1/5, f = 81.60962184903339
Optimization restart 2/5, f = 81.60962184999408
Optimization restart 3/5, f = 81.60962184983546
Optimization restart 4/5, f = 81.60962184871211
Optimization restart 5/5, f = 81.60962187830098
f inputs x:[[-0.51390695  0.52892351]] ev:{} outputs y:1.712907078343274 (n:0.050380448287446436) c:1.0
num acquisition: 132, time elapsed: 23.68s
Optimization restart 1/5, f = 81.96619388159475
Optimization restart 2/5, f = 81.9661938857498
Optimization restart 3/5, f = 81.96619388162006
Optimization restart 4/5, f = 81.9661938817058
Optimization restart 5/5, f = 81.96619391150156
f inputs x:[[-0.51373251  0.52897631]] ev:{} outputs y:2.7396170585804893 (n:1.0781537005168822) c:1.0
num acquisition: 133, time elapsed: 23.94s
Optimization restart 1/5, f = 84.18844953132407
Optimization restart 2/5, f = 84.18844954046772
Optimization restart 3/5, f = 84.18844952567619
Optimization restart 4/5, f = 84.1884495257145
Optimization restart 5/5, f = 84.18844952583024
f inputs x:[[-0.51525074  0.52884582]] ev:{} outputs y:1.0598665507247684 (n:-0.6109775367941198) c:1.0
num acquisition: 134, time elapsed: 24.25s
Optimization restart 1/5, f = 85.37238878412559
Optimization restart 2/5, f = 85.3723887841195
Optimization restart 3/5, f = 85.37238878411642
Optimization restart 4/5, f = 85.37238878787399
Optimization restart 5/5, f = 85.37238878412137
f inputs x:[[-0.51500864  0.52805501]] ev:{} outputs y:1.61668591593054 (n:-0.05443765167758429) c:1.0
num acquisition: 135, time elapsed: 24.56s
Optimization restart 1/5, f = 85.77168572306404
Optimization restart 2/5, f = 85.77168572304451
Optimization restart 3/5, f = 85.77168572429125
Optimization restart 4/5, f = 85.7716857239794
Optimization restart 5/5, f = 85.77168572357533
f inputs x:[[-0.5148957   0.52773758]] ev:{} outputs y:1.7458552286335909 (n:0.07472065247244908) c:1.0
num acquisition: 136, time elapsed: 24.86s
Optimization restart 1/5, f = 86.14892842604752
Optimization restart 2/5, f = 86.14892842530014
Optimization restart 3/5, f = 86.14892847902917
Optimization restart 4/5, f = 86.14892842539415
Optimization restart 5/5, f = 86.1489284254414
f inputs x:[[-0.51480709  0.52769158]] ev:{} outputs y:1.91703563213975 (n:0.2463780524191128) c:1.0
num acquisition: 137, time elapsed: 25.16s
Optimization restart 1/5, f = 86.59006474869324
Optimization restart 2/5, f = 86.59006475152269
Optimization restart 3/5, f = 86.59006474865691
Optimization restart 4/5, f = 86.5900647502617
Optimization restart 5/5, f = 86.59006475068786
f inputs x:[[-0.51474646  0.52810041]] ev:{} outputs y:2.653073670879379 (n:0.9837676597392827) c:1.0
num acquisition: 138, time elapsed: 25.48s
Optimization restart 1/5, f = 88.50373706709757
Optimization restart 2/5, f = 88.5037370651852
Optimization restart 3/5, f = 88.50373706009565
Optimization restart 4/5, f = 88.50373705969152
Optimization restart 5/5, f = 88.50373705988743
f inputs x:[[-0.51527349  0.52965788]] ev:{} outputs y:0.8396366690707651 (n:-0.829496128849617) c:1.0
num acquisition: 139, time elapsed: 25.81s
Optimization restart 1/5, f = 90.30045876249305
Optimization restart 2/5, f = 90.30045876203415
Optimization restart 3/5, f = 90.30045876200738
Optimization restart 4/5, f = 90.3004587623101
Optimization restart 5/5, f = 90.30045876284365
f inputs x:[[-0.51472291  0.52986909]] ev:{} outputs y:1.320406362710183 (n:-0.3449362195212564) c:1.0
num acquisition: 140, time elapsed: 26.14s
Optimization restart 1/5, f = 90.98604059991291
Optimization restart 2/5, f = 90.98604064499814
Optimization restart 3/5, f = 90.98604059989836
Optimization restart 4/5, f = 90.98604059990039
Optimization restart 5/5, f = 90.98604059994722
f inputs x:[[-0.51416124  0.53033938]] ev:{} outputs y:2.401371761905467 (n:0.7400532158831967) c:1.0
num acquisition: 141, time elapsed: 26.46s
Optimization restart 1/5, f = 92.18440393127032
Optimization restart 2/5, f = 92.18440393118757
Optimization restart 3/5, f = 92.18440393140409
Optimization restart 4/5, f = 92.18440393124216
Optimization restart 5/5, f = 92.18440393363949
f inputs x:[[-0.51525275  0.52907319]] ev:{} outputs y:1.6322885642107219 (n:-0.03803917854123265) c:1.0
num acquisition: 142, time elapsed: 26.82s
Optimization restart 1/5, f = 92.60653494625365
Optimization restart 2/5, f = 92.60653494709649
Optimization restart 3/5, f = 92.60653495024455
Optimization restart 4/5, f = 92.60653494628744
Optimization restart 5/5, f = 92.60653494620229
f inputs x:[[-0.5150917   0.52903601]] ev:{} outputs y:1.3345389563126226 (n:-0.3348409668373128) c:1.0
num acquisition: 143, time elapsed: 27.16s
Optimization restart 1/5, f = 93.28058101050354
Optimization restart 2/5, f = 93.28058101646964
Optimization restart 3/5, f = 93.28058101022614
Optimization restart 4/5, f = 93.28058100859856
Optimization restart 5/5, f = 93.28058101116561
f inputs x:[[-0.5148066   0.52880203]] ev:{} outputs y:1.5817181631813944 (n:-0.08638738905180768) c:1.0
num acquisition: 144, time elapsed: 27.52s
Optimization restart 1/5, f = 93.72320207201673
Optimization restart 2/5, f = 93.72320207211601
Optimization restart 3/5, f = 93.72320207218135
Optimization restart 4/5, f = 93.72320207230594
Optimization restart 5/5, f = 93.723202074641
f inputs x:[[-0.51461312  0.52869264]] ev:{} outputs y:0.8509117841233551 (n:-0.8162334692773592) c:1.0
num acquisition: 145, time elapsed: 27.86s
Optimization restart 1/5, f = 95.44720221236689
Optimization restart 2/5, f = 95.4471867734308
Optimization restart 3/5, f = 95.44718675971589
Optimization restart 4/5, f = 95.44718676039439
Optimization restart 5/5, f = 95.44718675942951
f inputs x:[[-0.51422745  0.52777678]] ev:{} outputs y:1.5368281779879611 (n:-0.1299289585593465) c:1.0
num acquisition: 146, time elapsed: 28.20s
Optimization restart 1/5, f = 95.91810609072678
Optimization restart 2/5, f = 95.91810609088978
Optimization restart 3/5, f = 95.91810609068894
Optimization restart 4/5, f = 95.91810609132628
Optimization restart 5/5, f = 95.91810610285438
f inputs x:[[-0.51407358  0.52731419]] ev:{} outputs y:0.6988873878444287 (n:-0.9679292520460033) c:1.0
num acquisition: 147, time elapsed: 28.60s
Optimization restart 1/5, f = 98.0821791332667
Optimization restart 2/5, f = 98.08217599694414
Optimization restart 3/5, f = 98.08217599681177
Optimization restart 4/5, f = 98.08217601180061
Optimization restart 5/5, f = 98.08217599910361
f inputs x:[[-0.51410275  0.52420607]] ev:{} outputs y:2.328793546558841 (n:0.6541789688326888) c:1.0
num acquisition: 148, time elapsed: 28.94s
Optimization restart 1/5, f = 99.16596457639132
Optimization restart 2/5, f = 99.16596457856754
Optimization restart 3/5, f = 99.16596457631883
Optimization restart 4/5, f = 99.1659645769937
Optimization restart 5/5, f = 99.16596468232403
f inputs x:[[-0.51347171  0.52854863]] ev:{} outputs y:1.9459585870272014 (n:0.2851326282912165) c:1.0
num acquisition: 149, time elapsed: 29.31s
Optimization restart 1/5, f = 99.69445585965872
Optimization restart 2/5, f = 99.6944560290051
Optimization restart 3/5, f = 99.69445585902419
Optimization restart 4/5, f = 99.69445586147977
Optimization restart 5/5, f = 99.69445585915565
f inputs x:[[-0.51359962  0.52867642]] ev:{} outputs y:2.2224913885580952 (n:0.5612028170945869) c:1.0
num acquisition: 150, time elapsed: 29.67s
Optimization restart 1/5, f = 100.5709084852201
Optimization restart 2/5, f = 100.5709084846642
Optimization restart 3/5, f = 100.57090848459212
Optimization restart 4/5, f = 100.57090849583493
Optimization restart 5/5, f = 100.57090848512348
f inputs x:[[-0.51409124  0.52881729]] ev:{} outputs y:1.2525912605102278 (n:-0.41118782114992825) c:1.0
num acquisition: 151, time elapsed: 30.02s
Optimization restart 1/5, f = 101.36372500122664
Optimization restart 2/5, f = 101.36367957562842
Optimization restart 3/5, f = 101.36367952601783
Optimization restart 4/5, f = 101.3636795263935
Optimization restart 5/5, f = 101.3636795380015
f inputs x:[[-0.51361928  0.52866717]] ev:{} outputs y:1.1677194544766363 (n:-0.4936938230091625) c:1.0
num acquisition: 152, time elapsed: 30.38s
Optimization restart 1/5, f = 102.2937512295458
Optimization restart 2/5, f = 102.29371456600248
Optimization restart 3/5, f = 102.29371456587344
Optimization restart 4/5, f = 102.2937145658016
Optimization restart 5/5, f = 102.29371456924153
f inputs x:[[-0.51302142  0.52847217]] ev:{} outputs y:1.086072739055087 (n:-0.5725095432988375) c:1.0
num acquisition: 153, time elapsed: 30.75s
Optimization restart 1/5, f = 103.37317159190782
Optimization restart 2/5, f = 103.373143228633
Optimization restart 3/5, f = 103.37314322836224
Optimization restart 4/5, f = 103.37314322835914
Optimization restart 5/5, f = 103.37314322862802
f inputs x:[[-0.51226124  0.52822495]] ev:{} outputs y:1.2754992327427215 (n:-0.37973577430519684) c:1.0
num acquisition: 154, time elapsed: 31.12s
Optimization restart 1/5, f = 104.11727050462541
Optimization restart 2/5, f = 104.11727050316577
Optimization restart 3/5, f = 104.11727050348982
Optimization restart 4/5, f = 104.11727051524188
Optimization restart 5/5, f = 104.117270503837
f inputs x:[[-0.51156012  0.52808448]] ev:{} outputs y:2.1660178449904888 (n:0.5137284585252032) c:1.0
num acquisition: 155, time elapsed: 31.52s
Optimization restart 1/5, f = 104.9331834715402
Optimization restart 2/5, f = 104.93318348644459
Optimization restart 3/5, f = 104.9331834697309
Optimization restart 4/5, f = 104.93318346975913
Optimization restart 5/5, f = 104.93318347138627
f inputs x:[[-0.51223678  0.52818418]] ev:{} outputs y:2.112449139714997 (n:0.45726885966189335) c:1.0
num acquisition: 156, time elapsed: 31.92s
Optimization restart 1/5, f = 105.66828778690218
Optimization restart 2/5, f = 105.66828778985666
Optimization restart 3/5, f = 105.6682877868574
Optimization restart 4/5, f = 105.66828778707095
Optimization restart 5/5, f = 105.66828801120985
f inputs x:[[-0.51270691  0.52834724]] ev:{} outputs y:2.1659400218109495 (n:0.5087408806109881) c:1.0
num acquisition: 157, time elapsed: 32.29s
Optimization restart 1/5, f = 106.48009540266989
Optimization restart 2/5, f = 106.48009540268208
Optimization restart 3/5, f = 106.48009545248274
Optimization restart 4/5, f = 106.48009540340529
Optimization restart 5/5, f = 106.48009540264086
f inputs x:[[-0.51320428  0.52850863]] ev:{} outputs y:1.6561026440986395 (n:-0.003367167104857793) c:1.0
num acquisition: 158, time elapsed: 32.66s
Optimization restart 1/5, f = 106.93767096242348
Optimization restart 2/5, f = 106.93767096227653
Optimization restart 3/5, f = 106.93767096254932
Optimization restart 4/5, f = 106.93767096449126
Optimization restart 5/5, f = 106.93767096226952
f inputs x:[[-0.5130107   0.52852896]] ev:{} outputs y:1.518338255094846 (n:-0.1400938484860676) c:1.0
num acquisition: 159, time elapsed: 33.03s
Optimization restart 1/5, f = 107.4492951043322
Optimization restart 2/5, f = 107.44929510452378
Optimization restart 3/5, f = 107.44929510417764
Optimization restart 4/5, f = 107.44929510518315
Optimization restart 5/5, f = 107.44929510406183
f inputs x:[[-0.51265748  0.52852882]] ev:{} outputs y:0.7635542324682743 (n:-0.8931153228291524) c:1.0
num acquisition: 160, time elapsed: 33.43s
Optimization restart 1/5, f = 109.37788700385447
Optimization restart 2/5, f = 109.37788167934406
Optimization restart 3/5, f = 109.37788168351514
Optimization restart 4/5, f = 109.37788167947099
Optimization restart 5/5, f = 109.37788168743297
f inputs x:[[-0.51155699  0.5283576 ]] ev:{} outputs y:1.411608839259506 (n:-0.2403281990652869) c:1.0
num acquisition: 161, time elapsed: 33.84s
Optimization restart 1/5, f = 109.97339693324481
Optimization restart 2/5, f = 109.97339692827721
Optimization restart 3/5, f = 109.97339692997649
Optimization restart 4/5, f = 109.97339692869498
Optimization restart 5/5, f = 109.9733969282755
f inputs x:[[-0.51091473  0.5284937 ]] ev:{} outputs y:1.9036499136241796 (n:0.254378456457205) c:1.0
num acquisition: 162, time elapsed: 34.30s
Optimization restart 1/5, f = 110.51098453022037
Optimization restart 2/5, f = 110.51098452692592
Optimization restart 3/5, f = 110.51098453442076
Optimization restart 4/5, f = 110.51098453068421
Optimization restart 5/5, f = 110.51098452903796
f inputs x:[[-0.5111689   0.52842362]] ev:{} outputs y:1.132287698326281 (n:-0.5180144804022911) c:1.0
num acquisition: 163, time elapsed: 34.73s
Optimization restart 1/5, f = 111.49960636378204
Optimization restart 2/5, f = 111.49957999351264
Optimization restart 3/5, f = 111.4995799943222
Optimization restart 4/5, f = 111.49957999355418
Optimization restart 5/5, f = 111.49957999236369
f inputs x:[[-0.51001228  0.52877427]] ev:{} outputs y:1.5875725393062965 (n:-0.058486507190022546) c:1.0
num acquisition: 164, time elapsed: 35.08s
Optimization restart 1/5, f = 111.98305939665859
Optimization restart 2/5, f = 111.98305939647551
Optimization restart 3/5, f = 111.98305939648014
Optimization restart 4/5, f = 111.98305939630225
Optimization restart 5/5, f = 111.98305939840473
f inputs x:[[-0.50951875  0.52913527]] ev:{} outputs y:1.4758123866696033 (n:-0.16871952474229915) c:1.0
num acquisition: 165, time elapsed: 35.44s
Optimization restart 1/5, f = 112.52457651313131
Optimization restart 2/5, f = 112.52457651309602
Optimization restart 3/5, f = 112.52457651314593
Optimization restart 4/5, f = 112.52457653155349
Optimization restart 5/5, f = 112.52457651310023
f inputs x:[[-0.50863662  0.52993734]] ev:{} outputs y:1.9913613503477188 (n:0.3487801905473142) c:1.0
num acquisition: 166, time elapsed: 35.82s
Optimization restart 1/5, f = 113.148135092494
Optimization restart 2/5, f = 113.14813508523935
Optimization restart 3/5, f = 113.14813508532106
Optimization restart 4/5, f = 113.14813508564734
Optimization restart 5/5, f = 113.14813520258386
f inputs x:[[-0.50954247  0.52885219]] ev:{} outputs y:1.8654599268882686 (n:0.22074362330873537) c:1.0
num acquisition: 167, time elapsed: 36.20s
Optimization restart 1/5, f = 113.66829928354801
Optimization restart 2/5, f = 113.66829928195172
Optimization restart 3/5, f = 113.66829928308812
Optimization restart 4/5, f = 113.66829928244195
Optimization restart 5/5, f = 113.66829930660955
f inputs x:[[-0.50981437  0.52865334]] ev:{} outputs y:-0.07518871746025213 (n:-1.720748866819155) c:1.0
num acquisition: 168, time elapsed: 36.58s
Optimization restart 1/5, f = 119.19126831748743
Optimization restart 2/5, f = 119.19119366189163
Optimization restart 3/5, f = 119.19119375101681
Optimization restart 4/5, f = 119.19119366197833
Optimization restart 5/5, f = 119.1911936720068
f inputs x:[[-0.50623646  0.53065986]] ev:{} outputs y:2.069204676542313 (n:0.4277663686374977) c:1.0
num acquisition: 169, time elapsed: 36.94s
Optimization restart 1/5, f = 119.93690540106441
Optimization restart 2/5, f = 119.9369054000383
Optimization restart 3/5, f = 119.93690539835438
Optimization restart 4/5, f = 119.93690539847576
Optimization restart 5/5, f = 119.93690541071132
f inputs x:[[-0.5078978   0.52847542]] ev:{} outputs y:1.4410754250080584 (n:-0.20031169494680584) c:1.0
num acquisition: 170, time elapsed: 37.34s
Optimization restart 1/5, f = 120.52279051919066
Optimization restart 2/5, f = 120.52279052154577
Optimization restart 3/5, f = 120.52279051823962
Optimization restart 4/5, f = 120.52279051925986
Optimization restart 5/5, f = 120.522790522185
f inputs x:[[-0.50690168  0.52918039]] ev:{} outputs y:1.7795465811698394 (n:0.13906777323241365) c:1.0
num acquisition: 171, time elapsed: 37.73s
Optimization restart 1/5, f = 121.04152059499152
Optimization restart 2/5, f = 121.04152059554386
Optimization restart 3/5, f = 121.04152059664563
Optimization restart 4/5, f = 121.04152059500794
Optimization restart 5/5, f = 121.04152059492952
f inputs x:[[-0.50701086  0.52908157]] ev:{} outputs y:1.3841314409753496 (n:-0.2563766172851011) c:1.0
num acquisition: 172, time elapsed: 38.15s
Optimization restart 1/5, f = 121.6738776379566
Optimization restart 2/5, f = 121.67387763818576
Optimization restart 3/5, f = 121.67387763838406
Optimization restart 4/5, f = 121.67387763863744
Optimization restart 5/5, f = 121.6738776403442
f inputs x:[[-0.50561739  0.53042853]] ev:{} outputs y:2.076273619850778 (n:0.4347531972071934) c:1.0
num acquisition: 173, time elapsed: 38.60s
Optimization restart 1/5, f = 122.43616958552239
Optimization restart 2/5, f = 122.43616958568202
Optimization restart 3/5, f = 122.4361695902387
Optimization restart 4/5, f = 122.43616958548562
Optimization restart 5/5, f = 122.43616958550791
f inputs x:[[-0.5073593   0.52817562]] ev:{} outputs y:1.55111618113049 (n:-0.08947681669297827) c:1.0
num acquisition: 174, time elapsed: 39.05s
Optimization restart 1/5, f = 122.96215856264067
Optimization restart 2/5, f = 122.96215856142801
Optimization restart 3/5, f = 122.96215856994897
Optimization restart 4/5, f = 122.96215856365168
Optimization restart 5/5, f = 122.96215856133412
f inputs x:[[-0.50671541  0.52859668]] ev:{} outputs y:1.7914716512622961 (n:0.15138571180921206) c:1.0
num acquisition: 175, time elapsed: 39.51s
Optimization restart 1/5, f = 123.48690891443994
Optimization restart 2/5, f = 123.48690891474314
Optimization restart 3/5, f = 123.48690891418538
Optimization restart 4/5, f = 123.48690893307423
Optimization restart 5/5, f = 123.48690891422677
f inputs x:[[-0.506863    0.52849547]] ev:{} outputs y:0.8734810498707768 (n:-0.7666749150065846) c:1.0
num acquisition: 176, time elapsed: 39.95s
Optimization restart 1/5, f = 125.0076428770943
Optimization restart 2/5, f = 125.00763817633904
Optimization restart 3/5, f = 125.00763798506334
Optimization restart 4/5, f = 125.007637985419
Optimization restart 5/5, f = 125.00763798601963
f inputs x:[[-0.50399543  0.5307314 ]] ev:{} outputs y:1.0930744507523749 (n:-0.550987098315997) c:1.0
num acquisition: 177, time elapsed: 40.39s
Optimization restart 1/5, f = 126.0311931150009
Optimization restart 2/5, f = 126.03117274102627
Optimization restart 3/5, f = 126.03117274203157
Optimization restart 4/5, f = 126.03117274103585
Optimization restart 5/5, f = 126.03117274102584
f inputs x:[[-0.5002439   0.53594306]] ev:{} outputs y:1.4303623304956268 (n:-0.24282282089196186) c:1.0
num acquisition: 178, time elapsed: 40.86s
Optimization restart 1/5, f = 126.62576885290798
Optimization restart 2/5, f = 126.62576885137969
Optimization restart 3/5, f = 126.6257688512922
Optimization restart 4/5, f = 126.62576885211789
Optimization restart 5/5, f = 126.6257688547037
f inputs x:[[-0.49716776  0.54157797]] ev:{} outputs y:1.7275706595133293 (n:0.005230166351219152) c:1.0
num acquisition: 179, time elapsed: 41.31s
Optimization restart 1/5, f = 127.15470539977325
Optimization restart 2/5, f = 127.15470539992012
Optimization restart 3/5, f = 127.15470540514173
Optimization restart 4/5, f = 127.15470566121958
Optimization restart 5/5, f = 127.15470539937633
f inputs x:[[-0.49747085  0.54095772]] ev:{} outputs y:1.157487781267866 (n:-0.55883829373639) c:1.0
num acquisition: 180, time elapsed: 41.78s
Optimization restart 1/5, f = 128.05428724924852
Optimization restart 2/5, f = 128.0542872423763
Optimization restart 3/5, f = 128.05428724216014
Optimization restart 4/5, f = 128.05428724213016
Optimization restart 5/5, f = 128.05428724292648
f inputs x:[[-0.48985229  0.55603019]] ev:{} outputs y:2.073984957568584 (n:0.16246976719810316) c:1.0
num acquisition: 181, time elapsed: 42.27s
Optimization restart 1/5, f = 128.87808875777424
Optimization restart 2/5, f = 128.87805038553
Optimization restart 3/5, f = 128.87805037056643
Optimization restart 4/5, f = 128.87805249188597
Optimization restart 5/5, f = 128.87805039657442
f inputs x:[[-0.49880662  0.53619617]] ev:{} outputs y:1.0392345412172361 (n:-0.644251543277208) c:1.0
num acquisition: 182, time elapsed: 42.73s
Optimization restart 1/5, f = 129.9850620870654
Optimization restart 2/5, f = 129.98504039493764
Optimization restart 3/5, f = 129.9850403943746
Optimization restart 4/5, f = 129.9850403939068
Optimization restart 5/5, f = 129.9850404029612
f inputs x:[[-0.4928635  0.5464426]] ev:{} outputs y:2.444790902283348 (n:0.6459263636059963) c:1.0
num acquisition: 183, time elapsed: 43.20s
Optimization restart 1/5, f = 131.5002908823674
Optimization restart 2/5, f = 131.500263125812
Optimization restart 3/5, f = 131.50026312881732
Optimization restart 4/5, f = 131.500263691288
Optimization restart 5/5, f = 131.50026313385217
f inputs x:[[-0.50361779  0.52377958]] ev:{} outputs y:2.0390490575527256 (n:0.40305946237441326) c:1.0
num acquisition: 184, time elapsed: 43.67s
Optimization restart 1/5, f = 132.2552679817564
Optimization restart 2/5, f = 132.2552679827754
Optimization restart 3/5, f = 132.2552679822214
Optimization restart 4/5, f = 132.25526799208944
Optimization restart 5/5, f = 132.2552679914182
f inputs x:[[-0.50420973  0.5252765 ]] ev:{} outputs y:1.537188719455756 (n:-0.0999611735445794) c:1.0
num acquisition: 185, time elapsed: 44.18s
Optimization restart 1/5, f = 132.80169777695488
Optimization restart 2/5, f = 132.8016978296315
Optimization restart 3/5, f = 132.8016977760364
Optimization restart 4/5, f = 132.80169777509462
Optimization restart 5/5, f = 132.801697775013
f inputs x:[[-0.50377412  0.52482013]] ev:{} outputs y:1.1587917385165891 (n:-0.4780025355248399) c:1.0
num acquisition: 186, time elapsed: 44.62s
Optimization restart 1/5, f = 133.71647101498525
Optimization restart 2/5, f = 133.71645945796814
Optimization restart 3/5, f = 133.71645945794228
Optimization restart 4/5, f = 133.71645945794856
Optimization restart 5/5, f = 133.7164594609606
f inputs x:[[-0.50261064  0.52305571]] ev:{} outputs y:1.7836127063508427 (n:0.14814614460284178) c:1.0
num acquisition: 187, time elapsed: 45.12s
Optimization restart 1/5, f = 134.2696464900023
Optimization restart 2/5, f = 134.26964648994374
Optimization restart 3/5, f = 134.2696464901993
Optimization restart 4/5, f = 134.26964649001917
Optimization restart 5/5, f = 134.2696464948562
f inputs x:[[-0.50270485  0.52347268]] ev:{} outputs y:2.008159750662143 (n:0.3723289896060342) c:1.0
num acquisition: 188, time elapsed: 45.68s
Optimization restart 1/5, f = 134.9970263407481
Optimization restart 2/5, f = 134.9970263377592
Optimization restart 3/5, f = 134.9970263365572
Optimization restart 4/5, f = 134.99702638260467
Optimization restart 5/5, f = 134.9970263391565
f inputs x:[[-0.50326405  0.52483678]] ev:{} outputs y:1.5436498278960953 (n:-0.0932947868365362) c:1.0
num acquisition: 189, time elapsed: 46.18s
Optimization restart 1/5, f = 135.5425573542769
Optimization restart 2/5, f = 135.5425573520605
Optimization restart 3/5, f = 135.542557350981
Optimization restart 4/5, f = 135.54255735098548
Optimization restart 5/5, f = 135.54255735105772
f inputs x:[[-0.50284411  0.52439571]] ev:{} outputs y:1.5673132303542034 (n:-0.06939101768014927) c:1.0
num acquisition: 190, time elapsed: 46.65s
Optimization restart 1/5, f = 136.07993892374438
Optimization restart 2/5, f = 136.07993892577298
Optimization restart 3/5, f = 136.0799389235791
Optimization restart 4/5, f = 136.07993892419256
Optimization restart 5/5, f = 136.0799389249649
f inputs x:[[-0.50248809  0.52396948]] ev:{} outputs y:1.6880184989650666 (n:0.051554294960991676) c:1.0
num acquisition: 191, time elapsed: 47.15s
Optimization restart 1/5, f = 136.6072654329111
Optimization restart 2/5, f = 136.60726543230584
Optimization restart 3/5, f = 136.60726543230822
Optimization restart 4/5, f = 136.60726543230493
Optimization restart 5/5, f = 136.607265432342
f inputs x:[[-0.5023971   0.52393476]] ev:{} outputs y:1.4855757461891481 (n:-0.1509140563203912) c:1.0
num acquisition: 192, time elapsed: 47.70s
Optimization restart 1/5, f = 137.1770955439287
Optimization restart 2/5, f = 137.17709554111943
Optimization restart 3/5, f = 137.17709570574772
Optimization restart 4/5, f = 137.17709554162127
Optimization restart 5/5, f = 137.17709554033118
f inputs x:[[-0.50189471  0.52315794]] ev:{} outputs y:2.5729258023126365 (n:0.9369495202785512) c:1.0
num acquisition: 193, time elapsed: 48.23s
Optimization restart 1/5, f = 139.08035720054565
Optimization restart 2/5, f = 139.08024708186636
Optimization restart 3/5, f = 139.08024708320085
Optimization restart 4/5, f = 139.08024708283313
Optimization restart 5/5, f = 139.08024708187244
f inputs x:[[-0.50373474  0.52690417]] ev:{} outputs y:1.1223614482250182 (n:-0.5165386452077297) c:1.0
num acquisition: 194, time elapsed: 48.80s
Optimization restart 1/5, f = 140.07398201882864
Optimization restart 2/5, f = 140.0739704404032
Optimization restart 3/5, f = 140.07397044118392
Optimization restart 4/5, f = 140.07397044027678
Optimization restart 5/5, f = 140.0739704812978
f inputs x:[[-0.50215827  0.52683238]] ev:{} outputs y:2.0267565706763118 (n:0.3858437462618273) c:1.0
num acquisition: 195, time elapsed: 49.30s
Optimization restart 1/5, f = 140.83297343856714
Optimization restart 2/5, f = 140.83297343903328
Optimization restart 3/5, f = 140.83297344842316
Optimization restart 4/5, f = 140.83297343904465
Optimization restart 5/5, f = 140.8329734384858
f inputs x:[[-0.50313317  0.52674667]] ev:{} outputs y:1.8855029350752925 (n:0.24620428455094667) c:1.0
num acquisition: 196, time elapsed: 49.92s
Optimization restart 1/5, f = 141.45352870098213
Optimization restart 2/5, f = 141.45352870700341
Optimization restart 3/5, f = 141.45352870089914
Optimization restart 4/5, f = 141.45352870125924
Optimization restart 5/5, f = 141.45352870092228
f inputs x:[[-0.50357124  0.52680643]] ev:{} outputs y:2.2640234194397 (n:0.625100829308099) c:1.0
num acquisition: 197, time elapsed: 50.47s
Optimization restart 1/5, f = 142.5828624622223
Optimization restart 2/5, f = 142.5827819214818
Optimization restart 3/5, f = 142.58278192486097
Optimization restart 4/5, f = 142.5827819256335
Optimization restart 5/5, f = 142.58278192788754
f inputs x:[[-0.50504383  0.52690812]] ev:{} outputs y:1.6737548285557067 (n:0.035323235602094036) c:1.0
num acquisition: 198, time elapsed: 51.03s
Optimization restart 1/5, f = 143.1221312407876
Optimization restart 2/5, f = 143.1221312341247
Optimization restart 3/5, f = 143.12213123063506
Optimization restart 4/5, f = 143.12213123188445
Optimization restart 5/5, f = 143.12213123058126
f inputs x:[[-0.50489571  0.52692377]] ev:{} outputs y:1.6834697670734757 (n:0.04503195062846345) c:1.0
num acquisition: 199, time elapsed: 51.63s
Optimization restart 1/5, f = 143.66171510204066
Optimization restart 2/5, f = 143.66171510136024
Optimization restart 3/5, f = 143.66171510124377
Optimization restart 4/5, f = 143.66171510104846
Optimization restart 5/5, f = 143.6617151173441
f inputs x:[[-0.50476923  0.52694854]] ev:{} outputs y:2.1963888155510274 (n:0.5579228094310188) c:1.0
num acquisition: 200, time elapsed: 52.26s
Optimization restart 1/5, f = 144.66564158861718
Optimization restart 2/5, f = 144.66556775284806
Optimization restart 3/5, f = 144.66556775225203
Optimization restart 4/5, f = 144.66556775233224
Optimization restart 5/5, f = 144.66556775221625
f inputs x:[[-0.50584873  0.52715604]] ev:{} outputs y:1.4125630466342118 (n:-0.2262896271813151) c:1.0
num acquisition: 201, time elapsed: 52.85s
Optimization restart 1/5, f = 145.31145831263674
Optimization restart 2/5, f = 145.31145831265468
Optimization restart 3/5, f = 145.31145846268646
Optimization restart 4/5, f = 145.31145831250922
Optimization restart 5/5, f = 145.3114583178659
f inputs x:[[-0.50521399  0.52702012]] ev:{} outputs y:1.6071607212871353 (n:-0.03137397306637762) c:1.0
num acquisition: 202, time elapsed: 53.46s
Optimization restart 1/5, f = 145.85793754429397
Optimization restart 2/5, f = 145.85793755214218
Optimization restart 3/5, f = 145.85793754333923
Optimization restart 4/5, f = 145.85793754324493
Optimization restart 5/5, f = 145.8579375433878
f inputs x:[[-0.50493274  0.52700698]] ev:{} outputs y:1.9800576705774802 (n:0.34155467925746025) c:1.0
num acquisition: 203, time elapsed: 54.04s
Optimization restart 1/5, f = 146.5643634765508
Optimization restart 2/5, f = 146.5642987939553
Optimization restart 3/5, f = 146.56429879391567
Optimization restart 4/5, f = 146.5642987992414
Optimization restart 5/5, f = 146.56429879966194
f inputs x:[[-0.505469    0.52713622]] ev:{} outputs y:1.3862775077745977 (n:-0.25239631138217644) c:1.0
num acquisition: 204, time elapsed: 54.62s
Optimization restart 1/5, f = 147.23458331264413
Optimization restart 2/5, f = 147.23458331046564
Optimization restart 3/5, f = 147.2345833115585
Optimization restart 4/5, f = 147.23458331046731
Optimization restart 5/5, f = 147.23458334842434
f inputs x:[[-0.50476654  0.52702915]] ev:{} outputs y:0.9934596718916808 (n:-0.6450746924505959) c:1.0
num acquisition: 205, time elapsed: 55.22s
Optimization restart 1/5, f = 148.5150476463761
Optimization restart 2/5, f = 148.5150426647953
Optimization restart 3/5, f = 148.51504266183798
Optimization restart 4/5, f = 148.51504266183693
Optimization restart 5/5, f = 148.51504267410473
f inputs x:[[-0.50323128  0.5267954 ]] ev:{} outputs y:1.7584077975184285 (n:0.11915652959754422) c:1.0
num acquisition: 206, time elapsed: 55.77s
Optimization restart 1/5, f = 149.0773887854236
Optimization restart 2/5, f = 149.07738880112038
Optimization restart 3/5, f = 149.07738884746848
Optimization restart 4/5, f = 149.07738880284168
Optimization restart 5/5, f = 149.07738878928586
f inputs x:[[-0.50330539  0.52684128]] ev:{} outputs y:1.3054128110705627 (n:-0.333817096568635) c:1.0
num acquisition: 207, time elapsed: 56.34s
Optimization restart 1/5, f = 149.82736096950396
Optimization restart 2/5, f = 149.82733949900467
Optimization restart 3/5, f = 149.82733949293834
Optimization restart 4/5, f = 149.827339492887
Optimization restart 5/5, f = 149.8273394931419
f inputs x:[[-0.50224807  0.52687803]] ev:{} outputs y:2.7066999125339244 (n:1.0658761239917627) c:1.0
num acquisition: 208, time elapsed: 56.87s
Optimization restart 1/5, f = 152.18694272585964
Optimization restart 2/5, f = 152.18687639213854
Optimization restart 3/5, f = 152.1868763936053
Optimization restart 4/5, f = 152.1868763938172
Optimization restart 5/5, f = 152.18687639186984
f inputs x:[[-0.50528745  0.52632843]] ev:{} outputs y:2.119029138542873 (n:0.4809069176902206) c:1.0
num acquisition: 209, time elapsed: 57.44s
Optimization restart 1/5, f = 153.08158577136703
Optimization restart 2/5, f = 153.0815207398341
Optimization restart 3/5, f = 153.0815205517793
Optimization restart 4/5, f = 153.08152055097716
Optimization restart 5/5, f = 153.08152055084338
f inputs x:[[-0.50596035  0.52690094]] ev:{} outputs y:1.9935988020334514 (n:0.3547923375058151) c:1.0
num acquisition: 210, time elapsed: 57.99s
Optimization restart 1/5, f = 153.81450858963808
Optimization restart 2/5, f = 153.81444898135513
Optimization restart 3/5, f = 153.81444897309274
Optimization restart 4/5, f = 153.8144489729932
Optimization restart 5/5, f = 153.81444897359512
f inputs x:[[-0.50639068  0.52716499]] ev:{} outputs y:1.8211822856032065 (n:0.181914857501643) c:1.0
num acquisition: 211, time elapsed: 58.60s
Optimization restart 1/5, f = 154.41121813357535
Optimization restart 2/5, f = 154.41121813463505
Optimization restart 3/5, f = 154.41121814118702
Optimization restart 4/5, f = 154.4112181398133
Optimization restart 5/5, f = 154.41121813267455
f inputs x:[[-0.50650966  0.52726567]] ev:{} outputs y:0.8477048891573807 (n:-0.7917095677633693) c:1.0
num acquisition: 212, time elapsed: 59.18s
Optimization restart 1/5, f = 156.06290196242165
Optimization restart 2/5, f = 156.06290105592242
Optimization restart 3/5, f = 156.0629010558775
Optimization restart 4/5, f = 156.06290105587502
Optimization restart 5/5, f = 156.06290105630515
f inputs x:[[-0.50519852  0.52669101]] ev:{} outputs y:1.8578969766523104 (n:0.21958767804557658) c:1.0
num acquisition: 213, time elapsed: 59.75s
Optimization restart 1/5, f = 156.68847873975338
Optimization restart 2/5, f = 156.6884260362486
Optimization restart 3/5, f = 156.6884260683203
Optimization restart 4/5, f = 156.68842605953853
Optimization restart 5/5, f = 156.68842603662875
f inputs x:[[-0.50541468  0.52684662]] ev:{} outputs y:1.2442949477367975 (n:-0.3941816242746364) c:1.0
num acquisition: 214, time elapsed: 60.30s
Optimization restart 1/5, f = 157.53580109084837
Optimization restart 2/5, f = 157.53578461806345
Optimization restart 3/5, f = 157.5357846180542
Optimization restart 4/5, f = 157.53578461806558
Optimization restart 5/5, f = 157.53578461806399
f inputs x:[[-0.50456662  0.52650935]] ev:{} outputs y:1.4298689389070507 (n:-0.20825212395951995) c:1.0
num acquisition: 215, time elapsed: 60.93s
Optimization restart 1/5, f = 158.18565365408222
Optimization restart 2/5, f = 158.1856260907616
Optimization restart 3/5, f = 158.1856260845696
Optimization restart 4/5, f = 158.18562608476046
Optimization restart 5/5, f = 158.18562608412844
f inputs x:[[-0.5039923   0.52629338]] ev:{} outputs y:1.9691307239850426 (n:0.3310532515664136) c:1.0
num acquisition: 216, time elapsed: 61.55s
Optimization restart 1/5, f = 158.90866206164037
Optimization restart 2/5, f = 158.9086044428745
Optimization restart 3/5, f = 158.90860444291081
Optimization restart 4/5, f = 158.90860444284266
Optimization restart 5/5, f = 158.9086044428533
f inputs x:[[-0.5044786   0.52655964]] ev:{} outputs y:1.106136794572165 (n:-0.5320397860161825) c:1.0
num acquisition: 217, time elapsed: 62.18s
Optimization restart 1/5, f = 159.9730345050049
Optimization restart 2/5, f = 159.9730258147602
Optimization restart 3/5, f = 159.97302580240233
Optimization restart 4/5, f = 159.9730258024033
Optimization restart 5/5, f = 159.97302580302488
f inputs x:[[-0.50332648  0.52609539]] ev:{} outputs y:0.5684680789521428 (n:-1.0698114218733235) c:1.0
num acquisition: 218, time elapsed: 62.84s
Optimization restart 1/5, f = 162.43755154639703
Optimization restart 2/5, f = 162.43754505567938
Optimization restart 3/5, f = 162.43754505549578
Optimization restart 4/5, f = 162.43754505553315
Optimization restart 5/5, f = 162.43754505753873
f inputs x:[[-0.50110934  0.52487492]] ev:{} outputs y:1.1783709310208352 (n:-0.4611905244844158) c:1.0
num acquisition: 219, time elapsed: 63.46s
Optimization restart 1/5, f = 163.3580923835878
Optimization restart 2/5, f = 163.35808164226233
Optimization restart 3/5, f = 163.35808162977435
Optimization restart 4/5, f = 163.35808162990898
Optimization restart 5/5, f = 163.35808165349093
f inputs x:[[-0.49990355  0.52397627]] ev:{} outputs y:1.7493411144429736 (n:0.10880453374423203) c:1.0
num acquisition: 220, time elapsed: 64.13s
Optimization restart 1/5, f = 163.95437148404798
Optimization restart 2/5, f = 163.95437148459314
Optimization restart 3/5, f = 163.95437148379494
Optimization restart 4/5, f = 163.9543714837914
Optimization restart 5/5, f = 163.95437149110973
f inputs x:[[-0.49999043  0.52415119]] ev:{} outputs y:0.9863464397884899 (n:-0.6543238479249557) c:1.0
num acquisition: 221, time elapsed: 64.81s
Optimization restart 1/5, f = 165.20978928243875
Optimization restart 2/5, f = 165.2097870209205
Optimization restart 3/5, f = 165.20978701752085
Optimization restart 4/5, f = 165.20978701967798
Optimization restart 5/5, f = 165.20978701734015
f inputs x:[[-0.49837832  0.52252804]] ev:{} outputs y:2.148589940336415 (n:0.5069699455782392) c:1.0
num acquisition: 222, time elapsed: 65.43s
Optimization restart 1/5, f = 166.2110456712023
Optimization restart 2/5, f = 166.2109779475704
Optimization restart 3/5, f = 166.21097794982398
Optimization restart 4/5, f = 166.21097795664
Optimization restart 5/5, f = 166.21097794792985
f inputs x:[[-0.49938462  0.52427007]] ev:{} outputs y:0.5493260558142272 (n:-1.0932085735796833) c:1.0
num acquisition: 223, time elapsed: 66.09s
Optimization restart 1/5, f = 168.64442412380933
Optimization restart 2/5, f = 168.64441308332007
Optimization restart 3/5, f = 168.64441306393283
Optimization restart 4/5, f = 168.64441306386124
Optimization restart 5/5, f = 168.64441306392203
f inputs x:[[-0.49668091  0.52205763]] ev:{} outputs y:2.653244843125081 (n:1.006907102323094) c:1.0
num acquisition: 224, time elapsed: 66.78s
Optimization restart 1/5, f = 170.8549792231677
Optimization restart 2/5, f = 170.85491030050252
Optimization restart 3/5, f = 170.85491030140912
Optimization restart 4/5, f = 170.8549103003126
Optimization restart 5/5, f = 170.8549103002895
f inputs x:[[-0.49922178  0.52548673]] ev:{} outputs y:0.6500527370148237 (n:-0.9958133513565053) c:1.0
num acquisition: 225, time elapsed: 67.48s
Optimization restart 1/5, f = 172.91679546430368
Optimization restart 2/5, f = 172.91679220233652
Optimization restart 3/5, f = 172.91679213016556
Optimization restart 4/5, f = 172.9167921302464
Optimization restart 5/5, f = 172.9167922443072
f inputs x:[[-0.4962543   0.52529672]] ev:{} outputs y:1.837994950452448 (n:0.1798657585781817) c:1.0
num acquisition: 226, time elapsed: 68.23s
Optimization restart 1/5, f = 173.58963793425545
Optimization restart 2/5, f = 173.58958692430906
Optimization restart 3/5, f = 173.58958692499232
Optimization restart 4/5, f = 173.58958692539198
Optimization restart 5/5, f = 173.58958692650026
f inputs x:[[-0.49679838  0.52522031]] ev:{} outputs y:2.5747529738421684 (n:0.919618439018097) c:1.0
num acquisition: 227, time elapsed: 68.94s
Optimization restart 1/5, f = 175.53532966257157
Optimization restart 2/5, f = 175.53527256123738
Optimization restart 3/5, f = 175.53527258924407
Optimization restart 4/5, f = 175.53527256164213
Optimization restart 5/5, f = 175.53527256041272
f inputs x:[[-0.50002977  0.52470419]] ev:{} outputs y:1.610033746288329 (n:-0.031652410820720386) c:1.0
num acquisition: 228, time elapsed: 69.77s
Optimization restart 1/5, f = 176.14736045085456
Optimization restart 2/5, f = 176.1473604550844
Optimization restart 3/5, f = 176.14736045005708
Optimization restart 4/5, f = 176.14736045002894
Optimization restart 5/5, f = 176.14736045086687
f inputs x:[[-0.49979284  0.52463098]] ev:{} outputs y:2.2807580421486446 (n:0.6385925167421078) c:1.0
num acquisition: 229, time elapsed: 70.51s
Optimization restart 1/5, f = 177.37932438138364
Optimization restart 2/5, f = 177.37926400617138
Optimization restart 3/5, f = 177.37926400532558
Optimization restart 4/5, f = 177.3792640055364
Optimization restart 5/5, f = 177.3792640051817
f inputs x:[[-0.50120595  0.52544455]] ev:{} outputs y:0.8045354499761805 (n:-0.8358333066740411) c:1.0
num acquisition: 230, time elapsed: 71.27s
Optimization restart 1/5, f = 179.0246499064399
Optimization restart 2/5, f = 179.02464988046364
Optimization restart 3/5, f = 179.0246498800334
Optimization restart 4/5, f = 179.0246498799571
Optimization restart 5/5, f = 179.02464987996638
f inputs x:[[-0.49929759  0.52459115]] ev:{} outputs y:1.530450805703468 (n:-0.11306004774118093) c:1.0
num acquisition: 231, time elapsed: 72.02s
Optimization restart 1/5, f = 179.65794330289253
Optimization restart 2/5, f = 179.65791351260748
Optimization restart 3/5, f = 179.65791351384445
Optimization restart 4/5, f = 179.65791356151442
Optimization restart 5/5, f = 179.65791351174823
f inputs x:[[-0.49886649  0.52443442]] ev:{} outputs y:0.9595976590097691 (n:-0.6849132012204967) c:1.0
num acquisition: 232, time elapsed: 72.79s
Optimization restart 1/5, f = 180.9372961628233
Optimization restart 2/5, f = 180.9372946727113
Optimization restart 3/5, f = 180.93729468503633
Optimization restart 4/5, f = 180.9372946729157
Optimization restart 5/5, f = 180.93729467285647
f inputs x:[[-0.49708459  0.52345776]] ev:{} outputs y:1.2621422420586494 (n:-0.38643773426267053) c:1.0
num acquisition: 233, time elapsed: 73.53s
Optimization restart 1/5, f = 181.74816207614575
Optimization restart 2/5, f = 181.74814800517007
Optimization restart 3/5, f = 181.74814800592372
Optimization restart 4/5, f = 181.74814800530547
Optimization restart 5/5, f = 181.74814801055726
f inputs x:[[-0.49597076  0.52269104]] ev:{} outputs y:1.727017796150466 (n:0.07582034714045248) c:1.0
num acquisition: 234, time elapsed: 74.34s
Optimization restart 1/5, f = 182.38642287993332
Optimization restart 2/5, f = 182.386380468734
Optimization restart 3/5, f = 182.38638045679647
Optimization restart 4/5, f = 182.38638045603892
Optimization restart 5/5, f = 182.38638045743474
f inputs x:[[-0.49606396  0.52286069]] ev:{} outputs y:1.4131355546786293 (n:-0.23814955924771633) c:1.0
num acquisition: 235, time elapsed: 75.14s
Optimization restart 1/5, f = 183.069220814316
Optimization restart 2/5, f = 183.06922083065723
Optimization restart 3/5, f = 183.06922081438518
Optimization restart 4/5, f = 183.06922081772325
Optimization restart 5/5, f = 183.06922081431037
f inputs x:[[-0.49534226  0.52231195]] ev:{} outputs y:1.8707841807968684 (n:0.21778966931990787) c:1.0
num acquisition: 236, time elapsed: 75.93s
Optimization restart 1/5, f = 183.78619681948564
Optimization restart 2/5, f = 183.78614673389214
Optimization restart 3/5, f = 183.78614673389004
Optimization restart 4/5, f = 183.78614673593069
Optimization restart 5/5, f = 183.78614673481408
f inputs x:[[-0.49582018  0.5228713 ]] ev:{} outputs y:1.5755658558040417 (n:-0.07689049943917599) c:1.0
num acquisition: 237, time elapsed: 76.76s
Optimization restart 1/5, f = 184.4096177527836
Optimization restart 2/5, f = 184.4096177523887
Optimization restart 3/5, f = 184.40961775197468
Optimization restart 4/5, f = 184.40961779365574
Optimization restart 5/5, f = 184.40961775181276
f inputs x:[[-0.49551824  0.52271373]] ev:{} outputs y:1.4036725493414253 (n:-0.24974221368302868) c:1.0
num acquisition: 238, time elapsed: 77.57s
Optimization restart 1/5, f = 185.09787348626352
Optimization restart 2/5, f = 185.09787348626026
Optimization restart 3/5, f = 185.09787348628612
Optimization restart 4/5, f = 185.0978734871398
Optimization restart 5/5, f = 185.09787349070035
f inputs x:[[-0.49477926  0.52217727]] ev:{} outputs y:1.545100480786666 (n:-0.11028686233978738) c:1.0
num acquisition: 239, time elapsed: 78.37s
Optimization restart 1/5, f = 185.7252779770008
Optimization restart 2/5, f = 185.72524659422737
Optimization restart 3/5, f = 185.7252465942231
Optimization restart 4/5, f = 185.72524659419383
Optimization restart 5/5, f = 185.7252465941912
f inputs x:[[-0.49441765  0.52190567]] ev:{} outputs y:1.868395411559665 (n:0.21202367934066002) c:1.0
num acquisition: 240, time elapsed: 79.16s
Optimization restart 1/5, f = 186.44412881737327
Optimization restart 2/5, f = 186.44408018141118
Optimization restart 3/5, f = 186.44408018140777
Optimization restart 4/5, f = 186.4440801814987
Optimization restart 5/5, f = 186.44408018145623
f inputs x:[[-0.49489474  0.52248335]] ev:{} outputs y:1.474563982623484 (n:-0.181245746854847) c:1.0
num acquisition: 241, time elapsed: 80.07s
Optimization restart 1/5, f = 187.0940586020311
Optimization restart 2/5, f = 187.0940585910794
Optimization restart 3/5, f = 187.094058591077
Optimization restart 4/5, f = 187.09405859226126
Optimization restart 5/5, f = 187.0940585913111
f inputs x:[[-0.49434777  0.52211628]] ev:{} outputs y:1.652713526510455 (n:-0.004756769642832299) c:1.0
num acquisition: 242, time elapsed: 80.95s
Optimization restart 1/5, f = 187.71672961525945
Optimization restart 2/5, f = 187.71669266966012
Optimization restart 3/5, f = 187.71669266300168
Optimization restart 4/5, f = 187.71669272414164
Optimization restart 5/5, f = 187.7166926586375
f inputs x:[[-0.49426889  0.52212749]] ev:{} outputs y:2.0028337497441857 (n:0.3448940935218322) c:1.0
num acquisition: 243, time elapsed: 81.79s
Optimization restart 1/5, f = 188.56866501973596
Optimization restart 2/5, f = 188.56861525877355
Optimization restart 3/5, f = 188.56861527928885
Optimization restart 4/5, f = 188.5686152441766
Optimization restart 5/5, f = 188.5686152444179
f inputs x:[[-0.49511154  0.52290567]] ev:{} outputs y:1.7325353445387786 (n:0.07644182955344327) c:1.0
num acquisition: 244, time elapsed: 82.60s
Optimization restart 1/5, f = 189.21023027815014
Optimization restart 2/5, f = 189.21019068241867
Optimization restart 3/5, f = 189.2101906815477
Optimization restart 4/5, f = 189.2101906815386
Optimization restart 5/5, f = 189.21019068226494
f inputs x:[[-0.49523263  0.52304724]] ev:{} outputs y:0.8307900366007415 (n:-0.8251473983797226) c:1.0
num acquisition: 245, time elapsed: 83.48s
Optimization restart 1/5, f = 190.77157086826838
Optimization restart 2/5, f = 190.77157080263328
Optimization restart 3/5, f = 190.77157080349437
Optimization restart 4/5, f = 190.77157080233587
Optimization restart 5/5, f = 190.77157080233152
[-0.50981437  0.52865334]
