INFO:GP:initializing Y
INFO:GP:initializing inference method
INFO:GP:adding kernel and likelihood as parameters
removed robo import in opts.py l17 due to theano errors
f inputs x:[[-0.40277663  0.22510751]] ev:{} outputs y:2.212782837505153 (n:-0.0003829178317065076) c:1.0
f inputs x:[[ 0.0251509  -0.55946091]] ev:{} outputs y:4.902101232846407 (n:0.0058404339948675615) c:1.0
f inputs x:[[-0.31459263  0.86243728]] ev:{} outputs y:5.232664256990742 (n:0.00547224190324544) c:1.0
f inputs x:[[ 0.04684809 -0.30903059]] ev:{} outputs y:3.7671413457052036 (n:0.00485890274071044) c:1.0
f inputs x:[[0.07257493 0.32149861]] ev:{} outputs y:3.7480807175870097 (n:0.005249779462360048) c:1.0
Using a model defined by the used.
Optimization restart 1/5, f = 7.094692689528791
Optimization restart 2/5, f = 7.094692819661125
Optimization restart 3/5, f = 7.0946927155944675
Optimization restart 4/5, f = 7.094692685625974
Optimization restart 5/5, f = 7.094694172320413
f inputs x:[[-0.39693055  0.23771311]] ev:{} outputs y:1.987463477579012 (n:-0.002325385877958731) c:1.0
num acquisition: 1, time elapsed: 0.20s
Optimization restart 1/5, f = 6.496293121916879
Optimization restart 2/5, f = 6.489313754702115
Optimization restart 3/5, f = 6.489313754200543
Optimization restart 4/5, f = 6.489313754231375
Optimization restart 5/5, f = 6.4893137542064245
f inputs x:[[-0.36874569  0.29873203]] ev:{} outputs y:1.4362678016362362 (n:-0.01131773566517958) c:1.0
num acquisition: 2, time elapsed: 0.37s
Optimization restart 1/5, f = 6.194683980232362
Optimization restart 2/5, f = 6.1946838820517645
Optimization restart 3/5, f = 6.194683758390497
Optimization restart 4/5, f = 6.194683741482601
Optimization restart 5/5, f = 6.194684123249028
f inputs x:[[-0.43950848  0.34823176]] ev:{} outputs y:1.7137661176582775 (n:-0.00036050709463228853) c:1.0
num acquisition: 3, time elapsed: 0.52s
Optimization restart 1/5, f = 6.8044016076299165
Optimization restart 2/5, f = 6.780860994229463
Optimization restart 3/5, f = 6.780860994221631
Optimization restart 4/5, f = 6.8044015425700755
Optimization restart 5/5, f = 6.780860994214061
f inputs x:[[-0.28713384  0.36119123]] ev:{} outputs y:2.9477387319571147 (n:0.001252290519977359) c:1.0
num acquisition: 4, time elapsed: 0.67s
Optimization restart 1/5, f = 8.512128999361547
Optimization restart 2/5, f = 8.512125875321368
Optimization restart 3/5, f = 8.512126136864175
Optimization restart 4/5, f = 8.512125877183871
Optimization restart 5/5, f = 8.512125876395668
f inputs x:[[-0.64993757  0.39646152]] ev:{} outputs y:4.594862850738947 (n:0.004243288993776352) c:1.0
num acquisition: 5, time elapsed: 0.87s
Optimization restart 1/5, f = 9.752026266193504
Optimization restart 2/5, f = 9.752027356578182
Optimization restart 3/5, f = 9.752026269845587
Optimization restart 4/5, f = 9.752027841510092
Optimization restart 5/5, f = 9.75202626307054
f inputs x:[[0.9552763  0.99795745]] ev:{} outputs y:5.77090109306916 (n:0.0023432445171386916) c:1.0
num acquisition: 6, time elapsed: 0.99s
Optimization restart 1/5, f = 10.56591461918848
Optimization restart 2/5, f = 10.565914621721966
Optimization restart 3/5, f = 10.565919639321017
Optimization restart 4/5, f = 10.565914785486097
Optimization restart 5/5, f = 10.565924230510703
f inputs x:[[-0.40062045  0.30780627]] ev:{} outputs y:1.502365292471865 (n:-0.0010825977988925945) c:1.0
num acquisition: 7, time elapsed: 1.12s
Optimization restart 1/5, f = 9.823874655771075
Optimization restart 2/5, f = 9.823874925398805
Optimization restart 3/5, f = 9.823874967898899
Optimization restart 4/5, f = 9.823874688154339
Optimization restart 5/5, f = 9.823875905555386
f inputs x:[[-1. -1.]] ev:{} outputs y:8.280024519246519 (n:0.009518306672870708) c:1.0
num acquisition: 8, time elapsed: 1.26s
Optimization restart 1/5, f = 10.086049174005858
Optimization restart 2/5, f = 10.086049560292052
Optimization restart 3/5, f = 10.086049138316081
Optimization restart 4/5, f = 10.08604956082917
Optimization restart 5/5, f = 10.086049617300421
f inputs x:[[0.47370545 0.00421391]] ev:{} outputs y:4.475334452311802 (n:-0.0016321617700340188) c:1.0
num acquisition: 9, time elapsed: 1.41s
Optimization restart 1/5, f = 11.37794654599661
Optimization restart 2/5, f = 11.377946536263902
Optimization restart 3/5, f = 11.378028243742394
Optimization restart 4/5, f = 11.37794657723135
Optimization restart 5/5, f = 11.377946821263343
f inputs x:[[-0.1489787  0.0532844]] ev:{} outputs y:0.993878631877656 (n:-0.010064315981263625) c:1.0
num acquisition: 10, time elapsed: 1.57s
Optimization restart 1/5, f = 13.119145983921864
Optimization restart 2/5, f = 13.119149185659456
Optimization restart 3/5, f = 13.119147039756442
Optimization restart 4/5, f = 13.119146023653208
Optimization restart 5/5, f = 13.119146141986995
f inputs x:[[-0.17095361 -0.06516606]] ev:{} outputs y:2.2287275496011474 (n:-0.009682917141271124) c:1.0
num acquisition: 11, time elapsed: 1.75s
Optimization restart 1/5, f = 14.1689645899532
Optimization restart 2/5, f = 14.168964544818397
Optimization restart 3/5, f = 14.168964517907744
Optimization restart 4/5, f = 14.168966036424802
Optimization restart 5/5, f = 14.168964542884142
f inputs x:[[-0.04134769  0.06231425]] ev:{} outputs y:1.28589718611707 (n:-0.0025979864108708005) c:1.0
num acquisition: 12, time elapsed: 1.90s
Optimization restart 1/5, f = 14.67959848881108
Optimization restart 2/5, f = 14.679598443342837
Optimization restart 3/5, f = 14.67959854621517
Optimization restart 4/5, f = 14.679604429057884
Optimization restart 5/5, f = 14.679598398736209
f inputs x:[[-0.15151664  0.13339957]] ev:{} outputs y:1.757769716342432 (n:-0.008108301786803628) c:1.0
num acquisition: 13, time elapsed: 2.05s
Optimization restart 1/5, f = 15.509629017989603
Optimization restart 2/5, f = 15.50963039772893
Optimization restart 3/5, f = 15.509629408333318
Optimization restart 4/5, f = 15.509629967843185
Optimization restart 5/5, f = 15.509629485166567
f inputs x:[[ 1. -1.]] ev:{} outputs y:8.269791079805202 (n:0.0013838575876605338) c:1.0
num acquisition: 14, time elapsed: 2.18s
Optimization restart 1/5, f = 15.719204293163783
Optimization restart 2/5, f = 18.020097489653573
Optimization restart 3/5, f = 18.020097489966993
Optimization restart 4/5, f = 15.719204517787276
Optimization restart 5/5, f = 18.020097489653356
f inputs x:[[-1.  1.]] ev:{} outputs y:6.158611783952247 (n:0.003854777759255939) c:1.0
num acquisition: 15, time elapsed: 2.29s
Optimization restart 1/5, f = 16.676212760503468
Optimization restart 2/5, f = 18.64430765246804
Optimization restart 3/5, f = 16.676212684973596
Optimization restart 4/5, f = 16.676212681586666
Optimization restart 5/5, f = 16.676212681451076
f inputs x:[[1.         0.21481289]] ev:{} outputs y:7.2491007110692784 (n:-0.0033965225086317018) c:1.0
num acquisition: 16, time elapsed: 2.44s
Optimization restart 1/5, f = 17.391267985640848
Optimization restart 2/5, f = 18.84090088286992
Optimization restart 3/5, f = 18.84090088288478
Optimization restart 4/5, f = 18.84090088289627
Optimization restart 5/5, f = 18.840900882894623
f inputs x:[[0.29651511 1.        ]] ev:{} outputs y:5.643368197199696 (n:-0.0025597162483527816) c:1.0
num acquisition: 17, time elapsed: 2.54s
Optimization restart 1/5, f = 18.47479932008229
Optimization restart 2/5, f = 18.47480006519885
Optimization restart 3/5, f = 19.515141477996274
Optimization restart 4/5, f = 19.515141478009205
Optimization restart 5/5, f = 18.474799303345648
f inputs x:[[-1.         -0.22212656]] ev:{} outputs y:7.681353096880575 (n:-0.001965044579300821) c:1.0
num acquisition: 18, time elapsed: 2.67s
Optimization restart 1/5, f = 19.0884312854575
Optimization restart 2/5, f = 19.088431398334194
Optimization restart 3/5, f = 19.088434629657463
Optimization restart 4/5, f = 19.842052605428634
Optimization restart 5/5, f = 19.842052605004017
f inputs x:[[ 0.12307312 -0.02983718]] ev:{} outputs y:1.1288483095825423 (n:-0.00669931626651438) c:1.0
num acquisition: 19, time elapsed: 2.79s
Optimization restart 1/5, f = 20.13534640017146
Optimization restart 2/5, f = 21.456076893369374
Optimization restart 3/5, f = 21.456076893373492
Optimization restart 4/5, f = 21.45607689336943
Optimization restart 5/5, f = 21.456076893388005
f inputs x:[[ 0.02069519 -0.04204618]] ev:{} outputs y:0.9838901289608681 (n:-0.005573771854673183) c:1.0
num acquisition: 20, time elapsed: 2.91s
Optimization restart 1/5, f = 19.816448501382517
Optimization restart 2/5, f = 19.816450986134296
Optimization restart 3/5, f = 21.292953031778367
Optimization restart 4/5, f = 21.292953031778403
Optimization restart 5/5, f = 21.292953031805517
f inputs x:[[-0.17121837 -1.        ]] ev:{} outputs y:6.162904534189898 (n:0.0014217133240729699) c:1.0
num acquisition: 21, time elapsed: 3.03s
Optimization restart 1/5, f = 20.792774029705186
Optimization restart 2/5, f = 21.99841564358563
Optimization restart 3/5, f = 21.998415644093615
Optimization restart 4/5, f = 20.792773876745105
Optimization restart 5/5, f = 20.79277384156748
f inputs x:[[ 0.49967619 -0.48165988]] ev:{} outputs y:6.028437292303203 (n:0.0011787923958311401) c:1.0
num acquisition: 22, time elapsed: 3.14s
Optimization restart 1/5, f = 21.760500598650616
Optimization restart 2/5, f = 21.760559721978336
Optimization restart 3/5, f = 21.760500586298257
Optimization restart 4/5, f = 22.544917726274278
Optimization restart 5/5, f = 21.760500670728383
f inputs x:[[-0.08956731  0.01265517]] ev:{} outputs y:0.8699166768214193 (n:-0.008253089185564699) c:1.0
num acquisition: 23, time elapsed: 3.28s
Optimization restart 1/5, f = 20.443260094967407
Optimization restart 2/5, f = 20.443259945552107
Optimization restart 3/5, f = 20.443260759060458
Optimization restart 4/5, f = 20.44325989367718
Optimization restart 5/5, f = 20.443262223315124
f inputs x:[[0.426056   0.46890626]] ev:{} outputs y:1.612388801276613 (n:0.008058932765862096) c:1.0
num acquisition: 24, time elapsed: 3.41s
Optimization restart 1/5, f = 22.39192353704405
Optimization restart 2/5, f = 22.39192330971286
Optimization restart 3/5, f = 22.391925324546484
Optimization restart 4/5, f = 22.391927247266597
Optimization restart 5/5, f = 22.391923277205514
f inputs x:[[0.34774235 0.29724121]] ev:{} outputs y:0.748416302835552 (n:-0.0002515030782634861) c:1.0
num acquisition: 25, time elapsed: 3.56s
Optimization restart 1/5, f = 23.31141696847147
Optimization restart 2/5, f = 23.311419113320955
Optimization restart 3/5, f = 23.311419830508846
Optimization restart 4/5, f = 23.311416743226076
Optimization restart 5/5, f = 23.3114167647661
f inputs x:[[0.44486153 0.31898258]] ev:{} outputs y:1.4335900555534897 (n:0.014547323897552365) c:1.0
num acquisition: 26, time elapsed: 3.72s
Optimization restart 1/5, f = 23.392608001566565
Optimization restart 2/5, f = 23.392608845234257
Optimization restart 3/5, f = 23.39260771614107
Optimization restart 4/5, f = 23.39260829041278
Optimization restart 5/5, f = 23.39260830621413
f inputs x:[[0.27371724 0.18737333]] ev:{} outputs y:0.5260121347170864 (n:0.009541456261190732) c:1.0
num acquisition: 27, time elapsed: 3.90s
Optimization restart 1/5, f = 23.460549734350906
Optimization restart 2/5, f = 23.460549595065608
Optimization restart 3/5, f = 23.460549413466264
Optimization restart 4/5, f = 23.460549410903848
Optimization restart 5/5, f = 23.460549673708552
f inputs x:[[0.2734941  0.23879649]] ev:{} outputs y:1.4522542734972324 (n:0.0012502758439185838) c:1.0
num acquisition: 28, time elapsed: 4.06s
Optimization restart 1/5, f = 28.380413381655607
Optimization restart 2/5, f = 27.334948893522178
Optimization restart 3/5, f = 27.334948893878003
Optimization restart 4/5, f = 27.334948893501014
Optimization restart 5/5, f = 27.334948893503498
f inputs x:[[0.17716733 0.08311613]] ev:{} outputs y:0.4447043304255559 (n:0.0033970838575645146) c:1.0
num acquisition: 29, time elapsed: 4.21s
Optimization restart 1/5, f = 27.116411718123352
Optimization restart 2/5, f = 27.116411718112904
Optimization restart 3/5, f = 27.116411718291506
Optimization restart 4/5, f = 27.116411718122382
Optimization restart 5/5, f = 27.116411718126155
f inputs x:[[0.18026076 0.08538974]] ev:{} outputs y:0.43270863928130937 (n:-0.003512146806946432) c:1.0
num acquisition: 30, time elapsed: 4.33s
Optimization restart 1/5, f = 26.339602865005666
Optimization restart 2/5, f = 26.339602865009706
Optimization restart 3/5, f = 24.60645981080534
Optimization restart 4/5, f = 24.606458893813453
Optimization restart 5/5, f = 24.606457356379096
f inputs x:[[0.29978994 0.12943686]] ev:{} outputs y:0.880032290412244 (n:0.0043307991830355864) c:1.0
num acquisition: 31, time elapsed: 4.50s
Optimization restart 1/5, f = 26.748517304320913
Optimization restart 2/5, f = 25.723835501462084
Optimization restart 3/5, f = 25.723835501393733
Optimization restart 4/5, f = 25.72383550140304
Optimization restart 5/5, f = 26.74851662526286
f inputs x:[[0.18350253 0.08694748]] ev:{} outputs y:0.4229134207448383 (n:0.0007384199990241814) c:1.0
num acquisition: 32, time elapsed: 4.64s
Optimization restart 1/5, f = 24.73395497909649
Optimization restart 2/5, f = 21.847824771330476
Optimization restart 3/5, f = 21.847871090542007
Optimization restart 4/5, f = 24.73395497974346
Optimization restart 5/5, f = 21.847824952578584
f inputs x:[[ 0.37293524 -1.        ]] ev:{} outputs y:6.5374242180854045 (n:-0.004261198995333666) c:1.0
num acquisition: 33, time elapsed: 4.76s
Optimization restart 1/5, f = 22.476292628686526
Optimization restart 2/5, f = 22.47624115309829
Optimization restart 3/5, f = 25.141617361523647
Optimization restart 4/5, f = 25.141617361563384
Optimization restart 5/5, f = 22.47624452482802
f inputs x:[[ 1.         -0.36484467]] ev:{} outputs y:7.801281543434775 (n:-8.782204244071727e-05) c:1.0
num acquisition: 34, time elapsed: 4.88s
Optimization restart 1/5, f = 22.746929063678277
Optimization restart 2/5, f = 22.746872766951064
Optimization restart 3/5, f = 24.767794715995226
Optimization restart 4/5, f = 24.76779471615602
Optimization restart 5/5, f = 24.767794715994675
f inputs x:[[-0.48938939 -0.55647795]] ev:{} outputs y:6.152245879386013 (n:0.010696466353436745) c:1.0
num acquisition: 35, time elapsed: 5.00s
Optimization restart 1/5, f = 23.525099296159496
Optimization restart 2/5, f = 25.33061354099776
Optimization restart 3/5, f = 23.525041432411037
Optimization restart 4/5, f = 25.330613540995667
Optimization restart 5/5, f = 25.330613541013996
f inputs x:[[0.25577354 0.60466631]] ev:{} outputs y:4.544008650321841 (n:-0.0008758872016141474) c:1.0
num acquisition: 36, time elapsed: 5.13s
Optimization restart 1/5, f = 24.715935566912442
Optimization restart 2/5, f = 26.032355820939635
Optimization restart 3/5, f = 26.03235582093853
Optimization restart 4/5, f = 26.032355820944453
Optimization restart 5/5, f = 26.03235582093687
f inputs x:[[0.64698302 0.64464299]] ev:{} outputs y:3.004475434908841 (n:0.0053728590720051655) c:1.0
num acquisition: 37, time elapsed: 5.23s
Optimization restart 1/5, f = 26.141075555143367
Optimization restart 2/5, f = 26.982573920044782
Optimization restart 3/5, f = 26.98257392004343
Optimization restart 4/5, f = 26.982573920063786
Optimization restart 5/5, f = 26.141021439863106
f inputs x:[[0.2324362  0.14052171]] ev:{} outputs y:0.5043998009567908 (n:0.004291354434339975) c:1.0
num acquisition: 38, time elapsed: 5.36s
Optimization restart 1/5, f = 25.481076312332057
Optimization restart 2/5, f = 25.481011329430512
Optimization restart 3/5, f = 25.906278096494734
Optimization restart 4/5, f = 25.481009169637247
Optimization restart 5/5, f = 25.48101927828614
f inputs x:[[-1.          0.50858116]] ev:{} outputs y:6.906213718296352 (n:-0.005793320060063634) c:1.0
num acquisition: 39, time elapsed: 5.51s
Optimization restart 1/5, f = 26.006047215423738
Optimization restart 2/5, f = 25.90697374606416
Optimization restart 3/5, f = 26.005976968424207
Optimization restart 4/5, f = 25.90697374594919
Optimization restart 5/5, f = 25.906973745919775
f inputs x:[[0.18223806 0.09026517]] ev:{} outputs y:0.4701128440883606 (n:-0.00019457303538015721) c:1.0
num acquisition: 40, time elapsed: 5.67s
Optimization restart 1/5, f = 24.680202404376452
Optimization restart 2/5, f = 24.680202404381102
Optimization restart 3/5, f = 24.680202404375386
Optimization restart 4/5, f = 25.339640881326318
Optimization restart 5/5, f = 25.339640881365874
f inputs x:[[0.18563007 0.09144921]] ev:{} outputs y:0.4457542304721508 (n:-0.0034198238870081633) c:1.0
num acquisition: 41, time elapsed: 5.80s
Optimization restart 1/5, f = 23.38959460785254
Optimization restart 2/5, f = 23.389594607892192
Optimization restart 3/5, f = 20.783263872668883
Optimization restart 4/5, f = 23.389594607950986
Optimization restart 5/5, f = 23.389594607856438
f inputs x:[[0.20123835 0.05743154]] ev:{} outputs y:0.4826971489562165 (n:0.0012294096610523508) c:1.0
num acquisition: 42, time elapsed: 5.94s
Optimization restart 1/5, f = 20.644732384348423
Optimization restart 2/5, f = 22.188257366557274
Optimization restart 3/5, f = 22.1882573665532
Optimization restart 4/5, f = 22.188257366553906
Optimization restart 5/5, f = 22.188257366665535
f inputs x:[[1.      0.63065]] ev:{} outputs y:6.73844431432366 (n:-0.0005183691082576421) c:1.0
num acquisition: 43, time elapsed: 6.07s
Optimization restart 1/5, f = 21.161047185418333
Optimization restart 2/5, f = 21.161047185405728
Optimization restart 3/5, f = 21.161047185394324
Optimization restart 4/5, f = 22.493986455063748
Optimization restart 5/5, f = 22.493986454975783
f inputs x:[[-0.61114966  1.        ]] ev:{} outputs y:3.370187488374562 (n:-0.005538876526869501) c:1.0
num acquisition: 44, time elapsed: 6.19s
Optimization restart 1/5, f = 22.660922449394256
Optimization restart 2/5, f = 22.660922449276267
Optimization restart 3/5, f = 22.660922449265314
Optimization restart 4/5, f = 22.6609224491655
Optimization restart 5/5, f = 22.660922449172148
f inputs x:[[0.36407792 0.22743717]] ev:{} outputs y:0.6318525571273635 (n:0.0017205876838985099) c:1.0
num acquisition: 45, time elapsed: 6.31s
Optimization restart 1/5, f = 21.994058856968515
Optimization restart 2/5, f = 23.873830120706867
Optimization restart 3/5, f = 23.87383012071706
Optimization restart 4/5, f = 23.873830120933043
Optimization restart 5/5, f = 23.873830120721152
f inputs x:[[0.62087913 1.        ]] ev:{} outputs y:2.972616862304211 (n:-0.006040352128025183) c:1.0
num acquisition: 46, time elapsed: 6.45s
Optimization restart 1/5, f = 23.552033466599493
Optimization restart 2/5, f = 23.552033466550448
Optimization restart 3/5, f = 23.55203346660307
Optimization restart 4/5, f = 25.4108793058218
Optimization restart 5/5, f = 23.55203346660738
f inputs x:[[-0.57432192  0.68872419]] ev:{} outputs y:1.7551188180512831 (n:-0.0042862006779524125) c:1.0
num acquisition: 47, time elapsed: 6.59s
Optimization restart 1/5, f = 25.443669860428617
Optimization restart 2/5, f = 27.651397256224598
Optimization restart 3/5, f = 27.651397257236166
Optimization restart 4/5, f = 27.65139725624354
Optimization restart 5/5, f = 25.443669860540762
f inputs x:[[-0.46010866  0.57423671]] ev:{} outputs y:2.5746917557455173 (n:0.004153641577579565) c:1.0
num acquisition: 48, time elapsed: 6.73s
Optimization restart 1/5, f = 26.282046698936718
Optimization restart 2/5, f = 28.071728022789628
Optimization restart 3/5, f = 26.282046699106125
Optimization restart 4/5, f = 28.071728022721132
Optimization restart 5/5, f = 28.07172802272073
f inputs x:[[-0.71574315  0.78161936]] ev:{} outputs y:3.623023872462127 (n:0.009304776945909773) c:1.0
num acquisition: 49, time elapsed: 6.86s
Optimization restart 1/5, f = 27.282534388882368
Optimization restart 2/5, f = 27.282534388813826
Optimization restart 3/5, f = 29.10418894318528
Optimization restart 4/5, f = 27.28253438883848
Optimization restart 5/5, f = 27.282534388810433
f inputs x:[[-0.55133102 -1.        ]] ev:{} outputs y:7.015718212615248 (n:0.003858375924119468) c:1.0
num acquisition: 50, time elapsed: 6.99s
Optimization restart 1/5, f = 27.46956682642922
Optimization restart 2/5, f = 27.469566826287803
Optimization restart 3/5, f = 28.996969769965293
Optimization restart 4/5, f = 28.99696976969343
Optimization restart 5/5, f = 27.469566826315408
f inputs x:[[0.51023673 0.77206053]] ev:{} outputs y:3.217799435185878 (n:0.0014679211462040897) c:1.0
num acquisition: 51, time elapsed: 7.12s
Optimization restart 1/5, f = 28.436128733713797
Optimization restart 2/5, f = 28.43612873371892
Optimization restart 3/5, f = 28.436128733723383
Optimization restart 4/5, f = 29.374164263297057
Optimization restart 5/5, f = 28.43612873374078
f inputs x:[[-0.53883918 -0.16894472]] ev:{} outputs y:5.520650433228346 (n:-0.0007046688723267601) c:1.0
num acquisition: 52, time elapsed: 7.25s
Optimization restart 1/5, f = 29.171145897945877
Optimization restart 2/5, f = 29.171145897931005
Optimization restart 3/5, f = 29.860789215283518
Optimization restart 4/5, f = 29.86078921528933
Optimization restart 5/5, f = 29.86078921529533
f inputs x:[[0.27609531 0.1639478 ]] ev:{} outputs y:0.19238565872029098 (n:-0.0020001909993567456) c:1.0
num acquisition: 53, time elapsed: 7.40s
Optimization restart 1/5, f = 33.16174847131999
Optimization restart 2/5, f = 29.775389707664495
Optimization restart 3/5, f = 29.775389707779233
Optimization restart 4/5, f = 29.77538970765061
Optimization restart 5/5, f = 29.775389707649076
f inputs x:[[0.20881    0.10403209]] ev:{} outputs y:0.3424068275567017 (n:-0.007314134548043829) c:1.0
num acquisition: 54, time elapsed: 7.55s
Optimization restart 1/5, f = 28.507676652956317
Optimization restart 2/5, f = 28.507676652952163
Optimization restart 3/5, f = 31.174717163192838
Optimization restart 4/5, f = 28.507676652949222
Optimization restart 5/5, f = 28.50767665295138
f inputs x:[[0.21114825 0.104901  ]] ev:{} outputs y:0.3365876114619514 (n:0.0003716969807316815) c:1.0
num acquisition: 55, time elapsed: 7.71s
Optimization restart 1/5, f = 27.19962318985438
Optimization restart 2/5, f = 27.199623189823797
Optimization restart 3/5, f = 27.19962319034505
Optimization restart 4/5, f = 27.199623189824383
Optimization restart 5/5, f = 27.19962318982422
f inputs x:[[0.21338243 0.10557919]] ev:{} outputs y:0.3269960694011037 (n:0.004389880188807922) c:1.0
num acquisition: 56, time elapsed: 7.87s
Optimization restart 1/5, f = 25.856598622239705
Optimization restart 2/5, f = 25.8565986226986
Optimization restart 3/5, f = 25.856598622241155
Optimization restart 4/5, f = 25.856598622242196
Optimization restart 5/5, f = 25.85659862224105
f inputs x:[[0.21559916 0.10613325]] ev:{} outputs y:0.3111628882309848 (n:0.002184790825555819) c:1.0
num acquisition: 57, time elapsed: 8.03s
Optimization restart 1/5, f = 24.486292997503128
Optimization restart 2/5, f = 24.48629299747853
Optimization restart 3/5, f = 17.87499921050211
Optimization restart 4/5, f = 24.48629299748248
Optimization restart 5/5, f = 24.48629299748182
f inputs x:[[0.61935561 0.43116039]] ev:{} outputs y:3.992986185210075 (n:0.008295249160330037) c:1.0
num acquisition: 58, time elapsed: 8.20s
Optimization restart 1/5, f = 18.97745835042613
Optimization restart 2/5, f = 25.633584962063498
Optimization restart 3/5, f = 18.977458343883143
Optimization restart 4/5, f = 25.633584961975018
Optimization restart 5/5, f = 18.977458344157036
f inputs x:[[-0.03905028  1.        ]] ev:{} outputs y:6.036493272032939 (n:-0.0013323877286471576) c:1.0
num acquisition: 59, time elapsed: 8.33s
Optimization restart 1/5, f = 19.58666251732292
Optimization restart 2/5, f = 19.586662517055032
Optimization restart 3/5, f = 25.934130781585054
Optimization restart 4/5, f = 25.934130781583438
Optimization restart 5/5, f = 19.586662517069044
f inputs x:[[-1.         -0.60289486]] ev:{} outputs y:8.000900506017812 (n:0.008723186218254545) c:1.0
num acquisition: 60, time elapsed: 8.48s
Optimization restart 1/5, f = 19.45073350332443
Optimization restart 2/5, f = 25.112323343195946
Optimization restart 3/5, f = 25.11232334339843
Optimization restart 4/5, f = 25.11232334325463
Optimization restart 5/5, f = 25.112323343209596
f inputs x:[[-1.          0.14434605]] ev:{} outputs y:7.338540555435669 (n:0.005345372299130789) c:1.0
num acquisition: 61, time elapsed: 8.62s
Optimization restart 1/5, f = 19.632883544766422
Optimization restart 2/5, f = 24.690408179856348
Optimization restart 3/5, f = 24.69040817916987
Optimization restart 4/5, f = 24.69040817916862
Optimization restart 5/5, f = 24.690408179166837
f inputs x:[[ 0.72557931 -0.07257668]] ev:{} outputs y:6.319553373533581 (n:-0.0024432480841185935) c:1.0
num acquisition: 62, time elapsed: 8.77s
Optimization restart 1/5, f = 20.219352554432014
Optimization restart 2/5, f = 24.97515455283218
Optimization restart 3/5, f = 24.975154552834113
Optimization restart 4/5, f = 20.21935255411387
Optimization restart 5/5, f = 24.97515455302574
f inputs x:[[-0.05959496  0.58756634]] ev:{} outputs y:4.964038692080797 (n:-0.0022813634145218914) c:1.0
num acquisition: 63, time elapsed: 8.90s
Optimization restart 1/5, f = 21.142210323493416
Optimization restart 2/5, f = 26.33371440077954
Optimization restart 3/5, f = 26.333714400803593
Optimization restart 4/5, f = 26.333714400783514
Optimization restart 5/5, f = 26.33371440078924
f inputs x:[[-0.21381561 -0.36141021]] ev:{} outputs y:4.4973374529516725 (n:-0.001526803394565456) c:1.0
num acquisition: 64, time elapsed: 9.03s
Optimization restart 1/5, f = 22.173684602376575
Optimization restart 2/5, f = 26.89198381625892
Optimization restart 3/5, f = 22.17368460197938
Optimization restart 4/5, f = 22.173684602088144
Optimization restart 5/5, f = 26.891983815692036
f inputs x:[[-0.52856955  0.80953235]] ev:{} outputs y:3.3606276985978543 (n:-0.005478683448512046) c:1.0
num acquisition: 65, time elapsed: 9.16s
Optimization restart 1/5, f = 23.107296463374006
Optimization restart 2/5, f = 23.107296463207533
Optimization restart 3/5, f = 28.080492960658837
Optimization restart 4/5, f = 28.08049296065176
Optimization restart 5/5, f = 28.08049300816942
f inputs x:[[-0.27596184  0.08267688]] ev:{} outputs y:1.7390209834158101 (n:-0.0019009232079186102) c:1.0
num acquisition: 66, time elapsed: 9.30s
Optimization restart 1/5, f = 23.702122052079886
Optimization restart 2/5, f = 27.87613813869759
Optimization restart 3/5, f = 27.876138138696597
Optimization restart 4/5, f = 27.876138140665404
Optimization restart 5/5, f = 27.87613813874016
f inputs x:[[0.70832848 0.83216657]] ev:{} outputs y:2.84453187587434 (n:-0.0011515562154427127) c:1.0
num acquisition: 67, time elapsed: 9.45s
Optimization restart 1/5, f = 24.79567358860716
Optimization restart 2/5, f = 28.25309748875388
Optimization restart 3/5, f = 28.253097488704867
Optimization restart 4/5, f = 24.79567358837481
Optimization restart 5/5, f = 40.33982955269795
f inputs x:[[ 0.68653977 -0.76271354]] ev:{} outputs y:7.137413128691852 (n:0.003643310387782925) c:1.0
num acquisition: 68, time elapsed: 9.62s
Optimization restart 1/5, f = 24.94533752902391
Optimization restart 2/5, f = 24.945337529183888
Optimization restart 3/5, f = 27.939413734254522
Optimization restart 4/5, f = 27.93941373426469
Optimization restart 5/5, f = 27.9394137351481
f inputs x:[[ 0.28699605 -0.26569458]] ev:{} outputs y:4.390958924928904 (n:0.005050162481238498) c:1.0
num acquisition: 69, time elapsed: 9.79s
Optimization restart 1/5, f = 25.947800564994083
Optimization restart 2/5, f = 25.947800565122655
Optimization restart 3/5, f = 25.947800565345055
Optimization restart 4/5, f = 28.28345923476445
Optimization restart 5/5, f = 28.283459235048056
f inputs x:[[0.32834353 0.40900629]] ev:{} outputs y:2.7759025820800693 (n:0.005493248011957965) c:1.0
num acquisition: 70, time elapsed: 9.92s
Optimization restart 1/5, f = 27.318435174604126
Optimization restart 2/5, f = 31.107930636623436
Optimization restart 3/5, f = 31.107930636623543
Optimization restart 4/5, f = 31.107930636645825
Optimization restart 5/5, f = 31.10793063670406
f inputs x:[[0.48356918 0.58688111]] ev:{} outputs y:1.7664446209382427 (n:-0.006876510195400053) c:1.0
num acquisition: 71, time elapsed: 10.06s
Optimization restart 1/5, f = 27.900510167682683
Optimization restart 2/5, f = 31.460660263579527
Optimization restart 3/5, f = 31.460660263569267
Optimization restart 4/5, f = 31.460660263580237
Optimization restart 5/5, f = 31.460660263589837
f inputs x:[[0.0784615  0.02579929]] ev:{} outputs y:0.5798819717052002 (n:0.004714128774700553) c:1.0
num acquisition: 72, time elapsed: 10.21s
Optimization restart 1/5, f = 27.302009840362437
Optimization restart 2/5, f = 30.466898296938737
Optimization restart 3/5, f = 30.46689830070037
Optimization restart 4/5, f = 30.466898296951832
Optimization restart 5/5, f = 30.466898296939014
f inputs x:[[-0.64231983  0.59279747]] ev:{} outputs y:3.5022652095963984 (n:0.004854242854941407) c:1.0
num acquisition: 73, time elapsed: 10.36s
Optimization restart 1/5, f = 28.312252329048185
Optimization restart 2/5, f = 31.640094989875337
Optimization restart 3/5, f = 28.312252328888512
Optimization restart 4/5, f = 28.312252328813514
Optimization restart 5/5, f = 31.640094989871713
f inputs x:[[ 0.10967733 -0.8299073 ]] ev:{} outputs y:5.734222178677084 (n:0.004487430189231171) c:1.0
num acquisition: 74, time elapsed: 10.54s
Optimization restart 1/5, f = 28.94024967893789
Optimization restart 2/5, f = 31.727676108527277
Optimization restart 3/5, f = 31.72767610852977
Optimization restart 4/5, f = 31.727676108521692
Optimization restart 5/5, f = 28.940249678621754
f inputs x:[[-0.21969999 -0.68221097]] ev:{} outputs y:5.5603207675892286 (n:0.003568137636346585) c:1.0
num acquisition: 75, time elapsed: 10.69s
Optimization restart 1/5, f = 29.59816004072576
Optimization restart 2/5, f = 29.598160040044235
Optimization restart 3/5, f = 31.816506673113636
Optimization restart 4/5, f = 31.816506673049325
Optimization restart 5/5, f = 31.816506673040536
f inputs x:[[-0.66758555  0.09404898]] ev:{} outputs y:5.663911439899791 (n:0.0019087197674947734) c:1.0
num acquisition: 76, time elapsed: 10.84s
Optimization restart 1/5, f = 30.18672341791126
Optimization restart 2/5, f = 31.82418184783147
Optimization restart 3/5, f = 30.186723417970846
Optimization restart 4/5, f = 31.82418184783605
Optimization restart 5/5, f = 30.186723418875317
f inputs x:[[ 0.26282338 -0.57413944]] ev:{} outputs y:5.374638103527373 (n:-0.0006446839504719806) c:1.0
num acquisition: 77, time elapsed: 11.02s
Optimization restart 1/5, f = 30.852521968187517
Optimization restart 2/5, f = 30.852521969678016
Optimization restart 3/5, f = 31.81788037566293
Optimization restart 4/5, f = 31.817880375660756
Optimization restart 5/5, f = 30.852521968480765
f inputs x:[[0.60476758 0.18629856]] ev:{} outputs y:4.896685298235548 (n:-0.0002798638759853639) c:1.0
num acquisition: 78, time elapsed: 11.18s
Optimization restart 1/5, f = 31.583915122643504
Optimization restart 2/5, f = 32.0688165927337
Optimization restart 3/5, f = 32.06881659241164
Optimization restart 4/5, f = 32.06881659242478
Optimization restart 5/5, f = 32.06881659238846
f inputs x:[[-0.04466012 -0.15343502]] ev:{} outputs y:2.5332784282449827 (n:-0.00029192986353591586) c:1.0
num acquisition: 79, time elapsed: 11.34s
Optimization restart 1/5, f = 32.070124512685354
Optimization restart 2/5, f = 31.938340168658918
Optimization restart 3/5, f = 31.938340168999773
Optimization restart 4/5, f = 31.938340168824467
Optimization restart 5/5, f = 31.938340168694864
f inputs x:[[0.20738746 0.10406275]] ev:{} outputs y:0.35677465719569595 (n:-0.006500124057256167) c:1.0
num acquisition: 80, time elapsed: 11.52s
Optimization restart 1/5, f = 30.542888331710984
Optimization restart 2/5, f = 26.790922161571174
Optimization restart 3/5, f = 30.542888331777256
Optimization restart 4/5, f = 30.54288833170861
Optimization restart 5/5, f = 30.542888331708426
f inputs x:[[ 0.52684256 -0.22907401]] ev:{} outputs y:5.584835785925757 (n:-0.005337863457744083) c:1.0
num acquisition: 81, time elapsed: 11.67s
Optimization restart 1/5, f = 27.3141029625816
Optimization restart 2/5, f = 30.407361300112484
Optimization restart 3/5, f = 27.314102963165183
Optimization restart 4/5, f = 30.40736130013427
Optimization restart 5/5, f = 30.407361300436847
f inputs x:[[ 1.         -0.66846599]] ev:{} outputs y:8.042838378750039 (n:0.004599522661451229) c:1.0
num acquisition: 82, time elapsed: 11.83s
Optimization restart 1/5, f = 26.782523427672665
Optimization restart 2/5, f = 29.266471776844476
Optimization restart 3/5, f = 29.26647177683705
Optimization restart 4/5, f = 29.26647177768499
Optimization restart 5/5, f = 26.782523432001007
f inputs x:[[0.26989805 0.15008825]] ev:{} outputs y:0.19042972855408696 (n:0.007797744865830945) c:1.0
num acquisition: 83, time elapsed: 12.01s
Optimization restart 1/5, f = 23.288109021882846
Optimization restart 2/5, f = 23.288109022144965
Optimization restart 3/5, f = 28.32478846419366
Optimization restart 4/5, f = 28.324788464684765
Optimization restart 5/5, f = 28.324788464201326
f inputs x:[[-0.29921667  0.63382459]] ev:{} outputs y:4.48841321383185 (n:0.0030211695516345165) c:1.0
num acquisition: 84, time elapsed: 12.17s
Optimization restart 1/5, f = 23.984656814482804
Optimization restart 2/5, f = 28.66929978580314
Optimization restart 3/5, f = 28.669299785802963
Optimization restart 4/5, f = 48.824213857205415
Optimization restart 5/5, f = 48.82418918934915
f inputs x:[[-0.71516656 -0.39339439]] ev:{} outputs y:6.770984005063761 (n:-0.006500778349367998) c:1.0
num acquisition: 85, time elapsed: 12.37s
Optimization restart 1/5, f = 24.056939986453962
Optimization restart 2/5, f = 24.0569399863923
Optimization restart 3/5, f = 28.247486937594452
Optimization restart 4/5, f = 28.247486937884894
Optimization restart 5/5, f = 28.247486937594182
f inputs x:[[-0.77108627  1.        ]] ev:{} outputs y:3.311562828733148 (n:-0.0036452563895261335) c:1.0
num acquisition: 86, time elapsed: 12.52s
Optimization restart 1/5, f = 25.139611963558266
Optimization restart 2/5, f = 29.25756656564264
Optimization restart 3/5, f = 29.257566565642982
Optimization restart 4/5, f = 29.257566565642094
Optimization restart 5/5, f = 25.13961196291973
f inputs x:[[-0.26591011  0.20540478]] ev:{} outputs y:1.6015051092537997 (n:0.0070276168832172775) c:1.0
num acquisition: 87, time elapsed: 12.72s
Optimization restart 1/5, f = 25.146000127525518
Optimization restart 2/5, f = 28.994891465322304
Optimization restart 3/5, f = 28.994891465321594
Optimization restart 4/5, f = 25.1460001273664
Optimization restart 5/5, f = 28.99489147987301
f inputs x:[[0.2890614  0.16636301]] ev:{} outputs y:0.16522345280565992 (n:0.003128527407143242) c:1.0
num acquisition: 88, time elapsed: 12.90s
Optimization restart 1/5, f = 22.56652033613159
Optimization restart 2/5, f = 131.96128021259773
Optimization restart 3/5, f = 28.163847138250034
Optimization restart 4/5, f = 28.163847138254077
Optimization restart 5/5, f = 28.16384713824911
f inputs x:[[0.75751075 1.        ]] ev:{} outputs y:2.6595978241504667 (n:0.007992947576051394) c:1.0
num acquisition: 89, time elapsed: 13.05s
Optimization restart 1/5, f = 23.599538674968855
Optimization restart 2/5, f = 23.59953867506669
Optimization restart 3/5, f = 29.202188908620144
Optimization restart 4/5, f = 29.202188908632216
Optimization restart 5/5, f = 29.202188908620833
f inputs x:[[-0.35355671 -0.06275127]] ev:{} outputs y:3.8419146813385914 (n:0.0005528628766426809) c:1.0
num acquisition: 90, time elapsed: 13.26s
Optimization restart 1/5, f = 24.267642271516365
Optimization restart 2/5, f = 29.388344793345624
Optimization restart 3/5, f = 29.38834479332084
Optimization restart 4/5, f = 24.267642272053976
Optimization restart 5/5, f = 29.388344793331548
f inputs x:[[ 0.65413089 -1.        ]] ev:{} outputs y:7.296855594917483 (n:-0.0014144613055147382) c:1.0
num acquisition: 91, time elapsed: 13.43s
Optimization restart 1/5, f = 24.063830555606884
Optimization restart 2/5, f = 24.063830555328366
Optimization restart 3/5, f = 24.063830555256246
Optimization restart 4/5, f = 28.651132844351345
Optimization restart 5/5, f = 28.651132849995257
f inputs x:[[ 1.         -0.06944315]] ev:{} outputs y:7.530763658915479 (n:-0.009667716815551692) c:1.0
num acquisition: 92, time elapsed: 13.61s
Optimization restart 1/5, f = 23.780982336852624
Optimization restart 2/5, f = 23.780982336881294
Optimization restart 3/5, f = 27.899008670945
Optimization restart 4/5, f = 23.78098233657979
Optimization restart 5/5, f = 23.780982336385208
f inputs x:[[0.31523262 0.19485142]] ev:{} outputs y:0.14662485407872497 (n:0.0007345848456529869) c:1.0
num acquisition: 93, time elapsed: 13.78s
Optimization restart 1/5, f = 22.949479796925573
Optimization restart 2/5, f = 27.334214334653176
Optimization restart 3/5, f = 27.334214334638048
Optimization restart 4/5, f = 27.334214334638176
Optimization restart 5/5, f = 27.334214334644315
f inputs x:[[-0.09498182  0.3205216 ]] ev:{} outputs y:3.705381354154106 (n:-0.0006535025870927372) c:1.0
num acquisition: 94, time elapsed: 13.94s
Optimization restart 1/5, f = 23.576857988187868
Optimization restart 2/5, f = 27.147708952130117
Optimization restart 3/5, f = 27.147708952128426
Optimization restart 4/5, f = 27.147708952252195
Optimization restart 5/5, f = 23.57685798834447
f inputs x:[[0.10934717 0.78880139]] ev:{} outputs y:5.507430374419415 (n:-0.0004317100444642399) c:1.0
num acquisition: 95, time elapsed: 14.10s
Optimization restart 1/5, f = 24.113393505796367
Optimization restart 2/5, f = 27.082561489904883
Optimization restart 3/5, f = 24.113393505417733
Optimization restart 4/5, f = 24.113393505403735
Optimization restart 5/5, f = 24.113393506006567
f inputs x:[[-1.          0.75975654]] ev:{} outputs y:6.56034486917251 (n:0.00021288485356119247) c:1.0
num acquisition: 96, time elapsed: 14.27s
Optimization restart 1/5, f = 24.276051597286255
Optimization restart 2/5, f = 26.62759975818249
Optimization restart 3/5, f = 24.276051597748854
Optimization restart 4/5, f = 26.627599758175172
Optimization restart 5/5, f = 24.276051597730905
f inputs x:[[-0.70015859 -0.74457795]] ev:{} outputs y:7.169886117786118 (n:0.008026885710248274) c:1.0
num acquisition: 97, time elapsed: 14.47s
Optimization restart 1/5, f = 24.137731097070578
Optimization restart 2/5, f = 26.065350783677808
Optimization restart 3/5, f = 26.06535078368791
Optimization restart 4/5, f = 26.06535078563595
Optimization restart 5/5, f = 24.13773109732343
f inputs x:[[-0.4154966  1.       ]] ev:{} outputs y:5.184482214982572 (n:-0.006799457471317934) c:1.0
num acquisition: 98, time elapsed: 14.66s
Optimization restart 1/5, f = 24.706998735390044
Optimization restart 2/5, f = 26.11207150149459
Optimization restart 3/5, f = 26.112071501492828
Optimization restart 4/5, f = 26.11207150149381
Optimization restart 5/5, f = 26.112071501509767
f inputs x:[[0.38591771 0.69702616]] ev:{} outputs y:4.183245498574947 (n:0.0012045978391106256) c:1.0
num acquisition: 99, time elapsed: 14.83s
Optimization restart 1/5, f = 25.397139771366085
Optimization restart 2/5, f = 27.084876561228484
Optimization restart 3/5, f = 27.084876561254525
Optimization restart 4/5, f = 27.084876561246702
Optimization restart 5/5, f = 25.39713977170004
f inputs x:[[ 0.08636741 -1.        ]] ev:{} outputs y:6.076283411043041 (n:0.0031908516420233323) c:1.0
num acquisition: 100, time elapsed: 15.00s
Optimization restart 1/5, f = 25.703096587434125
Optimization restart 2/5, f = 25.70309551302867
Optimization restart 3/5, f = 26.792451140373018
Optimization restart 4/5, f = 26.792451140345598
Optimization restart 5/5, f = 26.792451140345555
f inputs x:[[0.51295717 0.49409479]] ev:{} outputs y:0.6056068937937148 (n:-0.006230434635110034) c:1.0
num acquisition: 101, time elapsed: 15.18s
Optimization restart 1/5, f = 27.406518824432254
Optimization restart 2/5, f = 27.406518824795917
Optimization restart 3/5, f = 27.406518823951977
Optimization restart 4/5, f = 32.90313220990061
Optimization restart 5/5, f = 32.90313220996269
f inputs x:[[0.49204939 0.42992682]] ev:{} outputs y:1.033875499115773 (n:-0.0038042547976677005) c:1.0
num acquisition: 102, time elapsed: 15.36s
Optimization restart 1/5, f = 26.599809155812935
Optimization restart 2/5, f = 26.599808021305122
Optimization restart 3/5, f = 32.61426437559766
Optimization restart 4/5, f = 26.59980802165383
Optimization restart 5/5, f = 32.61426437568
f inputs x:[[ 0.41111398 -0.74762798]] ev:{} outputs y:6.227813005965912 (n:0.007613741364726091) c:1.0
num acquisition: 103, time elapsed: 15.55s
Optimization restart 1/5, f = 26.83960802380784
Optimization restart 2/5, f = 32.270763775419375
Optimization restart 3/5, f = 26.839608020168455
Optimization restart 4/5, f = 32.270763775410764
Optimization restart 5/5, f = 32.27076377546919
f inputs x:[[-0.40061885 -0.32191937]] ev:{} outputs y:5.198475028669684 (n:-0.0047535271987471) c:1.0
num acquisition: 104, time elapsed: 15.73s
Optimization restart 1/5, f = 27.357387199516573
Optimization restart 2/5, f = 32.102052821175036
Optimization restart 3/5, f = 32.10205282097928
Optimization restart 4/5, f = 27.3573872001542
Optimization restart 5/5, f = 32.10205282094366
f inputs x:[[ 0.11232267 -0.16368194]] ev:{} outputs y:2.8161979586510175 (n:0.0033121529394913767) c:1.0
num acquisition: 105, time elapsed: 15.96s
Optimization restart 1/5, f = 27.691445199325038
Optimization restart 2/5, f = 32.04694798689921
Optimization restart 3/5, f = 32.0469479867453
Optimization restart 4/5, f = 32.04694798673845
Optimization restart 5/5, f = 32.04694798682768
f inputs x:[[0.55484863 0.54647339]] ev:{} outputs y:1.374149895087414 (n:-0.006965623505932811) c:1.0
num acquisition: 106, time elapsed: 16.17s
Optimization restart 1/5, f = 27.071842920991507
Optimization restart 2/5, f = 31.672005555249676
Optimization restart 3/5, f = 27.071842919217566
Optimization restart 4/5, f = 31.67200555524488
Optimization restart 5/5, f = 31.67200555524476
f inputs x:[[ 0.73437488 -0.42881708]] ev:{} outputs y:6.888981546407209 (n:-0.00605328884127341) c:1.0
num acquisition: 107, time elapsed: 16.37s
Optimization restart 1/5, f = 27.0075966813628
Optimization restart 2/5, f = 31.12200183857162
Optimization restart 3/5, f = 31.12200183856769
Optimization restart 4/5, f = 31.122001838580175
Optimization restart 5/5, f = 31.122001838692185
f inputs x:[[-0.4662626   0.69240244]] ev:{} outputs y:3.4199307760240005 (n:0.0040088810725277145) c:1.0
num acquisition: 108, time elapsed: 16.55s
Optimization restart 1/5, f = 28.026887579620443
Optimization restart 2/5, f = 31.962627470396342
Optimization restart 3/5, f = 31.96262747047284
Optimization restart 4/5, f = 31.962627470398587
Optimization restart 5/5, f = 28.026887580105196
f inputs x:[[-0.40006565  0.45249811]] ev:{} outputs y:2.3860642150732243 (n:0.0034431775396855063) c:1.0
num acquisition: 109, time elapsed: 16.75s
Optimization restart 1/5, f = 28.104829098377742
Optimization restart 2/5, f = 31.527877936075754
Optimization restart 3/5, f = 28.104829097605084
Optimization restart 4/5, f = 31.527877936145302
Optimization restart 5/5, f = 31.52787793610006
f inputs x:[[0.31196262 0.18385312]] ev:{} outputs y:0.21237659701802813 (n:0.004844256136597654) c:1.0
num acquisition: 110, time elapsed: 16.95s
Optimization restart 1/5, f = 27.774524890376767
Optimization restart 2/5, f = 27.774524889651588
Optimization restart 3/5, f = 27.774524890114236
Optimization restart 4/5, f = 30.372686310040372
Optimization restart 5/5, f = 30.37268631003996
f inputs x:[[0.09154579 0.48021761]] ev:{} outputs y:4.522033114744885 (n:0.004666720678639319) c:1.0
num acquisition: 111, time elapsed: 17.16s
Optimization restart 1/5, f = 28.341401465062596
Optimization restart 2/5, f = 30.540827757660587
Optimization restart 3/5, f = 28.34140146499938
Optimization restart 4/5, f = 30.540827757207893
Optimization restart 5/5, f = 30.540827757208802
f inputs x:[[0.85236682 0.80733492]] ev:{} outputs y:5.282375565058822 (n:0.00507126590341019) c:1.0
num acquisition: 112, time elapsed: 17.42s
Optimization restart 1/5, f = 28.843157449969077
Optimization restart 2/5, f = 31.005926292554534
Optimization restart 3/5, f = 63.444304353071736
Optimization restart 4/5, f = 31.00592629270053
Optimization restart 5/5, f = 31.005926292553802
f inputs x:[[0.32181374 0.21498803]] ev:{} outputs y:0.1158402179618341 (n:0.002752322738963878) c:1.0
num acquisition: 113, time elapsed: 17.64s
Optimization restart 1/5, f = 25.33836580842835
Optimization restart 2/5, f = 25.338365808734878
Optimization restart 3/5, f = 30.40933150018266
Optimization restart 4/5, f = 25.33836580856523
Optimization restart 5/5, f = 30.409331500185218
f inputs x:[[-0.39209412 -0.81605828]] ev:{} outputs y:6.2915407655379765 (n:-0.001300873812788208) c:1.0
num acquisition: 114, time elapsed: 17.85s
Optimization restart 1/5, f = 25.512459084190823
Optimization restart 2/5, f = 30.024736667050377
Optimization restart 3/5, f = 30.024736667089606
Optimization restart 4/5, f = 30.02473666719225
Optimization restart 5/5, f = 25.512459060008602
f inputs x:[[0.48194025 0.93345575]] ev:{} outputs y:4.484084562084361 (n:-0.003369266274640349) c:1.0
num acquisition: 115, time elapsed: 18.04s
Optimization restart 1/5, f = 26.012521555799324
Optimization restart 2/5, f = 26.01252155166894
Optimization restart 3/5, f = 30.0898200779614
Optimization restart 4/5, f = 30.08982007795661
Optimization restart 5/5, f = 30.089820077935585
f inputs x:[[-0.51993992  0.47027752]] ev:{} outputs y:2.1013817447318424 (n:-0.00019874604559440637) c:1.0
num acquisition: 116, time elapsed: 18.23s
Optimization restart 1/5, f = 26.300933607994644
Optimization restart 2/5, f = 30.097924658903906
Optimization restart 3/5, f = 30.097924658909818
Optimization restart 4/5, f = 30.097924658903672
Optimization restart 5/5, f = 26.300933606582504
f inputs x:[[-0.12254598  0.78153713]] ev:{} outputs y:5.476592115296631 (n:0.00018582221295762176) c:1.0
num acquisition: 117, time elapsed: 18.43s
Optimization restart 1/5, f = 26.67388734758677
Optimization restart 2/5, f = 29.783812303813768
Optimization restart 3/5, f = 29.783812304038932
Optimization restart 4/5, f = 29.783812303852272
Optimization restart 5/5, f = 29.78381230381371
f inputs x:[[-0.77066838 -0.10445867]] ev:{} outputs y:6.609818981389054 (n:0.004008160685527685) c:1.0
num acquisition: 118, time elapsed: 18.66s
Optimization restart 1/5, f = 26.67630793139547
Optimization restart 2/5, f = 26.67630793136383
Optimization restart 3/5, f = 29.253095773227358
Optimization restart 4/5, f = 29.253095773219734
Optimization restart 5/5, f = 29.253095773318606
f inputs x:[[0.13653393 0.03393684]] ev:{} outputs y:0.4212167340136663 (n:-0.001753616010255453) c:1.0
num acquisition: 119, time elapsed: 18.86s
Optimization restart 1/5, f = 24.71531191211112
Optimization restart 2/5, f = 28.011321271016214
Optimization restart 3/5, f = 28.011321271021004
Optimization restart 4/5, f = 24.71530956984462
Optimization restart 5/5, f = 28.011321271312568
f inputs x:[[0.33145817 0.23726547]] ev:{} outputs y:0.15574479274044742 (n:0.001971683574449764) c:1.0
num acquisition: 120, time elapsed: 19.08s
Optimization restart 1/5, f = 22.395506815996207
Optimization restart 2/5, f = 27.510157918519887
Optimization restart 3/5, f = 27.51015791851735
Optimization restart 4/5, f = 27.510157918566897
Optimization restart 5/5, f = 27.510157918520996
f inputs x:[[0.88549466 0.42749159]] ev:{} outputs y:6.3704854531455215 (n:0.000513568955349015) c:1.0
num acquisition: 121, time elapsed: 19.31s
Optimization restart 1/5, f = 22.550868348161544
Optimization restart 2/5, f = 27.609082357107148
Optimization restart 3/5, f = 27.609082357143144
Optimization restart 4/5, f = 27.609082357109024
Optimization restart 5/5, f = 27.60908235718025
f inputs x:[[ 0.18354599 -0.40570719]] ev:{} outputs y:4.566684580318758 (n:0.0033265631208672904) c:1.0
num acquisition: 122, time elapsed: 19.53s
Optimization restart 1/5, f = 22.996867131843203
Optimization restart 2/5, f = 27.355311476778347
Optimization restart 3/5, f = 27.355311476825996
Optimization restart 4/5, f = 27.35531147679105
Optimization restart 5/5, f = 27.355311476780322
f inputs x:[[ 0.33581619 -0.11850984]] ev:{} outputs y:3.956193180010632 (n:-0.0012167031852693259) c:1.0
num acquisition: 123, time elapsed: 19.75s
Optimization restart 1/5, f = 23.626895522977577
Optimization restart 2/5, f = 23.62689552363753
Optimization restart 3/5, f = 27.309452265263474
Optimization restart 4/5, f = 136.65196577859936
Optimization restart 5/5, f = 27.309452265280584
f inputs x:[[-0.22750583 -0.20187678]] ev:{} outputs y:3.7583374858904657 (n:-0.0006869932751917482) c:1.0
num acquisition: 124, time elapsed: 20.00s
Optimization restart 1/5, f = 24.12850083030328
Optimization restart 2/5, f = 27.0742572462037
Optimization restart 3/5, f = 27.07425724517303
Optimization restart 4/5, f = 27.074257245173996
Optimization restart 5/5, f = 24.128500830848495
f inputs x:[[-0.0055237   0.00704175]] ev:{} outputs y:0.7086316310388697 (n:-0.005877526565032783) c:1.0
num acquisition: 125, time elapsed: 20.24s
Optimization restart 1/5, f = 22.702143118844063
Optimization restart 2/5, f = 25.969676120406717
Optimization restart 3/5, f = 25.969676120499415
Optimization restart 4/5, f = 25.969676120451496
Optimization restart 5/5, f = 25.96967612040595
f inputs x:[[-0.52692661  0.26314059]] ev:{} outputs y:3.7897166289698654 (n:-0.005004373087621849) c:1.0
num acquisition: 126, time elapsed: 20.44s
Optimization restart 1/5, f = 23.06173314709443
Optimization restart 2/5, f = 27.345646350991657
Optimization restart 3/5, f = 27.345646351011226
Optimization restart 4/5, f = 27.34564635099251
Optimization restart 5/5, f = 23.06173314714647
f inputs x:[[-0.07624304 -0.78792968]] ev:{} outputs y:5.598654750054517 (n:-0.0022131587190530296) c:1.0
num acquisition: 127, time elapsed: 20.64s
Optimization restart 1/5, f = 23.31983149684413
Optimization restart 2/5, f = 26.971283788173494
Optimization restart 3/5, f = 26.97128378826335
Optimization restart 4/5, f = 26.971283788188316
Optimization restart 5/5, f = 26.971283788180912
f inputs x:[[-0.6694278   0.89307117]] ev:{} outputs y:1.9360329212002574 (n:0.007762016780981076) c:1.0
num acquisition: 128, time elapsed: 20.84s
Optimization restart 1/5, f = 24.942268430082393
Optimization restart 2/5, f = 30.61820583258269
Optimization restart 3/5, f = 30.618205832591272
Optimization restart 4/5, f = 30.618205832572343
Optimization restart 5/5, f = 30.618205832668778
f inputs x:[[-0.8286349   0.27599169]] ev:{} outputs y:6.300471268102444 (n:0.0013919489239133471) c:1.0
num acquisition: 129, time elapsed: 21.03s
Optimization restart 1/5, f = 25.0133398420391
Optimization restart 2/5, f = 30.4467403191115
Optimization restart 3/5, f = 25.013338634650836
Optimization restart 4/5, f = 30.446740318510933
Optimization restart 5/5, f = 25.013338634896968
f inputs x:[[-0.4582728   0.05159425]] ev:{} outputs y:4.174541482536928 (n:0.0024484903885115213) c:1.0
num acquisition: 130, time elapsed: 21.25s
Optimization restart 1/5, f = 25.421689092943666
Optimization restart 2/5, f = 25.421689094192516
Optimization restart 3/5, f = 30.386049712052042
Optimization restart 4/5, f = 30.38604971205207
Optimization restart 5/5, f = 30.38604971222371
f inputs x:[[-0.13333781 -0.51469317]] ev:{} outputs y:4.8636021308502695 (n:-0.003997855854757418) c:1.0
num acquisition: 131, time elapsed: 21.49s
Optimization restart 1/5, f = 25.766126729479495
Optimization restart 2/5, f = 30.10144241747531
Optimization restart 3/5, f = 30.10144241724285
Optimization restart 4/5, f = 25.76612672925195
Optimization restart 5/5, f = 25.766126728927404
f inputs x:[[-0.23720538  0.99734353]] ev:{} outputs y:5.802956734366918 (n:0.0051560391745519634) c:1.0
num acquisition: 132, time elapsed: 21.71s
Optimization restart 1/5, f = 25.95366163388381
Optimization restart 2/5, f = 29.667549280561232
Optimization restart 3/5, f = 29.66754928046352
Optimization restart 4/5, f = 29.66754928045637
Optimization restart 5/5, f = 29.667549280451823
f inputs x:[[0.78145286 0.15777884]] ev:{} outputs y:6.213400334539524 (n:-0.005824672386217526) c:1.0
num acquisition: 133, time elapsed: 21.91s
Optimization restart 1/5, f = 26.0181123183215
Optimization restart 2/5, f = 29.796623271064618
Optimization restart 3/5, f = 29.796623271030484
Optimization restart 4/5, f = 26.01811231825448
Optimization restart 5/5, f = 29.796623271035557
f inputs x:[[0.6305201 0.8848745]] ev:{} outputs y:1.158761280155176 (n:0.0018081583759372189) c:1.0
num acquisition: 134, time elapsed: 22.17s
Optimization restart 1/5, f = 29.108110273474367
Optimization restart 2/5, f = 36.9770763733284
Optimization restart 3/5, f = 36.977076373326156
Optimization restart 4/5, f = 36.9770763733503
Optimization restart 5/5, f = 36.9770763733262
f inputs x:[[0.68667295 0.92743527]] ev:{} outputs y:0.5874048970445281 (n:0.01173237056618794) c:1.0
num acquisition: 135, time elapsed: 22.44s
Optimization restart 1/5, f = 31.768652867342922
Optimization restart 2/5, f = 43.330198927103524
Optimization restart 3/5, f = 31.768652867453397
Optimization restart 4/5, f = 43.33019892738551
Optimization restart 5/5, f = 43.33019892712656
f inputs x:[[-0.04681592 -0.03353428]] ev:{} outputs y:1.027594046874344 (n:-0.00464335328849783) c:1.0
num acquisition: 136, time elapsed: 22.66s
Optimization restart 1/5, f = 30.43276230253025
Optimization restart 2/5, f = 30.43276230140654
Optimization restart 3/5, f = 30.43276230152847
Optimization restart 4/5, f = 42.47816773971218
Optimization restart 5/5, f = 30.432762301350948
f inputs x:[[-0.7418103  -0.98181231]] ev:{} outputs y:7.533871168073939 (n:-0.0011869331245134274) c:1.0
num acquisition: 137, time elapsed: 22.88s
Optimization restart 1/5, f = 29.838955104457057
Optimization restart 2/5, f = 29.83895510565324
Optimization restart 3/5, f = 29.8389551047228
Optimization restart 4/5, f = 41.46456035300575
Optimization restart 5/5, f = 41.46456035253058
f inputs x:[[0.06561348 0.09036764]] ev:{} outputs y:1.513499485994931 (n:0.0008509757984520827) c:1.0
num acquisition: 138, time elapsed: 23.13s
Optimization restart 1/5, f = 29.075561558299
Optimization restart 2/5, f = 42.385709914085595
Optimization restart 3/5, f = 29.075561558333163
Optimization restart 4/5, f = 42.38570991408184
Optimization restart 5/5, f = 42.38570991416151
f inputs x:[[-0.78932933  0.89793135]] ev:{} outputs y:4.2193399773555855 (n:0.0028659016861121113) c:1.0
num acquisition: 139, time elapsed: 23.38s
Optimization restart 1/5, f = 29.611273937411113
Optimization restart 2/5, f = 43.10283587740376
Optimization restart 3/5, f = 29.611273936946617
Optimization restart 4/5, f = 43.102835877352234
Optimization restart 5/5, f = 43.10283587734894
f inputs x:[[-0.16974678  0.47585125]] ev:{} outputs y:4.319552505978807 (n:-0.007154255726753694) c:1.0
num acquisition: 140, time elapsed: 23.63s
Optimization restart 1/5, f = 30.040442840747517
Optimization restart 2/5, f = 43.002429008584656
Optimization restart 3/5, f = 74.59474314396454
Optimization restart 4/5, f = 43.002429008606384
Optimization restart 5/5, f = 30.04044283993457
f inputs x:[[-0.07091759 -0.33460273]] ev:{} outputs y:3.956338835398172 (n:0.0011388233072869517) c:1.0
num acquisition: 141, time elapsed: 23.94s
Optimization restart 1/5, f = 30.315299400922584
Optimization restart 2/5, f = 42.848108005709264
Optimization restart 3/5, f = 42.848108005549875
Optimization restart 4/5, f = 42.84810800556673
Optimization restart 5/5, f = 30.315299400527607
f inputs x:[[0.78960909 0.5578514 ]] ev:{} outputs y:5.3919700060518725 (n:0.006399396789562218) c:1.0
num acquisition: 142, time elapsed: 24.16s
Optimization restart 1/5, f = 30.53954016257603
Optimization restart 2/5, f = 42.56153693656745
Optimization restart 3/5, f = 42.56153693671426
Optimization restart 4/5, f = 42.56153693651649
Optimization restart 5/5, f = 42.56153693651923
f inputs x:[[0.12727199 0.99788543]] ev:{} outputs y:5.978278753406594 (n:0.007278980569611766) c:1.0
num acquisition: 143, time elapsed: 24.41s
Optimization restart 1/5, f = 30.604253327772568
Optimization restart 2/5, f = 42.12212036777953
Optimization restart 3/5, f = 42.12212036486075
Optimization restart 4/5, f = 42.12212036389509
Optimization restart 5/5, f = 42.122120363901914
f inputs x:[[0.74995439 0.92584648]] ev:{} outputs y:3.1193127440149455 (n:-0.003605607490005266) c:1.0
num acquisition: 144, time elapsed: 24.65s
Optimization restart 1/5, f = 38.52377481643666
Optimization restart 2/5, f = 43.68336192623826
Optimization restart 3/5, f = 43.683361926209926
Optimization restart 4/5, f = 43.683361926211774
Optimization restart 5/5, f = 43.68336192623933
f inputs x:[[0.28305059 0.83414774]] ev:{} outputs y:5.243735946128058 (n:-0.0006347523662797175) c:1.0
num acquisition: 145, time elapsed: 24.89s
Optimization restart 1/5, f = 38.84028784616501
Optimization restart 2/5, f = 43.673863803819955
Optimization restart 3/5, f = 43.67386380382874
Optimization restart 4/5, f = 43.67386380382237
Optimization restart 5/5, f = 43.673863803819174
f inputs x:[[0.4087953  0.36966048]] ev:{} outputs y:0.298482515058756 (n:0.004572505705149825) c:1.0
num acquisition: 146, time elapsed: 25.15s
Optimization restart 1/5, f = 43.37780841495396
Optimization restart 2/5, f = 45.064645555092454
Optimization restart 3/5, f = 45.06464555509004
Optimization restart 4/5, f = 45.06464555508832
Optimization restart 5/5, f = 45.0646455550921
f inputs x:[[0.43256709 0.38792944]] ev:{} outputs y:0.029474003360232988 (n:0.007359137900573352) c:1.0
num acquisition: 147, time elapsed: 25.47s
Optimization restart 1/5, f = 45.92753207044157
Optimization restart 2/5, f = 45.92753206961609
Optimization restart 3/5, f = 46.59706195379805
Optimization restart 4/5, f = 46.59706195369597
Optimization restart 5/5, f = 46.5970619537505
f inputs x:[[-0.21772376  0.01793152]] ev:{} outputs y:1.7401754584692246 (n:-0.00349819786572906) c:1.0
num acquisition: 148, time elapsed: 25.73s
Optimization restart 1/5, f = 45.497471187972494
Optimization restart 2/5, f = 46.12244464712245
Optimization restart 3/5, f = 46.122444649396655
Optimization restart 4/5, f = 45.497471188506324
Optimization restart 5/5, f = 46.12244464712299
f inputs x:[[-0.31115609 -0.51137062]] ev:{} outputs y:5.368887211448557 (n:-0.0013297421012913573) c:1.0
num acquisition: 149, time elapsed: 26.02s
Optimization restart 1/5, f = 45.847342313400645
Optimization restart 2/5, f = 45.841465924526744
Optimization restart 3/5, f = 45.84146592458019
Optimization restart 4/5, f = 45.841465924526744
Optimization restart 5/5, f = 45.847342314111785
f inputs x:[[0.26360645 0.14564788]] ev:{} outputs y:0.1911335390777162 (n:-0.004754168879990213) c:1.0
num acquisition: 150, time elapsed: 26.37s
Optimization restart 1/5, f = 44.649443922344545
Optimization restart 2/5, f = 44.649443922284746
Optimization restart 3/5, f = 43.113104709434396
Optimization restart 4/5, f = 44.649443922323755
Optimization restart 5/5, f = 44.64944392236404
f inputs x:[[-0.03609299  0.22527816]] ev:{} outputs y:3.1313821557399697 (n:-0.0014260795557535697) c:1.0
num acquisition: 151, time elapsed: 26.61s
Optimization restart 1/5, f = 43.47405417414356
Optimization restart 2/5, f = 44.84792253969522
Optimization restart 3/5, f = 44.84792253957713
Optimization restart 4/5, f = 44.8479225396175
Optimization restart 5/5, f = 44.84792253965169
f inputs x:[[ 0.2209468  -0.05548532]] ev:{} outputs y:2.442893736209665 (n:0.006045912086264466) c:1.0
num acquisition: 152, time elapsed: 26.89s
Optimization restart 1/5, f = 43.50159973981279
Optimization restart 2/5, f = 45.45708572231271
Optimization restart 3/5, f = 45.457085722178846
Optimization restart 4/5, f = 45.457085722174384
Optimization restart 5/5, f = 45.45708572252752
f inputs x:[[-0.82520011  0.61153913]] ev:{} outputs y:5.579079152507698 (n:-0.002241354856643226) c:1.0
num acquisition: 153, time elapsed: 27.16s
Optimization restart 1/5, f = 43.964266183547394
Optimization restart 2/5, f = 43.96426607247564
Optimization restart 3/5, f = 45.230398964159406
Optimization restart 4/5, f = 45.230398964159576
Optimization restart 5/5, f = 43.964266072239425
f inputs x:[[0.65437953 0.9347175 ]] ev:{} outputs y:0.91692941531483 (n:-0.004932972883704231) c:1.0
num acquisition: 154, time elapsed: 27.47s
Optimization restart 1/5, f = 44.71280060654537
Optimization restart 2/5, f = 46.762705284308524
Optimization restart 3/5, f = 46.76270528429161
Optimization restart 4/5, f = 46.762705284292736
Optimization restart 5/5, f = 46.76270528431711
f inputs x:[[1.         0.82657557]] ev:{} outputs y:6.439213663425837 (n:-0.003067133915488924) c:1.0
num acquisition: 155, time elapsed: 27.77s
Optimization restart 1/5, f = 44.84911590886321
Optimization restart 2/5, f = 46.25585522693349
Optimization restart 3/5, f = 46.25585522691583
Optimization restart 4/5, f = 46.25585522773666
Optimization restart 5/5, f = 46.25585522691355
f inputs x:[[0.43845112 0.38112744]] ev:{} outputs y:0.0633300739474161 (n:-0.010644817546971132) c:1.0
num acquisition: 156, time elapsed: 28.04s
Optimization restart 1/5, f = 41.482943874747306
Optimization restart 2/5, f = 46.67579464452058
Optimization restart 3/5, f = 46.67579464451933
Optimization restart 4/5, f = 46.67579464455984
Optimization restart 5/5, f = 46.675794644524615
f inputs x:[[0.60347484 0.75399509]] ev:{} outputs y:0.08926802022484481 (n:0.009052681350842407) c:1.0
num acquisition: 157, time elapsed: 28.34s
Optimization restart 1/5, f = 48.55295183733102
Optimization restart 2/5, f = 55.321676290765566
Optimization restart 3/5, f = 55.32167628522636
Optimization restart 4/5, f = 48.55295183705698
Optimization restart 5/5, f = 48.55295183696322
f inputs x:[[0.61592335 0.77565502]] ev:{} outputs y:0.07850207128288483 (n:0.01175953318677164) c:1.0
num acquisition: 158, time elapsed: 28.74s
Optimization restart 1/5, f = 46.73225719940628
Optimization restart 2/5, f = 46.73225612586437
Optimization restart 3/5, f = 46.73225612557185
Optimization restart 4/5, f = 46.7322561256904
Optimization restart 5/5, f = 46.73225612580396
f inputs x:[[0.62179604 0.75546119]] ev:{} outputs y:0.4861165391494954 (n:-0.001976370210034614) c:1.0
num acquisition: 159, time elapsed: 29.21s
Optimization restart 1/5, f = 49.2772012416894
Optimization restart 2/5, f = 58.3546949887689
Optimization restart 3/5, f = 49.27720124211061
Optimization restart 4/5, f = 58.35469499293497
Optimization restart 5/5, f = 49.277201241633065
f inputs x:[[0.59797717 0.77849683]] ev:{} outputs y:0.6673544593458639 (n:0.0021254713573051567) c:1.0
num acquisition: 160, time elapsed: 29.60s
Optimization restart 1/5, f = 85.69156133094961
Optimization restart 2/5, f = 57.77703325212592
Optimization restart 3/5, f = 57.77703325213025
Optimization restart 4/5, f = 57.77703325213217
Optimization restart 5/5, f = 57.777033252131716
f inputs x:[[0.2656621  0.14961022]] ev:{} outputs y:0.1975016355737474 (n:-0.00023996690640307652) c:1.0
num acquisition: 161, time elapsed: 29.98s
Optimization restart 1/5, f = 56.718108255843404
Optimization restart 2/5, f = 56.718108256190234
Optimization restart 3/5, f = 56.7181082558329
Optimization restart 4/5, f = 56.718108255909456
Optimization restart 5/5, f = 80.87628855845726
f inputs x:[[0.26608711 0.14960662]] ev:{} outputs y:0.20315689067493364 (n:0.007621288015649997) c:1.0
num acquisition: 162, time elapsed: 30.36s
Optimization restart 1/5, f = 55.65198070790001
Optimization restart 2/5, f = 55.65198070788874
Optimization restart 3/5, f = 55.65198070808695
Optimization restart 4/5, f = 55.65198070786697
Optimization restart 5/5, f = 55.65198070784862
f inputs x:[[0.26647295 0.14957917]] ev:{} outputs y:0.1899929047302859 (n:-0.0035955588880558897) c:1.0
num acquisition: 163, time elapsed: 30.76s
Optimization restart 1/5, f = 54.58260335456947
Optimization restart 2/5, f = 54.58260335478592
Optimization restart 3/5, f = 54.58260335448993
Optimization restart 4/5, f = 54.58260335464641
Optimization restart 5/5, f = 54.582603354621014
f inputs x:[[0.266854   0.14953996]] ev:{} outputs y:0.19203446883202632 (n:0.00026770153076059895) c:1.0
num acquisition: 164, time elapsed: 31.11s
Optimization restart 1/5, f = 53.50808515451641
Optimization restart 2/5, f = 62.89583610354745
Optimization restart 3/5, f = 53.50808515448449
Optimization restart 4/5, f = 53.50808515443519
Optimization restart 5/5, f = 53.50808515446049
f inputs x:[[0.26721558 0.14949006]] ev:{} outputs y:0.19740975443251102 (n:0.007270671941036014) c:1.0
num acquisition: 165, time elapsed: 31.47s
Optimization restart 1/5, f = 52.42906315407252
Optimization restart 2/5, f = 60.80086086759478
Optimization restart 3/5, f = 52.429063153992516
Optimization restart 4/5, f = 60.80086086849255
Optimization restart 5/5, f = 52.42906315403201
f inputs x:[[0.26755905 0.14943414]] ev:{} outputs y:0.18986679648584046 (n:0.001165572661835985) c:1.0
num acquisition: 166, time elapsed: 31.81s
Optimization restart 1/5, f = 51.34706921089163
Optimization restart 2/5, f = 58.62493770052947
Optimization restart 3/5, f = 51.347069210814155
Optimization restart 4/5, f = 58.624937700356256
Optimization restart 5/5, f = 51.347069210810886
f inputs x:[[0.26790385 0.14937506]] ev:{} outputs y:0.18452143047228195 (n:-0.0028600406673222893) c:1.0
num acquisition: 167, time elapsed: 32.13s
Optimization restart 1/5, f = 50.26200027149355
Optimization restart 2/5, f = 50.262000273472
Optimization restart 3/5, f = 50.26200027141405
Optimization restart 4/5, f = 50.26200027157492
Optimization restart 5/5, f = 53.16416554400644
f inputs x:[[0.26824913 0.14931392]] ev:{} outputs y:0.18976824984281537 (n:0.003579254811758928) c:1.0
num acquisition: 168, time elapsed: 32.49s
Optimization restart 1/5, f = 49.17319354605911
Optimization restart 2/5, f = 49.17319354632616
Optimization restart 3/5, f = 49.17319354598472
Optimization restart 4/5, f = 47.809707837725284
Optimization restart 5/5, f = 54.07628886405848
f inputs x:[[0.56504473 0.70179332]] ev:{} outputs y:0.6861361581940241 (n:-0.0008639039090609423) c:1.0
num acquisition: 169, time elapsed: 32.91s
Optimization restart 1/5, f = 48.96086154477702
Optimization restart 2/5, f = 53.84157459818374
Optimization restart 3/5, f = 49.37536670683673
Optimization restart 4/5, f = 48.96086154462935
Optimization restart 5/5, f = 49.37536670680703
f inputs x:[[-0.32794401  0.15891696]] ev:{} outputs y:1.6844964468332186 (n:0.003206050919537767) c:1.0
num acquisition: 170, time elapsed: 33.26s
Optimization restart 1/5, f = 49.2073982387123
Optimization restart 2/5, f = 53.43493040398225
Optimization restart 3/5, f = 53.4349304040295
Optimization restart 4/5, f = 53.43493040383913
Optimization restart 5/5, f = 53.43493040399403
f inputs x:[[-0.61808207  0.77858152]] ev:{} outputs y:1.816391572919281 (n:0.0015549963134200058) c:1.0
num acquisition: 171, time elapsed: 33.65s
Optimization restart 1/5, f = 49.718113701920004
Optimization restart 2/5, f = 53.398122686108294
Optimization restart 3/5, f = 53.39812268620264
Optimization restart 4/5, f = 49.840938109126085
Optimization restart 5/5, f = 49.84093810912813
f inputs x:[[-0.54513429  0.58758769]] ev:{} outputs y:1.734169986328268 (n:-6.746782534324825e-05) c:1.0
num acquisition: 172, time elapsed: 34.00s
Optimization restart 1/5, f = 50.29483034713252
Optimization restart 2/5, f = 50.57671236846818
Optimization restart 3/5, f = 50.57671236826778
Optimization restart 4/5, f = 50.57671236827461
Optimization restart 5/5, f = 50.57671236826819
f inputs x:[[0.63538679 0.80245026]] ev:{} outputs y:0.29056502827437447 (n:-0.0018632016409311789) c:1.0
num acquisition: 173, time elapsed: 34.38s
Optimization restart 1/5, f = 49.50572473550963
Optimization restart 2/5, f = 54.039516385655745
Optimization restart 3/5, f = 50.34824349257116
Optimization restart 4/5, f = 50.348243493050134
Optimization restart 5/5, f = 50.34824349255972
f inputs x:[[-0.35215886 -1.        ]] ev:{} outputs y:6.496169988420071 (n:-0.001369860616905547) c:1.0
num acquisition: 174, time elapsed: 34.74s
Optimization restart 1/5, f = 49.65489780358547
Optimization restart 2/5, f = 53.91971336929464
Optimization restart 3/5, f = 49.710530009029256
Optimization restart 4/5, f = 53.919713368987686
Optimization restart 5/5, f = 49.71053000868547
f inputs x:[[-0.22508035  0.12519141]] ev:{} outputs y:1.2029371345681403 (n:0.0008148148131294271) c:1.0
num acquisition: 175, time elapsed: 35.10s
Optimization restart 1/5, f = 49.611545200849946
Optimization restart 2/5, f = 49.35792371108647
Optimization restart 3/5, f = 49.35792371110634
Optimization restart 4/5, f = 53.39052244752074
Optimization restart 5/5, f = 49.357923711094344
f inputs x:[[0.26986479 0.14912522]] ev:{} outputs y:0.17438862038843772 (n:-0.00801016302182122) c:1.0
num acquisition: 176, time elapsed: 35.50s
Optimization restart 1/5, f = 48.26373615987339
Optimization restart 2/5, f = 48.26373615987002
Optimization restart 3/5, f = 50.973054629331045
Optimization restart 4/5, f = 48.26373615982483
Optimization restart 5/5, f = 46.8363844755369
f inputs x:[[ 0.35417629 -0.40138245]] ev:{} outputs y:5.209664754329279 (n:0.0011013950780737968) c:1.0
num acquisition: 177, time elapsed: 35.92s
Optimization restart 1/5, f = 47.3863778577234
Optimization restart 2/5, f = 47.3863778573639
Optimization restart 3/5, f = 47.961878716044765
Optimization restart 4/5, f = 47.961878716043415
Optimization restart 5/5, f = 47.961878716046996
f inputs x:[[-0.18204288  0.24004674]] ev:{} outputs y:2.734701006833629 (n:0.005633277660949122) c:1.0
num acquisition: 178, time elapsed: 36.35s
Optimization restart 1/5, f = 47.88119204271848
Optimization restart 2/5, f = 51.097460043035625
Optimization restart 3/5, f = 48.054305391650146
Optimization restart 4/5, f = 48.05430539122591
Optimization restart 5/5, f = 48.054305391141256
f inputs x:[[0.66978954 0.88969804]] ev:{} outputs y:0.39221104408390584 (n:-0.008354979593235343) c:1.0
num acquisition: 179, time elapsed: 36.87s
Optimization restart 1/5, f = 46.859976957137576
Optimization restart 2/5, f = 53.215629891717555
Optimization restart 3/5, f = 49.02639200845175
Optimization restart 4/5, f = 49.026392008261126
Optimization restart 5/5, f = 53.21562989172247
f inputs x:[[0.44256895 0.39762658]] ev:{} outputs y:0.010431194926464701 (n:-0.0034034111656948054) c:1.0
num acquisition: 180, time elapsed: 37.25s
Optimization restart 1/5, f = 44.84671866427769
Optimization restart 2/5, f = 44.846718662714835
Optimization restart 3/5, f = 51.654135766149494
Optimization restart 4/5, f = 49.19654559744711
Optimization restart 5/5, f = 51.654135766114365
f inputs x:[[-1.         -0.79831265]] ev:{} outputs y:8.127026018879787 (n:-0.006944034583911946) c:1.0
num acquisition: 181, time elapsed: 37.70s
Optimization restart 1/5, f = 44.047750928195654
Optimization restart 2/5, f = 50.524360784606955
Optimization restart 3/5, f = 50.52436078462806
Optimization restart 4/5, f = 47.63278420257953
Optimization restart 5/5, f = 44.047750927758074
f inputs x:[[-1.         -0.41208035]] ev:{} outputs y:7.844168628084045 (n:0.000837331957152401) c:1.0
num acquisition: 182, time elapsed: 38.10s
Optimization restart 1/5, f = 43.49977082646981
Optimization restart 2/5, f = 46.213971871546235
Optimization restart 3/5, f = 46.21397187153556
Optimization restart 4/5, f = 49.648803185374604
Optimization restart 5/5, f = 43.49977082576291
f inputs x:[[0.58771473 0.73575845]] ev:{} outputs y:0.32273859828362883 (n:0.0014877147742247605) c:1.0
num acquisition: 183, time elapsed: 38.56s
Optimization restart 1/5, f = 43.17887050643927
Optimization restart 2/5, f = 43.17886854244415
Optimization restart 3/5, f = 43.17886854200239
Optimization restart 4/5, f = 46.05788527436397
Optimization restart 5/5, f = 46.057885274332364
f inputs x:[[0.55285182 0.63481396]] ev:{} outputs y:0.05716658097639053 (n:0.008034847745613563) c:1.0
num acquisition: 184, time elapsed: 38.97s
Optimization restart 1/5, f = 44.899457627220414
Optimization restart 2/5, f = 49.357563380306686
Optimization restart 3/5, f = 49.35756338030639
Optimization restart 4/5, f = 44.8994576270417
Optimization restart 5/5, f = 49.357563380313564
f inputs x:[[0.53384351 0.64667351]] ev:{} outputs y:0.9869819061119679 (n:0.0032997071858621232) c:1.0
num acquisition: 185, time elapsed: 39.46s
Optimization restart 1/5, f = 48.04553904943742
Optimization restart 2/5, f = 48.74298251921992
Optimization restart 3/5, f = 48.742982519097495
Optimization restart 4/5, f = 48.74298251894966
Optimization restart 5/5, f = 48.7429825189423
f inputs x:[[-0.59263741  0.88869422]] ev:{} outputs y:2.8912022267397797 (n:0.004373724972915208) c:1.0
num acquisition: 186, time elapsed: 39.85s
Optimization restart 1/5, f = 48.59449210750441
Optimization restart 2/5, f = 48.65518276791532
Optimization restart 3/5, f = 48.655182767831576
Optimization restart 4/5, f = 48.65518276783398
Optimization restart 5/5, f = 48.65518276783686
f inputs x:[[0.57172301 0.63011154]] ev:{} outputs y:0.5128428402612494 (n:-0.00441433214553891) c:1.0
num acquisition: 187, time elapsed: 40.37s
Optimization restart 1/5, f = 59.30447014122376
Optimization restart 2/5, f = 48.65289204022676
Optimization restart 3/5, f = 48.652892040334564
Optimization restart 4/5, f = 48.65289204065802
Optimization restart 5/5, f = 48.65289204023679
f inputs x:[[0.26911152 0.14855065]] ev:{} outputs y:0.1809664787700539 (n:-0.0026023032178748573) c:1.0
num acquisition: 188, time elapsed: 40.86s
Optimization restart 1/5, f = 47.60865304160251
Optimization restart 2/5, f = 54.196843359021784
Optimization restart 3/5, f = 47.60865304218362
Optimization restart 4/5, f = 47.60865304160831
Optimization restart 5/5, f = 54.19684335872083
f inputs x:[[0.26942493 0.14849498]] ev:{} outputs y:0.18839357133742332 (n:0.005313037762859198) c:1.0
num acquisition: 189, time elapsed: 41.32s
Optimization restart 1/5, f = 46.56045004618608
Optimization restart 2/5, f = 46.560450046183576
Optimization restart 3/5, f = 46.560450046205716
Optimization restart 4/5, f = 46.5604500465959
Optimization restart 5/5, f = 46.56045004629131
f inputs x:[[0.26972872 0.14844858]] ev:{} outputs y:0.1825474518840581 (n:-0.00016488398066942202) c:1.0
num acquisition: 190, time elapsed: 41.75s
Optimization restart 1/5, f = 45.50861247238622
Optimization restart 2/5, f = 45.50861247243604
Optimization restart 3/5, f = 45.50861247307135
Optimization restart 4/5, f = 45.50861247237859
Optimization restart 5/5, f = 45.50861247259809
f inputs x:[[0.27004233 0.14840542]] ev:{} outputs y:0.17922336135720102 (n:-0.003213472598397269) c:1.0
num acquisition: 191, time elapsed: 42.24s
Optimization restart 1/5, f = 44.45302613121487
Optimization restart 2/5, f = 49.50085199937533
Optimization restart 3/5, f = 44.453026130525714
Optimization restart 4/5, f = 44.453026130781424
Optimization restart 5/5, f = 39.84729267310655
f inputs x:[[ 0.14158528 -0.67648517]] ev:{} outputs y:5.3767586342784695 (n:-0.005227414721059476) c:1.0
num acquisition: 192, time elapsed: 42.65s
Optimization restart 1/5, f = 40.38556486601604
Optimization restart 2/5, f = 44.070459116109845
Optimization restart 3/5, f = 49.59717576572356
Optimization restart 4/5, f = 44.07045911157445
Optimization restart 5/5, f = 44.070459111526176
f inputs x:[[0.54542306 0.61227012]] ev:{} outputs y:0.011961746528453223 (n:-0.005402475111162557) c:1.0
num acquisition: 193, time elapsed: 43.16s
Optimization restart 1/5, f = 38.86133881923922
Optimization restart 2/5, f = 45.59494640465306
Optimization restart 3/5, f = 45.59494640466174
Optimization restart 4/5, f = 45.59494640465756
Optimization restart 5/5, f = 45.59494640470619
f inputs x:[[0.25012366 0.08567824]] ev:{} outputs y:0.6820936838562459 (n:-0.007876151451978723) c:1.0
num acquisition: 194, time elapsed: 43.69s
Optimization restart 1/5, f = 37.981053670425354
Optimization restart 2/5, f = 44.93398439595322
Optimization restart 3/5, f = 44.93398439595495
Optimization restart 4/5, f = 44.93398439617951
Optimization restart 5/5, f = 44.9339843962798
f inputs x:[[ 0.79414347 -0.24067864]] ev:{} outputs y:6.897772076612996 (n:0.0039502601285281) c:1.0
num acquisition: 195, time elapsed: 44.15s
Optimization restart 1/5, f = 37.905952396966285
Optimization restart 2/5, f = 37.90595239752744
Optimization restart 3/5, f = 44.04513674613737
Optimization restart 4/5, f = 44.04513674615002
Optimization restart 5/5, f = 44.04513674613831
f inputs x:[[0.45915221 0.15555743]] ev:{} outputs y:3.482435225649942 (n:-0.01410918257106238) c:1.0
num acquisition: 196, time elapsed: 44.69s
Optimization restart 1/5, f = 38.74261943435363
Optimization restart 2/5, f = 46.130343578696156
Optimization restart 3/5, f = 46.130343578644556
Optimization restart 4/5, f = 46.130343578645366
Optimization restart 5/5, f = 46.130343578644826
f inputs x:[[0.50108367 0.53152281]] ev:{} outputs y:0.12152092503759276 (n:0.002641699193074208) c:1.0
num acquisition: 197, time elapsed: 45.21s
Optimization restart 1/5, f = 38.59891933807205
Optimization restart 2/5, f = 47.08250553253487
Optimization restart 3/5, f = 47.0825055324228
Optimization restart 4/5, f = 47.082505532423156
Optimization restart 5/5, f = 47.08250553242388
f inputs x:[[0.71868309 0.32274516]] ev:{} outputs y:5.424477462607077 (n:-0.004188621879874997) c:1.0
num acquisition: 198, time elapsed: 45.73s
Optimization restart 1/5, f = 39.11494995696242
Optimization restart 2/5, f = 46.82125758709918
Optimization restart 3/5, f = 46.8212575871045
Optimization restart 4/5, f = 46.82125758711099
Optimization restart 5/5, f = 46.82125758728721
f inputs x:[[0.51916005 0.56191604]] ev:{} outputs y:0.04931538361354868 (n:0.005001165787069928) c:1.0
num acquisition: 199, time elapsed: 46.26s
Optimization restart 1/5, f = 38.203170394664795
Optimization restart 2/5, f = 47.31817968535239
Optimization restart 3/5, f = 47.31817968534591
Optimization restart 4/5, f = 47.31817968534496
Optimization restart 5/5, f = 47.31817968541995
f inputs x:[[0.5369026  0.33819594]] ev:{} outputs y:3.322204391073912 (n:0.00144807811835557) c:1.0
num acquisition: 200, time elapsed: 46.77s
Optimization restart 1/5, f = 38.86311742706914
Optimization restart 2/5, f = 56.13732058585143
Optimization restart 3/5, f = 49.55898648119249
Optimization restart 4/5, f = 49.558986480822824
Optimization restart 5/5, f = 56.137320585959756
f inputs x:[[0.10111824 0.63460802]] ev:{} outputs y:5.077124001003573 (n:0.004572122388977883) c:1.0
num acquisition: 201, time elapsed: 47.32s
Optimization restart 1/5, f = 39.46489623274559
Optimization restart 2/5, f = 49.253093134895906
Optimization restart 3/5, f = 39.46489623098208
Optimization restart 4/5, f = 39.46489623118288
Optimization restart 5/5, f = 39.46489623067251
f inputs x:[[0.51403715 0.54416729]] ev:{} outputs y:0.0031270804982470412 (n:-0.0034480097756167624) c:1.0
num acquisition: 202, time elapsed: 47.82s
Optimization restart 1/5, f = 37.08160690515297
Optimization restart 2/5, f = 49.43019007160598
Optimization restart 3/5, f = 49.43019007160227
Optimization restart 4/5, f = 49.430190071705
Optimization restart 5/5, f = 49.43019007162356
f inputs x:[[-1.        -0.0367165]] ev:{} outputs y:7.514254842705929 (n:0.0004622308097134348) c:1.0
num acquisition: 203, time elapsed: 48.34s
Optimization restart 1/5, f = 36.74822324061432
Optimization restart 2/5, f = 48.18767930411529
Optimization restart 3/5, f = 48.18767930311651
Optimization restart 4/5, f = 54.23907120082845
Optimization restart 5/5, f = 36.748223240236314
f inputs x:[[-0.7672508  -0.56978023]] ev:{} outputs y:7.195104534565741 (n:0.0024322124873339948) c:1.0
num acquisition: 204, time elapsed: 48.80s
Optimization restart 1/5, f = 36.50385676372949
Optimization restart 2/5, f = 47.15089889955874
Optimization restart 3/5, f = 36.50385676334869
Optimization restart 4/5, f = 47.150898899558825
Optimization restart 5/5, f = 53.776656313637886
f inputs x:[[0.19995065 0.37326129]] ev:{} outputs y:3.613278107518697 (n:0.0034494979189662635) c:1.0
num acquisition: 205, time elapsed: 49.33s
Optimization restart 1/5, f = 37.37449770200101
Optimization restart 2/5, f = 37.37449770146878
Optimization restart 3/5, f = 47.19525350038978
Optimization restart 4/5, f = 47.19525350038998
Optimization restart 5/5, f = 54.50071162746231
f inputs x:[[-1.          0.33309101]] ev:{} outputs y:7.12753044917779 (n:0.0016051257363582606) c:1.0
num acquisition: 206, time elapsed: 49.93s
Optimization restart 1/5, f = 37.23535023759183
Optimization restart 2/5, f = 46.20168175628616
Optimization restart 3/5, f = 54.11666790452469
Optimization restart 4/5, f = 46.20168175574163
Optimization restart 5/5, f = 46.20168175574278
f inputs x:[[0.09375478 0.19812419]] ev:{} outputs y:2.72881414317944 (n:0.0035218434584713236) c:1.0
num acquisition: 207, time elapsed: 50.39s
Optimization restart 1/5, f = 38.063162074971075
Optimization restart 2/5, f = 46.82388681152118
Optimization restart 3/5, f = 46.823886811524375
Optimization restart 4/5, f = 38.06316207401491
Optimization restart 5/5, f = 54.60780622460997
f inputs x:[[ 0.78921843 -0.60346925]] ev:{} outputs y:7.306704968606589 (n:0.00529206241521668) c:1.0
num acquisition: 208, time elapsed: 50.90s
Optimization restart 1/5, f = 37.78172625781144
Optimization restart 2/5, f = 54.075920919332816
Optimization restart 3/5, f = 54.075920919399266
Optimization restart 4/5, f = 45.74285671377058
Optimization restart 5/5, f = 45.742856713846834
f inputs x:[[-0.30314602  0.50114593]] ev:{} outputs y:3.799958548821041 (n:-7.116219858361823e-05) c:1.0
num acquisition: 209, time elapsed: 51.40s
Optimization restart 1/5, f = 38.469725126222556
Optimization restart 2/5, f = 38.46972509421232
Optimization restart 3/5, f = 45.6806323832828
Optimization restart 4/5, f = 45.680632383304626
Optimization restart 5/5, f = 45.68063238327504
f inputs x:[[ 0.26544292 -0.8421759 ]] ev:{} outputs y:6.010397251329425 (n:-0.004227463189240715) c:1.0
num acquisition: 210, time elapsed: 51.93s
Optimization restart 1/5, f = 38.75728637144553
Optimization restart 2/5, f = 45.173823106014254
Optimization restart 3/5, f = 45.173823106013984
Optimization restart 4/5, f = 45.173823106255
Optimization restart 5/5, f = 45.17382310604748
f inputs x:[[ 0.03921292 -0.11407184]] ev:{} outputs y:2.0313501650021615 (n:0.0020023120176665783) c:1.0
num acquisition: 211, time elapsed: 52.40s
Optimization restart 1/5, f = 38.962201990608776
Optimization restart 2/5, f = 54.15973658726091
Optimization restart 3/5, f = 44.88515128686353
Optimization restart 4/5, f = 44.88515128686434
Optimization restart 5/5, f = 44.885151286896516
f inputs x:[[0.43780818 0.41019159]] ev:{} outputs y:0.13624311883393814 (n:0.0041749013873726955) c:1.0
num acquisition: 212, time elapsed: 53.14s
Optimization restart 1/5, f = 36.43866557741828
Optimization restart 2/5, f = 44.46827289944834
Optimization restart 3/5, f = 44.46827289935301
Optimization restart 4/5, f = 44.468272899410636
Optimization restart 5/5, f = 44.468272899347966
f inputs x:[[0.54955022 0.62216133]] ev:{} outputs y:0.01474788175727112 (n:-0.006373091365939403) c:1.0
num acquisition: 213, time elapsed: 53.72s
Optimization restart 1/5, f = 33.135269508324456
Optimization restart 2/5, f = 44.44474080437875
Optimization restart 3/5, f = 44.4447408043783
Optimization restart 4/5, f = 44.44474080437824
Optimization restart 5/5, f = 44.44474080438009
f inputs x:[[-0.54888291 -0.36289633]] ev:{} outputs y:6.015927637628487 (n:0.004041786464634934) c:1.0
num acquisition: 214, time elapsed: 54.19s
Optimization restart 1/5, f = 33.40710903521261
Optimization restart 2/5, f = 43.898183150797266
Optimization restart 3/5, f = 50.37846541409888
Optimization restart 4/5, f = 33.40710748687303
Optimization restart 5/5, f = 50.37846541408604
f inputs x:[[0.60727886 0.03776383]] ev:{} outputs y:5.376567989894674 (n:-0.0032958866195517806) c:1.0
num acquisition: 215, time elapsed: 54.73s
Optimization restart 1/5, f = 33.87806597206074
Optimization restart 2/5, f = 43.56251158515434
Optimization restart 3/5, f = 33.87806597183473
Optimization restart 4/5, f = 43.56251158568085
Optimization restart 5/5, f = 43.562511585486504
f inputs x:[[ 0.02596036 -0.43005165]] ev:{} outputs y:4.3884333258463295 (n:0.006825161958473343) c:1.0
num acquisition: 216, time elapsed: 55.27s
Optimization restart 1/5, f = 34.532524667083834
Optimization restart 2/5, f = 50.9491563885305
Optimization restart 3/5, f = 43.32555657820156
Optimization restart 4/5, f = 43.325556579236164
Optimization restart 5/5, f = 43.325556578131796
f inputs x:[[-0.79301388  0.45624263]] ev:{} outputs y:5.690569766191651 (n:-0.006543776156715736) c:1.0
num acquisition: 217, time elapsed: 55.77s
Optimization restart 1/5, f = 34.91537619798146
Optimization restart 2/5, f = 42.93888797662565
Optimization restart 3/5, f = 34.915375817327345
Optimization restart 4/5, f = 42.93888797653281
Optimization restart 5/5, f = 42.938887976502116
f inputs x:[[-0.36256349 -0.18769076]] ev:{} outputs y:4.516543595547771 (n:-0.0008618301979579317) c:1.0
num acquisition: 218, time elapsed: 56.30s
Optimization restart 1/5, f = 35.54341616666696
Optimization restart 2/5, f = 35.54341616660375
Optimization restart 3/5, f = 42.7096222963562
Optimization restart 4/5, f = 42.709622296345216
Optimization restart 5/5, f = 42.70962229632623
f inputs x:[[ 0.84929267 -0.8634477 ]] ev:{} outputs y:7.739288150087881 (n:-0.0011533536477864915) c:1.0
num acquisition: 219, time elapsed: 56.83s
Optimization restart 1/5, f = 34.98426735420793
Optimization restart 2/5, f = 50.617042148303085
Optimization restart 3/5, f = 34.98426735368332
Optimization restart 4/5, f = 41.512716177075546
Optimization restart 5/5, f = 34.98426735471162
f inputs x:[[ 0.5570405  -0.63650185]] ev:{} outputs y:6.5246931393606955 (n:0.0031377495058227266) c:1.0
num acquisition: 220, time elapsed: 57.48s
Optimization restart 1/5, f = 35.05924439522397
Optimization restart 2/5, f = 40.76679607667975
Optimization restart 3/5, f = 50.46879985037482
Optimization restart 4/5, f = 40.76679607606765
Optimization restart 5/5, f = 40.76679607606408
f inputs x:[[0.16920519 0.01494652]] ev:{} outputs y:0.8004994728382075 (n:-0.00041703846525105047) c:1.0
num acquisition: 221, time elapsed: 58.09s
Optimization restart 1/5, f = 34.103165195111416
Optimization restart 2/5, f = 39.95390552591458
Optimization restart 3/5, f = 39.95390552588658
Optimization restart 4/5, f = 39.953905525883414
Optimization restart 5/5, f = 49.17703627718976
f inputs x:[[-0.52328666  0.38211515]] ev:{} outputs y:2.929184637150585 (n:0.0015256057115898658) c:1.0
num acquisition: 222, time elapsed: 58.70s
Optimization restart 1/5, f = 34.562893552994126
Optimization restart 2/5, f = 39.90087568497607
Optimization restart 3/5, f = 39.900875684974224
Optimization restart 4/5, f = 34.56289355388287
Optimization restart 5/5, f = 39.90087568497965
f inputs x:[[-0.03319376  0.43315107]] ev:{} outputs y:4.38508500057021 (n:0.002855080560275122) c:1.0
num acquisition: 223, time elapsed: 59.33s
Optimization restart 1/5, f = 35.186829980942434
Optimization restart 2/5, f = 39.657764472030436
Optimization restart 3/5, f = 39.65776447249017
Optimization restart 4/5, f = 39.65776447199737
Optimization restart 5/5, f = 39.657764473241144
f inputs x:[[-0.11995694 -0.22344023]] ev:{} outputs y:3.3731890325362843 (n:-0.00712437589281009) c:1.0
num acquisition: 224, time elapsed: 59.92s
Optimization restart 1/5, f = 35.7714625173152
Optimization restart 2/5, f = 39.44867760644419
Optimization restart 3/5, f = 39.448677606454595
Optimization restart 4/5, f = 39.44867760726876
Optimization restart 5/5, f = 39.44867760645357
f inputs x:[[ 0.2169042  -0.16586771]] ev:{} outputs y:3.4041960305686865 (n:-0.0019501319851179934) c:1.0
num acquisition: 225, time elapsed: 60.55s
Optimization restart 1/5, f = 36.35054766798487
Optimization restart 2/5, f = 39.237138203197134
Optimization restart 3/5, f = 39.237138203220894
Optimization restart 4/5, f = 39.23713820319813
Optimization restart 5/5, f = 39.237138203210776
f inputs x:[[-0.52497802 -0.72466248]] ev:{} outputs y:6.5468229022963955 (n:-0.007540088798227981) c:1.0
num acquisition: 226, time elapsed: 61.18s
Optimization restart 1/5, f = 36.36923867293177
Optimization restart 2/5, f = 38.4530367018224
Optimization restart 3/5, f = 38.4530367018196
Optimization restart 4/5, f = 38.45303670182136
Optimization restart 5/5, f = 38.45303670183121
f inputs x:[[-0.64971538  0.70086374]] ev:{} outputs y:2.8803268574199903 (n:0.008692661985178355) c:1.0
num acquisition: 227, time elapsed: 61.82s
Optimization restart 1/5, f = 36.78610827097711
Optimization restart 2/5, f = 38.35428825946184
Optimization restart 3/5, f = 36.78610827100019
Optimization restart 4/5, f = 36.78610827130208
Optimization restart 5/5, f = 49.64460984569075
f inputs x:[[0.5335743  0.59236951]] ev:{} outputs y:0.0368759627037296 (n:-0.0070328360707393915) c:1.0
num acquisition: 228, time elapsed: 62.52s
Optimization restart 1/5, f = 34.08278978677589
Optimization restart 2/5, f = 34.082789785425405
Optimization restart 3/5, f = 37.8832812501103
Optimization restart 4/5, f = 37.88328125011246
Optimization restart 5/5, f = 37.88328125013314
f inputs x:[[ 0.06409373 -0.01371658]] ev:{} outputs y:0.6704891576599338 (n:-0.0025107753635276375) c:1.0
num acquisition: 229, time elapsed: 63.34s
Optimization restart 1/5, f = 33.00665384716879
Optimization restart 2/5, f = 37.125740495095016
Optimization restart 3/5, f = 33.006653785346685
Optimization restart 4/5, f = 37.125740495277185
Optimization restart 5/5, f = 37.125740495087385
f inputs x:[[-0.58071303 -0.03029532]] ev:{} outputs y:5.415152919845592 (n:0.004434331439185735) c:1.0
num acquisition: 230, time elapsed: 63.92s
Optimization restart 1/5, f = 33.4217090843687
Optimization restart 2/5, f = 36.703509106185834
Optimization restart 3/5, f = 36.703509106188946
Optimization restart 4/5, f = 36.703509106400176
Optimization restart 5/5, f = 46.03617860809388
f inputs x:[[0.38017548 0.27887341]] ev:{} outputs y:0.16381715764715976 (n:0.005012736086653848) c:1.0
num acquisition: 231, time elapsed: 64.49s
Optimization restart 1/5, f = 34.55764246073119
Optimization restart 2/5, f = 36.39793363629049
Optimization restart 3/5, f = 36.39793363633089
Optimization restart 4/5, f = 49.521305663113225
Optimization restart 5/5, f = 36.39793363670104
f inputs x:[[0.40446629 0.82181889]] ev:{} outputs y:4.602811645094209 (n:-0.00650680581341918) c:1.0
num acquisition: 232, time elapsed: 65.24s
Optimization restart 1/5, f = 35.17634702039092
Optimization restart 2/5, f = 36.18176277900443
Optimization restart 3/5, f = 36.18176277900582
Optimization restart 4/5, f = 36.181762779039744
Optimization restart 5/5, f = 36.18176277900572
f inputs x:[[0.32961982 0.0011041 ]] ev:{} outputs y:3.074844455805 (n:-0.0009447218956601651) c:1.0
num acquisition: 233, time elapsed: 66.00s
Optimization restart 1/5, f = 35.90276553134467
Optimization restart 2/5, f = 36.704490201047435
Optimization restart 3/5, f = 36.704490201046994
Optimization restart 4/5, f = 36.70449020106578
Optimization restart 5/5, f = 36.704490201054284
f inputs x:[[0.35970995 0.26345144]] ev:{} outputs y:0.0636771222760551 (n:-0.004291172805958906) c:1.0
num acquisition: 234, time elapsed: 66.72s
Optimization restart 1/5, f = 34.176000268070425
Optimization restart 2/5, f = 36.15362755430051
Optimization restart 3/5, f = 36.15362755430171
Optimization restart 4/5, f = 48.6081450462313
Optimization restart 5/5, f = 36.15362755429726
f inputs x:[[-0.1385859  -0.00527455]] ev:{} outputs y:1.24804536340016 (n:0.00019795693185864903) c:1.0
num acquisition: 235, time elapsed: 67.43s
Optimization restart 1/5, f = 33.69748563561828
Optimization restart 2/5, f = 35.500488352791706
Optimization restart 3/5, f = 47.62666200732376
Optimization restart 4/5, f = 47.62666200704318
Optimization restart 5/5, f = 35.50048835268221
f inputs x:[[ 0.51593701 -0.87779664]] ev:{} outputs y:6.749177292462856 (n:0.0036265954231721694) c:1.0
num acquisition: 236, time elapsed: 68.07s
Optimization restart 1/5, f = 33.576026095906144
Optimization restart 2/5, f = 33.576026095965545
Optimization restart 3/5, f = 34.64531399435337
Optimization restart 4/5, f = 47.29890141035834
Optimization restart 5/5, f = 34.64531399444081
f inputs x:[[ 0.15982001 -0.2740382 ]] ev:{} outputs y:3.839932867156991 (n:0.008612088830259391) c:1.0
num acquisition: 237, time elapsed: 68.82s
Optimization restart 1/5, f = 34.16064554899401
Optimization restart 2/5, f = 47.4564674054634
Optimization restart 3/5, f = 34.3908650470717
Optimization restart 4/5, f = 34.390865047143876
Optimization restart 5/5, f = 34.39086504707072
f inputs x:[[-0.3755024  0.3751283]] ev:{} outputs y:1.9824842180252527 (n:0.00047450483326554835) c:1.0
num acquisition: 238, time elapsed: 69.53s
Optimization restart 1/5, f = 34.179658679241385
Optimization restart 2/5, f = 34.17965867895671
Optimization restart 3/5, f = 33.91222636870832
Optimization restart 4/5, f = 33.91222636865828
Optimization restart 5/5, f = 33.91222636865605
f inputs x:[[0.27372629 0.16090261]] ev:{} outputs y:0.198326954243655 (n:0.002444182169249537) c:1.0
num acquisition: 239, time elapsed: 70.30s
Optimization restart 1/5, f = 32.73178072273825
Optimization restart 2/5, f = 32.731780722731926
Optimization restart 3/5, f = 32.73178072272361
Optimization restart 4/5, f = 32.73178072272316
Optimization restart 5/5, f = 32.731780722791896
f inputs x:[[0.27397147 0.16106191]] ev:{} outputs y:0.19894409552737585 (n:0.004014559229774905) c:1.0
num acquisition: 240, time elapsed: 71.13s
Optimization restart 1/5, f = 31.54800981479444
Optimization restart 2/5, f = 31.548009815040075
Optimization restart 3/5, f = 31.548009814783654
Optimization restart 4/5, f = 24.224946085617205
Optimization restart 5/5, f = 31.548009814782432
f inputs x:[[-0.22710467 -0.84380425]] ev:{} outputs y:5.949027567951849 (n:0.005622727492628479) c:1.0
num acquisition: 241, time elapsed: 71.93s
Optimization restart 1/5, f = 24.43236738790361
Optimization restart 2/5, f = 30.946692218758443
Optimization restart 3/5, f = 30.946692218722845
Optimization restart 4/5, f = 30.94669221871837
Optimization restart 5/5, f = 42.103166977670355
f inputs x:[[-0.30528438  0.25981688]] ev:{} outputs y:1.7257730003976628 (n:-0.003249994365967557) c:1.0
num acquisition: 242, time elapsed: 72.58s
Optimization restart 1/5, f = 24.29137658790728
Optimization restart 2/5, f = 30.41681612598724
Optimization restart 3/5, f = 30.416816125942105
Optimization restart 4/5, f = 24.291376586838282
Optimization restart 5/5, f = 30.416816125967074
f inputs x:[[-0.67063758  0.24742647]] ev:{} outputs y:5.281685357678483 (n:-0.0014406736236360824) c:1.0
num acquisition: 243, time elapsed: 73.35s
Optimization restart 1/5, f = 24.709564728051248
Optimization restart 2/5, f = 30.02632054422024
Optimization restart 3/5, f = 24.709564727745317
Optimization restart 4/5, f = 30.026320544185836
Optimization restart 5/5, f = 30.026320544186362
f inputs x:[[-0.82383901  0.08179155]] ev:{} outputs y:6.5853227332207 (n:-0.002279302782441521) c:1.0
num acquisition: 244, time elapsed: 74.05s
Optimization restart 1/5, f = 24.651276634515995
Optimization restart 2/5, f = 29.200794433215577
Optimization restart 3/5, f = 29.200794433178814
Optimization restart 4/5, f = 24.651276632975367
Optimization restart 5/5, f = 29.20079443336651
f inputs x:[[0.58410528 0.67866036]] ev:{} outputs y:0.1916076483436661 (n:0.0030289671274780286) c:1.0
num acquisition: 245, time elapsed: 74.74s
Optimization restart 1/5, f = 24.863118709127832
Optimization restart 2/5, f = 28.741388775559614
Optimization restart 3/5, f = 28.74138877555923
Optimization restart 4/5, f = 28.74138877566874
Optimization restart 5/5, f = 28.74138877612313
[0.51403715 0.54416729]
