INFO:GP:initializing Y
INFO:GP:initializing inference method
INFO:GP:adding kernel and likelihood as parameters
removed robo import in opts.py l17 due to theano errors
0
z
[0.59697302 1.86725193]
0.5969730237458726
f inputs x:[[0.29149073 0.91174411]] ev:{} outputs y:5.534069551828949 (n:0.09844194474777296) c:1.0
0
z
[0.9635827  1.02878783]
0.9635827024602841
f inputs x:[[0.47049937 0.50233781]] ev:{} outputs y:0.04663285852547783 (n:-0.6501373206414605) c:1.0
0
z
[1.50781335 1.67542865]
1.5078133523108186
f inputs x:[[0.73623699 0.8180804 ]] ev:{} outputs y:2.493157534802332 (n:-1.1184882299644792) c:1.0
0
z
[-0.46668034  1.7577895 ]
-0.46668033794736674
f inputs x:[[-0.22787126  0.85829566]] ev:{} outputs y:5.48583883598342 (n:0.0039056139336387835) c:1.0
0
z
[ 0.99449706 -0.51846838]
0.9944970575280336
f inputs x:[[ 0.48559427 -0.25315839]] ev:{} outputs y:6.0287022985503755 (n:0.5982455424777477) c:1.0
0
z
[1.08957794 1.09885128]
1.089577940409366
f inputs x:[[0.53202048 0.53654848]] ev:{} outputs y:-0.48425597551209987 (n:-1.0654777929705455) c:1.0
num acquisition: 1, time elapsed: 0.15s
0
z
[1.31210127 0.94157594]
1.312101270215532
f inputs x:[[0.64067445 0.45975388]] ev:{} outputs y:4.040006522256273 (n:-0.08620292877427185) c:1.0
num acquisition: 2, time elapsed: 0.31s
0
z
[1.01342275 1.15924039]
1.0134227548993697
f inputs x:[[0.49483533 0.56603535]] ev:{} outputs y:0.9643833556306369 (n:-0.0465821669327) c:1.0
num acquisition: 3, time elapsed: 0.51s
0
z
[1.06312089 1.03051955]
1.0631208894657012
f inputs x:[[0.519102   0.50318337]] ev:{} outputs y:0.38562903050195824 (n:-0.30657891726994907) c:1.0
num acquisition: 4, time elapsed: 0.74s
0
z
[1.07310494 1.08858936]
1.0731049445714433
f inputs x:[[0.52397702 0.53153777]] ev:{} outputs y:-0.3127459492052572 (n:-0.6505043025196064) c:1.0
num acquisition: 5, time elapsed: 0.90s
0
z
[0.80696931 0.93911111]
0.8069693126257982
f inputs x:[[0.39402798 0.45855035]] ev:{} outputs y:1.4568515388426175 (n:-0.7760160145531342) c:1.0
num acquisition: 6, time elapsed: 1.15s
0
z
[1.18520884 1.1808524 ]
1.1852088391550728
f inputs x:[[0.57871525 0.57658808]] ev:{} outputs y:1.3933770007169004 (n:-0.40601533351559854) c:1.0
num acquisition: 7, time elapsed: 1.36s
0
z
[0.7037799  1.16783975]
0.7037799017418699
f inputs x:[[0.34364253 0.57023425]] ev:{} outputs y:4.310121945432201 (n:0.47459366607409603) c:1.0
num acquisition: 8, time elapsed: 1.49s
0
z
[0.95185164 0.8638974 ]
0.9518516439024792
f inputs x:[[0.46477131 0.4218249 ]] ev:{} outputs y:-0.022729535507007514 (n:-0.1880428569447406) c:1.0
num acquisition: 9, time elapsed: 1.73s
0
z
[0.91058401 0.69176482]
0.9105840069174186
f inputs x:[[0.4446211  0.33777579]] ev:{} outputs y:1.950452261803584 (n:0.8871813476076081) c:1.0
num acquisition: 10, time elapsed: 1.88s
0
z
[-2.03523161 -1.59280581]
-2.03523160849124
f inputs x:[[-0.99376543 -0.77773721]] ev:{} outputs y:8.3179039904328 (n:0.21646725885787546) c:1.0
num acquisition: 11, time elapsed: 1.99s
0
z
[1.90645336 2.048     ]
1.9064533551666716
f inputs x:[[0.93088543 1.        ]] ev:{} outputs y:5.153652880567958 (n:-0.3818699663805239) c:1.0
num acquisition: 12, time elapsed: 2.16s
0
z
[-2.03053054  0.46142242]
-2.0305305363389294
f inputs x:[[-0.99146999  0.22530392]] ev:{} outputs y:7.209265463007359 (n:0.0007103608193952855) c:1.0
num acquisition: 13, time elapsed: 2.27s
0
z
[ 1.87722232 -2.04432416]
1.8772223168376418
f inputs x:[[ 0.91661246 -0.99820516]] ev:{} outputs y:8.234756924348543 (n:0.19484097967447228) c:1.0
num acquisition: 14, time elapsed: 2.39s
0
z
[-0.15368458 -2.048     ]
-0.15368458239987146
f inputs x:[[-0.0750413 -1.       ]] ev:{} outputs y:6.871504511176255 (n:0.8042567091321023) c:1.0
num acquisition: 15, time elapsed: 2.51s
0
z
[1.01035664 0.98161212]
1.0103566440433485
f inputs x:[[0.49333821 0.47930279]] ev:{} outputs y:-0.5299801618366167 (n:-0.6730733515311875) c:1.0
num acquisition: 16, time elapsed: 2.62s
0
z
[-2.048  2.048]
-2.048
f inputs x:[[-1.  1.]] ev:{} outputs y:6.92374762499849 (n:0.768990618805499) c:1.0
num acquisition: 17, time elapsed: 2.75s
0
z
[1.00963611 0.97256054]
1.0096361122763902
f inputs x:[[0.49298638 0.47488308]] ev:{} outputs y:0.008480823100105478 (n:-0.18968073241685696) c:1.0
num acquisition: 18, time elapsed: 2.89s
0
z
[-0.57895172 -0.28462382]
-0.5789517212830784
f inputs x:[[-0.28269127 -0.13897648]] ev:{} outputs y:3.9293989183965863 (n:0.19388881983782225) c:1.0
num acquisition: 19, time elapsed: 3.03s
0
z
[ 2.048      -0.28056316]
2.048
f inputs x:[[ 1.         -0.13699373]] ev:{} outputs y:8.53110318403226 (n:0.9279323416129731) c:1.0
num acquisition: 20, time elapsed: 3.15s
0
z
[-0.61538402  0.61322832]
-0.6153840233798118
f inputs x:[[-0.30048048  0.29942789]] ev:{} outputs y:2.5099134370273046 (n:0.30054769947956184) c:1.0
num acquisition: 21, time elapsed: 3.27s
0
z
[-0.04410176  0.36720561]
-0.04410176278446486
f inputs x:[[-0.02153406  0.17929961]] ev:{} outputs y:2.5233936109073034 (n:-0.2130290608375355) c:1.0
num acquisition: 22, time elapsed: 3.43s
0
z
[1.01304427 0.98833848]
1.0130442715108734
f inputs x:[[0.49465052 0.48258715]] ev:{} outputs y:-0.4416653796160389 (n:-0.5761651697663484) c:1.0
num acquisition: 23, time elapsed: 3.56s
0
z
[-0.89210231 -1.08712526]
-0.8921023070458984
f inputs x:[[-0.43559683 -0.53082288]] ev:{} outputs y:5.92185780619429 (n:0.03815018050800586) c:1.0
num acquisition: 24, time elapsed: 3.69s
0
z
[-1.09891915  1.02555935]
-1.0989191510142529
f inputs x:[[-0.53658162  0.5007614 ]] ev:{} outputs y:2.4994568325181747 (n:0.3338158468585448) c:1.0
num acquisition: 25, time elapsed: 3.83s
0
z
[1.01245687 0.98545014]
1.012456867094256
f inputs x:[[0.4943637  0.48117683]] ev:{} outputs y:0.38174389632764893 (n:0.2358098552437784) c:1.0
num acquisition: 26, time elapsed: 3.98s
0
z
[-1.080843    0.30368598]
-1.0808430027330977
f inputs x:[[-0.52775537  0.14828417]] ev:{} outputs y:4.672354947259351 (n:0.28942757489948717) c:1.0
num acquisition: 27, time elapsed: 4.09s
0
z
[1.0173214  1.00117752]
1.017321404544816
f inputs x:[[0.49673897 0.48885621]] ev:{} outputs y:-0.39191965127035217 (n:-0.5001547766042619) c:1.0
num acquisition: 28, time elapsed: 4.21s
0
z
[ 0.12724356 -0.2601201 ]
0.12724355905250628
f inputs x:[[ 0.06213064 -0.12701177]] ev:{} outputs y:1.962541398652164 (n:-0.27779397461137073) c:1.0
num acquisition: 29, time elapsed: 4.36s
0
z
[ 0.11891009 -0.85023595]
0.11891009035567687
f inputs x:[[ 0.05806157 -0.41515427]] ev:{} outputs y:4.042797304432509 (n:-0.2943735714233551) c:1.0
num acquisition: 30, time elapsed: 4.47s
0
z
[1.01751964 1.00073511]
1.0175196417930163
f inputs x:[[0.49683576 0.48864019]] ev:{} outputs y:0.26801406516361653 (n:0.1545962107894728) c:1.0
num acquisition: 31, time elapsed: 4.62s
0
z
[ 0.82471743 -1.64876551]
0.8247174341799168
f inputs x:[[ 0.40269406 -0.80506128]] ev:{} outputs y:6.861647721065579 (n:0.5637659768396015) c:1.0
num acquisition: 32, time elapsed: 4.76s
0
z
[1.01482077 0.99828676]
1.0148207749762954
f inputs x:[[0.49551796 0.48744471]] ev:{} outputs y:0.4120594104377492 (n:0.31682722637601723) c:1.0
num acquisition: 33, time elapsed: 4.88s
0
z
[1.01436942 1.00006895]
1.0143694176683848
f inputs x:[[0.49529757 0.48831492]] ev:{} outputs y:0.4912149134281138 (n:0.410934444972525) c:1.0
num acquisition: 34, time elapsed: 5.00s
0
z
[1.01396665 1.00149535]
1.0139666546320039
f inputs x:[[0.49510091 0.4890114 ]] ev:{} outputs y:0.020736387087086534 (n:-0.047974880926819556) c:1.0
num acquisition: 35, time elapsed: 5.14s
0
z
[1.01426197 1.00143634]
1.0142619700259579
f inputs x:[[0.4952451  0.48898259]] ev:{} outputs y:1.1304254785400216 (n:1.0583994633590288) c:1.0
num acquisition: 36, time elapsed: 5.26s
0
z
[1.01253866 1.00480078]
1.012538663796124
f inputs x:[[0.49440364 0.49062538]] ev:{} outputs y:-0.18611979282245708 (n:-0.22717643138610621) c:1.0
num acquisition: 37, time elapsed: 5.43s
0
z
[1.01238245 1.00441381]
1.0123824530800312
f inputs x:[[0.49432737 0.49043643]] ev:{} outputs y:-0.8840715978827969 (n:-0.9254020765678123) c:1.0
num acquisition: 38, time elapsed: 5.55s
0
z
[1.01105145 1.00377202]
1.01105145089425
f inputs x:[[0.49367747 0.49012306]] ev:{} outputs y:-0.46025263894022045 (n:-0.4938552078483966) c:1.0
num acquisition: 39, time elapsed: 5.68s
0
z
[1.01054522 1.00323888]
1.0105452167584335
f inputs x:[[0.49343028 0.48986273]] ev:{} outputs y:0.5059756699521043 (n:0.47411150460996193) c:1.0
num acquisition: 40, time elapsed: 5.80s
0
z
[1.01107621 1.00392401]
1.011076214116684
f inputs x:[[0.49368956 0.49019727]] ev:{} outputs y:-0.13516692927222895 (n:-0.16840728596879434) c:1.0
num acquisition: 41, time elapsed: 5.91s
0
z
[1.01103227 1.00368497]
1.0110322708994626
f inputs x:[[0.4936681  0.49008055]] ev:{} outputs y:-0.3177312380002266 (n:-0.35150586621831936) c:1.0
num acquisition: 42, time elapsed: 6.05s
0
z
[1.01079813 1.00330763]
1.0107981348852721
f inputs x:[[0.49355378 0.4898963 ]] ev:{} outputs y:0.5858418083203742 (n:0.5524148810981442) c:1.0
num acquisition: 43, time elapsed: 6.18s
0
z
[1.01123872 1.00404988]
1.0112387192759602
f inputs x:[[0.49376891 0.49025873]] ev:{} outputs y:0.05172112573436061 (n:0.01775368631629518) c:1.0
num acquisition: 44, time elapsed: 6.32s
0
z
[1.01136589 1.00397731]
1.0113658901602878
f inputs x:[[0.493831   0.49022329]] ev:{} outputs y:0.8061834245746966 (n:0.7710205195129757) c:1.0
num acquisition: 45, time elapsed: 6.45s
0
z
[1.01165739 1.00490258]
1.0116573947167364
f inputs x:[[0.49397334 0.49067509]] ev:{} outputs y:0.9016730019637953 (n:0.8677169619742429) c:1.0
num acquisition: 46, time elapsed: 6.58s
0
z
[1.01190179 1.00572934]
1.0119017933507624
f inputs x:[[0.49409267 0.49107878]] ev:{} outputs y:0.32937036811480996 (n:0.29659001926970024) c:1.0
num acquisition: 47, time elapsed: 6.72s
0
z
[1.01205428 1.0057181 ]
1.0120542766350764
f inputs x:[[0.49416713 0.49107329]] ev:{} outputs y:-0.22175173747060412 (n:-0.2556725923119951) c:1.0
num acquisition: 48, time elapsed: 6.87s
0
z
[1.01196691 1.00554817]
1.0119669096511554
f inputs x:[[0.49412447 0.49099032]] ev:{} outputs y:-0.43806834490010826 (n:-0.4719624699096652) c:1.0
num acquisition: 49, time elapsed: 7.00s
0
z
[1.01173316 1.00539353]
1.0117331605186448
f inputs x:[[0.49401033 0.49091481]] ev:{} outputs y:-1.044997861225948 (n:-1.0777551689198634) c:1.0
num acquisition: 50, time elapsed: 7.13s
0
z
[-1.14563184  2.048     ]
-1.145631839874732
f inputs x:[[-0.55939055  1.        ]] ev:{} outputs y:4.141032519034498 (n:0.05163628134984023) c:1.0
num acquisition: 51, time elapsed: 7.28s
0
z
[1.01088409 1.00550214]
1.010884090876845
f inputs x:[[0.49359575 0.49096784]] ev:{} outputs y:-0.0277102482524381 (n:-0.05431678268637416) c:1.0
num acquisition: 52, time elapsed: 7.43s
0
z
[1.01089444 1.00540527]
1.0108944443197567
f inputs x:[[0.4936008  0.49092054]] ev:{} outputs y:0.13521005241572792 (n:0.10822611574963927) c:1.0
num acquisition: 53, time elapsed: 7.59s
0
z
[1.01100144 1.00536701]
1.011001436056958
f inputs x:[[0.49365304 0.49090186]] ev:{} outputs y:-0.2799947031236236 (n:-0.3078047771841757) c:1.0
num acquisition: 54, time elapsed: 7.73s
0
z
[1.01086676 1.00521342]
1.0108667634208484
f inputs x:[[0.49358729 0.49082686]] ev:{} outputs y:0.06115058101008023 (n:0.03372897307704844) c:1.0
num acquisition: 55, time elapsed: 7.86s
0
z
[1.01094295 1.00514988]
1.0109429451718064
f inputs x:[[0.49362448 0.49079584]] ev:{} outputs y:-0.5803120992952353 (n:-0.6084440668920288) c:1.0
num acquisition: 56, time elapsed: 8.00s
0
z
[1.01059608 1.00496545]
1.0105960787764938
f inputs x:[[0.49345512 0.49070579]] ev:{} outputs y:-0.056679719518261895 (n:-0.08313517952510399) c:1.0
num acquisition: 57, time elapsed: 8.15s
0
z
[1.0106143  1.00486951]
1.0106143007549375
f inputs x:[[0.49346401 0.49065894]] ev:{} outputs y:0.3781210822003643 (n:0.35124106058660953) c:1.0
num acquisition: 58, time elapsed: 8.30s
0
z
[1.0108473  1.00501708]
1.0108472966691406
f inputs x:[[0.49357778 0.49073099]] ev:{} outputs y:-0.13093816320622353 (n:-0.15886989275532098) c:1.0
num acquisition: 59, time elapsed: 8.44s
0
z
[1.01082846 1.00489439]
1.0108284604320301
f inputs x:[[0.49356858 0.49067109]] ev:{} outputs y:-0.9180472121127886 (n:-0.9462555586064175) c:1.0
num acquisition: 60, time elapsed: 8.58s
0
z
[1.01022348 1.00469656]
1.0102234808418726
f inputs x:[[0.49327318 0.49057449]] ev:{} outputs y:-0.39893978719674117 (n:-0.4238688392272616) c:1.0
num acquisition: 61, time elapsed: 8.73s
0
z
[1.01000774 1.00449783]
1.0100077411272688
f inputs x:[[0.49316784 0.49047746]] ev:{} outputs y:-0.9786505174557729 (n:-1.0028471496452183) c:1.0
num acquisition: 62, time elapsed: 8.88s
0
z
[1.00929177 1.00418046]
1.009291768517544
f inputs x:[[0.49281825 0.49032249]] ev:{} outputs y:-0.06444472919410621 (n:-0.0853062648912697) c:1.0
num acquisition: 63, time elapsed: 9.04s
0
z
[1.00931669 1.00411957]
1.0093166940014424
f inputs x:[[0.49283042 0.49029276]] ev:{} outputs y:0.2500700171723647 (n:0.2288912627117699) c:1.0
num acquisition: 64, time elapsed: 9.18s
0
z
[1.00957201 1.00426973]
1.0095720126847276
f inputs x:[[0.49295508 0.49036608]] ev:{} outputs y:-0.5611434299384173 (n:-0.5833837646493313) c:1.0
num acquisition: 65, time elapsed: 9.32s
0
z
[1.20906243 2.048     ]
1.2090624340534544
f inputs x:[[0.59036252 1.        ]] ev:{} outputs y:3.089444012467084 (n:-0.4773526375908019) c:1.0
num acquisition: 66, time elapsed: 9.46s
0
z
[1.00912328 1.00412776]
1.0091232847575646
f inputs x:[[0.49273598 0.49029676]] ev:{} outputs y:-0.127444767779583 (n:-0.1474954285029598) c:1.0
num acquisition: 67, time elapsed: 9.62s
0
z
[1.00909734 1.00403416]
1.009097340863728
f inputs x:[[0.49272331 0.49025106]] ev:{} outputs y:-0.07301333464324586 (n:-0.09317850823541678) c:1.0
num acquisition: 68, time elapsed: 9.75s
0
z
[1.00911647 1.00397271]
1.0091164701370814
f inputs x:[[0.49273265 0.49022105]] ev:{} outputs y:0.2851477228387537 (n:0.26470192769262735) c:1.0
num acquisition: 69, time elapsed: 9.91s
0
z
[1.00938469 1.00415566]
1.0093846890646794
f inputs x:[[0.49286362 0.49031038]] ev:{} outputs y:-0.21825203436203774 (n:-0.2397222408906305) c:1.0
num acquisition: 70, time elapsed: 10.07s
0
z
[-2.048      -0.53358918]
-2.048
f inputs x:[[-1.         -0.26054159]] ev:{} outputs y:7.236067130724528 (n:-0.48065541355056807) c:1.0
num acquisition: 71, time elapsed: 10.22s
0
z
[1.00922842 1.00415384]
1.009228420977395
f inputs x:[[0.49278731 0.49030949]] ev:{} outputs y:-0.7382297192581636 (n:-0.7588037182880075) c:1.0
num acquisition: 72, time elapsed: 10.37s
0
z
[1.00875857 1.00386381]
1.0087585677649353
f inputs x:[[0.49255789 0.49016788]] ev:{} outputs y:-0.45776588447276145 (n:-0.4765170795488736) c:1.0
num acquisition: 73, time elapsed: 10.52s
0
z
[1.00847881 1.00362152]
1.008478809945409
f inputs x:[[0.49242129 0.49004957]] ev:{} outputs y:0.7215881586955565 (n:0.7036998022359842) c:1.0
num acquisition: 74, time elapsed: 10.68s
0
z
[1.00907924 1.00425064]
1.009079244500802
f inputs x:[[0.49271447 0.49035676]] ev:{} outputs y:-0.01366878778105431 (n:-0.03313335793281168) c:1.0
num acquisition: 75, time elapsed: 10.84s
0
z
[1.00913075 1.00422109]
1.0091307462382075
f inputs x:[[0.49273962 0.49034233]] ev:{} outputs y:-0.2987388299470443 (n:-0.3185723063607325) c:1.0
num acquisition: 76, time elapsed: 11.01s
0
z
[1.00900378 1.00407798]
1.0090037752477272
f inputs x:[[0.49267762 0.49027245]] ev:{} outputs y:0.258296491102854 (n:0.2387773608791478) c:1.0
num acquisition: 77, time elapsed: 11.21s
0
z
[1.00922086 1.00420925]
1.0092208574042671
f inputs x:[[0.49278362 0.49033655]] ev:{} outputs y:1.2734006166486331 (n:1.2530255343575432) c:1.0
num acquisition: 78, time elapsed: 11.39s
0
z
[1.00983336 1.00518433]
1.0098333608364676
f inputs x:[[0.4930827  0.49081266]] ev:{} outputs y:0.13775306830957457 (n:0.11662614702009551) c:1.0
num acquisition: 79, time elapsed: 11.59s
0
z
[1.00991403 1.00516091]
1.0099140316432984
f inputs x:[[0.49312209 0.49080122]] ev:{} outputs y:0.020195180931074364 (n:-0.0014685777129311202) c:1.0
num acquisition: 80, time elapsed: 11.77s
0
z
[1.00995078 1.00511466]
1.0099507848714604
f inputs x:[[0.49314003 0.49077864]] ev:{} outputs y:0.42613836179905423 (n:0.40412434654566415) c:1.0
num acquisition: 81, time elapsed: 11.94s
0
z
[-1.16060776 -2.048     ]
-1.1606077603946257
f inputs x:[[-0.56670301 -1.        ]] ev:{} outputs y:6.747942634371965 (n:-0.30674686503436177) c:1.0
num acquisition: 82, time elapsed: 12.09s
0
z
[1.01008043 1.00535752]
1.0100804302513318
f inputs x:[[0.49320334 0.49089723]] ev:{} outputs y:1.202164947084584 (n:1.180092948372675) c:1.0
num acquisition: 83, time elapsed: 12.28s
0
z
[1.01041103 1.00582756]
1.0104110285658663
f inputs x:[[0.49336476 0.49112674]] ev:{} outputs y:0.35804454959641085 (n:0.33538511082020667) c:1.0
num acquisition: 84, time elapsed: 12.45s
0
z
[1.01049516 1.00579152]
1.010495162082709
f inputs x:[[0.49340584 0.49110914]] ev:{} outputs y:0.8185248439151233 (n:0.7952512414554319) c:1.0
num acquisition: 85, time elapsed: 12.63s
0
z
[1.01066189 1.00591196]
1.0106618889385224
f inputs x:[[0.49348725 0.49116795]] ev:{} outputs y:-0.36170304135101494 (n:-0.3856321999209306) c:1.0
num acquisition: 86, time elapsed: 12.82s
0
z
[1.01059616 1.00590029]
1.0105961633764722
f inputs x:[[0.49345516 0.49116225]] ev:{} outputs y:0.03809120475781087 (n:0.014529405689772516) c:1.0
num acquisition: 87, time elapsed: 13.01s
0
z
[1.01060458 1.00583585]
1.0106045806797785
f inputs x:[[0.49345927 0.49113079]] ev:{} outputs y:0.9284801301948936 (n:0.9046724372329307) c:1.0
num acquisition: 88, time elapsed: 13.20s
0
z
[1.01076739 1.00600378]
1.010767394230305
f inputs x:[[0.49353877 0.49121278]] ev:{} outputs y:-0.04570795221355267 (n:-0.07000890779715616) c:1.0
num acquisition: 89, time elapsed: 13.39s
0
z
[1.01075734 1.00594213]
1.010757344640858
f inputs x:[[0.49353386 0.49118268]] ev:{} outputs y:0.5688559798421018 (n:0.544428842086141) c:1.0
num acquisition: 90, time elapsed: 13.60s
0
z
[1.01083744 1.00594326]
1.0108374405426168
f inputs x:[[0.49357297 0.49118323]] ev:{} outputs y:0.1347104274555358 (n:0.10978687172037702) c:1.0
num acquisition: 91, time elapsed: 13.80s
0
z
[1.01085172 1.00587408]
1.0108517181517978
f inputs x:[[0.49357994 0.49114945]] ev:{} outputs y:0.5770108586949872 (n:0.5517829504263901) c:1.0
num acquisition: 92, time elapsed: 13.99s
0
z
[1.01092209 1.00589113]
1.0109220871359368
f inputs x:[[0.4936143  0.49115778]] ev:{} outputs y:-1.1539195977183332 (n:-1.1795398617313397) c:1.0
num acquisition: 93, time elapsed: 14.19s
0
z
[1.01078866 1.00622873]
1.0107886641173802
f inputs x:[[0.49354915 0.49132262]] ev:{} outputs y:0.3919126358803243 (n:0.3681638887580664) c:1.0
num acquisition: 94, time elapsed: 14.37s
0
z
[1.01083283 1.00615942]
1.0108328293899398
f inputs x:[[0.49357072 0.49128878]] ev:{} outputs y:-0.19286353050697327 (n:-0.21709456774623892) c:1.0
num acquisition: 95, time elapsed: 14.57s
0
z
[1.01080392 1.0061279 ]
1.0108039235826192
f inputs x:[[0.4935566  0.49127339]] ev:{} outputs y:-0.8154031833510571 (n:-0.839551580051984) c:1.0
num acquisition: 96, time elapsed: 14.77s
0
z
[1.01070418 1.00631142]
1.0107041789401932
f inputs x:[[0.4935079 0.491363 ]] ev:{} outputs y:-0.5606523392578343 (n:-0.5836397028446613) c:1.0
num acquisition: 97, time elapsed: 14.98s
0
z
[1.01062881 1.00641205]
1.0106288133624064
f inputs x:[[0.4934711  0.49141213]] ev:{} outputs y:0.12911815903407778 (n:0.10687851790756896) c:1.0
num acquisition: 98, time elapsed: 15.18s
0
z
[1.01064341 1.00633853]
1.010643408369734
f inputs x:[[0.49347823 0.49137624]] ev:{} outputs y:-0.09922759753759355 (n:-0.12176995233879102) c:1.0
num acquisition: 99, time elapsed: 15.40s
0
z
[1.01062771 1.0063018 ]
1.0106277068451903
f inputs x:[[0.49347056 0.4913583 ]] ev:{} outputs y:-0.20535828441119663 (n:-0.22791502751060633) c:1.0
num acquisition: 100, time elapsed: 15.61s
0
z
[1.01059862 1.00628726]
1.0105986176675492
f inputs x:[[0.49345636 0.4913512 ]] ev:{} outputs y:-0.23690628538956146 (n:-0.25933222282261315) c:1.0
num acquisition: 101, time elapsed: 15.83s
0
z
[1.01056567 1.00628013]
1.010565670678113
f inputs x:[[0.49344027 0.49134772]] ev:{} outputs y:-0.6748241835280396 (n:-0.6970750905088156) c:1.0
num acquisition: 102, time elapsed: 16.04s
0
z
[1.01046562 1.00641809]
1.010465617922477
f inputs x:[[0.49339142 0.49141508]] ev:{} outputs y:-0.35553889117143656 (n:-0.3768029934156636) c:1.0
num acquisition: 103, time elapsed: 16.26s
0
z
[1.01041233 1.00645793]
1.0104123329172572
f inputs x:[[0.4933654  0.49143454]] ev:{} outputs y:0.13774197045752726 (n:0.11689928508286286) c:1.0
num acquisition: 104, time elapsed: 16.48s
0
z
[1.01043867 1.0063851 ]
1.0104386696957095
f inputs x:[[0.49337826 0.49139897]] ev:{} outputs y:-0.16511547903026325 (n:-0.1863176045190507) c:1.0
num acquisition: 105, time elapsed: 16.69s
0
z
[1.01041832 1.00636958]
1.0104183168660061
f inputs x:[[0.49336832 0.4913914 ]] ev:{} outputs y:-0.28267671883758283 (n:-0.3038052609861549) c:1.0
num acquisition: 106, time elapsed: 16.91s
0
z
[1.01037855 1.00638376]
1.0103785452459935
f inputs x:[[0.4933489  0.49139832]] ev:{} outputs y:0.5513982908919713 (n:0.5305395732885598) c:1.0
num acquisition: 107, time elapsed: 17.28s
0
z
[1.01046999 1.00630249]
1.0104699890618063
f inputs x:[[0.49339355 0.49135864]] ev:{} outputs y:0.23762467938232437 (n:0.2160027983124443) c:1.0
num acquisition: 108, time elapsed: 17.73s
0
z
[1.01051019 1.00623219]
1.0105101865103612
f inputs x:[[0.49341318 0.49132431]] ev:{} outputs y:-0.05913135485995562 (n:-0.08119362628874813) c:1.0
num acquisition: 109, time elapsed: 18.17s
0
z
[1.01050837 1.00619058]
1.0105083704582725
f inputs x:[[0.49341229 0.491304  ]] ev:{} outputs y:0.624765389411791 (n:0.6025924615277217) c:1.0
num acquisition: 110, time elapsed: 18.59s
0
z
[1.0105946 1.0061613]
1.0105946046414778
f inputs x:[[0.4934544 0.4912897]] ev:{} outputs y:0.6578212026528554 (n:0.635047823548245) c:1.0
num acquisition: 111, time elapsed: 18.83s
0
z
[1.01067424 1.00614878]
1.0106742381835967
f inputs x:[[0.49349328 0.49128358]] ev:{} outputs y:-0.4526602489066125 (n:-0.47595156640885516) c:1.0
num acquisition: 112, time elapsed: 19.07s
0
z
[1.01062375 1.00617885]
1.010623747805016
f inputs x:[[0.49346863 0.49129827]] ev:{} outputs y:-0.21027341558351564 (n:-0.2331699651415724) c:1.0
num acquisition: 113, time elapsed: 19.32s
0
z
[1.01060281 1.006158  ]
1.0106028106053495
f inputs x:[[0.4934584  0.49128809]] ev:{} outputs y:0.5573093223097734 (n:0.5344768863361717) c:1.0
num acquisition: 114, time elapsed: 19.58s
0
z
[1.01066888 1.0061289 ]
1.0106688770754693
f inputs x:[[0.49349066 0.49127388]] ev:{} outputs y:-0.2544941508728831 (n:-0.2778124274563101) c:1.0
num acquisition: 115, time elapsed: 19.84s
0
z
[1.01064435 1.00611151]
1.0106443475953724
f inputs x:[[0.49347869 0.49126539]] ev:{} outputs y:-0.6964281569553848 (n:-0.7196496362221396) c:1.0
num acquisition: 116, time elapsed: 20.09s
0
z
[1.01056044 1.00620789]
1.0105604382805986
f inputs x:[[0.49343771 0.49131245]] ev:{} outputs y:0.18313948748675027 (n:0.1607078504733924) c:1.0
num acquisition: 117, time elapsed: 20.34s
0
z
[1.010588   1.00614973]
1.0105880040062951
f inputs x:[[0.49345117 0.49128405]] ev:{} outputs y:-0.12236261006855559 (n:-0.14513060423145074) c:1.0
num acquisition: 118, time elapsed: 20.61s
0
z
[1.01057951 1.0061153 ]
1.0105795099347388
f inputs x:[[0.49344703 0.49126724]] ev:{} outputs y:0.6117554370425633 (n:0.5889365070307957) c:1.0
num acquisition: 119, time elapsed: 20.85s
0
z
[1.01065007 1.00610454]
1.010650074369035
f inputs x:[[0.49348148 0.49126198]] ev:{} outputs y:-0.3019804319722064 (n:-0.3252574855527661) c:1.0
num acquisition: 120, time elapsed: 21.08s
0
z
[1.01062135 1.00609407]
1.0106213499831924
f inputs x:[[0.49346746 0.49125687]] ev:{} outputs y:-0.36721832368337404 (n:-0.39035262409894955) c:1.0
num acquisition: 121, time elapsed: 21.35s
0
z
[1.01058379 1.00609574]
1.010583791223008
f inputs x:[[0.49344912 0.49125769]] ev:{} outputs y:0.10030042209459906 (n:0.07739773092155987) c:1.0
num acquisition: 122, time elapsed: 21.61s
0
z
[1.01060244 1.00604626]
1.0106024411751304
f inputs x:[[0.49345822 0.49123353]] ev:{} outputs y:-0.4601307041763896 (n:-0.483293221897338) c:1.0
num acquisition: 123, time elapsed: 21.88s
0
z
[1.01055179 1.00606163]
1.010551790446856
f inputs x:[[0.49343349 0.49124103]] ev:{} outputs y:0.33299648783449765 (n:0.3101851000349646) c:1.0
num acquisition: 124, time elapsed: 22.17s
0
z
[1.01059676 1.00602268]
1.0105967592393927
f inputs x:[[0.49345545 0.49122201]] ev:{} outputs y:0.1652813478344804 (n:0.14208281646629684) c:1.0
num acquisition: 125, time elapsed: 22.42s
0
z
[1.01062273 1.00597751]
1.0106227264981442
f inputs x:[[0.49346813 0.49119995]] ev:{} outputs y:0.3313803848180836 (n:0.3078887784558021) c:1.0
num acquisition: 126, time elapsed: 22.70s
0
z
[1.0106632  1.00594787]
1.01066319852397
f inputs x:[[0.49348789 0.49118548]] ev:{} outputs y:0.07606276992435393 (n:0.05223431173055883) c:1.0
num acquisition: 127, time elapsed: 22.97s
0
z
[1.01067907 1.00590316]
1.0106790656704865
f inputs x:[[0.49349564 0.49116365]] ev:{} outputs y:0.3701233157690384 (n:0.346061675025619) c:1.0
num acquisition: 128, time elapsed: 23.27s
0
z
[1.0107191  1.00588749]
1.0107190969373396
f inputs x:[[0.49351518 0.491156  ]] ev:{} outputs y:-0.407936815823724 (n:-0.4322937864055371) c:1.0
num acquisition: 129, time elapsed: 23.53s
0
z
[1.01068426 1.00587117]
1.010684256788149
f inputs x:[[0.49349817 0.49114803]] ev:{} outputs y:-0.26092543272307694 (n:-0.2851164902775183) c:1.0
num acquisition: 130, time elapsed: 23.83s
0
z
[1.01066553 1.00583625]
1.0106655285531412
f inputs x:[[0.49348903 0.49113098]] ev:{} outputs y:-0.4177973848664347 (n:-0.44197909737578234) c:1.0
num acquisition: 131, time elapsed: 24.10s
0
z
[1.01062623 1.00581513]
1.010626228108754
f inputs x:[[0.49346984 0.49112067]] ev:{} outputs y:0.4172290248132871 (n:0.39322549286270003) c:1.0
num acquisition: 132, time elapsed: 24.41s
0
z
[1.01067393 1.00582019]
1.0106739284773805
f inputs x:[[0.49349313 0.49112314]] ev:{} outputs y:-0.2543741473858232 (n:-0.27865682754062765) c:1.0
num acquisition: 133, time elapsed: 24.70s
0
z
[1.01065659 1.00578189]
1.0106565927571
f inputs x:[[0.49348466 0.49110444]] ev:{} outputs y:-0.09156719852460155 (n:-0.11585946026919174) c:1.0
num acquisition: 134, time elapsed: 24.97s
0
z
[1.01065759 1.00573743]
1.0106575921423149
f inputs x:[[0.49348515 0.49108273]] ev:{} outputs y:0.6822037430165876 (n:0.6577693174583651) c:1.0
num acquisition: 135, time elapsed: 25.25s
0
z
[1.01071732 1.00582578]
1.0107173249846533
f inputs x:[[0.49351432 0.49112587]] ev:{} outputs y:0.29164920055161064 (n:0.2671142296498854) c:1.0
num acquisition: 136, time elapsed: 25.61s
0
z
[1.01074853 1.00580759]
1.0107485268448895
f inputs x:[[0.49352955 0.49111699]] ev:{} outputs y:-0.17794532372691219 (n:-0.2027309265127529) c:1.0
num acquisition: 137, time elapsed: 25.92s
0
z
[1.01074258 1.00576484]
1.010742581233059
f inputs x:[[0.49352665 0.49109611]] ev:{} outputs y:0.20168314757536038 (n:0.1768028145473126) c:1.0
num acquisition: 138, time elapsed: 26.25s
0
z
[1.01076733 1.00573984]
1.0107673280113065
f inputs x:[[0.49353873 0.49108391]] ev:{} outputs y:-0.11861123118352382 (n:-0.1437243626247691) c:1.0
num acquisition: 139, time elapsed: 26.56s
0
z
[1.010768   1.00569348]
1.0107680038409568
f inputs x:[[0.49353906 0.49106127]] ev:{} outputs y:0.0539668190260454 (n:0.028705346122712555) c:1.0
num acquisition: 140, time elapsed: 26.86s
0
z
[1.01078307 1.00565589]
1.0107830709091297
f inputs x:[[0.49354642 0.49104291]] ev:{} outputs y:-0.3929773791872641 (n:-0.41845137884799544) c:1.0
num acquisition: 141, time elapsed: 27.19s
0
z
[1.01075621 1.00561029]
1.0107562096067502
f inputs x:[[0.49353331 0.49102065]] ev:{} outputs y:0.13480939120269186 (n:0.10936313268713205) c:1.0
num acquisition: 142, time elapsed: 27.52s
0
z
[1.01077808 1.00558621]
1.0107780840284957
f inputs x:[[0.49354399 0.49100889]] ev:{} outputs y:0.0035753747447767707 (n:-0.02208507498596171) c:1.0
num acquisition: 143, time elapsed: 27.83s
0
z
[1.01079022 1.00554568]
1.0107902155809476
f inputs x:[[0.49354991 0.4909891 ]] ev:{} outputs y:0.11207566794955731 (n:0.0862105960419025) c:1.0
num acquisition: 144, time elapsed: 28.16s
0
z
[1.01081036 1.00552095]
1.010810363999399
f inputs x:[[0.49355975 0.49097702]] ev:{} outputs y:-0.49017334227473847 (n:-0.516245316026328) c:1.0
num acquisition: 145, time elapsed: 28.46s
0
z
[1.01077305 1.00546224]
1.0107730528777603
f inputs x:[[0.49354153 0.49094836]] ev:{} outputs y:0.26311773611179745 (n:0.23709934140483926) c:1.0
num acquisition: 146, time elapsed: 28.84s
0
z
[1.01080331 1.00547518]
1.0108033096679305
f inputs x:[[0.4935563  0.49095468]] ev:{} outputs y:-0.43975892261594796 (n:-0.46593038516651475) c:1.0
num acquisition: 147, time elapsed: 29.16s
0
z
[1.01077183 1.00540835]
1.0107718252274458
f inputs x:[[0.49354093 0.49092204]] ev:{} outputs y:-0.106824744209576 (n:-0.1330056427216942) c:1.0
num acquisition: 148, time elapsed: 29.49s
0
z
[1.01077541 1.00535418]
1.0107754086765524
f inputs x:[[0.49354268 0.49089559]] ev:{} outputs y:0.3191501347037569 (n:0.29277436509454524) c:1.0
num acquisition: 149, time elapsed: 29.85s
0
z
[1.0108093 1.0053944]
1.0108093043625817
f inputs x:[[0.49355923 0.49091524]] ev:{} outputs y:0.831008179872716 (n:0.8045417049090304) c:1.0
num acquisition: 150, time elapsed: 30.22s
0
z
[1.01084513 1.00562561]
1.0108451281440032
f inputs x:[[0.49357672 0.49102813]] ev:{} outputs y:0.13969866865880412 (n:0.11373450872578432) c:1.0
num acquisition: 151, time elapsed: 30.56s
0
z
[1.01086391 1.00560119]
1.0108639086479534
f inputs x:[[0.49358589 0.49101621]] ev:{} outputs y:-0.6840793847714854 (n:-0.7102410575017325) c:1.0
num acquisition: 152, time elapsed: 30.89s
0
z
[1.01081226 1.00558427]
1.010812262629568
f inputs x:[[0.49356068 0.49100795]] ev:{} outputs y:-1.0826521811341794 (n:-1.1085365455031726) c:1.0
num acquisition: 153, time elapsed: 31.28s
0
z
[1.01069453 1.00564099]
1.0106945258671995
f inputs x:[[0.49350319 0.49103564]] ev:{} outputs y:-0.3017853959601916 (n:-0.3267473047107459) c:1.0
num acquisition: 154, time elapsed: 31.66s
0
z
[1.01067574 1.00559684]
1.0106757386327847
f inputs x:[[0.49349401 0.49101408]] ev:{} outputs y:0.23576987368692948 (n:0.21078926939100565) c:1.0
num acquisition: 155, time elapsed: 32.03s
0
z
[1.01070563 1.00559285]
1.0107056276290367
f inputs x:[[0.49350861 0.49101213]] ev:{} outputs y:-0.7480628672753218 (n:-0.7732438700220259) c:1.0
num acquisition: 156, time elapsed: 32.44s
0
z
[1.01062871 1.00557815]
1.0106287142978407
f inputs x:[[0.49347105 0.49100496]] ev:{} outputs y:0.0396484226415429 (n:0.014904622113912311) c:1.0
num acquisition: 157, time elapsed: 32.81s
0
z
[1.01064403 1.00554867]
1.0106440317097496
f inputs x:[[0.49347853 0.49099056]] ev:{} outputs y:-0.24481662744094365 (n:-0.26974732699154746) c:1.0
num acquisition: 158, time elapsed: 33.17s
0
z
[1.01062974 1.00549832]
1.010629740360599
f inputs x:[[0.49347155 0.49096598]] ev:{} outputs y:-0.396796301204451 (n:-0.4217931180637966) c:1.0
num acquisition: 159, time elapsed: 33.54s
0
z
[1.01059512 1.00544077]
1.0105951216037268
f inputs x:[[0.49345465 0.49093788]] ev:{} outputs y:0.6602592993566123 (n:0.6353016496744973) c:1.0
num acquisition: 160, time elapsed: 33.93s
0
z
[1.01065796 1.00557418]
1.0106579643921383
f inputs x:[[0.49348533 0.49100302]] ev:{} outputs y:-0.12789908733135125 (n:-0.15283826750740181) c:1.0
num acquisition: 161, time elapsed: 34.30s
0
z
[1.01065739 1.00553156]
1.0106573862052006
f inputs x:[[0.49348505 0.49098221]] ev:{} outputs y:-0.23408009621503498 (n:-0.2591476349248451) c:1.0
num acquisition: 162, time elapsed: 34.71s
0
z
[1.01064557 1.00548188]
1.0106455668600314
f inputs x:[[0.49347928 0.49095795]] ev:{} outputs y:-0.8824895405577777 (n:-0.9076368689534703) c:1.0
num acquisition: 163, time elapsed: 35.12s
0
z
[1.01053892 1.00545516]
1.0105389150119386
f inputs x:[[0.4934272 0.4909449]] ev:{} outputs y:0.7582017451859938 (n:0.733639761222034) c:1.0
num acquisition: 164, time elapsed: 35.52s
0
z
[1.0106135  1.00561582]
1.0106134959226976
f inputs x:[[0.49346362 0.49102335]] ev:{} outputs y:-0.5891569339478402 (n:-0.6136900268824602) c:1.0
num acquisition: 165, time elapsed: 35.92s
0
z
[1.01055545 1.00558856]
1.0105554468974771
f inputs x:[[0.49343528 0.49101004]] ev:{} outputs y:0.6992592889592174 (n:0.6750030214787459) c:1.0
num acquisition: 166, time elapsed: 36.34s
0
z
[1.01062067 1.00569201]
1.0106206685572288
f inputs x:[[0.49346712 0.49106055]] ev:{} outputs y:-0.6431071063285356 (n:-0.667451382400464) c:1.0
num acquisition: 167, time elapsed: 36.72s
0
z
[1.01055917 1.00568643]
1.0105591651963755
f inputs x:[[0.49343709 0.49105783]] ev:{} outputs y:0.2732063600346476 (n:0.2492250059013806) c:1.0
num acquisition: 168, time elapsed: 37.13s
0
z
[1.01059369 1.0056806 ]
1.0105936892340697
f inputs x:[[0.49345395 0.49105498]] ev:{} outputs y:-0.3850807590740234 (n:-0.40929283656732873) c:1.0
num acquisition: 169, time elapsed: 37.52s
0
z
[1.01056319 1.00564948]
1.0105631934304253
f inputs x:[[0.49343906 0.49103978]] ev:{} outputs y:0.8128639506254494 (n:0.7887454656609527) c:1.0
num acquisition: 170, time elapsed: 37.90s
0
z
[1.01062915 1.00576686]
1.0106291486100571
f inputs x:[[0.49347126 0.4910971 ]] ev:{} outputs y:0.422697698747559 (n:0.3985293498917143) c:1.0
num acquisition: 171, time elapsed: 38.40s
0
z
[1.01066634 1.00577134]
1.01066633661308
f inputs x:[[0.49348942 0.49109929]] ev:{} outputs y:0.07313725430102894 (n:0.04875234338027425) c:1.0
num acquisition: 172, time elapsed: 38.82s
0
z
[1.01068023 1.00574157]
1.0106802275398166
f inputs x:[[0.4934962  0.49108475]] ev:{} outputs y:0.31628812509127513 (n:0.2917256313489935) c:1.0
num acquisition: 173, time elapsed: 39.24s
0
z
[1.01070796 1.00573432]
1.010707955825335
f inputs x:[[0.49350974 0.49108121]] ev:{} outputs y:-0.030169088279178344 (n:-0.05492687560358406) c:1.0
num acquisition: 174, time elapsed: 39.68s
0
z
[1.01071471 1.00570131]
1.010714712536671
f inputs x:[[0.49351304 0.49106509]] ev:{} outputs y:0.715836543633926 (n:0.6909345756487998) c:1.0
num acquisition: 175, time elapsed: 40.14s
0
z
[1.01075177 1.0057777 ]
1.0107517692170322
f inputs x:[[0.49353114 0.49110239]] ev:{} outputs y:-0.8700521420823568 (n:-0.8949503230273552) c:1.0
num acquisition: 176, time elapsed: 40.60s
0
z
[1.01068774 1.00583636]
1.0106877421420575
f inputs x:[[0.49349987 0.49113103]] ev:{} outputs y:0.23299659175016577 (n:0.20867773209167775) c:1.0
num acquisition: 177, time elapsed: 41.07s
0
z
[1.01070879 1.00581188]
1.0107087942670008
f inputs x:[[0.49351015 0.49111908]] ev:{} outputs y:0.44391389821336064 (n:0.4193893616523573) c:1.0
num acquisition: 178, time elapsed: 41.53s
0
z
[1.01073729 1.00581147]
1.0107372851108427
f inputs x:[[0.49352406 0.49111888]] ev:{} outputs y:0.8415009964084748 (n:0.8167975967694431) c:1.0
num acquisition: 179, time elapsed: 41.99s
0
z
[1.0107702  1.00588831]
1.0107702045601132
f inputs x:[[0.49354014 0.4911564 ]] ev:{} outputs y:-0.18774550442922594 (n:-0.21241791986860462) c:1.0
num acquisition: 180, time elapsed: 42.48s
0
z
[1.01076729 1.00586426]
1.01076729212256
f inputs x:[[0.49353872 0.49114466]] ev:{} outputs y:0.8792036918645124 (n:0.854475448529011) c:1.0
num acquisition: 181, time elapsed: 42.96s
0
z
[1.01079479 1.00593496]
1.0107947896040137
f inputs x:[[0.49355214 0.49117918]] ev:{} outputs y:-0.6366591398303904 (n:-0.6613414459146505) c:1.0
num acquisition: 182, time elapsed: 43.50s
0
z
[1.01076575 1.00598159]
1.0107657491656514
f inputs x:[[0.49353796 0.49120195]] ev:{} outputs y:0.737448393504024 (n:0.7130898205396944) c:1.0
num acquisition: 183, time elapsed: 44.01s
0
z
[1.01079026 1.00598969]
1.0107902623927214
f inputs x:[[0.49354993 0.49120591]] ev:{} outputs y:0.48947920712229676 (n:0.46499322048363834) c:1.0
num acquisition: 184, time elapsed: 44.53s
0
z
[1.01080861 1.00596594]
1.01080860739878
f inputs x:[[0.49355889 0.4911943 ]] ev:{} outputs y:-0.3701236902341564 (n:-0.39479692703816693) c:1.0
num acquisition: 185, time elapsed: 45.01s
0
z
[1.01079766 1.00596871]
1.0107976619693888
f inputs x:[[0.49355355 0.49119566]] ev:{} outputs y:0.8310678417579447 (n:0.8064713868582494) c:1.0
num acquisition: 186, time elapsed: 45.47s
0
z
[1.0108194  1.00599895]
1.0108194015066323
f inputs x:[[0.49356416 0.49121042]] ev:{} outputs y:0.5853245522226967 (n:0.5606855082175921) c:1.0
num acquisition: 187, time elapsed: 46.02s
0
z
[1.01083609 1.00598433]
1.010836089686926
f inputs x:[[0.49357231 0.49120328]] ev:{} outputs y:0.06617142030486772 (n:0.041383119483763525) c:1.0
num acquisition: 188, time elapsed: 46.53s
0
z
[1.01084164 1.00594853]
1.0108416445991262
f inputs x:[[0.49357502 0.4911858 ]] ev:{} outputs y:0.4476650841993945 (n:0.42273143591791185) c:1.0
num acquisition: 189, time elapsed: 47.01s
0
z
[1.0108554  1.00592861]
1.0108553999454781
f inputs x:[[0.49358174 0.49117608]] ev:{} outputs y:0.27857324982359183 (n:0.25349149650785674) c:1.0
num acquisition: 190, time elapsed: 47.50s
0
z
[1.01086564 1.00589839]
1.010865641995832
f inputs x:[[0.49358674 0.49116132]] ev:{} outputs y:-0.5488141870311822 (n:-0.5740543214457281) c:1.0
num acquisition: 191, time elapsed: 48.02s
0
z
[1.01084946 1.0059183 ]
1.0108494590931465
f inputs x:[[0.49357884 0.49117105]] ev:{} outputs y:-0.33534571471833474 (n:-0.3604220446284725) c:1.0
num acquisition: 192, time elapsed: 48.57s
0
z
[1.01084187 1.00590956]
1.0108418663545635
f inputs x:[[0.49357513 0.49116678]] ev:{} outputs y:0.43697975737849915 (n:0.4119240858630333) c:1.0
num acquisition: 193, time elapsed: 49.07s
0
z
[1.01085571 1.00589491]
1.0108557123466726
f inputs x:[[0.49358189 0.49115962]] ev:{} outputs y:-0.028952459679919385 (n:-0.0541407853570979) c:1.0
num acquisition: 194, time elapsed: 49.61s
0
z
[1.01085906 1.0058625 ]
1.0108590551529157
f inputs x:[[0.49358352 0.4911438 ]] ev:{} outputs y:0.4342962541216736 (n:0.4089860046775942) c:1.0
num acquisition: 195, time elapsed: 50.13s
0
z
[1.01087221 1.00585452]
1.0108722061025197
f inputs x:[[0.49358994 0.4911399 ]] ev:{} outputs y:0.033195854759241764 (n:0.007777527963607476) c:1.0
num acquisition: 196, time elapsed: 50.73s
0
z
[1.01087725 1.0058212 ]
1.0108772548881753
f inputs x:[[0.49359241 0.49112363]] ev:{} outputs y:0.12981770257239633 (n:0.1042632271157242) c:1.0
num acquisition: 197, time elapsed: 51.31s
0
z
[1.01088496 1.00579154]
1.0108849612643256
f inputs x:[[0.49359617 0.49110915]] ev:{} outputs y:0.44858471836554603 (n:0.4228883130771299) c:1.0
num acquisition: 198, time elapsed: 51.83s
0
z
[1.01089737 1.00579616]
1.0108973740765164
f inputs x:[[0.49360223 0.49111141]] ev:{} outputs y:0.07492132582971431 (n:0.04916038730083276) c:1.0
num acquisition: 199, time elapsed: 52.37s
0
z
[1.0109033  1.00576448]
1.0109033041979203
f inputs x:[[0.49360513 0.49109594]] ev:{} outputs y:0.04620202715334698 (n:0.020303601760830098) c:1.0
num acquisition: 200, time elapsed: 52.96s
0
z
[1.01090907 1.00573218]
1.0109090669967549
f inputs x:[[0.49360794 0.49108016]] ev:{} outputs y:0.03361332425726111 (n:0.007576156659605079) c:1.0
num acquisition: 201, time elapsed: 53.54s
0
z
[1.0109147  1.00569966]
1.0109147028452619
f inputs x:[[0.49361069 0.49106429]] ev:{} outputs y:-0.1688487584253091 (n:-0.19502488514004088) c:1.0
num acquisition: 202, time elapsed: 54.08s
0
z
[1.01091502 1.00566102]
1.0109150214695821
f inputs x:[[0.49361085 0.49104542]] ev:{} outputs y:0.20022527892049968 (n:0.17392465169292828) c:1.0
num acquisition: 203, time elapsed: 54.70s
0
z
[1.01092434 1.00564582]
1.0109243425592018
f inputs x:[[0.4936154 0.491038 ]] ev:{} outputs y:0.3425559043010291 (n:0.31614691448784993) c:1.0
num acquisition: 204, time elapsed: 55.27s
0
z
[1.01093499 1.00565274]
1.0109349923175759
f inputs x:[[0.4936206  0.49104138]] ev:{} outputs y:-0.027927610881687083 (n:-0.054383278165595) c:1.0
num acquisition: 205, time elapsed: 55.84s
0
z
[1.01093978 1.00561667]
1.0109397837820384
f inputs x:[[0.49362294 0.49102376]] ev:{} outputs y:-0.7696607202794021 (n:-0.7962623117690377) c:1.0
num acquisition: 206, time elapsed: 56.44s
0
z
[1.01091309 1.00560607]
1.0109130864725353
f inputs x:[[0.49360991 0.49101859]] ev:{} outputs y:0.061953323725217176 (n:0.03549055213766211) c:1.0
num acquisition: 207, time elapsed: 56.98s
0
z
[1.01091979 1.0055776 ]
1.010919787727612
f inputs x:[[0.49361318 0.49100469]] ev:{} outputs y:-1.269105078667135 (n:-1.2957018815454826) c:1.0
num acquisition: 208, time elapsed: 57.54s
0
z
[1.01085296 1.00564638]
1.0108529632670131
f inputs x:[[0.49358055 0.49103827]] ev:{} outputs y:-0.057276297594255246 (n:-0.08322509194470791) c:1.0
num acquisition: 209, time elapsed: 58.07s
0
z
[1.01085525 1.0056113 ]
1.0108552501787116
f inputs x:[[0.49358167 0.49102114]] ev:{} outputs y:0.41039981605115344 (n:0.3843256499571611) c:1.0
num acquisition: 210, time elapsed: 58.63s
0
z
[1.01087185 1.00563625]
1.0108718502552858
f inputs x:[[0.49358977 0.49103333]] ev:{} outputs y:0.06450596888768684 (n:0.03840425080701297) c:1.0
num acquisition: 211, time elapsed: 59.21s
0
z
[1.01087866 1.00560964]
1.0108786616579382
f inputs x:[[0.4935931  0.49102033]] ev:{} outputs y:-0.07379031314160571 (n:-0.10001999969317764) c:1.0
num acquisition: 212, time elapsed: 59.80s
0
z
[1.01088094 1.0055723 ]
1.0108809387960613
f inputs x:[[0.49359421 0.4910021 ]] ev:{} outputs y:-0.029708245928986528 (n:-0.05607107506017363) c:1.0
num acquisition: 213, time elapsed: 60.47s
0
z
[1.01088496 1.00553749]
1.0108849587202557
f inputs x:[[0.49359617 0.4909851 ]] ev:{} outputs y:0.5776424566992923 (n:0.5511429944893844) c:1.0
num acquisition: 214, time elapsed: 61.08s
0
z
[1.01090238 1.00561319]
1.010902383510355
f inputs x:[[0.49360468 0.49102207]] ev:{} outputs y:-0.35571180702708083 (n:-0.3820829176452888) c:1.0
num acquisition: 215, time elapsed: 61.73s
0
z
[1.01089458 1.00557036]
1.0108945807071854
f inputs x:[[0.49360087 0.49100115]] ev:{} outputs y:0.2063028637259772 (n:0.17984590220645671) c:1.0
num acquisition: 216, time elapsed: 62.44s
0
z
[1.01090505 1.00556392]
1.0109050545615283
f inputs x:[[0.49360598 0.49099801]] ev:{} outputs y:0.2947885381496773 (n:0.26824339600139013) c:1.0
num acquisition: 217, time elapsed: 63.08s
0
z
[1.01091672 1.00557219]
1.01091671804303
f inputs x:[[0.49361168 0.49100205]] ev:{} outputs y:-0.3004220959771834 (n:-0.32701630207442706) c:1.0
num acquisition: 218, time elapsed: 63.75s
0
z
[1.01091188 1.00552479]
1.010911882350022
f inputs x:[[0.49360932 0.4909789 ]] ev:{} outputs y:-0.17455564026192433 (n:-0.20126991322212456) c:1.0
num acquisition: 219, time elapsed: 64.41s
0
z
[1.01091143 1.00547804]
1.0109114258754621
f inputs x:[[0.49360909 0.49095608]] ev:{} outputs y:0.4107674675500928 (n:0.38390652246939777) c:1.0
num acquisition: 220, time elapsed: 65.08s
0
z
[1.01092536 1.0055211 ]
1.0109253617121887
f inputs x:[[0.4936159 0.4909771]] ev:{} outputs y:0.006906790154316025 (n:-0.01990678443289229) c:1.0
num acquisition: 221, time elapsed: 65.72s
0
z
[1.01093113 1.00549032]
1.0109311264772696
f inputs x:[[0.49361871 0.49096207]] ev:{} outputs y:0.6303126784534541 (n:0.6033629007443856) c:1.0
num acquisition: 222, time elapsed: 66.37s
0
z
[1.01094328 1.005588  ]
1.0109432844088238
f inputs x:[[0.49362465 0.49100977]] ev:{} outputs y:0.509138674295365 (n:0.48242285864625123) c:1.0
num acquisition: 223, time elapsed: 67.03s
0
z
[1.01095239 1.00563372]
1.0109523877370472
f inputs x:[[0.4936291  0.49103209]] ev:{} outputs y:0.17068960084636464 (n:0.14406084258233154) c:1.0
num acquisition: 224, time elapsed: 67.80s
0
z
[1.01095966 1.00561743]
1.0109596581001468
f inputs x:[[0.49363265 0.49102413]] ev:{} outputs y:0.045694406483182806 (n:0.018966462890329) c:1.0
num acquisition: 225, time elapsed: 68.54s
0
z
[1.01096574 1.00558974]
1.010965741553802
f inputs x:[[0.49363562 0.49101061]] ev:{} outputs y:-0.5347070365164275 (n:-0.5615631356921327) c:1.0
num acquisition: 226, time elapsed: 69.27s
0
z
[1.0109559  1.00555301]
1.010955896252362
f inputs x:[[0.49363081 0.49099268]] ev:{} outputs y:0.7078225599282861 (n:0.6809127357454069) c:1.0
num acquisition: 227, time elapsed: 70.03s
0
z
[1.01096223 1.00565566]
1.010962232674594
f inputs x:[[0.4936339 0.4910428]] ev:{} outputs y:0.09361964983483177 (n:0.06699717159277727) c:1.0
num acquisition: 228, time elapsed: 70.72s
0
z
[1.0109685  1.00563129]
1.010968503474973
f inputs x:[[0.49363696 0.4910309 ]] ev:{} outputs y:0.7774352917134701 (n:0.7506943081941592) c:1.0
num acquisition: 229, time elapsed: 71.52s
0
z
[1.0109695  1.00573038]
1.0109695008419097
f inputs x:[[0.49363745 0.49107929]] ev:{} outputs y:0.16610320898495934 (n:0.13967182940407039) c:1.0
num acquisition: 230, time elapsed: 72.37s
0
z
[1.01097515 1.00570801]
1.0109751537567875
f inputs x:[[0.49364021 0.49106836]] ev:{} outputs y:0.4558034660210193 (n:0.4292643416017768) c:1.0
num acquisition: 231, time elapsed: 73.23s
0
z
[1.01097914 1.00572067]
1.010979138215675
f inputs x:[[0.49364216 0.49107454]] ev:{} outputs y:-0.645433178097665 (n:-0.6719577197759683) c:1.0
num acquisition: 232, time elapsed: 74.01s
0
z
[1.01097063 1.00572744]
1.010970632293846
f inputs x:[[0.493638   0.49107785]] ev:{} outputs y:-0.009195147834654093 (n:-0.03564318438568479) c:1.0
num acquisition: 233, time elapsed: 74.82s
0
z
[1.01097561 1.0056971 ]
1.0109756062368362
f inputs x:[[0.49364043 0.49106304]] ev:{} outputs y:-0.248206893865115 (n:-0.27478372786576566) c:1.0
num acquisition: 234, time elapsed: 75.71s
0
z
[1.01097735 1.00566611]
1.010977354146615
f inputs x:[[0.49364129 0.4910479 ]] ev:{} outputs y:0.5713486553811087 (n:0.5446615785995031) c:1.0
num acquisition: 235, time elapsed: 76.57s
0
z
[0.44756091 0.09838973]
0.44756090576952257
f inputs x:[[0.2185356  0.04804186]] ev:{} outputs y:1.106500198935169 (n:0.25465046473482883) c:1.0
num acquisition: 236, time elapsed: 77.31s
0
z
[1.01208504 1.00998154]
1.0120850359287479
f inputs x:[[0.49418215 0.49315505]] ev:{} outputs y:0.5415186843000459 (n:0.5210358259368945) c:1.0
num acquisition: 237, time elapsed: 78.10s
0
z
[1.01186946 1.00919908]
1.0118694642984551
f inputs x:[[0.49407689 0.49277299]] ev:{} outputs y:0.13507537120023458 (n:0.11361405248007933) c:1.0
num acquisition: 238, time elapsed: 78.95s
0
z
[1.01183994 1.00904474]
1.0118399373493936
f inputs x:[[0.49406247 0.49269763]] ev:{} outputs y:0.6092811294342251 (n:0.5875478388540902) c:1.0
num acquisition: 239, time elapsed: 79.85s
0
z
[1.01165054 1.00837696]
1.0116505429045006
f inputs x:[[0.49396999 0.49237156]] ev:{} outputs y:0.3785882062713646 (n:0.35602892583395257) c:1.0
num acquisition: 240, time elapsed: 80.71s
0
z
[1.0115658 1.0080434]
1.0115658026685124
f inputs x:[[0.49392861 0.49220869]] ev:{} outputs y:0.4580575875263583 (n:0.43502036597827276) c:1.0
num acquisition: 241, time elapsed: 81.65s
0
z
[1.01147423 1.00769873]
1.0114742322185704
f inputs x:[[0.4938839 0.4920404]] ev:{} outputs y:-0.24298161795152204 (n:-0.26649340854077186) c:1.0
num acquisition: 242, time elapsed: 82.58s
0
z
[1.01152877 1.00786875]
1.0115287704837623
f inputs x:[[0.49391053 0.49212341]] ev:{} outputs y:-0.25994729747978546 (n:-0.2832813170825207) c:1.0
num acquisition: 243, time elapsed: 83.49s
0
z
[1.01159168 1.00806932]
1.011591680116861
f inputs x:[[0.49394125 0.49222135]] ev:{} outputs y:0.5628651778180688 (n:0.539748662824135) c:1.0
num acquisition: 244, time elapsed: 84.44s
0
z
[1.01147279 1.00765329]
1.0114727883556476
f inputs x:[[0.4938832  0.49201821]] ev:{} outputs y:-0.18487450392153887 (n:-0.2085142097102891) c:1.0
num acquisition: 245, time elapsed: 85.33s
[0.49361318 0.49100469]
