INFO:GP:initializing Y
INFO:GP:initializing inference method
INFO:GP:adding kernel and likelihood as parameters
removed robo import in opts.py l17 due to theano errors
0
z
[ 0.32345913 -1.7592838 ]
0.3234591316581796
f inputs x:[[ 0.15793903 -0.85902529]] ev:{} outputs y:6.098607325921914 (n:0.2438976163857268) c:1.0
0
z
[-0.20859038  0.78414532]
-0.2085903843920323
f inputs x:[[-0.10185077  0.38288346]] ev:{} outputs y:3.8961166920450148 (n:-0.15244159470765492) c:1.0
0
z
[ 1.78014353 -0.87929991]
1.7801435272630992
f inputs x:[[ 0.86921071 -0.42934566]] ev:{} outputs y:6.416583962606091 (n:-0.9861173821490807) c:1.0
0
z
[ 1.91230713 -0.51168478]
1.9123071250049457
f inputs x:[[ 0.93374371 -0.24984608]] ev:{} outputs y:7.1814117530234 (n:-0.27997439368121385) c:1.0
0
z
[-0.36474111  1.21117635]
-0.36474111233544865
f inputs x:[[-0.17809625  0.5913947 ]] ev:{} outputs y:4.455029671864834 (n:-0.32494357290349585) c:1.0
0
z
[-0.52908307  0.51605088]
-0.5290830679194374
f inputs x:[[-0.25834134  0.25197797]] ev:{} outputs y:1.0142932820585335 (n:-1.1732685945248973) c:1.0
num acquisition: 1, time elapsed: 0.14s
0
z
[-0.6889591  0.3853725]
-0.6889591048875019
f inputs x:[[-0.33640581  0.18817016]] ev:{} outputs y:2.2120882888828826 (n:0.6752443605825308) c:1.0
num acquisition: 2, time elapsed: 0.27s
0
z
[-0.55140477  0.42110853]
-0.5514047677762213
f inputs x:[[-0.26924061  0.2056194 ]] ev:{} outputs y:1.0672381395211974 (n:-0.4966147753695401) c:1.0
num acquisition: 3, time elapsed: 0.42s
0
z
[-0.38876545  0.39335242]
-0.38876545344287844
f inputs x:[[-0.18982688  0.19206661]] ev:{} outputs y:2.8382284765782813 (n:0.6639968941348732) c:1.0
num acquisition: 4, time elapsed: 0.61s
0
z
[-0.59068429  0.50339079]
-0.5906842903464352
f inputs x:[[-0.28842006  0.24579628]] ev:{} outputs y:1.070234887115261 (n:-0.7075561277541649) c:1.0
num acquisition: 5, time elapsed: 0.81s
0
z
[1.92417951 1.9653066 ]
1.9241795051292503
f inputs x:[[0.93954077 0.95962237]] ev:{} outputs y:5.9456452686895975 (n:0.22984644248461766) c:1.0
num acquisition: 6, time elapsed: 0.94s
0
z
[-0.61135782  0.74189345]
-0.6113578175772716
f inputs x:[[-0.29851456  0.36225266]] ev:{} outputs y:3.4849564738996675 (n:0.6430272799402892) c:1.0
num acquisition: 7, time elapsed: 1.16s
0
z
[-2.01526685 -1.90684019]
-2.0152668495931194
f inputs x:[[-0.98401702 -0.93107431]] ev:{} outputs y:8.566030531399717 (n:0.38516019080672154) c:1.0
num acquisition: 8, time elapsed: 1.26s
0
z
[-2.048  2.048]
-2.048
f inputs x:[[-1.  1.]] ev:{} outputs y:6.281148171483063 (n:0.1263911652900721) c:1.0
num acquisition: 9, time elapsed: 1.38s
0
z
[0.31541812 2.048     ]
0.3154181199161824
f inputs x:[[0.15401275 1.        ]] ev:{} outputs y:6.321211299373515 (n:0.3780489358154032) c:1.0
num acquisition: 10, time elapsed: 1.49s
0
z
[-2.048      -0.06725194]
-2.048
f inputs x:[[-1.         -0.03283786]] ev:{} outputs y:7.6850704007395905 (n:0.17498133204990926) c:1.0
num acquisition: 11, time elapsed: 1.61s
0
z
[-0.64216106 -0.24958895]
-0.6421610614795017
f inputs x:[[-0.31355521 -0.1218696 ]] ev:{} outputs y:3.7995794235142912 (n:-0.06148217541288662) c:1.0
num acquisition: 12, time elapsed: 1.77s
0
z
[-0.69319862 -0.82012705]
-0.693198620482348
f inputs x:[[-0.33847589 -0.40045266]] ev:{} outputs y:5.18775668537226 (n:0.034255156782621254) c:1.0
num acquisition: 13, time elapsed: 1.94s
0
z
[-0.03692007 -0.39446412]
-0.03692007286127251
f inputs x:[[-0.01802738 -0.19260943]] ev:{} outputs y:2.227179530795001 (n:-0.6488183915512878) c:1.0
num acquisition: 14, time elapsed: 2.04s
0
z
[ 0.25824463 -0.46722333]
0.25824462839723694
f inputs x:[[ 0.12609601 -0.22813639]] ev:{} outputs y:3.2571959288744874 (n:-0.145885538326676) c:1.0
num acquisition: 15, time elapsed: 2.22s
0
z
[-0.07007943 -0.68530955]
-0.07007943106445666
f inputs x:[[-0.03421847 -0.3346238 ]] ev:{} outputs y:3.5581702448003565 (n:-0.34955409897893636) c:1.0
num acquisition: 16, time elapsed: 2.39s
0
z
[ 0.07392366 -0.11366804]
0.07392365895287703
f inputs x:[[ 0.03609554 -0.05550197]] ev:{} outputs y:1.249193757495162 (n:0.062302486585362915) c:1.0
num acquisition: 17, time elapsed: 2.56s
0
z
[-0.21256449  0.14408582]
-0.2125644927036421
f inputs x:[[-0.10379126  0.0703544 ]] ev:{} outputs y:1.4070740250797602 (n:0.16914155893475424) c:1.0
num acquisition: 18, time elapsed: 2.69s
0
z
[-0.2020938  0.1403987]
-0.20209379606627553
f inputs x:[[-0.09867861  0.06855405]] ev:{} outputs y:0.8216272334440408 (n:-0.41273461919322874) c:1.0
num acquisition: 19, time elapsed: 2.82s
0
z
[-0.17965679  0.13442203]
-0.1796567858977736
f inputs x:[[-0.08772304  0.06563576]] ev:{} outputs y:1.2918917874866636 (n:0.05788658049605785) c:1.0
num acquisition: 20, time elapsed: 2.94s
0
z
[-0.17902625  0.13212765]
-0.17902624882778329
f inputs x:[[-0.08741516  0.06451545]] ev:{} outputs y:1.07418487441225 (n:-0.14713120506612642) c:1.0
num acquisition: 21, time elapsed: 3.05s
0
z
[-0.17308552  0.12848857]
-0.17308552463868093
f inputs x:[[-0.08451442  0.06273856]] ev:{} outputs y:0.921902449090241 (n:-0.2861456064269066) c:1.0
num acquisition: 22, time elapsed: 3.19s
0
z
[-0.16516712  0.12457175]
-0.1651671240587244
f inputs x:[[-0.08064801  0.06082605]] ev:{} outputs y:2.3171869060477537 (n:1.121998756556766) c:1.0
num acquisition: 23, time elapsed: 3.31s
0
z
[-0.19362883  0.13781032]
-0.19362883088741928
f inputs x:[[-0.09454533  0.0672902 ]] ev:{} outputs y:0.7955197195554912 (n:-0.4373681441115075) c:1.0
num acquisition: 24, time elapsed: 3.44s
0
z
[-0.18750877  0.13550509]
-0.1875087717217722
f inputs x:[[-0.09155702  0.06616459]] ev:{} outputs y:1.8731036279132995 (n:0.6443114002297158) c:1.0
num acquisition: 25, time elapsed: 3.57s
0
z
[-0.19540536  0.13753968]
-0.19540536108838305
f inputs x:[[-0.09541277  0.06715805]] ev:{} outputs y:1.3502497090426206 (n:0.12173145337250776) c:1.0
num acquisition: 26, time elapsed: 3.70s
0
z
[-0.19649087  0.13590427]
-0.19649087368367713
f inputs x:[[-0.09594281  0.06635951]] ev:{} outputs y:0.4646378146815956 (n:-0.7527152466217916) c:1.0
num acquisition: 27, time elapsed: 3.82s
0
z
[-0.18945244  0.13503637]
-0.18945243946453538
f inputs x:[[-0.09250607  0.06593573]] ev:{} outputs y:1.160893819819159 (n:-0.06222055672018417) c:1.0
num acquisition: 28, time elapsed: 3.95s
0
z
[-0.1894675   0.13321214]
-0.1894675021363982
f inputs x:[[-0.09251343  0.06504499]] ev:{} outputs y:1.7785676646761623 (n:0.566079711578429) c:1.0
num acquisition: 29, time elapsed: 4.07s
0
z
[-0.19416694  0.13440121]
-0.1941669387899021
f inputs x:[[-0.09480808  0.06562559]] ev:{} outputs y:1.6321827310989576 (n:0.4199050098607845) c:1.0
num acquisition: 30, time elapsed: 4.22s
0
z
[-0.19692991  0.13428442]
-0.1969299114841793
f inputs x:[[-0.09615718  0.06556857]] ev:{} outputs y:0.4824849866632953 (n:-0.7248992462778955) c:1.0
num acquisition: 31, time elapsed: 4.35s
0
z
[-0.19263276  0.13361149]
-0.19263276276515123
f inputs x:[[-0.09405897  0.06523999]] ev:{} outputs y:0.3159922933363106 (n:-0.8940651286415202) c:1.0
num acquisition: 32, time elapsed: 4.48s
0
z
[-0.18633529  0.13338005]
-0.186335292021226
f inputs x:[[-0.09098403  0.06512698]] ev:{} outputs y:0.6259100877823556 (n:-0.5921890618273034) c:1.0
num acquisition: 33, time elapsed: 4.60s
0
z
[-0.18224097  0.13208769]
-0.18224096606162427
f inputs x:[[-0.08898485  0.06449594]] ev:{} outputs y:1.374780389579554 (n:0.15828479651031488) c:1.0
num acquisition: 34, time elapsed: 4.72s
0
z
[-0.1847804   0.13134719]
-0.18478040100471033
f inputs x:[[-0.09022481  0.06413437]] ev:{} outputs y:0.5684491827306696 (n:-0.6400796013090896) c:1.0
num acquisition: 35, time elapsed: 4.84s
0
z
[-0.18060791  0.13006367]
-0.18060791383125574
f inputs x:[[-0.08818746  0.06350765]] ev:{} outputs y:1.6289805214410953 (n:0.42199908449604084) c:1.0
num acquisition: 36, time elapsed: 4.96s
0
z
[-0.18487715  0.13067371]
-0.18487714814862488
f inputs x:[[-0.09027204  0.06380552]] ev:{} outputs y:0.5695683080723094 (n:-0.6349181359642039) c:1.0
num acquisition: 37, time elapsed: 5.09s
0
z
[-0.18132347  0.12942958]
-0.18132346801375715
f inputs x:[[-0.08853685  0.06319804]] ev:{} outputs y:2.078695362755321 (n:0.8764013686208566) c:1.0
num acquisition: 38, time elapsed: 5.22s
0
z
[-0.18687313  0.13301816]
-0.1868731270931555
f inputs x:[[-0.09124664  0.06495027]] ev:{} outputs y:1.459261768271773 (n:0.24406361340204874) c:1.0
num acquisition: 39, time elapsed: 5.36s
0
z
[-0.18894543  0.13254672]
-0.1889454270848229
f inputs x:[[-0.09225851  0.06472008]] ev:{} outputs y:0.6153539384204988 (n:-0.5940578631966492) c:1.0
num acquisition: 40, time elapsed: 5.49s
0
z
[-0.18691872  0.13160446]
-0.1869187185402569
f inputs x:[[-0.09126891  0.06425999]] ev:{} outputs y:0.8162100445489799 (n:-0.39071980115701216) c:1.0
num acquisition: 41, time elapsed: 5.63s
0
z
[-0.18597486  0.130353  ]
-0.18597486316162898
f inputs x:[[-0.09080804  0.06364893]] ev:{} outputs y:0.9510602972374467 (n:-0.2500050041719623) c:1.0
num acquisition: 42, time elapsed: 5.77s
0
z
[-0.18577843  0.12904275]
-0.18577843030804322
f inputs x:[[-0.09071212  0.06300915]] ev:{} outputs y:1.0923527278265623 (n:-0.1014624573601361) c:1.0
num acquisition: 43, time elapsed: 5.90s
0
z
[-0.1862662   0.12785531]
-0.18626619516640353
f inputs x:[[-0.09095029  0.06242935]] ev:{} outputs y:0.4671719666247528 (n:-0.7191794851121284) c:1.0
num acquisition: 44, time elapsed: 6.04s
0
z
[-0.18365816  0.12670408]
-0.18365815837819935
f inputs x:[[-0.08967684  0.06186722]] ev:{} outputs y:1.5395927839096155 (n:0.35619258114014857) c:1.0
num acquisition: 45, time elapsed: 6.19s
0
z
[-0.18587487  0.12716616]
-0.18587487202378183
f inputs x:[[-0.09075921  0.06209285]] ev:{} outputs y:1.3006560683040016 (n:0.11767679200645033) c:1.0
num acquisition: 46, time elapsed: 6.32s
0
z
[-0.18703417  0.12657478]
-0.1870341664176788
f inputs x:[[-0.09132528  0.06180409]] ev:{} outputs y:0.7634972027719131 (n:-0.41453540475628287) c:1.0
num acquisition: 47, time elapsed: 6.46s
0
z
[-0.18638541  0.12508512]
-0.18638540517433164
f inputs x:[[-0.0910085   0.06107672]] ev:{} outputs y:1.1414584755031838 (n:-0.029084683239030285) c:1.0
num acquisition: 48, time elapsed: 6.60s
0
z
[-0.18698474  0.12405936]
-0.18698473792710688
f inputs x:[[-0.09130114  0.06057586]] ev:{} outputs y:1.434921394964233 (n:0.2709135602774697) c:1.0
num acquisition: 49, time elapsed: 6.74s
0
z
[-0.18805901  0.12419276]
-0.1880590053302935
f inputs x:[[-0.09182569  0.06064099]] ev:{} outputs y:1.3160883424171501 (n:0.15278126537503461) c:1.0
num acquisition: 50, time elapsed: 6.88s
0
z
[-0.18880504  0.12375686]
-0.1888050359192386
f inputs x:[[-0.09218996  0.06042815]] ev:{} outputs y:1.1853547485312979 (n:0.025463587889594918) c:1.0
num acquisition: 51, time elapsed: 7.02s
0
z
[-0.18929542  0.12284506]
-0.18929542075096795
f inputs x:[[-0.0924294   0.05998294]] ev:{} outputs y:1.995474737067659 (n:0.8412582041004243) c:1.0
num acquisition: 52, time elapsed: 7.17s
0
z
[-0.18956607  0.12671477]
-0.18956607233181869
f inputs x:[[-0.09256156  0.06187245]] ev:{} outputs y:0.9722542621974042 (n:-0.2030593785614505) c:1.0
num acquisition: 53, time elapsed: 7.32s
0
z
[-0.18971651  0.12551926]
-0.18971651197329045
f inputs x:[[-0.09263502  0.0612887 ]] ev:{} outputs y:1.3043685075744187 (n:0.1359403598694381) c:1.0
num acquisition: 54, time elapsed: 7.47s
0
z
[-0.19022112  0.12495975]
-0.19022112394621943
f inputs x:[[-0.09288141  0.0610155 ]] ev:{} outputs y:0.8367484397339715 (n:-0.3278819916468148) c:1.0
num acquisition: 55, time elapsed: 7.62s
0
z
[-0.19026783  0.12359391]
-0.19026782904509812
f inputs x:[[-0.09290421  0.06034859]] ev:{} outputs y:0.6366092266652065 (n:-0.520421273565591) c:1.0
num acquisition: 56, time elapsed: 7.77s
0
z
[-0.19013572  0.12214039]
-0.1901357231748238
f inputs x:[[-0.09283971  0.05963886]] ev:{} outputs y:2.2624650703449145 (n:1.1132134234986473) c:1.0
num acquisition: 57, time elapsed: 7.92s
0
z
[-0.18937857  0.12802698]
-0.18937856834181255
f inputs x:[[-0.09247     0.06251317]] ev:{} outputs y:1.0676650159106906 (n:-0.11529404473097608) c:1.0
num acquisition: 58, time elapsed: 8.07s
0
z
[-0.18963387  0.12711516]
-0.18963387338380439
f inputs x:[[-0.09259466  0.06206795]] ev:{} outputs y:0.25316350264839815 (n:-0.9243021170168338) c:1.0
num acquisition: 59, time elapsed: 8.22s
0
z
[-0.18799549  0.1270692 ]
-0.18799548639487135
f inputs x:[[-0.09179467  0.06204551]] ev:{} outputs y:1.6393432084342465 (n:0.4598529911777786) c:1.0
num acquisition: 60, time elapsed: 8.49s
0
z
[-0.18902596  0.12760274]
-0.1890259566556585
f inputs x:[[-0.09229783  0.06230602]] ev:{} outputs y:1.4019032530220594 (n:0.2208426067284899) c:1.0
num acquisition: 61, time elapsed: 8.76s
0
z
[-0.18970147  0.12730919]
-0.18970147401087967
f inputs x:[[-0.09262767  0.06216269]] ev:{} outputs y:1.1239916345961125 (n:-0.054469564061157154) c:1.0
num acquisition: 62, time elapsed: 8.93s
0
z
[-0.19004959  0.12650604]
-0.19004959360889445
f inputs x:[[-0.09279765  0.06177053]] ev:{} outputs y:0.6399188965243814 (n:-0.5335542333789332) c:1.0
num acquisition: 63, time elapsed: 9.08s
0
z
[-0.18976513  0.12562344]
-0.18976512539189788
f inputs x:[[-0.09265875  0.06133957]] ev:{} outputs y:0.9831024845264188 (n:-0.18583887602127933) c:1.0
num acquisition: 64, time elapsed: 9.25s
0
z
[-0.18997799  0.1246445 ]
-0.18997799135649235
f inputs x:[[-0.09276269  0.06086157]] ev:{} outputs y:1.627414069440311 (n:0.46419809209663293) c:1.0
num acquisition: 65, time elapsed: 9.43s
0
z
[-0.19028222  0.12539811]
-0.19028222077022366
f inputs x:[[-0.09291124  0.06122955]] ev:{} outputs y:0.5693776399288334 (n:-0.5976006760749549) c:1.0
num acquisition: 66, time elapsed: 9.60s
0
z
[-0.19004723  0.12449884]
-0.19004722892185333
f inputs x:[[-0.0927965   0.06079045]] ev:{} outputs y:0.5602687881325539 (n:-0.60204747791731) c:1.0
num acquisition: 67, time elapsed: 9.77s
0
z
[-0.18982034  0.12347992]
-0.18982033700903791
f inputs x:[[-0.09268571  0.06029293]] ev:{} outputs y:0.860897630592887 (n:-0.2961063437538405) c:1.0
num acquisition: 68, time elapsed: 9.93s
0
z
[-0.18998377  0.12233642]
-0.18998377264049898
f inputs x:[[-0.09276551  0.05973458]] ev:{} outputs y:1.4946193178146367 (n:0.3440979873326721) c:1.0
num acquisition: 69, time elapsed: 10.11s
0
z
[-0.19020064  0.12281007]
-0.19020063996575007
f inputs x:[[-0.09287141  0.05996586]] ev:{} outputs y:1.1512160064229013 (n:-0.0016063171548602712) c:1.0
num acquisition: 70, time elapsed: 10.28s
0
z
[-0.19048715  0.12211368]
-0.19048714615472184
f inputs x:[[-0.0930113   0.05962582]] ev:{} outputs y:-0.11540656731411447 (n:-1.2640494423791564) c:1.0
num acquisition: 71, time elapsed: 10.45s
0
z
[-0.18944071  0.12215632]
-0.18944070906070568
f inputs x:[[-0.09250035  0.05964664]] ev:{} outputs y:0.2070535697933399 (n:-0.9432004495837653) c:1.0
num acquisition: 72, time elapsed: 10.62s
0
z
[-0.18857046  0.12124064]
-0.1885704555002352
f inputs x:[[-0.09207542  0.05919953]] ev:{} outputs y:0.5096647898884996 (n:-0.6367331072716798) c:1.0
num acquisition: 73, time elapsed: 10.81s
0
z
[-0.18818694  0.11988303]
-0.18818693649366092
f inputs x:[[-0.09188815  0.05853664]] ev:{} outputs y:0.9295251023189086 (n:-0.21000019721600194) c:1.0
num acquisition: 74, time elapsed: 11.00s
0
z
[-0.18843422  0.11880558]
-0.18843421844973482
f inputs x:[[-0.0920089   0.05801054]] ev:{} outputs y:0.6308708087949438 (n:-0.5025401514617108) c:1.0
num acquisition: 75, time elapsed: 11.18s
0
z
[-0.18838985  0.11721051]
-0.1883898484996343
f inputs x:[[-0.09198723  0.05723169]] ev:{} outputs y:1.1467862582933936 (n:0.021829848583455908) c:1.0
num acquisition: 76, time elapsed: 11.36s
0
z
[-0.18874673  0.11673628]
-0.1887467316009867
f inputs x:[[-0.09216149  0.05700014]] ev:{} outputs y:1.2257034875568853 (n:0.1036945623311543) c:1.0
num acquisition: 77, time elapsed: 11.54s
0
z
[-0.18905281  0.11658216]
-0.18905281014206676
f inputs x:[[-0.09231094  0.05692488]] ev:{} outputs y:1.3146518343391793 (n:0.19382919616085853) c:1.0
num acquisition: 78, time elapsed: 11.72s
0
z
[-0.189273   0.1168166]
-0.18927300037174932
f inputs x:[[-0.09241846  0.05703936]] ev:{} outputs y:1.1326383883079447 (n:0.010848114224880603) c:1.0
num acquisition: 79, time elapsed: 11.93s
0
z
[-0.18955025  0.11628575]
-0.18955025326531938
f inputs x:[[-0.09255383  0.05678015]] ev:{} outputs y:1.0199838855850114 (n:-0.09867468907807972) c:1.0
num acquisition: 80, time elapsed: 12.12s
0
z
[-0.18984548  0.11536416]
-0.1898454773106091
f inputs x:[[-0.09269799  0.05633016]] ev:{} outputs y:0.45202377013745787 (n:-0.661458670863373) c:1.0
num acquisition: 81, time elapsed: 12.30s
0
z
[-0.19018985  0.11325811]
-0.19018985420175047
f inputs x:[[-0.09286614  0.05530181]] ev:{} outputs y:0.7522825281807859 (n:-0.3499153156022469) c:1.0
num acquisition: 82, time elapsed: 12.48s
0
z
[-0.19069925  0.1114077 ]
-0.1906992482879722
f inputs x:[[-0.09311487  0.05439829]] ev:{} outputs y:1.4126827700931208 (n:0.320461734603611) c:1.0
num acquisition: 83, time elapsed: 12.67s
0
z
[-0.19034262  0.11261187]
-0.19034262264871887
f inputs x:[[-0.09294073  0.05498626]] ev:{} outputs y:1.0367066309002984 (n:-0.06201557539129481) c:1.0
num acquisition: 84, time elapsed: 12.89s
0
z
[-0.19061413  0.11173723]
-0.19061412920192763
f inputs x:[[-0.09307331  0.0545592 ]] ev:{} outputs y:0.6820197188791233 (n:-0.4119587068489434) c:1.0
num acquisition: 85, time elapsed: 13.09s
0
z
[-0.19125152  0.10959695]
-0.1912515207941967
f inputs x:[[-0.09338453  0.05351414]] ev:{} outputs y:1.3992379172435048 (n:0.316663750470727) c:1.0
num acquisition: 86, time elapsed: 13.28s
0
z
[-0.1907584   0.11087328]
-0.19075839734285752
f inputs x:[[-0.09314375  0.05413734]] ev:{} outputs y:1.72490592125247 (n:0.6354353585026253) c:1.0
num acquisition: 87, time elapsed: 13.48s
0
z
[-0.18971503  0.11427823]
-0.18971502529938247
f inputs x:[[-0.09263429  0.05579992]] ev:{} outputs y:1.5990004036344478 (n:0.49099948671433447) c:1.0
num acquisition: 88, time elapsed: 13.68s
0
z
[-0.18944649  0.11612207]
-0.1894464859184091
f inputs x:[[-0.09250317  0.05670023]] ev:{} outputs y:1.3101222976313673 (n:0.19219708275861497) c:1.0
num acquisition: 89, time elapsed: 13.88s
0
z
[-0.1895554   0.11629186]
-0.1895553997704825
f inputs x:[[-0.09255635  0.05678314]] ev:{} outputs y:1.0289529240976516 (n:-0.08973151348146118) c:1.0
num acquisition: 90, time elapsed: 14.09s
0
z
[-0.18974453  0.11549307]
-0.18974452554976373
f inputs x:[[-0.09264869  0.0563931 ]] ev:{} outputs y:1.1577841880471895 (n:0.04350876907365973) c:1.0
num acquisition: 91, time elapsed: 14.28s
0
z
[-0.18987219  0.11509968]
-0.18987218864338745
f inputs x:[[-0.09271103  0.05620102]] ev:{} outputs y:1.2843219908066987 (n:0.1722480135534726) c:1.0
num acquisition: 92, time elapsed: 14.51s
0
z
[-0.18989483  0.1152081 ]
-0.18989482543879663
f inputs x:[[-0.09272208  0.05625396]] ev:{} outputs y:1.4955832654747936 (n:0.38297235817708053) c:1.0
num acquisition: 93, time elapsed: 14.72s
0
z
[-0.18974236  0.11627339]
-0.1897423602721215
f inputs x:[[-0.09264764  0.05677412]] ev:{} outputs y:0.7579792329866945 (n:-0.3603814077823563) c:1.0
num acquisition: 94, time elapsed: 14.93s
0
z
[-0.18993215  0.11493426]
-0.1899321535007341
f inputs x:[[-0.09274031  0.05612025]] ev:{} outputs y:1.354193628429556 (n:0.24305046549787324) c:1.0
num acquisition: 95, time elapsed: 15.14s
0
z
[-0.18987443  0.11534157]
-0.18987443107983606
f inputs x:[[-0.09271212  0.05631913]] ev:{} outputs y:0.9126734074453 (n:-0.20065672639737125) c:1.0
num acquisition: 96, time elapsed: 15.36s
0
z
[-0.19005548  0.11423588]
-0.19005548427790664
f inputs x:[[-0.09280053  0.05577924]] ev:{} outputs y:0.9622970409305223 (n:-0.14508475253262373) c:1.0
num acquisition: 97, time elapsed: 15.60s
0
z
[-0.19023168  0.11320843]
-0.19023167647140973
f inputs x:[[-0.09288656  0.05527755]] ev:{} outputs y:0.9772698334155743 (n:-0.12462528471341308) c:1.0
num acquisition: 98, time elapsed: 15.81s
0
z
[-0.1904073   0.11218837]
-0.19040729621206653
f inputs x:[[-0.09297231  0.05477948]] ev:{} outputs y:1.0878610135551168 (n:-0.008635057617189426) c:1.0
num acquisition: 99, time elapsed: 16.07s
0
z
[-0.19047578  0.11155439]
-0.19047577702750132
f inputs x:[[-0.09300575  0.05446992]] ev:{} outputs y:0.8944161443232395 (n:-0.19879511237744024) c:1.0
num acquisition: 100, time elapsed: 16.32s
0
z
[-0.19074437  0.11018401]
-0.1907443717042731
f inputs x:[[-0.0931369   0.05380079]] ev:{} outputs y:0.8117943772602063 (n:-0.2742475536605316) c:1.0
num acquisition: 101, time elapsed: 16.53s
0
z
[-0.19116187  0.10844181]
-0.19116186688904932
f inputs x:[[-0.09334076  0.0529501 ]] ev:{} outputs y:1.4688293453663628 (n:0.39184508370865956) c:1.0
num acquisition: 102, time elapsed: 16.74s
0
z
[-0.190503   0.1101701]
-0.19050300215711644
f inputs x:[[-0.09301904  0.05379399]] ev:{} outputs y:1.6374199572629968 (n:0.5511826957868217) c:1.0
num acquisition: 103, time elapsed: 16.98s
0
z
[-0.18984585  0.11278518]
-0.18984585427688058
f inputs x:[[-0.09269817  0.05507089]] ev:{} outputs y:1.3185995986613483 (n:0.21842411105692155) c:1.0
num acquisition: 104, time elapsed: 17.22s
0
z
[-0.18974067  0.1131462 ]
-0.18974067213504228
f inputs x:[[-0.09264681  0.05524717]] ev:{} outputs y:2.552679438785119 (n:1.4505357159570003) c:1.0
num acquisition: 105, time elapsed: 17.46s
0
z
[-0.18867186  0.12176325]
-0.1886718598518386
f inputs x:[[-0.09212493  0.05945471]] ev:{} outputs y:1.74509160422389 (n:0.5959757675131442) c:1.0
num acquisition: 106, time elapsed: 17.69s
0
z
[-0.18924103  0.12251712]
-0.18924103426410305
f inputs x:[[-0.09240285  0.05982281]] ev:{} outputs y:1.6147699848261072 (n:0.4622791767485035) c:1.0
num acquisition: 107, time elapsed: 17.95s
0
z
[-0.18959868  0.12278051]
-0.18959868432994997
f inputs x:[[-0.09257748  0.05995142]] ev:{} outputs y:1.3901316856457049 (n:0.2366716275669661) c:1.0
num acquisition: 108, time elapsed: 18.22s
0
z
[-0.18980595  0.12259595]
-0.1898059504252527
f inputs x:[[-0.09267869  0.0598613 ]] ev:{} outputs y:1.4212889230752759 (n:0.26911418614992344) c:1.0
num acquisition: 109, time elapsed: 18.50s
0
z
[-0.18997277  0.12246522]
-0.18997276798772617
f inputs x:[[-0.09276014  0.05979747]] ev:{} outputs y:0.6487798982335367 (n:-0.5024593545439808) c:1.0
num acquisition: 110, time elapsed: 18.77s
0
z
[-0.18987278  0.12213263]
-0.18987278027080345
f inputs x:[[-0.09271132  0.05963508]] ev:{} outputs y:1.2449750275675882 (n:0.09541920094716107) c:1.0
num acquisition: 111, time elapsed: 19.02s
0
z
[-0.1899807   0.12180163]
-0.18998070495899883
f inputs x:[[-0.09276402  0.05947345]] ev:{} outputs y:1.110422350020157 (n:-0.03718857387972909) c:1.0
num acquisition: 112, time elapsed: 19.30s
0
z
[-0.19004929  0.12135315]
-0.19004928765839008
f inputs x:[[-0.0927975   0.05925447]] ev:{} outputs y:0.6019310869329786 (n:-0.543153745788054) c:1.0
num acquisition: 113, time elapsed: 19.57s
0
z
[-0.19001807  0.120919  ]
-0.19001807341852392
f inputs x:[[-0.09278226  0.05904248]] ev:{} outputs y:0.9434044541655757 (n:-0.19936916545132652) c:1.0
num acquisition: 114, time elapsed: 19.84s
0
z
[-0.19007135  0.12035796]
-0.19007134527183478
f inputs x:[[-0.09280827  0.05876854]] ev:{} outputs y:1.5365257295642418 (n:0.3968504103093509) c:1.0
num acquisition: 115, time elapsed: 20.12s
0
z
[-0.19007288  0.12069496]
-0.19007288276482967
f inputs x:[[-0.09280902  0.05893309]] ev:{} outputs y:0.6847897564127892 (n:-0.4567018009114652) c:1.0
num acquisition: 116, time elapsed: 20.39s
0
z
[-0.19010164  0.12012955]
-0.19010163850945078
f inputs x:[[-0.09282307  0.05865701]] ev:{} outputs y:1.089060933252291 (n:-0.04934541782586554) c:1.0
num acquisition: 117, time elapsed: 20.65s
0
z
[-0.19015694  0.11965998]
-0.19015694443964856
f inputs x:[[-0.09285007  0.05842773]] ev:{} outputs y:0.17775619210557003 (n:-0.9580567828181233) c:1.0
num acquisition: 118, time elapsed: 20.92s
0
z
[-0.19019146  0.11947241]
-0.19019146494148736
f inputs x:[[-0.09286693  0.05833614]] ev:{} outputs y:0.6691491483790974 (n:-0.4656145379403059) c:1.0
num acquisition: 119, time elapsed: 21.16s
0
z
[-0.19031251  0.11876981]
-0.19031250768810834
f inputs x:[[-0.09292603  0.05799307]] ev:{} outputs y:0.7889963699947005 (n:-0.34186043595414417) c:1.0
num acquisition: 120, time elapsed: 21.43s
0
z
[-0.19047667  0.11801771]
-0.19047666715779812
f inputs x:[[-0.09300619  0.05762583]] ev:{} outputs y:1.7215336765375722 (n:0.5948790201050275) c:1.0
num acquisition: 121, time elapsed: 21.73s
0
z
[-0.19012442  0.11929099]
-0.19012441528617763
f inputs x:[[-0.09283419  0.05824755]] ev:{} outputs y:1.353051950833618 (n:0.21917433879687603) c:1.0
num acquisition: 122, time elapsed: 22.03s
0
z
[-0.19013195  0.11930405]
-0.1901319500299703
f inputs x:[[-0.09283787  0.05825393]] ev:{} outputs y:1.19455095872643 (n:0.060613016200763065) c:1.0
num acquisition: 123, time elapsed: 22.32s
0
z
[-0.19017374  0.11901421]
-0.1901737355968143
f inputs x:[[-0.09285827  0.05811241]] ev:{} outputs y:1.0257460112642958 (n:-0.1065896316844366) c:1.0
num acquisition: 124, time elapsed: 22.62s
0
z
[-0.1902444   0.11848735]
-0.1902444035246789
f inputs x:[[-0.09289278  0.05785515]] ev:{} outputs y:0.9066883191499292 (n:-0.22275020884886412) c:1.0
num acquisition: 125, time elapsed: 22.91s
0
z
[-0.19035155  0.11781441]
-0.19035154957618436
f inputs x:[[-0.09294509  0.05752657]] ev:{} outputs y:1.5356031967841617 (n:0.40986943496223543) c:1.0
num acquisition: 126, time elapsed: 23.20s
0
z
[-0.19016993  0.11845232]
-0.19016992681248707
f inputs x:[[-0.09285641  0.05783805]] ev:{} outputs y:1.1786223536194205 (n:0.04927675667962942) c:1.0
num acquisition: 127, time elapsed: 23.49s
0
z
[-0.19018247  0.11815059]
-0.1901824714355025
f inputs x:[[-0.09286253  0.05769072]] ev:{} outputs y:1.3432121353595958 (n:0.21548571606812372) c:1.0
num acquisition: 128, time elapsed: 23.83s
0
z
[-0.19012982  0.11820772]
-0.1901298191181478
f inputs x:[[-0.09283683  0.05771861]] ev:{} outputs y:1.6606725593577338 (n:0.5325769929614721) c:1.0
num acquisition: 129, time elapsed: 24.14s
0
z
[-0.18998477  0.11917743]
-0.1899847743721367
f inputs x:[[-0.092766    0.05819211]] ev:{} outputs y:0.5130762151537255 (n:-0.6203708591820692) c:1.0
num acquisition: 130, time elapsed: 24.45s
0
z
[-0.19003643  0.11856406]
-0.19003642937659593
f inputs x:[[-0.09279123  0.05789261]] ev:{} outputs y:1.1998907485226897 (n:0.0697828698108369) c:1.0
num acquisition: 131, time elapsed: 24.82s
0
z
[-0.19004176  0.11830441]
-0.19004176329314956
f inputs x:[[-0.09279383  0.05776582]] ev:{} outputs y:1.1587596961900974 (n:0.03004024458888157) c:1.0
num acquisition: 132, time elapsed: 25.16s
0
z
[-0.19004637  0.11797603]
-0.1900463680036278
f inputs x:[[-0.09279608  0.05760549]] ev:{} outputs y:0.8161933909259976 (n:-0.31077643697714163) c:1.0
num acquisition: 133, time elapsed: 25.47s
0
z
[-0.1901251   0.11722001]
-0.19012509989897047
f inputs x:[[-0.09283452  0.05723633]] ev:{} outputs y:1.785393522100799 (n:0.6625205845756913) c:1.0
num acquisition: 134, time elapsed: 25.77s
0
z
[-0.18989381  0.11881734]
-0.18989380983311904
f inputs x:[[-0.09272159  0.05801628]] ev:{} outputs y:0.6368567835626568 (n:-0.4947810044452992) c:1.0
num acquisition: 135, time elapsed: 26.10s
0
z
[-0.18992631  0.11812943]
-0.18992631475944854
f inputs x:[[-0.09273746  0.05768039]] ev:{} outputs y:0.9194802845431743 (n:-0.20845346763306236) c:1.0
num acquisition: 136, time elapsed: 26.43s
0
z
[-0.18996191  0.11749038]
-0.18996191422287298
f inputs x:[[-0.09275484  0.05736835]] ev:{} outputs y:0.8831407617155619 (n:-0.24136157641520364) c:1.0
num acquisition: 137, time elapsed: 26.79s
0
z
[-0.19001666  0.11677352]
-0.19001665952183808
f inputs x:[[-0.09278157  0.05701832]] ev:{} outputs y:0.43228045625023115 (n:-0.6883735236705688) c:1.0
num acquisition: 138, time elapsed: 27.12s
0
z
[-0.19023857  0.11577665]
-0.19023857157231147
f inputs x:[[-0.09288993  0.05653157]] ev:{} outputs y:0.560480437173859 (n:-0.5546807953066153) c:1.0
num acquisition: 139, time elapsed: 27.45s
0
z
[-0.19054237  0.11462477]
-0.19054236594547028
f inputs x:[[-0.09303826  0.05596913]] ev:{} outputs y:0.7602568806887013 (n:-0.3485591571153248) c:1.0
num acquisition: 140, time elapsed: 27.81s
0
z
[-0.19083877  0.11352253]
-0.19083877422288145
f inputs x:[[-0.093183    0.05543092]] ev:{} outputs y:1.6104369690758755 (n:0.5076382236808599) c:1.0
num acquisition: 141, time elapsed: 28.17s
0
z
[-0.19027467  0.1150381 ]
-0.19027467425478017
f inputs x:[[-0.09290756  0.05617095]] ev:{} outputs y:1.0948199353345673 (n:-0.01645456427236605) c:1.0
num acquisition: 142, time elapsed: 28.53s
0
z
[-0.19028637  0.11462352]
-0.19028636911124636
f inputs x:[[-0.09291327  0.05596852]] ev:{} outputs y:1.1226966379608636 (n:0.013584028065181934) c:1.0
num acquisition: 143, time elapsed: 28.89s
0
z
[-0.19027329  0.11427871]
-0.1902732908261449
f inputs x:[[-0.09290688  0.05580015]] ev:{} outputs y:1.1824613190442046 (n:0.07511469609556655) c:1.0
num acquisition: 144, time elapsed: 29.21s
0
z
[-0.19021445  0.11410588]
-0.19021444864251802
f inputs x:[[-0.09287815  0.05571576]] ev:{} outputs y:0.5307184729171321 (n:-0.5758060126297262) c:1.0
num acquisition: 145, time elapsed: 29.57s
0
z
[-0.19058862  0.11269015]
-0.1905886157515842
f inputs x:[[-0.09306085  0.05502449]] ev:{} outputs y:0.38797761050341517 (n:-0.7108612461588812) c:1.0
num acquisition: 146, time elapsed: 29.93s
0
z
[-0.19130309  0.11090271]
-0.1913030907874928
f inputs x:[[-0.09340971  0.05415171]] ev:{} outputs y:0.676475628950056 (n:-0.41253699842258335) c:1.0
num acquisition: 147, time elapsed: 30.32s
0
z
[-0.19196566  0.109256  ]
-0.1919656594131533
f inputs x:[[-0.09373323  0.05334766]] ev:{} outputs y:0.35544428540812756 (n:-0.7246758052306185) c:1.0
num acquisition: 148, time elapsed: 30.66s
0
z
[-0.1935015   0.10672654]
-0.19350150237713562
f inputs x:[[-0.09448316  0.05211257]] ev:{} outputs y:0.4359037973350883 (n:-0.6303468230768343) c:1.0
num acquisition: 149, time elapsed: 31.04s
0
z
[-0.1955547   0.10386985]
-0.19555470083436707
f inputs x:[[-0.09548569  0.0507177 ]] ev:{} outputs y:1.491134864528949 (n:0.4402932294276597) c:1.0
num acquisition: 150, time elapsed: 31.43s
0
z
[-0.19366694  0.10607772]
-0.19366694334531326
f inputs x:[[-0.09456394  0.05179576]] ev:{} outputs y:0.47602735183315403 (n:-0.5869704543666813) c:1.0
num acquisition: 151, time elapsed: 31.80s
0
z
[-0.19562824  0.10326134]
-0.19562824445562074
f inputs x:[[-0.0955216   0.05042058]] ev:{} outputs y:0.4597513417251662 (n:-0.5882372690558404) c:1.0
num acquisition: 152, time elapsed: 32.17s
0
z
[-0.19840792  0.0998975 ]
-0.1984079205260926
f inputs x:[[-0.09687887  0.04877807]] ev:{} outputs y:1.096424147317056 (n:0.06587967228703853) c:1.0
num acquisition: 153, time elapsed: 32.53s
0
z
[-0.19828998  0.09960957]
-0.19828998237873233
f inputs x:[[-0.09682128  0.04863748]] ev:{} outputs y:0.8651000888070628 (n:-0.16430328336890776) c:1.0
num acquisition: 154, time elapsed: 32.91s
0
z
[-0.19959307  0.09779408]
-0.19959306700599197
f inputs x:[[-0.09745755  0.04775101]] ev:{} outputs y:1.3269319485418976 (n:0.306309576442673) c:1.0
num acquisition: 155, time elapsed: 33.30s
0
z
[-0.19781076  0.09937787]
-0.19781075883435345
f inputs x:[[-0.09658728  0.04852435]] ev:{} outputs y:0.6839008912718759 (n:-0.3449118131965082) c:1.0
num acquisition: 156, time elapsed: 33.69s
0
z
[-0.20005927  0.09650551]
-0.20005926553080106
f inputs x:[[-0.09768519  0.04712183]] ev:{} outputs y:0.9098002168270236 (n:-0.10512666304702084) c:1.0
num acquisition: 157, time elapsed: 34.12s
0
z
[-0.20120733  0.09484403]
-0.20120733232674465
f inputs x:[[-0.09824577  0.04631056]] ev:{} outputs y:1.4982584655600852 (n:0.49088609531293526) c:1.0
num acquisition: 158, time elapsed: 34.54s
0
z
[-0.19781136  0.09830981]
-0.19781135528445837
f inputs x:[[-0.09658758  0.04800284]] ev:{} outputs y:1.0206594741403188 (n:-0.0035829903326554686) c:1.0
num acquisition: 159, time elapsed: 34.98s
0
z
[-0.19810049  0.09750824]
-0.19810049252688733
f inputs x:[[-0.09672876  0.04761144]] ev:{} outputs y:-0.23467097494668065 (n:-1.255292606871508) c:1.0
num acquisition: 160, time elapsed: 35.38s
0
z
[-0.20525554  0.09076048]
-0.2052555363338815
f inputs x:[[-0.10022243  0.04431664]] ev:{} outputs y:0.03475071901435112 (n:-0.9544688172435323) c:1.0
num acquisition: 161, time elapsed: 35.76s
0
z
[-0.21449802  0.08275627]
-0.21449802210777227
f inputs x:[[-0.10473536  0.04040833]] ev:{} outputs y:0.23684139037772256 (n:-0.7225236443241561) c:1.0
num acquisition: 162, time elapsed: 36.19s
0
z
[-0.2249911   0.07378441]
-0.22499110184784146
f inputs x:[[-0.10985894  0.03602754]] ev:{} outputs y:0.6075473749361512 (n:-0.33021422389364885) c:1.0
num acquisition: 163, time elapsed: 36.58s
0
z
[-0.23209265  0.06711824]
-0.23209264842981533
f inputs x:[[-0.11332649  0.03277258]] ev:{} outputs y:0.8224361916480949 (n:-0.10799876742596513) c:1.0
num acquisition: 164, time elapsed: 36.99s
0
z
[-0.23566183  0.06326896]
-0.2356618274387642
f inputs x:[[-0.11506925  0.03089305]] ev:{} outputs y:1.0183809256708007 (n:0.0890400166201231) c:1.0
num acquisition: 165, time elapsed: 37.38s
0
z
[-0.23536455  0.06309883]
-0.2353645499818299
f inputs x:[[-0.1149241   0.03080998]] ev:{} outputs y:0.3806801292106491 (n:-0.5483523649407472) c:1.0
num acquisition: 166, time elapsed: 37.80s
0
z
[-0.24604077  0.05124922]
-0.24604077409561387
f inputs x:[[-0.1201371   0.02502403]] ev:{} outputs y:0.5426204154208196 (n:-0.39787194550454213) c:1.0
num acquisition: 167, time elapsed: 38.23s
0
z
[-0.25359006  0.04003851]
-0.2535900638886245
f inputs x:[[-0.12382327  0.01955005]] ev:{} outputs y:0.887863347054736 (n:-0.07926819615376555) c:1.0
num acquisition: 168, time elapsed: 38.66s
0
z
[ 2.048 -2.048]
2.048
f inputs x:[[ 1. -1.]] ev:{} outputs y:7.461507032417699 (n:-0.8069001897998431) c:1.0
num acquisition: 169, time elapsed: 39.14s
0
z
[-0.2568412   0.04928825]
-0.2568412038116999
f inputs x:[[-0.12541074  0.02406653]] ev:{} outputs y:0.014770178544009749 (n:-0.9436099314994981) c:1.0
num acquisition: 170, time elapsed: 39.60s
0
z
[-0.27181481  0.02557901]
-0.27181480691026355
f inputs x:[[-0.13272207  0.01248975]] ev:{} outputs y:0.6089736836701145 (n:-0.4386411308589619) c:1.0
num acquisition: 171, time elapsed: 40.10s
0
z
[-0.27414267  0.01461673]
-0.2741426668403808
f inputs x:[[-0.13385872  0.00713707]] ev:{} outputs y:0.583819470989842 (n:-0.511426526339824) c:1.0
num acquisition: 172, time elapsed: 40.61s
0
z
[-0.27470256  0.00433312]
-0.27470255782049663
f inputs x:[[-0.13413211  0.00211578]] ev:{} outputs y:1.5356413389400583 (n:0.39435559454155567) c:1.0
num acquisition: 173, time elapsed: 41.05s
0
z
[-0.27172904  0.03348236]
-0.2717290377866173
f inputs x:[[-0.13268019  0.01634881]] ev:{} outputs y:1.1183575747554126 (n:0.09585564579425848) c:1.0
num acquisition: 174, time elapsed: 41.55s
0
z
[-0.26868233  0.03787946]
-0.2686823257117966
f inputs x:[[-0.13119254  0.01849583]] ev:{} outputs y:1.4172248068525821 (n:0.41392094587553546) c:1.0
num acquisition: 175, time elapsed: 42.02s
0
z
[-0.26227861  0.04671879]
-0.2622786092126021
f inputs x:[[-0.12806573  0.02281191]] ev:{} outputs y:2.150923385998891 (n:1.1793639390871082) c:1.0
num acquisition: 176, time elapsed: 42.46s
0
z
[-0.2460696  0.0646411]
-0.24606960331134886
f inputs x:[[-0.12015117  0.03156304]] ev:{} outputs y:1.0773347442592713 (n:0.1395318807928386) c:1.0
num acquisition: 177, time elapsed: 42.96s
0
z
[-0.24496139  0.06498505]
-0.24496138575750956
f inputs x:[[-0.11961005  0.03173098]] ev:{} outputs y:0.5892309357423925 (n:-0.34780623720082315) c:1.0
num acquisition: 178, time elapsed: 43.46s
0
z
[-0.24931206  0.06139448]
-0.24931206287199217
f inputs x:[[-0.12173441  0.02997777]] ev:{} outputs y:0.4192427686713134 (n:-0.5210920530035514) c:1.0
num acquisition: 179, time elapsed: 43.92s
0
z
[-0.25538966  0.05647204]
-0.25538965606173336
f inputs x:[[-0.12470198  0.02757424]] ev:{} outputs y:1.1776920616414528 (n:0.22848403518144503) c:1.0
num acquisition: 180, time elapsed: 44.46s
0
z
[-0.25282407  0.05814474]
-0.25282406695452925
f inputs x:[[-0.12344925  0.02839098]] ev:{} outputs y:1.354699397579739 (n:0.40966436210955326) c:1.0
num acquisition: 181, time elapsed: 44.95s
0
z
[-0.24855789  0.06139689]
-0.24855789413138224
f inputs x:[[-0.12136616  0.02997895]] ev:{} outputs y:1.937829070353147 (n:0.9982470697127247) c:1.0
num acquisition: 182, time elapsed: 45.42s
0
z
[-0.23860067  0.07016053]
-0.23860067368073365
f inputs x:[[-0.11650424  0.03425807]] ev:{} outputs y:0.5254210038212526 (n:-0.411313550464501) c:1.0
num acquisition: 183, time elapsed: 45.96s
0
z
[-0.24278262  0.06693629]
-0.24278261841381651
f inputs x:[[-0.1185462   0.03268374]] ev:{} outputs y:0.7392951357557298 (n:-0.19715003310348228) c:1.0
num acquisition: 184, time elapsed: 46.46s
0
z
[-0.24503471  0.06486442]
-0.24503471381122358
f inputs x:[[-0.11964586  0.03167208]] ev:{} outputs y:1.770620400085063 (n:0.8335718119932258) c:1.0
num acquisition: 185, time elapsed: 46.96s
0
z
[-0.23765275  0.07088015]
-0.23765274981372933
f inputs x:[[-0.11604138  0.03460945]] ev:{} outputs y:1.3238870836961645 (n:0.3868043543251294) c:1.0
num acquisition: 186, time elapsed: 47.51s
0
z
[-0.23493932  0.07259678]
-0.2349393200381731
f inputs x:[[-0.11471646  0.03544765]] ev:{} outputs y:0.4017233179903593 (n:-0.5364667260428357) c:1.0
num acquisition: 187, time elapsed: 48.06s
0
z
[-0.23955594  0.06916885]
-0.23955594393291585
f inputs x:[[-0.11697068  0.03377385]] ev:{} outputs y:0.8041521321939271 (n:-0.13209024682102802) c:1.0
num acquisition: 188, time elapsed: 48.58s
0
z
[-0.24105766  0.0676282 ]
-0.2410576617929499
f inputs x:[[-0.11770394  0.03302158]] ev:{} outputs y:0.6715383004781947 (n:-0.2642750257092617) c:1.0
num acquisition: 189, time elapsed: 49.10s
0
z
[-0.24358374  0.06534498]
-0.24358374215479758
f inputs x:[[-0.11893737  0.03190673]] ev:{} outputs y:1.2789831889068952 (n:0.3428447869948762) c:1.0
num acquisition: 190, time elapsed: 49.62s
0
z
[-0.24112096  0.06696309]
-0.2411209604048519
f inputs x:[[-0.11773484  0.03269682]] ev:{} outputs y:0.24624812924541772 (n:-0.6891262002785279) c:1.0
num acquisition: 191, time elapsed: 50.13s
0
z
[-0.24684067  0.06270894]
-0.24684067269313917
f inputs x:[[-0.12052767  0.0306196 ]] ev:{} outputs y:1.737406400588545 (n:0.79938235269934) c:1.0
num acquisition: 192, time elapsed: 50.68s
0
z
[-0.24063245  0.06807613]
-0.24063245110571016
f inputs x:[[-0.11749631  0.0332403 ]] ev:{} outputs y:1.0208044454458471 (n:0.08490084594652972) c:1.0
num acquisition: 193, time elapsed: 51.23s
0
z
[-0.2403373   0.06785069]
-0.24033729555853497
f inputs x:[[-0.1173522   0.03313022]] ev:{} outputs y:0.02921734775605145 (n:-0.9063326262722765) c:1.0
num acquisition: 194, time elapsed: 51.79s
0
z
[-0.24740524  0.0631888 ]
-0.24740523579818588
f inputs x:[[-0.12080334  0.03085391]] ev:{} outputs y:-0.20841830192413147 (n:-1.1470228758348677) c:1.0
num acquisition: 195, time elapsed: 52.34s
0
z
[-0.25701244  0.05760731]
-0.2570124367444239
f inputs x:[[-0.12549435  0.02812857]] ev:{} outputs y:0.9157771144845684 (n:-0.03480577022967712) c:1.0
num acquisition: 196, time elapsed: 52.90s
0
z
[-0.25722647  0.05700142]
-0.2572264678716263
f inputs x:[[-0.12559886  0.02783272]] ev:{} outputs y:0.8742688204297897 (n:-0.07700919616474916) c:1.0
num acquisition: 197, time elapsed: 53.47s
0
z
[-0.25775788  0.05616201]
-0.25775787819135715
f inputs x:[[-0.12585834  0.02742286]] ev:{} outputs y:1.792175985137932 (n:0.839546849070854) c:1.0
num acquisition: 198, time elapsed: 54.14s
0
z
[-0.25081844  0.06178921]
-0.25081843666229886
f inputs x:[[-0.12246994  0.03017051]] ev:{} outputs y:0.9310054299548902 (n:-0.010825303325347736) c:1.0
num acquisition: 199, time elapsed: 54.71s
0
z
[-0.25099403  0.06121945]
-0.2509940253891847
f inputs x:[[-0.12255568  0.02989231]] ev:{} outputs y:0.49954608675548157 (n:-0.44253026973988857) c:1.0
num acquisition: 200, time elapsed: 55.32s
0
z
[-0.25440508  0.05858835]
-0.2544050771416567
f inputs x:[[-0.12422123  0.02860759]] ev:{} outputs y:0.7232301294970915 (n:-0.2235099573156471) c:1.0
num acquisition: 201, time elapsed: 55.89s
0
z
[-0.25604247  0.05699521]
-0.256042468542912
f inputs x:[[-0.12502074  0.02782969]] ev:{} outputs y:1.6798976401053132 (n:0.7301820428934915) c:1.0
num acquisition: 202, time elapsed: 56.53s
0
z
[-0.25070905  0.06135703]
-0.2507090549031257
f inputs x:[[-0.12241653  0.02995949]] ev:{} outputs y:1.144209547035964 (n:0.20244697873474402) c:1.0
num acquisition: 203, time elapsed: 57.09s
0
z
[-0.24937073  0.0619466 ]
-0.24937073185555103
f inputs x:[[-0.12176305  0.03024737]] ev:{} outputs y:1.0866656854650663 (n:0.14629406161843414) c:1.0
num acquisition: 204, time elapsed: 57.69s
0
z
[-0.24847605  0.06219979]
-0.2484760474421057
f inputs x:[[-0.1213262   0.03037099]] ev:{} outputs y:1.5839468198681081 (n:0.6444422073177596) c:1.0
num acquisition: 205, time elapsed: 58.29s
0
z
[-0.24460743  0.06539633]
-0.24460742626441065
f inputs x:[[-0.11943722  0.0319318 ]] ev:{} outputs y:1.8449323201115138 (n:0.9079989468794296) c:1.0
num acquisition: 206, time elapsed: 58.88s
0
z
[-0.23957189  0.0699858 ]
-0.23957188791852885
f inputs x:[[-0.11697846  0.03417275]] ev:{} outputs y:0.8264250595155825 (n:-0.11060592785589442) c:1.0
num acquisition: 207, time elapsed: 59.47s
0
z
[-0.2404047   0.06898555]
-0.24040470048798737
f inputs x:[[-0.11738511  0.03368435]] ev:{} outputs y:0.693019950986408 (n:-0.24351564767847497) c:1.0
num acquisition: 208, time elapsed: 60.13s
0
z
[-0.24195932  0.06748195]
-0.24195932199041315
f inputs x:[[-0.1181442   0.03295017]] ev:{} outputs y:1.1567837669373695 (n:0.22051352362640636) c:1.0
num acquisition: 209, time elapsed: 60.72s
0
z
[-0.24092272  0.06792346]
-0.24092271814756197
f inputs x:[[-0.11763805  0.03316575]] ev:{} outputs y:1.3294666614460593 (n:0.3935105510312529) c:1.0
num acquisition: 210, time elapsed: 61.31s
0
z
[-0.23906363  0.0692055 ]
-0.23906362855772578
f inputs x:[[-0.11673029  0.03379175]] ev:{} outputs y:1.3748343848941071 (n:0.4388160194949408) c:1.0
num acquisition: 211, time elapsed: 61.87s
0
z
[-0.23710859  0.0706603 ]
-0.23710858558005576
f inputs x:[[-0.11577568  0.0345021 ]] ev:{} outputs y:1.2014118805092873 (n:0.26481336441796643) c:1.0
num acquisition: 212, time elapsed: 62.51s
0
z
[-0.23605351  0.07121828]
-0.23605350691608626
f inputs x:[[-0.1152605   0.03477455]] ev:{} outputs y:0.48737592799243534 (n:-0.44944032065681916) c:1.0
num acquisition: 213, time elapsed: 63.07s
0
z
[-0.23833794  0.06911983]
-0.23833793539487258
f inputs x:[[-0.11637595  0.03374992]] ev:{} outputs y:1.2827424754250452 (n:0.3471800737137693) c:1.0
num acquisition: 214, time elapsed: 63.67s
0
z
[-0.23692001  0.07010704]
-0.23692001495223333
f inputs x:[[-0.1156836   0.03423195]] ev:{} outputs y:0.856914464323588 (n:-0.07898429764464077) c:1.0
num acquisition: 215, time elapsed: 64.29s
0
z
[-0.23741193  0.06923077]
-0.23741192821170773
f inputs x:[[-0.11592379  0.03380409]] ev:{} outputs y:1.1085308910817706 (n:0.1733231876585407) c:1.0
num acquisition: 216, time elapsed: 64.93s
0
z
[-0.23679962  0.06940104]
-0.23679961549071302
f inputs x:[[-0.11562481  0.03388722]] ev:{} outputs y:1.8079290557162837 (n:0.8728424289134704) c:1.0
num acquisition: 217, time elapsed: 65.59s
0
z
[-0.23361112  0.07322865]
-0.2336111217914065
f inputs x:[[-0.11406793  0.03575617]] ev:{} outputs y:0.7116050175401789 (n:-0.22707143391896578) c:1.0
num acquisition: 218, time elapsed: 66.25s
0
z
[-0.23469308  0.07193657]
-0.234693075784395
f inputs x:[[-0.11459623  0.03512528]] ev:{} outputs y:1.940177479056791 (n:1.0029559084555044) c:1.0
num acquisition: 219, time elapsed: 66.94s
0
z
[-0.23117894  0.07612838]
-0.2311789417151615
f inputs x:[[-0.11288034  0.03717206]] ev:{} outputs y:0.8591091971797439 (n:-0.08373038539171321) c:1.0
num acquisition: 220, time elapsed: 67.62s
0
z
[-0.23165976  0.07536748]
-0.23165976060918944
f inputs x:[[-0.11311512  0.03680053]] ev:{} outputs y:1.2797252484989767 (n:0.3381254618926688) c:1.0
num acquisition: 221, time elapsed: 68.29s
0
z
[-0.23057468  0.07605344]
-0.2305746846133165
f inputs x:[[-0.1125853   0.03713547]] ev:{} outputs y:1.1702635963458112 (n:0.22764117372141052) c:1.0
num acquisition: 222, time elapsed: 69.03s
0
z
[-0.22991867  0.07631188]
-0.22991866613490455
f inputs x:[[-0.11226497  0.03726166]] ev:{} outputs y:0.8407665114112148 (n:-0.10223891397984383) c:1.0
num acquisition: 223, time elapsed: 69.73s
0
z
[-0.2304004   0.07548683]
-0.2304004006655615
f inputs x:[[-0.1125002  0.0368588]] ev:{} outputs y:1.1001594499297085 (n:0.15856272795787762) c:1.0
num acquisition: 224, time elapsed: 70.43s
0
z
[-0.22999347  0.07550567]
-0.22999347203517725
f inputs x:[[-0.1123015  0.036868 ]] ev:{} outputs y:1.2425814800695911 (n:0.3010132740274024) c:1.0
num acquisition: 225, time elapsed: 71.16s
0
z
[-0.22916483  0.07605883]
-0.22916483329378562
f inputs x:[[-0.11189689  0.0371381 ]] ev:{} outputs y:1.2452747516006197 (n:0.30282118733230795) c:1.0
num acquisition: 226, time elapsed: 71.86s
0
z
[-0.22836903  0.07660724]
-0.22836902998146502
f inputs x:[[-0.11150832  0.03740588]] ev:{} outputs y:-0.010618542183186253 (n:-0.9540162691471056) c:1.0
num acquisition: 227, time elapsed: 72.59s
0
z
[-0.23172375  0.07402089]
-0.23172374607863808
f inputs x:[[-0.11314636  0.03614301]] ev:{} outputs y:0.5159050527476765 (n:-0.42349809467388627) c:1.0
num acquisition: 228, time elapsed: 73.34s
0
z
[-0.23334336  0.07229134]
-0.2333433640309355
f inputs x:[[-0.11393719  0.03529851]] ev:{} outputs y:1.4325520659616118 (n:0.4952945530065164) c:1.0
num acquisition: 229, time elapsed: 74.21s
0
z
[-0.23184564  0.07373638]
-0.23184564293593166
f inputs x:[[-0.11320588  0.03600409]] ev:{} outputs y:0.822929181528075 (n:-0.11605397343169113) c:1.0
num acquisition: 230, time elapsed: 74.98s
0
z
[-0.23233053  0.07285379]
-0.23233053209920002
f inputs x:[[-0.11344264  0.03557314]] ev:{} outputs y:0.32753910046419066 (n:-0.6102273989518999) c:1.0
num acquisition: 231, time elapsed: 75.79s
0
z
[-0.23458011  0.07064128]
-0.23458010563502796
f inputs x:[[-0.11454107  0.03449281]] ev:{} outputs y:0.06740494346442971 (n:-0.8681259213933746) c:1.0
num acquisition: 232, time elapsed: 76.53s
0
z
[-0.23800437  0.06778704]
-0.23800437200924895
f inputs x:[[-0.11621307  0.03309914]] ev:{} outputs y:0.9696406950986209 (n:0.03548375307881496) c:1.0
num acquisition: 233, time elapsed: 77.30s
0
z
[-0.23793869  0.06741172]
-0.23793868841954635
f inputs x:[[-0.116181    0.03291588]] ev:{} outputs y:1.2714842443947647 (n:0.3376878342898601) c:1.0
num acquisition: 234, time elapsed: 78.15s
0
z
[-0.2368512   0.06830842]
-0.23685120329450804
f inputs x:[[-0.11565     0.03335372]] ev:{} outputs y:1.0839006519576762 (n:0.14988429750873244) c:1.0
num acquisition: 235, time elapsed: 78.95s
0
z
[-0.23640496  0.06837612]
-0.2364049648647056
f inputs x:[[-0.11543211  0.03338678]] ev:{} outputs y:1.4888034977148923 (n:0.5549501819212228) c:1.0
num acquisition: 236, time elapsed: 79.74s
0
z
[-0.23479332  0.07024762]
-0.23479331786213878
f inputs x:[[-0.11464517  0.0343006 ]] ev:{} outputs y:0.7457751457520085 (n:-0.18936682808970304) c:1.0
num acquisition: 237, time elapsed: 80.56s
0
z
[-0.23547436  0.06911677]
-0.2354743587630333
f inputs x:[[-0.11497771  0.03374842]] ev:{} outputs y:1.7962109141489218 (n:0.8620488495553223) c:1.0
num acquisition: 238, time elapsed: 81.44s
0
z
[-0.23319493  0.07246462]
-0.2331949346685342
f inputs x:[[-0.11386471  0.03538311]] ev:{} outputs y:0.5330214567934692 (n:-0.40443392477366136) c:1.0
num acquisition: 239, time elapsed: 82.27s
0
z
[-0.23462102  0.0708795 ]
-0.23462101701978746
f inputs x:[[-0.11456104  0.03460913]] ev:{} outputs y:1.131461164690197 (n:0.1956204728355864) c:1.0
num acquisition: 240, time elapsed: 83.10s
0
z
[-0.23408079  0.07107347]
-0.23408078861643766
f inputs x:[[-0.11429726  0.03470384]] ev:{} outputs y:0.6779212679934431 (n:-0.2579595636636438) c:1.0
num acquisition: 241, time elapsed: 83.97s
0
z
[-0.2349591   0.06980657]
-0.23495910152428387
f inputs x:[[-0.11472612  0.03408524]] ev:{} outputs y:0.6549276848685344 (n:-0.2797695201956138) c:1.0
num acquisition: 242, time elapsed: 84.90s
0
z
[-0.23588716  0.06843324]
-0.23588716227593043
f inputs x:[[-0.11517928  0.03341467]] ev:{} outputs y:0.935569926933177 (n:0.0019200466918935578) c:1.0
num acquisition: 243, time elapsed: 85.77s
0
z
[-0.23590522  0.06794031]
-0.23590522443105436
f inputs x:[[-0.1151881   0.03317398]] ev:{} outputs y:0.17024289555654015 (n:-0.7629300336052707) c:1.0
num acquisition: 244, time elapsed: 86.60s
0
z
[-0.23844878  0.06522577]
-0.2384487756630006
f inputs x:[[-0.11643007  0.03184852]] ev:{} outputs y:0.0978246400436511 (n:-0.8346376762652516) c:1.0
num acquisition: 245, time elapsed: 87.44s
[-0.09672876  0.04761144]
