INFO:GP:initializing Y
INFO:GP:initializing inference method
INFO:GP:adding kernel and likelihood as parameters
removed robo import in opts.py l17 due to theano errors
0
z
[1.26957059 1.44183099]
1.2695705852001733
f inputs x:[[0.61990751 0.70401904]] ev:{} outputs y:1.0791981164123718 (n:-0.2975348538499707) c:1.0
0
z
[ 1.52313284 -1.76004823]
1.5231328362546328
f inputs x:[[ 0.74371721 -0.85939855]] ev:{} outputs y:7.8854155551021865 (n:0.46729543400097834) c:1.0
0
z
[-0.34875927  1.48848304]
-0.34875927381927296
f inputs x:[[-0.17029261  0.72679836]] ev:{} outputs y:4.906837989182202 (n:-0.3383267064743407) c:1.0
0
z
[ 0.17820394 -0.76277841]
0.1782039415295303
f inputs x:[[ 0.08701364 -0.3724504 ]] ev:{} outputs y:4.160174202069267 (n:-0.011192272236104781) c:1.0
0
z
[ 1.68184052 -0.88506667]
1.6818405206701146
f inputs x:[[ 0.82121119 -0.43216146]] ev:{} outputs y:6.490985804222814 (n:-0.7392787240050718) c:1.0
0
z
[1.70052117 1.68104386]
1.700521170284821
f inputs x:[[0.8303326 0.8208222]] ev:{} outputs y:4.9400499564410545 (n:-0.05768281164066273) c:1.0
num acquisition: 1, time elapsed: 0.15s
0
z
[-0.3274293  -0.07218015]
-0.32742929816144717
f inputs x:[[-0.15987759 -0.03524422]] ev:{} outputs y:1.5306609904472224 (n:-0.2577845519175981) c:1.0
num acquisition: 2, time elapsed: 0.23s
0
z
[-0.34258197 -0.03994497]
-0.34258196966579507
f inputs x:[[-0.16727635 -0.01950438]] ev:{} outputs y:2.0752342069772856 (n:0.4118599178270653) c:1.0
num acquisition: 3, time elapsed: 0.34s
0
z
[-0.27019015 -0.19413339]
-0.2701901489891702
f inputs x:[[-0.13192878 -0.09479169]] ev:{} outputs y:1.8868684957080983 (n:-0.390352925890685) c:1.0
num acquisition: 4, time elapsed: 0.57s
0
z
[1.03964436 1.28923549]
1.039644360510093
f inputs x:[[0.50763885 0.62950952]] ev:{} outputs y:1.7947087658520138 (n:0.11881110265581463) c:1.0
num acquisition: 5, time elapsed: 0.69s
0
z
[1.05696474 1.6402629 ]
1.0569647444246333
f inputs x:[[0.51609607 0.80090962]] ev:{} outputs y:4.191873634340854 (n:0.8467037053555688) c:1.0
num acquisition: 6, time elapsed: 0.85s
0
z
[1.29475072 1.27177577]
1.2947507240406313
f inputs x:[[0.6322025  0.62098426]] ev:{} outputs y:3.140454242541935 (n:0.2806968551754166) c:1.0
num acquisition: 7, time elapsed: 0.98s
0
z
[1.1700805 1.4147032]
1.170080500115441
f inputs x:[[0.57132837 0.69077305]] ev:{} outputs y:0.2967105001564607 (n:0.0840225169813412) c:1.0
num acquisition: 8, time elapsed: 1.13s
0
z
[1.17025437 1.46850246]
1.170254374403282
f inputs x:[[0.57141327 0.71704222]] ev:{} outputs y:0.7823763717484097 (n:0.08462563766534272) c:1.0
num acquisition: 9, time elapsed: 1.29s
0
z
[-0.5155416  -0.23162048]
-0.5155415965183765
f inputs x:[[-0.2517293  -0.11309594]] ev:{} outputs y:2.7011124803962367 (n:-0.6324447767894348) c:1.0
num acquisition: 10, time elapsed: 1.45s
0
z
[-0.07251211 -0.02320314]
-0.07251210511409023
f inputs x:[[-0.0354063  -0.01132966]] ev:{} outputs y:0.13925412744647325 (n:-0.6633239170920904) c:1.0
num acquisition: 11, time elapsed: 1.60s
0
z
[0.0711752 0.0416013]
0.0711751978208661
f inputs x:[[0.03475351 0.02031313]] ev:{} outputs y:0.6234340444591624 (n:-0.06781081970681666) c:1.0
num acquisition: 12, time elapsed: 1.76s
0
z
[-0.07571567  0.13958931]
-0.07571566603568637
f inputs x:[[-0.03697054  0.06815884]] ev:{} outputs y:0.9273501528806138 (n:-0.44609176048401017) c:1.0
num acquisition: 13, time elapsed: 1.94s
0
z
[ 0.0603604 -0.1565331]
0.06036039664075052
f inputs x:[[ 0.02947285 -0.07643218]] ev:{} outputs y:1.5211395664751541 (n:0.02855618003803632) c:1.0
num acquisition: 14, time elapsed: 2.13s
0
z
[0.38553838 0.33183322]
0.38553838126079953
f inputs x:[[0.18825116 0.16202794]] ev:{} outputs y:1.894592499756398 (n:0.33991819952359403) c:1.0
num acquisition: 15, time elapsed: 2.30s
0
z
[0.80260989 0.04570004]
0.802609894393393
f inputs x:[[0.39189936 0.02231447]] ev:{} outputs y:3.467415514960961 (n:-0.1396328938148347) c:1.0
num acquisition: 16, time elapsed: 2.45s
0
z
[0.09026652 0.62599041]
0.090266524198423
f inputs x:[[0.04407545 0.30565938]] ev:{} outputs y:3.853089856243073 (n:0.16419706693781574) c:1.0
num acquisition: 17, time elapsed: 2.58s
0
z
[-1.9531769  -1.86421909]
-1.9531769028729096
f inputs x:[[-0.95369966 -0.91026323]] ev:{} outputs y:7.850294605821504 (n:-0.2314774335890016) c:1.0
num acquisition: 18, time elapsed: 2.68s
0
z
[-2.048  2.048]
-2.048
f inputs x:[[-1.  1.]] ev:{} outputs y:6.374071445657237 (n:0.2193144394642463) c:1.0
num acquisition: 19, time elapsed: 2.79s
0
z
[-2.048       0.10146218]
-2.048
f inputs x:[[-1.          0.04954208]] ev:{} outputs y:7.681957190895876 (n:0.2521837278248936) c:1.0
num acquisition: 20, time elapsed: 2.89s
0
z
[-0.26003801 -2.048     ]
-0.2600380086985887
f inputs x:[[-0.12697168 -1.        ]] ev:{} outputs y:6.145641928562988 (n:0.03601131872111789) c:1.0
num acquisition: 21, time elapsed: 2.99s
0
z
[-0.9994694  -0.79157608]
-0.9994693969462422
f inputs x:[[-0.48802217 -0.38651176]] ev:{} outputs y:6.015391589673816 (n:0.22974550832628413) c:1.0
num acquisition: 22, time elapsed: 3.11s
0
z
[-0.05639366  0.00277167]
-0.05639365730665196
f inputs x:[[-0.02753597  0.00135336]] ev:{} outputs y:0.6706268975843656 (n:-0.07889317418288315) c:1.0
num acquisition: 23, time elapsed: 3.23s
0
z
[2.048      0.27127947]
2.048
f inputs x:[[1.         0.13246068]] ev:{} outputs y:7.337674062096936 (n:-0.00258444456568283) c:1.0
num acquisition: 24, time elapsed: 3.33s
0
z
[-1.25445774  1.03395062]
-1.254457744432707
f inputs x:[[-0.6125282  0.5048587]] ev:{} outputs y:3.099578625246094 (n:-0.46179859714523547) c:1.0
num acquisition: 25, time elapsed: 3.47s
0
z
[-0.0849352  -0.02126355]
-0.08493519972655529
f inputs x:[[-0.04147227 -0.01038259]] ev:{} outputs y:1.1412548426005262 (n:0.32669504911881286) c:1.0
num acquisition: 26, time elapsed: 3.60s
0
z
[0.01166874 0.04720231]
0.011668743634140367
f inputs x:[[0.00569763 0.02304801]] ev:{} outputs y:0.9752114908601036 (n:0.18751761803106246) c:1.0
num acquisition: 27, time elapsed: 3.76s
0
z
[0.28563202 0.05708654]
0.2856320158836348
f inputs x:[[0.13946876 0.02787429]] ev:{} outputs y:0.2242481153315498 (n:-0.22704546057596992) c:1.0
num acquisition: 28, time elapsed: 3.86s
0
z
[ 0.35657756 -0.01303481]
0.35657756437553606
f inputs x:[[ 0.17411014 -0.00636466]] ev:{} outputs y:0.48140665011955786 (n:-0.73620340680468) c:1.0
num acquisition: 29, time elapsed: 3.99s
0
z
[0.26900925 0.0706081 ]
0.2690092499607641
f inputs x:[[0.13135217 0.03447661]] ev:{} outputs y:0.7654487324009539 (n:0.3371421613853681) c:1.0
num acquisition: 30, time elapsed: 4.11s
0
z
[-0.98517099  2.048     ]
-0.9851709898777821
f inputs x:[[-0.48104052  1.        ]] ev:{} outputs y:5.109002688092826 (n:0.3129791592792504) c:1.0
num acquisition: 31, time elapsed: 4.23s
0
z
[0.29763785 0.01001819]
0.297637846193821
f inputs x:[[0.14533098 0.00489169]] ev:{} outputs y:0.5211318683903265 (n:-0.2258586940595333) c:1.0
num acquisition: 32, time elapsed: 4.34s
0
z
[-0.83876164  0.50882221]
-0.8387616415133184
f inputs x:[[-0.40955158  0.24844834]] ev:{} outputs y:2.452456360049902 (n:0.35176593427406416) c:1.0
num acquisition: 33, time elapsed: 4.46s
0
z
[0.34778668 0.04598007]
0.3477866776832403
f inputs x:[[0.16981771 0.02245121]] ev:{} outputs y:1.001585367912665 (n:0.31470036894181036) c:1.0
num acquisition: 34, time elapsed: 4.56s
0
z
[0.23410251 0.0054467 ]
0.23410251333897505
f inputs x:[[0.11430787 0.00265952]] ev:{} outputs y:1.6118231763845667 (n:1.0073907253526608) c:1.0
num acquisition: 35, time elapsed: 4.67s
0
z
[0.12959596 0.01032389]
0.1295959620098897
f inputs x:[[0.06327928 0.00504096]] ev:{} outputs y:0.4175113493344212 (n:-0.14881947787914013) c:1.0
num acquisition: 36, time elapsed: 4.79s
0
z
[0.13174849 0.01055563]
0.1317484853413321
f inputs x:[[0.06433032 0.00515412]] ev:{} outputs y:0.4209846472798331 (n:-0.14346939267701905) c:1.0
num acquisition: 37, time elapsed: 4.94s
0
z
[0.13359829 0.01143879]
0.13359829216208924
f inputs x:[[0.06523354 0.00558535]] ev:{} outputs y:0.7320905828573405 (n:0.16975828191796508) c:1.0
num acquisition: 38, time elapsed: 5.07s
0
z
[0.13496151 0.01325029]
0.13496151004239143
f inputs x:[[0.06589917 0.00646987]] ev:{} outputs y:0.46384858539018464 (n:-0.0961991320191999) c:1.0
num acquisition: 39, time elapsed: 5.19s
0
z
[0.13659467 0.01556877]
0.13659466948884885
f inputs x:[[0.06669662 0.00760194]] ev:{} outputs y:0.39010792569355623 (n:-0.16746186222148637) c:1.0
num acquisition: 40, time elapsed: 5.32s
0
z
[0.12386392 0.07716266]
0.1238639218105127
f inputs x:[[0.06048043 0.03767708]] ev:{} outputs y:1.2812952282133871 (n:0.5159248377942001) c:1.0
num acquisition: 41, time elapsed: 5.49s
0
z
[0.04256459 0.01403155]
0.042564594517776215
f inputs x:[[0.02078349 0.00685134]] ev:{} outputs y:0.5034972918632784 (n:-0.15485910159329816) c:1.0
num acquisition: 42, time elapsed: 5.66s
0
z
[-2.048       1.11233539]
-2.048
f inputs x:[[-1.          0.54313251]] ev:{} outputs y:7.1319813783407735 (n:0.26489877644423127) c:1.0
num acquisition: 43, time elapsed: 5.79s
0
z
[0.13909118 0.00103498]
0.13909117723754186
f inputs x:[[0.06791561 0.00050536]] ev:{} outputs y:1.4750074153309574 (n:0.901379041972711) c:1.0
num acquisition: 44, time elapsed: 5.92s
0
z
[0.13342566 0.00498646]
0.13342565768885137
f inputs x:[[0.06514925 0.0024348 ]] ev:{} outputs y:-0.06662992546757607 (n:-0.6361258483118634) c:1.0
num acquisition: 45, time elapsed: 6.06s
0
z
[0.1349567  0.00086245]
0.1349566966868375
f inputs x:[[0.06589682 0.00042112]] ev:{} outputs y:1.920408074653242 (n:1.344691101138069) c:1.0
num acquisition: 46, time elapsed: 6.19s
0
z
[0.12626319 0.0051986 ]
0.12626319309355835
f inputs x:[[0.06165195 0.00253838]] ev:{} outputs y:1.210030568970102 (n:0.6362532930603682) c:1.0
num acquisition: 47, time elapsed: 6.33s
0
z
[0.12590087 0.00710349]
0.1259008748974945
f inputs x:[[0.06147504 0.0034685 ]] ev:{} outputs y:1.0177591365558527 (n:0.44581891145734576) c:1.0
num acquisition: 48, time elapsed: 6.46s
0
z
[0.12655878 0.00840255]
0.12655877900269014
f inputs x:[[0.06179628 0.00410281]] ev:{} outputs y:1.0070603411567187 (n:0.4368168060523369) c:1.0
num acquisition: 49, time elapsed: 6.59s
0
z
[0.12736892 0.00967565]
0.12736891798391822
f inputs x:[[0.06219185 0.00472444]] ev:{} outputs y:-0.4618352563136563 (n:-1.030423007029722) c:1.0
num acquisition: 50, time elapsed: 6.75s
0
z
[0.12616895 0.00537484]
0.12616895183951066
f inputs x:[[0.06160593 0.00262443]] ev:{} outputs y:-0.06817339541598622 (n:-0.6418035548051729) c:1.0
num acquisition: 51, time elapsed: 6.89s
0
z
[0.12693173 0.00281997]
0.12693172920539922
f inputs x:[[0.06197838 0.00137694]] ev:{} outputs y:0.15960218650249347 (n:-0.41696349495376606) c:1.0
num acquisition: 52, time elapsed: 7.01s
0
z
[0.12809379 0.00107605]
0.1280937933065503
f inputs x:[[0.0625458  0.00052541]] ev:{} outputs y:0.37404757112698617 (n:-0.20465763204206458) c:1.0
num acquisition: 53, time elapsed: 7.15s
0
z
[0.12924152 0.0002692 ]
0.1292415196922787
f inputs x:[[0.06310621 0.00013144]] ev:{} outputs y:1.3599104627641525 (n:0.7803640214983733) c:1.0
num acquisition: 54, time elapsed: 7.33s
0
z
[0.12760071 0.00301956]
0.1276007078396085
f inputs x:[[0.06230503 0.00147439]] ev:{} outputs y:0.7597442054403647 (n:0.18387853349901856) c:1.0
num acquisition: 55, time elapsed: 7.47s
0
z
[0.12824085 0.00376315]
0.1282408500497395
f inputs x:[[0.0626176  0.00183747]] ev:{} outputs y:0.049576428441776677 (n:-0.5248146788435057) c:1.0
num acquisition: 56, time elapsed: 7.62s
0
z
[0.12918642 0.00198223]
0.1291864212089575
f inputs x:[[0.06307931 0.00096789]] ev:{} outputs y:0.22435386771325033 (n:-0.35222892582792714) c:1.0
num acquisition: 57, time elapsed: 7.76s
0
z
[0.13027174 0.00083759]
0.13027174078381767
f inputs x:[[0.06360925 0.00040898]] ev:{} outputs y:0.39101616044055804 (n:-0.18697549833765154) c:1.0
num acquisition: 58, time elapsed: 7.91s
0
z
[0.13127854 0.00040846]
0.13127853940048595
f inputs x:[[0.06410085 0.00019944]] ev:{} outputs y:0.44004507606366566 (n:-0.1382450026138407) c:1.0
num acquisition: 59, time elapsed: 8.06s
0
z
[0.13222223 0.00025044]
0.13222223486469908
f inputs x:[[0.06456164 0.00012229]] ev:{} outputs y:-0.09451040200692307 (n:-0.6726581996190932) c:1.0
num acquisition: 60, time elapsed: 8.21s
0
z
[ 0.13351157 -0.00261944]
0.13351157100047442
f inputs x:[[ 0.0651912  -0.00127902]] ev:{} outputs y:0.6199804779622773 (n:0.03631279264808104) c:1.0
num acquisition: 61, time elapsed: 8.37s
0
z
[ 0.13402395 -0.00195188]
0.13402394952530494
f inputs x:[[ 0.06544138 -0.00095307]] ev:{} outputs y:-0.10980787503055534 (n:-0.6917846064194705) c:1.0
num acquisition: 62, time elapsed: 8.52s
0
z
[ 0.13553213 -0.00518006]
0.13553213223314406
f inputs x:[[ 0.0661778  -0.00252933]] ev:{} outputs y:0.867729323049361 (n:0.2784103106706742) c:1.0
num acquisition: 63, time elapsed: 8.67s
0
z
[ 0.13510262 -0.00323352]
0.13510262405193926
f inputs x:[[ 0.06596808 -0.00157887]] ev:{} outputs y:0.5983534666448344 (n:0.013786794780112356) c:1.0
num acquisition: 64, time elapsed: 8.82s
0
z
[ 0.13558167 -0.00255434]
0.1355816747805614
f inputs x:[[ 0.06620199 -0.00124724]] ev:{} outputs y:0.5538050985185426 (n:-0.028999015718083263) c:1.0
num acquisition: 65, time elapsed: 8.97s
0
z
[ 0.13616224 -0.00200569]
0.13616224097973906
f inputs x:[[ 0.06648547 -0.00097934]] ev:{} outputs y:0.48102235621453904 (n:-0.10031513421879078) c:1.0
num acquisition: 66, time elapsed: 9.14s
0
z
[ 0.13690212 -0.00169715]
0.13690211511058253
f inputs x:[[ 0.06684674 -0.00082869]] ev:{} outputs y:0.02403394031809869 (n:-0.556344586960219) c:1.0
num acquisition: 67, time elapsed: 9.31s
0
z
[ 0.13839604 -0.00379262]
0.13839604409281128
f inputs x:[[ 0.06757619 -0.00185186]] ev:{} outputs y:0.4084562361479751 (n:-0.17655639167603224) c:1.0
num acquisition: 68, time elapsed: 9.48s
0
z
[ 0.13930307 -0.00382676]
0.1393030663363286
f inputs x:[[ 0.06801908 -0.00186854]] ev:{} outputs y:0.6972975720299857 (n:0.11241941223753563) c:1.0
num acquisition: 69, time elapsed: 9.64s
0
z
[ 0.13929681 -0.0024309 ]
0.13929681208787187
f inputs x:[[ 0.06801602 -0.00118697]] ev:{} outputs y:-0.12472086312764397 (n:-0.7060895012138942) c:1.0
num acquisition: 70, time elapsed: 9.80s
0
z
[ 0.1411213  -0.00557026]
0.1411213008726358
f inputs x:[[ 0.06890689 -0.00271986]] ev:{} outputs y:0.0361803099658663 (n:-0.5530628607032236) c:1.0
num acquisition: 71, time elapsed: 9.95s
0
z
[ 0.14298409 -0.00807085]
0.14298409457867275
f inputs x:[[ 0.06981645 -0.00394084]] ev:{} outputs y:-0.2766074819730857 (n:-0.8731272906621698) c:1.0
num acquisition: 72, time elapsed: 10.12s
0
z
[ 0.14568622 -0.01356363]
0.14568621629800935
f inputs x:[[ 0.07113585 -0.00662287]] ev:{} outputs y:1.0407984928007785 (n:0.42514093212099047) c:1.0
num acquisition: 73, time elapsed: 10.28s
0
z
[ 0.14316368 -0.00924758]
0.1431636807097964
f inputs x:[[ 0.06990414 -0.00451542]] ev:{} outputs y:1.0876304153619256 (n:0.48734682719958416) c:1.0
num acquisition: 74, time elapsed: 10.44s
0
z
[ 0.14099261 -0.00582979]
0.1409926099323654
f inputs x:[[ 0.06884405 -0.00284658]] ev:{} outputs y:1.7801685649553436 (n:1.1901690882400002) c:1.0
num acquisition: 75, time elapsed: 10.63s
0
z
[ 0.13584959 -0.00260971]
0.13584959211088934
f inputs x:[[ 0.06633281 -0.00127427]] ev:{} outputs y:0.36991831906017775 (n:-0.21292759787697774) c:1.0
num acquisition: 76, time elapsed: 10.79s
0
z
[ 0.13648478 -0.00267891]
0.1364847750300428
f inputs x:[[ 0.06664296 -0.00130806]] ev:{} outputs y:0.13152519236811272 (n:-0.45128096731021067) c:1.0
num acquisition: 77, time elapsed: 10.95s
0
z
[ 0.13737883 -0.00367833]
0.13737883009469679
f inputs x:[[ 0.06707951 -0.00179606]] ev:{} outputs y:0.6613316613395763 (n:0.0763426345584146) c:1.0
num acquisition: 78, time elapsed: 11.13s
0
z
[ 0.13750018 -0.00275425]
0.13750018201421937
f inputs x:[[ 0.06713876 -0.00134485]] ev:{} outputs y:0.7667136587658014 (n:0.18403788320446401) c:1.0
num acquisition: 79, time elapsed: 11.29s
0
z
[ 0.13739619 -0.0015942 ]
0.1373961941757201
f inputs x:[[ 0.06708799 -0.00077842]] ev:{} outputs y:0.11097272509538625 (n:-0.4690030893307907) c:1.0
num acquisition: 80, time elapsed: 11.50s
0
z
[ 0.13829204 -0.00244245]
0.13829203513011454
f inputs x:[[ 0.06752541 -0.0011926 ]] ev:{} outputs y:0.46240161461723783 (n:-0.11928578856652473) c:1.0
num acquisition: 81, time elapsed: 11.68s
0
z
[ 0.13877162 -0.00203249]
0.13877161817781497
f inputs x:[[ 0.06775958 -0.00099243]] ev:{} outputs y:0.4490387460620284 (n:-0.1315224156879401) c:1.0
num acquisition: 82, time elapsed: 11.86s
0
z
[ 0.13926784 -0.00160696]
0.13926784120226818
f inputs x:[[ 0.06800188 -0.00078465]] ev:{} outputs y:1.485134327580936 (n:0.9057325384916661) c:1.0
num acquisition: 83, time elapsed: 12.05s
0
z
[ 0.13681612 -0.00063162]
0.13681611779018865
f inputs x:[[ 0.06680475 -0.00030841]] ev:{} outputs y:0.717347332834847 (n:0.1393137948307008) c:1.0
num acquisition: 84, time elapsed: 12.22s
0
z
[0.13687763 0.00028295]
0.1368776295820489
f inputs x:[[0.06683478 0.00013816]] ev:{} outputs y:0.8928200961254494 (n:0.3167519279064487) c:1.0
num acquisition: 85, time elapsed: 12.40s
0
z
[0.13664459 0.00124501]
0.13664459148326497
f inputs x:[[0.06672099 0.00060792]] ev:{} outputs y:0.6448052675246511 (n:0.07058146219987206) c:1.0
num acquisition: 86, time elapsed: 12.58s
0
z
[0.13683528 0.00206443]
0.13683527699794867
f inputs x:[[0.0668141  0.00100802]] ev:{} outputs y:0.8637280157595773 (n:0.2911637835336098) c:1.0
num acquisition: 87, time elapsed: 12.77s
0
z
[0.13670819 0.00286294]
0.1367081884837646
f inputs x:[[0.06675205 0.00139792]] ev:{} outputs y:1.2658997706872839 (n:0.6947396822884192) c:1.0
num acquisition: 88, time elapsed: 12.95s
0
z
[0.13587231 0.00272264]
0.13587230547904483
f inputs x:[[0.0663439  0.00132942]] ev:{} outputs y:0.7807947062665415 (n:0.20897531578240075) c:1.0
num acquisition: 89, time elapsed: 13.13s
0
z
[0.13595482 0.00350786]
0.13595481693085848
f inputs x:[[0.06638419 0.00171282]] ev:{} outputs y:-0.1165709639122714 (n:-0.6869863290482214) c:1.0
num acquisition: 90, time elapsed: 13.33s
0
z
[0.13633859 0.00286291]
0.13633859143143026
f inputs x:[[0.06657158 0.00139791]] ev:{} outputs y:1.3609180704322381 (n:0.7895772707804579) c:1.0
num acquisition: 91, time elapsed: 13.52s
0
z
[0.13540889 0.00246068]
0.1354088864533775
f inputs x:[[0.06611762 0.0012015 ]] ev:{} outputs y:0.5254548234502048 (n:-0.04705970517772152) c:1.0
num acquisition: 92, time elapsed: 13.70s
0
z
[0.13570978 0.00313169]
0.13570977982118154
f inputs x:[[0.06626454 0.00152915]] ev:{} outputs y:0.9543869094258688 (n:0.383202810311282) c:1.0
num acquisition: 93, time elapsed: 13.90s
0
z
[0.1356089  0.00366152]
0.1356089005807833
f inputs x:[[0.06621528 0.00178785]] ev:{} outputs y:0.3139101378166698 (n:-0.25642745540516226) c:1.0
num acquisition: 94, time elapsed: 14.08s
0
z
[0.13596085 0.0042072 ]
0.13596085350037543
f inputs x:[[0.06638714 0.00205429]] ev:{} outputs y:-0.042460604021120174 (n:-0.6117156290052159) c:1.0
num acquisition: 95, time elapsed: 14.27s
0
z
[0.13629688 0.00402153]
0.1362968774556578
f inputs x:[[0.06655121 0.00196364]] ev:{} outputs y:-0.30568788361166876 (n:-0.8750665855312382) c:1.0
num acquisition: 96, time elapsed: 14.49s
0
z
[0.1365992  0.00289631]
0.1365991963763759
f inputs x:[[0.06669883 0.00141421]] ev:{} outputs y:0.47941628005111725 (n:-0.0917374081620722) c:1.0
num acquisition: 97, time elapsed: 14.69s
0
z
[0.13689133 0.00354299]
0.13689132648818764
f inputs x:[[0.06684147 0.00172998]] ev:{} outputs y:0.8223286883199261 (n:0.2524519174843217) c:1.0
num acquisition: 98, time elapsed: 14.89s
0
z
[0.13684015 0.00415023]
0.13684015386181658
f inputs x:[[0.06681648 0.00202648]] ev:{} outputs y:0.01780589988284098 (n:-0.5510742496772574) c:1.0
num acquisition: 99, time elapsed: 15.11s
0
z
[0.13728091 0.00419194]
0.13728090947785068
f inputs x:[[0.06703169 0.00204685]] ev:{} outputs y:0.48042105228573084 (n:-0.08815929501435571) c:1.0
num acquisition: 100, time elapsed: 15.31s
0
z
[0.13754537 0.0049431 ]
0.13754537259027283
f inputs x:[[0.06716083 0.00241362]] ev:{} outputs y:0.6367929689396284 (n:0.06957200344688785) c:1.0
num acquisition: 101, time elapsed: 15.54s
0
z
[0.13766193 0.00569052]
0.1376619306201692
f inputs x:[[0.06721774 0.00277857]] ev:{} outputs y:0.38413548209902887 (n:-0.1818658577356002) c:1.0
num acquisition: 102, time elapsed: 15.76s
0
z
[0.13796175 0.0065772 ]
0.13796175209494493
f inputs x:[[0.06736414 0.00321152]] ev:{} outputs y:0.08335312895647717 (n:-0.4811795508959976) c:1.0
num acquisition: 103, time elapsed: 15.98s
0
z
[0.13838521 0.00731506]
0.13838521281217261
f inputs x:[[0.0675709  0.00357181]] ev:{} outputs y:0.37808525902954443 (n:-0.18517401786190607) c:1.0
num acquisition: 104, time elapsed: 16.21s
0
z
[0.1386656 0.0083802]
0.13866560239539982
f inputs x:[[0.06770781 0.00409189]] ev:{} outputs y:0.6986602063417071 (n:0.13695246398362443) c:1.0
num acquisition: 105, time elapsed: 16.42s
0
z
[0.13867043 0.0089552 ]
0.13867043215161245
f inputs x:[[0.06771017 0.00437266]] ev:{} outputs y:0.3166285792267004 (n:-0.2443832221748534) c:1.0
num acquisition: 106, time elapsed: 16.67s
0
z
[0.13893822 0.0102868 ]
0.13893821719487207
f inputs x:[[0.06784093 0.00502285]] ev:{} outputs y:2.2815641962520465 (n:1.7222009720411886) c:1.0
num acquisition: 107, time elapsed: 16.90s
0
z
[ 0.13629401 -0.00100807]
0.13629401461253796
f inputs x:[[ 0.06654981 -0.00049222]] ev:{} outputs y:0.8600899001172279 (n:0.2810402733677526) c:1.0
num acquisition: 108, time elapsed: 17.16s
0
z
[ 1.36151896e-01 -3.03120618e-05]
0.13615189558561763
f inputs x:[[ 6.64804178e-02 -1.48008114e-05]] ev:{} outputs y:1.2362593937913937 (n:0.6592476184839428) c:1.0
num acquisition: 109, time elapsed: 17.41s
0
z
[0.1355036  0.00084857]
0.13550359601699175
f inputs x:[[0.06616387 0.00041434]] ev:{} outputs y:0.20030718705294875 (n:-0.375195071685876) c:1.0
num acquisition: 110, time elapsed: 17.64s
0
z
[0.13584708 0.00062464]
0.13584707742473853
f inputs x:[[0.06633158 0.000305  ]] ev:{} outputs y:0.5565378114941653 (n:-0.019260837092486674) c:1.0
num acquisition: 111, time elapsed: 17.86s
0
z
[0.13604782 0.00112985]
0.13604782340476904
f inputs x:[[0.0664296  0.00055169]] ev:{} outputs y:0.6231709159697645 (n:0.04845999630763268) c:1.0
num acquisition: 112, time elapsed: 18.08s
0
z
[0.13619264 0.00173897]
0.13619263913600543
f inputs x:[[0.06650031 0.0008491 ]] ev:{} outputs y:0.2538900167060289 (n:-0.31958301626470215) c:1.0
num acquisition: 113, time elapsed: 18.32s
0
z
[0.13653224 0.00180647]
0.13653223907058754
f inputs x:[[0.06666613 0.00088206]] ev:{} outputs y:0.5909620509444322 (n:0.017772007793730275) c:1.0
num acquisition: 114, time elapsed: 18.57s
0
z
[0.1366833  0.00241442]
0.1366832965715012
f inputs x:[[0.06673989 0.00117892]] ev:{} outputs y:0.280291141111099 (n:-0.29169365948812465) c:1.0
num acquisition: 115, time elapsed: 18.82s
0
z
[0.13701519 0.00265226]
0.137015192519804
f inputs x:[[0.06690195 0.00129505]] ev:{} outputs y:0.5713100002370488 (n:-8.253207434490368e-05) c:1.0
num acquisition: 116, time elapsed: 19.07s
0
z
[0.1371619  0.00328649]
0.13716190068162382
f inputs x:[[0.06697358 0.00160473]] ev:{} outputs y:0.6057748495798138 (n:0.03558768976214754) c:1.0
num acquisition: 117, time elapsed: 19.31s
0
z
[0.1372699 0.0039565]
0.13726989668545633
f inputs x:[[0.06702632 0.00193189]] ev:{} outputs y:1.1494960845314317 (n:0.5805162252328788) c:1.0
num acquisition: 118, time elapsed: 19.54s
0
z
[0.13682507 0.00382685]
0.13682507156835153
f inputs x:[[0.06680912 0.00186858]] ev:{} outputs y:0.550475628403296 (n:-0.018951761847064024) c:1.0
num acquisition: 119, time elapsed: 19.82s
0
z
[0.13696468 0.00450341]
0.1369646816049379
f inputs x:[[0.06687729 0.00219893]] ev:{} outputs y:0.9409645230303597 (n:0.3727271112279258) c:1.0
num acquisition: 120, time elapsed: 20.07s
0
z
[0.13681066 0.00477321]
0.13681065555326088
f inputs x:[[0.06680208 0.00233067]] ev:{} outputs y:0.4262651115221039 (n:-0.14162447043699064) c:1.0
num acquisition: 121, time elapsed: 20.32s
0
z
[0.13698265 0.00549621]
0.1369826471520307
f inputs x:[[0.06688606 0.0026837 ]] ev:{} outputs y:0.659017708787472 (n:0.09233947130822193) c:1.0
num acquisition: 122, time elapsed: 20.61s
0
z
[0.13702367 0.0061748 ]
0.1370236651315604
f inputs x:[[0.06690609 0.00301504]] ev:{} outputs y:0.14316715990408024 (n:-0.42249084419506433) c:1.0
num acquisition: 123, time elapsed: 20.86s
0
z
[0.13723504 0.00687937]
0.13723504018592464
f inputs x:[[0.0670093  0.00335907]] ev:{} outputs y:0.2942906296147844 (n:-0.2702577707112351) c:1.0
num acquisition: 124, time elapsed: 21.15s
0
z
[0.13739015 0.00784494]
0.13739014962530874
f inputs x:[[0.06708503 0.00383054]] ev:{} outputs y:0.015266993610558721 (n:-0.5479220027162975) c:1.0
num acquisition: 125, time elapsed: 21.41s
0
z
[0.13758466 0.00876678]
0.1375846643101261
f inputs x:[[0.06718001 0.00428065]] ev:{} outputs y:0.6077567791494318 (n:0.04580749483619843) c:1.0
num acquisition: 126, time elapsed: 21.67s
0
z
[0.1376063  0.00950701]
0.1376062980600215
f inputs x:[[0.06719058 0.00464209]] ev:{} outputs y:0.9693485534898882 (n:0.40824100257506424) c:1.0
num acquisition: 127, time elapsed: 21.94s
0
z
[0.13752755 0.00876725]
0.1375275516138911
f inputs x:[[0.06715212 0.00428089]] ev:{} outputs y:-0.5122475651864337 (n:-1.0742342667865532) c:1.0
num acquisition: 128, time elapsed: 22.22s
0
z
[0.13770736 0.00856162]
0.13770736030242386
f inputs x:[[0.06723992 0.00418048]] ev:{} outputs y:0.6671434143141762 (n:0.10503466305182192) c:1.0
num acquisition: 129, time elapsed: 22.49s
0
z
[0.13773413 0.00906224]
0.13773412615105063
f inputs x:[[0.06725299 0.00442492]] ev:{} outputs y:0.7011446091857447 (n:0.1396333709025487) c:1.0
num acquisition: 130, time elapsed: 22.76s
0
z
[0.13773927 0.00945994]
0.13773927044992157
f inputs x:[[0.0672555  0.00461911]] ev:{} outputs y:0.22572468756755226 (n:-0.33534245000081353) c:1.0
num acquisition: 131, time elapsed: 23.05s
0
z
[0.13785113 0.01077143]
0.13785112979143804
f inputs x:[[0.06731012 0.00525949]] ev:{} outputs y:0.5893561967617016 (n:0.029696725582758817) c:1.0
num acquisition: 132, time elapsed: 23.36s
0
z
[0.1378641  0.01150766]
0.13786409834303442
f inputs x:[[0.06731645 0.00561897]] ev:{} outputs y:0.5121699371805897 (n:-0.04681799099107459) c:1.0
num acquisition: 133, time elapsed: 23.66s
0
z
[0.13786108 0.01253823]
0.13786107734917163
f inputs x:[[0.06731498 0.00612218]] ev:{} outputs y:0.5524756695032662 (n:-0.005691248929799202) c:1.0
num acquisition: 134, time elapsed: 23.96s
0
z
[0.13782467 0.01347104]
0.1378246739734565
f inputs x:[[0.0672972  0.00657766]] ev:{} outputs y:0.9257335682578557 (n:0.3681779496462032) c:1.0
num acquisition: 135, time elapsed: 24.25s
0
z
[0.13786076 0.01222477]
0.13786075935216233
f inputs x:[[0.06731482 0.00596913]] ev:{} outputs y:-0.056630728111289885 (n:-0.6150355102490036) c:1.0
num acquisition: 136, time elapsed: 24.54s
0
z
[0.1378917  0.01421081]
0.1378916965538673
f inputs x:[[0.06732993 0.00693887]] ev:{} outputs y:0.132708246015402 (n:-0.4243545173530602) c:1.0
num acquisition: 137, time elapsed: 24.86s
0
z
[0.13779572 0.01656796]
0.1377957211688581
f inputs x:[[0.06728307 0.00808983]] ev:{} outputs y:0.6708604736874679 (n:0.11468963421699563) c:1.0
num acquisition: 138, time elapsed: 25.20s
0
z
[0.13777857 0.01674706]
0.1377785702632641
f inputs x:[[0.06727469 0.00817727]] ev:{} outputs y:-0.5252079039966401 (n:-1.0813466303687274) c:1.0
num acquisition: 139, time elapsed: 25.51s
0
z
[0.13748926 0.01997141]
0.13748926075199402
f inputs x:[[0.06713343 0.00975166]] ev:{} outputs y:0.37608760245270206 (n:-0.18011600547884737) c:1.0
num acquisition: 140, time elapsed: 25.82s
0
z
[0.13734698 0.02204092]
0.13734697954386046
f inputs x:[[0.06706395 0.01076217]] ev:{} outputs y:0.4406443438493829 (n:-0.11621301090769064) c:1.0
num acquisition: 141, time elapsed: 26.14s
0
z
[0.13721262 0.02381706]
0.13721262111225938
f inputs x:[[0.06699835 0.01162942]] ev:{} outputs y:0.5292156204375527 (n:-0.028622491072454025) c:1.0
num acquisition: 142, time elapsed: 26.50s
0
z
[0.13714045 0.02489812]
0.13714044584838153
f inputs x:[[0.06696311 0.01215729]] ev:{} outputs y:0.1508777947707136 (n:-0.4077295871180965) c:1.0
num acquisition: 143, time elapsed: 26.85s
0
z
[0.13663045 0.02917685]
0.13663044871641725
f inputs x:[[0.06671409 0.01424651]] ev:{} outputs y:0.3199907019542465 (n:-0.24330449507953356) c:1.0
num acquisition: 144, time elapsed: 27.20s
0
z
[0.1361986  0.03262686]
0.13619860040390458
f inputs x:[[0.06650322 0.01593108]] ev:{} outputs y:0.22171393665191375 (n:-0.3469853180412862) c:1.0
num acquisition: 145, time elapsed: 27.51s
0
z
[0.13553558 0.03754549]
0.13553558053673576
f inputs x:[[0.06617948 0.01833276]] ev:{} outputs y:0.5374728405948956 (n:-0.041423912833699165) c:1.0
num acquisition: 146, time elapsed: 27.83s
0
z
[0.13545454 0.03837209]
0.13545454366451357
f inputs x:[[0.06613991 0.01873637]] ev:{} outputs y:1.0896941888989753 (n:0.5088563089921326) c:1.0
num acquisition: 147, time elapsed: 28.17s
0
z
[0.13702843 0.02875857]
0.13702842997442785
f inputs x:[[0.06690841 0.01404227]] ev:{} outputs y:1.1259285995832342 (n:0.5636400834800015) c:1.0
num acquisition: 148, time elapsed: 28.51s
0
z
[0.13801086 0.02181645]
0.1380108560050024
f inputs x:[[0.06738811 0.01065256]] ev:{} outputs y:-0.08770425423041639 (n:-0.643766462891257) c:1.0
num acquisition: 149, time elapsed: 28.87s
0
z
[0.1377074  0.02592865]
0.13770740498728606
f inputs x:[[0.06723994 0.01266047]] ev:{} outputs y:0.6389392414508105 (n:0.08023810682094215) c:1.0
num acquisition: 150, time elapsed: 29.24s
0
z
[0.1377208  0.02581428]
0.1377208008894512
f inputs x:[[0.06724648 0.01260463]] ev:{} outputs y:0.5773848768614847 (n:0.01879022618604376) c:1.0
num acquisition: 151, time elapsed: 29.63s
0
z
[0.1376398  0.02631697]
0.1376397987562316
f inputs x:[[0.06720693 0.01285008]] ev:{} outputs y:0.6305904860728964 (n:0.07148904357755631) c:1.0
num acquisition: 152, time elapsed: 30.00s
0
z
[0.1375937  0.02627143]
0.1375937000861213
f inputs x:[[0.06718442 0.01282785]] ev:{} outputs y:1.4099745268064194 (n:0.8508552575050897) c:1.0
num acquisition: 153, time elapsed: 30.36s
0
z
[0.13893741 0.01643068]
0.1389374065951196
f inputs x:[[0.06784053 0.00802279]] ev:{} outputs y:0.18613606047754028 (n:-0.3690437084894941) c:1.0
num acquisition: 154, time elapsed: 30.75s
0
z
[0.1389705  0.01834009]
0.13897050182273935
f inputs x:[[0.06785669 0.00895512]] ev:{} outputs y:0.5929977004033969 (n:0.03827017564666311) c:1.0
num acquisition: 155, time elapsed: 31.10s
0
z
[0.13884891 0.01885612]
0.13884890634046787
f inputs x:[[0.06779732 0.00920709]] ev:{} outputs y:1.024432646320481 (n:0.46962893765816355) c:1.0
num acquisition: 156, time elapsed: 31.45s
0
z
[0.13887482 0.01628726]
0.13887482084340158
f inputs x:[[0.06780997 0.00795276]] ev:{} outputs y:-0.5682984376486103 (n:-1.1235825426004078) c:1.0
num acquisition: 157, time elapsed: 31.81s
0
z
[0.13942247 0.01787587]
0.13942246791777135
f inputs x:[[0.06807738 0.00872845]] ev:{} outputs y:0.8445471836710853 (n:0.29018063021849105) c:1.0
num acquisition: 158, time elapsed: 32.19s
0
z
[0.13933105 0.0169062 ]
0.13933104827439882
f inputs x:[[0.06803274 0.00825498]] ev:{} outputs y:-0.009010678697977781 (n:-0.5636883048562776) c:1.0
num acquisition: 159, time elapsed: 32.59s
0
z
[0.13950624 0.01905707]
0.13950623537294993
f inputs x:[[0.06811828 0.00930521]] ev:{} outputs y:1.3777274041953587 (n:0.8235745597991531) c:1.0
num acquisition: 160, time elapsed: 32.98s
0
z
[0.13943302 0.01361715]
0.1394330208288598
f inputs x:[[0.06808253 0.006649  ]] ev:{} outputs y:0.4773062760571363 (n:-0.07885665052156172) c:1.0
num acquisition: 161, time elapsed: 33.37s
0
z
[0.13946201 0.01441152]
0.13946201152788537
f inputs x:[[0.06809669 0.00703687]] ev:{} outputs y:0.643637570529797 (n:0.08799313722290848) c:1.0
num acquisition: 162, time elapsed: 33.81s
0
z
[0.13937768 0.01474945]
0.13937768255046107
f inputs x:[[0.06805551 0.00720188]] ev:{} outputs y:0.019344267675184268 (n:-0.5361819754902932) c:1.0
num acquisition: 163, time elapsed: 34.18s
0
z
[0.13964192 0.01628112]
0.13964191694964645
f inputs x:[[0.06818453 0.00794977]] ev:{} outputs y:0.18959296070624937 (n:-0.36501146892135067) c:1.0
num acquisition: 164, time elapsed: 34.55s
0
z
[0.1397773  0.01792621]
0.1397773019915082
f inputs x:[[0.06825064 0.00875303]] ev:{} outputs y:0.016494581749442405 (n:-0.5375300494202427) c:1.0
num acquisition: 165, time elapsed: 34.93s
0
z
[0.13995782 0.02018952]
0.13995782372894752
f inputs x:[[0.06833878 0.00985817]] ev:{} outputs y:0.6375319174908093 (n:0.08381422929100417) c:1.0
num acquisition: 166, time elapsed: 35.34s
0
z
[0.13989756 0.02027596]
0.1398975586981887
f inputs x:[[0.06830935 0.00990037]] ev:{} outputs y:0.12702334494870365 (n:-0.4267616826512904) c:1.0
num acquisition: 167, time elapsed: 35.74s
0
z
[0.13995551 0.02274896]
0.1399555149844568
f inputs x:[[0.06833765 0.01110789]] ev:{} outputs y:0.20473777214849204 (n:-0.349535755888115) c:1.0
num acquisition: 168, time elapsed: 36.14s
0
z
[0.13992877 0.02531469]
0.13992877085655261
f inputs x:[[0.0683246  0.01236069]] ev:{} outputs y:1.2179933081246048 (n:0.6623791637322535) c:1.0
num acquisition: 169, time elapsed: 36.56s
0
z
[0.14016243 0.01930578]
0.14016243245875354
f inputs x:[[0.06843869 0.00942665]] ev:{} outputs y:0.5191450257102443 (n:-0.03435621163704041) c:1.0
num acquisition: 170, time elapsed: 36.99s
0
z
[0.14011087 0.02003708]
0.14011087347027137
f inputs x:[[0.06841351 0.00978373]] ev:{} outputs y:1.2660641571359732 (n:0.7125091010072221) c:1.0
num acquisition: 171, time elapsed: 37.43s
0
z
[0.14001347 0.0155146 ]
0.1400134706634839
f inputs x:[[0.06836595 0.00757549]] ev:{} outputs y:0.5073781673629753 (n:-0.04722448401905539) c:1.0
num acquisition: 172, time elapsed: 37.86s
0
z
[0.13997328 0.01622502]
0.13997328244440815
f inputs x:[[0.06834633 0.00792237]] ev:{} outputs y:0.8260259278110673 (n:0.27169266272503617) c:1.0
num acquisition: 173, time elapsed: 38.29s
0
z
[0.13976326 0.01567579]
0.13976326083960808
f inputs x:[[0.06824378 0.00765419]] ev:{} outputs y:1.0814940992587543 (n:0.5267497864250501) c:1.0
num acquisition: 174, time elapsed: 38.80s
0
z
[0.13949798 0.01390196]
0.13949798416253453
f inputs x:[[0.06811425 0.00678807]] ev:{} outputs y:0.976639521013013 (n:0.4207147912095377) c:1.0
num acquisition: 175, time elapsed: 39.34s
0
z
[0.13921009 0.01308293]
0.13921009247644503
f inputs x:[[0.06797368 0.00638815]] ev:{} outputs y:0.6142754232200823 (n:0.05756449286517917) c:1.0
num acquisition: 176, time elapsed: 39.82s
0
z
[0.1390546  0.01353533]
0.13905459939053433
f inputs x:[[0.06789775 0.00660905]] ev:{} outputs y:1.0135722980736976 (n:0.4570515960645478) c:1.0
num acquisition: 177, time elapsed: 40.30s
0
z
[0.13880908 0.01263832]
0.13880908081768828
f inputs x:[[0.06777787 0.00617105]] ev:{} outputs y:0.47815449347207895 (n:-0.07919874762676479) c:1.0
num acquisition: 178, time elapsed: 40.80s
0
z
[0.13869502 0.01332569]
0.13869502168812045
f inputs x:[[0.06772218 0.00650669]] ev:{} outputs y:-0.01660418824265064 (n:-0.5735534560521425) c:1.0
num acquisition: 179, time elapsed: 41.26s
0
z
[0.13896498 0.01426977]
0.13896497500403535
f inputs x:[[0.06785399 0.00696766]] ev:{} outputs y:0.4482991830885761 (n:-0.10783797973764456) c:1.0
num acquisition: 180, time elapsed: 41.74s
0
z
[0.13884644 0.0150671 ]
0.13884644076849856
f inputs x:[[0.06779611 0.00735698]] ev:{} outputs y:-0.2305386136223151 (n:-0.7863522705310869) c:1.0
num acquisition: 181, time elapsed: 42.23s
0
z
[0.13926055 0.01636786]
0.13926055466922974
f inputs x:[[0.06799832 0.00799212]] ev:{} outputs y:0.37115951153563964 (n:-0.18375256935986084) c:1.0
num acquisition: 182, time elapsed: 42.76s
0
z
[0.13918766 0.01745494]
0.13918766498743024
f inputs x:[[0.06796273 0.00852292]] ev:{} outputs y:0.7647034888840072 (n:0.21003371293356826) c:1.0
num acquisition: 183, time elapsed: 43.28s
0
z
[0.13903677 0.017044  ]
0.13903676800680081
f inputs x:[[0.06788905 0.00832226]] ev:{} outputs y:0.5760979519016838 (n:0.021189898298571538) c:1.0
num acquisition: 184, time elapsed: 43.76s
0
z
[0.13885306 0.01748865]
0.13885306025296784
f inputs x:[[0.06779935 0.00853938]] ev:{} outputs y:0.4235299277135227 (n:-0.13144367710129878) c:1.0
num acquisition: 185, time elapsed: 44.26s
0
z
[0.13865955 0.01848489]
0.1386595525763642
f inputs x:[[0.06770486 0.00902583]] ev:{} outputs y:0.5042607748356654 (n:-0.05075149599621706) c:1.0
num acquisition: 186, time elapsed: 44.80s
0
z
[0.13842191 0.01920018]
0.13842191392628947
f inputs x:[[0.06758883 0.00937509]] ev:{} outputs y:0.6270448320102223 (n:0.07182902128626709) c:1.0
num acquisition: 187, time elapsed: 45.36s
0
z
[0.13819712 0.01931202]
0.13819712455189553
f inputs x:[[0.06747906 0.0094297 ]] ev:{} outputs y:0.7704041445737546 (n:0.21496348470305615) c:1.0
num acquisition: 188, time elapsed: 45.91s
0
z
[0.13807344 0.01860923]
0.13807343686213533
f inputs x:[[0.06741867 0.00908654]] ev:{} outputs y:1.0698303630543313 (n:0.514258106513783) c:1.0
num acquisition: 189, time elapsed: 46.41s
0
z
[0.13836741 0.01615655]
0.1383674136288656
f inputs x:[[0.06756221 0.00788894]] ev:{} outputs y:0.686561894371756 (n:0.13077966104655528) c:1.0
num acquisition: 190, time elapsed: 46.91s
0
z
[0.13807432 0.01615313]
0.13807431878513826
f inputs x:[[0.0674191  0.00788727]] ev:{} outputs y:0.9888393339750814 (n:0.432793627234773) c:1.0
num acquisition: 191, time elapsed: 47.39s
0
z
[0.13809093 0.01480431]
0.13809093243662682
f inputs x:[[0.06742721 0.00722867]] ev:{} outputs y:1.0979154063619347 (n:0.541329297010574) c:1.0
num acquisition: 192, time elapsed: 47.94s
0
z
[0.1381932  0.01328156]
0.138193203370842
f inputs x:[[0.06747715 0.00648514]] ev:{} outputs y:0.4245545181251798 (n:-0.1328263770044576) c:1.0
num acquisition: 193, time elapsed: 48.54s
0
z
[0.13788361 0.0139258 ]
0.13788361423451478
f inputs x:[[0.06732598 0.00679971]] ev:{} outputs y:-0.21823021503087447 (n:-0.7754611564529158) c:1.0
num acquisition: 194, time elapsed: 49.09s
0
z
[0.13843804 0.01481026]
0.1384380421564578
f inputs x:[[0.0675967  0.00723157]] ev:{} outputs y:0.9793770186743395 (n:0.4230893571952349) c:1.0
num acquisition: 195, time elapsed: 49.60s
0
z
[0.13830698 0.01384295]
0.13830698311973066
f inputs x:[[0.06753271 0.00675926]] ev:{} outputs y:0.3932962275692928 (n:-0.1636353291160722) c:1.0
num acquisition: 196, time elapsed: 50.15s
0
z
[0.13804183 0.0145564 ]
0.1380418342415644
f inputs x:[[0.06740324 0.00710762]] ev:{} outputs y:1.004232759776125 (n:0.4474804306581865) c:1.0
num acquisition: 197, time elapsed: 50.74s
0
z
[0.13799768 0.01353721]
0.1379976843877301
f inputs x:[[0.06738168 0.00660997]] ev:{} outputs y:1.7699275021448444 (n:1.2125543627537025) c:1.0
num acquisition: 198, time elapsed: 51.32s
0
z
[0.13936962 0.00895539]
0.13936962374054607
f inputs x:[[0.06805157 0.00437275]] ev:{} outputs y:0.2917381545775299 (n:-0.26881638725552476) c:1.0
num acquisition: 199, time elapsed: 51.88s
0
z
[0.13956998 0.00912382]
0.1395699759059201
f inputs x:[[0.0681494  0.00445499]] ev:{} outputs y:0.3757375642911536 (n:-0.184486278182383) c:1.0
num acquisition: 200, time elapsed: 52.46s
0
z
[0.13962991 0.00942114]
0.13962991024579763
f inputs x:[[0.06817867 0.00460017]] ev:{} outputs y:0.8772094032061377 (n:0.31737192196615666) c:1.0
num acquisition: 201, time elapsed: 53.13s
0
z
[0.1390608  0.00978569]
0.1390607977737529
f inputs x:[[0.06790078 0.00477817]] ev:{} outputs y:0.9813707639638372 (n:0.42156025339697256) c:1.0
num acquisition: 202, time elapsed: 53.73s
0
z
[0.13854666 0.00995338]
0.13854665953162082
f inputs x:[[0.06764974 0.00486005]] ev:{} outputs y:0.13870395195068924 (n:-0.42127916327971765) c:1.0
num acquisition: 203, time elapsed: 54.32s
0
z
[0.13881763 0.01005259]
0.13881763027961092
f inputs x:[[0.06778205 0.00490849]] ev:{} outputs y:0.286932944583406 (n:-0.27275812743210703) c:1.0
num acquisition: 204, time elapsed: 54.92s
0
z
[0.13887396 0.01035166]
0.13887396313523923
f inputs x:[[0.06780955 0.00505452]] ev:{} outputs y:1.2394554155663013 (n:0.6801138096656933) c:1.0
num acquisition: 205, time elapsed: 55.53s
0
z
[0.13853643 0.00982933]
0.13853643060958398
f inputs x:[[0.06764474 0.00479948]] ev:{} outputs y:0.7663361107463446 (n:0.20621411948614957) c:1.0
num acquisition: 206, time elapsed: 56.14s
0
z
[0.13813313 0.01019696]
0.1381331349303464
f inputs x:[[0.06744782 0.00497899]] ev:{} outputs y:0.4407501932072629 (n:-0.11926933074472418) c:1.0
num acquisition: 207, time elapsed: 56.81s
0
z
[0.13790609 0.01060165]
0.1379060876773541
f inputs x:[[0.06733696 0.00517659]] ev:{} outputs y:1.3743423534829222 (n:0.8145611215384956) c:1.0
num acquisition: 208, time elapsed: 57.39s
0
z
[0.13813117 0.00957619]
0.13813116918991517
f inputs x:[[0.06744686 0.00467587]] ev:{} outputs y:0.7252721994610283 (n:0.16459952032635186) c:1.0
num acquisition: 209, time elapsed: 57.94s
0
z
[0.13775669 0.00998029]
0.1377566869629988
f inputs x:[[0.06726401 0.00487319]] ev:{} outputs y:0.9868520690859511 (n:0.42634671045500816) c:1.0
num acquisition: 210, time elapsed: 58.49s
0
z
[0.13748994 0.01007182]
0.1374899438821046
f inputs x:[[0.06713376 0.00491788]] ev:{} outputs y:1.3444339504302847 (n:0.7838338290768241) c:1.0
num acquisition: 211, time elapsed: 59.11s
0
z
[0.137747   0.00936578]
0.13774700092901893
f inputs x:[[0.06725928 0.00457313]] ev:{} outputs y:1.2983026628971697 (n:0.7371380858473178) c:1.0
num acquisition: 212, time elapsed: 59.65s
0
z
[0.13770477 0.00906996]
0.13770477003857504
f inputs x:[[0.06723866 0.00442869]] ev:{} outputs y:0.12148319533743307 (n:-0.44003905814079797) c:1.0
num acquisition: 213, time elapsed: 60.26s
0
z
[0.13791426 0.00892931]
0.13791425685116523
f inputs x:[[0.06734095 0.00436001]] ev:{} outputs y:1.420791150752149 (n:0.8592488053973679) c:1.0
num acquisition: 214, time elapsed: 60.88s
0
z
[0.13783059 0.00853553]
0.1378305933946548
f inputs x:[[0.06730009 0.00416774]] ev:{} outputs y:0.8470153538164855 (n:0.284956334137359) c:1.0
num acquisition: 215, time elapsed: 61.50s
0
z
[0.13750168 0.00901973]
0.1375016805668547
f inputs x:[[0.06713949 0.00440416]] ev:{} outputs y:0.7219730246851155 (n:0.1602573871416914) c:1.0
num acquisition: 216, time elapsed: 62.16s
0
z
[0.13721286 0.00946673]
0.13721285573432968
f inputs x:[[0.06699846 0.00462243]] ev:{} outputs y:-0.40089273291489924 (n:-0.9623147806726949) c:1.0
num acquisition: 217, time elapsed: 62.79s
0
z
[0.1380612  0.00804421]
0.13806120049302603
f inputs x:[[0.0674127  0.00392784]] ev:{} outputs y:0.09042878300932228 (n:-0.4720829387680497) c:1.0
num acquisition: 218, time elapsed: 63.38s
0
z
[0.13843385 0.00760669]
0.13843385299809555
f inputs x:[[0.06759465 0.0037142 ]] ev:{} outputs y:1.8609744855184176 (n:1.2981334962428235) c:1.0
num acquisition: 219, time elapsed: 64.05s
0
z
[0.13782841 0.00682944]
0.13782841429858095
f inputs x:[[0.06729903 0.00333469]] ev:{} outputs y:0.768017289955563 (n:0.20375858516584436) c:1.0
num acquisition: 220, time elapsed: 64.75s
0
z
[0.13761708 0.0074342 ]
0.1376170780384408
f inputs x:[[0.06719584 0.00362998]] ev:{} outputs y:0.7560189551381133 (n:0.1924458028320343) c:1.0
num acquisition: 221, time elapsed: 65.45s
0
z
[0.13742763 0.00798117]
0.13742762984508228
f inputs x:[[0.06710333 0.00389706]] ev:{} outputs y:1.0206372251648366 (n:0.45764235864930897) c:1.0
num acquisition: 222, time elapsed: 66.14s
0
z
[0.13719562 0.00846113]
0.13719561674760358
f inputs x:[[0.06699005 0.00413141]] ev:{} outputs y:0.48429679884069154 (n:-0.07826748425877696) c:1.0
num acquisition: 223, time elapsed: 66.92s
0
z
[0.13711509 0.00878099]
0.13711509439606775
f inputs x:[[0.06695073 0.00428759]] ev:{} outputs y:-0.08316407152062766 (n:-0.6454104100423278) c:1.0
num acquisition: 224, time elapsed: 67.60s
0
z
[0.13736822 0.00815008]
0.1373682215538774
f inputs x:[[0.06707433 0.00397953]] ev:{} outputs y:0.3790648863373129 (n:-0.1837602140715286) c:1.0
num acquisition: 225, time elapsed: 68.34s
0
z
[0.13735899 0.00831817]
0.13735898651171458
f inputs x:[[0.06706982 0.0040616 ]] ev:{} outputs y:0.05007665685770635 (n:-0.5125507892243629) c:1.0
num acquisition: 226, time elapsed: 69.12s
0
z
[0.13758392 0.00789604]
0.13758392497183916
f inputs x:[[0.06717965 0.00385549]] ev:{} outputs y:0.023397516579065636 (n:-0.5396038720966732) c:1.0
num acquisition: 227, time elapsed: 69.85s
0
z
[0.13790573 0.00730558]
0.13790572803697054
f inputs x:[[0.06733678 0.00356718]] ev:{} outputs y:0.40507432999485726 (n:-0.15849055954631933) c:1.0
num acquisition: 228, time elapsed: 70.55s
0
z
[0.13793457 0.00743454]
0.1379345663642529
f inputs x:[[0.06735086 0.00363015]] ev:{} outputs y:0.3881370036361287 (n:-0.17523905875607518) c:1.0
num acquisition: 229, time elapsed: 71.30s
0
z
[0.13796713 0.00754678]
0.13796712619934354
f inputs x:[[0.06736676 0.00368495]] ev:{} outputs y:0.49157806992696745 (n:-0.07163035839168579) c:1.0
num acquisition: 230, time elapsed: 72.13s
0
z
[0.13789443 0.0078245 ]
0.13789442824515846
f inputs x:[[0.06733126 0.00382056]] ev:{} outputs y:0.39014060532883343 (n:-0.1727546294830624) c:1.0
num acquisition: 231, time elapsed: 72.94s
0
z
[0.13788668 0.00797574]
0.13788668435545273
f inputs x:[[0.06732748 0.00389441]] ev:{} outputs y:0.8866489230640522 (n:0.32394027111171636) c:1.0
num acquisition: 232, time elapsed: 73.75s
0
z
[0.13757837 0.00847525]
0.137578372716415
f inputs x:[[0.06717694 0.00413831]] ev:{} outputs y:1.0448794984984917 (n:0.4825834981631046) c:1.0
num acquisition: 233, time elapsed: 74.52s
0
z
[0.13734593 0.00879776]
0.13734592730351158
f inputs x:[[0.06706344 0.00429578]] ev:{} outputs y:1.245937910403319 (n:0.6838652722034906) c:1.0
num acquisition: 234, time elapsed: 75.36s
0
z
[0.13728766 0.00877555]
0.13728765727963385
f inputs x:[[0.06703499 0.00428494]] ev:{} outputs y:0.8820729346564238 (n:0.3199358682523819) c:1.0
num acquisition: 235, time elapsed: 76.18s
0
z
[0.13708849 0.00914773]
0.13708849362589517
f inputs x:[[0.06693774 0.00446666]] ev:{} outputs y:0.9428125736468549 (n:0.38095935702092315) c:1.0
num acquisition: 236, time elapsed: 77.08s
0
z
[0.13694559 0.00941472]
0.13694559434479958
f inputs x:[[0.06686797 0.00459703]] ev:{} outputs y:0.11510295917106389 (n:-0.44655947144675107) c:1.0
num acquisition: 237, time elapsed: 77.87s
0
z
[0.13695039 0.00939921]
0.13695038914221674
f inputs x:[[0.06687031 0.00458946]] ev:{} outputs y:1.608118307971887 (n:1.0464426537957017) c:1.0
num acquisition: 238, time elapsed: 78.74s
0
z
[0.13744716 0.00828614]
0.13744716407923627
f inputs x:[[0.06711287 0.00404597]] ev:{} outputs y:0.5648609575093199 (n:0.0022523741239326165) c:1.0
num acquisition: 239, time elapsed: 79.58s
0
z
[0.13731738 0.00864047]
0.1373173766582704
f inputs x:[[0.0670495  0.00421898]] ev:{} outputs y:1.225912548534625 (n:0.6636390665945229) c:1.0
num acquisition: 240, time elapsed: 80.43s
0
z
[0.13720968 0.0087223 ]
0.13720967846700477
f inputs x:[[0.06699691 0.00425894]] ev:{} outputs y:0.41593616736867567 (n:-0.14631420986609525) c:1.0
num acquisition: 241, time elapsed: 81.32s
0
z
[0.13712602 0.00896663]
0.13712602443002936
f inputs x:[[0.06695607 0.00437824]] ev:{} outputs y:0.5305902941897531 (n:-0.03143857647249719) c:1.0
num acquisition: 242, time elapsed: 82.18s
0
z
[0.13697478 0.00931116]
0.13697477977358483
f inputs x:[[0.06688222 0.00454646]] ev:{} outputs y:0.0822712732592622 (n:-0.4794819706101838) c:1.0
num acquisition: 243, time elapsed: 83.03s
0
z
[0.13702077 0.00921491]
0.13702076607224636
f inputs x:[[0.06690467 0.00449947]] ev:{} outputs y:0.7564901415871552 (n:0.19466417554404836) c:1.0
num acquisition: 244, time elapsed: 83.98s
0
z
[0.13684443 0.00957166]
0.1368444250945518
f inputs x:[[0.06681857 0.00467366]] ev:{} outputs y:1.7816299037899122 (n:1.220062609120423) c:1.0
num acquisition: 245, time elapsed: 84.85s
[0.06780997 0.00795276]
