INFO:GP:initializing Y
INFO:GP:initializing inference method
INFO:GP:adding kernel and likelihood as parameters
removed robo import in opts.py l17 due to theano errors
0
z
[-0.67017187 -1.49562308]
-0.6701718712834813
f inputs x:[[-0.32723236 -0.73028471]] ev:{} outputs y:5.721545129547128 (n:-0.22386516334797443) c:1.0
0
z
[0.09314238 0.50406447]
0.09314237519079234
f inputs x:[[0.04547968 0.24612523]] ev:{} outputs y:3.581965921104386 (n:0.30998871009788315) c:1.0
0
z
[-1.38422304 -0.90185949]
-1.3842230379720308
f inputs x:[[-0.67589016 -0.44036108]] ev:{} outputs y:6.945426174566651 (n:0.2598660147781794) c:1.0
0
z
[-0.40238149 -0.59870252]
-0.4023814896709464
f inputs x:[[-0.19647534 -0.29233521]] ev:{} outputs y:4.053068783736414 (n:-0.05484899454216771) c:1.0
0
z
[1.82374616 0.44292167]
1.8237461621590187
f inputs x:[[0.89050106 0.21627035]] ev:{} outputs y:6.052649027299383 (n:-0.6722903612090415) c:1.0
0
z
[0.06589816 0.44573797]
0.06589816487087251
f inputs x:[[0.03217684 0.21764549]] ev:{} outputs y:3.593183485121338 (n:0.531872467806802) c:1.0
num acquisition: 1, time elapsed: 0.15s
0
z
[ 0.24467182 -0.41372199]
0.24467181522019926
f inputs x:[[ 0.11946866 -0.20201269]] ev:{} outputs y:2.8068164924245225 (n:-0.3711922300581012) c:1.0
num acquisition: 2, time elapsed: 0.28s
0
z
[ 0.63313253 -0.9392216 ]
0.6331325278045364
f inputs x:[[ 0.30914674 -0.4586043 ]] ev:{} outputs y:5.252373078549673 (n:0.055448540699758575) c:1.0
num acquisition: 3, time elapsed: 0.38s
0
z
[ 0.13976741 -0.21595697]
0.13976741181690625
f inputs x:[[ 0.06824581 -0.10544774]] ev:{} outputs y:2.4246791795937384 (n:0.4387733811563814) c:1.0
num acquisition: 4, time elapsed: 0.52s
0
z
[ 0.41677628 -0.04097189]
0.41677628198214367
f inputs x:[[ 0.20350404 -0.02000581]] ev:{} outputs y:1.2161427071083695 (n:-0.5670229642269604) c:1.0
num acquisition: 5, time elapsed: 0.69s
0
z
[0.63232515 0.06609428]
0.6323251494907098
f inputs x:[[0.30875251 0.0322726 ]] ev:{} outputs y:3.7122218484707608 (n:1.2047811563027762) c:1.0
num acquisition: 6, time elapsed: 0.85s
0
z
[ 0.34546594 -0.09556799]
0.34546593876800835
f inputs x:[[ 0.16868454 -0.04666406]] ev:{} outputs y:2.192528927670553 (n:0.39292563862768887) c:1.0
num acquisition: 7, time elapsed: 1.03s
0
z
[ 0.26752758 -0.06358663]
0.2675275793626345
f inputs x:[[ 0.1306287  -0.03104816]] ev:{} outputs y:0.6717139822351735 (n:-0.5412010805923625) c:1.0
num acquisition: 8, time elapsed: 1.14s
0
z
[ 0.23686954 -0.01480099]
0.23686954022095963
f inputs x:[[ 0.11565896 -0.00722705]] ev:{} outputs y:0.5985640231973733 (n:-0.13628395569346732) c:1.0
num acquisition: 9, time elapsed: 1.28s
0
z
[0.22048849 0.04155762]
0.22048849329639078
f inputs x:[[0.1076604  0.02029181]] ev:{} outputs y:-0.024804316735005605 (n:-0.5026639390655826) c:1.0
num acquisition: 10, time elapsed: 1.41s
0
z
[0.23911968 0.09704446]
0.23911967872997128
f inputs x:[[0.11675766 0.04738499]] ev:{} outputs y:0.042897912735390786 (n:-0.5097626301399434) c:1.0
num acquisition: 11, time elapsed: 1.53s
0
z
[0.24246635 0.09584605]
0.24246635301616012
f inputs x:[[0.11839177 0.04679983]] ev:{} outputs y:0.4916379878611127 (n:-0.04554098378687978) c:1.0
num acquisition: 12, time elapsed: 1.63s
0
z
[0.19830683 0.07312629]
0.19830682572370933
f inputs x:[[0.0968295 0.0357062]] ev:{} outputs y:0.1202765763743242 (n:-0.4433088294776476) c:1.0
num acquisition: 13, time elapsed: 1.75s
0
z
[-2.048  2.048]
-2.048
f inputs x:[[-1.  1.]] ev:{} outputs y:6.779176832800553 (n:0.6244198266075617) c:1.0
num acquisition: 14, time elapsed: 1.85s
0
z
[ 2.048 -2.048]
2.048
f inputs x:[[ 1. -1.]] ev:{} outputs y:8.367714815501735 (n:0.09930759328419288) c:1.0
num acquisition: 15, time elapsed: 1.94s
0
z
[0.70389818 2.048     ]
0.703898177020009
f inputs x:[[0.34370028 1.        ]] ev:{} outputs y:5.6548207988961146 (n:0.16537991206147187) c:1.0
num acquisition: 16, time elapsed: 2.04s
0
z
[0.20261377 0.07526472]
0.20261376642428444
f inputs x:[[0.0989325  0.03675035]] ev:{} outputs y:-0.25952907481276255 (n:-0.8207855374261112) c:1.0
num acquisition: 17, time elapsed: 2.16s
0
z
[-2.048       0.48199326]
-2.048
f inputs x:[[-1.          0.23534827]] ev:{} outputs y:7.110994945928918 (n:-0.12492343356563947) c:1.0
num acquisition: 18, time elapsed: 2.27s
0
z
[0.1570181  0.07613548]
0.15701810171867542
f inputs x:[[0.07666899 0.03717553]] ev:{} outputs y:0.09456107939177893 (n:-0.5863342346201788) c:1.0
num acquisition: 19, time elapsed: 2.37s
0
z
[2.048 2.048]
2.048
f inputs x:[[1. 1.]] ev:{} outputs y:6.0717598404851465 (n:-0.06544956353455164) c:1.0
num acquisition: 20, time elapsed: 2.46s
0
z
[-0.616482  2.048   ]
-0.6164819991226012
f inputs x:[[-0.3010166  1.       ]] ev:{} outputs y:5.655110662369116 (n:0.013846649654860665) c:1.0
num acquisition: 21, time elapsed: 2.57s
0
z
[0.1848258 0.0789602]
0.1848257954487142
f inputs x:[[0.09024697 0.03855479]] ev:{} outputs y:0.9426477658856292 (n:0.3192743155884208) c:1.0
num acquisition: 22, time elapsed: 2.68s
0
z
[0.21711166 0.08664798]
0.21711166419514902
f inputs x:[[0.10601155 0.04230858]] ev:{} outputs y:1.3435439093578825 (n:0.7731169935202122) c:1.0
num acquisition: 23, time elapsed: 2.78s
0
z
[0.17462616 0.0665626 ]
0.1746261560403734
f inputs x:[[0.08526668 0.03250127]] ev:{} outputs y:0.5841341568338285 (n:-0.009929568056816825) c:1.0
num acquisition: 24, time elapsed: 2.90s
0
z
[0.18370927 0.06825315]
0.18370926799817386
f inputs x:[[0.08970179 0.03332673]] ev:{} outputs y:0.10775771716348309 (n:-0.47187554065463594) c:1.0
num acquisition: 25, time elapsed: 3.00s
0
z
[-2.048 -2.048]
-2.048
f inputs x:[[-1. -1.]] ev:{} outputs y:8.339203533400882 (n:0.06869732082723343) c:1.0
num acquisition: 26, time elapsed: 3.11s
0
z
[0.1759934  0.06853795]
0.17599339853770807
f inputs x:[[0.08593428 0.03346579]] ev:{} outputs y:0.4486206307522689 (n:-0.15026768944800292) c:1.0
num acquisition: 27, time elapsed: 3.23s
0
z
[0.18075954 0.06985061]
0.1807595395615609
f inputs x:[[0.08826149 0.03410674]] ev:{} outputs y:1.3870101731312081 (n:0.7940343021373193) c:1.0
num acquisition: 28, time elapsed: 3.34s
0
z
[0.18449726 0.0653342 ]
0.18449725975435713
f inputs x:[[0.09008655 0.03190147]] ev:{} outputs y:0.6002968253013162 (n:0.033290017902189176) c:1.0
num acquisition: 29, time elapsed: 3.44s
0
z
[0.18895364 0.06673021]
0.18895364079748003
f inputs x:[[0.09226252 0.03258311]] ev:{} outputs y:1.3280986183896828 (n:0.7661643768052155) c:1.0
num acquisition: 30, time elapsed: 3.56s
0
z
[0.18568429 0.06234468]
0.18568428880955248
f inputs x:[[0.09066616 0.03044174]] ev:{} outputs y:-0.04706389180786019 (n:-0.6013866181807938) c:1.0
num acquisition: 31, time elapsed: 3.68s
0
z
[0.17861363 0.06171038]
0.17861362943626533
f inputs x:[[0.08721369 0.03013202]] ev:{} outputs y:-0.06412704705400718 (n:-0.6314414722429423) c:1.0
num acquisition: 32, time elapsed: 3.80s
0
z
[0.16817655 0.06022497]
0.16817655214788887
f inputs x:[[0.08211746 0.02940672]] ev:{} outputs y:0.8244819477159173 (n:0.24005820262919153) c:1.0
num acquisition: 33, time elapsed: 3.92s
0
z
[0.17870597 0.06257554]
0.17870596579106832
f inputs x:[[0.08725877 0.03055446]] ev:{} outputs y:0.4550712352102392 (n:-0.1150057214590575) c:1.0
num acquisition: 34, time elapsed: 4.03s
0
z
[0.1811649 0.0637703]
0.1811649043694486
f inputs x:[[0.08845943 0.03113784]] ev:{} outputs y:0.28654853601522995 (n:-0.28232627090898416) c:1.0
num acquisition: 35, time elapsed: 4.17s
0
z
[0.18152895 0.0646574 ]
0.18152895013452014
f inputs x:[[0.08863718 0.03157099]] ev:{} outputs y:0.14579079858998878 (n:-0.4254221966660585) c:1.0
num acquisition: 36, time elapsed: 4.29s
0
z
[0.17992376 0.06518251]
0.17992376398563667
f inputs x:[[0.0878534 0.0318274]] ev:{} outputs y:0.6041436044842773 (n:0.02743233605898408) c:1.0
num acquisition: 37, time elapsed: 4.41s
0
z
[0.18380287 0.06627243]
0.18380287286027047
f inputs x:[[0.0897475  0.03235959]] ev:{} outputs y:0.16646289306454815 (n:-0.40549405187961224) c:1.0
num acquisition: 38, time elapsed: 4.52s
0
z
[0.1836196  0.06713698]
0.1836196021676298
f inputs x:[[0.08965801 0.03278173]] ev:{} outputs y:0.4315256653313931 (n:-0.1440602644665699) c:1.0
num acquisition: 39, time elapsed: 4.64s
0
z
[ 0.30929634 -2.048     ]
0.3092963411774976
f inputs x:[[ 0.1510236 -1.       ]] ev:{} outputs y:6.908224826475903 (n:0.7748122429928356) c:1.0
num acquisition: 40, time elapsed: 4.76s
0
z
[0.18059273 0.06662709]
0.1805927306006878
f inputs x:[[0.08818004 0.03253276]] ev:{} outputs y:1.0372107770637862 (n:0.45660589355329323) c:1.0
num acquisition: 41, time elapsed: 4.90s
0
z
[0.18355975 0.06605974]
0.18355974633996286
f inputs x:[[0.08962878 0.03225573]] ev:{} outputs y:1.9324915118674078 (n:1.3607621839174804) c:1.0
num acquisition: 42, time elapsed: 5.02s
0
z
[0.16877259 0.05683002]
0.16877258774438056
f inputs x:[[0.08240849 0.02774903]] ev:{} outputs y:-0.03931410950474634 (n:-0.6110208708450002) c:1.0
num acquisition: 43, time elapsed: 5.19s
0
z
[0.15672224 0.05409512]
0.15672223790711443
f inputs x:[[0.07652453 0.02641363]] ev:{} outputs y:1.3153959422921557 (n:0.7285326185135184) c:1.0
num acquisition: 44, time elapsed: 5.33s
0
z
[0.17653485 0.05872757]
0.17653484657931082
f inputs x:[[0.08619866 0.02867557]] ev:{} outputs y:1.063427676965472 (n:0.5014906573160506) c:1.0
num acquisition: 45, time elapsed: 5.47s
0
z
[0.18111583 0.05976994]
0.181115833488171
f inputs x:[[0.08843547 0.02918454]] ev:{} outputs y:0.8169374737810899 (n:0.2611615304199703) c:1.0
num acquisition: 46, time elapsed: 5.61s
0
z
[0.18424589 0.06080704]
0.18424588860806806
f inputs x:[[0.08996381 0.02969094]] ev:{} outputs y:1.0562081773309355 (n:0.5037013739708287) c:1.0
num acquisition: 47, time elapsed: 5.74s
0
z
[0.18542954 0.06079043]
0.18542953893402994
f inputs x:[[0.09054177 0.02968283]] ev:{} outputs y:0.50642377854793 (n:-0.04357701590746033) c:1.0
num acquisition: 48, time elapsed: 5.87s
0
z
[0.18782588 0.06197344]
0.18782587772675097
f inputs x:[[0.09171185 0.03026047]] ev:{} outputs y:0.17536499941340034 (n:-0.3732698352631565) c:1.0
num acquisition: 49, time elapsed: 6.01s
0
z
[0.18927457 0.06305651]
0.18927457172473133
f inputs x:[[0.09241922 0.03078931]] ev:{} outputs y:1.179990877395681 (n:0.6310420712674107) c:1.0
num acquisition: 50, time elapsed: 6.14s
0
z
[0.18667621 0.06137454]
0.1866762068557509
f inputs x:[[0.09115049 0.02996804]] ev:{} outputs y:0.5328992833099655 (n:-0.0162974420573893) c:1.0
num acquisition: 51, time elapsed: 6.27s
0
z
[0.18900021 0.06248818]
0.18900021003634887
f inputs x:[[0.09228526 0.0305118 ]] ev:{} outputs y:0.22864454987224775 (n:-0.31911170796129423) c:1.0
num acquisition: 52, time elapsed: 6.42s
0
z
[0.19094166 0.06369784]
0.1909416598856551
f inputs x:[[0.09323323 0.03110246]] ev:{} outputs y:1.0198117765883628 (n:0.4724002274084841) c:1.0
num acquisition: 53, time elapsed: 6.58s
0
z
[0.18971658 0.06281881]
0.18971658208562833
f inputs x:[[0.09263505 0.03067325]] ev:{} outputs y:0.9499569435087131 (n:0.4026885379887666) c:1.0
num acquisition: 54, time elapsed: 6.72s
0
z
[0.18982402 0.06261324]
0.18982402398655773
f inputs x:[[0.09268751 0.03057287]] ev:{} outputs y:0.5504657544280711 (n:0.004059580637181538) c:1.0
num acquisition: 55, time elapsed: 6.86s
0
z
[0.19205924 0.06367394]
0.1920592414976803
f inputs x:[[0.09377893 0.03109079]] ev:{} outputs y:-0.06685062957250998 (n:-0.6118014683367038) c:1.0
num acquisition: 56, time elapsed: 7.02s
0
z
[0.19350608 0.06482951]
0.1935060802442249
f inputs x:[[0.09448539 0.03165503]] ev:{} outputs y:-0.0240962892842721 (n:-0.5695701248119411) c:1.0
num acquisition: 57, time elapsed: 7.19s
0
z
[0.19613068 0.06652165]
0.19613067865919356
f inputs x:[[0.09576693 0.03248128]] ev:{} outputs y:0.7496601083268624 (n:0.20448472515636804) c:1.0
num acquisition: 58, time elapsed: 7.34s
0
z
[0.19635369 0.06650266]
0.19635368592292843
f inputs x:[[0.09587582 0.032472  ]] ev:{} outputs y:0.9958701543438011 (n:0.4512485891297064) c:1.0
num acquisition: 59, time elapsed: 7.49s
0
z
[0.19341337 0.06487877]
0.19341337223270968
f inputs x:[[0.09444012 0.03167909]] ev:{} outputs y:0.21610767884048526 (n:-0.32972340596647215) c:1.0
num acquisition: 60, time elapsed: 7.64s
0
z
[0.19618756 0.06642334]
0.1961875555390843
f inputs x:[[0.0957947  0.03243327]] ev:{} outputs y:0.9881744919543527 (n:0.44344374783844975) c:1.0
num acquisition: 61, time elapsed: 7.82s
0
z
[0.1935278  0.06494768]
0.1935278016540847
f inputs x:[[0.094496   0.03171273]] ev:{} outputs y:0.9863458080933944 (n:0.4405432303952283) c:1.0
num acquisition: 62, time elapsed: 7.98s
0
z
[0.19206432 0.06404683]
0.1920643151588072
f inputs x:[[0.0937814  0.03127287]] ev:{} outputs y:0.15193852484313836 (n:-0.3941672640982892) c:1.0
num acquisition: 63, time elapsed: 8.13s
0
z
[0.19398005 0.06520902]
0.1939800493472164
f inputs x:[[0.09471682 0.03184034]] ev:{} outputs y:-0.3654058293189073 (n:-0.9110606039977431) c:1.0
num acquisition: 64, time elapsed: 8.29s
0
z
[0.19441555 0.06609661]
0.1944155549402789
f inputs x:[[0.09492947 0.03227374]] ev:{} outputs y:1.0383275311196352 (n:0.49075495316106377) c:1.0
num acquisition: 65, time elapsed: 8.44s
0
z
[0.19188449 0.06461928]
0.19188448721178883
f inputs x:[[0.0936936  0.03155238]] ev:{} outputs y:0.5306496094151018 (n:-0.01766403656979524) c:1.0
num acquisition: 66, time elapsed: 8.60s
0
z
[0.19366704 0.06545901]
0.19366703607881372
f inputs x:[[0.09456398 0.03196241]] ev:{} outputs y:0.05965057774065169 (n:-0.48749044897029675) c:1.0
num acquisition: 67, time elapsed: 8.77s
0
z
[0.19599908 0.06689967]
0.1959990808151957
f inputs x:[[0.09570268 0.03266585]] ev:{} outputs y:0.961413571889393 (n:0.4147085104498955) c:1.0
num acquisition: 68, time elapsed: 8.92s
0
z
[0.19382433 0.06563999]
0.19382433296200055
f inputs x:[[0.09464079 0.03205078]] ev:{} outputs y:1.2198113496288951 (n:0.6724280164759185) c:1.0
num acquisition: 69, time elapsed: 9.08s
0
z
[0.18966365 0.06338602]
0.18966364536006644
f inputs x:[[0.0926092 0.0309502]] ev:{} outputs y:0.7611409472660329 (n:0.21198180927764254) c:1.0
num acquisition: 70, time elapsed: 9.24s
0
z
[0.19085536 0.06379898]
0.19085535787972388
f inputs x:[[0.09319109 0.03115185]] ev:{} outputs y:1.0886469033851154 (n:0.5407310932935245) c:1.0
num acquisition: 71, time elapsed: 9.41s
0
z
[0.18989759 0.06309144]
0.1898975923482709
f inputs x:[[0.09272343 0.03080636]] ev:{} outputs y:1.7122630159678696 (n:1.164529060184997) c:1.0
num acquisition: 72, time elapsed: 9.58s
0
z
[0.18304698 0.05954397]
0.18304697755137841
f inputs x:[[0.08937841 0.0290742 ]] ev:{} outputs y:-0.594911218191995 (n:-1.1460389689689352) c:1.0
num acquisition: 73, time elapsed: 9.75s
0
z
[0.17001788 0.05516536]
0.17001788172482313
f inputs x:[[0.08301654 0.02693621]] ev:{} outputs y:0.724478657401433 (n:0.1604012402609661) c:1.0
num acquisition: 74, time elapsed: 9.92s
0
z
[0.17352795 0.05636944]
0.17352795354438474
f inputs x:[[0.08473045 0.02752414]] ev:{} outputs y:0.10852353969954753 (n:-0.45223537348908116) c:1.0
num acquisition: 75, time elapsed: 10.10s
0
z
[0.16721641 0.05453076]
0.16721640966051698
f inputs x:[[0.08164864 0.02662635]] ev:{} outputs y:1.325261336990301 (n:0.7576082290848312) c:1.0
num acquisition: 76, time elapsed: 10.28s
0
z
[0.17932937 0.05818831]
0.17932936520320017
f inputs x:[[0.08756317 0.02841226]] ev:{} outputs y:0.901862639755111 (n:0.3472578459242163) c:1.0
num acquisition: 77, time elapsed: 10.48s
0
z
[0.18244277 0.05927944]
0.18244277144808355
f inputs x:[[0.08908338 0.02894504]] ev:{} outputs y:1.1048443427810075 (n:0.5532785783443827) c:1.0
num acquisition: 78, time elapsed: 10.67s
0
z
[0.1848292  0.06001326]
0.18482919712054333
f inputs x:[[0.09024863 0.02930335]] ev:{} outputs y:-0.22918480706714806 (n:-0.7780764740432727) c:1.0
num acquisition: 79, time elapsed: 10.84s
0
z
[0.18058337 0.05862885]
0.18058336894916296
f inputs x:[[0.08817547 0.02862737]] ev:{} outputs y:0.4109356765039645 (n:-0.14245495368989008) c:1.0
num acquisition: 80, time elapsed: 11.02s
0
z
[0.18061667 0.05878522]
0.18061666983991684
f inputs x:[[0.08819173 0.02870372]] ev:{} outputs y:-0.27970281329043023 (n:-0.833495068518593) c:1.0
num acquisition: 81, time elapsed: 11.21s
0
z
[0.17322257 0.05639683]
0.17322256932532784
f inputs x:[[0.08458133 0.02753752]] ev:{} outputs y:1.3872213407123437 (n:0.8257739692567672) c:1.0
num acquisition: 82, time elapsed: 11.40s
0
z
[0.18097435 0.05873097]
0.18097435461584999
f inputs x:[[0.08836638 0.02867723]] ev:{} outputs y:0.3806492872055657 (n:-0.1722555502035937) c:1.0
num acquisition: 83, time elapsed: 11.59s
0
z
[0.18095201 0.05886679]
0.18095201204311454
f inputs x:[[0.08835547 0.02874355]] ev:{} outputs y:0.7912249017042047 (n:0.2378677624754503) c:1.0
num acquisition: 84, time elapsed: 11.77s
0
z
[0.18304678 0.05964529]
0.18304677927716761
f inputs x:[[0.08937831 0.02912368]] ev:{} outputs y:1.1780325073699216 (n:0.6265997352903244) c:1.0
num acquisition: 85, time elapsed: 11.97s
0
z
[0.18469108 0.0600575 ]
0.18469107873841104
f inputs x:[[0.09018119 0.02932495]] ev:{} outputs y:0.7632120569227621 (n:0.21390535141608386) c:1.0
num acquisition: 86, time elapsed: 12.17s
0
z
[0.18614726 0.06063607]
0.18614725994822554
f inputs x:[[0.09089222 0.02960746]] ev:{} outputs y:0.49658158134832125 (n:-0.05147028886086084) c:1.0
num acquisition: 87, time elapsed: 12.37s
0
z
[0.18725551 0.06117508]
0.187255505639194
f inputs x:[[0.09143335 0.02987064]] ev:{} outputs y:0.37991045581139543 (n:-0.1674761025510389) c:1.0
num acquisition: 88, time elapsed: 12.55s
0
z
[0.18829222 0.06172176]
0.18829222488864084
f inputs x:[[0.09193956 0.03013758]] ev:{} outputs y:0.7768282711705576 (n:0.22993927392109031) c:1.0
num acquisition: 89, time elapsed: 12.75s
0
z
[0.18918455 0.06206804]
0.18918455334045758
f inputs x:[[0.09237527 0.03030666]] ev:{} outputs y:0.5949792097772066 (n:0.04889973110934661) c:1.0
num acquisition: 90, time elapsed: 12.96s
0
z
[0.19038568 0.06261549]
0.1903856802807023
f inputs x:[[0.09296176 0.03057397]] ev:{} outputs y:0.48301454978129965 (n:-0.06221632867032721) c:1.0
num acquisition: 91, time elapsed: 13.15s
0
z
[0.19181068 0.06329823]
0.19181068035899176
f inputs x:[[0.09365756 0.03090734]] ev:{} outputs y:0.6040648089535641 (n:0.05974743002812687) c:1.0
num acquisition: 92, time elapsed: 13.35s
0
z
[0.19294635 0.06381913]
0.19294634932543672
f inputs x:[[0.09421208 0.03116169]] ev:{} outputs y:0.4055007412689542 (n:-0.13801055651083474) c:1.0
num acquisition: 93, time elapsed: 13.56s
0
z
[0.19481898 0.06473199]
0.1948189773708669
f inputs x:[[0.09512645 0.03160742]] ev:{} outputs y:1.2932145399891746 (n:0.7508784921766815) c:1.0
num acquisition: 94, time elapsed: 13.76s
0
z
[0.18959442 0.06222603]
0.18959442391424985
f inputs x:[[0.0925754 0.0303838]] ev:{} outputs y:0.07528413940414735 (n:-0.4704187034559981) c:1.0
num acquisition: 95, time elapsed: 13.98s
0
z
[0.1904545  0.06276464]
0.19045449656643876
f inputs x:[[0.09299536 0.0306468 ]] ev:{} outputs y:2.0668373535478506 (n:1.5212943565199937) c:1.0
num acquisition: 96, time elapsed: 14.19s
0
z
[0.17926657 0.05753669]
0.17926656520696316
f inputs x:[[0.0875325  0.02809409]] ev:{} outputs y:1.2388918925128571 (n:0.6860876306494483) c:1.0
num acquisition: 97, time elapsed: 14.39s
0
z
[0.18302562 0.05880706]
0.18302561867287873
f inputs x:[[0.08936798 0.02871439]] ev:{} outputs y:0.5133259543919446 (n:-0.03566219054385746) c:1.0
num acquisition: 98, time elapsed: 14.59s
0
z
[0.18364776 0.059128  ]
0.18364776195312008
f inputs x:[[0.08967176 0.02887109]] ev:{} outputs y:1.2808352688477047 (n:0.7321622233464548) c:1.0
num acquisition: 99, time elapsed: 14.82s
0
z
[0.185073   0.05953201]
0.18507300172219845
f inputs x:[[0.09036768 0.02906837]] ev:{} outputs y:0.6724076734034465 (n:0.12543499440294606) c:1.0
num acquisition: 100, time elapsed: 15.04s
0
z
[0.18621508 0.06003623]
0.18621508104481668
f inputs x:[[0.09092533 0.02931457]] ev:{} outputs y:0.2488369647647255 (n:-0.29729387174497857) c:1.0
num acquisition: 101, time elapsed: 15.25s
0
z
[0.18633958 0.06018909]
0.18633957971338486
f inputs x:[[0.09098612 0.0293892 ]] ev:{} outputs y:0.08118448145200552 (n:-0.4651424256663105) c:1.0
num acquisition: 102, time elapsed: 15.48s
0
z
[0.18579655 0.06008847]
0.18579655406578824
f inputs x:[[0.09072097 0.02934007]] ev:{} outputs y:0.6180511910744326 (n:0.07091286850291713) c:1.0
num acquisition: 103, time elapsed: 15.70s
0
z
[0.18681989 0.06054866]
0.18681988959500542
f inputs x:[[0.09122065 0.02956478]] ev:{} outputs y:0.2791413124110879 (n:-0.2672669074593143) c:1.0
num acquisition: 104, time elapsed: 15.92s
0
z
[0.18726046 0.060833  ]
0.1872604603500233
f inputs x:[[0.09143577 0.02970362]] ev:{} outputs y:0.8566548640887264 (n:0.3103055839286551) c:1.0
num acquisition: 105, time elapsed: 16.14s
0
z
[0.18806393 0.06113966]
0.1880639252144782
f inputs x:[[0.09182809 0.02985335]] ev:{} outputs y:-0.23925852018334126 (n:-0.784866834314196) c:1.0
num acquisition: 106, time elapsed: 16.34s
0
z
[0.18690039 0.06081663]
0.18690038504587228
f inputs x:[[0.09125995 0.02969562]] ev:{} outputs y:0.7505218659851133 (n:0.20347985183804432) c:1.0
num acquisition: 107, time elapsed: 16.58s
0
z
[0.18785634 0.06120861]
0.18785634230948056
f inputs x:[[0.09172673 0.02988701]] ev:{} outputs y:0.44725063676855137 (n:-0.09899311498388673) c:1.0
num acquisition: 108, time elapsed: 16.80s
0
z
[0.18880894 0.06167667]
0.18880894038411
f inputs x:[[0.09219187 0.03011556]] ev:{} outputs y:0.2954816497279732 (n:-0.250195074343291) c:1.0
num acquisition: 109, time elapsed: 17.03s
0
z
[0.18980872 0.06219817]
0.1898087247099125
f inputs x:[[0.09268004 0.0303702 ]] ev:{} outputs y:-0.004203842466385388 (n:-0.5493735288581529) c:1.0
num acquisition: 110, time elapsed: 17.25s
0
z
[0.19069962 0.06273691]
0.19069961671282834
f inputs x:[[0.09311505 0.03063326]] ev:{} outputs y:0.46607785404937624 (n:-0.07886381325286614) c:1.0
num acquisition: 111, time elapsed: 17.47s
0
z
[0.19195014 0.06333602]
0.19195013790379292
f inputs x:[[0.09372565 0.03092579]] ev:{} outputs y:-0.004284283081931628 (n:-0.548422489211929) c:1.0
num acquisition: 112, time elapsed: 17.72s
0
z
[0.19387872 0.06435339]
0.19387871984614966
f inputs x:[[0.09466734 0.03142255]] ev:{} outputs y:1.1262494488113215 (n:0.5830737817726865) c:1.0
num acquisition: 113, time elapsed: 17.96s
0
z
[0.19102535 0.0629507 ]
0.19102535082848743
f inputs x:[[0.0932741  0.03073765]] ev:{} outputs y:0.5666539531633161 (n:0.021743921177431763) c:1.0
num acquisition: 114, time elapsed: 18.20s
0
z
[0.19202231 0.06341153]
0.19202231142952209
f inputs x:[[0.09376089 0.03096266]] ev:{} outputs y:1.0679729238278286 (n:0.5237553100650383) c:1.0
num acquisition: 115, time elapsed: 18.45s
0
z
[0.19044553 0.06261098]
0.19044552558980543
f inputs x:[[0.09299098 0.03057177]] ev:{} outputs y:0.7267717043143089 (n:0.18168040853280298) c:1.0
num acquisition: 116, time elapsed: 18.70s
0
z
[0.19098491 0.06283043]
0.19098490950994318
f inputs x:[[0.09325435 0.03067892]] ev:{} outputs y:0.8582581613501947 (n:0.31363125241663214) c:1.0
num acquisition: 117, time elapsed: 18.94s
0
z
[0.19093771 0.06276383]
0.1909377087029973
f inputs x:[[0.0932313 0.0306464]] ev:{} outputs y:0.4038659717975507 (n:-0.1406568339621759) c:1.0
num acquisition: 118, time elapsed: 19.20s
0
z
[0.19221189 0.06337881]
0.1922118939988964
f inputs x:[[0.09385346 0.03094669]] ev:{} outputs y:0.6585780665073468 (n:0.11486283285596048) c:1.0
num acquisition: 119, time elapsed: 19.46s
0
z
[0.19285054 0.06366113]
0.19285053854364897
f inputs x:[[0.0941653  0.03108454]] ev:{} outputs y:1.2726968671058896 (n:0.7294687486240681) c:1.0
num acquisition: 120, time elapsed: 19.70s
0
z
[0.18943965 0.06203513]
0.18943965312061384
f inputs x:[[0.09249983 0.03029059]] ev:{} outputs y:-0.5294199799313044 (n:-1.07486645406135) c:1.0
num acquisition: 121, time elapsed: 19.95s
0
z
[0.18773906 0.06152721]
0.1877390586010019
f inputs x:[[0.09166946 0.03004258]] ev:{} outputs y:0.5448540732326189 (n:-0.002595605441567881) c:1.0
num acquisition: 122, time elapsed: 20.20s
0
z
[0.18855957 0.06190594]
0.18855957398029735
f inputs x:[[0.0920701  0.03022751]] ev:{} outputs y:1.2586607586879943 (n:0.7117688507978925) c:1.0
num acquisition: 123, time elapsed: 20.47s
0
z
[0.18758508 0.06131847]
0.18758508103854657
f inputs x:[[0.09159428 0.02994066]] ev:{} outputs y:0.40261738597872077 (n:-0.14451930212154798) c:1.0
num acquisition: 124, time elapsed: 20.73s
0
z
[0.18824542 0.0616615 ]
0.1882454198006445
f inputs x:[[0.09191671 0.03010816]] ev:{} outputs y:-0.04804985894276492 (n:-0.5948533051019884) c:1.0
num acquisition: 125, time elapsed: 21.00s
0
z
[0.18803665 0.06173221]
0.18803665067594758
f inputs x:[[0.09181477 0.03014268]] ev:{} outputs y:-0.16241234620787293 (n:-0.7098662038384955) c:1.0
num acquisition: 126, time elapsed: 21.27s
0
z
[0.1873269  0.06163527]
0.1873268979817993
f inputs x:[[0.09146821 0.03009534]] ev:{} outputs y:0.6907856445067299 (n:0.1421467812240835) c:1.0
num acquisition: 127, time elapsed: 21.54s
0
z
[0.18811317 0.06195037]
0.18811317113045142
f inputs x:[[0.09185213 0.03024921]] ev:{} outputs y:0.7567100538194076 (n:0.20874829976926276) c:1.0
num acquisition: 128, time elapsed: 21.80s
0
z
[0.18875459 0.0621865 ]
0.1887545851516434
f inputs x:[[0.09216532 0.0303645 ]] ev:{} outputs y:0.2674475168352205 (n:-0.2798949516295366) c:1.0
num acquisition: 129, time elapsed: 22.12s
0
z
[0.1895073  0.06261024]
0.18950730045784803
f inputs x:[[0.09253286 0.03057141]] ev:{} outputs y:0.3332354870152002 (n:-0.21382907083348981) c:1.0
num acquisition: 130, time elapsed: 22.38s
0
z
[0.19046993 0.06310977]
0.19046993367842896
f inputs x:[[0.0930029  0.03081532]] ev:{} outputs y:0.1392826604644849 (n:-0.40729366410651113) c:1.0
num acquisition: 131, time elapsed: 22.65s
0
z
[0.19167267 0.06377261]
0.1916726681681104
f inputs x:[[0.09359017 0.03113897]] ev:{} outputs y:0.8135369464940914 (n:0.26745353151198104) c:1.0
num acquisition: 132, time elapsed: 22.91s
0
z
[0.19152803 0.06364651]
0.19152802655989484
f inputs x:[[0.09351954 0.0310774 ]] ev:{} outputs y:0.8268341628045399 (n:0.2808363257921809) c:1.0
num acquisition: 133, time elapsed: 23.19s
0
z
[0.19135946 0.06350961]
0.19135946173415413
f inputs x:[[0.09343724 0.03101055]] ev:{} outputs y:0.6525618307142859 (n:0.10663184208537625) c:1.0
num acquisition: 134, time elapsed: 23.48s
0
z
[0.19189434 0.06373316]
0.1918943361442796
f inputs x:[[0.09369841 0.03111971]] ev:{} outputs y:0.05907736417506532 (n:-0.4864094277717443) c:1.0
num acquisition: 135, time elapsed: 23.78s
0
z
[0.19359347 0.06463318]
0.19359347282280517
f inputs x:[[0.09452806 0.03155917]] ev:{} outputs y:0.7891743611988775 (n:0.24451005809724125) c:1.0
num acquisition: 136, time elapsed: 24.07s
0
z
[0.19323303 0.06441955]
0.1932330347531142
f inputs x:[[0.09435207 0.03145486]] ev:{} outputs y:0.8695293098883001 (n:0.3247611898602222) c:1.0
num acquisition: 137, time elapsed: 24.37s
0
z
[0.19248255 0.06401522]
0.1924825498908035
f inputs x:[[0.09398562 0.03125743]] ev:{} outputs y:0.015564476967074636 (n:-0.5295462071197703) c:1.0
num acquisition: 138, time elapsed: 24.66s
0
z
[0.19439944 0.06502351]
0.1943994430166262
f inputs x:[[0.0949216  0.03174976]] ev:{} outputs y:0.055187139414567654 (n:-0.48896827724108327) c:1.0
num acquisition: 139, time elapsed: 24.96s
0
z
[0.19708012 0.06639717]
0.1970801210144167
f inputs x:[[0.09623053 0.03242049]] ev:{} outputs y:0.3383854636802872 (n:-0.20429744336859038) c:1.0
num acquisition: 140, time elapsed: 25.28s
0
z
[0.19935334 0.06753289]
0.19935333691711984
f inputs x:[[0.0973405  0.03297504]] ev:{} outputs y:0.6264229606020413 (n:0.08510509666001127) c:1.0
num acquisition: 141, time elapsed: 25.56s
0
z
[0.19956174 0.06761631]
0.19956173845443748
f inputs x:[[0.09744226 0.03301577]] ev:{} outputs y:1.293037443048107 (n:0.7519128785992671) c:1.0
num acquisition: 142, time elapsed: 25.86s
0
z
[0.19234405 0.06411298]
0.19234404529762245
f inputs x:[[0.09391799 0.03130517]] ev:{} outputs y:0.6503855087058663 (n:0.10467164054460926) c:1.0
num acquisition: 143, time elapsed: 26.17s
0
z
[0.19277178 0.06428633]
0.19277177998705494
f inputs x:[[0.09412685 0.03138981]] ev:{} outputs y:-0.08753710586105601 (n:-0.6328777537497896) c:1.0
num acquisition: 144, time elapsed: 26.50s
0
z
[0.19468133 0.06532539]
0.1946813340349341
f inputs x:[[0.09505925 0.03189716]] ev:{} outputs y:0.42591217903890705 (n:-0.1185893074212106) c:1.0
num acquisition: 145, time elapsed: 26.86s
0
z
[0.19604829 0.06599158]
0.19604828872691518
f inputs x:[[0.0957267  0.03222245]] ev:{} outputs y:0.22638619461834197 (n:-0.3172600238084968) c:1.0
num acquisition: 146, time elapsed: 27.22s
0
z
[0.19851903 0.06723896]
0.1985190282993192
f inputs x:[[0.09693312 0.03283152]] ev:{} outputs y:0.35051807856334616 (n:-0.19170036277022492) c:1.0
num acquisition: 147, time elapsed: 27.55s
0
z
[0.20079499 0.0683851 ]
0.20079498611063568
f inputs x:[[0.09804443 0.03339116]] ev:{} outputs y:-0.4167628374908663 (n:-0.9576333797736246) c:1.0
num acquisition: 148, time elapsed: 27.87s
0
z
[0.20833223 0.0724942 ]
0.2083322313078886
f inputs x:[[0.10172472 0.03539756]] ev:{} outputs y:0.11578459823728077 (n:-0.4215105619732497) c:1.0
num acquisition: 149, time elapsed: 28.24s
0
z
[0.2149402  0.07625393]
0.21494019694096014
f inputs x:[[0.10495127 0.03723336]] ev:{} outputs y:0.3955950968460952 (n:-0.13893556053697562) c:1.0
num acquisition: 150, time elapsed: 28.58s
0
z
[0.21829285 0.07824346]
0.21829285152477612
f inputs x:[[0.10658831 0.03820481]] ev:{} outputs y:0.031544970387005655 (n:-0.5018155442714228) c:1.0
num acquisition: 151, time elapsed: 28.93s
0
z
[0.22850785 0.08483563]
0.2285078539169349
f inputs x:[[0.1115761  0.04142365]] ev:{} outputs y:0.6340155416220916 (n:0.10244351307612458) c:1.0
num acquisition: 152, time elapsed: 29.29s
0
z
[0.22603801 0.08313163]
0.2260380132165066
f inputs x:[[0.11037012 0.04059162]] ev:{} outputs y:0.6066984009746726 (n:0.0750921837487782) c:1.0
num acquisition: 153, time elapsed: 29.61s
0
z
[ 2.048      -0.64766243]
2.048
f inputs x:[[ 1.         -0.31624142]] ev:{} outputs y:7.4783117831677695 (n:-0.2823948561223) c:1.0
num acquisition: 154, time elapsed: 29.94s
0
z
[0.22030786 0.07991758]
0.22030786187495827
f inputs x:[[0.1075722  0.03902226]] ev:{} outputs y:1.470250568585279 (n:0.9358629202951165) c:1.0
num acquisition: 155, time elapsed: 30.30s
0
z
[0.20133276 0.06901842]
0.2013327568149068
f inputs x:[[0.09830701 0.0337004 ]] ev:{} outputs y:0.8879581803575121 (n:0.3462151069254851) c:1.0
num acquisition: 156, time elapsed: 30.67s
0
z
[0.19924279 0.06790474]
0.19924278588123118
f inputs x:[[0.09728652 0.03315661]] ev:{} outputs y:-0.6714668643343363 (n:-1.2142421574454276) c:1.0
num acquisition: 157, time elapsed: 31.03s
0
z
[0.20392568 0.07060427]
0.2039256849734678
f inputs x:[[0.09957309 0.03447474]] ev:{} outputs y:0.3635045984409888 (n:-0.17762253926834304) c:1.0
num acquisition: 158, time elapsed: 31.41s
0
z
[0.20601528 0.0717367 ]
0.20601528146775655
f inputs x:[[0.1005934  0.03502769]] ev:{} outputs y:0.6370128552576368 (n:0.09688402790041566) c:1.0
num acquisition: 159, time elapsed: 31.84s
0
z
[0.20566697 0.07152113]
0.20566696929442507
f inputs x:[[0.10042332 0.03492243]] ev:{} outputs y:0.28035435613627435 (n:-0.2598507429100563) c:1.0
num acquisition: 160, time elapsed: 32.20s
0
z
[0.20857223 0.07313041]
0.20857222990605084
f inputs x:[[0.10184191 0.03570821]] ev:{} outputs y:-0.1930717490035453 (n:-0.7319832116759046) c:1.0
num acquisition: 161, time elapsed: 32.62s
0
z
[0.21600731 0.07752292]
0.2160073092275904
f inputs x:[[0.10547232 0.03785299]] ev:{} outputs y:1.0103410863702862 (n:0.4739051884420151) c:1.0
num acquisition: 162, time elapsed: 33.00s
0
z
[0.20902777 0.07341994]
0.20902777442482712
f inputs x:[[0.10206434 0.03584958]] ev:{} outputs y:0.5264992459928017 (n:-0.01233552707107821) c:1.0
num acquisition: 163, time elapsed: 33.42s
0
z
[0.2096936  0.07377542]
0.20969360366268508
f inputs x:[[0.10238945 0.03602315]] ev:{} outputs y:0.8115856865791524 (n:0.2730989228017424) c:1.0
num acquisition: 164, time elapsed: 33.85s
0
z
[0.20710175 0.07230048]
0.20710175168355616
f inputs x:[[0.1011239  0.03530297]] ev:{} outputs y:0.1874450181053206 (n:-0.35207218635222176) c:1.0
num acquisition: 165, time elapsed: 34.25s
0
z
[0.21067781 0.07431703]
0.21067780516080142
f inputs x:[[0.10287002 0.03628761]] ev:{} outputs y:0.5866625236229686 (n:0.04863738273271177) c:1.0
num acquisition: 166, time elapsed: 34.64s
0
z
[0.21062626 0.07426399]
0.21062626066552295
f inputs x:[[0.10284485 0.03626171]] ev:{} outputs y:1.4321367505432694 (n:0.8941735249480315) c:1.0
num acquisition: 167, time elapsed: 35.05s
0
z
[0.19986532 0.0684532 ]
0.19986532393925496
f inputs x:[[0.09759049 0.03342441]] ev:{} outputs y:1.2340484350415704 (n:0.6908636381933162) c:1.0
num acquisition: 168, time elapsed: 35.42s
0
z
[0.1960884  0.06647785]
0.19608840085064383
f inputs x:[[0.09574629 0.03245989]] ev:{} outputs y:0.6571378909805966 (n:0.11201161547870504) c:1.0
num acquisition: 169, time elapsed: 35.85s
0
z
[0.19623928 0.06652032]
0.19623928030186674
f inputs x:[[0.09581996 0.03248062]] ev:{} outputs y:0.1131539992870999 (n:-0.4317772977116724) c:1.0
num acquisition: 170, time elapsed: 36.21s
0
z
[0.19763581 0.06729433]
0.19763581282969686
f inputs x:[[0.09650186 0.03285856]] ev:{} outputs y:0.737803477634495 (n:0.19344257996222103) c:1.0
num acquisition: 171, time elapsed: 36.64s
0
z
[0.19734977 0.06710838]
0.19734976920957492
f inputs x:[[0.09636219 0.03276776]] ev:{} outputs y:0.3638063027445663 (n:-0.18058218408188426) c:1.0
num acquisition: 172, time elapsed: 37.08s
0
z
[0.19839621 0.06765142]
0.19839621014098702
f inputs x:[[0.09687315 0.03303292]] ev:{} outputs y:1.1466617132668477 (n:0.6028251188291563) c:1.0
num acquisition: 173, time elapsed: 37.55s
0
z
[0.19583603 0.06630221]
0.19583602893228555
f inputs x:[[0.09562306 0.03237412]] ev:{} outputs y:0.46815605065794597 (n:-0.07695649424878383) c:1.0
num acquisition: 174, time elapsed: 38.00s
0
z
[0.19648309 0.06662334]
0.1964830859426841
f inputs x:[[0.09593901 0.03253093]] ev:{} outputs y:0.43927931976096257 (n:-0.10544835527454) c:1.0
num acquisition: 175, time elapsed: 38.46s
0
z
[0.19723151 0.06699988]
0.19723151242186399
f inputs x:[[0.09630445 0.03271478]] ev:{} outputs y:0.14439993463454143 (n:-0.3998968500407721) c:1.0
num acquisition: 176, time elapsed: 38.95s
0
z
[0.19874594 0.06781772]
0.19874593873878427
f inputs x:[[0.09704392 0.03311412]] ev:{} outputs y:0.26826197674714036 (n:-0.27533923053559717) c:1.0
num acquisition: 177, time elapsed: 39.46s
0
z
[0.20022169 0.06859538]
0.20022169347515986
f inputs x:[[0.0977645  0.03349384]] ev:{} outputs y:0.13407235459786748 (n:-0.40877984422896274) c:1.0
num acquisition: 178, time elapsed: 39.93s
0
z
[0.20242086 0.06977759]
0.20242085962329368
f inputs x:[[0.09883831 0.03407109]] ev:{} outputs y:0.6872586402851536 (n:0.14546008012058775) c:1.0
num acquisition: 179, time elapsed: 40.39s
0
z
[0.20195588 0.06950571]
0.2019558797252831
f inputs x:[[0.09861127 0.03393833]] ev:{} outputs y:0.118199054157958 (n:-0.42375049742384335) c:1.0
num acquisition: 180, time elapsed: 40.86s
0
z
[0.20456622 0.07091789]
0.20456622059765275
f inputs x:[[0.09988585 0.03462788]] ev:{} outputs y:1.0057472521684412 (n:0.46503786276461845) c:1.0
num acquisition: 181, time elapsed: 41.36s
0
z
[0.20133594 0.06918968]
0.2013359371460838
f inputs x:[[0.09830856 0.03378402]] ev:{} outputs y:0.3638210934325819 (n:-0.17848383881972657) c:1.0
num acquisition: 182, time elapsed: 41.90s
0
z
[0.20267683 0.0698898 ]
0.20267682924759353
f inputs x:[[0.0989633  0.03412588]] ev:{} outputs y:0.11767099852054713 (n:-0.4239186149290461) c:1.0
num acquisition: 183, time elapsed: 42.39s
0
z
[0.20537487 0.0713533 ]
0.20537486758828782
f inputs x:[[0.1002807  0.03484048]] ev:{} outputs y:0.11852901083738826 (n:-0.4217839831927466) c:1.0
num acquisition: 184, time elapsed: 42.89s
0
z
[0.2086233  0.07315029]
0.2086233012724318
f inputs x:[[0.10186685 0.03571792]] ev:{} outputs y:0.538655119854769 (n:-0.00020426411843972125) c:1.0
num acquisition: 185, time elapsed: 43.38s
0
z
[0.20901802 0.07334883]
0.2090180188328611
f inputs x:[[0.10205958 0.03581486]] ev:{} outputs y:0.07833988516189477 (n:-0.4602715956712197) c:1.0
num acquisition: 186, time elapsed: 43.87s
0
z
[0.21322646 0.07576174]
0.21322646129253758
f inputs x:[[0.10411448 0.03699304]] ev:{} outputs y:0.5387678266860758 (n:0.0018074938334676708) c:1.0
num acquisition: 187, time elapsed: 44.36s
0
z
[0.21353376 0.07591841]
0.21353376377265876
f inputs x:[[0.10426453 0.03706954]] ev:{} outputs y:1.0078361703945893 (n:0.4710680240513953) c:1.0
num acquisition: 188, time elapsed: 44.89s
0
z
[0.2083493  0.07295663]
0.20834930000543128
f inputs x:[[0.10173306 0.03562335]] ev:{} outputs y:0.9194901161508732 (n:0.3806518194647367) c:1.0
num acquisition: 189, time elapsed: 45.41s
0
z
[0.20534134 0.07129896]
0.2053413394415161
f inputs x:[[0.10026433 0.03481394]] ev:{} outputs y:1.2301764401675435 (n:0.6899702328548998) c:1.0
num acquisition: 190, time elapsed: 45.95s
0
z
[0.20037715 0.0686915 ]
0.2003771540765399
f inputs x:[[0.09784041 0.03354077]] ev:{} outputs y:1.4465593396647347 (n:0.9037394283459629) c:1.0
num acquisition: 191, time elapsed: 46.50s
0
z
[0.19584897 0.06638279]
0.19584897348744976
f inputs x:[[0.09562938 0.03241347]] ev:{} outputs y:0.4119284371756081 (n:-0.13341709452296602) c:1.0
num acquisition: 192, time elapsed: 47.04s
0
z
[0.19641305 0.06667112]
0.19641305465114975
f inputs x:[[0.09590481 0.03255426]] ev:{} outputs y:-0.21570698703887814 (n:-0.7607449194568993) c:1.0
num acquisition: 193, time elapsed: 47.67s
0
z
[0.19749521 0.06736397]
0.19749520791347952
f inputs x:[[0.09643321 0.03289257]] ev:{} outputs y:0.3375502967526507 (n:-0.20735248480363103) c:1.0
num acquisition: 194, time elapsed: 48.22s
0
z
[0.19832923 0.0678049 ]
0.19832922576872195
f inputs x:[[0.09684044 0.03310786]] ev:{} outputs y:0.6154854383791231 (n:0.0709934307269608) c:1.0
num acquisition: 195, time elapsed: 48.77s
0
z
[0.19846265 0.06784502]
0.19846265354398523
f inputs x:[[0.09690559 0.03312745]] ev:{} outputs y:1.238637837522019 (n:0.6943122969654073) c:1.0
num acquisition: 196, time elapsed: 49.35s
0
z
[0.19602871 0.06655396]
0.1960287072116958
f inputs x:[[0.09571714 0.03249705]] ev:{} outputs y:0.4224171511416567 (n:-0.12308869071160763) c:1.0
num acquisition: 197, time elapsed: 49.89s
0
z
[0.19656891 0.06682927]
0.19656890606940897
f inputs x:[[0.09598091 0.03263148]] ev:{} outputs y:0.6155633513239132 (n:0.07035440096463591) c:1.0
num acquisition: 198, time elapsed: 50.44s
0
z
[0.19676646 0.06690067]
0.1967664567764855
f inputs x:[[0.09607737 0.03266634]] ev:{} outputs y:0.9090608482426209 (n:0.3640565346655278) c:1.0
num acquisition: 199, time elapsed: 51.03s
0
z
[0.19616721 0.06654299]
0.19616720692997403
f inputs x:[[0.09578477 0.03249169]] ev:{} outputs y:1.0189317870340642 (n:0.47376765081950334) c:1.0
num acquisition: 200, time elapsed: 51.60s
0
z
[0.19537623 0.06608374]
0.19537623059552411
f inputs x:[[0.09539855 0.03226745]] ev:{} outputs y:0.8639320218429736 (n:0.31851564214160105) c:1.0
num acquisition: 201, time elapsed: 52.20s
0
z
[0.19516292 0.06592272]
0.1951629229795316
f inputs x:[[0.0952944  0.03218883]] ev:{} outputs y:1.2095292704087015 (n:0.6641650054350228) c:1.0
num acquisition: 202, time elapsed: 52.81s
0
z
[0.19413627 0.06534231]
0.1941362708647381
f inputs x:[[0.0947931  0.03190542]] ev:{} outputs y:0.7536688981043854 (n:0.20792748967369315) c:1.0
num acquisition: 203, time elapsed: 53.38s
0
z
[0.19428556 0.06537194]
0.1942855572610752
f inputs x:[[0.09486599 0.03191989]] ev:{} outputs y:1.0838419740941327 (n:0.5383308149570596) c:1.0
num acquisition: 204, time elapsed: 53.95s
0
z
[0.19387897 0.06510411]
0.19387896653245468
f inputs x:[[0.09466746 0.03178912]] ev:{} outputs y:0.17841285992098715 (n:-0.3671265752286284) c:1.0
num acquisition: 205, time elapsed: 54.59s
0
z
[0.1941788  0.06530092]
0.19417880108583782
f inputs x:[[0.09481387 0.03188522]] ev:{} outputs y:-0.04873084324259436 (n:-0.5942471536053838) c:1.0
num acquisition: 206, time elapsed: 55.21s
0
z
[0.19439799 0.06550876]
0.19439799275180364
f inputs x:[[0.09492089 0.0319867 ]] ev:{} outputs y:0.29133000807847165 (n:-0.2543748161428122) c:1.0
num acquisition: 207, time elapsed: 55.80s
0
z
[0.19482182 0.06574741]
0.1948218180796191
f inputs x:[[0.09512784 0.03210323]] ev:{} outputs y:0.5999049730690914 (n:0.05435873150112003) c:1.0
num acquisition: 208, time elapsed: 56.49s
0
z
[0.19508777 0.06585559]
0.19508776712603915
f inputs x:[[0.0952577  0.03215605]] ev:{} outputs y:1.1755886631015415 (n:0.6302761602130114) c:1.0
num acquisition: 209, time elapsed: 57.14s
0
z
[0.19420973 0.06535584]
0.19420972829330851
f inputs x:[[0.09482897 0.03191203]] ev:{} outputs y:1.6329181847680942 (n:1.087293423525823) c:1.0
num acquisition: 210, time elapsed: 57.79s
0
z
[0.19237645 0.06438172]
0.1923764545351579
f inputs x:[[0.09393382 0.03143639]] ev:{} outputs y:-0.1533099764404674 (n:-0.6998023198290707) c:1.0
num acquisition: 211, time elapsed: 58.43s
0
z
[0.19174234 0.06422935]
0.1917423405277659
f inputs x:[[0.09362419 0.03136199]] ev:{} outputs y:0.6187483839383591 (n:0.07137361705553844) c:1.0
num acquisition: 212, time elapsed: 59.05s
0
z
[0.19207828 0.06436482]
0.1920782756339984
f inputs x:[[0.09378822 0.03142813]] ev:{} outputs y:0.4020895758755364 (n:-0.1449918437977202) c:1.0
num acquisition: 213, time elapsed: 59.70s
0
z
[0.1922559  0.06447197]
0.1922558976161071
f inputs x:[[0.09387495 0.03148045]] ev:{} outputs y:0.8721205044317492 (n:0.3250814494344446) c:1.0
num acquisition: 214, time elapsed: 60.35s
0
z
[0.19256959 0.06455189]
0.192569589759485
f inputs x:[[0.09402812 0.03151948]] ev:{} outputs y:0.0250604374189477 (n:-0.5215555467550766) c:1.0
num acquisition: 215, time elapsed: 61.01s
0
z
[0.19236179 0.06455772]
0.1923617865620689
f inputs x:[[0.09392665 0.03152232]] ev:{} outputs y:0.2909802339413016 (n:-0.25610330042958546) c:1.0
num acquisition: 216, time elapsed: 61.64s
0
z
[0.19246429 0.06465452]
0.19246428986107766
f inputs x:[[0.0939767  0.03156959]] ev:{} outputs y:0.9381269960763349 (n:0.3909561557400537) c:1.0
num acquisition: 217, time elapsed: 62.36s
0
z
[0.19269739 0.06468264]
0.19269739462922128
f inputs x:[[0.09409052 0.03158332]] ev:{} outputs y:1.157628415403163 (n:0.6108722674525585) c:1.0
num acquisition: 218, time elapsed: 63.02s
0
z
[0.19266751 0.06456649]
0.19266750514946188
f inputs x:[[0.09407593 0.03152661]] ev:{} outputs y:0.5969759998948285 (n:0.05052503488671073) c:1.0
num acquisition: 219, time elapsed: 63.74s
0
z
[0.19296284 0.06468954]
0.19296284076720696
f inputs x:[[0.09422014 0.03158669]] ev:{} outputs y:0.03042486718165127 (n:-0.5157791185635612) c:1.0
num acquisition: 220, time elapsed: 64.43s
0
z
[0.19288054 0.0647406 ]
0.19288053601621383
f inputs x:[[0.09417995 0.03161162]] ev:{} outputs y:0.31425487945606223 (n:-0.23228974492192886) c:1.0
num acquisition: 221, time elapsed: 65.13s
0
z
[0.19307196 0.06486684]
0.1930719555068681
f inputs x:[[0.09427342 0.03167326]] ev:{} outputs y:0.9063855060251338 (n:0.35985263713306975) c:1.0
num acquisition: 222, time elapsed: 65.78s
0
z
[0.19320565 0.06486496]
0.1932056537133559
f inputs x:[[0.0943387  0.03167234]] ev:{} outputs y:-0.09204899358475471 (n:-0.6382860686808425) c:1.0
num acquisition: 223, time elapsed: 66.52s
0
z
[0.19304216 0.06490694]
0.19304215920381218
f inputs x:[[0.09425887 0.03169284]] ev:{} outputs y:-0.07937235028724154 (n:-0.6260980515652576) c:1.0
num acquisition: 224, time elapsed: 67.26s
0
z
[0.19285473 0.06495017]
0.1928547287044002
f inputs x:[[0.09416735 0.03171395]] ev:{} outputs y:0.48993175151052804 (n:-0.05733947392933161) c:1.0
num acquisition: 225, time elapsed: 67.99s
0
z
[0.19312421 0.06508077]
0.1931242149269008
f inputs x:[[0.09429893 0.03177772]] ev:{} outputs y:0.04410423452011625 (n:-0.5030007910204699) c:1.0
num acquisition: 226, time elapsed: 68.70s
0
z
[0.19313811 0.06519782]
0.1931381131921765
f inputs x:[[0.09430572 0.03183487]] ev:{} outputs y:0.8836925300129461 (n:0.33624073377722635) c:1.0
num acquisition: 227, time elapsed: 69.44s
0
z
[0.19325641 0.06517441]
0.1932564146872681
f inputs x:[[0.09436348 0.03182344]] ev:{} outputs y:0.7501051413208839 (n:0.20298659836199692) c:1.0
num acquisition: 228, time elapsed: 70.22s
0
z
[0.19345843 0.06522043]
0.19345842757649442
f inputs x:[[0.09446212 0.03184592]] ev:{} outputs y:0.9098450180099058 (n:0.3630184014936341) c:1.0
num acquisition: 229, time elapsed: 70.98s
0
z
[0.19349755 0.06516703]
0.19349754550405288
f inputs x:[[0.09448122 0.03181984]] ev:{} outputs y:0.9945796198407744 (n:0.44800981012438135) c:1.0
num acquisition: 230, time elapsed: 71.82s
0
z
[0.19343354 0.06505936]
0.1934335401089087
f inputs x:[[0.09444997 0.03176727]] ev:{} outputs y:0.32849562784125214 (n:-0.21786818647066758) c:1.0
num acquisition: 231, time elapsed: 72.62s
0
z
[0.19369619 0.06521309]
0.1936961936964539
f inputs x:[[0.09457822 0.03184233]] ev:{} outputs y:0.017402137096661496 (n:-0.528883146382399) c:1.0
num acquisition: 232, time elapsed: 73.47s
0
z
[0.19383607 0.06537313]
0.19383607483923018
f inputs x:[[0.09464652 0.03192047]] ev:{} outputs y:0.05477589295727686 (n:-0.49171886762314493) c:1.0
num acquisition: 233, time elapsed: 74.27s
0
z
[0.19405265 0.06556784]
0.19405265454736353
f inputs x:[[0.09475227 0.03201555]] ev:{} outputs y:-0.4417416525122748 (n:-0.9883913250731959) c:1.0
num acquisition: 234, time elapsed: 75.16s
0
z
[0.19380022 0.06568359]
0.1938002153418725
f inputs x:[[0.09462901 0.03207207]] ev:{} outputs y:0.1550359139113095 (n:-0.3925420138093841) c:1.0
num acquisition: 235, time elapsed: 75.89s
0
z
[0.19408383 0.06591036]
0.19408383037253168
f inputs x:[[0.0947675  0.03218279]] ev:{} outputs y:0.967149693927922 (n:0.41945556267102424) c:1.0
num acquisition: 236, time elapsed: 76.79s
0
z
[0.19388847 0.06571273]
0.19388846667485407
f inputs x:[[0.0946721  0.03208629]] ev:{} outputs y:0.7996744651544854 (n:0.2521953546732029) c:1.0
num acquisition: 237, time elapsed: 77.61s
0
z
[0.19395617 0.06567965]
0.19395617368139492
f inputs x:[[0.09470516 0.03207014]] ev:{} outputs y:0.1349968703719111 (n:-0.412226245206776) c:1.0
num acquisition: 238, time elapsed: 78.48s
0
z
[0.19425708 0.06591167]
0.1942570808275474
f inputs x:[[0.09485209 0.03218343]] ev:{} outputs y:0.5783568620173125 (n:0.031039519803841266) c:1.0
num acquisition: 239, time elapsed: 79.33s
0
z
[0.19449824 0.06600862]
0.19449824227841928
f inputs x:[[0.09496984 0.03223077]] ev:{} outputs y:-0.19745860838925489 (n:-0.7445615616725745) c:1.0
num acquisition: 240, time elapsed: 80.21s
0
z
[0.19478607 0.06632993]
0.19478606845575278
f inputs x:[[0.09511038 0.03238766]] ev:{} outputs y:0.14143288057426134 (n:-0.4060866830531101) c:1.0
num acquisition: 241, time elapsed: 81.11s
0
z
[0.19528365 0.06666629]
0.19528365362015151
f inputs x:[[0.09535335 0.0325519 ]] ev:{} outputs y:0.28551915746578627 (n:-0.26200542735414956) c:1.0
num acquisition: 242, time elapsed: 82.02s
0
z
[0.19580801 0.06697707]
0.1958080145258572
f inputs x:[[0.09560938 0.03270365]] ev:{} outputs y:0.2754014028114717 (n:-0.27198473191336453) c:1.0
num acquisition: 243, time elapsed: 82.83s
0
z
[0.19641424 0.0673313 ]
0.1964142406795181
f inputs x:[[0.09590539 0.03287661]] ev:{} outputs y:0.5887170757793744 (n:0.04150817333142713) c:1.0
num acquisition: 244, time elapsed: 83.71s
0
z
[0.19658148 0.06738886]
0.19658147907594134
f inputs x:[[0.09598705 0.03290472]] ev:{} outputs y:-0.3030826750885295 (n:-0.8501089179468552) c:1.0
num acquisition: 245, time elapsed: 84.53s
[0.09728652 0.03315661]
