INFO:GP:initializing Y
INFO:GP:initializing inference method
INFO:GP:adding kernel and likelihood as parameters
removed robo import in opts.py l17 due to theano errors
0
z
[ 1.2176994  -0.65211987]
1.217699404247307
f inputs x:[[ 0.59457979 -0.3184179 ]] ev:{} outputs y:6.122791614739553 (n:-0.0015245162799074601) c:1.0
0
z
[-0.40588899  0.16804203]
-0.405888986504292
f inputs x:[[-0.19818798  0.08205177]] ev:{} outputs y:1.0855320133551096 (n:-0.005589055706821619) c:1.0
0
z
[ 0.28087249 -0.38252176]
0.2808724935096693
f inputs x:[[ 0.13714477 -0.1867782 ]] ev:{} outputs y:3.133930106098057 (n:0.006855323513793467) c:1.0
0
z
[-1.59562382 -0.50722828]
-1.5956238211819964
f inputs x:[[-0.77911319 -0.24767006]] ev:{} outputs y:6.845754589300866 (n:-9.012476968946106e-05) c:1.0
0
z
[-0.4071835   0.51468859]
-0.40718349610233007
f inputs x:[[-0.19882007  0.25131279]] ev:{} outputs y:2.7247871254401774 (n:0.0066148679354821275) c:1.0
0
z
[-0.23579282 -0.01622989]
-0.23579281688158557
f inputs x:[[-0.11513321 -0.00792475]] ev:{} outputs y:1.1079431288572053 (n:-0.004937590197872413) c:1.0
num acquisition: 1, time elapsed: 0.20s
0
z
[-0.50303353 -0.10124297]
-0.5030335320216134
f inputs x:[[-0.24562184 -0.04943505]] ev:{} outputs y:2.7554729890232315 (n:-0.005229503012412948) c:1.0
num acquisition: 2, time elapsed: 0.33s
0
z
[-0.14580503  0.17493533]
-0.14580503260403777
f inputs x:[[-0.07119386  0.08541764]] ev:{} outputs y:1.5503849219141899 (n:0.008261155953856373) c:1.0
num acquisition: 3, time elapsed: 0.47s
0
z
[2.048 2.048]
2.048
f inputs x:[[1. 1.]] ev:{} outputs y:6.141329589607878 (n:0.004120185588179589) c:1.0
num acquisition: 4, time elapsed: 0.61s
0
z
[-0.21177816  0.08673742]
-0.21177816139726047
f inputs x:[[-0.10340731  0.04235226]] ev:{} outputs y:0.9753062041842249 (n:0.0030654848144140256) c:1.0
num acquisition: 5, time elapsed: 0.73s
0
z
[-2.048  2.048]
-2.048
f inputs x:[[-1.  1.]] ev:{} outputs y:6.152809323685808 (n:-0.0019476825071823747) c:1.0
num acquisition: 6, time elapsed: 0.86s
0
z
[-0.12614107 -2.048     ]
-0.1261410742723722
f inputs x:[[-0.06159232 -1.        ]] ev:{} outputs y:6.0584115205523235 (n:-0.0012752798484822194) c:1.0
num acquisition: 7, time elapsed: 1.01s
0
z
[-0.29782461  0.10252444]
-0.29782461088559914
f inputs x:[[-0.14542217  0.05006076]] ev:{} outputs y:0.9924896881719446 (n:-0.002043350097633933) c:1.0
num acquisition: 8, time elapsed: 1.14s
0
z
[ 2.048 -2.048]
2.048
f inputs x:[[ 1. -1.]] ev:{} outputs y:8.268086074136207 (n:-0.0003211480813352932) c:1.0
num acquisition: 9, time elapsed: 1.22s
0
z
[0.04766036 2.048     ]
0.047660359746811175
f inputs x:[[0.02327166 1.        ]] ev:{} outputs y:6.051987715425337 (n:0.0107633403412857) c:1.0
num acquisition: 10, time elapsed: 1.34s
0
z
[-2.048 -2.048]
-2.048
f inputs x:[[-1. -1.]] ev:{} outputs y:8.269340131723906 (n:-0.001166080849742917) c:1.0
num acquisition: 11, time elapsed: 1.44s
0
z
[-1.23651276  0.72410138]
-1.236512755756035
f inputs x:[[-0.60376599  0.35356513]] ev:{} outputs y:4.257917673744793 (n:-0.001691857483542841) c:1.0
num acquisition: 12, time elapsed: 1.55s
0
z
[2.048      0.53166129]
2.048
f inputs x:[[1.         0.25960024]] ev:{} outputs y:7.200860363564877 (n:-0.0022426296336226963) c:1.0
num acquisition: 13, time elapsed: 1.64s
0
z
[-2.048       0.72786772]
-2.048
f inputs x:[[-1.          0.35540416]] ev:{} outputs y:7.102291826025625 (n:0.002340281265865431) c:1.0
num acquisition: 14, time elapsed: 1.74s
0
z
[-0.94005847  1.58198186]
-0.9400584685361434
f inputs x:[[-0.45901292  0.77245208]] ev:{} outputs y:3.9748027125068113 (n:-0.005293733969591047) c:1.0
num acquisition: 15, time elapsed: 1.86s
0
z
[-0.0509308  -0.97054358]
-0.050930798351251756
f inputs x:[[-0.02486855 -0.47389823]] ev:{} outputs y:4.578250303436984 (n:0.005560750199036906) c:1.0
num acquisition: 16, time elapsed: 1.96s
0
z
[0.83195664 1.07747786]
0.8319566417388329
f inputs x:[[0.40622883 0.52611224]] ev:{} outputs y:2.7746925569005128 (n:0.009893366029474476) c:1.0
num acquisition: 17, time elapsed: 2.05s
0
z
[0.75079509 0.46209517]
0.7507950913760061
f inputs x:[[0.36659917 0.22563241]] ev:{} outputs y:0.7427608596884236 (n:0.0035317202488906493) c:1.0
num acquisition: 18, time elapsed: 2.16s
0
z
[0.27154108 0.38688506]
0.27154108256987425
f inputs x:[[0.13258842 0.18890872]] ev:{} outputs y:2.425910175928373 (n:-0.0021593987677040196) c:1.0
num acquisition: 19, time elapsed: 2.28s
0
z
[0.7724851  0.24092188]
0.7724851012670076
f inputs x:[[0.37718999 0.11763764]] ev:{} outputs y:2.627819920033548 (n:0.009553303529561059) c:1.0
num acquisition: 20, time elapsed: 2.39s
0
z
[0.04297872 0.33293997]
0.042978722226053784
f inputs x:[[0.0209857  0.16256835]] ev:{} outputs y:2.556359705447 (n:0.0008288604198400766) c:1.0
num acquisition: 21, time elapsed: 2.51s
0
z
[0.74055036 0.62330121]
0.7405503588430494
f inputs x:[[0.36159685 0.3043463 ]] ev:{} outputs y:0.49908178637971984 (n:0.011661275408627148) c:1.0
num acquisition: 22, time elapsed: 2.62s
0
z
[0.91526575 0.61102358]
0.9152657536404422
f inputs x:[[0.44690711 0.29835136]] ev:{} outputs y:1.8202058337960634 (n:0.004417907153416771) c:1.0
num acquisition: 23, time elapsed: 2.78s
0
z
[0.6378165  0.58989836]
0.637816504674858
f inputs x:[[0.31143384 0.28803631]] ev:{} outputs y:1.500819479606652 (n:0.0004566116757294788) c:1.0
num acquisition: 24, time elapsed: 2.98s
0
z
[0.71581211 0.62036558]
0.7158121142220063
f inputs x:[[0.34951763 0.30291288]] ev:{} outputs y:0.8060569038736746 (n:-0.0034058178619596345) c:1.0
num acquisition: 25, time elapsed: 3.11s
0
z
[0.71325094 0.61942748]
0.7132509430747763
f inputs x:[[0.34826706 0.30245482]] ev:{} outputs y:0.8362986546263161 (n:5.305928100580634e-05) c:1.0
num acquisition: 26, time elapsed: 3.23s
0
z
[0.71578641 0.61379757]
0.7157864079677914
f inputs x:[[0.34950508 0.29970585]] ev:{} outputs y:0.7413080718541519 (n:-0.005348903744387218) c:1.0
num acquisition: 27, time elapsed: 3.35s
0
z
[0.71915549 0.60811148]
0.71915548784458
f inputs x:[[0.35115014 0.29692943]] ev:{} outputs y:0.6538896533573411 (n:0.009070138899624424) c:1.0
num acquisition: 28, time elapsed: 3.51s
0
z
[ 0.08262544 -0.0401842 ]
0.08262543612785248
f inputs x:[[ 0.04034445 -0.01962119]] ev:{} outputs y:0.7116664410991891 (n:-0.012291682298922437) c:1.0
num acquisition: 29, time elapsed: 3.68s
0
z
[0.77981302 0.58452993]
0.7798130222598472
f inputs x:[[0.38076808 0.28541501]] ev:{} outputs y:0.10143936935349936 (n:0.002430142010523995) c:1.0
num acquisition: 30, time elapsed: 3.83s
0
z
[1.05757097 1.66329407]
1.057570971061
f inputs x:[[0.51639208 0.81215531]] ev:{} outputs y:3.4236161365522384 (n:-0.00025970679315296774) c:1.0
num acquisition: 31, time elapsed: 3.96s
0
z
[0.34584513 0.03371362]
0.34584513306821163
f inputs x:[[0.16886969 0.01646173]] ev:{} outputs y:0.7774960255154426 (n:0.004744180642324825) c:1.0
num acquisition: 32, time elapsed: 4.10s
0
z
[ 0.90459333 -2.048     ]
0.9045933287760192
f inputs x:[[ 0.44169596 -1.        ]] ev:{} outputs y:6.715671879138898 (n:0.0032377862486535737) c:1.0
num acquisition: 33, time elapsed: 4.22s
0
z
[-0.99704163 -1.46552603]
-0.997041630006283
f inputs x:[[-0.48683673 -0.71558888]] ev:{} outputs y:6.414483127015262 (n:0.0010893111128424955) c:1.0
num acquisition: 34, time elapsed: 4.35s
0
z
[-0.81209526  0.27997858]
-0.8120952590704026
f inputs x:[[-0.39653089  0.13670829]] ev:{} outputs y:2.932037109666924 (n:0.004196066656695263) c:1.0
num acquisition: 35, time elapsed: 4.49s
0
z
[ 2.048      -0.84897137]
2.048
f inputs x:[[ 1.        -0.4145368]] ev:{} outputs y:7.845573703895993 (n:0.00346738522933168) c:1.0
num acquisition: 36, time elapsed: 4.60s
0
z
[-0.32363252  1.17099893]
-0.3236325186353429
f inputs x:[[-0.15802369  0.57177682]] ev:{} outputs y:4.762452083105713 (n:0.0050481497665420165) c:1.0
num acquisition: 37, time elapsed: 4.73s
0
z
[1.4626751  1.28873344]
1.4626751046688753
f inputs x:[[0.71419683 0.62926438]] ev:{} outputs y:4.295197317143046 (n:-0.00318365331207143) c:1.0
num acquisition: 38, time elapsed: 4.85s
0
z
[-1.20387958  2.048     ]
-1.2038795802421287
f inputs x:[[-0.58783183  1.        ]] ev:{} outputs y:3.713510468590585 (n:-0.016945954095642146) c:1.0
num acquisition: 39, time elapsed: 4.98s
0
z
[0.19122664 0.09348017]
0.191226641799831
f inputs x:[[0.09337238 0.04564461]] ev:{} outputs y:0.6833065761318796 (n:0.0012112201736008347) c:1.0
num acquisition: 40, time elapsed: 5.10s
0
z
[0.80481078 2.048     ]
0.8048107797629991
f inputs x:[[0.39297401 1.        ]] ev:{} outputs y:5.283181161639534 (n:-0.0006132408774628904) c:1.0
num acquisition: 41, time elapsed: 5.21s
0
z
[ 0.60874996 -1.22204999]
0.6087499619385276
f inputs x:[[ 0.29724119 -0.5967041 ]] ev:{} outputs y:5.5420183425409215 (n:0.0015433601049090603) c:1.0
num acquisition: 42, time elapsed: 5.34s
0
z
[-2.048      -1.13851367]
-2.048
f inputs x:[[-1.         -0.55591488]] ev:{} outputs y:7.954308626689585 (n:-0.002232896642636711) c:1.0
num acquisition: 43, time elapsed: 5.46s
0
z
[-1.50538543  1.42507311]
-1.5053854251380234
f inputs x:[[-0.73505148  0.69583648]] ev:{} outputs y:4.352938639296136 (n:-0.004076850157885646) c:1.0
num acquisition: 44, time elapsed: 5.59s
0
z
[0.47978285 0.22335929]
0.4797828533037016
f inputs x:[[0.23426897 0.10906215]] ev:{} outputs y:0.24321602175211704 (n:3.935082309933106e-05) c:1.0
num acquisition: 45, time elapsed: 5.71s
0
z
[0.51469088 0.11256295]
0.5146908775666844
f inputs x:[[0.25131391 0.05496238]] ev:{} outputs y:1.2690490577385047 (n:0.0003039857443610492) c:1.0
num acquisition: 46, time elapsed: 5.87s
0
z
[0.56349095 0.43051039]
0.563490950257343
f inputs x:[[0.27514207 0.21021015]] ev:{} outputs y:0.9023381648553196 (n:-0.0007362269686139471) c:1.0
num acquisition: 47, time elapsed: 6.03s
0
z
[0.56802369 0.43298399]
0.5680236879573693
f inputs x:[[0.27735532 0.21141796]] ev:{} outputs y:0.8692352159505286 (n:-0.007874802873587166) c:1.0
num acquisition: 48, time elapsed: 6.17s
0
z
[0.57283743 0.43570796]
0.5728374308822011
f inputs x:[[0.27970578 0.21274803]] ev:{} outputs y:0.8582239050943364 (n:0.00828841742378632) c:1.0
num acquisition: 49, time elapsed: 6.32s
0
z
[-0.65616729  2.048     ]
-0.6561672862886059
f inputs x:[[-0.32039418  1.        ]] ev:{} outputs y:5.592002565305088 (n:0.010931907762999111) c:1.0
num acquisition: 50, time elapsed: 6.44s
0
z
[-0.10432049 -0.35107192]
-0.10432049030592201
f inputs x:[[-0.05093774 -0.17142184]] ev:{} outputs y:2.7342757170403327 (n:0.005074574385061862) c:1.0
num acquisition: 51, time elapsed: 6.56s
0
z
[0.3765218  0.19013026]
0.3765218044819048
f inputs x:[[0.18384854 0.09283704]] ev:{} outputs y:0.481301808082982 (n:-0.0027337847107755963) c:1.0
num acquisition: 52, time elapsed: 6.71s
0
z
[0.4993788  1.43836166]
0.4993787953077285
f inputs x:[[0.2438373  0.70232503]] ev:{} outputs y:4.959083618968856 (n:-0.0010899987317304946) c:1.0
num acquisition: 53, time elapsed: 6.84s
0
z
[-0.71316842 -0.71963357]
-0.713168423646148
f inputs x:[[-0.34822677 -0.35138358]] ev:{} outputs y:5.0384210901397894 (n:-0.0036674956425423208) c:1.0
num acquisition: 54, time elapsed: 6.96s
0
z
[1.39753348 2.048     ]
1.3975334833757773
f inputs x:[[0.6823894 1.       ]] ev:{} outputs y:0.7187979643526355 (n:-0.0032461301182259723) c:1.0
num acquisition: 55, time elapsed: 7.11s
0
z
[1.46442727 1.83686746]
1.4644272720674434
f inputs x:[[0.71505238 0.89690794]] ev:{} outputs y:2.3571640478737126 (n:-0.011431322420816577) c:1.0
num acquisition: 56, time elapsed: 7.26s
0
z
[1.2391634 2.048    ]
1.2391634041283988
f inputs x:[[0.60506026 1.        ]] ev:{} outputs y:3.3035391491146533 (n:-0.0040859299597811646) c:1.0
num acquisition: 57, time elapsed: 7.40s
0
z
[-1.0483751 -2.048    ]
-1.0483750997954973
f inputs x:[[-0.5119019 -1.       ]] ev:{} outputs y:6.90962806817903 (n:0.006268830066342513) c:1.0
num acquisition: 58, time elapsed: 7.55s
0
z
[-0.807167    0.94489032]
-0.8071670022161163
f inputs x:[[-0.39412451  0.46137223]] ev:{} outputs y:2.553604996214796 (n:-0.001492217669707843) c:1.0
num acquisition: 59, time elapsed: 7.72s
0
z
[-2.048      -0.01318653]
-2.048
f inputs x:[[-1.         -0.00643874]] ev:{} outputs y:7.480397548915922 (n:-0.004301355943045831) c:1.0
num acquisition: 60, time elapsed: 7.89s
0
z
[1.54381067 2.048     ]
1.543810669483874
f inputs x:[[0.7538138 1.       ]] ev:{} outputs y:2.523451474617333 (n:-0.005614400255813648) c:1.0
num acquisition: 61, time elapsed: 8.04s
0
z
[ 1.39033273 -1.43223555]
1.3903327278088042
f inputs x:[[ 0.6788734  -0.69933377]] ev:{} outputs y:7.038953305016506 (n:0.005755261926603637) c:1.0
num acquisition: 62, time elapsed: 8.17s
0
z
[2.048      1.31746097]
2.048
f inputs x:[[1.         0.64329149]] ev:{} outputs y:6.720356623646866 (n:-0.0007327392741412082) c:1.0
num acquisition: 63, time elapsed: 8.29s
0
z
[ 1.62397099 -0.07419501]
1.6239709946852066
f inputs x:[[ 0.79295459 -0.03622803]] ev:{} outputs y:6.598307375074261 (n:-0.0037376050470304223) c:1.0
num acquisition: 64, time elapsed: 8.43s
0
z
[-1.08522253 -0.07654604]
-1.0852225318605035
f inputs x:[[-0.52989381 -0.037376  ]] ev:{} outputs y:5.093282952720645 (n:0.0015995600823700302) c:1.0
num acquisition: 65, time elapsed: 8.59s
0
z
[0.63809062 0.47118653]
0.6380906230047805
f inputs x:[[0.31156769 0.23007155]] ev:{} outputs y:0.42839573165253897 (n:-0.003985632607218858) c:1.0
num acquisition: 66, time elapsed: 8.82s
0
z
[0.63709585 0.46992163]
0.6370958526992025
f inputs x:[[0.31108196 0.22945392]] ev:{} outputs y:0.4357816822918322 (n:0.0029024915396488687) c:1.0
num acquisition: 67, time elapsed: 8.98s
0
z
[0.63769138 0.47053691]
0.6376913760998734
f inputs x:[[0.31137274 0.22975435]] ev:{} outputs y:0.43555463995278826 (n:0.004150507957511282) c:1.0
num acquisition: 68, time elapsed: 9.17s
0
z
[-0.75595437  0.62805764]
-0.7559543744596552
f inputs x:[[-0.36911835  0.30666877]] ev:{} outputs y:1.4900056417877041 (n:0.007577438160878244) c:1.0
num acquisition: 69, time elapsed: 9.31s
0
z
[-2.048       1.40606056]
-2.048
f inputs x:[[-1.          0.68655301]] ev:{} outputs y:6.671193438646371 (n:0.002050168409094827) c:1.0
num acquisition: 70, time elapsed: 9.48s
0
z
[-0.30119404 -1.42798236]
-0.3011940437977511
f inputs x:[[-0.1470674  -0.69725701]] ev:{} outputs y:5.447134533232692 (n:-0.005354107567341091) c:1.0
num acquisition: 71, time elapsed: 9.68s
0
z
[1.07656668 1.28959507]
1.0765666756579142
f inputs x:[[0.52566732 0.62968509]] ev:{} outputs y:0.9922717281633777 (n:-0.005222570673677306) c:1.0
num acquisition: 72, time elapsed: 9.85s
0
z
[1.13212338 1.07150467]
1.132123380825253
f inputs x:[[0.55279462 0.52319564]] ev:{} outputs y:1.6996860939449943 (n:0.006678465103745942) c:1.0
num acquisition: 73, time elapsed: 9.99s
0
z
[-1.1219544   1.18214794]
-1.121954400044023
f inputs x:[[-0.5478293   0.57722067]] ev:{} outputs y:1.8009228982262684 (n:-0.005719172560374036) c:1.0
num acquisition: 74, time elapsed: 10.15s
0
z
[0.55733665 0.28622009]
0.5573366517678743
f inputs x:[[0.27213704 0.1397559 ]] ev:{} outputs y:0.2183919848368091 (n:-0.009147197583407403) c:1.0
num acquisition: 75, time elapsed: 10.31s
0
z
[ 0.66563331 -0.60051759]
0.6656333090809967
f inputs x:[[ 0.32501626 -0.29322148]] ev:{} outputs y:4.700613134365345 (n:-3.837492037770565e-05) c:1.0
num acquisition: 76, time elapsed: 10.52s
0
z
[ 0.2181459  -0.08734111]
0.21814590193102112
f inputs x:[[ 0.10651655 -0.04264703]] ev:{} outputs y:1.2355655899764992 (n:0.002459571906824781) c:1.0
num acquisition: 77, time elapsed: 10.70s
0
z
[ 0.31582748 -1.6880161 ]
0.315827480794252
f inputs x:[[ 0.15421264 -0.82422661]] ev:{} outputs y:5.772245291119244 (n:0.0005618840730821618) c:1.0
num acquisition: 78, time elapsed: 10.91s
0
z
[-0.84910492  1.25289033]
-0.8491049166027999
f inputs x:[[-0.41460201  0.61176285]] ev:{} outputs y:3.487792902979692 (n:4.670716708198866e-05) c:1.0
num acquisition: 79, time elapsed: 11.08s
0
z
[0.90956558 1.38229741]
0.9095655789204534
f inputs x:[[0.44412382 0.67494991]] ev:{} outputs y:3.4675582476233155 (n:0.0077985399347518) c:1.0
num acquisition: 80, time elapsed: 11.24s
0
z
[-1.38258943  1.07721348]
-1.3825894320621337
f inputs x:[[-0.6750925   0.52598314]] ev:{} outputs y:4.323421796184913 (n:-0.01110783239633007) c:1.0
num acquisition: 81, time elapsed: 11.42s
0
z
[1.20829614 1.41993051]
1.2082961416653522
f inputs x:[[0.58998835 0.69332545]] ev:{} outputs y:0.18884411133824264 (n:0.003377545053037288) c:1.0
num acquisition: 82, time elapsed: 11.60s
0
z
[1.20058909 1.33793279]
1.2005890855199384
f inputs x:[[0.58622514 0.6532875 ]] ev:{} outputs y:0.7454421441990301 (n:-0.0017552466476462815) c:1.0
num acquisition: 83, time elapsed: 11.81s
0
z
[1.257227   1.51757307]
1.2572269962624472
f inputs x:[[0.61388037 0.74100248]] ev:{} outputs y:0.37829629519293373 (n:-0.002639558487552867) c:1.0
num acquisition: 84, time elapsed: 12.00s
0
z
[0.12099762 1.03772925]
0.12099762171942473
f inputs x:[[0.05908087 0.50670373]] ev:{} outputs y:4.662700433150728 (n:-0.004915955059167605) c:1.0
num acquisition: 85, time elapsed: 12.18s
0
z
[1.18049347 1.46633698]
1.180493465453735
f inputs x:[[0.57641282 0.71598485]] ev:{} outputs y:0.4455399513543536 (n:-0.0005273446795972841) c:1.0
num acquisition: 86, time elapsed: 12.36s
0
z
[-1.55974843  2.048     ]
-1.5597484314386472
f inputs x:[[-0.76159591  1.        ]] ev:{} outputs y:3.113974651094712 (n:0.00667490787153451) c:1.0
num acquisition: 87, time elapsed: 12.55s
0
z
[-1.23915379 -0.9666216 ]
-1.2391537947569253
f inputs x:[[-0.60505556 -0.4719832 ]] ev:{} outputs y:6.45343433228953 (n:0.0044244971903252) c:1.0
num acquisition: 88, time elapsed: 12.74s
0
z
[1.25679851 1.44891478]
1.2567985142451676
f inputs x:[[0.61367115 0.70747792]] ev:{} outputs y:1.0186026796724554 (n:-0.0010766797761669702) c:1.0
num acquisition: 89, time elapsed: 12.93s
0
z
[0.60513374 0.40497312]
0.6051337420780041
f inputs x:[[0.29547546 0.19774078]] ev:{} outputs y:0.264630593510759 (n:-0.0026116754044265907) c:1.0
num acquisition: 90, time elapsed: 13.15s
0
z
[1.28601598 1.6308216 ]
1.2860159784446301
f inputs x:[[0.62793749 0.79629961]] ev:{} outputs y:0.13067254633235162 (n:0.004236885151248803) c:1.0
num acquisition: 91, time elapsed: 13.33s
0
z
[1.39840866 0.81183635]
1.398408660634147
f inputs x:[[0.68281673 0.39640447]] ev:{} outputs y:4.887971857106367 (n:0.005426907509603944) c:1.0
num acquisition: 92, time elapsed: 13.56s
0
z
[-0.04066773  0.01879201]
-0.040667726412795584
f inputs x:[[-0.01985729  0.00917578]] ev:{} outputs y:0.7399778659293138 (n:-0.007828368428572496) c:1.0
num acquisition: 93, time elapsed: 13.79s
0
z
[0.62797024 0.35298162]
0.6279702436794681
f inputs x:[[0.3066261  0.17235431]] ev:{} outputs y:0.26790763253164535 (n:-0.0017473109279511928) c:1.0
num acquisition: 94, time elapsed: 13.99s
0
z
[1.26173971 1.58742225]
1.2617397066238256
f inputs x:[[0.61608384 0.77510852]] ev:{} outputs y:0.061411632698613605 (n:-0.00679962163134627) c:1.0
num acquisition: 95, time elapsed: 14.21s
0
z
[-0.56546449  0.77878069]
-0.5654644930794142
f inputs x:[[-0.27610571  0.38026401]] ev:{} outputs y:3.1988180921841005 (n:-0.0007357691162036704) c:1.0
num acquisition: 96, time elapsed: 14.42s
0
z
[-0.59819134  0.38463516]
-0.5981913422441377
f inputs x:[[-0.29208562  0.18781014]] ev:{} outputs y:1.2817501386678671 (n:-0.006394249241291793) c:1.0
num acquisition: 97, time elapsed: 14.60s
0
z
[1.30864949 1.59266947]
1.3086494944467215
f inputs x:[[0.63898901 0.77767064]] ev:{} outputs y:0.9296198006589785 (n:0.0003250293743411805) c:1.0
num acquisition: 98, time elapsed: 14.81s
0
z
[0.52400273 0.29193361]
0.5240027320266138
f inputs x:[[0.25586071 0.14254571]] ev:{} outputs y:0.2262493305208718 (n:-0.0022336365948938865) c:1.0
num acquisition: 99, time elapsed: 15.02s
0
z
[0.51591578 0.28201626]
0.5159157840766553
f inputs x:[[0.251912   0.13770325]] ev:{} outputs y:0.23494616401303456 (n:0.0042704165295304845) c:1.0
num acquisition: 100, time elapsed: 15.25s
0
z
[0.51584437 0.28004953]
0.5158443675162356
f inputs x:[[0.25187713 0.13674294]] ev:{} outputs y:0.22868890732439945 (n:0.0024474151138533864) c:1.0
num acquisition: 101, time elapsed: 15.50s
0
z
[1.25046555 1.68405425]
1.2504655473410968
f inputs x:[[0.61057888 0.82229211]] ev:{} outputs y:0.9225473100346502 (n:0.0014233994225952766) c:1.0
num acquisition: 102, time elapsed: 15.77s
0
z
[0.52571258 0.28466867]
0.5257125760920217
f inputs x:[[0.25669559 0.13899838]] ev:{} outputs y:0.20741423772981465 (n:-0.0010859786776976897) c:1.0
num acquisition: 103, time elapsed: 16.04s
0
z
[0.53366027 0.2890306 ]
0.5336602690526948
f inputs x:[[0.2605763  0.14112822]] ev:{} outputs y:0.1955763551592455 (n:-0.00267451408361234) c:1.0
num acquisition: 104, time elapsed: 16.28s
0
z
[0.54052831 0.29287774]
0.5405283122558731
f inputs x:[[0.26392984 0.14300671]] ev:{} outputs y:0.18856499774647578 (n:-0.0030170480453215703) c:1.0
num acquisition: 105, time elapsed: 16.51s
0
z
[0.5463881 0.2961895]
0.5463880959536391
f inputs x:[[0.26679106 0.14462378]] ev:{} outputs y:0.19477403842289046 (n:0.007202767964794815) c:1.0
num acquisition: 106, time elapsed: 16.85s
0
z
[-1.4622958   0.29545792]
-1.4622957997455872
f inputs x:[[-0.71401162  0.14426656]] ev:{} outputs y:5.842089818139618 (n:-0.006291909001928203) c:1.0
num acquisition: 107, time elapsed: 17.07s
0
z
[ 0.97365245 -0.14189162]
0.9736524467830682
f inputs x:[[ 0.47541623 -0.06928302]] ev:{} outputs y:4.784681592491352 (n:-0.0010324923579248298) c:1.0
num acquisition: 108, time elapsed: 17.28s
0
z
[ 2.048      -1.44208918]
2.048
f inputs x:[[ 1.         -0.70414511]] ev:{} outputs y:8.063770395846637 (n:-0.0005487704865821794) c:1.0
num acquisition: 109, time elapsed: 17.50s
0
z
[1.23372886 1.5723561 ]
1.2337288562635245
f inputs x:[[0.60240667 0.767752  ]] ev:{} outputs y:0.26640244467786295 (n:-0.0015832943077234852) c:1.0
num acquisition: 110, time elapsed: 17.74s
0
z
[-1.57421289 -1.61335177]
-1.574212888452646
f inputs x:[[-0.76865864 -0.78776942]] ev:{} outputs y:7.434610545204267 (n:0.007072585251499022) c:1.0
num acquisition: 111, time elapsed: 17.98s
0
z
[0.93087166 0.8584612 ]
0.9308716607107156
f inputs x:[[0.45452718 0.41917051]] ev:{} outputs y:0.008670472304600309 (n:-0.002542883325283956) c:1.0
num acquisition: 112, time elapsed: 18.22s
0
z
[0.86026426 0.80460643]
0.860264255150788
f inputs x:[[0.42005091 0.39287424]] ev:{} outputs y:0.3672467985287987 (n:0.005232033076718236) c:1.0
num acquisition: 113, time elapsed: 18.46s
0
z
[1.00754771 0.91146571]
1.0075477075825234
f inputs x:[[0.49196665 0.44505162]] ev:{} outputs y:0.7295096045518075 (n:-0.0005235905313917337) c:1.0
num acquisition: 114, time elapsed: 18.75s
0
z
[0.94763275 0.80747117]
0.947632746447483
f inputs x:[[0.4627113  0.39427303]] ev:{} outputs y:0.5950276511635127 (n:-0.0051436175931240695) c:1.0
num acquisition: 115, time elapsed: 18.97s
0
z
[-0.2657471   1.61371129]
-0.2657471007534883
f inputs x:[[-0.12975933  0.78794496]] ev:{} outputs y:5.4740908484403485 (n:-0.009521639443483857) c:1.0
num acquisition: 116, time elapsed: 19.22s
0
z
[ 1.44850455 -2.048     ]
1.4485045481749246
f inputs x:[[ 0.70727761 -1.        ]] ev:{} outputs y:7.450187305105025 (n:-4.918865362824206e-05) c:1.0
num acquisition: 117, time elapsed: 19.55s
0
z
[-0.94980341  0.56217029]
-0.9498034130003095
f inputs x:[[-0.4637712   0.27449721]] ev:{} outputs y:2.7928617401490676 (n:-0.0019016288295101054) c:1.0
num acquisition: 118, time elapsed: 19.87s
0
z
[ 2.048     -0.2390956]
2.048
f inputs x:[[ 1.        -0.1167459]] ev:{} outputs y:7.5833654553301155 (n:-0.0012051132727413751) c:1.0
num acquisition: 119, time elapsed: 20.12s
0
z
[-0.0489326  -0.13009566]
-0.04893259915689286
f inputs x:[[-0.02389287 -0.06352327]] ev:{} outputs y:1.3579188936725661 (n:0.008386775258022325) c:1.0
num acquisition: 120, time elapsed: 20.36s
0
z
[0.90238945 0.89253424]
0.9023894526563374
f inputs x:[[0.44061985 0.43580773]] ev:{} outputs y:0.4736286901455252 (n:-0.009711968587024132) c:1.0
num acquisition: 121, time elapsed: 20.66s
0
z
[0.54993196 0.29949003]
0.5499319582467176
f inputs x:[[0.26852146 0.14623536]] ev:{} outputs y:0.1780293539485576 (n:-0.007140428560337844) c:1.0
num acquisition: 122, time elapsed: 20.96s
0
z
[0.55300251 0.3012194 ]
0.5530025052122555
f inputs x:[[0.27002075 0.14707979]] ev:{} outputs y:0.18741296688370288 (n:0.003496227954868605) c:1.0
num acquisition: 123, time elapsed: 21.30s
0
z
[0.5550579  0.30229111]
0.5550578992253846
f inputs x:[[0.27102436 0.14760308]] ev:{} outputs y:0.18697767618182157 (n:0.0035439573830473208) c:1.0
num acquisition: 124, time elapsed: 21.58s
0
z
[0.55676481 0.30315024]
0.5567648141153473
f inputs x:[[0.27185782 0.14802258]] ev:{} outputs y:0.18582319899876523 (n:0.002559056015616138) c:1.0
num acquisition: 125, time elapsed: 21.91s
0
z
[0.55823796 0.30386859]
0.5582379624540011
f inputs x:[[0.27257713 0.14837334]] ev:{} outputs y:0.1876858543066815 (n:0.004383897881053611) c:1.0
num acquisition: 126, time elapsed: 22.17s
0
z
[-1.33854963  1.73406215]
-1.3385496309854885
f inputs x:[[-0.65358869  0.84671003]] ev:{} outputs y:1.9171799464442587 (n:8.076284920187051e-05) c:1.0
num acquisition: 127, time elapsed: 22.43s
0
z
[-0.31697535 -0.61096958]
-0.31697535095884904
f inputs x:[[-0.15477312 -0.29832499]] ev:{} outputs y:3.9768897239754755 (n:2.4536752619543812e-05) c:1.0
num acquisition: 128, time elapsed: 22.76s
0
z
[-1.19684524  1.44318112]
-1.1968452390193673
f inputs x:[[-0.58439709  0.70467828]] ev:{} outputs y:1.7587898061601317 (n:-0.0055418231655726055) c:1.0
num acquisition: 129, time elapsed: 23.07s
0
z
[ 0.27550947 -0.7643107 ]
0.2755094664039664
f inputs x:[[ 0.13452611 -0.37319858]] ev:{} outputs y:4.27753320343634 (n:-0.000814926667486452) c:1.0
num acquisition: 130, time elapsed: 23.34s
0
z
[-0.05173645  0.67467282]
-0.05173644659437447
f inputs x:[[-0.02526194  0.32943009]] ev:{} outputs y:3.860135139226166 (n:0.004385516891220071) c:1.0
num acquisition: 131, time elapsed: 23.62s
0
z
[-0.57141243 -2.048     ]
-0.5714124315727974
f inputs x:[[-0.27900998 -1.        ]] ev:{} outputs y:6.33349172812123 (n:-0.007396783227440692) c:1.0
num acquisition: 132, time elapsed: 23.91s
0
z
[1.2760384  0.26853389]
1.2760383971738067
f inputs x:[[0.62306562 0.13112006]] ev:{} outputs y:5.225237735423793 (n:-0.00032349806289353134) c:1.0
num acquisition: 133, time elapsed: 24.17s
0
z
[-0.59521826  0.15894619]
-0.5952182634928231
f inputs x:[[-0.29063392  0.07761044]] ev:{} outputs y:1.9951812025539726 (n:-0.0009382311840703329) c:1.0
num acquisition: 134, time elapsed: 24.45s
0
z
[1.15922662 1.39178458]
1.1592266207310011
f inputs x:[[0.56602862 0.67958232]] ev:{} outputs y:0.22427011241926306 (n:-0.003298936768988648) c:1.0
num acquisition: 135, time elapsed: 24.74s
0
z
[-1.6019918   1.76709904]
-1.6019917981386917
f inputs x:[[-0.78222256  0.86284133]] ev:{} outputs y:4.275027801779705 (n:0.003164829732234648) c:1.0
num acquisition: 136, time elapsed: 25.00s
0
z
[ 0.52235501 -0.20167363]
0.5223550132040498
f inputs x:[[ 0.25505616 -0.09847345]] ev:{} outputs y:3.165701273767599 (n:-0.0017070986285643943) c:1.0
num acquisition: 137, time elapsed: 25.28s
0
z
[-0.57513356 -1.10417046]
-0.5751335595137858
f inputs x:[[-0.28082693 -0.53914573]] ev:{} outputs y:5.337919921734906 (n:-0.0062735018504380185) c:1.0
num acquisition: 138, time elapsed: 25.57s
0
z
[-2.048      -0.58460481]
-2.048
f inputs x:[[-1.         -0.28545157]] ev:{} outputs y:7.735358845894084 (n:-0.00273148446720077) c:1.0
num acquisition: 139, time elapsed: 25.90s
0
z
[-1.03817063  0.95389911]
-1.0381706335914003
f inputs x:[[-0.50691925  0.46577105]] ev:{} outputs y:1.9020493987327245 (n:0.0015492139069160366) c:1.0
num acquisition: 140, time elapsed: 26.21s
0
z
[-0.77579965 -0.33839003]
-0.7757996538468119
f inputs x:[[-0.37880842 -0.1652295 ]] ev:{} outputs y:4.526604815330012 (n:-0.0012677706590477167) c:1.0
num acquisition: 141, time elapsed: 26.52s
0
z
[ 1.02286329 -1.08277786]
1.022863292051859
f inputs x:[[ 0.49944497 -0.52870013]] ev:{} outputs y:6.116697634436218 (n:-0.002007734212314255) c:1.0
num acquisition: 142, time elapsed: 26.79s
0
z
[0.44735937 1.84876165]
0.4473593679758796
f inputs x:[[0.21843719 0.90271565]] ev:{} outputs y:5.6147787074620705 (n:0.00492636505904991) c:1.0
num acquisition: 143, time elapsed: 27.13s
0
z
[-1.17059242  1.68662961]
-1.170592423335281
f inputs x:[[-0.57157833  0.82354961]] ev:{} outputs y:2.7566067122699396 (n:0.001751801356867471) c:1.0
num acquisition: 144, time elapsed: 27.41s
0
z
[1.72273792 0.99693949]
1.7227379153532867
f inputs x:[[0.84118062 0.48678686]] ev:{} outputs y:5.963944267038173 (n:-0.0021042194278168076) c:1.0
num acquisition: 145, time elapsed: 27.76s
0
z
[ 0.16502585 -1.27269526]
0.16502584801397996
f inputs x:[[ 0.08057903 -0.62143323]] ev:{} outputs y:5.136338623192238 (n:-0.003444024774599319) c:1.0
num acquisition: 146, time elapsed: 28.06s
0
z
[-0.33492557 -0.27986787]
-0.33492557467397743
f inputs x:[[-0.16353788 -0.13665423]] ev:{} outputs y:2.8986613018980054 (n:-0.00010832575604037403) c:1.0
num acquisition: 147, time elapsed: 28.37s
0
z
[-0.90481552  0.77108236]
-0.9048155246173439
f inputs x:[[-0.44180446  0.37650506]] ev:{} outputs y:1.583026570874733 (n:0.0030212346045550027) c:1.0
num acquisition: 148, time elapsed: 28.68s
0
z
[ 0.4087279 -2.048    ]
0.4087278955026522
f inputs x:[[ 0.19957417 -1.        ]] ev:{} outputs y:6.19781263343762 (n:-0.0006620489991383774) c:1.0
num acquisition: 149, time elapsed: 29.08s
0
z
[0.1032878  1.44249579]
0.10328779798926575
f inputs x:[[0.0504335  0.70434365]] ev:{} outputs y:5.334837177650942 (n:0.0030024982513020583) c:1.0
num acquisition: 150, time elapsed: 29.36s
0
z
[0.55019838 0.30013593]
0.5501983827823752
f inputs x:[[0.26865155 0.14655075]] ev:{} outputs y:0.18418515400192473 (n:-0.0006235872832342669) c:1.0
num acquisition: 151, time elapsed: 29.69s
0
z
[-0.34562164  0.30457016]
-0.3456216419670656
f inputs x:[[-0.16876057  0.1487159 ]] ev:{} outputs y:1.82664079611664 (n:-0.0039362544080138355) c:1.0
num acquisition: 152, time elapsed: 30.03s
0
z
[0.48342305 1.0243633 ]
0.4834230459708552
f inputs x:[[0.23604641 0.50017739]] ev:{} outputs y:4.16187346919047 (n:0.006401856114702149) c:1.0
num acquisition: 153, time elapsed: 30.36s
0
z
[ 0.85329368 -1.57948662]
0.8532936833084698
f inputs x:[[ 0.41664731 -0.7712337 ]] ev:{} outputs y:6.280767801313583 (n:0.001267886260763266) c:1.0
num acquisition: 154, time elapsed: 30.77s
0
z
[0.05879449 0.10735892]
0.058794494009248584
f inputs x:[[0.02870825 0.05242135]] ev:{} outputs y:1.0833172414693677 (n:-0.003705803570595363) c:1.0
num acquisition: 155, time elapsed: 31.19s
0
z
[-1.12694657 -0.50492467]
-1.1269465677593478
f inputs x:[[-0.55026688 -0.24654525]] ev:{} outputs y:5.767926958351924 (n:-0.002150931772404425) c:1.0
num acquisition: 156, time elapsed: 31.56s
0
z
[ 1.55809827 -0.93599293]
1.558098272218764
f inputs x:[[ 0.76079017 -0.4570278 ]] ev:{} outputs y:7.024048153957635 (n:-0.008341708727497685) c:1.0
num acquisition: 157, time elapsed: 31.91s
0
z
[0.5497076  0.29999003]
0.5497075976513971
f inputs x:[[0.26841191 0.14647951]] ev:{} outputs y:0.179158933942183 (n:-0.005860782418481222) c:1.0
num acquisition: 158, time elapsed: 32.32s
0
z
[0.55158026 0.30095046]
0.5515802587321584
f inputs x:[[0.2693263  0.14694847]] ev:{} outputs y:0.18085048682754432 (n:-0.003271850061918274) c:1.0
num acquisition: 159, time elapsed: 32.65s
0
z
[ 0.0178381  -0.60005866]
0.01783810417514651
f inputs x:[[ 0.00871001 -0.29299739]] ev:{} outputs y:3.6425300510009335 (n:0.004683936383795191) c:1.0
num acquisition: 160, time elapsed: 32.96s
0
z
[-1.50852407 -2.048     ]
-1.5085240685129835
f inputs x:[[-0.73658402 -1.        ]] ev:{} outputs y:7.531436629606572 (n:-0.00582460483332817) c:1.0
num acquisition: 161, time elapsed: 33.31s
0
z
[-0.63416612  0.52764167]
-0.6341661221155493
f inputs x:[[-0.30965143  0.25763753]] ev:{} outputs y:1.662894393860928 (n:0.005638889844549807) c:1.0
num acquisition: 162, time elapsed: 33.65s
0
z
[0.81735939 0.65458343]
0.8173593916763451
f inputs x:[[0.39910127 0.31962082]] ev:{} outputs y:0.05027357694810683 (n:-4.573134044487812e-06) c:1.0
num acquisition: 163, time elapsed: 34.01s
0
z
[-0.59824524  1.4892439 ]
-0.5982452355476822
f inputs x:[[-0.29211193  0.72716987]] ev:{} outputs y:4.880580700006949 (n:0.0012021516544011757) c:1.0
num acquisition: 164, time elapsed: 34.39s
0
z
[1.61621038 0.42770246]
1.616210382509191
f inputs x:[[0.78916523 0.20883909]] ev:{} outputs y:6.1745689073457415 (n:0.003798376954340723) c:1.0
num acquisition: 165, time elapsed: 34.71s
0
z
[-1.61989129  0.73892362]
-1.6198912862504673
f inputs x:[[-0.79096254  0.36080255]] ev:{} outputs y:5.898355165474192 (n:0.0033102812580005333) c:1.0
num acquisition: 166, time elapsed: 35.11s
0
z
[0.24465855 0.19961122]
0.24465855170646544
f inputs x:[[0.11946218 0.09746642]] ev:{} outputs y:1.259141361488544 (n:-0.00035384274913972973) c:1.0
num acquisition: 167, time elapsed: 35.47s
0
z
[0.25443403 0.71142566]
0.2544340334715252
f inputs x:[[0.12423537 0.34737581]] ev:{} outputs y:3.768381849495366 (n:-0.0015367360561571541) c:1.0
num acquisition: 168, time elapsed: 35.83s
0
z
[1.00751959 1.13167522]
1.0075195891505047
f inputs x:[[0.49195292 0.55257579]] ev:{} outputs y:0.8564889852638747 (n:-0.001805788814326378) c:1.0
num acquisition: 169, time elapsed: 36.12s
0
z
[0.80596251 0.62164837]
0.8059625087893924
f inputs x:[[0.39353638 0.30353924]] ev:{} outputs y:0.12282618865378438 (n:0.013394923304871588) c:1.0
num acquisition: 170, time elapsed: 36.47s
0
z
[-1.50408842 -0.09512915]
-1.5040884171270037
f inputs x:[[-0.73441817 -0.04644978]] ev:{} outputs y:6.336965558133125 (n:0.0036696299154452966) c:1.0
num acquisition: 171, time elapsed: 36.85s
0
z
[ 0.09949392 -0.24017655]
0.0994939151013533
f inputs x:[[ 0.04858101 -0.11727371]] ev:{} outputs y:2.085542187127121 (n:-0.0019532304241564416) c:1.0
num acquisition: 172, time elapsed: 37.23s
0
z
[0.8249818  0.70511848]
0.8249818040490768
f inputs x:[[0.40282315 0.34429613]] ev:{} outputs y:0.08047993362461073 (n:-0.006405389680075629) c:1.0
num acquisition: 173, time elapsed: 37.66s
0
z
[-0.61581649 -1.62843522]
-0.6158164934945548
f inputs x:[[-0.30069165 -0.79513438]] ev:{} outputs y:6.009197138512959 (n:0.0011635994921501054) c:1.0
num acquisition: 174, time elapsed: 38.10s
0
z
[-1.06196599  1.34618554]
-1.0619659863113293
f inputs x:[[-0.51853808  0.65731716]] ev:{} outputs y:2.305574943903117 (n:0.00077611720765234) c:1.0
num acquisition: 175, time elapsed: 38.46s
0
z
[ 1.30524984 -0.27874905]
1.3052498358803486
f inputs x:[[ 0.63732902 -0.13610794]] ev:{} outputs y:5.982963446435265 (n:0.006372625989364271) c:1.0
num acquisition: 176, time elapsed: 38.92s
0
z
[-0.31234548  2.048     ]
-0.31234547994173895
f inputs x:[[-0.15251244  1.        ]] ev:{} outputs y:5.954295125213761 (n:0.005884260214297765) c:1.0
num acquisition: 177, time elapsed: 39.32s
0
z
[1.38575061 1.95460986]
1.3857506141935696
f inputs x:[[0.67663604 0.95439934]] ev:{} outputs y:0.23231912645469108 (n:-0.003928161221658693) c:1.0
num acquisition: 178, time elapsed: 39.73s
0
z
[-2.048      -1.57969658]
-2.048
f inputs x:[[-1.         -0.77133622]] ev:{} outputs y:8.114060156276539 (n:-0.0009221976520881188) c:1.0
num acquisition: 179, time elapsed: 40.20s
0
z
[-1.38262711  1.91150221]
-1.3826271105165076
f inputs x:[[-0.67511089  0.93335069]] ev:{} outputs y:1.8968055098907732 (n:-0.0018504497446559126) c:1.0
num acquisition: 180, time elapsed: 40.73s
0
z
[-1.59501925 -1.11310676]
-1.5950192539259356
f inputs x:[[-0.778818   -0.54350916]] ev:{} outputs y:7.197356634146023 (n:-0.006971317833313487) c:1.0
num acquisition: 181, time elapsed: 41.25s
0
z
[1.34466808 1.88705349]
1.3446680751888895
f inputs x:[[0.65657621 0.92141284]] ev:{} outputs y:0.5503649826424173 (n:-0.004469405673997105) c:1.0
num acquisition: 182, time elapsed: 41.73s
0
z
[-1.26144964  1.29847416]
-1.261449640007743
f inputs x:[[-0.61594221  0.63402059]] ev:{} outputs y:2.6871790353419094 (n:0.00026885408421782175) c:1.0
num acquisition: 183, time elapsed: 42.21s
0
z
[0.76638749 1.69933167]
0.76638749403397
f inputs x:[[0.37421264 0.82975179]] ev:{} outputs y:4.823846149776812 (n:-0.0021043577473596393) c:1.0
num acquisition: 184, time elapsed: 42.65s
0
z
[-0.26690641  0.86259295]
-0.2669064147171639
f inputs x:[[-0.1303254   0.42118797]] ev:{} outputs y:4.169419159412926 (n:-0.008487362622524674) c:1.0
num acquisition: 185, time elapsed: 43.22s
0
z
[-0.04753502 -1.65780291]
-0.04753501803102312
f inputs x:[[-0.02321046 -0.80947408]] ev:{} outputs y:5.62709003788479 (n:0.0006275998503910204) c:1.0
num acquisition: 186, time elapsed: 43.69s
0
z
[0.30589012 0.10531469]
0.3058901180727097
f inputs x:[[0.14936041 0.05142319]] ev:{} outputs y:0.40327236220693596 (n:0.0007547912510473449) c:1.0
num acquisition: 187, time elapsed: 44.13s
0
z
[2.048      1.68974496]
2.048
f inputs x:[[1.         0.82507078]] ev:{} outputs y:6.43722186824148 (n:-0.007513186656376216) c:1.0
num acquisition: 188, time elapsed: 44.64s
0
z
[-1.11291589  0.28537419]
-1.1129158857152894
f inputs x:[[-0.54341596  0.13934286]] ev:{} outputs y:4.569151222890678 (n:0.0014245472236518065) c:1.0
num acquisition: 189, time elapsed: 45.11s
0
z
[-0.77690005 -0.01833347]
-0.7769000543127017
f inputs x:[[-0.37934573 -0.00895189]] ev:{} outputs y:3.7594213569787733 (n:0.002083917102449077) c:1.0
num acquisition: 190, time elapsed: 45.61s
0
z
[ 0.58528388 -0.90177141]
0.5852838793639283
f inputs x:[[ 0.28578314 -0.44031807]] ev:{} outputs y:5.050418055906889 (n:0.0005148456606032496) c:1.0
num acquisition: 191, time elapsed: 46.06s
0
z
[-1.77961492  1.10733005]
-1.7796149209049577
f inputs x:[[-0.8689526  0.5406885]] ev:{} outputs y:6.063170855236809 (n:-0.0074799106301563145) c:1.0
num acquisition: 192, time elapsed: 46.51s
0
z
[-0.49692755  0.29083643]
-0.49692755092386426
f inputs x:[[-0.24264041  0.14200998]] ev:{} outputs y:1.2430667053230884 (n:0.009484175348400646) c:1.0
num acquisition: 193, time elapsed: 47.05s
0
z
[ 1.65593879 -0.5182181 ]
1.6559387916461603
f inputs x:[[ 0.80856386 -0.25303618]] ev:{} outputs y:6.972897835847868 (n:0.0027131018331548466) c:1.0
num acquisition: 194, time elapsed: 47.54s
0
z
[ 0.79812671 -0.35529349]
0.7981267138104207
f inputs x:[[ 0.38971031 -0.17348315]] ev:{} outputs y:4.601039317357013 (n:0.0008150446670192406) c:1.0
num acquisition: 195, time elapsed: 48.01s
0
z
[0.52193857 0.28337041]
0.5219385733644849
f inputs x:[[0.25485282 0.13836446]] ev:{} outputs y:0.21857203757852345 (n:0.003029987794499929) c:1.0
num acquisition: 196, time elapsed: 48.46s
0
z
[-2.048       0.36094401]
-2.048
f inputs x:[[-1.          0.17624219]] ev:{} outputs y:7.294243107437757 (n:-0.005388829236350763) c:1.0
num acquisition: 197, time elapsed: 48.91s
0
z
[0.72682287 0.52669209]
0.7268228703477924
f inputs x:[[0.35489398 0.25717387]] ev:{} outputs y:0.07213919518253163 (n:-6.535977076468867e-05) c:1.0
num acquisition: 198, time elapsed: 49.38s
0
z
[-0.34282718 -0.90230189]
-0.34282718205939017
f inputs x:[[-0.16739608 -0.44057709]] ev:{} outputs y:4.662726972149291 (n:-0.008315129708467034) c:1.0
num acquisition: 199, time elapsed: 49.89s
0
z
[2.048      0.15226631]
2.048
f inputs x:[[1.         0.07434878]] ev:{} outputs y:7.4058493593289825 (n:0.005897805787285679) c:1.0
num acquisition: 200, time elapsed: 50.38s
0
z
[0.23802502 0.02523346]
0.2380250199613932
f inputs x:[[0.11622315 0.01232103]] ev:{} outputs y:0.5175767761754699 (n:-0.0008258069376640668) c:1.0
num acquisition: 201, time elapsed: 50.94s
0
z
[-1.32043985  1.55917353]
-1.3204398544948022
f inputs x:[[-0.64474602  0.7613152 ]] ev:{} outputs y:2.2806061879791963 (n:-0.0001759475800729613) c:1.0
num acquisition: 202, time elapsed: 51.50s
0
z
[-0.75980152  0.46307306]
-0.7598015170708716
f inputs x:[[-0.37099683  0.22610989]] ev:{} outputs y:1.6881242683191102 (n:0.0014211075723314132) c:1.0
num acquisition: 203, time elapsed: 51.98s
0
z
[-0.59355123  1.09497725]
-0.5935512311138593
f inputs x:[[-0.28981994  0.53465686]] ev:{} outputs y:4.072619615306576 (n:0.0002497394523260885) c:1.0
num acquisition: 204, time elapsed: 52.44s
0
z
[2.048      0.91823054]
2.048
f inputs x:[[1.         0.44835475]] ev:{} outputs y:6.978806954229376 (n:-0.0016075686117308866) c:1.0
num acquisition: 205, time elapsed: 52.97s
0
z
[0.52401237 0.28437017]
0.5240123656846867
f inputs x:[[0.25586541 0.13885262]] ev:{} outputs y:0.2163208232122874 (n:0.004334126251190973) c:1.0
num acquisition: 206, time elapsed: 53.50s
0
z
[0.83032013 0.72193262]
0.830320134610455
f inputs x:[[0.40542975 0.35250616]] ev:{} outputs y:0.12004871946397509 (n:-0.006075768588545624) c:1.0
num acquisition: 207, time elapsed: 54.02s
0
z
[0.82856054 0.7171202 ]
0.8285605399414272
f inputs x:[[0.40457058 0.35015635]] ev:{} outputs y:0.1187035765600162 (n:0.0026338144634878995) c:1.0
num acquisition: 208, time elapsed: 54.60s
0
z
[-0.90082002 -1.05292645]
-0.900820016476305
f inputs x:[[-0.43985352 -0.51412424]] ev:{} outputs y:5.860558120930766 (n:-0.003678067561607991) c:1.0
num acquisition: 209, time elapsed: 55.25s
0
z
[-0.94921483  1.90082532]
-0.9492148286772039
f inputs x:[[-0.4634838   0.92813736]] ev:{} outputs y:4.661355832700154 (n:0.009657588872360338) c:1.0
num acquisition: 210, time elapsed: 55.74s
0
z
[1.26367675 1.61603038]
1.2636767540942435
f inputs x:[[0.61702967 0.78907733]] ev:{} outputs y:0.10160778408726392 (n:0.000674189521218616) c:1.0
num acquisition: 211, time elapsed: 56.31s
0
z
[1.3825479  1.08272218]
1.3825478959828827
f inputs x:[[0.67507221 0.52867294]] ev:{} outputs y:4.239588978716147 (n:-0.006380900510651918) c:1.0
num acquisition: 212, time elapsed: 56.95s
0
z
[ 0.72461498 -0.01592215]
0.7246149760182146
f inputs x:[[ 0.35381591 -0.00777448]] ev:{} outputs y:3.423015316721074 (n:0.010457784382591399) c:1.0
num acquisition: 213, time elapsed: 57.72s
0
z
[-0.16078435  0.44347691]
-0.16078435127062832
f inputs x:[[-0.07850798  0.21654146]] ev:{} outputs y:2.9875716240667742 (n:0.0024701634059383303) c:1.0
num acquisition: 214, time elapsed: 58.35s
0
z
[-0.97637069  1.0979222 ]
-0.9763706942253567
f inputs x:[[-0.4767435   0.53609483]] ev:{} outputs y:1.9430167593481713 (n:-0.0025514774127632293) c:1.0
num acquisition: 215, time elapsed: 59.00s
0
z
[0.40603856 0.13231076]
0.4060385623070807
f inputs x:[[0.19826102 0.06460486]] ev:{} outputs y:0.3792915449953086 (n:0.0016889494199651678) c:1.0
num acquisition: 216, time elapsed: 59.62s
0
z
[-0.52866354 -0.44373406]
-0.5286635355934735
f inputs x:[[-0.25813649 -0.21666702]] ev:{} outputs y:4.026420222285538 (n:0.007492469659595669) c:1.0
num acquisition: 217, time elapsed: 60.25s
0
z
[-0.40611749  0.03563055]
-0.40611748656014685
f inputs x:[[-0.19829955  0.01739773]] ev:{} outputs y:1.5283152596307852 (n:-0.008344966008278531) c:1.0
num acquisition: 218, time elapsed: 60.87s
0
z
[1.02409969 0.13294167]
1.0240996872146881
f inputs x:[[0.50004868 0.06491292]] ev:{} outputs y:4.434732279945574 (n:-0.006466121591470551) c:1.0
num acquisition: 219, time elapsed: 61.55s
0
z
[1.332059   1.73969469]
1.3320589969033285
f inputs x:[[0.65041943 0.8494603 ]] ev:{} outputs y:0.2085643389521451 (n:0.0010800287288285251) c:1.0
num acquisition: 220, time elapsed: 62.26s
0
z
[-2.048       1.73219532]
-2.048
f inputs x:[[-1.         0.8457985]] ev:{} outputs y:6.428304810391182 (n:0.0042655998384964035) c:1.0
num acquisition: 221, time elapsed: 62.84s
0
z
[0.85180827 0.75222892]
0.851808270237961
f inputs x:[[0.41592201 0.36729928]] ev:{} outputs y:0.09505436098509139 (n:0.006135898075868887) c:1.0
num acquisition: 222, time elapsed: 63.51s
0
z
[0.85114752 0.75383474]
0.8511475215392647
f inputs x:[[0.41559938 0.36808337]] ev:{} outputs y:0.10282975010967058 (n:-0.00016985085419457847) c:1.0
num acquisition: 223, time elapsed: 64.17s
0
z
[0.85000352 0.75512205]
0.8500035161076016
f inputs x:[[0.41504078 0.36871194]] ev:{} outputs y:0.11898349494952168 (n:-0.002242311827516251) c:1.0
num acquisition: 224, time elapsed: 64.94s
0
z
[ 1.69148084 -1.69893816]
1.6914808414306193
f inputs x:[[ 0.82591838 -0.82955965]] ev:{} outputs y:7.64315343394527 (n:0.0026074055382299967) c:1.0
num acquisition: 225, time elapsed: 65.70s
0
z
[ 0.90663158 -0.75195252]
0.9066315788879715
f inputs x:[[ 0.4426912  -0.36716432]] ev:{} outputs y:5.50838399973773 (n:-0.008005415282748488) c:1.0
num acquisition: 226, time elapsed: 66.42s
0
z
[0.8479593  0.69542875]
0.8479593048566386
f inputs x:[[0.41404263 0.33956482]] ev:{} outputs y:0.0692527117753351 (n:-0.006635356114162056) c:1.0
num acquisition: 227, time elapsed: 67.07s
0
z
[ 0.30516351 -1.03579751]
0.3051635123964298
f inputs x:[[ 0.14900562 -0.5057605 ]] ev:{} outputs y:4.8688312335798205 (n:0.009566662910651322) c:1.0
num acquisition: 228, time elapsed: 67.73s
0
z
[ 1.17602423 -1.74946629]
1.176024228422222
f inputs x:[[ 0.57423058 -0.85423159]] ev:{} outputs y:6.885886912563772 (n:-0.003995757187435923) c:1.0
num acquisition: 229, time elapsed: 68.50s
0
z
[0.98589068 1.01245486]
0.9858906793041338
f inputs x:[[0.48139193 0.49436272]] ev:{} outputs y:0.14714874261706243 (n:-0.004728213984168866) c:1.0
num acquisition: 230, time elapsed: 69.22s
0
z
[0.32765575 1.22323661]
0.32765574784681123
f inputs x:[[0.15998816 0.5972835 ]] ev:{} outputs y:4.833387154783893 (n:-0.0026605079108492145) c:1.0
num acquisition: 231, time elapsed: 69.99s
0
z
[0.96033265 0.9448936 ]
0.960332646263303
f inputs x:[[0.46891242 0.46137383]] ev:{} outputs y:0.06346148338794098 (n:0.011915553208710352) c:1.0
num acquisition: 232, time elapsed: 70.69s
0
z
[0.1108174  1.73415948]
0.11081739577696038
f inputs x:[[0.05411006 0.84675756]] ev:{} outputs y:5.692324840163296 (n:-0.005698981436041715) c:1.0
num acquisition: 233, time elapsed: 71.39s
0
z
[0.40783951 2.048     ]
0.40783951237895744
f inputs x:[[0.19914039 1.        ]] ev:{} outputs y:5.86873350767327 (n:-0.004560205330038256) c:1.0
num acquisition: 234, time elapsed: 72.10s
0
z
[-0.60432731  1.7632652 ]
-0.6043273128052118
f inputs x:[[-0.2950817   0.86096933]] ev:{} outputs y:5.291701356131523 (n:-0.0017505899648538037) c:1.0
num acquisition: 235, time elapsed: 72.74s
0
z
[0.94500865 0.88577732]
0.9450086529910006
f inputs x:[[0.46143001 0.43250845]] ev:{} outputs y:-9.99560304078273e-05 (n:-0.008366369203549029) c:1.0
num acquisition: 236, time elapsed: 73.47s
0
z
[ 0.47192762 -0.46802083]
0.4719276230104006
f inputs x:[[ 0.23043341 -0.22852579]] ev:{} outputs y:3.8942167135566614 (n:0.0025892360723839443) c:1.0
num acquisition: 237, time elapsed: 74.25s
0
z
[-0.18882887 -1.1859073 ]
-0.18882886943145175
f inputs x:[[-0.0922016 -0.5790563]] ev:{} outputs y:5.022671337684873 (n:0.0011944504794135758) c:1.0
num acquisition: 238, time elapsed: 75.01s
0
z
[-1.3039426  -1.34841519]
-1.3039426024293086
f inputs x:[[-0.63669072 -0.65840585]] ev:{} outputs y:6.838909266512036 (n:-0.002443395726441609) c:1.0
num acquisition: 239, time elapsed: 75.70s
0
z
[-0.76342991  0.77286536]
-0.7634299138492896
f inputs x:[[-0.37276851  0.37737566]] ev:{} outputs y:2.0497000664556726 (n:0.005728990104366773) c:1.0
num acquisition: 240, time elapsed: 76.44s
0
z
[ 0.51864728 -1.4985142 ]
0.5186472753227217
f inputs x:[[ 0.25324574 -0.73169639]] ev:{} outputs y:5.74162091012877 (n:-0.006626760015595311) c:1.0
num acquisition: 241, time elapsed: 77.32s
0
z
[-1.18246274  1.01021371]
-1.1824627426588363
f inputs x:[[-0.57737439  0.49326841]] ev:{} outputs y:3.031499256194393 (n:-0.004313328876089101) c:1.0
num acquisition: 242, time elapsed: 78.10s
0
z
[0.75846352 0.54350777]
0.758463521413024
f inputs x:[[0.37034352 0.26538466]] ev:{} outputs y:0.14696378006007374 (n:-0.0007699266405469798) c:1.0
num acquisition: 243, time elapsed: 78.77s
0
z
[0.9542124  0.99868857]
0.954212395076669
f inputs x:[[0.46592402 0.4876409 ]] ev:{} outputs y:0.5711605325023201 (n:-0.005140013972933193) c:1.0
num acquisition: 244, time elapsed: 79.52s
0
z
[0.87443406 0.78611169]
0.8744340628796223
f inputs x:[[0.42696976 0.3838436 ]] ev:{} outputs y:0.05140565046267372 (n:-0.008646515282071445) c:1.0
num acquisition: 245, time elapsed: 80.34s
0
z
[0.87395336 0.78696456]
0.8739533562014966
f inputs x:[[0.42673504 0.38426004]] ev:{} outputs y:0.07563233229180118 (n:0.008372763197168245) c:1.0
num acquisition: 246, time elapsed: 81.18s
0
z
[0.87293239 0.78724262]
0.8729323922070117
f inputs x:[[0.42623652 0.38439581]] ev:{} outputs y:0.07663705942378167 (n:-0.00014787469068269692) c:1.0
num acquisition: 247, time elapsed: 82.10s
0
z
[0.87121781 0.78706374]
0.8712178081132145
f inputs x:[[0.42539932 0.38430847]] ev:{} outputs y:0.0961571010723465 (n:0.005195134123779627) c:1.0
num acquisition: 248, time elapsed: 83.04s
0
z
[0.88353538 0.76350687]
0.8835353827520991
f inputs x:[[0.43141376 0.37280609]] ev:{} outputs y:0.03874660989609865 (n:-0.0032591781972002116) c:1.0
num acquisition: 249, time elapsed: 84.07s
0
z
[0.95430635 0.91191846]
0.9543063475151031
f inputs x:[[0.4659699  0.44527269]] ev:{} outputs y:0.004604889786558566 (n:0.00237115905006345) c:1.0
num acquisition: 250, time elapsed: 84.91s
[0.46143001 0.43250845]
