INFO:GP:initializing Y
INFO:GP:initializing inference method
INFO:GP:adding kernel and likelihood as parameters
removed robo import in opts.py l17 due to theano errors
0
z
[-1.28287457  0.94339787]
-1.2828745708249498
f inputs x:[[-0.6264036   0.46064349]] ev:{} outputs y:4.017950542263249 (n:0.0007790312648304592) c:1.0
0
z
[ 0.56721747 -1.2494972 ]
0.5672174657540154
f inputs x:[[ 0.27696165 -0.61010605]] ev:{} outputs y:5.5128804270495415 (n:-0.0008086379355820945) c:1.0
0
z
[-1.87979504  1.73173862]
-1.8797950427107017
f inputs x:[[-0.91786867  0.8455755 ]] ev:{} outputs y:5.810393182139797 (n:-0.0006707369463306013) c:1.0
0
z
[-0.33074168  1.78675439]
-0.3307416775718657
f inputs x:[[-0.16149496  0.87243867]] ev:{} outputs y:5.643160259828924 (n:-0.006257485973779457) c:1.0
0
z
[ 1.53919816 -1.40260842]
1.5391981590172776
f inputs x:[[ 0.7515616  -0.68486739]] ev:{} outputs y:7.259951084098604 (n:-0.0011985399378722846) c:1.0
0
z
[-1.93756979 -0.79302184]
-1.937569790552987
f inputs x:[[-0.946079  -0.3872177]] ev:{} outputs y:7.635012012212784 (n:-0.0038270531515111135) c:1.0
num acquisition: 1, time elapsed: 0.09s
0
z
[ 0.578888   -1.25127464]
0.5788880028155063
f inputs x:[[ 0.28266016 -0.61097394]] ev:{} outputs y:5.5279622926430365 (n:-0.00479211699463932) c:1.0
num acquisition: 2, time elapsed: 0.20s
0
z
[-0.95058606  0.82902699]
-0.9505860626738332
f inputs x:[[-0.46415335  0.40479833]] ev:{} outputs y:1.679846513447264 (n:0.0006761865244800154) c:1.0
num acquisition: 3, time elapsed: 0.29s
0
z
[-0.78585008  0.74081655]
-0.7858500762691432
f inputs x:[[-0.38371586  0.36172683]] ev:{} outputs y:1.7439462932706469 (n:0.0019952772158980717) c:1.0
num acquisition: 4, time elapsed: 0.47s
0
z
[-0.79839956  0.94366411]
-0.7983995554155218
f inputs x:[[-0.38984353  0.46077349]] ev:{} outputs y:2.610458413152031 (n:-0.0004527911053689598) c:1.0
num acquisition: 5, time elapsed: 0.64s
0
z
[-0.94887866  0.62986782]
-0.9488786580956741
f inputs x:[[-0.46331966  0.30755265]] ev:{} outputs y:2.5005844242628026 (n:0.006114556938015205) c:1.0
num acquisition: 6, time elapsed: 0.82s
0
z
[-0.47831419  0.56154551]
-0.47831418574548495
f inputs x:[[-0.23355185  0.27419214]] ev:{} outputs y:2.657121832375609 (n:-0.0002246669688097656) c:1.0
num acquisition: 7, time elapsed: 0.96s
0
z
[0.08995117 0.3405579 ]
0.08995117193397438
f inputs x:[[0.04392147 0.16628804]] ev:{} outputs y:2.5490274817217324 (n:-0.00677236723771699) c:1.0
num acquisition: 8, time elapsed: 1.19s
0
z
[-0.17089428 -0.00935913]
-0.1708942832519051
f inputs x:[[-0.08344447 -0.00456989]] ev:{} outputs y:0.9318738027358511 (n:0.007729375811999283) c:1.0
num acquisition: 9, time elapsed: 1.41s
0
z
[-0.02341479 -0.20781096]
-0.023414787119647562
f inputs x:[[-0.011433  -0.1014702]] ev:{} outputs y:1.850419612591511 (n:-0.0041165081184082) c:1.0
num acquisition: 10, time elapsed: 1.57s
0
z
[-0.39737485 -0.1128319 ]
-0.39737485387397026
f inputs x:[[-0.19403069 -0.0550937 ]] ev:{} outputs y:2.3391740242070176 (n:0.008720917401103746) c:1.0
num acquisition: 11, time elapsed: 1.70s
0
z
[-0.07914761  0.06534567]
-0.07914760875728266
f inputs x:[[-0.03864629  0.03190707]] ev:{} outputs y:0.9114663340354545 (n:-0.010257559579042706) c:1.0
num acquisition: 12, time elapsed: 1.88s
0
z
[2.048 2.048]
2.048
f inputs x:[[1. 1.]] ev:{} outputs y:6.134275986099525 (n:-0.002933417920172793) c:1.0
num acquisition: 13, time elapsed: 2.02s
0
z
[2.048     0.3341642]
2.048
f inputs x:[[1.         0.16316611]] ev:{} outputs y:7.313705112114628 (n:0.0057209239818524875) c:1.0
num acquisition: 14, time elapsed: 2.15s
0
z
[-0.74120985 -2.048     ]
-0.7412098471440088
f inputs x:[[-0.36191887 -1.        ]] ev:{} outputs y:6.521550473235955 (n:0.001406114128715971) c:1.0
num acquisition: 15, time elapsed: 2.30s
0
z
[-0.19932314  0.13010041]
-0.19932314228519601
f inputs x:[[-0.09732575  0.06352559]] ev:{} outputs y:1.1768008344123326 (n:-0.0034105914547169405) c:1.0
num acquisition: 16, time elapsed: 2.46s
0
z
[0.78374007 2.048     ]
0.783740070002952
f inputs x:[[0.38268558 1.        ]] ev:{} outputs y:5.335295914554563 (n:0.0044576056898967846) c:1.0
num acquisition: 17, time elapsed: 2.61s
0
z
[ 0.61209324 -0.03179761]
0.6120932429712899
f inputs x:[[ 0.29887365 -0.01552618]] ev:{} outputs y:2.875618326436313 (n:0.0036878297887906514) c:1.0
num acquisition: 18, time elapsed: 2.75s
0
z
[-2.048 -2.048]
-2.048
f inputs x:[[-1. -1.]] ev:{} outputs y:8.269421689993669 (n:-0.00108452257997951) c:1.0
num acquisition: 19, time elapsed: 2.88s
0
z
[0.88041876 0.78992837]
0.8804187646516918
f inputs x:[[0.42989197 0.38570721]] ev:{} outputs y:0.04048449263074604 (n:0.004945996529504081) c:1.0
num acquisition: 20, time elapsed: 3.00s
0
z
[0.94770414 1.01697561]
0.9477041408528812
f inputs x:[[0.46274616 0.49657012]] ev:{} outputs y:0.8772826507562816 (n:-0.00435474588469121) c:1.0
num acquisition: 21, time elapsed: 3.20s
0
z
[1.04293891 0.66482674]
1.0429389100165267
f inputs x:[[0.50924751 0.32462243]] ev:{} outputs y:2.9381176045358672 (n:-0.0002952059764558352) c:1.0
num acquisition: 22, time elapsed: 3.37s
0
z
[0.69622652 0.85134634]
0.6962265220584115
f inputs x:[[0.33995436 0.41569646]] ev:{} outputs y:2.672814777263146 (n:-0.0036024879333715343) c:1.0
num acquisition: 23, time elapsed: 3.52s
0
z
[-0.05060869  0.34220442]
-0.050608692999510686
f inputs x:[[-0.02471128  0.167092  ]] ev:{} outputs y:2.610479210384216 (n:-0.002492798829760846) c:1.0
num acquisition: 24, time elapsed: 3.67s
0
z
[-0.23452037  0.11186173]
-0.23452036744517146
f inputs x:[[-0.1145119   0.05461998]] ev:{} outputs y:1.0512186422171421 (n:0.004823443223656742) c:1.0
num acquisition: 25, time elapsed: 3.85s
0
z
[0.92231684 0.8566096 ]
0.922316843945694
f inputs x:[[0.45035002 0.41826641]] ev:{} outputs y:0.007653870316928611 (n:-0.0018651853121389806) c:1.0
num acquisition: 26, time elapsed: 3.99s
0
z
[-2.048      0.3981392]
-2.048
f inputs x:[[-1.          0.19440391]] ev:{} outputs y:7.278485533424852 (n:-0.0017825228813294468) c:1.0
num acquisition: 27, time elapsed: 4.13s
0
z
[1.35584155 1.30480506]
1.3558415488734972
f inputs x:[[0.66203201 0.63711184]] ev:{} outputs y:3.391519175414283 (n:0.004117128237739874) c:1.0
num acquisition: 28, time elapsed: 4.28s
0
z
[-0.55076208 -0.97436242]
-0.5507620781715786
f inputs x:[[-0.2689268 -0.4757629]] ev:{} outputs y:5.110974081612528 (n:-0.004963258389281838) c:1.0
num acquisition: 29, time elapsed: 4.43s
0
z
[ 0.22495658 -0.01014164]
0.22495658482891506
f inputs x:[[ 0.10984208 -0.00495197]] ev:{} outputs y:0.677907795633834 (n:1.973206822505456e-05) c:1.0
num acquisition: 30, time elapsed: 4.58s
0
z
[ 0.39670205 -2.048     ]
0.39670205366647526
f inputs x:[[ 0.19370217 -1.        ]] ev:{} outputs y:6.186506205118103 (n:-0.003257334011478624) c:1.0
num acquisition: 31, time elapsed: 4.71s
0
z
[ 0.40044083 -0.42335664]
0.40044082895383404
f inputs x:[[ 0.19552775 -0.20671711]] ev:{} outputs y:3.571340839345589 (n:0.0037494955105032706) c:1.0
num acquisition: 32, time elapsed: 4.86s
0
z
[ 2.048 -2.048]
2.048
f inputs x:[[ 1. -1.]] ev:{} outputs y:8.257709240407763 (n:-0.010697981809778196) c:1.0
num acquisition: 33, time elapsed: 4.97s
0
z
[-1.10897576  2.048     ]
-1.1089757564463267
f inputs x:[[-0.54149207  1.        ]] ev:{} outputs y:4.283334311794076 (n:0.001287594715365451) c:1.0
num acquisition: 34, time elapsed: 5.08s
0
z
[ 2.048      -0.63468039]
2.048
f inputs x:[[ 1.         -0.30990254]] ev:{} outputs y:7.760010319281459 (n:0.004668365357613614) c:1.0
num acquisition: 35, time elapsed: 5.19s
0
z
[0.50493664 0.64953133]
0.5049366398392183
f inputs x:[[0.24655109 0.31715397]] ev:{} outputs y:2.819221191462607 (n:-0.002970545995325594) c:1.0
num acquisition: 36, time elapsed: 5.35s
0
z
[-0.15655704  0.09865308]
-0.1565570370003165
f inputs x:[[-0.07644387  0.04817045]] ev:{} outputs y:1.0528084945828464 (n:-0.007527921707538861) c:1.0
num acquisition: 37, time elapsed: 5.47s
0
z
[-0.14739075  0.05811726]
-0.14739074549951878
f inputs x:[[-0.07196814  0.02837757]] ev:{} outputs y:0.9000930605101929 (n:0.0044327898036154185) c:1.0
num acquisition: 38, time elapsed: 5.58s
0
z
[0.54633155 0.32039636]
0.546331549548812
f inputs x:[[0.26676345 0.15644354]] ev:{} outputs y:0.23029433595413773 (n:0.004070874843972539) c:1.0
num acquisition: 39, time elapsed: 5.71s
0
z
[0.68472897 0.43117805]
0.6847289726626169
f inputs x:[[0.33434032 0.21053616]] ev:{} outputs y:0.2111979981203979 (n:-0.004994867253098964) c:1.0
num acquisition: 40, time elapsed: 5.87s
0
z
[-1.11616206 -0.25798935]
-1.1161620601925077
f inputs x:[[-0.54500101 -0.12597136]] ev:{} outputs y:5.45363107406862 (n:0.008525557627199592) c:1.0
num acquisition: 41, time elapsed: 6.01s
0
z
[2.048      1.23310255]
2.048
f inputs x:[[1.         0.60210086]] ev:{} outputs y:6.772867079699855 (n:-0.005883353081405064) c:1.0
num acquisition: 42, time elapsed: 6.17s
0
z
[0.38334613 0.17491527]
0.38334612633186016
f inputs x:[[0.18718073 0.08540785]] ev:{} outputs y:0.3863982751274602 (n:0.009028255508550444) c:1.0
num acquisition: 43, time elapsed: 6.30s
0
z
[-1.20676875 -1.32881229]
-1.2067687508059795
f inputs x:[[-0.58924255 -0.64883412]] ev:{} outputs y:6.655363348607183 (n:-0.005915469641739165) c:1.0
num acquisition: 44, time elapsed: 6.45s
0
z
[0.75535741 0.58413631]
0.7553574113855392
f inputs x:[[0.36882686 0.28522281]] ev:{} outputs y:0.07539815002249269 (n:4.160397862059775e-05) c:1.0
num acquisition: 45, time elapsed: 6.57s
0
z
[1.38233218 2.048     ]
1.3823321761564957
f inputs x:[[0.67496688 1.        ]] ev:{} outputs y:1.1083044696422029 (n:0.0005993589068407553) c:1.0
num acquisition: 46, time elapsed: 6.71s
0
z
[1.30291945 1.78007829]
1.3029194549744636
f inputs x:[[0.63619114 0.86917885]] ev:{} outputs y:0.5700621086749245 (n:-0.002070271681259741) c:1.0
num acquisition: 47, time elapsed: 6.84s
0
z
[1.48965295 1.80916262]
1.4896529492062425
f inputs x:[[0.7273696  0.88338018]] ev:{} outputs y:2.8884473810862477 (n:-0.0042456176961645385) c:1.0
num acquisition: 48, time elapsed: 7.08s
0
z
[1.1260771  1.71276704]
1.1260770952404209
f inputs x:[[0.54984233 0.83631203]] ev:{} outputs y:3.0324067919024436 (n:-0.0022218002859807867) c:1.0
num acquisition: 49, time elapsed: 7.33s
0
z
[1.25547358 1.94301377]
1.2554735802600765
f inputs x:[[0.61302421 0.94873719]] ev:{} outputs y:2.672463820728472 (n:-0.0030273811067830798) c:1.0
num acquisition: 50, time elapsed: 7.50s
0
z
[-0.62192312  0.20899371]
-0.6219231162762955
f inputs x:[[-0.3036734   0.10204771]] ev:{} outputs y:1.9240387232869318 (n:0.00833324100952449) c:1.0
num acquisition: 51, time elapsed: 7.63s
0
z
[ 1.13507382 -0.5174748 ]
1.1350738156382574
f inputs x:[[ 0.55423526 -0.25267324]] ev:{} outputs y:5.787352966093676 (n:-0.0030167268258416108) c:1.0
num acquisition: 52, time elapsed: 7.77s
0
z
[0.65980509 0.46215275]
0.6598050854311729
f inputs x:[[0.32217045 0.22566052]] ev:{} outputs y:0.17181483930224575 (n:-0.0001282205775995717) c:1.0
num acquisition: 53, time elapsed: 7.93s
0
z
[1.31907505 1.64629697]
1.3190750475951758
f inputs x:[[0.64407961 0.80385594]] ev:{} outputs y:0.688291276751779 (n:0.00566616968106839) c:1.0
num acquisition: 54, time elapsed: 8.07s
0
z
[0.20830051 2.048     ]
0.2083005102905522
f inputs x:[[0.10170923 1.        ]] ev:{} outputs y:6.00061034655934 (n:0.0005000987517509698) c:1.0
num acquisition: 55, time elapsed: 8.20s
0
z
[ 0.00789945 -0.8153069 ]
0.007899451212543278
f inputs x:[[ 0.00385715 -0.39809907]] ev:{} outputs y:4.221592402625733 (n:-0.004759090580956933) c:1.0
num acquisition: 56, time elapsed: 8.34s
0
z
[ 1.114117 -2.048   ]
1.1141170017109683
f inputs x:[[ 0.54400244 -1.        ]] ev:{} outputs y:6.9893064563350205 (n:0.0018771693965994824) c:1.0
num acquisition: 57, time elapsed: 8.49s
0
z
[-1.07028355  1.47796388]
-1.0702835472850274
f inputs x:[[-0.52259939  0.72166205]] ev:{} outputs y:2.795824751018828 (n:0.0022796598192498336) c:1.0
num acquisition: 58, time elapsed: 8.62s
0
z
[-0.16154818 -1.52029509]
-0.16154818212082753
f inputs x:[[-0.07888095 -0.74233159]] ev:{} outputs y:5.490172850564586 (n:0.0033766933328075073) c:1.0
num acquisition: 59, time elapsed: 8.79s
0
z
[-0.17717786  1.08989761]
-0.17717786397507013
f inputs x:[[-0.08651263  0.53217657]] ev:{} outputs y:4.733223998278176 (n:-0.0067319549761129995) c:1.0
num acquisition: 60, time elapsed: 8.92s
0
z
[0.81659188 0.67102435]
0.8165918842180748
f inputs x:[[0.39872651 0.32764861]] ev:{} outputs y:0.04177927981938973 (n:0.006987346175292469) c:1.0
num acquisition: 61, time elapsed: 9.05s
0
z
[-2.048       1.13364787]
-2.048
f inputs x:[[-1.        0.553539]] ev:{} outputs y:6.85217485655426 (n:-0.0011790402863657747) c:1.0
num acquisition: 62, time elapsed: 9.23s
0
z
[1.02211075 0.91818353]
1.0221107546736068
f inputs x:[[0.49907752 0.4483318 ]] ev:{} outputs y:0.9622935765641439 (n:0.006246271034666941) c:1.0
num acquisition: 63, time elapsed: 9.41s
0
z
[0.42818933 0.32965718]
0.42818933348194405
f inputs x:[[0.20907682 0.16096542]] ev:{} outputs y:1.2405099734307243 (n:-0.002970194513693531) c:1.0
num acquisition: 64, time elapsed: 9.59s
0
z
[0.55291384 0.21485649]
0.5529138438666935
f inputs x:[[0.26997746 0.10491039]] ev:{} outputs y:0.6994546596061754 (n:-0.006307453084933086) c:1.0
num acquisition: 65, time elapsed: 9.78s
0
z
[0.24372025 0.11955818]
0.24372025362328864
f inputs x:[[0.11900403 0.05837802]] ev:{} outputs y:0.6692462671901488 (n:0.009725665699577665) c:1.0
num acquisition: 66, time elapsed: 9.96s
0
z
[0.3715787 0.0543418]
0.37157869613042965
f inputs x:[[0.18143491 0.02653408]] ev:{} outputs y:0.736870109853052 (n:-0.0031447565268245114) c:1.0
num acquisition: 67, time elapsed: 10.11s
0
z
[-1.38745229  1.60477797]
-1.387452292900898
f inputs x:[[-0.67746694  0.78358299]] ev:{} outputs y:2.838979256438727 (n:0.008376866391638609) c:1.0
num acquisition: 68, time elapsed: 10.26s
0
z
[0.61386998 0.37003617]
0.6138699846009973
f inputs x:[[0.2997412  0.18068172]] ev:{} outputs y:0.14209180062252016 (n:-0.000900263142264891) c:1.0
num acquisition: 69, time elapsed: 10.45s
0
z
[-1.35580834 -2.048     ]
-1.3558083390182702
f inputs x:[[-0.66201579 -1.        ]] ev:{} outputs y:7.320031134159255 (n:-0.004338540509859366) c:1.0
num acquisition: 70, time elapsed: 10.62s
0
z
[0.89381905 0.85784165]
0.8938190492836329
f inputs x:[[0.43643508 0.41886799]] ev:{} outputs y:0.31123814295980745 (n:0.004828292215727477) c:1.0
num acquisition: 71, time elapsed: 10.80s
0
z
[0.73827066 0.47072543]
0.7382706634382414
f inputs x:[[0.36048372 0.2298464 ]] ev:{} outputs y:0.47129946537315787 (n:-0.01163323137950947) c:1.0
num acquisition: 72, time elapsed: 10.96s
0
z
[0.86011651 0.73618813]
0.8601165136710243
f inputs x:[[0.41997877 0.35946686]] ev:{} outputs y:0.01914871846402376 (n:-0.0015086894667628512) c:1.0
num acquisition: 73, time elapsed: 11.17s
0
z
[-1.3822521   0.23092889]
-1.3822521039360258
f inputs x:[[-0.67492779  0.11275825]] ev:{} outputs y:5.656280274360802 (n:-0.00949444862098929) c:1.0
num acquisition: 74, time elapsed: 11.34s
0
z
[0.79226476 0.65676959]
0.7922647635976289
f inputs x:[[0.38684803 0.32068827]] ev:{} outputs y:0.11971937521346702 (n:-0.0005088701818636086) c:1.0
num acquisition: 75, time elapsed: 11.53s
0
z
[0.89587683 0.77626236]
0.8958768321502614
f inputs x:[[0.43743986 0.37903435]] ev:{} outputs y:0.08024428421253438 (n:0.003112875159478643) c:1.0
num acquisition: 76, time elapsed: 11.69s
0
z
[0.85761424 0.730684  ]
0.8576142371288716
f inputs x:[[0.41875695 0.3567793 ]] ev:{} outputs y:0.030451481162982793 (n:0.008107780190130552) c:1.0
num acquisition: 77, time elapsed: 11.89s
0
z
[0.39638163 1.44773304]
0.396381625195702
f inputs x:[[0.19354572 0.7069009 ]] ev:{} outputs y:5.120573924079174 (n:-0.0029910005346107504) c:1.0
num acquisition: 78, time elapsed: 12.05s
0
z
[0.85968253 0.73131681]
0.8596825285369927
f inputs x:[[0.41976686 0.35708829]] ev:{} outputs y:0.02551875882155646 (n:0.00016736435150787622) c:1.0
num acquisition: 79, time elapsed: 12.22s
0
z
[0.85970248 0.72881706]
0.859702479656048
f inputs x:[[0.4197766  0.35586771]] ev:{} outputs y:0.030764232237119035 (n:0.0009789173019733213) c:1.0
num acquisition: 80, time elapsed: 12.40s
0
z
[-1.564013  2.048   ]
-1.56401300481717
f inputs x:[[-0.76367823  1.        ]] ev:{} outputs y:3.1530116688804593 (n:-0.0008111227473224378) c:1.0
num acquisition: 81, time elapsed: 12.56s
0
z
[-2.048      -0.19954782]
-2.048
f inputs x:[[-1.         -0.09743546]] ev:{} outputs y:7.57126682936501 (n:0.0003681712531886094) c:1.0
num acquisition: 82, time elapsed: 12.72s
0
z
[-0.16560981 -2.048     ]
-0.16560980991442786
f inputs x:[[-0.08086416 -1.        ]] ev:{} outputs y:6.067378985958643 (n:-0.003585522843442733) c:1.0
num acquisition: 83, time elapsed: 12.87s
0
z
[-2.048      -1.38627062]
-2.048
f inputs x:[[-1.         -0.67688995]] ev:{} outputs y:8.046875997330899 (n:-0.00017647304076200433) c:1.0
num acquisition: 84, time elapsed: 13.05s
0
z
[0.86104836 0.73013628]
0.861048363976984
f inputs x:[[0.42043377 0.35651186]] ev:{} outputs y:0.04009312883158672 (n:0.008590254869371702) c:1.0
num acquisition: 85, time elapsed: 13.23s
0
z
[-2.048  2.048]
-2.048
f inputs x:[[-1.  1.]] ev:{} outputs y:6.148400745348075 (n:-0.006356260844915961) c:1.0
num acquisition: 86, time elapsed: 13.43s
0
z
[0.85780021 0.72446843]
0.857800213508344
f inputs x:[[0.41884776 0.35374435]] ev:{} outputs y:0.03159463567953222 (n:-0.0009783909944458197) c:1.0
num acquisition: 87, time elapsed: 13.63s
0
z
[1.00340893 1.30260943]
1.0034089292763375
f inputs x:[[0.48994577 0.63603976]] ev:{} outputs y:2.275700846418296 (n:-0.0014217409708397603) c:1.0
num acquisition: 88, time elapsed: 13.81s
0
z
[0.71382757 0.57685818]
0.7138275696038601
f inputs x:[[0.34854862 0.28166903]] ev:{} outputs y:0.42208718770345943 (n:-0.006401824095054928) c:1.0
num acquisition: 89, time elapsed: 14.03s
0
z
[-0.68100562  1.44676165]
-0.6810056158069685
f inputs x:[[-0.33252227  0.70642658]] ev:{} outputs y:4.61274093569519 (n:0.0030479626079820766) c:1.0
num acquisition: 90, time elapsed: 14.22s
0
z
[-0.6537885  -0.51467289]
-0.6537885037814839
f inputs x:[[-0.31923267 -0.25130512]] ev:{} outputs y:4.52816881000359 (n:0.0010404390927119627) c:1.0
num acquisition: 91, time elapsed: 14.42s
0
z
[ 1.4649948  -0.05888493]
1.4649947981683726
f inputs x:[[ 0.71532949 -0.02875241]] ev:{} outputs y:6.198851030211753 (n:0.0096418154438911) c:1.0
num acquisition: 92, time elapsed: 14.62s
0
z
[0.82332069 0.63703143]
0.8233206871871617
f inputs x:[[0.40201205 0.31105051]] ev:{} outputs y:0.16894726929118944 (n:-0.011612640965570081) c:1.0
num acquisition: 93, time elapsed: 14.83s
0
z
[-1.17010047 -0.77661388]
-1.1701004712116054
f inputs x:[[-0.57133812 -0.379206  ]] ev:{} outputs y:6.148267113809152 (n:0.003795663085451783) c:1.0
num acquisition: 94, time elapsed: 15.02s
0
z
[0.86814358 0.7479928 ]
0.8681435773912716
f inputs x:[[0.42389823 0.36523086]] ev:{} outputs y:0.0145758734631187 (n:-0.005827442626984849) c:1.0
num acquisition: 95, time elapsed: 15.23s
0
z
[0.87037304 0.75040792]
0.8703730386817523
f inputs x:[[0.42498684 0.36641012]] ev:{} outputs y:0.02110437142391649 (n:-0.0005621824516381643) c:1.0
num acquisition: 96, time elapsed: 15.48s
0
z
[0.87143569 0.75105687]
0.8714356909634747
f inputs x:[[0.42550571 0.36672699]] ev:{} outputs y:0.027864037948365235 (n:0.004645843525318753) c:1.0
num acquisition: 97, time elapsed: 15.67s
0
z
[0.06971869 0.75571306]
0.06971869014340672
f inputs x:[[0.03404233 0.36900052]] ev:{} outputs y:4.053741719777673 (n:-0.01088822566970861) c:1.0
num acquisition: 98, time elapsed: 15.89s
0
z
[-0.67472642  2.048     ]
-0.6747264190447265
f inputs x:[[-0.32945626  1.        ]] ev:{} outputs y:5.544732097083444 (n:-0.006241548861997094) c:1.0
num acquisition: 99, time elapsed: 16.07s
0
z
[ 0.66681958 -0.77212794]
0.6668195770755129
f inputs x:[[ 0.3255955  -0.37701559]] ev:{} outputs y:5.008115639392345 (n:0.0030594691814792743) c:1.0
num acquisition: 100, time elapsed: 16.27s
0
z
[-1.3453883   1.30707223]
-1.3453882973876778
f inputs x:[[-0.65692788  0.63821886]] ev:{} outputs y:3.4613173170604763 (n:0.0018042207955495779) c:1.0
num acquisition: 101, time elapsed: 16.47s
0
z
[-0.41888581  0.26152872]
-0.4188858149420471
f inputs x:[[-0.20453409  0.12769957]] ev:{} outputs y:1.3287441864451577 (n:0.005941496839119065) c:1.0
num acquisition: 102, time elapsed: 16.71s
0
z
[ 2.048     -1.2873474]
2.048
f inputs x:[[ 1.        -0.6285876]] ev:{} outputs y:7.9987652535577265 (n:-0.009915804912150857) c:1.0
num acquisition: 103, time elapsed: 16.90s
0
z
[-0.23188649 -0.48786766]
-0.23188649021658791
f inputs x:[[-0.11322583 -0.23821663]] ev:{} outputs y:3.462008726638837 (n:0.0008198642612260947) c:1.0
num acquisition: 104, time elapsed: 17.10s
0
z
[ 0.07895304 -0.02056319]
0.07895304456982176
f inputs x:[[ 0.03855129 -0.01004062]] ev:{} outputs y:0.6536687372630459 (n:0.0012736714549748396) c:1.0
num acquisition: 105, time elapsed: 17.30s
0
z
[0.86985906 0.7490433 ]
0.8698590574929893
f inputs x:[[0.42473587 0.3657438 ]] ev:{} outputs y:0.01180503523896804 (n:-0.010670612850025534) c:1.0
num acquisition: 106, time elapsed: 17.53s
0
z
[-0.71195296  0.44336224]
-0.711952958215129
f inputs x:[[-0.34763328  0.21648547]] ev:{} outputs y:1.47651287537125 (n:0.009976857746251521) c:1.0
num acquisition: 107, time elapsed: 17.74s
0
z
[-0.9199649   0.22692144]
-0.9199649025853102
f inputs x:[[-0.44920161  0.11080149]] ev:{} outputs y:3.7517403428594283 (n:-0.010706278524382652) c:1.0
num acquisition: 108, time elapsed: 17.96s
0
z
[0.87191218 0.75133638]
0.8719121824180457
f inputs x:[[0.42573837 0.36686347]] ev:{} outputs y:0.018790783000632617 (n:-0.005235908799658142) c:1.0
num acquisition: 109, time elapsed: 18.17s
0
z
[ 1.14174451 -1.0460832 ]
1.1417445087811766
f inputs x:[[ 0.55749244 -0.51078281]] ev:{} outputs y:6.324412514595761 (n:0.008851903949969358) c:1.0
num acquisition: 110, time elapsed: 18.44s
0
z
[0.87295321 0.75215466]
0.8729532142430771
f inputs x:[[0.42624669 0.36726302]] ev:{} outputs y:0.022807112018160245 (n:-0.0027898252075501074) c:1.0
num acquisition: 111, time elapsed: 18.68s
0
z
[-1.02226929  1.15554141]
-1.022269289515877
f inputs x:[[-0.49915493  0.56422921]] ev:{} outputs y:1.8369728098073344 (n:-0.005281860978699676) c:1.0
num acquisition: 112, time elapsed: 18.88s
0
z
[1.6385693  0.77351884]
1.6385693016450966
f inputs x:[[0.80008267 0.37769475]] ev:{} outputs y:5.9015464784798155 (n:-0.0031315971613759142) c:1.0
num acquisition: 113, time elapsed: 19.11s
0
z
[-0.66721399 -1.47277461]
-0.6672139909972965
f inputs x:[[-0.32578808 -0.71912823]] ev:{} outputs y:5.917164939365618 (n:-0.0007404880242391621) c:1.0
num acquisition: 114, time elapsed: 19.36s
0
z
[0.94364449 0.85095114]
0.9436444860534327
f inputs x:[[0.46076391 0.41550348]] ev:{} outputs y:0.14678558432770547 (n:-0.0010392586208002991) c:1.0
num acquisition: 115, time elapsed: 19.61s
0
z
[ 0.80279198 -1.65572439]
0.8027919787467734
f inputs x:[[ 0.39198827 -0.80845917]] ev:{} outputs y:6.272305649044936 (n:-0.0008177342199896857) c:1.0
num acquisition: 116, time elapsed: 19.87s
0
z
[0.61241978 0.40716149]
0.6124197833536631
f inputs x:[[0.2990331  0.19880932]] ev:{} outputs y:0.21864481700259025 (n:-0.0071208188471776545) c:1.0
num acquisition: 117, time elapsed: 20.10s
0
z
[0.86899676 0.7480866 ]
0.8689967643615827
f inputs x:[[0.42431483 0.36527666]] ev:{} outputs y:0.027373179969260017 (n:0.0054565101877028415) c:1.0
num acquisition: 118, time elapsed: 20.34s
0
z
[0.86767483 0.74645078]
0.8676748292319441
f inputs x:[[0.42366935 0.36447792]] ev:{} outputs y:0.025905669859170748 (n:0.004518747016778981) c:1.0
num acquisition: 119, time elapsed: 20.56s
0
z
[0.86649999 0.74514763]
0.8664999891087798
f inputs x:[[0.4230957  0.36384162]] ev:{} outputs y:0.012829650951452493 (n:-0.00799438052774167) c:1.0
num acquisition: 120, time elapsed: 20.77s
0
z
[0.86528082 0.74412164]
0.8652808228667179
f inputs x:[[0.4225004  0.36334064]] ev:{} outputs y:0.015957445631441816 (n:-0.004095533184128518) c:1.0
num acquisition: 121, time elapsed: 21.03s
0
z
[0.8638523  0.74298664]
0.8638523028672461
f inputs x:[[0.42180288 0.36278644]] ev:{} outputs y:0.012760385432853946 (n:-0.00664525595477389) c:1.0
num acquisition: 122, time elapsed: 21.31s
0
z
[0.86201344 0.74166271]
0.8620134394572474
f inputs x:[[0.420905 0.36214 ]] ev:{} outputs y:0.018489356007323023 (n:-0.0005654831721508314) c:1.0
num acquisition: 123, time elapsed: 21.57s
0
z
[-0.01418123  1.47268155]
-0.014181231914815635
f inputs x:[[-0.00692443  0.71908279]] ev:{} outputs y:5.388115425966576 (n:-0.00026396239153274624) c:1.0
num acquisition: 124, time elapsed: 21.84s
0
z
[0.86093179 0.74097511]
0.8609317932777759
f inputs x:[[0.42037685 0.36180425]] ev:{} outputs y:0.0186057095521258 (n:-0.0005547359402187153) c:1.0
num acquisition: 125, time elapsed: 22.12s
0
z
[0.85950801 0.74017816]
0.8595080050707079
f inputs x:[[0.41968164 0.36141512]] ev:{} outputs y:0.022484503891793926 (n:0.0027398977903962695) c:1.0
num acquisition: 126, time elapsed: 22.40s
0
z
[1.55854526 2.048     ]
1.5585452554611912
f inputs x:[[0.76100843 1.        ]] ev:{} outputs y:2.763140400860843 (n:0.00105049392260058) c:1.0
num acquisition: 127, time elapsed: 22.67s
0
z
[0.98950597 0.1423387 ]
0.989505973788219
f inputs x:[[0.48315721 0.06950132]] ev:{} outputs y:4.2647388027849935 (n:0.0017666980567766783) c:1.0
num acquisition: 128, time elapsed: 22.91s
0
z
[ 0.21334527 -0.19194426]
0.2133452692825296
f inputs x:[[ 0.10417249 -0.09372278]] ev:{} outputs y:1.9878409690818577 (n:0.0057955357951351115) c:1.0
num acquisition: 129, time elapsed: 23.18s
0
z
[ 0.05967678 -1.18898079]
0.0596767809524469
f inputs x:[[ 0.02913905 -0.58055703]] ev:{} outputs y:4.96826688819523 (n:-0.00223975521618147) c:1.0
num acquisition: 130, time elapsed: 23.54s
0
z
[0.78653648 0.61499835]
0.7865364837158548
f inputs x:[[0.38405102 0.30029217]] ev:{} outputs y:0.052883858526780056 (n:0.007057540152716656) c:1.0
num acquisition: 131, time elapsed: 23.82s
0
z
[0.75782612 1.25134217]
0.7578261218385608
f inputs x:[[0.37003229 0.61100692]] ev:{} outputs y:3.8446262165870166 (n:-0.0033317417025110685) c:1.0
num acquisition: 132, time elapsed: 24.08s
0
z
[ 2.048      -0.15071561]
2.048
f inputs x:[[ 1.         -0.07359161]] ev:{} outputs y:7.551658315782836 (n:0.007316763740562552) c:1.0
num acquisition: 133, time elapsed: 24.45s
0
z
[0.85975276 0.74252972]
0.8597527608040684
f inputs x:[[0.41980115 0.36256334]] ev:{} outputs y:0.019303475618455135 (n:-0.0012780904935159613) c:1.0
num acquisition: 134, time elapsed: 24.71s
0
z
[0.33235591 1.02167659]
0.3323559117785155
f inputs x:[[0.16228316 0.49886552]] ev:{} outputs y:4.429826335715228 (n:-0.006655748028716731) c:1.0
num acquisition: 135, time elapsed: 25.01s
0
z
[-0.70832446 -0.09441383]
-0.7083244551017269
f inputs x:[[-0.34586155 -0.0461005 ]] ev:{} outputs y:3.670956344880677 (n:-0.004238610879477756) c:1.0
num acquisition: 136, time elapsed: 25.29s
0
z
[-1.54890236 -0.35214937]
-1.5489023644851734
f inputs x:[[-0.75629998 -0.17194793]] ev:{} outputs y:6.640121541143595 (n:0.0009866268536055957) c:1.0
num acquisition: 137, time elapsed: 25.61s
0
z
[-1.34568574  1.85887409]
-1.3456857377976865
f inputs x:[[-0.65707311  0.90765336]] ev:{} outputs y:1.907836797505541 (n:0.0008635425633262131) c:1.0
num acquisition: 138, time elapsed: 25.90s
0
z
[0.86001617 0.74261168]
0.8600161682871967
f inputs x:[[0.41992977 0.36260336]] ev:{} outputs y:0.023942186006735814 (n:0.0036633745521457563) c:1.0
num acquisition: 139, time elapsed: 26.20s
0
z
[1.10650645 1.11478473]
1.1065064520377166
f inputs x:[[0.54028635 0.54432848]] ev:{} outputs y:0.7998502184644543 (n:0.0059796166989226004) c:1.0
num acquisition: 140, time elapsed: 26.46s
0
z
[-1.1364355   1.73967428]
-1.1364354998028117
f inputs x:[[-0.55490015  0.84945033]] ev:{} outputs y:3.2481461088270844 (n:0.0035377320700906672) c:1.0
num acquisition: 141, time elapsed: 26.77s
0
z
[1.35208372 0.39447543]
1.3520837238788999
f inputs x:[[0.66019713 0.19261496]] ev:{} outputs y:5.334048462813039 (n:0.0029705401006339905) c:1.0
num acquisition: 142, time elapsed: 27.09s
0
z
[-1.61658624  0.69804292]
-1.6165862400844855
f inputs x:[[-0.78934875  0.34084127]] ev:{} outputs y:5.927372230363654 (n:0.0012810753362868074) c:1.0
num acquisition: 143, time elapsed: 27.49s
0
z
[ 0.09979793 -0.49709157]
0.09979793435639178
f inputs x:[[ 0.04872946 -0.24272049]] ev:{} outputs y:3.3181933890545734 (n:0.003263839391924952) c:1.0
num acquisition: 144, time elapsed: 27.78s
0
z
[-0.43969406  0.09493674]
-0.439694060825825
f inputs x:[[-0.21469437  0.04635583]] ev:{} outputs y:1.3986389890307112 (n:0.0021816030568807595) c:1.0
num acquisition: 145, time elapsed: 28.11s
0
z
[ 0.26451047 -1.61460771]
0.2645104666328127
f inputs x:[[ 0.1291555  -0.78838267]] ev:{} outputs y:5.655820794757025 (n:0.002210383298658245) c:1.0
num acquisition: 146, time elapsed: 28.49s
0
z
[0.85798281 0.74169939]
0.8579828134368711
f inputs x:[[0.41893692 0.36215791]] ev:{} outputs y:0.029173636993804333 (n:0.00617447952462446) c:1.0
num acquisition: 147, time elapsed: 28.87s
0
z
[0.90945547 0.80664299]
0.9094554657929742
f inputs x:[[0.44407005 0.39386865]] ev:{} outputs y:0.032236165532752714 (n:-0.01663500249053467) c:1.0
num acquisition: 148, time elapsed: 29.14s
0
z
[0.90728857 0.80454541]
0.9072885712651152
f inputs x:[[0.443012   0.39284444]] ev:{} outputs y:0.049090447085544775 (n:0.0067089343560729825) c:1.0
num acquisition: 149, time elapsed: 29.44s
0
z
[0.85823068 0.741819  ]
0.8582306827066867
f inputs x:[[0.41905795 0.36221631]] ev:{} outputs y:0.02290103840229287 (n:0.0002941623833093573) c:1.0
num acquisition: 150, time elapsed: 29.74s
0
z
[0.7825821  0.60104411]
0.7825821012048556
f inputs x:[[0.38212017 0.29347857]] ev:{} outputs y:0.06840356439563894 (n:0.009903358361744465) c:1.0
num acquisition: 151, time elapsed: 30.07s
0
z
[0.85742924 0.74119527]
0.8574292378520267
f inputs x:[[0.41866662 0.36191175]] ev:{} outputs y:0.02384531404640651 (n:0.00018848159535858941) c:1.0
num acquisition: 152, time elapsed: 30.40s
0
z
[ 1.55049693 -0.75744039]
1.5504969337213959
f inputs x:[[ 0.75707858 -0.36984394]] ev:{} outputs y:6.90887326411756 (n:0.0003189616761385149) c:1.0
num acquisition: 153, time elapsed: 30.70s
0
z
[ 0.78638742 -0.34220192]
0.7863874152723467
f inputs x:[[ 0.38397823 -0.16709078]] ev:{} outputs y:4.529974120613533 (n:-0.006084200863572408) c:1.0
num acquisition: 154, time elapsed: 31.10s
0
z
[2.048      0.79747185]
2.048
f inputs x:[[1.         0.38939055]] ev:{} outputs y:7.058599594820176 (n:0.005925978508074661) c:1.0
num acquisition: 155, time elapsed: 31.47s
0
z
[0.78227836 0.60734624]
0.7822783632451729
f inputs x:[[0.38197186 0.29655578]] ev:{} outputs y:0.05078572533898935 (n:0.0024424498077515355) c:1.0
num acquisition: 156, time elapsed: 31.85s
0
z
[-0.4768382  0.8774338]
-0.4768382043800101
f inputs x:[[-0.23283115  0.42843447]] ev:{} outputs y:3.8187774256440714 (n:0.002412430849786907) c:1.0
num acquisition: 157, time elapsed: 32.17s
0
z
[0.85830778 0.74209843]
0.8583077768760138
f inputs x:[[0.41909559 0.36235275]] ev:{} outputs y:0.017138558109420506 (n:-0.0056003188880298285) c:1.0
num acquisition: 158, time elapsed: 32.62s
0
z
[ 1.55578284 -2.048     ]
1.5557828376026916
f inputs x:[[ 0.75965959 -1.        ]] ev:{} outputs y:7.596085468189854 (n:-0.0038277943700992176) c:1.0
num acquisition: 159, time elapsed: 32.93s
0
z
[1.29151391 1.02662944]
1.2915139087046443
f inputs x:[[0.63062203 0.50128391]] ev:{} outputs y:3.7386854887889336 (n:-0.004247595423438058) c:1.0
num acquisition: 160, time elapsed: 33.27s
0
z
[0.10054638 0.09584388]
0.10054638063073693
f inputs x:[[0.04909491 0.04679877]] ev:{} outputs y:0.9283804586589335 (n:-0.005378367656615044) c:1.0
num acquisition: 161, time elapsed: 33.64s
0
z
[0.61861252 0.31712818]
0.618612521329112
f inputs x:[[0.3020569  0.15484774]] ev:{} outputs y:0.4511117721300405 (n:-0.0032574807122582885) c:1.0
num acquisition: 162, time elapsed: 33.99s
0
z
[ 0.32486072 -0.81519472]
0.32486071714650755
f inputs x:[[ 0.1586234 -0.3980443]] ev:{} outputs y:4.464708932624986 (n:0.007690319974184253) c:1.0
num acquisition: 163, time elapsed: 34.39s
0
z
[0.85917407 0.74272966]
0.8591740668244335
f inputs x:[[0.41951859 0.36266097]] ev:{} outputs y:0.020036694281191526 (n:-0.0016287246531114083) c:1.0
num acquisition: 164, time elapsed: 34.78s
0
z
[1.20510224 1.48368982]
1.2051022427717961
f inputs x:[[0.58842883 0.72445792]] ev:{} outputs y:0.12331711037249385 (n:-0.008393875555440576) c:1.0
num acquisition: 165, time elapsed: 35.14s
0
z
[1.17883303 1.40229168]
1.1788330343838676
f inputs x:[[0.57560207 0.68471274]] ev:{} outputs y:0.04002224313479071 (n:-0.006831988637286713) c:1.0
num acquisition: 166, time elapsed: 35.57s
0
z
[1.15507105 1.44524795]
1.1550710451320874
f inputs x:[[0.56399953 0.70568747]] ev:{} outputs y:0.8137971836649779 (n:-0.0004401480163323591) c:1.0
num acquisition: 167, time elapsed: 35.98s
0
z
[1.23571401 1.43051109]
1.23571400843609
f inputs x:[[0.60337598 0.69849174]] ev:{} outputs y:0.6985875365799333 (n:0.012282700850603782) c:1.0
num acquisition: 168, time elapsed: 36.42s
0
z
[1.16573022 1.30283829]
1.1657302186345375
f inputs x:[[0.56920421 0.63615151]] ev:{} outputs y:0.29244128348228 (n:-0.001764594672435794) c:1.0
num acquisition: 169, time elapsed: 36.82s
0
z
[1.23090315 1.56291223]
1.2309031536808244
f inputs x:[[0.60102693 0.76314074]] ev:{} outputs y:0.2525466103432486 (n:0.004358208914632122) c:1.0
num acquisition: 170, time elapsed: 37.28s
0
z
[-1.65892021  1.37739081]
-1.658920210330269
f inputs x:[[-0.81001963  0.6725541 ]] ev:{} outputs y:5.285791957400859 (n:0.002439146003764831) c:1.0
num acquisition: 171, time elapsed: 37.77s
0
z
[-1.53398069  1.7984897 ]
-1.5339806859494571
f inputs x:[[-0.74901401  0.8781688 ]] ev:{} outputs y:3.6306817881326414 (n:-0.011628864237817029) c:1.0
num acquisition: 172, time elapsed: 38.22s
0
z
[2.048      1.64182764]
2.048
f inputs x:[[1.         0.80167365]] ev:{} outputs y:6.488012711255017 (n:0.005499017937756779) c:1.0
num acquisition: 173, time elapsed: 38.60s
0
z
[-0.20715243  0.58664136]
-0.20715242708983475
f inputs x:[[-0.10114865  0.28644598]] ev:{} outputs y:3.4690655798956898 (n:0.002662238393823402) c:1.0
num acquisition: 174, time elapsed: 39.00s
0
z
[-1.58213225 -1.58609524]
-1.5821322528564303
f inputs x:[[-0.77252551 -0.77446057]] ev:{} outputs y:7.425656239770061 (n:-0.0008058696211182548) c:1.0
num acquisition: 175, time elapsed: 39.44s
0
z
[-0.85010892  1.22681792]
-0.8501089166625255
f inputs x:[[-0.41509224  0.59903219]] ev:{} outputs y:3.3970703147703682 (n:0.0012913876883828312) c:1.0
num acquisition: 176, time elapsed: 39.85s
0
z
[0.45750243 0.15189352]
0.4575024301649637
f inputs x:[[0.22338986 0.07416676]] ev:{} outputs y:0.4884741614641678 (n:0.0036119060991914994) c:1.0
num acquisition: 177, time elapsed: 40.29s
0
z
[-1.22513412  0.60387233]
-1.2251341158278275
f inputs x:[[-0.59821002  0.29485953]] ev:{} outputs y:4.46170131173751 (n:0.0024046192280600905) c:1.0
num acquisition: 178, time elapsed: 40.78s
0
z
[-0.55906227  0.37627786]
-0.5590622679577975
f inputs x:[[-0.27297962  0.18372943]] ev:{} outputs y:1.3473694210728238 (n:0.0027329977039412595) c:1.0
num acquisition: 179, time elapsed: 41.26s
0
z
[-1.03779415  0.98573452]
-1.0377941470591414
f inputs x:[[-0.50673542  0.48131568]] ev:{} outputs y:1.7832239587094967 (n:-0.006174148328748629) c:1.0
num acquisition: 180, time elapsed: 41.70s
0
z
[-0.30423842 -0.77740873]
-0.30423841539740054
f inputs x:[[-0.14855391 -0.37959411]] ev:{} outputs y:4.359041341923937 (n:-0.00260110748976193) c:1.0
num acquisition: 181, time elapsed: 42.31s
0
z
[1.17680621 1.36693759]
1.1768062070578291
f inputs x:[[0.57461241 0.66744999]] ev:{} outputs y:0.05940099575630969 (n:-0.002096464972500106) c:1.0
num acquisition: 182, time elapsed: 42.97s
0
z
[-1.35777504  2.048     ]
-1.3577750407897913
f inputs x:[[-0.66297609  1.        ]] ev:{} outputs y:2.3777802164761956 (n:0.0039021326961380656) c:1.0
num acquisition: 183, time elapsed: 43.43s
0
z
[1.03307162 1.16315758]
1.03307161941193
f inputs x:[[0.5044295  0.56794804]] ev:{} outputs y:0.6525723374840835 (n:-0.00036204288410673994) c:1.0
num acquisition: 184, time elapsed: 43.91s
0
z
[-1.53985211 -1.02698828]
-1.539852114389473
f inputs x:[[-0.75188092 -0.50145912]] ev:{} outputs y:7.04953144838715 (n:-0.008522681256365216) c:1.0
num acquisition: 185, time elapsed: 44.29s
0
z
[0.47304214 0.23904429]
0.4730421400016064
f inputs x:[[0.23097761 0.11672084]] ev:{} outputs y:0.25680148853706364 (n:-0.006345878846606192) c:1.0
num acquisition: 186, time elapsed: 44.83s
0
z
[-0.18262645  2.048     ]
-0.1826264528651208
f inputs x:[[-0.08917307  1.        ]] ev:{} outputs y:6.011498352832126 (n:-0.0004526366603245736) c:1.0
num acquisition: 187, time elapsed: 45.26s
0
z
[ 0.41081424 -0.13553393]
0.4108142390924639
f inputs x:[[ 0.20059289 -0.06617868]] ev:{} outputs y:2.361492440921345 (n:-3.366844205879847e-05) c:1.0
num acquisition: 188, time elapsed: 45.79s
0
z
[1.26605788 1.69146924]
1.2660578835643568
f inputs x:[[0.61819233 0.82591272]] ev:{} outputs y:0.6133738874611947 (n:-0.004614542041868074) c:1.0
num acquisition: 189, time elapsed: 46.23s
0
z
[0.52274675 1.77914233]
0.5227467523798649
f inputs x:[[0.25524744 0.86872184]] ev:{} outputs y:5.432854264713478 (n:0.0035319917617071886) c:1.0
num acquisition: 190, time elapsed: 46.76s
0
z
[-0.41066244  1.29718405]
-0.4106624397897289
f inputs x:[[-0.20051877  0.63339065]] ev:{} outputs y:4.872643561232115 (n:0.002418012683536836) c:1.0
num acquisition: 191, time elapsed: 47.24s
0
z
[-0.28538792 -1.16911515]
-0.2853879231768381
f inputs x:[[-0.13934957 -0.570857  ]] ev:{} outputs y:5.064228790190272 (n:-0.004943343208220627) c:1.0
num acquisition: 192, time elapsed: 47.68s
0
z
[-0.88741182 -1.05861096]
-0.8874118192798128
f inputs x:[[-0.43330655 -0.51689988]] ev:{} outputs y:5.8418364206533 (n:-0.0027937669777910686) c:1.0
num acquisition: 193, time elapsed: 48.20s
0
z
[ 1.06636585 -0.15236495]
1.0663658524198292
f inputs x:[[ 0.52068645 -0.07439695]] ev:{} outputs y:5.123396139849902 (n:0.003692965378245673) c:1.0
num acquisition: 194, time elapsed: 48.69s
0
z
[-0.22328652 -0.22976332]
-0.22328651618131554
f inputs x:[[-0.10902662 -0.11218912]] ev:{} outputs y:2.337343510984994 (n:0.003727407585073541) c:1.0
num acquisition: 195, time elapsed: 49.24s
0
z
[-0.68009111  0.595547  ]
-0.6800911102229668
f inputs x:[[-0.33207574  0.29079443]] ev:{} outputs y:1.7131563756910688 (n:-0.008220010265820518) c:1.0
num acquisition: 196, time elapsed: 49.74s
0
z
[-1.01975659 -1.71113102]
-1.0197565906442718
f inputs x:[[-0.49792802 -0.83551319]] ev:{} outputs y:6.634986934111473 (n:-0.0008264273431128956) c:1.0
num acquisition: 197, time elapsed: 50.26s
0
z
[ 1.13666905 -1.49149721]
1.136669054612393
f inputs x:[[ 0.55501419 -0.72827012]] ev:{} outputs y:6.660710359270633 (n:0.006798130451886105) c:1.0
num acquisition: 198, time elapsed: 50.75s
0
z
[-0.82929183  1.71634294]
-0.8292918327965196
f inputs x:[[-0.40492765  0.83805807]] ev:{} outputs y:4.700095296214036 (n:-0.0017641741039482542) c:1.0
num acquisition: 199, time elapsed: 51.30s
0
z
[1.6594535  1.18840456]
1.6594534973331956
f inputs x:[[0.81028003 0.58027566]] ev:{} outputs y:5.504846781579244 (n:-0.002420912539539098) c:1.0
num acquisition: 200, time elapsed: 51.85s
0
z
[-0.30129857  0.3704532 ]
-0.30129857184843434
f inputs x:[[-0.14711844  0.18088535]] ev:{} outputs y:2.346490309387488 (n:-0.006316440236892393) c:1.0
num acquisition: 201, time elapsed: 52.39s
0
z
[-0.03943651 -0.05823812]
-0.039436506453524374
f inputs x:[[-0.01925611 -0.02843658]] ev:{} outputs y:0.8904985914323601 (n:-0.0006600997298471041) c:1.0
num acquisition: 202, time elapsed: 52.85s
0
z
[0.91709525 0.83694244]
0.91709525459807
f inputs x:[[0.44780042 0.4086633 ]] ev:{} outputs y:0.012588916714259981 (n:0.004053767185930894) c:1.0
num acquisition: 203, time elapsed: 53.38s
0
z
[1.11173163 1.22264821]
1.111731625302018
f inputs x:[[0.54283771 0.5969962 ]] ev:{} outputs y:0.02659206283312354 (n:-0.0031320460934942634) c:1.0
num acquisition: 204, time elapsed: 53.87s
0
z
[1.13909149 1.2111822 ]
1.139091492343883
f inputs x:[[0.55619702 0.59139756]] ev:{} outputs y:0.5595036639709734 (n:-0.008607808151378678) c:1.0
num acquisition: 205, time elapsed: 54.43s
0
z
[1.09836527 1.25090724]
1.098365266713537
f inputs x:[[0.53631117 0.61079455]] ev:{} outputs y:0.1913145232315858 (n:0.002588940289138762) c:1.0
num acquisition: 206, time elapsed: 55.21s
0
z
[-1.14136327  1.27267695]
-1.1413632716991282
f inputs x:[[-0.55730629  0.62142429]] ev:{} outputs y:1.7353106071266209 (n:-0.0008719839153269697) c:1.0
num acquisition: 207, time elapsed: 55.81s
0
z
[0.88403011 0.77730535]
0.8840301063161785
f inputs x:[[0.43165533 0.37954363]] ev:{} outputs y:0.018807683701025993 (n:0.003706015405532564) c:1.0
num acquisition: 208, time elapsed: 56.41s
0
z
[ 0.74222879 -2.048     ]
0.7422287936505344
f inputs x:[[ 0.3624164 -1.       ]] ev:{} outputs y:6.50960094030127 (n:-0.007326228526211636) c:1.0
num acquisition: 209, time elapsed: 56.98s
0
z
[0.24544523 0.5628229 ]
0.24544522507492442
f inputs x:[[0.1198463  0.27481587]] ev:{} outputs y:3.299263373272533 (n:0.009818265600970022) c:1.0
num acquisition: 210, time elapsed: 57.50s
0
z
[1.09042614 1.20660726]
1.090426135647932
f inputs x:[[0.53243464 0.5891637 ]] ev:{} outputs y:0.03648928632786168 (n:-0.0018424388780694594) c:1.0
num acquisition: 211, time elapsed: 58.03s
0
z
[-1.7070454   0.09011195]
-1.70704539719444
f inputs x:[[-0.83351826  0.04399998]] ev:{} outputs y:6.693892456088629 (n:0.002100669727110575) c:1.0
num acquisition: 212, time elapsed: 58.60s
0
z
[-2.048       0.77234651]
-2.048
f inputs x:[[-1.          0.37712232]] ev:{} outputs y:7.07565473018858 (n:0.0013096516098686922) c:1.0
num acquisition: 213, time elapsed: 59.17s
0
z
[-0.46012904 -0.33788461]
-0.46012904270912086
f inputs x:[[-0.22467238 -0.16498272]] ev:{} outputs y:3.49873479156534 (n:-0.007973915667558016) c:1.0
num acquisition: 214, time elapsed: 59.73s
0
z
[-0.43799432 -1.77275714]
-0.4379943163488265
f inputs x:[[-0.21386441 -0.86560407]] ev:{} outputs y:5.963385373631421 (n:-0.000275287675042152) c:1.0
num acquisition: 215, time elapsed: 60.31s
0
z
[0.88320458 0.77664818]
0.8832045790972878
f inputs x:[[0.43125224 0.37922274]] ev:{} outputs y:0.024234784736687172 (n:0.00954458159839938) c:1.0
num acquisition: 216, time elapsed: 60.97s
0
z
[1.13922426 1.28795895]
1.1392242603147662
f inputs x:[[0.55626185 0.62888621]] ev:{} outputs y:0.03143043719273881 (n:0.002715738441158202) c:1.0
num acquisition: 217, time elapsed: 61.67s
0
z
[0.88295929 0.77588436]
0.8829592854302661
f inputs x:[[0.43113246 0.37884978]] ev:{} outputs y:0.030530284530044798 (n:0.01555116844968982) c:1.0
num acquisition: 218, time elapsed: 62.42s
0
z
[0.88243422 0.77466951]
0.8824342159969819
f inputs x:[[0.43087608 0.3782566 ]] ev:{} outputs y:0.010139194478158729 (n:-0.0051811147372985535) c:1.0
num acquisition: 219, time elapsed: 63.18s
0
z
[0.88270106 0.77487523]
0.8827010577420756
f inputs x:[[0.43100638 0.37835704]] ev:{} outputs y:0.015578817782590154 (n:0.0001032222055236766) c:1.0
num acquisition: 220, time elapsed: 63.78s
0
z
[1.5959759  1.51768453]
1.5959759039076638
f inputs x:[[0.77928511 0.7410569 ]] ev:{} outputs y:4.675742296638283 (n:-0.00019251458944690144) c:1.0
num acquisition: 221, time elapsed: 64.35s
0
z
[1.14119656 1.33229304]
1.1411965640314141
f inputs x:[[0.55722488 0.65053371]] ev:{} outputs y:0.10998575813220554 (n:0.005880498873366407) c:1.0
num acquisition: 222, time elapsed: 64.97s
0
z
[-2.048       1.49127641]
-2.048
f inputs x:[[-1.          0.72816231]] ev:{} outputs y:6.607767123601815 (n:-0.0001337928526956023) c:1.0
num acquisition: 223, time elapsed: 65.60s
0
z
[1.23491865 1.51593568]
1.2349186520353557
f inputs x:[[0.60298762 0.74020297]] ev:{} outputs y:0.060818053320661127 (n:-0.0006971523433769191) c:1.0
num acquisition: 224, time elapsed: 66.33s
0
z
[ 1.61176535 -0.37986357]
1.6117653470496622
f inputs x:[[ 0.7869948  -0.18548026]] ev:{} outputs y:6.783868760263332 (n:-0.005119724917544251) c:1.0
num acquisition: 225, time elapsed: 66.99s
0
z
[-1.60679183  1.05262373]
-1.6067918317186138
f inputs x:[[-0.78456632  0.51397643]] ev:{} outputs y:5.486016601585857 (n:-0.0013796542965334548) c:1.0
num acquisition: 226, time elapsed: 67.68s
0
z
[1.32160205 0.74104406]
1.3216020509885378
f inputs x:[[0.6453135  0.36183792]] ev:{} outputs y:4.632292168902902 (n:0.0051243767898529425) c:1.0
num acquisition: 227, time elapsed: 68.26s
0
z
[ 2.048      -1.66325141]
2.048
f inputs x:[[ 1.         -0.81213448]] ev:{} outputs y:8.133452390995686 (n:-0.00779386611097416) c:1.0
num acquisition: 228, time elapsed: 69.00s
0
z
[-1.17618266  1.12565873]
-1.1761826634048174
f inputs x:[[-0.57430794  0.54963805]] ev:{} outputs y:2.520381403784528 (n:0.004370294606619404) c:1.0
num acquisition: 229, time elapsed: 69.60s
0
z
[1.39337079 1.92424317]
1.3933707937305289
f inputs x:[[0.68035683 0.93957186]] ev:{} outputs y:0.1711420934819035 (n:0.001856062661449354) c:1.0
num acquisition: 230, time elapsed: 70.34s
0
z
[1.36749548 1.86708791]
1.367495479201845
f inputs x:[[0.6677224  0.91166402]] ev:{} outputs y:0.12816895353010538 (n:0.0007201540739907734) c:1.0
num acquisition: 231, time elapsed: 71.12s
0
z
[-0.93857695 -0.53408984]
-0.9385769512804243
f inputs x:[[-0.45828953 -0.26078606]] ev:{} outputs y:5.317646019328307 (n:-0.005292055672228826) c:1.0
num acquisition: 232, time elapsed: 71.88s
0
z
[0.27287422 0.23665227]
0.27287421851375193
f inputs x:[[0.13323936 0.11555287]] ev:{} outputs y:1.423216064912092 (n:-0.0021389625848871855) c:1.0
num acquisition: 233, time elapsed: 72.52s
0
z
[1.66923352 0.27829606]
1.669233522653449
f inputs x:[[0.81505543 0.13588675]] ev:{} outputs y:6.445185396661916 (n:-0.0012906321937565148) c:1.0
num acquisition: 234, time elapsed: 73.17s
0
z
[1.01779783 0.40850736]
1.0177978250812836
f inputs x:[[0.49697159 0.19946649]] ev:{} outputs y:3.7032439339090346 (n:0.005304979161179629) c:1.0
num acquisition: 235, time elapsed: 73.95s
0
z
[-0.88100941  0.44885976]
-0.8810094064238664
f inputs x:[[-0.43018037  0.2191698 ]] ev:{} outputs y:2.7201973872715044 (n:-0.0045061557100221986) c:1.0
num acquisition: 236, time elapsed: 74.57s
0
z
[0.11122491 1.18445493]
0.11122491411464995
f inputs x:[[0.05430904 0.57834713]] ev:{} outputs y:4.938422625123595 (n:0.0027407910938713398) c:1.0
num acquisition: 237, time elapsed: 75.32s
0
z
[0.94455577 0.9106497 ]
0.9445557738334341
f inputs x:[[0.46120887 0.44465317]] ev:{} outputs y:0.03722875425194696 (n:0.0007364535431901905) c:1.0
num acquisition: 238, time elapsed: 76.01s
0
z
[0.72217726 1.53814923]
0.7221772569141419
f inputs x:[[0.35262561 0.75104943]] ev:{} outputs y:4.645982103730642 (n:-0.0025025131109581993) c:1.0
num acquisition: 239, time elapsed: 76.75s
0
z
[-1.12382794  0.03543491]
-1.1238279360052148
f inputs x:[[-0.54874411  0.0173022 ]] ev:{} outputs y:5.058444412095232 (n:0.007309704529125746) c:1.0
num acquisition: 240, time elapsed: 77.51s
0
z
[0.14456234 1.72903092]
0.14456233945073726
f inputs x:[[0.07058708 0.84425338]] ev:{} outputs y:5.685045016390495 (n:0.003155488637904826) c:1.0
num acquisition: 241, time elapsed: 78.19s
0
z
[-1.23639587  1.47782328]
-1.2363958699613329
f inputs x:[[-0.60370892  0.7215934 ]] ev:{} outputs y:1.8325560576020052 (n:-0.001632701251941918) c:1.0
num acquisition: 242, time elapsed: 78.93s
0
z
[-0.2126145   0.82571719]
-0.21261450272037083
f inputs x:[[-0.10381568  0.40318222]] ev:{} outputs y:4.157641213924092 (n:0.00832920444048662) c:1.0
num acquisition: 243, time elapsed: 79.84s
0
z
[0.56485383 1.08730703]
0.5648538273138775
f inputs x:[[0.27580753 0.53091164]] ev:{} outputs y:4.0948451821633585 (n:-0.0029887221750116606) c:1.0
num acquisition: 244, time elapsed: 80.53s
0
z
[ 0.10205586 -0.11026166]
0.10205586274267621
f inputs x:[[ 0.04983196 -0.0538387 ]] ev:{} outputs y:1.1832589391137782 (n:0.0007348369368800838) c:1.0
num acquisition: 245, time elapsed: 81.24s
0
z
[ 0.82502517 -1.01646287]
0.8250251695171065
f inputs x:[[ 0.40284432 -0.49631976]] ev:{} outputs y:5.6778152467699545 (n:0.011196756722084015) c:1.0
num acquisition: 246, time elapsed: 81.96s
0
z
[1.36016775 1.90501682]
1.360167749942287
f inputs x:[[0.66414441 0.930184  ]] ev:{} outputs y:0.36593983777752265 (n:0.007016788411044433) c:1.0
num acquisition: 247, time elapsed: 82.59s
0
z
[ 0.07152041 -1.85170506]
0.07152041305597481
f inputs x:[[ 0.03492208 -0.90415286]] ev:{} outputs y:5.849196388251625 (n:0.0009090007345175115) c:1.0
num acquisition: 248, time elapsed: 83.34s
0
z
[-1.10153778  0.81039487]
-1.1015377800578874
f inputs x:[[-0.53786024  0.39570062]] ev:{} outputs y:3.082136026490515 (n:0.006825559158038791) c:1.0
num acquisition: 249, time elapsed: 84.07s
0
z
[ 1.75560589 -1.03511735]
1.7556058894085025
f inputs x:[[ 0.85722944 -0.50542839]] ev:{} outputs y:7.432337823643985 (n:-0.0041389861248122654) c:1.0
num acquisition: 250, time elapsed: 84.78s
[0.45035002 0.41826641]
