INFO:GP:initializing Y
INFO:GP:initializing inference method
INFO:GP:adding kernel and likelihood as parameters
removed robo import in opts.py l17 due to theano errors
0
z
[-0.48026528 -1.14693686]
-0.48026527669923236
f inputs x:[[-0.23450453 -0.56002776]] ev:{} outputs y:5.2592281860701435 (n:-0.0032912436175971563) c:1.0
0
z
[1.10548973 0.49583631]
1.105489729804317
f inputs x:[[0.53978991 0.24210757]] ev:{} outputs y:3.985318349031032 (n:0.0008236496833221911) c:1.0
0
z
[0.95048514 1.84387323]
0.9504851400210155
f inputs x:[[0.46410407 0.90032873]] ev:{} outputs y:4.485393372754119 (n:-0.008256295043012401) c:1.0
0
z
[-0.38687084 -1.02126998]
-0.38687084399747074
f inputs x:[[-0.18890178 -0.49866698]] ev:{} outputs y:4.940706194318838 (n:-0.0011735768550118814) c:1.0
0
z
[-0.43831283 -1.6003272 ]
-0.4383128266753247
f inputs x:[[-0.21401993 -0.78140977]] ev:{} outputs y:5.791603237059911 (n:0.00976534371619008) c:1.0
0
z
[0.50951506 0.10379282]
0.5095150553435062
f inputs x:[[0.24878665 0.05068009]] ev:{} outputs y:1.3006346281604533 (n:0.0008960631456922598) c:1.0
num acquisition: 1, time elapsed: 0.15s
0
z
[0.20923677 0.12430056]
0.20923677201708415
f inputs x:[[0.10216639 0.06069363]] ev:{} outputs y:0.8194886822623075 (n:-0.0019031265324676878) c:1.0
num acquisition: 2, time elapsed: 0.31s
0
z
[-0.07664489  0.48461064]
-0.07664489276454226
f inputs x:[[-0.03742426  0.23662629]] ev:{} outputs y:3.2276574531455178 (n:0.005666514733732908) c:1.0
num acquisition: 3, time elapsed: 0.46s
0
z
[ 0.24652685 -0.08200039]
0.24652685009662734
f inputs x:[[ 0.12037444 -0.04003925]] ev:{} outputs y:1.2790467690064675 (n:-0.003612503739664251) c:1.0
num acquisition: 4, time elapsed: 0.63s
0
z
[0.30553209 0.14962673]
0.30553208835760204
f inputs x:[[0.14918559 0.07305993]] ev:{} outputs y:0.5862445282261499 (n:-0.0009832661510546323) c:1.0
num acquisition: 5, time elapsed: 0.80s
0
z
[0.35043895 0.2979974 ]
0.35043895080826687
f inputs x:[[0.17111277 0.14550654]] ev:{} outputs y:1.5028828558868765 (n:0.0007894141868406665) c:1.0
num acquisition: 6, time elapsed: 0.95s
0
z
[0.30752701 0.09616796]
0.30752701003895455
f inputs x:[[0.15015967 0.04695701]] ev:{} outputs y:0.3810298980675433 (n:-0.01085898599872374) c:1.0
num acquisition: 7, time elapsed: 1.04s
0
z
[-2.048  2.048]
-2.048
f inputs x:[[-1.  1.]] ev:{} outputs y:6.156113666232879 (n:0.001356660039888223) c:1.0
num acquisition: 8, time elapsed: 1.17s
0
z
[ 2.048 -2.048]
2.048
f inputs x:[[ 1. -1.]] ev:{} outputs y:8.272871081305388 (n:0.004463859087846321) c:1.0
num acquisition: 9, time elapsed: 1.29s
0
z
[-2.048      -0.17257309]
-2.048
f inputs x:[[-1.         -0.08426421]] ev:{} outputs y:7.555628799241801 (n:-0.003019316381528709) c:1.0
num acquisition: 10, time elapsed: 1.41s
0
z
[2.048      1.22623711]
2.048
f inputs x:[[1.         0.59874859]] ev:{} outputs y:6.783459590285002 (n:8.862327252645034e-05) c:1.0
num acquisition: 11, time elapsed: 1.52s
0
z
[-2.048 -2.048]
-2.048
f inputs x:[[-1. -1.]] ev:{} outputs y:8.274738864878834 (n:0.004232652305185375) c:1.0
num acquisition: 12, time elapsed: 1.63s
0
z
[-0.30941894  2.048     ]
-0.30941894037163176
f inputs x:[[-0.15108347  1.        ]] ev:{} outputs y:5.952042788259117 (n:0.0018001666037523135) c:1.0
num acquisition: 13, time elapsed: 1.73s
0
z
[ 1.11331357 -0.63499725]
1.1133135687258842
f inputs x:[[ 0.54361014 -0.31005725]] ev:{} outputs y:5.86434537483201 (n:-0.0003491566581910515) c:1.0
num acquisition: 14, time elapsed: 1.86s
0
z
[-1.00225571  0.863597  ]
-1.0022557081153438
f inputs x:[[-0.48938267  0.42167822]] ev:{} outputs y:1.9345662115436058 (n:-0.010609193533684029) c:1.0
num acquisition: 15, time elapsed: 1.96s
0
z
[-0.88562538  0.36632762]
-0.8856253829256164
f inputs x:[[-0.43243427  0.17887091]] ev:{} outputs y:3.0847550929973 (n:-0.007576341920364396) c:1.0
num acquisition: 16, time elapsed: 2.10s
0
z
[-1.49618901  0.98781442]
-1.496189006161324
f inputs x:[[-0.73056104  0.48233126]] ev:{} outputs y:5.102429316762469 (n:0.004560014525147213) c:1.0
num acquisition: 17, time elapsed: 2.22s
0
z
[-0.61046145  1.01599845]
-0.6104614478964888
f inputs x:[[-0.29807688  0.49609299]] ev:{} outputs y:3.8043110539054252 (n:-0.0019427477796924565) c:1.0
num acquisition: 18, time elapsed: 2.35s
0
z
[0.33311465 0.06336781]
0.33311465459661976
f inputs x:[[0.16265364 0.03094131]] ev:{} outputs y:0.5105050178978414 (n:-0.0030900896930220537) c:1.0
num acquisition: 19, time elapsed: 2.46s
0
z
[ 0.58852896 -2.048     ]
0.588528960577162
f inputs x:[[ 0.28736766 -1.        ]] ev:{} outputs y:6.343058382483292 (n:-0.010386576996382842) c:1.0
num acquisition: 20, time elapsed: 2.58s
0
z
[0.31941324 0.0869428 ]
0.31941324093737533
f inputs x:[[0.1559635  0.04245254]] ev:{} outputs y:0.3954846705798771 (n:-0.0005663118123808906) c:1.0
num acquisition: 21, time elapsed: 2.70s
0
z
[ 2.048      -0.11640923]
2.048
f inputs x:[[ 1.         -0.05684044]] ev:{} outputs y:7.5350075339711795 (n:0.0065020429395695346) c:1.0
num acquisition: 22, time elapsed: 2.82s
0
z
[2.048 2.048]
2.048
f inputs x:[[1. 1.]] ev:{} outputs y:6.137497778863906 (n:0.00028837484420731217) c:1.0
num acquisition: 23, time elapsed: 2.93s
0
z
[0.59468338 1.13488408]
0.5946833808202898
f inputs x:[[0.29037274 0.55414261]] ev:{} outputs y:4.122331742149825 (n:-0.007978426195969297) c:1.0
num acquisition: 24, time elapsed: 3.08s
0
z
[-0.56520599 -0.24606566]
-0.5652059877204393
f inputs x:[[-0.27597949 -0.12014925]] ev:{} outputs y:3.569586721151527 (n:0.0019840723018102156) c:1.0
num acquisition: 25, time elapsed: 3.27s
0
z
[-1.19696385 -0.73064329]
-1.1969638544083903
f inputs x:[[-0.58445501 -0.35675942]] ev:{} outputs y:6.155836638359197 (n:-0.005036849573915163) c:1.0
num acquisition: 26, time elapsed: 3.41s
0
z
[-1.0758384   1.59130324]
-1.075838399978
f inputs x:[[-0.52531172  0.77700353]] ev:{} outputs y:3.1877704909973823 (n:0.004154893746945866) c:1.0
num acquisition: 27, time elapsed: 3.55s
0
z
[0.31973032 0.08684837]
0.3197303205479479
f inputs x:[[0.15611832 0.04240643]] ev:{} outputs y:0.3948517376903925 (n:-0.0015178214515686062) c:1.0
num acquisition: 28, time elapsed: 3.68s
0
z
[-0.08925946 -0.10292318]
-0.08925945582165504
f inputs x:[[-0.04358372 -0.05025546]] ev:{} outputs y:1.2295128008071108 (n:0.000997166684243785) c:1.0
num acquisition: 29, time elapsed: 3.80s
0
z
[-0.04759903 -0.41361557]
-0.04759903441595088
f inputs x:[[-0.02324172 -0.20196073]] ev:{} outputs y:2.960942128885607 (n:-0.003979529587931114) c:1.0
num acquisition: 30, time elapsed: 3.93s
0
z
[-0.33979744  0.13967191]
-0.3397974441921745
f inputs x:[[-0.16591672  0.06819917]] ev:{} outputs y:1.0449241070263722 (n:-0.0036809690371626597) c:1.0
num acquisition: 31, time elapsed: 4.06s
0
z
[-0.49188049  0.39977953]
-0.4918804903807572
f inputs x:[[-0.24017602  0.19520485]] ev:{} outputs y:1.7402253646950243 (n:-0.003190244678507552) c:1.0
num acquisition: 32, time elapsed: 4.20s
0
z
[-1.20379786  2.048     ]
-1.2037978607834103
f inputs x:[[-0.58779192  1.        ]] ev:{} outputs y:3.7352182906856712 (n:0.004205595259577836) c:1.0
num acquisition: 33, time elapsed: 4.31s
0
z
[-1.04572466 -2.048     ]
-1.0457246572257686
f inputs x:[[-0.51060774 -1.        ]] ev:{} outputs y:6.902179259337487 (n:0.002342868717719663) c:1.0
num acquisition: 34, time elapsed: 4.43s
0
z
[0.65182257 0.4491313 ]
0.65182257449387
f inputs x:[[0.31827274 0.21930239]] ev:{} outputs y:0.16259470722872127 (n:-0.002983834559266963) c:1.0
num acquisition: 35, time elapsed: 4.55s
0
z
[0.64318918 0.58816423]
0.6431891799716691
f inputs x:[[0.31405722 0.28718957]] ev:{} outputs y:1.432820595655434 (n:0.004578797713101415) c:1.0
num acquisition: 36, time elapsed: 4.69s
0
z
[0.65893207 0.3625537 ]
0.6589320748755018
f inputs x:[[0.32174418 0.17702817]] ev:{} outputs y:0.4943003841485048 (n:0.006012132716586518) c:1.0
num acquisition: 37, time elapsed: 4.83s
0
z
[0.58824756 0.4277011 ]
0.5882475642445615
f inputs x:[[0.28723026 0.20883843]] ev:{} outputs y:0.6041686231249108 (n:-0.0036777637394652864) c:1.0
num acquisition: 38, time elapsed: 4.96s
0
z
[0.71811004 0.45167415]
0.7181100359503743
f inputs x:[[0.35063967 0.22054402]] ev:{} outputs y:0.39315552455083513 (n:-0.005058496672342733) c:1.0
num acquisition: 39, time elapsed: 5.11s
0
z
[ 2.048      -1.07829375]
2.048
f inputs x:[[ 1.         -0.52651062]] ev:{} outputs y:7.939524656147914 (n:0.008553631316616343) c:1.0
num acquisition: 40, time elapsed: 5.23s
0
z
[ 0.40829445 -1.0931224 ]
0.40829445428810013
f inputs x:[[ 0.19936253 -0.53375117]] ev:{} outputs y:5.069879155682851 (n:-0.005709960228937182) c:1.0
num acquisition: 41, time elapsed: 5.38s
0
z
[-2.048      -1.10970601]
-2.048
f inputs x:[[-1.         -0.54184864]] ev:{} outputs y:7.943177994637144 (n:-0.002569594344713966) c:1.0
num acquisition: 42, time elapsed: 5.51s
0
z
[0.41176972 2.048     ]
0.41176971534932355
f inputs x:[[0.20105943 1.        ]] ev:{} outputs y:5.87092348321571 (n:0.0010565624425731353) c:1.0
num acquisition: 43, time elapsed: 5.62s
0
z
[1.21278733 1.23343607]
1.2127873286156532
f inputs x:[[0.59218131 0.60226371]] ev:{} outputs y:1.905988106538242 (n:0.00657627951452082) c:1.0
num acquisition: 44, time elapsed: 5.75s
0
z
[1.38432159 1.54345942]
1.3843215939938844
f inputs x:[[0.67593828 0.75364229]] ev:{} outputs y:2.714494295479572 (n:0.0029725389942183186) c:1.0
num acquisition: 45, time elapsed: 5.90s
0
z
[1.44045596 0.96112753]
1.4404559568204922
f inputs x:[[0.70334764 0.46930055]] ev:{} outputs y:4.83511698508014 (n:0.004838053294716489) c:1.0
num acquisition: 46, time elapsed: 6.03s
0
z
[1.00081628 1.3997737 ]
1.000816280998821
f inputs x:[[0.48867982 0.68348325]] ev:{} outputs y:2.8169853993874567 (n:-0.007459273694532348) c:1.0
num acquisition: 47, time elapsed: 6.18s
0
z
[-2.048       0.69553479]
-2.048
f inputs x:[[-1.         0.3396166]] ev:{} outputs y:7.111870268719608 (n:-0.006493445443352943) c:1.0
num acquisition: 48, time elapsed: 6.30s
0
z
[-0.13195266  0.11391636]
-0.13195266229238936
f inputs x:[[-0.06443001  0.05562322]] ev:{} outputs y:1.1703928813899642 (n:0.0033012698026358943) c:1.0
num acquisition: 49, time elapsed: 6.43s
0
z
[-1.02476602  1.18362728]
-1.0247660199962683
f inputs x:[[-0.50037403  0.57794301]] ev:{} outputs y:1.9281261581775728 (n:-0.0006986983245342444) c:1.0
num acquisition: 50, time elapsed: 6.56s
0
z
[0.63926335 0.3575582 ]
0.6392633508132648
f inputs x:[[0.31214031 0.17458896]] ev:{} outputs y:0.3298444223049549 (n:-0.000355414415651573) c:1.0
num acquisition: 51, time elapsed: 6.70s
0
z
[0.67874916 0.40979953]
0.6787491624988163
f inputs x:[[0.33142049 0.20009743]] ev:{} outputs y:0.3182704098671344 (n:0.00910167759132487) c:1.0
num acquisition: 52, time elapsed: 6.87s
0
z
[0.6766976  0.41442634]
0.6766976027087874
f inputs x:[[0.33041875 0.20235661]] ev:{} outputs y:0.26017179063682505 (n:0.002672291365536329) c:1.0
num acquisition: 53, time elapsed: 7.00s
0
z
[ 1.13923799 -1.46111951]
1.139237991725832
f inputs x:[[ 0.55626855 -0.71343726]] ev:{} outputs y:6.636656162453603 (n:0.0004236273005483182) c:1.0
num acquisition: 54, time elapsed: 7.12s
0
z
[0.67533768 0.41728509]
0.6753376786781266
f inputs x:[[0.32975473 0.20375248]] ev:{} outputs y:0.22568774981357345 (n:-0.0021788468734700393) c:1.0
num acquisition: 55, time elapsed: 7.25s
0
z
[1.40937139 2.048     ]
1.409371388583643
f inputs x:[[0.68816962 1.        ]] ev:{} outputs y:0.42759567944073507 (n:-0.009324204167071432) c:1.0
num acquisition: 56, time elapsed: 7.38s
0
z
[1.30352862 2.048     ]
1.3035286188909723
f inputs x:[[0.63648858 1.        ]] ev:{} outputs y:2.577262964548784 (n:-0.007427952542606353) c:1.0
num acquisition: 57, time elapsed: 7.52s
0
z
[1.53321255 2.048     ]
1.5332125508870171
f inputs x:[[0.74863894 1.        ]] ev:{} outputs y:2.3414714133496926 (n:-0.005083707913668523) c:1.0
num acquisition: 58, time elapsed: 7.67s
0
z
[1.42162383 1.91590571]
1.421623825305446
f inputs x:[[0.69415226 0.93550084]] ev:{} outputs y:0.8288140741600717 (n:0.003521640745398253) c:1.0
num acquisition: 59, time elapsed: 7.83s
0
z
[-0.28715008 -0.04435423]
-0.28715008221005633
f inputs x:[[-0.14021    -0.02165734]] ev:{} outputs y:1.4553476077934253 (n:0.0049481638343979485) c:1.0
num acquisition: 60, time elapsed: 8.00s
0
z
[-0.58593378  0.14496537]
-0.5859337759817209
f inputs x:[[-0.28610048  0.07078387]] ev:{} outputs y:2.002872638951723 (n:-0.005284765685998052) c:1.0
num acquisition: 61, time elapsed: 8.16s
0
z
[0.52810539 0.27281526]
0.5281053889677868
f inputs x:[[0.25786396 0.13321058]] ev:{} outputs y:0.2024359403355141 (n:-0.0016317911779468789) c:1.0
num acquisition: 62, time elapsed: 8.31s
0
z
[0.89748428 0.81628161]
0.8974842794604913
f inputs x:[[0.43822475 0.398575  ]] ev:{} outputs y:0.02631776868138446 (n:0.00437900022584869) c:1.0
num acquisition: 63, time elapsed: 8.45s
0
z
[0.97938619 0.96003317]
0.9793861905131384
f inputs x:[[0.47821591 0.4687662 ]] ev:{} outputs y:0.009676426921710815 (n:0.009181753647163818) c:1.0
num acquisition: 64, time elapsed: 8.58s
0
z
[0.88051508 0.92507991]
0.880515075668832
f inputs x:[[0.429939   0.45169917]] ev:{} outputs y:1.183972426556191 (n:0.003020066667144653) c:1.0
num acquisition: 65, time elapsed: 8.75s
0
z
[1.02729368 0.85172004]
1.0272936824559789
f inputs x:[[0.50160824 0.41587893]] ev:{} outputs y:1.6368395014278232 (n:-0.001485233869078893) c:1.0
num acquisition: 66, time elapsed: 8.94s
0
z
[0.60984172 0.33964266]
0.6098417182977147
f inputs x:[[0.29777428 0.16584114]] ev:{} outputs y:0.21987249232312495 (n:-0.008315725053631899) c:1.0
num acquisition: 67, time elapsed: 9.10s
0
z
[0.84476026 0.70589892]
0.8447602584787504
f inputs x:[[0.41248059 0.3446772 ]] ev:{} outputs y:0.019512509325659927 (n:-0.010105251475400714) c:1.0
num acquisition: 68, time elapsed: 9.29s
0
z
[1.02675276 1.06494045]
1.0267527603659579
f inputs x:[[0.50134412 0.51999046]] ev:{} outputs y:0.00646903025798555 (n:-0.005662965136685476) c:1.0
num acquisition: 69, time elapsed: 9.46s
0
z
[-0.01872168  1.27274214]
-0.01872167648557371
f inputs x:[[-0.00914144  0.62145613]] ev:{} outputs y:5.107516987234967 (n:0.008041835412365177) c:1.0
num acquisition: 70, time elapsed: 9.62s
0
z
[-1.29105628  0.08162392]
-1.2910562773222405
f inputs x:[[-0.63039857  0.03985543]] ev:{} outputs y:5.553024765175368 (n:0.0018667925160529794) c:1.0
num acquisition: 71, time elapsed: 9.79s
0
z
[1.00743591 1.01005544]
1.0074359074057224
f inputs x:[[0.49191206 0.49319113]] ev:{} outputs y:0.004062426884962925 (n:0.0016367641087648213) c:1.0
num acquisition: 72, time elapsed: 9.96s
0
z
[ 0.43495711 -0.45944466]
0.43495711013509447
f inputs x:[[ 0.2123814  -0.22433822]] ev:{} outputs y:3.772746998396877 (n:0.002479596262756279) c:1.0
num acquisition: 73, time elapsed: 10.10s
0
z
[0.87896656 0.75951321]
0.8789665627013126
f inputs x:[[0.42918289 0.37085606]] ev:{} outputs y:0.03377370596967203 (n:0.0025376787107880146) c:1.0
num acquisition: 74, time elapsed: 10.28s
0
z
[-1.57231759  1.57148887]
-1.5723175911272735
f inputs x:[[-0.7677332   0.76732855]] ev:{} outputs y:4.48130654028597 (n:-0.004423792331898262) c:1.0
num acquisition: 75, time elapsed: 10.43s
0
z
[-0.079311 -2.048   ]
-0.07931100142313385
f inputs x:[[-0.03872607 -1.        ]] ev:{} outputs y:6.050109588416153 (n:-3.828371049165288e-05) c:1.0
num acquisition: 76, time elapsed: 10.58s
0
z
[-0.70131749  1.47715455]
-0.7013174873930884
f inputs x:[[-0.34244018  0.72126687]] ev:{} outputs y:4.620254590536026 (n:0.0053545679207096485) c:1.0
num acquisition: 77, time elapsed: 10.73s
0
z
[-0.71799451  0.65743596]
-0.7179945071603806
f inputs x:[[-0.35058326  0.32101365]] ev:{} outputs y:1.7751929494718912 (n:-0.010821606744236142) c:1.0
num acquisition: 78, time elapsed: 10.88s
0
z
[2.048      0.55870615]
2.048
f inputs x:[[1.         0.27280574]] ev:{} outputs y:7.178991657519312 (n:-0.009311915846176274) c:1.0
num acquisition: 79, time elapsed: 11.04s
0
z
[0.88761932 0.84401173]
0.8876193153744734
f inputs x:[[0.43340787 0.4121151 ]] ev:{} outputs y:0.28817149115753116 (n:0.004617390064212677) c:1.0
num acquisition: 80, time elapsed: 11.23s
0
z
[0.80500062 0.6106495 ]
0.8050006247243033
f inputs x:[[0.39306671 0.2981687 ]] ev:{} outputs y:0.168019277682723 (n:0.004434617949860147) c:1.0
num acquisition: 81, time elapsed: 11.39s
0
z
[-1.29652097 -1.40380843]
-1.296520968739218
f inputs x:[[-0.63306688 -0.68545333]] ev:{} outputs y:6.861901428464222 (n:-0.0027978216064685753) c:1.0
num acquisition: 82, time elapsed: 11.57s
0
z
[0.84757705 0.76834914]
0.8475770527451054
f inputs x:[[0.41385598 0.37517048]] ev:{} outputs y:0.23950735875500087 (n:-0.0017556064871841815) c:1.0
num acquisition: 83, time elapsed: 11.77s
0
z
[ 1.30851952 -2.048     ]
1.3085195159975889
f inputs x:[[ 0.63892554 -1.        ]] ev:{} outputs y:7.253904627079314 (n:-0.000996528261272128) c:1.0
num acquisition: 84, time elapsed: 11.99s
0
z
[0.84606418 0.76565599]
0.8460641834503912
f inputs x:[[0.41311728 0.37385546]] ev:{} outputs y:0.23961476837702206 (n:-0.0009858713421235727) c:1.0
num acquisition: 85, time elapsed: 12.25s
0
z
[-2.048       1.38099671]
-2.048
f inputs x:[[-1.         0.6743148]] ev:{} outputs y:6.682254576728355 (n:-0.004554853814432197) c:1.0
num acquisition: 86, time elapsed: 12.40s
0
z
[ 1.34130975 -0.0419069 ]
1.3413097476742597
f inputs x:[[ 0.6549364  -0.02046236]] ev:{} outputs y:5.834654550187523 (n:0.005557493210183423) c:1.0
num acquisition: 87, time elapsed: 12.57s
0
z
[-0.39126184  0.69207848]
-0.3912618411333446
f inputs x:[[-0.19104582  0.33792894]] ev:{} outputs y:3.470459844594684 (n:0.005132859955521592) c:1.0
num acquisition: 88, time elapsed: 12.72s
0
z
[0.98257447 1.09125358]
0.9825744720626334
f inputs x:[[0.47977269 0.53283866]] ev:{} outputs y:0.9505607415141798 (n:0.001650871730373221) c:1.0
num acquisition: 89, time elapsed: 12.90s
0
z
[0.84117519 0.76015178]
0.841175190731329
f inputs x:[[0.41073007 0.37116786]] ev:{} outputs y:0.25807535043650265 (n:-0.00555715835756542) c:1.0
num acquisition: 90, time elapsed: 13.18s
0
z
[0.84083538 0.75860576]
0.8408353775416587
f inputs x:[[0.41056415 0.37041297]] ev:{} outputs y:0.26027729961977464 (n:0.004390739993422697) c:1.0
num acquisition: 91, time elapsed: 13.39s
0
z
[1.08010382 1.06742145]
1.0801038159206255
f inputs x:[[0.52739444 0.52120188]] ev:{} outputs y:0.6989059598201436 (n:0.01050189811585806) c:1.0
num acquisition: 92, time elapsed: 13.56s
0
z
[0.84187849 0.7571141 ]
0.8418784897300687
f inputs x:[[0.41107348 0.36968462]] ev:{} outputs y:0.2378338660817148 (n:0.007658938503323592) c:1.0
num acquisition: 93, time elapsed: 13.78s
0
z
[0.84084958 0.75428224]
0.8408495798759571
f inputs x:[[0.41057108 0.36830188]] ev:{} outputs y:0.22346621209947465 (n:0.001423217123949296) c:1.0
num acquisition: 94, time elapsed: 13.99s
0
z
[-1.18437106  0.61379314]
-1.1843710609206486
f inputs x:[[-0.57830618  0.29970368]] ev:{} outputs y:4.224854176492452 (n:0.005135121458486749) c:1.0
num acquisition: 95, time elapsed: 14.19s
0
z
[0.4415251  1.51540648]
0.44152510235351006
f inputs x:[[0.21558843 0.73994457]] ev:{} outputs y:5.168348965004232 (n:-0.000280477561030249) c:1.0
num acquisition: 96, time elapsed: 14.35s
0
z
[-0.81899709  2.048     ]
-0.8189970875722343
f inputs x:[[-0.39990092  1.        ]] ev:{} outputs y:5.2735788085827435 (n:0.0057784307970818564) c:1.0
num acquisition: 97, time elapsed: 14.55s
0
z
[ 0.06879558 -0.0056752 ]
0.06879557810362937
f inputs x:[[ 0.03359159 -0.00277109]] ev:{} outputs y:0.6272022605279229 (n:-0.002991479402392464) c:1.0
num acquisition: 98, time elapsed: 14.75s
0
z
[ 0.17563091 -1.51543954]
0.17563090880409507
f inputs x:[[ 0.08575728 -0.73996071]] ev:{} outputs y:5.486362594910004 (n:0.0024808194744506836) c:1.0
num acquisition: 99, time elapsed: 14.94s
0
z
[ 0.04559243 -0.78703275]
0.04559242565241213
f inputs x:[[ 0.02226193 -0.38429333]] ev:{} outputs y:4.162404632581932 (n:0.0007040089656637777) c:1.0
num acquisition: 100, time elapsed: 15.15s
0
z
[-1.24981517  1.31624741]
-1.2498151746489699
f inputs x:[[-0.61026132  0.64269893]] ev:{} outputs y:2.4973792727851403 (n:0.003928555514834666) c:1.0
num acquisition: 101, time elapsed: 15.36s
0
z
[0.84022095 0.74608682]
0.8402209458259026
f inputs x:[[0.41026413 0.3643002 ]] ev:{} outputs y:0.1647135844940863 (n:-0.006256562651170606) c:1.0
num acquisition: 102, time elapsed: 15.62s
0
z
[-0.6190797  -0.64566902]
-0.6190796960662248
f inputs x:[[-0.30228501 -0.31526808]] ev:{} outputs y:4.690394697773729 (n:-0.005446239836880841) c:1.0
num acquisition: 103, time elapsed: 15.82s
0
z
[0.83867976 0.74293781]
0.8386797595242323
f inputs x:[[0.4095116 0.3627626]] ev:{} outputs y:0.1661998272841519 (n:-0.0014113039016814524) c:1.0
num acquisition: 104, time elapsed: 16.05s
0
z
[0.1702301  0.85288549]
0.1702300989757777
f inputs x:[[0.08312017 0.41644799]] ev:{} outputs y:4.25222835908745 (n:0.00988305281813167) c:1.0
num acquisition: 105, time elapsed: 16.23s
0
z
[-1.55578917  2.048     ]
-1.5557891727019215
f inputs x:[[-0.75966268  1.        ]] ev:{} outputs y:3.057431627779977 (n:-0.006248486203152786) c:1.0
num acquisition: 106, time elapsed: 16.44s
0
z
[ 1.64475567 -0.63287565]
1.6447556732666495
f inputs x:[[ 0.80310336 -0.30902131]] ev:{} outputs y:7.026392395838711 (n:0.009150819681800544) c:1.0
num acquisition: 107, time elapsed: 16.63s
0
z
[ 0.77983931 -0.2065174 ]
0.7798393063417656
f inputs x:[[ 0.38078091 -0.10083858]] ev:{} outputs y:4.202334622895811 (n:-0.00855757031913404) c:1.0
num acquisition: 108, time elapsed: 16.84s
0
z
[-0.28057694  0.30797345]
-0.2805769368886711
f inputs x:[[-0.13700046  0.15037766]] ev:{} outputs y:2.0733658407443594 (n:0.007081072373030838) c:1.0
num acquisition: 109, time elapsed: 17.05s
0
z
[-0.92568148 -0.17163087]
-0.9256814826349054
f inputs x:[[-0.45199291 -0.08380414]] ev:{} outputs y:4.693927675962575 (n:-0.011024381992328011) c:1.0
num acquisition: 110, time elapsed: 17.32s
0
z
[0.83257785 0.737422  ]
0.8325778506349707
f inputs x:[[0.40653215 0.36006934]] ev:{} outputs y:0.20326089121497393 (n:0.0013706853708230827) c:1.0
num acquisition: 111, time elapsed: 17.57s
0
z
[1.68212762 1.62138825]
1.6821276216780985
f inputs x:[[0.82135138 0.79169348]] ev:{} outputs y:4.987078081658039 (n:-0.006286161589673155) c:1.0
num acquisition: 112, time elapsed: 17.78s
0
z
[-1.67246136 -0.58270416]
-1.6724613591321214
f inputs x:[[-0.81663152 -0.28452352]] ev:{} outputs y:7.044404514664231 (n:-0.0035195090366009645) c:1.0
num acquisition: 113, time elapsed: 18.00s
0
z
[ 0.82641785 -0.99872128]
0.8264178545872524
f inputs x:[[ 0.40352434 -0.48765687]] ev:{} outputs y:5.6458780150906405 (n:-0.002523870282181601) c:1.0
num acquisition: 114, time elapsed: 18.22s
0
z
[ 0.08053049 -0.18519593]
0.08053049332277386
f inputs x:[[ 0.03932153 -0.0904277 ]] ev:{} outputs y:1.7094116139800717 (n:0.001108330927235217) c:1.0
num acquisition: 115, time elapsed: 18.44s
0
z
[0.83123975 0.7330892 ]
0.8312397528239943
f inputs x:[[0.40587879 0.35795371]] ev:{} outputs y:0.18171709635108474 (n:-0.00556789444224403) c:1.0
num acquisition: 116, time elapsed: 18.69s
0
z
[-1.16286613  1.03328502]
-1.1628661316270943
f inputs x:[[-0.56780573  0.5045337 ]] ev:{} outputs y:2.7629756216531214 (n:-0.00034169598230376067) c:1.0
num acquisition: 117, time elapsed: 18.90s
0
z
[ 1.69023643 -1.51376482]
1.6902364255856268
f inputs x:[[ 0.82531075 -0.73914298]] ev:{} outputs y:7.557123085562476 (n:0.001350427845526069) c:1.0
num acquisition: 118, time elapsed: 19.13s
0
z
[1.16822925 1.60340972]
1.1682292462328219
f inputs x:[[0.57042444 0.7829149 ]] ev:{} outputs y:1.904847592825323 (n:-0.0007895466826561658) c:1.0
num acquisition: 119, time elapsed: 19.38s
0
z
[1.53673274 0.41803473]
1.5367327371683666
f inputs x:[[0.75035778 0.20411852]] ev:{} outputs y:5.93785469282665 (n:0.0002861030436838659) c:1.0
num acquisition: 120, time elapsed: 19.61s
0
z
[-0.87176308  0.99929926]
-0.8717630792013646
f inputs x:[[-0.42566557  0.48793909]] ev:{} outputs y:2.327011400575335 (n:0.0015592653396618351) c:1.0
num acquisition: 121, time elapsed: 19.86s
0
z
[0.83103478 0.73968571]
0.831034776901408
f inputs x:[[0.4057787  0.36117466]] ev:{} outputs y:0.2380976033827626 (n:-0.00037224817521063397) c:1.0
num acquisition: 122, time elapsed: 20.13s
0
z
[-1.68163174  0.32924927]
-1.681631740990659
f inputs x:[[-0.82110925  0.16076625]] ev:{} outputs y:6.444447845776774 (n:-0.005247164153304181) c:1.0
num acquisition: 123, time elapsed: 20.38s
0
z
[-1.52670248 -2.048     ]
-1.5267024816680668
f inputs x:[[-0.7454602 -1.       ]] ev:{} outputs y:7.564519731457812 (n:0.0019470131609829367) c:1.0
num acquisition: 124, time elapsed: 20.63s
0
z
[-0.56262612 -2.048     ]
-0.5626261170473391
f inputs x:[[-0.27471978 -1.        ]] ev:{} outputs y:6.331288188857746 (n:-0.0011928871419067556) c:1.0
num acquisition: 125, time elapsed: 20.89s
0
z
[-0.67580393  0.44892988]
-0.6758039290740109
f inputs x:[[-0.32998239  0.21920404]] ev:{} outputs y:1.3388147345800172 (n:3.835182526048354e-05) c:1.0
num acquisition: 126, time elapsed: 21.14s
0
z
[-0.29489283 -0.34205481]
-0.2948928273907073
f inputs x:[[-0.14399064 -0.16701895]] ev:{} outputs y:3.0452373427525337 (n:-0.0031950807837310188) c:1.0
num acquisition: 127, time elapsed: 21.42s
0
z
[0.8308756  0.73911018]
0.8308756045625413
f inputs x:[[0.40570098 0.36089364]] ev:{} outputs y:0.2369563756381135 (n:0.0008437149265299186) c:1.0
num acquisition: 128, time elapsed: 21.76s
0
z
[-1.34028503  1.78023267]
-1.3402850317841046
f inputs x:[[-0.65443605  0.86925423]] ev:{} outputs y:1.8705794518757355 (n:-0.0016773766055825676) c:1.0
num acquisition: 129, time elapsed: 22.01s
0
z
[ 0.64499605 -1.52485616]
0.6449960505915093
f inputs x:[[ 0.31493948 -0.74455867]] ev:{} outputs y:5.932187165273523 (n:-0.0022466514093089657) c:1.0
num acquisition: 130, time elapsed: 22.28s
0
z
[-0.03863526  1.69647639]
-0.03863526141777674
f inputs x:[[-0.01886487  0.82835761]] ev:{} outputs y:5.673017344082103 (n:0.0052913616299999746) c:1.0
num acquisition: 131, time elapsed: 22.56s
0
z
[-0.90024341  0.64586037]
-0.9002434082232755
f inputs x:[[-0.43957198  0.31536151]] ev:{} outputs y:1.9917096732171795 (n:0.0011661382641246516) c:1.0
num acquisition: 132, time elapsed: 22.83s
0
z
[-0.89428103 -1.11523221]
-0.8942810340248303
f inputs x:[[-0.43666066 -0.54454698]] ev:{} outputs y:5.911008075595132 (n:-0.006001231229026687) c:1.0
num acquisition: 133, time elapsed: 23.10s
0
z
[1.51933972 1.2713756 ]
1.5193397235286208
f inputs x:[[0.7418651  0.62078887]] ev:{} outputs y:4.686148358940569 (n:-0.003457295287714235) c:1.0
num acquisition: 134, time elapsed: 23.39s
0
z
[0.95221375 0.8985862 ]
0.95221375008396
f inputs x:[[0.46494812 0.43876279]] ev:{} outputs y:0.005279669039486215 (n:-0.0035658994995365883) c:1.0
num acquisition: 135, time elapsed: 23.64s
0
z
[1.20072882 1.41723523]
1.2007288184141602
f inputs x:[[0.58629337 0.69200939]] ev:{} outputs y:0.1029803225049812 (n:0.007317521887597222) c:1.0
num acquisition: 136, time elapsed: 23.93s
0
z
[-0.1943242   0.95296328]
-0.19432420356787752
f inputs x:[[-0.09488487  0.4653141 ]] ev:{} outputs y:4.456008334684095 (n:-0.0004967151182071461) c:1.0
num acquisition: 137, time elapsed: 24.32s
0
z
[1.16270082 1.37681219]
1.1627008247690167
f inputs x:[[0.56772501 0.67227158]] ev:{} outputs y:0.0895082665783308 (n:0.004554390745792607) c:1.0
num acquisition: 138, time elapsed: 24.62s
0
z
[1.20709091 1.37322708]
1.207090906587852
f inputs x:[[0.58939986 0.67052103]] ev:{} outputs y:0.5640877533865007 (n:0.006860900345729314) c:1.0
num acquisition: 139, time elapsed: 24.89s
0
z
[0.44248997 0.20435216]
0.44248997241288485
f inputs x:[[0.21605956 0.09978133]] ev:{} outputs y:0.28222488155433034 (n:0.0060063658613055335) c:1.0
num acquisition: 140, time elapsed: 25.16s
0
z
[0.31684347 1.15852911]
0.31684346962080534
f inputs x:[[0.15470873 0.56568804]] ev:{} outputs y:4.733141989369761 (n:0.0019332918217920862) c:1.0
num acquisition: 141, time elapsed: 25.49s
0
z
[-0.04301898 -1.1821337 ]
-0.043018976192233535
f inputs x:[[-0.02100536 -0.57721372]] ev:{} outputs y:4.955186943525392 (n:-0.002538161610830603) c:1.0
num acquisition: 142, time elapsed: 25.80s
0
z
[1.15952423 1.43364182]
1.159524229007933
f inputs x:[[0.56617394 0.70002042]] ev:{} outputs y:0.5979707768354068 (n:-0.000941496912759324) c:1.0
num acquisition: 143, time elapsed: 26.07s
0
z
[0.83221397 0.7426777 ]
0.8322139730586292
f inputs x:[[0.40635448 0.36263559]] ev:{} outputs y:0.24158431205417707 (n:-0.004595153264397794) c:1.0
num acquisition: 144, time elapsed: 26.39s
0
z
[0.0248084  0.15338559]
0.024808398689413588
f inputs x:[[0.01211348 0.07489531]] ev:{} outputs y:1.4455783600384222 (n:-0.009511857121883916) c:1.0
num acquisition: 145, time elapsed: 26.65s
0
z
[1.30373699 1.7636761 ]
1.3037369920342814
f inputs x:[[0.63659033 0.86116997]] ev:{} outputs y:0.4167159339195021 (n:0.010474641473816862) c:1.0
num acquisition: 146, time elapsed: 26.98s
0
z
[1.10427053 1.29073904]
1.1042705251340805
f inputs x:[[0.53919459 0.63024367]] ev:{} outputs y:0.42463734585321905 (n:0.006185461452679741) c:1.0
num acquisition: 147, time elapsed: 27.33s
0
z
[0.74038176 0.55102574]
0.7403817567120214
f inputs x:[[0.36151453 0.26905554]] ev:{} outputs y:0.07606702583656183 (n:0.010073379423744082) c:1.0
num acquisition: 148, time elapsed: 27.61s
0
z
[-2.048      -1.57042952]
-2.048
f inputs x:[[-1.         -0.76681129]] ev:{} outputs y:8.096401680084114 (n:-0.015378070738832917) c:1.0
num acquisition: 149, time elapsed: 27.94s
0
z
[1.24173276 1.47776881]
1.2417327623411012
f inputs x:[[0.60631483 0.7215668 ]] ev:{} outputs y:0.38333436282229744 (n:-0.0017367891986838596) c:1.0
num acquisition: 150, time elapsed: 28.25s
0
z
[-0.25841885 -0.65344295]
-0.25841885300435097
f inputs x:[[-0.12618108 -0.31906394]] ev:{} outputs y:4.005989099419047 (n:0.008600258036060652) c:1.0
num acquisition: 151, time elapsed: 28.59s
0
z
[1.23409099 1.80278117]
1.2340909895708378
f inputs x:[[0.60258349 0.88026424]] ev:{} outputs y:2.1868082304934022 (n:0.0025972663883672533) c:1.0
num acquisition: 152, time elapsed: 28.89s
0
z
[-1.30099684  1.57062556]
-1.3009968434834114
f inputs x:[[-0.63525236  0.76690701]] ev:{} outputs y:2.054127927289225 (n:0.0022905434773847124) c:1.0
num acquisition: 153, time elapsed: 29.23s
0
z
[1.38181043 1.75731264]
1.3818104336887844
f inputs x:[[0.67471213 0.85806281]] ev:{} outputs y:1.2375245939381974 (n:-0.0034080868093377954) c:1.0
num acquisition: 154, time elapsed: 29.62s
0
z
[-0.37420833  1.35823313]
-0.37420832777581475
f inputs x:[[-0.18271891  0.66319977]] ev:{} outputs y:5.023994861446128 (n:0.0047971372691921026) c:1.0
num acquisition: 155, time elapsed: 29.92s
0
z
[0.81851346 0.71738281]
0.8185134580588171
f inputs x:[[0.39966477 0.35028458]] ev:{} outputs y:0.23409784720795154 (n:0.004742385524875847) c:1.0
num acquisition: 156, time elapsed: 30.36s
0
z
[0.81903822 0.71779681]
0.8190382247411867
f inputs x:[[0.39992101 0.35048672]] ev:{} outputs y:0.22062618334112502 (n:-0.005229885385087034) c:1.0
num acquisition: 157, time elapsed: 30.70s
0
z
[1.28673575 1.67790647]
1.2867357451121681
f inputs x:[[0.62828894 0.81929027]] ev:{} outputs y:0.1259729583702697 (n:0.002358504300168705) c:1.0
num acquisition: 158, time elapsed: 31.03s
0
z
[ 1.3643562  -1.04712506]
1.364356203947068
f inputs x:[[ 0.66618955 -0.51129153]] ev:{} outputs y:6.750185004311063 (n:0.008337891229417995) c:1.0
num acquisition: 159, time elapsed: 31.41s
0
z
[ 0.68292504 -0.63804859]
0.6829250383292346
f inputs x:[[ 0.33345949 -0.31154716]] ev:{} outputs y:4.812135388988492 (n:-0.0006849205345402476) c:1.0
num acquisition: 160, time elapsed: 31.78s
0
z
[0.9685417  0.09060362]
0.9685417003571098
f inputs x:[[0.47292075 0.04424005]] ev:{} outputs y:4.296596458835339 (n:0.008586186981583824) c:1.0
num acquisition: 161, time elapsed: 32.13s
0
z
[-0.45780938  0.00831584]
-0.45780937542968714
f inputs x:[[-0.22353973  0.00406047]] ev:{} outputs y:1.9785541099757422 (n:0.00776826451593792) c:1.0
num acquisition: 162, time elapsed: 32.46s
0
z
[-0.85624197 -1.58170031]
-0.8562419673731583
f inputs x:[[-0.4180869 -0.7723146]] ev:{} outputs y:6.299862804137329 (n:0.007740167642061229) c:1.0
num acquisition: 163, time elapsed: 32.80s
0
z
[2.048     1.6463433]
2.048
f inputs x:[[1.         0.80387856]] ev:{} outputs y:6.478881884946705 (n:-0.00010180526553688929) c:1.0
num acquisition: 164, time elapsed: 33.25s
0
z
[-1.31040179 -0.30286341]
-1.3104017874538507
f inputs x:[[-0.63984462 -0.14788252]] ev:{} outputs y:6.0338699309136175 (n:0.007075592037975157) c:1.0
num acquisition: 165, time elapsed: 33.61s
0
z
[ 0.45755607 -0.17836495]
0.4575560676721992
f inputs x:[[ 0.22341605 -0.08709226]] ev:{} outputs y:2.7883716583168177 (n:-0.004455832944780231) c:1.0
num acquisition: 166, time elapsed: 33.99s
0
z
[-0.04738088  0.01568876]
-0.0473808779569423
f inputs x:[[-0.02313519  0.00766053]] ev:{} outputs y:0.74672395747631 (n:-0.0023688259306357223) c:1.0
num acquisition: 167, time elapsed: 34.40s
0
z
[0.19364029 0.02301504]
0.1936402908246674
f inputs x:[[0.09455092 0.01123781]] ev:{} outputs y:0.5205981235959323 (n:0.007063709170186748) c:1.0
num acquisition: 168, time elapsed: 34.77s
0
z
[1.76279102 0.90834843]
1.7627910161059908
f inputs x:[[0.8607378  0.44352951]] ev:{} outputs y:6.188387939671344 (n:0.0038705060108205785) c:1.0
num acquisition: 169, time elapsed: 35.14s
0
z
[-1.54738509 -1.04981254]
-1.5473850919163394
f inputs x:[[-0.75555913 -0.51260378]] ev:{} outputs y:7.085695549689798 (n:0.0008409918545727897) c:1.0
num acquisition: 170, time elapsed: 35.51s
0
z
[0.76100655 2.048     ]
0.7610065450000706
f inputs x:[[0.37158523 1.        ]] ev:{} outputs y:5.382788278605282 (n:0.003745008177334278) c:1.0
num acquisition: 171, time elapsed: 35.88s
0
z
[0.8157304  0.71531787]
0.8157303999195159
f inputs x:[[0.39830586 0.3492763 ]] ev:{} outputs y:0.24474736726037502 (n:-0.0044335368381021945) c:1.0
num acquisition: 172, time elapsed: 36.31s
0
z
[0.96619679 0.92775655]
0.9661967898039953
f inputs x:[[0.47177578 0.45300613]] ev:{} outputs y:0.00973589815311191 (n:0.0052627823668240795) c:1.0
num acquisition: 173, time elapsed: 36.75s
0
z
[ 2.048     -0.5810572]
2.048
f inputs x:[[ 1.         -0.28371934]] ev:{} outputs y:7.731424727264693 (n:-0.0016044104674547849) c:1.0
num acquisition: 174, time elapsed: 37.10s
0
z
[-0.81466915  0.81141482]
-0.8146691543653781
f inputs x:[[-0.39778767  0.39619864]] ev:{} outputs y:1.8628058497406612 (n:-0.005206007882548456) c:1.0
num acquisition: 175, time elapsed: 37.63s
0
z
[1.02152868 1.04213707]
1.0215286751940107
f inputs x:[[0.4987933  0.50885599]] ev:{} outputs y:-0.0018323173748400843 (n:-0.002487067342208159) c:1.0
num acquisition: 176, time elapsed: 37.99s
0
z
[-1.001465    1.36504386]
-1.0014650048209306
f inputs x:[[-0.48899658  0.66652532]] ev:{} outputs y:2.8982871306219784 (n:0.0013618655060294003) c:1.0
num acquisition: 177, time elapsed: 38.35s
0
z
[ 0.34588868 -0.74511236]
0.34588867972132176
f inputs x:[[ 0.16889096 -0.36382439]] ev:{} outputs y:4.332912948891708 (n:-0.0005449591215742134) c:1.0
num acquisition: 178, time elapsed: 38.74s
0
z
[-0.46008336  0.2345765 ]
-0.46008336118364035
f inputs x:[[-0.22465008  0.11453931]] ev:{} outputs y:1.1597886881169108 (n:0.0015613768013449031) c:1.0
num acquisition: 179, time elapsed: 39.16s
0
z
[ 0.1935725  -0.40769332]
0.19357250211468688
f inputs x:[[ 0.09451782 -0.199069  ]] ev:{} outputs y:3.0543347214508914 (n:-0.012200387649193328) c:1.0
num acquisition: 180, time elapsed: 39.71s
0
z
[-0.64087286  0.3077555 ]
-0.6408728618555635
f inputs x:[[-0.3129262   0.15027124]] ev:{} outputs y:1.5598773948690663 (n:0.0011872546752537) c:1.0
num acquisition: 181, time elapsed: 40.26s
0
z
[-2.048      -0.65162786]
-2.048
f inputs x:[[-1.         -0.31817767]] ev:{} outputs y:7.76954474410464 (n:0.0037229962766062016) c:1.0
num acquisition: 182, time elapsed: 40.70s
0
z
[-1.68463844  1.84527816]
-1.684638441005289
f inputs x:[[-0.82257736  0.90101473]] ev:{} outputs y:4.675304565389833 (n:0.0047374083268547805) c:1.0
num acquisition: 183, time elapsed: 41.20s
0
z
[0.19484421 0.54420205]
0.19484420519026785
f inputs x:[[0.09513877 0.26572366]] ev:{} outputs y:3.3053086584736273 (n:-0.0006965535165169558) c:1.0
num acquisition: 184, time elapsed: 41.67s
0
z
[0.576372   0.23365028]
0.5763719971658462
f inputs x:[[0.28143164 0.11408705]] ev:{} outputs y:0.7746025205497763 (n:0.008782381434197663) c:1.0
num acquisition: 185, time elapsed: 42.16s
0
z
[0.70394392 1.69353434]
0.703943924512297
f inputs x:[[0.34372262 0.82692106]] ev:{} outputs y:4.971179405428025 (n:-0.0028430755459700153) c:1.0
num acquisition: 186, time elapsed: 42.67s
0
z
[0.83654237 0.74503459]
0.8365423669875304
f inputs x:[[0.40846795 0.36378642]] ev:{} outputs y:0.20206157906730476 (n:-0.006014558605163878) c:1.0
num acquisition: 187, time elapsed: 43.16s
0
z
[0.92771918 0.83712853]
0.9277191784256025
f inputs x:[[0.45298788 0.40875417]] ev:{} outputs y:0.061321374736973355 (n:0.002476169413060964) c:1.0
num acquisition: 188, time elapsed: 43.70s
0
z
[-1.15490024  1.80349512]
-1.154900243311931
f inputs x:[[-0.56391613  0.88061285]] ev:{} outputs y:3.3090337642516396 (n:-0.01259559067341805) c:1.0
num acquisition: 189, time elapsed: 44.18s
0
z
[ 1.09170701 -0.28406518]
1.0917070128959907
f inputs x:[[ 0.53306006 -0.1387037 ]] ev:{} outputs y:5.391732389884766 (n:0.00342187576975988) c:1.0
num acquisition: 190, time elapsed: 44.71s
0
z
[-0.89713829 -0.49458018]
-0.8971382886777288
f inputs x:[[-0.43805581 -0.24149423]] ev:{} outputs y:5.156762722124226 (n:0.0008568575922857976) c:1.0
num acquisition: 191, time elapsed: 45.14s
0
z
[-0.52669949  1.74927772]
-0.526699494063329
f inputs x:[[-0.25717749  0.85413951]] ev:{} outputs y:5.392898914301945 (n:-0.0005903318860506648) c:1.0
num acquisition: 192, time elapsed: 45.70s
0
z
[0.06011294 2.048     ]
0.06011294008239546
f inputs x:[[0.02935202 1.        ]] ev:{} outputs y:6.032514621025168 (n:-0.007347101174158959) c:1.0
num acquisition: 193, time elapsed: 46.27s
0
z
[0.51432141 0.3264434 ]
0.5143214146456526
f inputs x:[[0.2511335  0.15939619]] ev:{} outputs y:0.4805130688642887 (n:-0.0014522792722781802) c:1.0
num acquisition: 194, time elapsed: 46.80s
0
z
[-2.048       0.25203565]
-2.048
f inputs x:[[-1.          0.12306428]] ev:{} outputs y:7.351128388553311 (n:-0.004153721159949142) c:1.0
num acquisition: 195, time elapsed: 47.30s
0
z
[0.85096582 0.76753002]
0.8509658150709246
f inputs x:[[0.41551065 0.37477052]] ev:{} outputs y:0.17915026312722432 (n:-0.011846966980420875) c:1.0
num acquisition: 196, time elapsed: 47.94s
0
z
[0.85135412 0.76795158]
0.851354119911751
f inputs x:[[0.41570025 0.37497636]] ev:{} outputs y:0.19447399385862998 (n:0.0052857386929070676) c:1.0
num acquisition: 197, time elapsed: 48.45s
0
z
[ 0.24925031 -2.048     ]
0.2492503143888172
f inputs x:[[ 0.12170426 -1.        ]] ev:{} outputs y:6.1045729467122705 (n:0.002402167371983341) c:1.0
num acquisition: 198, time elapsed: 48.90s
0
z
[ 2.048      -1.56726289]
2.048
f inputs x:[[ 1.         -0.76526508]] ev:{} outputs y:8.108518634595253 (n:0.00029761296832766013) c:1.0
num acquisition: 199, time elapsed: 49.41s
0
z
[ 0.93165177 -1.86642374]
0.9316517715312926
f inputs x:[[ 0.45490809 -0.91133972]] ev:{} outputs y:6.627280901577299 (n:0.008944761820984245) c:1.0
num acquisition: 200, time elapsed: 49.95s
0
z
[-1.51259713  1.28809842]
-1.512597126883142
f inputs x:[[-0.73857282  0.62895431]] ev:{} outputs y:4.6636672539922355 (n:-0.01180738207850735) c:1.0
num acquisition: 201, time elapsed: 50.42s
0
z
[-0.83950833  0.10618756]
-0.8395083347598433
f inputs x:[[-0.40991618  0.0518494 ]] ev:{} outputs y:3.6904750100546937 (n:-0.0037499401283328133) c:1.0
num acquisition: 202, time elapsed: 50.93s
0
z
[0.85169274 0.76803491]
0.8516927433088602
f inputs x:[[0.4158656  0.37501705]] ev:{} outputs y:0.18166009900173738 (n:-0.003935004492345662) c:1.0
num acquisition: 203, time elapsed: 51.53s
0
z
[-1.53660618  0.65844564]
-1.5366061779756983
f inputs x:[[-0.75029599  0.32150666]] ev:{} outputs y:5.692927723350132 (n:-0.002007378612156481) c:1.0
num acquisition: 204, time elapsed: 52.05s
0
z
[-0.80467385  1.21605419]
-0.8046738454723573
f inputs x:[[-0.39290715  0.59377646]] ev:{} outputs y:3.6002410412400523 (n:0.0006783158008085516) c:1.0
num acquisition: 205, time elapsed: 52.62s
0
z
[1.70842766 0.08602769]
1.7084276622581507
f inputs x:[[0.83419319 0.04200571]] ev:{} outputs y:6.689554441850677 (n:5.553050872763934e-05) c:1.0
num acquisition: 206, time elapsed: 53.13s
0
z
[1.0713611  1.16702513]
1.0713611046110638
f inputs x:[[0.52312554 0.56983649]] ev:{} outputs y:0.049619251736327696 (n:0.008480386469991467) c:1.0
num acquisition: 207, time elapsed: 53.74s
0
z
[1.0528986 1.1272993]
1.052898600900697
f inputs x:[[0.51411064 0.55043911]] ev:{} outputs y:0.0417960523472556 (n:0.004710677642620117) c:1.0
num acquisition: 208, time elapsed: 54.33s
0
z
[-1.40308032  1.93997075]
-1.4030803228023996
f inputs x:[[-0.68509781  0.94725134]] ev:{} outputs y:1.9292176690413714 (n:0.003954131538206589) c:1.0
num acquisition: 209, time elapsed: 54.85s
0
z
[-1.8690959  1.0426141]
-1.8690959003094532
f inputs x:[[-0.91264448  0.50908892]] ev:{} outputs y:6.419233696137277 (n:0.005896989549548856) c:1.0
num acquisition: 210, time elapsed: 55.40s
0
z
[0.70491863 0.51125145]
0.7049186297515073
f inputs x:[[0.34419855 0.2496345 ]] ev:{} outputs y:0.10366845210009171 (n:0.0014368749249345466) c:1.0
num acquisition: 211, time elapsed: 56.00s
0
z
[-0.1137298  -1.64812249]
-0.11372980080701085
f inputs x:[[-0.05553213 -0.80474731]] ev:{} outputs y:5.632760017856143 (n:0.004594395583450245) c:1.0
num acquisition: 212, time elapsed: 56.53s
0
z
[0.76051775 0.60918379]
0.7605177547966582
f inputs x:[[0.37134656 0.29745302]] ev:{} outputs y:0.13486105856056294 (n:-0.00680725263609795) c:1.0
num acquisition: 213, time elapsed: 57.11s
0
z
[1.27288843 1.61277672]
1.272888431509517
f inputs x:[[0.62152755 0.78748863]] ev:{} outputs y:0.07337635924810208 (n:-0.0036268591691734405) c:1.0
num acquisition: 214, time elapsed: 57.76s
0
z
[-1.63064974 -0.09354419]
-1.6306497402323268
f inputs x:[[-0.79621569 -0.04567587]] ev:{} outputs y:6.6460637727647285 (n:0.005429410454400161) c:1.0
num acquisition: 215, time elapsed: 58.28s
0
z
[-0.06217174  0.71449069]
-0.06217173563548277
f inputs x:[[-0.03035729  0.34887241]] ev:{} outputs y:3.9625637054814065 (n:-0.0006665361012826377) c:1.0
num acquisition: 216, time elapsed: 58.84s
0
z
[0.98809964 0.9991403 ]
0.9880996399088131
f inputs x:[[0.48247053 0.48786148]] ev:{} outputs y:0.048457968413074856 (n:-0.002351960182301695) c:1.0
num acquisition: 217, time elapsed: 59.49s
0
z
[-1.61266943 -1.60610173]
-1.6126694340171455
f inputs x:[[-0.78743625 -0.78422936]] ev:{} outputs y:7.480667520601162 (n:-0.002321743892064358) c:1.0
num acquisition: 218, time elapsed: 60.07s
0
z
[1.05290835 1.1862555 ]
1.052908345731031
f inputs x:[[0.5141154  0.57922632]] ev:{} outputs y:0.4794796611573831 (n:0.005989115447249091) c:1.0
num acquisition: 219, time elapsed: 60.70s
0
z
[1.08664584 1.15601072]
1.086645844278649
f inputs x:[[0.53058879 0.56445836]] ev:{} outputs y:0.06604696100283781 (n:-0.0006339416135724463) c:1.0
num acquisition: 220, time elapsed: 61.42s
0
z
[0.10707523 0.33215061]
0.1070752302550037
f inputs x:[[0.05228283 0.16218291]] ev:{} outputs y:2.495955107939329 (n:0.004301772123016288) c:1.0
num acquisition: 221, time elapsed: 62.04s
0
z
[1.22070528 0.25542647]
1.2207052754977792
f inputs x:[[0.5960475  0.12471996]] ev:{} outputs y:5.034629757220386 (n:0.0009561600407851887) c:1.0
num acquisition: 222, time elapsed: 62.69s
0
z
[-0.57269168  0.56815137]
-0.5726916805826459
f inputs x:[[-0.27963461  0.27741766]] ev:{} outputs y:2.2258810791740227 (n:0.002145328740431138) c:1.0
num acquisition: 223, time elapsed: 63.42s
0
z
[0.81950821 0.66286894]
0.8195082137481171
f inputs x:[[0.40015049 0.32366647]] ev:{} outputs y:0.03745286577541476 (n:-0.0019499956043877928) c:1.0
num acquisition: 224, time elapsed: 64.08s
0
z
[1.40957316 1.99307487]
1.4095731608610265
f inputs x:[[0.68826814 0.97318109]] ev:{} outputs y:0.16141842354922645 (n:0.0030759124303193163) c:1.0
num acquisition: 225, time elapsed: 64.70s
0
z
[-2.048       1.71596921]
-2.048
f inputs x:[[-1.          0.83787559]] ev:{} outputs y:6.431062190159903 (n:-0.005896566509836645) c:1.0
num acquisition: 226, time elapsed: 65.29s
0
z
[-0.17984633  0.01442727]
-0.179846331825458
f inputs x:[[-0.08781559  0.00704457]] ev:{} outputs y:0.8909338424750999 (n:0.005456689698651713) c:1.0
num acquisition: 227, time elapsed: 66.05s
0
z
[ 1.49953714 -0.32597875]
1.4995371380762124
f inputs x:[[ 0.73219587 -0.15916931]] ev:{} outputs y:6.500139564090909 (n:0.0017051689995638902) c:1.0
num acquisition: 228, time elapsed: 66.68s
0
z
[ 1.66074062 -2.048     ]
1.6607406173743486
f inputs x:[[ 0.8109085 -1.       ]] ev:{} outputs y:7.7383345703848025 (n:-0.007212358688285661) c:1.0
num acquisition: 229, time elapsed: 67.50s
0
z
[-1.17339804  0.34315753]
-1.1733980419086065
f inputs x:[[-0.57294826  0.16755739]] ev:{} outputs y:4.727055743554929 (n:0.003406314145511791) c:1.0
num acquisition: 230, time elapsed: 68.15s
0
z
[-0.82666616 -0.82803385]
-0.8266661636511252
f inputs x:[[-0.40364559 -0.4043134 ]] ev:{} outputs y:5.454386047292118 (n:0.004322447543429911) c:1.0
num acquisition: 231, time elapsed: 68.83s
0
z
[-0.84987072  1.73715436]
-0.8498707220888359
f inputs x:[[-0.41497594  0.8482199 ]] ev:{} outputs y:4.675894765077536 (n:-0.0008420148652159496) c:1.0
num acquisition: 232, time elapsed: 69.62s
0
z
[1.29880175 1.63919482]
1.2988017499158402
f inputs x:[[0.63418054 0.80038809]] ev:{} outputs y:0.27828089454403654 (n:0.0031316063578578136) c:1.0
num acquisition: 233, time elapsed: 70.45s
0
z
[0.4053695  0.13773242]
0.40536950138301137
f inputs x:[[0.19793433 0.06725216]] ev:{} outputs y:0.3515733119297714 (n:-0.0021064031163286544) c:1.0
num acquisition: 234, time elapsed: 71.17s
0
z
[1.26111412 1.64271964]
1.2611141210596308
f inputs x:[[0.61577838 0.8021092 ]] ev:{} outputs y:0.3013397514231556 (n:0.007310838011132022) c:1.0
num acquisition: 235, time elapsed: 71.83s
0
z
[-0.59777405  0.79834563]
-0.5977740490953077
f inputs x:[[-0.29188186  0.3898172 ]] ev:{} outputs y:3.1385699896295876 (n:0.0029877775886860748) c:1.0
num acquisition: 236, time elapsed: 72.56s
0
z
[0.81469958 0.69642369]
0.8146995771142971
f inputs x:[[0.39780253 0.34005063]] ev:{} outputs y:0.13099346961438074 (n:-0.0010769262874856193) c:1.0
num acquisition: 237, time elapsed: 73.55s
0
z
[0.43732113 0.87190049]
0.4373211337482241
f inputs x:[[0.21353571 0.42573266]] ev:{} outputs y:3.8523730314882623 (n:-0.01140776431693332) c:1.0
num acquisition: 238, time elapsed: 74.32s
0
z
[1.39601119 0.66994367]
1.3960111869430967
f inputs x:[[0.68164609 0.32712093]] ev:{} outputs y:5.104140741645678 (n:-8.359684646451925e-05) c:1.0
num acquisition: 239, time elapsed: 75.15s
0
z
[ 0.39012904 -1.74089846]
0.3901290354235912
f inputs x:[[ 0.19049269 -0.85004808]] ev:{} outputs y:5.8922661535443535 (n:0.006844650027559815) c:1.0
num acquisition: 240, time elapsed: 76.21s
0
z
[0.27593528 1.74717495]
0.2759352809189853
f inputs x:[[0.13473402 0.85311277]] ev:{} outputs y:5.643384599416646 (n:0.005884537767126594) c:1.0
num acquisition: 241, time elapsed: 76.96s
0
z
[0.81891664 0.68853475]
0.8189166446330588
f inputs x:[[0.39986164 0.33619861]] ev:{} outputs y:0.05870001618146062 (n:-0.004151763084193596) c:1.0
num acquisition: 242, time elapsed: 77.92s
0
z
[0.81613158 0.68236902]
0.8161315810748615
f inputs x:[[0.39850175 0.333188  ]] ev:{} outputs y:0.06611692366532018 (n:0.007498131029127025) c:1.0
num acquisition: 243, time elapsed: 78.66s
0
z
[1.26452007 1.57336303]
1.2645200732083375
f inputs x:[[0.61744144 0.76824367]] ev:{} outputs y:0.12312291892703821 (n:-0.004172737255161192) c:1.0
num acquisition: 244, time elapsed: 79.55s
0
z
[1.30382176 1.71231329]
1.3038217626030186
f inputs x:[[0.63663172 0.83609047]] ev:{} outputs y:0.10091273542352676 (n:-0.0012735786366866657) c:1.0
num acquisition: 245, time elapsed: 80.37s
0
z
[-0.25707995 -1.35544206]
-0.25707994960958924
f inputs x:[[-0.12552732 -0.66183694]] ev:{} outputs y:5.3262010848532055 (n:0.004872424933733833) c:1.0
num acquisition: 246, time elapsed: 81.21s
0
z
[-0.67686533 -0.05838927]
-0.6768653336674428
f inputs x:[[-0.33050065 -0.02851039]] ev:{} outputs y:3.4140816504650586 (n:-0.003409484708173692) c:1.0
num acquisition: 247, time elapsed: 81.98s
0
z
[-1.47913348  1.79799693]
-1.4791334849983435
f inputs x:[[-0.72223315  0.87792819]] ev:{} outputs y:3.104966693129959 (n:-0.0015706728095728638) c:1.0
num acquisition: 248, time elapsed: 82.85s
0
z
[2.048      0.22984312]
2.048
f inputs x:[[1.         0.11222809]] ev:{} outputs y:7.3627924004164935 (n:0.001548295078789168) c:1.0
num acquisition: 249, time elapsed: 83.69s
0
z
[ 0.83248303 -1.28524347]
0.8324830331954434
f inputs x:[[ 0.40648586 -0.62756029]] ev:{} outputs y:5.969022555856277 (n:-0.003218047053658305) c:1.0
num acquisition: 250, time elapsed: 84.58s
[0.4987933  0.50885599]
