INFO:GP:initializing Y
INFO:GP:initializing inference method
INFO:GP:adding kernel and likelihood as parameters
removed robo import in opts.py l17 due to theano errors
0
z
[-1.60247654 -1.36861958]
-1.602476540295709
f inputs x:[[-0.78245925 -0.66827128]] ev:{} outputs y:7.351884447467833 (n:0.0011011413808538826) c:1.0
0
z
[-0.87022918 -1.25643973]
-0.8702291815326503
f inputs x:[[-0.42491659 -0.61349596]] ev:{} outputs y:6.013275695577965 (n:-0.002910863273661972) c:1.0
0
z
[0.62207147 1.78992255]
0.6220714720859123
f inputs x:[[0.30374584 0.87398562]] ev:{} outputs y:5.286279372112697 (n:-0.0018341010018005427) c:1.0
0
z
[0.87435424 0.30705073]
0.8743542365458948
f inputs x:[[0.42693078 0.14992711]] ev:{} outputs y:3.083389613515225 (n:-0.004983054633191675) c:1.0
0
z
[0.39518144 0.40192209]
0.3951814405250093
f inputs x:[[0.19295969 0.19625102]] ev:{} outputs y:2.003487582838273 (n:0.0012923500735874643) c:1.0
0
z
[0.11643698 0.11890165]
0.11643698492362993
f inputs x:[[0.056854   0.05805745]] ev:{} outputs y:1.0674082504532527 (n:0.006006054278736737) c:1.0
num acquisition: 1, time elapsed: 0.19s
0
z
[-0.37581803  0.31081811]
-0.3758180293877606
f inputs x:[[-0.1835049   0.15176666]] ev:{} outputs y:1.7545444569524435 (n:0.0021191476368002168) c:1.0
num acquisition: 2, time elapsed: 0.32s
0
z
[ 0.2567289  -0.35690415]
0.2567289000624128
f inputs x:[[ 0.12535591 -0.17426961]] ev:{} outputs y:2.961902245319003 (n:-0.004895930455330239) c:1.0
num acquisition: 3, time elapsed: 0.47s
0
z
[-0.00101997  0.22842358]
-0.001019965274488342
f inputs x:[[-0.00049803  0.11153495]] ev:{} outputs y:1.973518427191915 (n:-0.003298677576779774) c:1.0
num acquisition: 4, time elapsed: 0.60s
0
z
[-2.048       1.97286746]
-2.048
f inputs x:[[-1.          0.96331419]] ev:{} outputs y:6.216471992694289 (n:-0.005644512593738104) c:1.0
num acquisition: 5, time elapsed: 0.71s
0
z
[-0.031259    0.30308857]
-0.0312589969400036
f inputs x:[[-0.01526318  0.14799247]] ev:{} outputs y:2.4242077425549895 (n:0.009131133994126595) c:1.0
num acquisition: 6, time elapsed: 0.81s
0
z
[-0.00904131  0.23606104]
-0.00904130890417265
f inputs x:[[-0.0044147   0.11526418]] ev:{} outputs y:2.0264472968857947 (n:3.909084898893138e-05) c:1.0
num acquisition: 7, time elapsed: 0.95s
0
z
[0.29151567 0.05685431]
0.29151567353539387
f inputs x:[[0.14234164 0.02776089]] ev:{} outputs y:0.46027625043543174 (n:0.0021786607348345576) c:1.0
num acquisition: 8, time elapsed: 1.12s
0
z
[-1.0759534   0.28035614]
-1.0759534005546465
f inputs x:[[-0.52536787  0.13689265]] ev:{} outputs y:4.414176218724913 (n:0.004065818206779433) c:1.0
num acquisition: 9, time elapsed: 1.29s
0
z
[ 2.048 -2.048]
2.048
f inputs x:[[ 1. -1.]] ev:{} outputs y:8.262851207387795 (n:-0.005556014829747173) c:1.0
num acquisition: 10, time elapsed: 1.42s
0
z
[2.048 2.048]
2.048
f inputs x:[[1. 1.]] ev:{} outputs y:6.137471920411738 (n:0.00026251639203929016) c:1.0
num acquisition: 11, time elapsed: 1.57s
0
z
[-0.43848385 -0.12824262]
-0.4384838495778627
f inputs x:[[-0.21410344 -0.06261847]] ev:{} outputs y:2.592616959549766 (n:0.0017039623942604104) c:1.0
num acquisition: 12, time elapsed: 1.70s
0
z
[ 2.048      -0.11190681]
2.048
f inputs x:[[ 1.       -0.054642]] ev:{} outputs y:7.523877117473916 (n:-0.002540698656738445) c:1.0
num acquisition: 13, time elapsed: 1.84s
0
z
[0.43959566 0.06663113]
0.43959565582012716
f inputs x:[[0.21464632 0.03253473]] ev:{} outputs y:1.072876615497454 (n:0.002271721424115434) c:1.0
num acquisition: 14, time elapsed: 1.96s
0
z
[ 0.23170621 -2.048     ]
0.2317062142222684
f inputs x:[[ 0.1131378 -1.       ]] ev:{} outputs y:6.091349204899532 (n:-0.002896236322306846) c:1.0
num acquisition: 15, time elapsed: 2.11s
0
z
[-0.69557861  1.3576675 ]
-0.6955786142810654
f inputs x:[[-0.339638    0.66292358]] ev:{} outputs y:4.379982513602984 (n:-0.004967994367539253) c:1.0
num acquisition: 16, time elapsed: 2.25s
0
z
[-2.048       0.55573407]
-2.048
f inputs x:[[-1.          0.27135453]] ev:{} outputs y:7.198125559001081 (n:0.002031361352564331) c:1.0
num acquisition: 17, time elapsed: 2.38s
0
z
[ 0.24814109 -0.00709259]
0.24814109357179365
f inputs x:[[ 0.12116264 -0.00346318]] ev:{} outputs y:0.7042732166592134 (n:-0.00710765666762858) c:1.0
num acquisition: 18, time elapsed: 2.52s
0
z
[1.35379102 1.00772586]
1.3537910191187366
f inputs x:[[0.66103077 0.49205364]] ev:{} outputs y:4.234704995068647 (n:-0.0021754987873670523) c:1.0
num acquisition: 19, time elapsed: 2.69s
0
z
[-0.40434489  2.048     ]
-0.4043448896065915
f inputs x:[[-0.19743403  1.        ]] ev:{} outputs y:5.88017376330539 (n:-0.0006613375506211211) c:1.0
num acquisition: 20, time elapsed: 2.83s
0
z
[ 0.98263874 -1.05592661]
0.9826387369285996
f inputs x:[[ 0.47980407 -0.51558917]] ev:{} outputs y:6.015186119903792 (n:-0.00011396331236308404) c:1.0
num acquisition: 21, time elapsed: 2.93s
0
z
[-0.64396871  0.70072556]
-0.6439687090557628
f inputs x:[[-0.31443785  0.34215115]] ev:{} outputs y:2.4689420008779717 (n:-0.006245996969128951) c:1.0
num acquisition: 22, time elapsed: 3.05s
0
z
[0.28854077 0.10628609]
0.28854077413906315
f inputs x:[[0.14088905 0.05189751]] ev:{} outputs y:0.45168222136432695 (n:0.007500520614579992) c:1.0
num acquisition: 23, time elapsed: 3.19s
0
z
[2.048     1.0168516]
2.048
f inputs x:[[1.         0.49650957]] ev:{} outputs y:6.913265790309499 (n:-0.006140035657317679) c:1.0
num acquisition: 24, time elapsed: 3.34s
0
z
[0.71593281 0.97183005]
0.7159328076274795
f inputs x:[[0.34957657 0.47452639]] ev:{} outputs y:3.0856007124681586 (n:-0.013302199943006179) c:1.0
num acquisition: 25, time elapsed: 3.48s
0
z
[-0.82423306 -2.048     ]
-0.8242330579243683
f inputs x:[[-0.40245755 -1.        ]] ev:{} outputs y:6.623588554151035 (n:0.005948764405395021) c:1.0
num acquisition: 26, time elapsed: 3.65s
0
z
[-2.048      -0.49629709]
-2.048
f inputs x:[[-1.         -0.24233256]] ev:{} outputs y:7.690403490011184 (n:-0.010554309436791195) c:1.0
num acquisition: 27, time elapsed: 3.82s
0
z
[-2.048 -2.048]
-2.048
f inputs x:[[-1. -1.]] ev:{} outputs y:8.26887775113556 (n:-0.0016284614380884775) c:1.0
num acquisition: 28, time elapsed: 3.98s
0
z
[-0.00525388  1.18272157]
-0.0052538782176308136
f inputs x:[[-0.00256537  0.57750077]] ev:{} outputs y:4.9535276727717745 (n:-0.0015035561895077973) c:1.0
num acquisition: 29, time elapsed: 4.12s
0
z
[-1.32471519  1.17482003]
-1.3247151921397888
f inputs x:[[-0.64683359  0.57364259]] ev:{} outputs y:3.6829041566882466 (n:-0.0072279279066494164) c:1.0
num acquisition: 30, time elapsed: 4.31s
0
z
[-1.22792993  2.048     ]
-1.227929925768196
f inputs x:[[-0.59957516  1.        ]] ev:{} outputs y:3.5669452939155377 (n:0.007491677143325171) c:1.0
num acquisition: 31, time elapsed: 4.42s
0
z
[-0.04322026 -1.07043974]
-0.04322026464333662
f inputs x:[[-0.02110364 -0.52267565]] ev:{} outputs y:4.766876972399683 (n:0.004081906435957787) c:1.0
num acquisition: 32, time elapsed: 4.57s
0
z
[1.26471551 2.048     ]
1.2647155130905263
f inputs x:[[0.61753687 1.        ]] ev:{} outputs y:3.0448846997183567 (n:-0.008400248627686981) c:1.0
num acquisition: 33, time elapsed: 4.76s
0
z
[1.22965082 1.56035637]
1.229650818918372
f inputs x:[[0.60041544 0.76189276]] ev:{} outputs y:0.24424496960962416 (n:-0.007428289168137159) c:1.0
num acquisition: 34, time elapsed: 4.92s
0
z
[1.34828249 1.5941481 ]
1.348282488729607
f inputs x:[[0.65834106 0.77839263]] ev:{} outputs y:1.8023263474730291 (n:-0.010257434277410812) c:1.0
num acquisition: 35, time elapsed: 5.12s
0
z
[1.09790541 1.51126898]
1.0979054129647992
f inputs x:[[0.53608663 0.73792431]] ev:{} outputs y:2.332636174246445 (n:-0.005836732814950813) c:1.0
num acquisition: 36, time elapsed: 5.33s
0
z
[0.31717066 0.06652784]
0.3171706607199505
f inputs x:[[0.15486849 0.0324843 ]] ev:{} outputs y:0.46004628608390796 (n:0.0011489703110047534) c:1.0
num acquisition: 37, time elapsed: 5.49s
0
z
[0.32673028 0.06418551]
0.3267302813819208
f inputs x:[[0.15953627 0.03134058]] ev:{} outputs y:0.4921260164536381 (n:0.0007961025001143833) c:1.0
num acquisition: 38, time elapsed: 5.67s
0
z
[1.20082684 1.66059208]
1.2008268366469075
f inputs x:[[0.58634123 0.81083598]] ev:{} outputs y:1.7641340999107002 (n:0.0029656565942135686) c:1.0
num acquisition: 39, time elapsed: 5.80s
0
z
[1.25633083 1.48008106]
1.25633082553533
f inputs x:[[0.61344279 0.72269583]] ev:{} outputs y:0.7128795421590766 (n:0.0039963901093645355) c:1.0
num acquisition: 40, time elapsed: 5.95s
0
z
[-0.06658923 -0.09619828]
-0.06658923423760128
f inputs x:[[-0.03251427 -0.04697182]] ev:{} outputs y:1.1520052464443091 (n:0.004507332224986036) c:1.0
num acquisition: 41, time elapsed: 6.10s
0
z
[0.30421783 0.05003598]
0.3042178292551655
f inputs x:[[0.14854386 0.02443163]] ev:{} outputs y:0.49722907468238975 (n:-0.012502470096097706) c:1.0
num acquisition: 42, time elapsed: 6.23s
0
z
[-0.18712269 -0.43764051]
-0.18712269132594025
f inputs x:[[-0.0913685  -0.21369166]] ev:{} outputs y:3.2127301280941145 (n:0.0039218438379877065) c:1.0
num acquisition: 43, time elapsed: 6.37s
0
z
[ 0.99405578 -0.21219941]
0.994055778196279
f inputs x:[[ 0.4853788  -0.10361299]] ev:{} outputs y:4.97913582128276 (n:0.0018287251783242718) c:1.0
num acquisition: 44, time elapsed: 6.49s
0
z
[ 2.048      -1.06445333]
2.048
f inputs x:[[ 1.        -0.5197526]] ev:{} outputs y:7.922469469823225 (n:-0.0032486825406299147) c:1.0
num acquisition: 45, time elapsed: 6.63s
0
z
[ 1.07467462 -2.048     ]
1.0746746218378058
f inputs x:[[ 0.52474347 -1.        ]] ev:{} outputs y:6.924786883704392 (n:-0.009492285747882315) c:1.0
num acquisition: 46, time elapsed: 6.77s
0
z
[0.29369512 0.05280827]
0.29369512314339474
f inputs x:[[0.14340582 0.02578529]] ev:{} outputs y:0.4816930535927569 (n:0.004994890655712356) c:1.0
num acquisition: 47, time elapsed: 6.92s
0
z
[-0.94275864 -0.41298899]
-0.9427586368407777
f inputs x:[[-0.46033137 -0.20165478]] ev:{} outputs y:5.158093028576239 (n:-0.0023301154513092775) c:1.0
num acquisition: 48, time elapsed: 7.05s
0
z
[-0.64517677  0.30523324]
-0.6451767654282485
f inputs x:[[-0.31502772  0.14903967]] ev:{} outputs y:1.5938273693261804 (n:-0.003365183885967906) c:1.0
num acquisition: 49, time elapsed: 7.20s
0
z
[0.68967757 0.6214819 ]
0.6896775676837883
f inputs x:[[0.33675662 0.30345796]] ev:{} outputs y:1.1694304696597844 (n:-0.0008338152035055444) c:1.0
num acquisition: 50, time elapsed: 7.32s
0
z
[0.954516   0.67963313]
0.954515995847541
f inputs x:[[0.46607226 0.33185212]] ev:{} outputs y:1.8512836206615946 (n:0.001287286846431126) c:1.0
num acquisition: 51, time elapsed: 7.48s
0
z
[0.42047833 0.75325055]
0.4204783274684564
f inputs x:[[0.20531168 0.36779812]] ev:{} outputs y:3.548523740147733 (n:0.005678199034098793) c:1.0
num acquisition: 52, time elapsed: 7.61s
0
z
[-1.02630128  0.80991398]
-1.026301281285774
f inputs x:[[-0.50112367  0.39546581]] ev:{} outputs y:2.398988595520825 (n:-0.0015664082488861598) c:1.0
num acquisition: 53, time elapsed: 7.74s
0
z
[1.39636062 0.44537266]
1.396360622987161
f inputs x:[[0.68181671 0.21746712]] ev:{} outputs y:5.426031200213922 (n:-0.0010934616211921116) c:1.0
num acquisition: 54, time elapsed: 7.85s
0
z
[-2.048       1.29181127]
-2.048
f inputs x:[[-1.          0.63076722]] ev:{} outputs y:6.758601538734868 (n:0.010150704504862754) c:1.0
num acquisition: 55, time elapsed: 7.99s
0
z
[-0.2524998   0.06182378]
-0.25249980306092146
f inputs x:[[-0.12329092  0.03018739]] ev:{} outputs y:0.9402407887429575 (n:-0.0033262048407901325) c:1.0
num acquisition: 56, time elapsed: 8.16s
0
z
[-0.49231313  0.1280597 ]
-0.49231313035601615
f inputs x:[[-0.24038727  0.06252915]] ev:{} outputs y:1.5199860484463068 (n:0.008440237332856133) c:1.0
num acquisition: 57, time elapsed: 8.31s
0
z
[-1.17669639  1.61498261]
-1.1766963904785357
f inputs x:[[-0.57455878  0.78856573]] ev:{} outputs y:2.3962054425895967 (n:-0.00576865044268489) c:1.0
num acquisition: 58, time elapsed: 8.49s
0
z
[-1.489245    1.68849043]
-1.4892449977270639
f inputs x:[[-0.72717041  0.82445822]] ev:{} outputs y:3.569220200106433 (n:0.007646796691605299) c:1.0
num acquisition: 59, time elapsed: 8.65s
0
z
[0.20268517 2.048     ]
0.20268516784223928
f inputs x:[[0.09896737 1.        ]] ev:{} outputs y:6.002142837058737 (n:-0.00028139991410035514) c:1.0
num acquisition: 60, time elapsed: 8.78s
0
z
[0.27777256 0.04460038]
0.27777255896365727
f inputs x:[[0.13563113 0.02177753]] ev:{} outputs y:0.49598464225571265 (n:0.008872141475116023) c:1.0
num acquisition: 61, time elapsed: 8.94s
0
z
[ 0.42610215 -1.39045442]
0.42610214991604073
f inputs x:[[ 0.20805769 -0.67893282]] ev:{} outputs y:5.517532098920174 (n:0.0022774006202633053) c:1.0
num acquisition: 62, time elapsed: 9.12s
0
z
[-0.27670523  0.7425395 ]
-0.27670522771670464
f inputs x:[[-0.13510997  0.36256811]] ev:{} outputs y:3.8624920051983844 (n:0.012725863556046291) c:1.0
num acquisition: 63, time elapsed: 9.28s
0
z
[0.61524668 0.36973743]
0.6152466784304444
f inputs x:[[0.30041342 0.18053586]] ev:{} outputs y:0.14415260527958512 (n:-0.000608438038936351) c:1.0
num acquisition: 64, time elapsed: 9.44s
0
z
[0.56979051 0.28710422]
0.5697905127238988
f inputs x:[[0.27821802 0.14018761]] ev:{} outputs y:0.2828041112359995 (n:0.0005368419038803492) c:1.0
num acquisition: 65, time elapsed: 9.59s
0
z
[0.64104945 0.33344873]
0.6410494527442697
f inputs x:[[0.31301243 0.16281676]] ev:{} outputs y:0.5446298794671078 (n:-0.0031466491179084) c:1.0
num acquisition: 66, time elapsed: 9.73s
0
z
[0.57753676 0.38513131]
0.5775367581815877
f inputs x:[[0.28200037 0.1880524 ]] ev:{} outputs y:0.36484253769994596 (n:-0.0029564808647240086) c:1.0
num acquisition: 67, time elapsed: 9.91s
0
z
[0.46528533 0.18815632]
0.4652853269528326
f inputs x:[[0.2271901 0.0918732]] ev:{} outputs y:0.32166052725656613 (n:0.009625909348505386) c:1.0
num acquisition: 68, time elapsed: 10.09s
0
z
[0.47052285 0.19209727]
0.4705228536959216
f inputs x:[[0.22974749 0.0937975 ]] ev:{} outputs y:0.3104290161073499 (n:-0.0015768667619228253) c:1.0
num acquisition: 69, time elapsed: 10.23s
0
z
[0.68554746 0.45534461]
0.685547461291746
f inputs x:[[0.33473997 0.22233623]] ev:{} outputs y:0.1187791126656059 (n:0.005194943432735081) c:1.0
num acquisition: 70, time elapsed: 10.40s
0
z
[-1.38954472  0.69351661]
-1.3895447225197823
f inputs x:[[-0.67848863  0.33863116]] ev:{} outputs y:5.073716991730295 (n:-0.00024039099366251863) c:1.0
num acquisition: 71, time elapsed: 10.54s
0
z
[0.78788044 0.51941242]
0.7878804411163767
f inputs x:[[0.38470725 0.25361934]] ev:{} outputs y:0.7330208701153467 (n:0.004487917510222238) c:1.0
num acquisition: 72, time elapsed: 10.68s
0
z
[0.64902942 0.41985571]
0.6490294189297756
f inputs x:[[0.3169089  0.20500767]] ev:{} outputs y:0.1137617849053624 (n:-0.0025728697994180792) c:1.0
num acquisition: 73, time elapsed: 10.82s
0
z
[-0.27231428 -1.61562495]
-0.27231428233713
f inputs x:[[-0.13296596 -0.78887937]] ev:{} outputs y:5.663052172538799 (n:-0.00044439585692315547) c:1.0
num acquisition: 74, time elapsed: 10.97s
0
z
[ 1.43705327 -0.57493909]
1.4370532698173728
f inputs x:[[ 0.70168617 -0.28073198]] ev:{} outputs y:6.5509499778521505 (n:0.002468266840947312) c:1.0
num acquisition: 75, time elapsed: 11.12s
0
z
[ 0.45914438 -0.75403198]
0.4591443847014602
f inputs x:[[ 0.22419159 -0.36817968]] ev:{} outputs y:4.5481514424123946 (n:0.0007669719181198705) c:1.0
num acquisition: 76, time elapsed: 11.30s
0
z
[-0.89478786  1.82540523]
-0.8947878594199536
f inputs x:[[-0.43690813  0.89131115]] ev:{} outputs y:4.6949964683187675 (n:-0.001872937174728559) c:1.0
num acquisition: 77, time elapsed: 11.47s
0
z
[0.48764875 0.26674377]
0.487648749718338
f inputs x:[[0.23810974 0.13024598]] ev:{} outputs y:0.3008830602259749 (n:0.003544922133288464) c:1.0
num acquisition: 78, time elapsed: 11.66s
0
z
[-0.89481426  1.0468242 ]
-0.8948142569057086
f inputs x:[[-0.43692102  0.51114463]] ev:{} outputs y:2.3675407487976416 (n:0.0021311070755742844) c:1.0
num acquisition: 79, time elapsed: 11.83s
0
z
[-0.50660641 -0.7907371 ]
-0.5066064073965477
f inputs x:[[-0.24736641 -0.3861021 ]] ev:{} outputs y:4.72477522624543 (n:-0.00236343063426124) c:1.0
num acquisition: 80, time elapsed: 12.02s
0
z
[-1.48696262 -0.11828343]
-1.48696262475839
f inputs x:[[-0.72605597 -0.05775558]] ev:{} outputs y:6.308521955782604 (n:-0.0009745282973461126) c:1.0
num acquisition: 81, time elapsed: 12.21s
0
z
[-0.83825207  0.53351915]
-0.8382520715562567
f inputs x:[[-0.40930277  0.2605074 ]] ev:{} outputs y:1.9779228320048345 (n:-0.0017335153123690385) c:1.0
num acquisition: 82, time elapsed: 12.39s
0
z
[0.56410659 0.30985534]
0.5641065884329146
f inputs x:[[0.27544267 0.15129655]] ev:{} outputs y:0.1809192625450696 (n:0.0011062411502852473) c:1.0
num acquisition: 83, time elapsed: 12.64s
0
z
[ 1.44382075 -1.48706603]
1.4438207496837263
f inputs x:[[ 0.7049906  -0.72610646]] ev:{} outputs y:7.153316343769072 (n:0.0011336977997331162) c:1.0
num acquisition: 84, time elapsed: 12.82s
0
z
[-1.38564709 -2.048     ]
-1.3856470920379391
f inputs x:[[-0.67658549 -1.        ]] ev:{} outputs y:7.368635824022631 (n:0.002691503559479017) c:1.0
num acquisition: 85, time elapsed: 13.00s
0
z
[-1.05913358  1.3407739 ]
-1.0591335792673071
f inputs x:[[-0.51715507  0.65467476]] ev:{} outputs y:2.2973098363539064 (n:-0.008925324103511467) c:1.0
num acquisition: 86, time elapsed: 13.19s
0
z
[0.56771005 0.31436488]
0.5677100499400399
f inputs x:[[0.27720217 0.15349848]] ev:{} outputs y:0.1793865460401737 (n:0.002778941916235316) c:1.0
num acquisition: 87, time elapsed: 13.42s
0
z
[-1.33471822 -0.78740309]
-1.3347182154638413
f inputs x:[[-0.65171788 -0.38447417]] ev:{} outputs y:6.5038447598898825 (n:0.0020098912137157306) c:1.0
num acquisition: 88, time elapsed: 13.62s
0
z
[-0.76869233  0.03795562]
-0.7686923321208662
f inputs x:[[-0.37533805  0.01853302]] ev:{} outputs y:3.5416691164793197 (n:-0.005119071597952536) c:1.0
num acquisition: 89, time elapsed: 13.79s
0
z
[0.42531936 1.31349835]
0.4253193616188907
f inputs x:[[0.20767547 0.64135662]] ev:{} outputs y:4.870464910173185 (n:0.005943146334566574) c:1.0
num acquisition: 90, time elapsed: 13.96s
0
z
[-2.048      -1.14811768]
-2.048
f inputs x:[[-1.         -0.56060434]] ev:{} outputs y:7.959001836170211 (n:-0.001125351284405041) c:1.0
num acquisition: 91, time elapsed: 14.12s
0
z
[0.91572619 2.048     ]
0.9157261879233803
f inputs x:[[0.44713193 1.        ]] ev:{} outputs y:4.992536041002852 (n:0.00018043628075693218) c:1.0
num acquisition: 92, time elapsed: 14.30s
0
z
[2.048      0.46650597]
2.048
f inputs x:[[1.         0.22778612]] ev:{} outputs y:7.248982452684956 (n:0.010668015917780518) c:1.0
num acquisition: 93, time elapsed: 14.53s
0
z
[0.56513969 0.3099908 ]
0.5651396924194656
f inputs x:[[0.27594712 0.15136269]] ev:{} outputs y:0.17927102828674032 (n:-0.0013195263910469668) c:1.0
num acquisition: 94, time elapsed: 14.78s
0
z
[1.01745284 0.96811631]
1.0174528404159842
f inputs x:[[0.49680314 0.47271304]] ev:{} outputs y:0.3711906563844104 (n:-0.0006933186694901175) c:1.0
num acquisition: 95, time elapsed: 14.97s
0
z
[1.02385229 1.08570023]
1.0238522874369766
f inputs x:[[0.49992787 0.53012706]] ev:{} outputs y:0.13277139673955266 (n:0.001177620661942673) c:1.0
num acquisition: 96, time elapsed: 15.26s
0
z
[0.97410667 1.05142185]
0.9741066673513752
f inputs x:[[0.47563802 0.51338957]] ev:{} outputs y:0.7192689190587946 (n:0.0004171447012249125) c:1.0
num acquisition: 97, time elapsed: 15.50s
0
z
[1.08326118 1.06674275]
1.083261176108616
f inputs x:[[0.52893612 0.52087049]] ev:{} outputs y:0.7573089297818221 (n:-0.006146652321938401) c:1.0
num acquisition: 98, time elapsed: 15.73s
0
z
[1.021466   1.17288074]
1.0214660021205337
f inputs x:[[0.4987627  0.57269567]] ev:{} outputs y:0.9930045010636606 (n:0.008242923586883465) c:1.0
num acquisition: 99, time elapsed: 15.95s
0
z
[0.58411187 0.33821399]
0.5841118683138102
f inputs x:[[0.28521087 0.16514355]] ev:{} outputs y:0.15692579437028223 (n:-0.003360273970813201) c:1.0
num acquisition: 100, time elapsed: 16.15s
0
z
[2.048      1.53978826]
2.048
f inputs x:[[1.         0.75184974]] ev:{} outputs y:6.572555976849462 (n:0.01188791470528144) c:1.0
num acquisition: 101, time elapsed: 16.32s
0
z
[0.59034568 0.34750444]
0.590345678559315
f inputs x:[[0.28825473 0.1696799 ]] ev:{} outputs y:0.15968395208034403 (n:0.004461806899413232) c:1.0
num acquisition: 102, time elapsed: 16.55s
0
z
[1.07983735 0.85321767]
1.0798373542893271
f inputs x:[[0.52726433 0.41661019]] ev:{} outputs y:2.37655072372238 (n:-0.002319251021030824) c:1.0
num acquisition: 103, time elapsed: 16.75s
0
z
[1.57143606 2.048     ]
1.5714360556752895
f inputs x:[[0.76730276 1.        ]] ev:{} outputs y:2.950002594394298 (n:0.0010849431304322998) c:1.0
num acquisition: 104, time elapsed: 16.96s
0
z
[0.86460509 0.81284411]
0.8646050915992528
f inputs x:[[0.42217045 0.39689654]] ev:{} outputs y:0.36456015944252024 (n:-0.0033891411674510457) c:1.0
num acquisition: 105, time elapsed: 17.17s
0
z
[-0.55883985  0.48023437]
-0.55883985435894
f inputs x:[[-0.27287102  0.23448944]] ev:{} outputs y:1.8400709483255786 (n:0.007471839349445779) c:1.0
num acquisition: 106, time elapsed: 17.38s
0
z
[-1.57729784  2.048     ]
-1.5772978407840823
f inputs x:[[-0.77016496  1.        ]] ev:{} outputs y:3.293237561174111 (n:-0.002261914646734588) c:1.0
num acquisition: 107, time elapsed: 17.64s
0
z
[0.80893066 0.74147474]
0.8089306628491566
f inputs x:[[0.39498568 0.36204821]] ev:{} outputs y:0.5841665099330694 (n:-0.0009787076459034517) c:1.0
num acquisition: 108, time elapsed: 17.85s
0
z
[-0.07357507  0.04343811]
-0.07357506554114426
f inputs x:[[-0.03592532  0.02121001]] ev:{} outputs y:0.8271675100366475 (n:-0.004502626987355609) c:1.0
num acquisition: 109, time elapsed: 18.06s
0
z
[-0.14763664  1.5967962 ]
-0.1476366369581011
f inputs x:[[-0.0720882   0.77968564]] ev:{} outputs y:5.529557472534707 (n:0.006579900624422659) c:1.0
num acquisition: 110, time elapsed: 18.30s
0
z
[ 0.05918327 -0.67305406]
0.05918327451736754
f inputs x:[[ 0.02889808 -0.32863968]] ev:{} outputs y:3.864320029533065 (n:0.0002687802045832545) c:1.0
num acquisition: 111, time elapsed: 18.50s
0
z
[-0.2923476 -2.048    ]
-0.29234759620141815
f inputs x:[[-0.14274785 -1.        ]] ev:{} outputs y:6.118920132902739 (n:-0.007596054949357564) c:1.0
num acquisition: 112, time elapsed: 18.71s
0
z
[ 0.62169087 -0.37924939]
0.6216908700232783
f inputs x:[[ 0.30356    -0.18518037]] ev:{} outputs y:4.094050215409525 (n:0.0033747000480232655) c:1.0
num acquisition: 113, time elapsed: 18.89s
0
z
[0.56064226 0.30406484]
0.5606422641724254
f inputs x:[[0.27375111 0.14846916]] ev:{} outputs y:0.181819915700859 (n:-0.003456880423346623) c:1.0
num acquisition: 114, time elapsed: 19.14s
0
z
[ 0.07988524 -0.04224727]
0.07988524426610152
f inputs x:[[ 0.03900647 -0.02062855]] ev:{} outputs y:0.7308510683448669 (n:-0.0030005052190940898) c:1.0
num acquisition: 115, time elapsed: 19.33s
0
z
[ 1.41871193 -0.00988986]
1.4187119255948353
f inputs x:[[ 0.69273043 -0.00482903]] ev:{} outputs y:6.017580142952891 (n:0.0007405264792466902) c:1.0
num acquisition: 116, time elapsed: 19.56s
0
z
[-0.52928993  1.02663084]
-0.5292899347974425
f inputs x:[[-0.25844235  0.50128459]] ev:{} outputs y:4.0791871571463405 (n:0.0005923880935867018) c:1.0
num acquisition: 117, time elapsed: 19.78s
0
z
[-2.048       0.04412096]
-2.048
f inputs x:[[-1.          0.02154344]] ev:{} outputs y:7.45648529570555 (n:-0.0009463846356204008) c:1.0
num acquisition: 118, time elapsed: 20.01s
0
z
[0.07918469 0.69445473]
0.07918469238485343
f inputs x:[[0.0386644  0.33908922]] ev:{} outputs y:3.887881841524984 (n:-0.008168146518434078) c:1.0
num acquisition: 119, time elapsed: 20.30s
0
z
[ 0.791562   -1.62899438]
0.7915619971445065
f inputs x:[[ 0.38650488 -0.79540741]] ev:{} outputs y:6.228644474517508 (n:-0.005375370804155892) c:1.0
num acquisition: 120, time elapsed: 20.54s
0
z
[0.558187   0.30205478]
0.558187000140289
f inputs x:[[0.27255225 0.14748769]] ev:{} outputs y:0.1901784709119475 (n:0.004314982985215332) c:1.0
num acquisition: 121, time elapsed: 20.85s
0
z
[0.56073905 0.30503061]
0.5607390483614195
f inputs x:[[0.27379836 0.14894073]] ev:{} outputs y:0.18451147984510413 (n:0.0007061844632400949) c:1.0
num acquisition: 122, time elapsed: 21.10s
0
z
[0.56352011 0.30831447]
0.563520112666258
f inputs x:[[0.27515631 0.15054418]] ev:{} outputs y:0.17819837876583064 (n:-0.003333925061090118) c:1.0
num acquisition: 123, time elapsed: 21.39s
0
z
[-1.32053768  1.44452282]
-1.320537683104202
f inputs x:[[-0.64479379  0.70533341]] ev:{} outputs y:2.7244860421003954 (n:-0.00615777849734497) c:1.0
num acquisition: 124, time elapsed: 21.63s
0
z
[ 0.05819237 -0.23928494]
0.05819237104283108
f inputs x:[[ 0.02841424 -0.11683835]] ev:{} outputs y:2.046172027209559 (n:-0.004861969839263661) c:1.0
num acquisition: 125, time elapsed: 21.88s
0
z
[ 0.91341294 -0.62923216]
0.9134129352014084
f inputs x:[[ 0.44600241 -0.30724227]] ev:{} outputs y:5.369215280086749 (n:-0.002384725919251074) c:1.0
num acquisition: 126, time elapsed: 22.14s
0
z
[-0.4269629  -1.20829688]
-0.42696290058324005
f inputs x:[[-0.20847798 -0.58998871]] ev:{} outputs y:5.276715978494554 (n:-0.0034956880491647264) c:1.0
num acquisition: 127, time elapsed: 22.36s
0
z
[0.68262489 0.4282541 ]
0.6826248946170631
f inputs x:[[0.33331294 0.20910845]] ev:{} outputs y:0.21399337146976286 (n:-0.0035559954696265206) c:1.0
num acquisition: 128, time elapsed: 22.59s
0
z
[0.94290593 0.88642079]
0.9429059312833301
f inputs x:[[0.46040329 0.43282265]] ev:{} outputs y:0.017258870980450754 (n:0.013304292451482874) c:1.0
num acquisition: 129, time elapsed: 22.83s
0
z
[1.6071603  1.25489215]
1.6071603010967808
f inputs x:[[0.78474624 0.61274031]] ev:{} outputs y:5.181476790044137 (n:0.0011201519252084424) c:1.0
num acquisition: 130, time elapsed: 23.08s
0
z
[ 2.048      -0.57901502]
2.048
f inputs x:[[ 1.         -0.28272218]] ev:{} outputs y:7.725963745593029 (n:-0.006210696930490529) c:1.0
num acquisition: 131, time elapsed: 23.38s
0
z
[-0.5499865  -0.43233217]
-0.5499865039803471
f inputs x:[[-0.2685481  -0.21109969]] ev:{} outputs y:4.050212516582773 (n:0.00020116674916312023) c:1.0
num acquisition: 132, time elapsed: 23.67s
0
z
[0.9410583 0.8582174]
0.9410582952983803
f inputs x:[[0.45950112 0.41905146]] ev:{} outputs y:0.07226509379134317 (n:-0.0032170611098179076) c:1.0
num acquisition: 133, time elapsed: 23.94s
0
z
[-0.83144955  0.81047516]
-0.8314495476965877
f inputs x:[[-0.40598122  0.39573982]] ev:{} outputs y:1.756871713210478 (n:0.0034580949900622146) c:1.0
num acquisition: 134, time elapsed: 24.21s
0
z
[-1.69138142  1.01013975]
-1.6913814152459623
f inputs x:[[-0.82586983  0.4932323 ]] ev:{} outputs y:5.848987738518048 (n:-0.011020894235809502) c:1.0
num acquisition: 135, time elapsed: 24.50s
0
z
[-1.10587987 -1.61326241]
-1.1058798656363236
f inputs x:[[-0.5399804  -0.78772579]] ev:{} outputs y:6.699393348718063 (n:0.002536505225118189) c:1.0
num acquisition: 136, time elapsed: 24.78s
0
z
[ 1.53860025 -2.048     ]
1.5386002486572292
f inputs x:[[ 0.75126965 -1.        ]] ev:{} outputs y:7.572283527268361 (n:-0.003695563925523722) c:1.0
num acquisition: 137, time elapsed: 25.09s
0
z
[ 2.048      -1.54356395]
2.048
f inputs x:[[ 1.         -0.75369334]] ev:{} outputs y:8.099902977903131 (n:-7.974815609949924e-05) c:1.0
num acquisition: 138, time elapsed: 25.34s
0
z
[ 0.63188354 -2.048     ]
0.6318835439463913
f inputs x:[[ 0.30853689 -1.        ]] ev:{} outputs y:6.3972785387628175 (n:0.0002624044128915276) c:1.0
num acquisition: 139, time elapsed: 25.63s
0
z
[0.96339594 0.89733552]
0.9633959429339368
f inputs x:[[0.47040818 0.43815211]] ev:{} outputs y:0.08157301623466523 (n:-0.010258916311339608) c:1.0
num acquisition: 140, time elapsed: 25.94s
0
z
[-0.88402105 -0.81881701]
-0.884021045561932
f inputs x:[[-0.4316509  -0.39981299]] ev:{} outputs y:5.560235380103913 (n:-0.002938578812918981) c:1.0
num acquisition: 141, time elapsed: 26.23s
0
z
[ 0.10070492 -1.56803169]
0.10070491611097965
f inputs x:[[ 0.04917232 -0.76564047]] ev:{} outputs y:5.520994859192679 (n:-0.003947143827723504) c:1.0
num acquisition: 142, time elapsed: 26.52s
0
z
[-1.54317919  0.3199204 ]
-1.543179185016888
f inputs x:[[-0.75350546  0.15621113]] ev:{} outputs y:6.079403254436811 (n:0.009963369415104843) c:1.0
num acquisition: 143, time elapsed: 26.82s
0
z
[1.65022426 0.78462929]
1.6502242598060208
f inputs x:[[0.80577356 0.38311977]] ev:{} outputs y:5.935510388201092 (n:0.002618244774841143) c:1.0
num acquisition: 144, time elapsed: 27.15s
0
z
[0.24201785 1.61672345]
0.2420178452785309
f inputs x:[[0.11817278 0.78941575]] ev:{} outputs y:5.500402012233852 (n:0.0017679279403732735) c:1.0
num acquisition: 145, time elapsed: 27.43s
0
z
[ 1.46996716 -1.01949314]
1.4699671590536785
f inputs x:[[ 0.7177574  -0.49779938]] ev:{} outputs y:6.925124264606025 (n:0.004798814085250468) c:1.0
num acquisition: 146, time elapsed: 27.70s
0
z
[-0.23324882 -0.08293717]
-0.23324881682769585
f inputs x:[[-0.11389102 -0.04049666]] ev:{} outputs y:1.4796683813817872 (n:-0.0035689173740075346) c:1.0
num acquisition: 147, time elapsed: 28.02s
0
z
[ 0.30798368 -1.04553509]
0.3079836831704726
f inputs x:[[ 0.15038266 -0.51051518]] ev:{} outputs y:4.874466665285673 (n:-0.004750064158988442) c:1.0
num acquisition: 148, time elapsed: 28.33s
0
z
[0.28193124 1.00667718]
0.28193124417166776
f inputs x:[[0.13766174 0.49154159]] ev:{} outputs y:4.468970377223679 (n:-0.0024868526998603566) c:1.0
num acquisition: 149, time elapsed: 28.63s
0
z
[-1.78963504  1.61711771]
-1.789635037327329
f inputs x:[[-0.87384523  0.78960826]] ev:{} outputs y:5.558746211368152 (n:-0.0027768189973234026) c:1.0
num acquisition: 150, time elapsed: 28.96s
0
z
[-1.10085563  1.06222914]
-1.1008556279820563
f inputs x:[[-0.53752716  0.51866657]] ev:{} outputs y:2.034103842188925 (n:-0.0010233637768283412) c:1.0
num acquisition: 151, time elapsed: 29.28s
0
z
[1.67857801 1.78907584]
1.6785780055826076
f inputs x:[[0.81961817 0.87357219]] ev:{} outputs y:4.674505969068761 (n:-0.0006717413234031023) c:1.0
num acquisition: 152, time elapsed: 29.57s
0
z
[-0.23263251  0.19212565]
-0.23263250736666158
f inputs x:[[-0.11359009  0.09381135]] ev:{} outputs y:1.4862738047996285 (n:-0.0007698407939565645) c:1.0
num acquisition: 153, time elapsed: 29.86s
0
z
[-0.65458683 -1.62275575]
-0.654586829729575
f inputs x:[[-0.31962248 -0.79236121]] ev:{} outputs y:6.048553785903464 (n:-0.002348978288850826) c:1.0
num acquisition: 154, time elapsed: 30.17s
0
z
[-0.21236307 -0.75677048]
-0.21236307113624103
f inputs x:[[-0.10369291 -0.36951684]] ev:{} outputs y:4.194453027133402 (n:-0.006788006280682467) c:1.0
num acquisition: 155, time elapsed: 30.50s
0
z
[-0.53471851  1.66245773]
-0.5347185082437621
f inputs x:[[-0.26109302  0.81174694]] ev:{} outputs y:5.262805835414783 (n:0.0009455003709071382) c:1.0
num acquisition: 156, time elapsed: 30.83s
0
z
[-1.29428134  1.82565215]
-1.2942813418840788
f inputs x:[[-0.63197331  0.89143171]] ev:{} outputs y:2.142602780526136 (n:-0.0007977586078544996) c:1.0
num acquisition: 157, time elapsed: 31.11s
0
z
[-1.06100652  0.5721857 ]
-1.0610065231952752
f inputs x:[[-0.51806959  0.27938755]] ev:{} outputs y:3.572756638463482 (n:-0.007685718735266737) c:1.0
num acquisition: 158, time elapsed: 31.41s
0
z
[0.92167027 0.87444994]
0.9216702653154921
f inputs x:[[0.45003431 0.42697751]] ev:{} outputs y:0.06074427296096382 (n:-0.005516132928056479) c:1.0
num acquisition: 159, time elapsed: 31.87s
0
z
[-2.048      -1.59740356]
-2.048
f inputs x:[[-1.         -0.77998221]] ev:{} outputs y:8.122665568587124 (n:0.0015780375553827706) c:1.0
num acquisition: 160, time elapsed: 32.22s
0
z
[-1.10448719 -0.09035899]
-1.1044871925052449
f inputs x:[[-0.53930039 -0.0441206 ]] ev:{} outputs y:5.172696238865153 (n:-0.0040444022625689005) c:1.0
num acquisition: 161, time elapsed: 32.63s
0
z
[-0.26123022  0.48933448]
-0.26123021717855166
f inputs x:[[-0.12755382  0.23893285]] ev:{} outputs y:3.019051153665045 (n:0.007314900959751895) c:1.0
num acquisition: 162, time elapsed: 33.05s
0
z
[0.3568485  0.22379201]
0.3568484972551109
f inputs x:[[0.17424243 0.10927344]] ev:{} outputs y:0.8479880300559876 (n:-0.0038394528339994816) c:1.0
num acquisition: 163, time elapsed: 33.38s
0
z
[1.13556209 0.18282185]
1.135562086031324
f inputs x:[[0.55447367 0.08926848]] ev:{} outputs y:4.821829382907379 (n:0.005650519329765837) c:1.0
num acquisition: 164, time elapsed: 33.75s
0
z
[ 0.70183129 -0.06287564]
0.7018312891967102
f inputs x:[[ 0.34269106 -0.03070099]] ev:{} outputs y:3.4556655067568958 (n:-0.008211622431003469) c:1.0
num acquisition: 165, time elapsed: 34.08s
0
z
[0.66019021 0.48600653]
0.6601902060453
f inputs x:[[0.3223585  0.23730788]] ev:{} outputs y:0.314932675347415 (n:0.002294102222211478) c:1.0
num acquisition: 166, time elapsed: 34.38s
0
z
[-0.34033563  1.29193031]
-0.34033563046267135
f inputs x:[[-0.16617951  0.63082535]] ev:{} outputs y:4.944658461310188 (n:-0.004938558076560624) c:1.0
num acquisition: 167, time elapsed: 34.76s
0
z
[0.5997481  0.35974191]
0.599748098698093
f inputs x:[[0.29284575 0.17565523]] ev:{} outputs y:0.15108202558120865 (n:0.0024880879976137468) c:1.0
num acquisition: 168, time elapsed: 35.15s
0
z
[ 0.64473831 -1.07834585]
0.6447383075222429
f inputs x:[[ 0.31481363 -0.52653606]] ev:{} outputs y:5.412671658252431 (n:-0.0004900839729614494) c:1.0
num acquisition: 169, time elapsed: 35.53s
0
z
[ 0.40890329 -0.17388213]
0.4089032947690952
f inputs x:[[ 0.19965981 -0.08490338]] ev:{} outputs y:2.568772642846379 (n:0.0051143604911029796) c:1.0
num acquisition: 170, time elapsed: 35.93s
0
z
[0.55493045 2.048     ]
0.5549304527460924
f inputs x:[[0.27096214 1.        ]] ev:{} outputs y:5.71107602458619 (n:-0.0058735494402908) c:1.0
num acquisition: 171, time elapsed: 36.32s
0
z
[-0.81819719  0.33307661]
-0.8181971886365093
f inputs x:[[-0.39951035  0.16263506]] ev:{} outputs y:2.7475963061562303 (n:-0.0009763575759632319) c:1.0
num acquisition: 172, time elapsed: 36.70s
0
z
[-1.60455523 -0.52051167]
-1.6045552292711722
f inputs x:[[-0.78347423 -0.25415609]] ev:{} outputs y:6.868997688433071 (n:-0.003911220635960748) c:1.0
num acquisition: 173, time elapsed: 37.07s
0
z
[-0.93642461  1.53307443]
-0.9364246111318228
f inputs x:[[-0.45723858  0.7485715 ]] ev:{} outputs y:3.866413922100001 (n:-0.0007665798248678205) c:1.0
num acquisition: 174, time elapsed: 37.49s
0
z
[-1.23889041 -1.1695566 ]
-1.2388904051542762
f inputs x:[[-0.60492696 -0.57107256]] ev:{} outputs y:6.606108411612794 (n:0.0029862887884250996) c:1.0
num acquisition: 175, time elapsed: 37.90s
0
z
[-0.7756451  2.048    ]
-0.7756450955106136
f inputs x:[[-0.37873296  1.        ]] ev:{} outputs y:5.359670340442535 (n:-0.0032772087318945174) c:1.0
num acquisition: 176, time elapsed: 38.41s
0
z
[0.60031871 0.35937879]
0.6003187135199941
f inputs x:[[0.29312437 0.17547793]] ev:{} outputs y:0.13721294168170617 (n:-0.011074196679668656) c:1.0
num acquisition: 177, time elapsed: 38.92s
0
z
[1.41421356 1.88571605]
1.414213561414349
f inputs x:[[0.69053397 0.92075979]] ev:{} outputs y:0.9051575835858288 (n:-0.002154942425305097) c:1.0
num acquisition: 178, time elapsed: 39.42s
0
z
[1.71041781 0.22811994]
1.7104178076110996
f inputs x:[[0.83516495 0.11138669]] ev:{} outputs y:6.587060170834875 (n:-0.004759367241366918) c:1.0
num acquisition: 179, time elapsed: 39.84s
0
z
[1.31968221 1.84495118]
1.319682208221617
f inputs x:[[0.64437608 0.90085507]] ev:{} outputs y:0.7779732515318428 (n:0.002717681298009588) c:1.0
num acquisition: 180, time elapsed: 40.43s
0
z
[0.1763032  0.42096133]
0.1763032020002812
f inputs x:[[0.08608555 0.20554752]] ev:{} outputs y:2.8231098240741845 (n:-0.002960528135293032) c:1.0
num acquisition: 181, time elapsed: 40.98s
0
z
[1.1958935  1.28183898]
1.1958934996315493
f inputs x:[[0.58393237 0.62589794]] ev:{} outputs y:1.1682331529375711 (n:-0.006822800968243523) c:1.0
num acquisition: 182, time elapsed: 41.43s
0
z
[0.59538144 0.35502396]
0.5953814388861561
f inputs x:[[0.29071359 0.17335155]] ev:{} outputs y:0.14942025297951458 (n:-0.0022237497380600928) c:1.0
num acquisition: 183, time elapsed: 41.96s
0
z
[0.59761907 0.35737049]
0.597619070671262
f inputs x:[[0.29180619 0.17449731]] ev:{} outputs y:0.1627931988511276 (n:0.012723402040755375) c:1.0
num acquisition: 184, time elapsed: 42.44s
0
z
[0.5998809  0.35965167]
0.5998809009789966
f inputs x:[[0.2929106  0.17561117]] ev:{} outputs y:0.15280163366122146 (n:0.00429584485156556) c:1.0
num acquisition: 185, time elapsed: 42.95s
0
z
[0.60234454 0.36215713]
0.6023445384343253
f inputs x:[[0.29411354 0.17683454]] ev:{} outputs y:0.14905243671596988 (n:0.002208098749078601) c:1.0
num acquisition: 186, time elapsed: 43.38s
0
z
[0.60499502 0.36488245]
0.6049950198739905
f inputs x:[[0.29540772 0.17816526]] ev:{} outputs y:0.14481093245974402 (n:-0.0002915956085456522) c:1.0
num acquisition: 187, time elapsed: 43.83s
0
z
[0.60787287 0.36793924]
0.6078728694888271
f inputs x:[[0.29681292 0.17965783]] ev:{} outputs y:0.1388969582457476 (n:-0.004346079926997587) c:1.0
num acquisition: 188, time elapsed: 44.36s
0
z
[1.38316515 1.78387347]
1.383165145479317
f inputs x:[[0.67537361 0.87103197]] ev:{} outputs y:1.0410222645155451 (n:0.005012756897378283) c:1.0
num acquisition: 189, time elapsed: 44.82s
0
z
[ 1.06843218 -1.41174696]
1.068432184992223
f inputs x:[[ 0.5216954  -0.68932957]] ev:{} outputs y:6.484709031695892 (n:0.003230129846027323) c:1.0
num acquisition: 190, time elapsed: 45.28s
0
z
[-0.36161058  0.10995118]
-0.361610584100737
f inputs x:[[-0.17656767  0.0536871 ]] ev:{} outputs y:1.0630882879554255 (n:-0.0006886714764471403) c:1.0
num acquisition: 191, time elapsed: 45.77s
0
z
[0.71204143 0.79270478]
0.7120414334407683
f inputs x:[[0.34767648 0.38706288]] ev:{} outputs y:2.222099596622624 (n:-0.002034152729645896) c:1.0
num acquisition: 192, time elapsed: 46.24s
0
z
[-1.59258574  1.3563146 ]
-1.592585742091668
f inputs x:[[-0.77762976  0.66226299]] ev:{} outputs y:4.990574097247647 (n:0.00037975870194799014) c:1.0
num acquisition: 193, time elapsed: 46.67s
0
z
[-1.69408734 -0.91955511]
-1.694087340211744
f inputs x:[[-0.82719108 -0.44900152]] ev:{} outputs y:7.278140084350265 (n:0.0027743648080476822) c:1.0
num acquisition: 194, time elapsed: 47.14s
0
z
[-2.048      0.9205568]
-2.048
f inputs x:[[-1.          0.44949063]] ev:{} outputs y:6.992916604396703 (n:0.006320223752014713) c:1.0
num acquisition: 195, time elapsed: 47.75s
0
z
[-0.7058477  -0.20740962]
-0.7058476969385419
f inputs x:[[-0.3446522  -0.10127423]] ev:{} outputs y:3.9836725018618044 (n:0.00023398486106009504) c:1.0
num acquisition: 196, time elapsed: 48.30s
0
z
[-1.23549497  0.92263721]
-1.2354949722055382
f inputs x:[[-0.60326903  0.45050645]] ev:{} outputs y:3.754601256215787 (n:0.0061291660493298815) c:1.0
num acquisition: 197, time elapsed: 48.88s
0
z
[0.71594966 0.50914868]
0.7159496644039942
f inputs x:[[0.3495848  0.24860775]] ev:{} outputs y:0.07556742682929288 (n:-0.003118681600098461) c:1.0
num acquisition: 198, time elapsed: 49.35s
0
z
[ 0.41726946 -1.73635749]
0.4172694580020602
f inputs x:[[ 0.20374485 -0.8478308 ]] ev:{} outputs y:5.90346796118421 (n:-6.559318755988549e-05) c:1.0
num acquisition: 199, time elapsed: 49.97s
0
z
[-1.4284105   1.93049885]
-1.4284104998585239
f inputs x:[[-0.69746606  0.94262639]] ev:{} outputs y:2.0886000889211904 (n:-0.0037637361015679504) c:1.0
num acquisition: 200, time elapsed: 50.43s
0
z
[ 1.68373468 -0.28781465]
1.6837346840947103
f inputs x:[[ 0.82213608 -0.1405345 ]] ev:{} outputs y:6.885973010206691 (n:0.0018536765769782346) c:1.0
num acquisition: 201, time elapsed: 50.90s
0
z
[0.78942684 0.62458765]
0.7894268372412659
f inputs x:[[0.38546232 0.30497444]] ev:{} outputs y:0.04783514496767249 (n:0.004263258065552459) c:1.0
num acquisition: 202, time elapsed: 51.47s
0
z
[1.3331245  1.26718621]
1.3331245008490271
f inputs x:[[0.6509397  0.61874327]] ev:{} outputs y:3.3025692838913425 (n:0.0021314050619617) c:1.0
num acquisition: 203, time elapsed: 52.00s
0
z
[0.76123094 0.58763725]
0.7612309397725957
f inputs x:[[0.37169479 0.28693225]] ev:{} outputs y:0.05584314356332788 (n:-0.0058885374134544834) c:1.0
num acquisition: 204, time elapsed: 52.57s
0
z
[-0.10217345  2.048     ]
-0.10217345484851255
f inputs x:[[-0.04988938  1.        ]] ev:{} outputs y:6.036625333289208 (n:0.002628015561769882) c:1.0
num acquisition: 205, time elapsed: 53.10s
0
z
[0.79502858 0.60621336]
0.7950285833312568
f inputs x:[[0.38819755 0.29600262]] ev:{} outputs y:0.09321838307085446 (n:-0.010125052086914957) c:1.0
num acquisition: 206, time elapsed: 53.61s
0
z
[0.82350158 0.66149647]
0.82350157505284
f inputs x:[[0.40210038 0.32299632]] ev:{} outputs y:0.06445985945252321 (n:0.00722749647297364) c:1.0
num acquisition: 207, time elapsed: 54.18s
0
z
[0.94430972 0.91252604]
0.9443097178832008
f inputs x:[[0.46108873 0.44556935]] ev:{} outputs y:0.044761082982627605 (n:-0.0005822075711412237) c:1.0
num acquisition: 208, time elapsed: 54.69s
0
z
[-0.1717747   0.97373262]
-0.171774702742323
f inputs x:[[-0.08387437  0.47545538]] ev:{} outputs y:4.509820650722462 (n:-0.006838959375703672) c:1.0
num acquisition: 209, time elapsed: 55.39s
0
z
[-1.2562598  -0.43784121]
-1.2562598042008697
f inputs x:[[-0.61340811 -0.21378965]] ev:{} outputs y:6.0222831189973505 (n:-2.185446874728163e-05) c:1.0
num acquisition: 210, time elapsed: 55.92s
0
z
[ 0.18923218 -0.1455411 ]
0.18923217500028303
f inputs x:[[ 0.09239852 -0.07106499]] ev:{} outputs y:1.6010829590339781 (n:0.002478794814411344) c:1.0
num acquisition: 211, time elapsed: 56.42s
0
z
[0.73557178 0.55059396]
0.7355717809251437
f inputs x:[[0.35916591 0.26884471]] ev:{} outputs y:0.07277719395320802 (n:-0.0032582243116102893) c:1.0
num acquisition: 212, time elapsed: 57.06s
0
z
[-0.69767465  0.47889099]
-0.6976746528488215
f inputs x:[[-0.34066145  0.23383349]] ev:{} outputs y:1.3661936934516616 (n:0.008227949248689522) c:1.0
num acquisition: 213, time elapsed: 57.60s
0
z
[0.92085482 0.03315432]
0.920854816928077
f inputs x:[[0.44963614 0.01618863]] ev:{} outputs y:4.211418552514997 (n:0.0007837987909118972) c:1.0
num acquisition: 214, time elapsed: 58.20s
0
z
[-0.09047823 -1.29783514]
-0.09047823297189446
f inputs x:[[-0.04417882 -0.63370857]] ev:{} outputs y:5.155454999056657 (n:0.0035612233050144448) c:1.0
num acquisition: 215, time elapsed: 58.90s
0
z
[0.87474894 0.73639646]
0.8747489416367673
f inputs x:[[0.42712351 0.35956858]] ev:{} outputs y:0.08260323461184131 (n:-0.011406039541653592) c:1.0
num acquisition: 216, time elapsed: 59.64s
0
z
[1.20538388 1.5104306 ]
1.2053838832488377
f inputs x:[[0.58856635 0.73751494]] ev:{} outputs y:0.31688218373528404 (n:0.0001893440945720386) c:1.0
num acquisition: 217, time elapsed: 60.37s
0
z
[0.69646331 1.48545492]
0.696463312970022
f inputs x:[[0.34006998 0.72531979]] ev:{} outputs y:4.612667118372997 (n:-0.004144094894981561) c:1.0
num acquisition: 218, time elapsed: 60.97s
0
z
[0.90410926 0.78542389]
0.9041092589806397
f inputs x:[[0.4414596  0.38350776]] ev:{} outputs y:0.10021321395001444 (n:-0.0055232023269334) c:1.0
num acquisition: 219, time elapsed: 61.57s
0
z
[-0.98465605  1.20445643]
-0.9846560511177994
f inputs x:[[-0.48078909  0.58811349]] ev:{} outputs y:2.35237664505386 (n:0.005097552493715324) c:1.0
num acquisition: 220, time elapsed: 62.13s
0
z
[0.84933211 0.69775251]
0.8493321059836598
f inputs x:[[0.41471294 0.34069947]] ev:{} outputs y:0.0776434494778453 (n:0.002113153971858353) c:1.0
num acquisition: 221, time elapsed: 62.79s
0
z
[1.1605007  1.38148611]
1.1605007010178428
f inputs x:[[0.56665073 0.67455377]] ev:{} outputs y:0.13958905168023747 (n:0.003016761840971926) c:1.0
num acquisition: 222, time elapsed: 63.30s
0
z
[-1.58481958 -1.73199938]
-1.584819579828957
f inputs x:[[-0.77383769 -0.84570282]] ev:{} outputs y:7.501477891055726 (n:0.001202759588627473) c:1.0
num acquisition: 223, time elapsed: 63.94s
0
z
[1.12256312 1.34395424]
1.1225631184741685
f inputs x:[[0.54812652 0.65622766]] ev:{} outputs y:0.5236885229887696 (n:-0.01710617147431112) c:1.0
num acquisition: 224, time elapsed: 64.55s
0
z
[1.18611223 1.41722416]
1.1861122300771914
f inputs x:[[0.57915636 0.69200399]] ev:{} outputs y:0.0446279245293425 (n:0.00025249980549991004) c:1.0
num acquisition: 225, time elapsed: 65.29s
0
z
[-1.38117284e-03 -1.86921030e+00]
-0.001381172839657775
f inputs x:[[-6.74400801e-04 -9.12700343e-01]] ev:{} outputs y:5.861856827757474 (n:-6.32050010480608e-05) c:1.0
num acquisition: 226, time elapsed: 65.91s
0
z
[-1.66965176  0.61128516]
-1.669651760071055
f inputs x:[[-0.81525965  0.29847908]] ev:{} outputs y:6.174715272019072 (n:-0.002858032593552406) c:1.0
num acquisition: 227, time elapsed: 66.58s
0
z
[-0.1758549  -0.24203316]
-0.17585490382174715
f inputs x:[[-0.08586665 -0.11818026]] ev:{} outputs y:2.2821988414883174 (n:-0.0035704313802077184) c:1.0
num acquisition: 228, time elapsed: 67.26s
0
z
[ 0.35621211 -0.52774024]
0.35621211201788483
f inputs x:[[ 0.1739317  -0.25768566]] ev:{} outputs y:3.793301797550947 (n:0.003036260465724496) c:1.0
num acquisition: 229, time elapsed: 67.92s
0
z
[ 1.20154821 -0.74493237]
1.2015482126084767
f inputs x:[[ 0.58669346 -0.36373651]] ev:{} outputs y:6.176503828468987 (n:0.0025933309757122146) c:1.0
num acquisition: 230, time elapsed: 68.69s
0
z
[ 1.26105793 -0.31029954]
1.2610579283692813
f inputs x:[[ 0.61575094 -0.15151345]] ev:{} outputs y:5.893085486087306 (n:0.0006584104678428226) c:1.0
num acquisition: 231, time elapsed: 69.40s
0
z
[-0.88696749  0.68954366]
-0.8869674860145379
f inputs x:[[-0.43308959  0.33669124]] ev:{} outputs y:1.704687675509148 (n:-0.0009330650197291135) c:1.0
num acquisition: 232, time elapsed: 70.05s
0
z
[1.169591   1.42195372]
1.1695909979920975
f inputs x:[[0.57108935 0.69431334]] ev:{} outputs y:0.2715768536732214 (n:-0.00641522407970836) c:1.0
num acquisition: 233, time elapsed: 70.78s
0
z
[1.19886879 1.39030583]
1.1988687928112223
f inputs x:[[0.58538515 0.67886027]] ev:{} outputs y:0.2376720882420845 (n:0.006349276849749643) c:1.0
num acquisition: 234, time elapsed: 71.57s
0
z
[0.92592328 0.8958134 ]
0.9259232806995553
f inputs x:[[0.45211098 0.43740889]] ev:{} outputs y:0.1304633491175171 (n:-0.012384607008667906) c:1.0
num acquisition: 235, time elapsed: 72.44s
0
z
[0.92609572 0.89324949]
0.9260957186445816
f inputs x:[[0.45219518 0.43615698]] ev:{} outputs y:0.12114967677376054 (n:-0.002987257577062733) c:1.0
num acquisition: 236, time elapsed: 73.26s
0
z
[-1.69879798  1.91504717]
-1.6987979753355904
f inputs x:[[-0.8294912   0.93508163]] ev:{} outputs y:4.6279865074261695 (n:-0.002284588336097168) c:1.0
num acquisition: 237, time elapsed: 73.96s
0
z
[0.79851057 0.63594816]
0.798510572928263
f inputs x:[[0.38989774 0.31052156]] ev:{} outputs y:0.03157279710974545 (n:-0.008491026429614317) c:1.0
num acquisition: 238, time elapsed: 74.79s
0
z
[0.7981363  0.63540173]
0.7981363004833829
f inputs x:[[0.38971499 0.31025475]] ev:{} outputs y:0.036086712670014086 (n:-0.004105966927728351) c:1.0
num acquisition: 239, time elapsed: 75.58s
0
z
[0.79749251 0.63450689]
0.7974925091339515
f inputs x:[[0.38940064 0.30981782]] ev:{} outputs y:0.04270574515837356 (n:0.002302537148946916) c:1.0
num acquisition: 240, time elapsed: 76.23s
0
z
[0.94557267 0.88629584]
0.945572667473583
f inputs x:[[0.4617054  0.43276164]] ev:{} outputs y:0.007005343217359831 (n:-0.002018622331632569) c:1.0
num acquisition: 241, time elapsed: 77.11s
0
z
[0.79604681 0.63270244]
0.7960468079430161
f inputs x:[[0.38869473 0.30893674]] ev:{} outputs y:0.03472773824682713 (n:-0.0061210094942400275) c:1.0
num acquisition: 242, time elapsed: 77.89s
0
z
[0.94586946 0.88625474]
0.9458694605766015
f inputs x:[[0.46185032 0.43274157]] ev:{} outputs y:0.01808069552001619 (n:0.008120315615362814) c:1.0
num acquisition: 243, time elapsed: 78.86s
0
z
[0.53809513 0.1849541 ]
0.5380951264223499
f inputs x:[[0.26274176 0.09030962]] ev:{} outputs y:0.8292647949029541 (n:-0.006817643370816261) c:1.0
num acquisition: 244, time elapsed: 79.76s
0
z
[ 0.02890363 -0.45524866]
0.028903633959396758
f inputs x:[[ 0.0141131  -0.22228939]] ev:{} outputs y:3.1289516905012205 (n:0.004637244267319303) c:1.0
num acquisition: 245, time elapsed: 80.68s
0
z
[0.0293603  0.03373262]
0.029360298176156832
f inputs x:[[0.01433608 0.01647101]] ev:{} outputs y:0.7109139925617376 (n:-0.007018007764975437) c:1.0
num acquisition: 246, time elapsed: 81.62s
0
z
[0.94591809 0.88629541]
0.9459180883403839
f inputs x:[[0.46187407 0.43276143]] ev:{} outputs y:0.006333985549730888 (n:-0.0037069628761283242) c:1.0
num acquisition: 247, time elapsed: 82.71s
0
z
[0.39143566 0.14775953]
0.39143565563950866
f inputs x:[[0.19113069 0.07214821]] ev:{} outputs y:0.3196650455579886 (n:0.0024234786555953577) c:1.0
num acquisition: 248, time elapsed: 83.93s
0
z
[0.94605091 0.88622526]
0.946050905566113
f inputs x:[[0.46193892 0.43272718]] ev:{} outputs y:0.006843585581953861 (n:-0.0037320267018855035) c:1.0
num acquisition: 249, time elapsed: 84.96s
0
z
[0.946137   0.88625181]
0.9461370014576773
f inputs x:[[0.46198096 0.43274014]] ev:{} outputs y:0.013232780766271771 (n:0.0024274114680664146) c:1.0
num acquisition: 250, time elapsed: 86.28s
[0.46187407 0.43276143]
