removed robo import in opts.py l17 due to theano errors
INFO:GP:initializing Y
INFO:GP:initializing inference method
INFO:GP:adding kernel and likelihood as parameters
f inputs x:[[0.76611045 0.11258041 0.20559532 0.87018631]] outputs y:48.089489591537415 (n:0.6443349502626662)
f inputs x:[[0.73368353 0.10540847 0.23116745 0.73601925]] outputs y:43.352599835229 (n:-1.998550315353229)
f inputs x:[[0.73360533 0.94271342 0.83344674 0.43720367]] outputs y:52.07451241908238 (n:3.5679238299542386)
f inputs x:[[0.6116913  0.03030732 0.43707273 0.12715847]] outputs y:45.93044659370685 (n:-0.8872716929636592)
f inputs x:[[0.88560643 0.99958422 0.3942096  0.21667905]] outputs y:45.81741321064222 (n:-0.4686829682278959)
f inputs x:[[0.31297673 0.04031944 0.35982917 0.26478772]] outputs y:45.99150440461333 (n:-0.10326394991994375)
f inputs x:[[0.55049472 0.85192619 0.54740612 0.86195798]] outputs y:48.128447595730634 (n:1.5207039172165762)
f inputs x:[[0.88983205 0.44916318 0.57686978 0.59976402]] outputs y:38.79354671261106 (n:-8.080107827533883)
f inputs x:[[0.21835259 0.36819414 0.15218137 0.57990111]] outputs y:48.13858485788535 (n:0.6538697438413209)
f inputs x:[[0.96281331 0.42523846 0.34512916 0.69708302]] outputs y:45.32832723343878 (n:-3.1488521659465993)
Using a model defined by the used.
Optimization restart 1/5, f = 14.189393569778645
Optimization restart 2/5, f = 14.189385376566019
Optimization restart 3/5, f = 14.189385351624926
Optimization restart 4/5, f = 14.18938538827782
Optimization restart 5/5, f = 14.189385385488208
f inputs x:[[0.98265184 0.08875148 0.02024496 0.88117023]] outputs y:45.82740320471679 (n:0.3784073051217933)
num acquisition: 1, time elapsed: 0.13s
Optimization restart 1/5, f = 15.608323886404056
Optimization restart 2/5, f = 15.60832388154413
Optimization restart 3/5, f = 15.608324689067427
Optimization restart 4/5, f = 15.608325365120976
Optimization restart 5/5, f = 15.608323937540785
f inputs x:[[0.91227375 0.4880451  0.54227869 0.57090976]] outputs y:48.26258398448535 (n:0.14476797512626216)
num acquisition: 2, time elapsed: 0.23s
Optimization restart 1/5, f = 17.027262541220153
Optimization restart 2/5, f = 17.02726633135851
Optimization restart 3/5, f = 17.02726288674549
Optimization restart 4/5, f = 17.02726242640008
Optimization restart 5/5, f = 17.027263921620133
f inputs x:[[0.9828181  0.04366007 0.30441685 0.89112348]] outputs y:52.827344736615345 (n:-0.26071633048392)
num acquisition: 3, time elapsed: 0.34s
Optimization restart 1/5, f = 18.446200961954894
Optimization restart 2/5, f = 18.44620103507835
Optimization restart 3/5, f = 18.446338432569732
Optimization restart 4/5, f = 18.446201160865833
Optimization restart 5/5, f = 18.446202583446812
f inputs x:[[0.58037004 0.0459377  0.02118822 0.04116255]] outputs y:47.17227837929121 (n:-0.04416870076864836)
num acquisition: 4, time elapsed: 0.45s
Optimization restart 1/5, f = 19.865139497491988
Optimization restart 2/5, f = 19.865142121490017
Optimization restart 3/5, f = 19.865139628928574
Optimization restart 4/5, f = 19.865139483245745
Optimization restart 5/5, f = 19.865140306342155
f inputs x:[[0.89632028 0.42606001 0.56533318 0.60411348]] outputs y:46.67089475016935 (n:0.7415846789634684)
num acquisition: 5, time elapsed: 0.56s
Optimization restart 1/5, f = 21.284078016291723
Optimization restart 2/5, f = 21.284078186625848
Optimization restart 3/5, f = 21.284078366183333
Optimization restart 4/5, f = 21.28406178068496
Optimization restart 5/5, f = 21.28407736274345
f inputs x:[[0.55934983 0.08537329 0.46683241 0.08583869]] outputs y:48.013340209716986 (n:1.2137837654489834)
num acquisition: 6, time elapsed: 0.68s
Optimization restart 1/5, f = 22.70298283495032
Optimization restart 2/5, f = 22.699825679199463
Optimization restart 3/5, f = 22.699825692484467
Optimization restart 4/5, f = 22.703016569318173
Optimization restart 5/5, f = 22.703019877902143
f inputs x:[[0.31492787 0.04616271 0.37400872 0.33375361]] outputs y:45.655726349193635 (n:-0.5079504641234438)
num acquisition: 7, time elapsed: 1.03s
Optimization restart 1/5, f = 24.12039938611918
Optimization restart 2/5, f = 24.12195792028816
Optimization restart 3/5, f = 24.121953849196537
Optimization restart 4/5, f = 24.121955759818313
Optimization restart 5/5, f = 24.120404371919687
f inputs x:[[0.8898312  0.44916619 0.57687131 0.59976348]] outputs y:46.2402016936189 (n:-0.6332214441026847)
num acquisition: 8, time elapsed: 1.35s
Optimization restart 1/5, f = 25.519525590273247
Optimization restart 2/5, f = 25.540903501387902
Optimization restart 3/5, f = 25.54089363273921
Optimization restart 4/5, f = 25.520338322642644
Optimization restart 5/5, f = 25.540893860460198
f inputs x:[[0.73368353 0.10540847 0.23116745 0.73601925]] outputs y:40.80479380239226 (n:-4.546356331206556)
num acquisition: 9, time elapsed: 1.53s
Optimization restart 1/5, f = 26.708328258013537
Optimization restart 2/5, f = 26.959832171611843
Optimization restart 3/5, f = 26.18943423316373
Optimization restart 4/5, f = 26.193009837718467
Optimization restart 5/5, f = 26.18943422934559
f inputs x:[[0.53711659 0.27846159 0.60614341 0.38271192]] outputs y:44.93206164587706 (n:0.13440781024219892)
num acquisition: 10, time elapsed: 1.72s
Optimization restart 1/5, f = 27.624648631290967
Optimization restart 2/5, f = 28.378779713389562
Optimization restart 3/5, f = 28.37877071781778
Optimization restart 4/5, f = 28.378777501714644
Optimization restart 5/5, f = 27.62634468428979
f inputs x:[[0.25011588 0.71039445 0.50731048 0.8591467 ]] outputs y:51.56765789894836 (n:2.5622856564983)
num acquisition: 11, time elapsed: 1.86s
Optimization restart 1/5, f = 28.971805081309157
Optimization restart 2/5, f = 29.797709620645826
Optimization restart 3/5, f = 29.797718730944055
Optimization restart 4/5, f = 29.79771021222791
Optimization restart 5/5, f = 29.493849886778328
f inputs x:[[0.22878247 0.53987946 0.99618256 0.28989478]] outputs y:50.2988010405001 (n:2.0759650144227964)
num acquisition: 12, time elapsed: 1.98s
Optimization restart 1/5, f = 30.32099784207582
Optimization restart 2/5, f = 31.216646583296768
Optimization restart 3/5, f = 30.850243998122963
Optimization restart 4/5, f = 31.216648770790798
Optimization restart 5/5, f = 31.216651027913393
f inputs x:[[0.13094466 0.46669382 0.59094856 0.0120498 ]] outputs y:52.27831627277791 (n:3.9012998291952345)
num acquisition: 13, time elapsed: 2.10s
Optimization restart 1/5, f = 31.66552697699676
Optimization restart 2/5, f = 32.63558636919664
Optimization restart 3/5, f = 32.63558862751843
Optimization restart 4/5, f = 32.63558632289943
Optimization restart 5/5, f = 32.19489202168013
f inputs x:[[0.20153996 0.72339079 0.4440535  0.53373759]] outputs y:50.98076193909113 (n:3.4569113509155454)
num acquisition: 14, time elapsed: 2.23s
Optimization restart 1/5, f = 33.01094219648958
Optimization restart 2/5, f = 33.86951965604752
Optimization restart 3/5, f = 33.5297092587723
Optimization restart 4/5, f = 33.8695196558336
Optimization restart 5/5, f = 33.869519656790864
f inputs x:[[0.80234886 0.6124351  0.70623375 0.57359228]] outputs y:51.03480885746318 (n:1.5375340440449448)
num acquisition: 15, time elapsed: 2.33s
Optimization restart 1/5, f = 34.356187326080466
Optimization restart 2/5, f = 34.89927590151525
Optimization restart 3/5, f = 34.871072696766944
Optimization restart 4/5, f = 35.473463378779186
Optimization restart 5/5, f = 34.8710726968159
f inputs x:[[0.61789398 0.02395172 0.08477837 0.57051806]] outputs y:52.17546512119088 (n:3.8607306028253294)
num acquisition: 16, time elapsed: 2.45s
Optimization restart 1/5, f = 35.69983656823253
Optimization restart 2/5, f = 35.69983656812293
Optimization restart 3/5, f = 36.89240484519181
Optimization restart 4/5, f = 36.20088898849644
Optimization restart 5/5, f = 35.6998365681205
f inputs x:[[0.7468156  0.71170678 0.04325749 0.99969449]] outputs y:53.545227908207146 (n:5.737097691240346)
num acquisition: 17, time elapsed: 2.61s
Optimization restart 1/5, f = 37.04775405313592
Optimization restart 2/5, f = 37.047754053135314
Optimization restart 3/5, f = 38.31134075690225
Optimization restart 4/5, f = 38.31134046319281
Optimization restart 5/5, f = 37.04775405314868
f inputs x:[[0.75808336 0.30773243 0.29033185 0.70097929]] outputs y:46.826076057934124 (n:0.6651496484425722)
num acquisition: 18, time elapsed: 2.79s
Optimization restart 1/5, f = 38.4597009651894
Optimization restart 2/5, f = 39.730278985421464
Optimization restart 3/5, f = 38.572662268989525
Optimization restart 4/5, f = 39.73030290594784
Optimization restart 5/5, f = 38.94196340475858
f inputs x:[[0.52325996 0.56232065 0.90843689 0.09769985]] outputs y:46.109313116966426 (n:-0.8883829507396322)
num acquisition: 19, time elapsed: 2.95s
Optimization restart 1/5, f = 39.88939746785707
Optimization restart 2/5, f = 41.149219760893516
Optimization restart 3/5, f = 41.14921755393737
Optimization restart 4/5, f = 41.14921758207926
Optimization restart 5/5, f = 40.38085533916113
f inputs x:[[0.1577039  0.76846505 0.33860933 0.00094088]] outputs y:48.248859618922566 (n:1.3137079497189759)
num acquisition: 20, time elapsed: 3.10s
Optimization restart 1/5, f = 41.27077408387078
Optimization restart 2/5, f = 41.76770221565853
Optimization restart 3/5, f = 42.56815605487433
Optimization restart 4/5, f = 41.76770221617268
Optimization restart 5/5, f = 42.568156071173036
f inputs x:[[0.41251697 0.06812884 0.46519631 0.59460021]] outputs y:42.00537478851592 (n:-3.5894407731207165)
num acquisition: 21, time elapsed: 3.22s
Optimization restart 1/5, f = 42.83505179389047
Optimization restart 2/5, f = 43.330596944255205
Optimization restart 3/5, f = 43.330596944500336
Optimization restart 4/5, f = 43.98709460519363
Optimization restart 5/5, f = 43.33059694422155
f inputs x:[[0.97875021 0.16460299 0.63584912 0.71800529]] outputs y:43.47471956630966 (n:-2.6840588483355807)
num acquisition: 22, time elapsed: 3.34s
Optimization restart 1/5, f = 44.325726256882646
Optimization restart 2/5, f = 45.2863219512967
Optimization restart 3/5, f = 45.2863219424582
Optimization restart 4/5, f = 45.40603258449234
Optimization restart 5/5, f = 44.823658014419195
f inputs x:[[0.22395084 0.79326136 0.12935782 0.95372903]] outputs y:45.491916497134945 (n:0.41505658615058705)
num acquisition: 23, time elapsed: 3.47s
Optimization restart 1/5, f = 45.76043531219648
Optimization restart 2/5, f = 45.76043531221697
Optimization restart 3/5, f = 46.26367870930281
Optimization restart 4/5, f = 46.824971663017706
Optimization restart 5/5, f = 46.2636787092017
f inputs x:[[0.92166759 0.9999554  0.60669555 0.89667314]] outputs y:46.73038605675491 (n:-0.7957433667885004)
num acquisition: 24, time elapsed: 3.66s
Optimization restart 1/5, f = 47.17075939215474
Optimization restart 2/5, f = 48.24391755714136
Optimization restart 3/5, f = 47.679868774176626
Optimization restart 4/5, f = 47.679868774182616
Optimization restart 5/5, f = 48.24387182743025
f inputs x:[[0.79726348 0.4636389  0.34057202 0.05687599]] outputs y:44.37018581471325 (n:-3.459493855060959)
num acquisition: 25, time elapsed: 3.79s
Optimization restart 1/5, f = 48.62761073972594
Optimization restart 2/5, f = 49.139173560321076
Optimization restart 3/5, f = 49.13917356023301
Optimization restart 4/5, f = 49.13917356150431
Optimization restart 5/5, f = 49.13917356020417
f inputs x:[[0.08070417 0.3988827  0.19906416 0.18953061]] outputs y:49.46866281943373 (n:1.4375168017073294)
num acquisition: 26, time elapsed: 3.94s
Optimization restart 1/5, f = 50.005190681187486
Optimization restart 2/5, f = 51.081691673285654
Optimization restart 3/5, f = 51.08178727642153
Optimization restart 4/5, f = 50.519337325983
Optimization restart 5/5, f = 50.51933732546193
f inputs x:[[0.80114169 0.02148138 0.12494148 0.72744604]] outputs y:45.82085705191605 (n:-1.8913833040188854)
num acquisition: 27, time elapsed: 4.07s
Optimization restart 1/5, f = 51.430885068641146
Optimization restart 2/5, f = 52.50072578994988
Optimization restart 3/5, f = 52.50072582245004
Optimization restart 4/5, f = 51.95007172588632
Optimization restart 5/5, f = 51.95007172800649
f inputs x:[[0.45927304 0.15560739 0.59673165 0.73309086]] outputs y:47.360856196268294 (n:2.3285368720157913)
num acquisition: 28, time elapsed: 4.21s
Optimization restart 1/5, f = 52.83128552915472
Optimization restart 2/5, f = 53.91966466940914
Optimization restart 3/5, f = 53.91966440583856
Optimization restart 4/5, f = 53.35623997512424
Optimization restart 5/5, f = 53.35623998129179
f inputs x:[[0.23405807 0.50512704 0.41886926 0.49076357]] outputs y:44.775612735242206 (n:-1.927613884480976)
num acquisition: 29, time elapsed: 4.39s
Optimization restart 1/5, f = 54.27666184743143
Optimization restart 2/5, f = 54.80434354155656
Optimization restart 3/5, f = 55.338602857122524
Optimization restart 4/5, f = 54.80434354077501
Optimization restart 5/5, f = 54.80434354077501
f inputs x:[[0.43887854 0.8141993  0.67582315 0.78184117]] outputs y:46.09600592690734 (n:-1.1363390548614478)
num acquisition: 30, time elapsed: 4.52s
Optimization restart 1/5, f = 55.695820207187424
Optimization restart 2/5, f = 56.75754347386754
Optimization restart 3/5, f = 56.75754152107318
Optimization restart 4/5, f = 56.757541417455755
Optimization restart 5/5, f = 56.75754142072791
f inputs x:[[0.9670262  0.3675574  0.72378282 0.88971274]] outputs y:48.216868434846354 (n:-2.0119408680738733)
num acquisition: 31, time elapsed: 4.67s
Optimization restart 1/5, f = 57.08646919632896
Optimization restart 2/5, f = 57.086469196396536
Optimization restart 3/5, f = 57.641463857514914
Optimization restart 4/5, f = 57.624548219125536
Optimization restart 5/5, f = 57.62454822379145
f inputs x:[[0.74356209 0.46400921 0.13844344 0.21932968]] outputs y:48.70128076135946 (n:0.9900157126076068)
num acquisition: 32, time elapsed: 4.81s
Optimization restart 1/5, f = 58.472513352144716
Optimization restart 2/5, f = 59.01524047216343
Optimization restart 3/5, f = 59.59542496358788
Optimization restart 4/5, f = 59.59541839459625
Optimization restart 5/5, f = 59.59541850180731
f inputs x:[[0.85027845 0.31439437 0.54032487 0.62351099]] outputs y:44.35147243258969 (n:0.043747602406212914)
num acquisition: 33, time elapsed: 4.94s
Optimization restart 1/5, f = 59.9257656606475
Optimization restart 2/5, f = 61.01435701251016
Optimization restart 3/5, f = 59.92576565948616
Optimization restart 4/5, f = 60.46935729781548
Optimization restart 5/5, f = 60.48458012639563
f inputs x:[[0.80090796 0.7760435  0.84520624 0.36211597]] outputs y:47.102630793921584 (n:0.8125366648230535)
num acquisition: 34, time elapsed: 5.10s
Optimization restart 1/5, f = 61.32967535425724
Optimization restart 2/5, f = 62.433295945763064
Optimization restart 3/5, f = 61.32967535426447
Optimization restart 4/5, f = 62.433300614524676
Optimization restart 5/5, f = 61.3810884987593
f inputs x:[[0.93044869 0.93350237 0.1778755  0.74377283]] outputs y:45.6501548633534 (n:-2.97201997448348)
num acquisition: 35, time elapsed: 5.30s
Optimization restart 1/5, f = 62.755521301549024
Optimization restart 2/5, f = 63.30915787810707
Optimization restart 3/5, f = 63.85223866728266
Optimization restart 4/5, f = 63.30915787809796
Optimization restart 5/5, f = 63.30915787814676
f inputs x:[[0.00176351 0.50912819 0.13285388 0.73198903]] outputs y:33.21126910225953 (n:-6.504286553261486)
num acquisition: 36, time elapsed: 5.46s
Optimization restart 1/5, f = 64.48140718179704
Optimization restart 2/5, f = 64.48140718175523
Optimization restart 3/5, f = 65.27117309961534
Optimization restart 4/5, f = 64.96420326907855
Optimization restart 5/5, f = 65.27117264874666
f inputs x:[[0.57078143 0.26528064 0.82057543 0.23183309]] outputs y:48.9691705889145 (n:1.4708999174321589)
num acquisition: 37, time elapsed: 5.64s
Optimization restart 1/5, f = 65.87878899613335
Optimization restart 2/5, f = 66.69011707698252
Optimization restart 3/5, f = 66.69011773742609
Optimization restart 4/5, f = 66.69011302102237
Optimization restart 5/5, f = 66.69011247880609
f inputs x:[[0.02014572 0.84228684 0.03911076 0.31110546]] outputs y:48.12391599289927 (n:0.6149419010924111)
num acquisition: 38, time elapsed: 5.78s
Optimization restart 1/5, f = 67.28128556593498
Optimization restart 2/5, f = 67.76958294506778
Optimization restart 3/5, f = 68.10904970448794
Optimization restart 4/5, f = 68.10905563753767
Optimization restart 5/5, f = 67.76958294511175
f inputs x:[[0.87474656 0.12936    0.52733216 0.48518374]] outputs y:47.009812916626146 (n:-0.6286796052546866)
num acquisition: 39, time elapsed: 5.92s
Optimization restart 1/5, f = 68.69179081440812
Optimization restart 2/5, f = 69.18600319739309
Optimization restart 3/5, f = 69.52799285539089
Optimization restart 4/5, f = 69.52799269227233
Optimization restart 5/5, f = 69.52798852899431
f inputs x:[[0.43266633 0.5183297  0.51927836 0.76218441]] outputs y:42.71691601425975 (n:-5.42944687477082)
num acquisition: 40, time elapsed: 6.06s
Optimization restart 1/5, f = 70.14546874128398
Optimization restart 2/5, f = 70.94692683105127
Optimization restart 3/5, f = 70.94692681339721
Optimization restart 4/5, f = 70.94693289937531
Optimization restart 5/5, f = 70.6349863804034
f inputs x:[[0.66064079 0.83964219 0.0684391  0.36435519]] outputs y:49.478011974304366 (n:0.7081035015163212)
num acquisition: 41, time elapsed: 6.20s
Optimization restart 1/5, f = 71.54116198481051
Optimization restart 2/5, f = 72.36586864503465
Optimization restart 3/5, f = 72.36586634741576
Optimization restart 4/5, f = 72.36587198170444
Optimization restart 5/5, f = 72.03188102494032
f inputs x:[[0.50999666 0.81089118 0.71092437 0.75750982]] outputs y:40.77915546019321 (n:-2.699616149257354)
num acquisition: 42, time elapsed: 6.34s
Optimization restart 1/5, f = 73.01554329317203
Optimization restart 2/5, f = 73.78480944078058
Optimization restart 3/5, f = 73.78482159232667
Optimization restart 4/5, f = 73.78490346887864
Optimization restart 5/5, f = 73.78480436333243
f inputs x:[[0.60444792 0.41335089 0.76442609 0.06544413]] outputs y:42.169853881081266 (n:-4.835879656867507)
num acquisition: 43, time elapsed: 6.49s
Optimization restart 1/5, f = 74.46772994499366
Optimization restart 2/5, f = 75.20375031884484
Optimization restart 3/5, f = 75.2038072848299
Optimization restart 4/5, f = 75.20375088270123
Optimization restart 5/5, f = 75.20374976515386
f inputs x:[[0.70928883 0.479922   0.71830205 0.38421629]] outputs y:45.672255108553664 (n:0.03847639145515017)
num acquisition: 44, time elapsed: 6.64s
Optimization restart 1/5, f = 75.88825062742586
Optimization restart 2/5, f = 76.62268629693668
Optimization restart 3/5, f = 76.6226882520932
Optimization restart 4/5, f = 75.88825062660679
Optimization restart 5/5, f = 75.88825062665812
f inputs x:[[0.28410671 0.97223338 0.43490274 0.55725665]] outputs y:48.53845051397784 (n:-1.2353542308083478)
num acquisition: 45, time elapsed: 6.84s
Optimization restart 1/5, f = 77.29139481671503
Optimization restart 2/5, f = 78.04162734273297
Optimization restart 3/5, f = 78.04162918458296
Optimization restart 4/5, f = 77.29139481481835
Optimization restart 5/5, f = 78.04162897244832
f inputs x:[[0.37219246 0.20841572 0.90588468 0.7402822 ]] outputs y:46.73543615320568 (n:-1.4363748031289136)
num acquisition: 46, time elapsed: 7.02s
Optimization restart 1/5, f = 78.70461080598184
Optimization restart 2/5, f = 79.46055977270598
Optimization restart 3/5, f = 79.46093113067613
Optimization restart 4/5, f = 79.46056033394171
Optimization restart 5/5, f = 79.18963615473972
f inputs x:[[0.22436312 0.76853726 0.41277517 0.9280058 ]] outputs y:47.54767930512221 (n:1.4925692643121105)
num acquisition: 47, time elapsed: 7.16s
Optimization restart 1/5, f = 80.11283964788805
Optimization restart 2/5, f = 80.87949648843531
Optimization restart 3/5, f = 80.87949787033993
Optimization restart 4/5, f = 80.87950367698008
Optimization restart 5/5, f = 80.60064947411759
f inputs x:[[0.53937613 0.96235293 0.67541944 0.60640379]] outputs y:45.78484278979027 (n:0.9271977971495386)
num acquisition: 48, time elapsed: 7.43s
Optimization restart 1/5, f = 81.53235173245511
Optimization restart 2/5, f = 82.02163493904885
Optimization restart 3/5, f = 82.29844018457243
Optimization restart 4/5, f = 82.02163493932969
Optimization restart 5/5, f = 82.29843694311822
f inputs x:[[0.71658662 0.97748552 0.52363939 0.24089155]] outputs y:46.34038410390039 (n:1.6218852626673044)
num acquisition: 49, time elapsed: 7.58s
Optimization restart 1/5, f = 82.94788321445591
Optimization restart 2/5, f = 83.71737922115778
Optimization restart 3/5, f = 83.71738235784704
Optimization restart 4/5, f = 83.71737999887134
Optimization restart 5/5, f = 82.9478829858276
f inputs x:[[0.58807325 0.41411174 0.40160134 0.69558515]] outputs y:43.17740247014475 (n:0.7712659324671403)
num acquisition: 50, time elapsed: 7.76s
Optimization restart 1/5, f = 84.38830101460306
Optimization restart 2/5, f = 84.876834190076
Optimization restart 3/5, f = 84.87682223266523
Optimization restart 4/5, f = 85.13631230289747
Optimization restart 5/5, f = 85.1363161891751
f inputs x:[[0.45505117 0.65949681 0.04766551 0.41698674]] outputs y:44.29505508512508 (n:-2.4788777177094943)
num acquisition: 51, time elapsed: 7.92s
Optimization restart 1/5, f = 85.8181438487506
Optimization restart 2/5, f = 86.55525312435306
Optimization restart 3/5, f = 86.55525659613684
Optimization restart 4/5, f = 86.55574558222189
Optimization restart 5/5, f = 86.55525100601298
f inputs x:[[0.18931866 0.22575384 0.79433222 0.13682355]] outputs y:48.53990879350718 (n:0.2996645434833262)
num acquisition: 52, time elapsed: 8.08s
Optimization restart 1/5, f = 87.22204736672619
Optimization restart 2/5, f = 87.974194873804
Optimization restart 3/5, f = 87.97419367983116
Optimization restart 4/5, f = 87.71313152178958
Optimization restart 5/5, f = 87.7131315920726
f inputs x:[[0.53348306 0.47736663 0.45954579 0.03263927]] outputs y:43.26687744437004 (n:-1.3376623285653868)
num acquisition: 53, time elapsed: 8.24s
Optimization restart 1/5, f = 88.65996890571357
Optimization restart 2/5, f = 88.65996890604714
Optimization restart 3/5, f = 89.39312847822895
Optimization restart 4/5, f = 89.3931360579924
Optimization restart 5/5, f = 89.14854546873481
f inputs x:[[0.7274601  0.15395978 0.14907158 0.08016917]] outputs y:46.92181469718156 (n:-1.5945103422910136)
num acquisition: 54, time elapsed: 8.43s
Optimization restart 1/5, f = 90.07196893047468
Optimization restart 2/5, f = 90.81207309906962
Optimization restart 3/5, f = 90.81206630975892
Optimization restart 4/5, f = 90.81207309814373
Optimization restart 5/5, f = 90.56308696511857
f inputs x:[[0.33029377 0.7396951  0.7990037  0.77669286]] outputs y:47.9072859052477 (n:-0.7203555471477678)
num acquisition: 55, time elapsed: 8.60s
Optimization restart 1/5, f = 91.47897935378178
Optimization restart 2/5, f = 92.23100485172978
Optimization restart 3/5, f = 92.23100499528098
Optimization restart 4/5, f = 92.23100531308319
Optimization restart 5/5, f = 92.23101061032145
f inputs x:[[0.89916407 0.0346088  0.49206609 0.65082078]] outputs y:49.658319247507286 (n:2.18009038149051)
num acquisition: 56, time elapsed: 8.77s
Optimization restart 1/5, f = 92.87927056818215
Optimization restart 2/5, f = 93.6499462912445
Optimization restart 3/5, f = 93.64994974200602
Optimization restart 4/5, f = 93.64994943609375
Optimization restart 5/5, f = 93.64994945644742
f inputs x:[[0.93743088 0.11349797 0.79384011 0.4650296 ]] outputs y:51.565851246587386 (n:3.6422379880453875)
num acquisition: 57, time elapsed: 8.92s
Optimization restart 1/5, f = 94.27540653485372
Optimization restart 2/5, f = 95.06888267312266
Optimization restart 3/5, f = 95.06888223562302
Optimization restart 4/5, f = 95.068887442156
Optimization restart 5/5, f = 95.06888517333772
f inputs x:[[0.96659005 0.96311057 0.37640445 0.5468049 ]] outputs y:49.5419083544146 (n:0.3859216756868331)
num acquisition: 58, time elapsed: 9.13s
Optimization restart 1/5, f = 95.67603104284521
Optimization restart 2/5, f = 96.4878266815003
Optimization restart 3/5, f = 96.48782281129746
Optimization restart 4/5, f = 96.48782922365423
Optimization restart 5/5, f = 96.48782039470893
f inputs x:[[0.41700164 0.86989426 0.54171216 0.18526151]] outputs y:48.57576316508813 (n:0.8699379348914043)
num acquisition: 59, time elapsed: 9.29s
Optimization restart 1/5, f = 97.08013670728002
Optimization restart 2/5, f = 97.90676036769075
Optimization restart 3/5, f = 97.90675907192127
Optimization restart 4/5, f = 97.90676073339044
Optimization restart 5/5, f = 97.90676150589879
f inputs x:[[0.16519668 0.74451722 0.03838926 0.38599324]] outputs y:51.08109830307503 (n:4.3736114904071215)
num acquisition: 60, time elapsed: 9.47s
Optimization restart 1/5, f = 98.47702829086572
Optimization restart 2/5, f = 99.32570281222951
Optimization restart 3/5, f = 99.32570390152154
Optimization restart 4/5, f = 99.32570211784042
Optimization restart 5/5, f = 98.98148537304769
f inputs x:[[0.94553103 0.05054719 0.20794139 0.06107337]] outputs y:42.23960594642862 (n:-4.617362556241114)
num acquisition: 61, time elapsed: 9.65s
Optimization restart 1/5, f = 99.92696910240511
Optimization restart 2/5, f = 100.74464569010422
Optimization restart 3/5, f = 100.74463603916635
Optimization restart 4/5, f = 100.42785143213189
Optimization restart 5/5, f = 100.74464199488739
f inputs x:[[0.33324469 0.50926227 0.41747082 0.45690058]] outputs y:52.60863002844019 (n:1.2473943017004343)
num acquisition: 62, time elapsed: 9.83s
Optimization restart 1/5, f = 101.32308942197204
Optimization restart 2/5, f = 101.32308942219349
Optimization restart 3/5, f = 102.16358001123461
Optimization restart 4/5, f = 102.16358089479888
Optimization restart 5/5, f = 101.82199067718884
f inputs x:[[0.41573273 0.94243645 0.99493477 0.7778664 ]] outputs y:47.91720229426145 (n:2.4344856051455035)
num acquisition: 63, time elapsed: 10.01s
Optimization restart 1/5, f = 102.73097436226683
Optimization restart 2/5, f = 103.58251502571875
Optimization restart 3/5, f = 103.2346231415401
Optimization restart 4/5, f = 103.58251355516879
Optimization restart 5/5, f = 103.58251316998357
f inputs x:[[0.1875791  0.74930418 0.22457718 0.87648218]] outputs y:53.79645808791492 (n:7.535485560786182)
num acquisition: 64, time elapsed: 10.29s
Optimization restart 1/5, f = 104.12739787293694
Optimization restart 2/5, f = 105.00145251142537
Optimization restart 3/5, f = 105.00145238945035
Optimization restart 4/5, f = 105.00145169121669
Optimization restart 5/5, f = 104.12739787295078
f inputs x:[[0.74061216 0.15078352 0.84528649 0.09657353]] outputs y:48.3162350818531 (n:0.6665291164450811)
num acquisition: 65, time elapsed: 10.52s
Optimization restart 1/5, f = 105.53387244267932
Optimization restart 2/5, f = 106.42039011218058
Optimization restart 3/5, f = 106.4203952497868
Optimization restart 4/5, f = 106.0328906657009
Optimization restart 5/5, f = 106.03839871186898
f inputs x:[[0.29895419 0.98207499 0.44537593 0.50382263]] outputs y:45.94182120453904 (n:-0.14834402513072864)
num acquisition: 66, time elapsed: 10.69s
Optimization restart 1/5, f = 106.953350548936
Optimization restart 2/5, f = 107.83933457738804
Optimization restart 3/5, f = 107.83933746893443
Optimization restart 4/5, f = 107.83933669265704
Optimization restart 5/5, f = 107.83933487526298
f inputs x:[[0.45452443 0.96842837 0.15945434 0.32056123]] outputs y:44.13632035487921 (n:-2.9692298121272587)
num acquisition: 67, time elapsed: 10.86s
Optimization restart 1/5, f = 108.38590345929754
Optimization restart 2/5, f = 109.25829042948631
Optimization restart 3/5, f = 109.25826739378141
Optimization restart 4/5, f = 109.25826780433313
Optimization restart 5/5, f = 108.89067601089025
f inputs x:[[0.71037564 0.18844557 0.34988306 0.24329188]] outputs y:45.30872270377777 (n:0.3617337649134766)
num acquisition: 68, time elapsed: 11.03s
Optimization restart 1/5, f = 109.80928277207417
Optimization restart 2/5, f = 110.31146470688583
Optimization restart 3/5, f = 110.67721093263123
Optimization restart 4/5, f = 110.67720573331553
Optimization restart 5/5, f = 110.6772125561878
f inputs x:[[0.45368068 0.18574903 0.71779408 0.50595476]] outputs y:44.0587343766707 (n:-2.7896604383704897)
num acquisition: 69, time elapsed: 11.19s
Optimization restart 1/5, f = 111.24157660565467
Optimization restart 2/5, f = 112.0961442814625
Optimization restart 3/5, f = 112.09614427494083
Optimization restart 4/5, f = 112.09614931065646
Optimization restart 5/5, f = 112.09593167323374
f inputs x:[[0.32056132 0.94708359 0.64883334 0.57409757]] outputs y:50.121029690566225 (n:0.8070204490297456)
num acquisition: 70, time elapsed: 11.35s
Optimization restart 1/5, f = 112.64281133309431
Optimization restart 2/5, f = 113.51509084705327
Optimization restart 3/5, f = 113.51508278503533
Optimization restart 4/5, f = 112.64281102314717
Optimization restart 5/5, f = 112.64281102822267
f inputs x:[[0.85179153 0.5493958  0.09278416 0.27014364]] outputs y:45.764706554611166 (n:-0.5352972954924148)
num acquisition: 71, time elapsed: 11.60s
Optimization restart 1/5, f = 114.06299249943802
Optimization restart 2/5, f = 114.93402265827046
Optimization restart 3/5, f = 114.06299242633102
Optimization restart 4/5, f = 114.93402379053076
Optimization restart 5/5, f = 114.93402300017996
f inputs x:[[0.35880019 0.67205127 0.87250109 0.92657488]] outputs y:46.764167396125835 (n:1.662516818549373)
num acquisition: 72, time elapsed: 11.82s
Optimization restart 1/5, f = 115.47727082358327
Optimization restart 2/5, f = 116.35296513965102
Optimization restart 3/5, f = 116.35296019995253
Optimization restart 4/5, f = 116.35296014480761
Optimization restart 5/5, f = 116.35296080744419
f inputs x:[[0.68669754 0.79975753 0.45538735 0.46433959]] outputs y:54.36099399496244 (n:3.7730454815385683)
num acquisition: 73, time elapsed: 12.11s
Optimization restart 1/5, f = 116.87717932920013
Optimization restart 2/5, f = 117.37833793230119
Optimization restart 3/5, f = 117.77189847489397
Optimization restart 4/5, f = 117.77189003448785
Optimization restart 5/5, f = 116.87717932938135
f inputs x:[[0.638243   0.49277307 0.15989173 0.84875782]] outputs y:49.256268251564585 (n:2.1192334597923184)
num acquisition: 74, time elapsed: 12.36s
Optimization restart 1/5, f = 118.2812997150278
Optimization restart 2/5, f = 118.78398129977427
Optimization restart 3/5, f = 118.78398130151015
Optimization restart 4/5, f = 119.19083806897135
Optimization restart 5/5, f = 118.78398129960684
f inputs x:[[0.0884754  0.2418772  0.20664775 0.06464276]] outputs y:47.562790517277584 (n:0.6338095733217665)
num acquisition: 75, time elapsed: 12.60s
Optimization restart 1/5, f = 119.69203706673419
Optimization restart 2/5, f = 120.60977561275071
Optimization restart 3/5, f = 120.60978169023593
Optimization restart 4/5, f = 120.6097828855566
Optimization restart 5/5, f = 120.60977624384134
f inputs x:[[0.31714195 0.5732065  0.80905811 0.22842816]] outputs y:49.33619762766591 (n:0.8634250399898911)
num acquisition: 76, time elapsed: 12.82s
Optimization restart 1/5, f = 121.0958844462912
Optimization restart 2/5, f = 121.60204245247262
Optimization restart 3/5, f = 121.1293021556134
Optimization restart 4/5, f = 121.60204245246169
Optimization restart 5/5, f = 121.60204245246825
f inputs x:[[0.79460771 0.51360759 0.65255445 0.75656664]] outputs y:47.34379954970782 (n:-1.8299157583386934)
num acquisition: 77, time elapsed: 12.99s
Optimization restart 1/5, f = 122.50764985530506
Optimization restart 2/5, f = 123.44765656279674
Optimization restart 3/5, f = 123.44766085728438
Optimization restart 4/5, f = 123.44765352067341
Optimization restart 5/5, f = 123.44765261447611
f inputs x:[[0.58668495 0.57151745 0.54707746 0.32008409]] outputs y:47.634491087050925 (n:-1.1351895939055991)
num acquisition: 78, time elapsed: 13.18s
Optimization restart 1/5, f = 123.91798878388558
Optimization restart 2/5, f = 124.42831909334917
Optimization restart 3/5, f = 124.86659701223763
Optimization restart 4/5, f = 124.86659855995032
Optimization restart 5/5, f = 124.86659519596776
f inputs x:[[0.18518696 0.65669623 0.48010791 0.14498412]] outputs y:44.37826389308792 (n:-5.901780080624555)
num acquisition: 79, time elapsed: 13.35s
Optimization restart 1/5, f = 125.34855482875864
Optimization restart 2/5, f = 126.28553234060237
Optimization restart 3/5, f = 126.28552977638546
Optimization restart 4/5, f = 125.86645086343515
Optimization restart 5/5, f = 126.28553659306097
f inputs x:[[0.62404681 0.95917031 0.61593893 0.21709142]] outputs y:48.650089315478816 (n:0.7923176956154159)
num acquisition: 80, time elapsed: 13.55s
Optimization restart 1/5, f = 126.75484125949635
Optimization restart 2/5, f = 127.26743779980778
Optimization restart 3/5, f = 127.70453300645391
Optimization restart 4/5, f = 127.70447681127368
Optimization restart 5/5, f = 127.26743780029273
f inputs x:[[0.22723353 0.34916404 0.39232496 0.05182633]] outputs y:46.59233652474301 (n:0.2716188337717469)
num acquisition: 81, time elapsed: 13.73s
Optimization restart 1/5, f = 128.17050539059755
Optimization restart 2/5, f = 129.12340981982214
Optimization restart 3/5, f = 129.12340667378209
Optimization restart 4/5, f = 128.1705053383576
Optimization restart 5/5, f = 129.12341542436252
f inputs x:[[0.83472073 0.66137988 0.90340816 0.98300893]] outputs y:49.35544306730529 (n:0.540009618277377)
num acquisition: 82, time elapsed: 13.99s
Optimization restart 1/5, f = 129.57457031323992
Optimization restart 2/5, f = 130.54234889075312
Optimization restart 3/5, f = 130.54235067791143
Optimization restart 4/5, f = 130.54235084362702
Optimization restart 5/5, f = 130.09060759101305
f inputs x:[[0.15094217 0.90788242 0.42061222 0.2161634 ]] outputs y:45.44636862647615 (n:-2.5247021061689505)
num acquisition: 83, time elapsed: 14.18s
Optimization restart 1/5, f = 130.9973453610878
Optimization restart 2/5, f = 131.96128829956916
Optimization restart 3/5, f = 130.99734536275002
Optimization restart 4/5, f = 131.9612926729334
Optimization restart 5/5, f = 131.96128380388976
f inputs x:[[0.55659127 0.81253933 0.16719127 0.02917711]] outputs y:48.94711924971943 (n:1.803317943911595)
num acquisition: 84, time elapsed: 14.42s
Optimization restart 1/5, f = 132.40272250977475
Optimization restart 2/5, f = 133.38022580579658
Optimization restart 3/5, f = 133.3802320383678
Optimization restart 4/5, f = 133.38022239658122
Optimization restart 5/5, f = 133.38022945079834
f inputs x:[[0.91955902 0.36863785 0.54565443 0.96888369]] outputs y:48.03049709489422 (n:0.7245381209032791)
num acquisition: 85, time elapsed: 14.62s
Optimization restart 1/5, f = 133.81139477709505
Optimization restart 2/5, f = 134.79916081799746
Optimization restart 3/5, f = 134.7991664755525
Optimization restart 4/5, f = 134.7991610081996
Optimization restart 5/5, f = 134.79916089185468
f inputs x:[[0.40962762 0.70530877 0.28965247 0.65664495]] outputs y:48.42385886191644 (n:1.7526963358082686)
num acquisition: 86, time elapsed: 14.84s
Optimization restart 1/5, f = 135.2185127153074
Optimization restart 2/5, f = 136.21809939363362
Optimization restart 3/5, f = 136.21810762687414
Optimization restart 4/5, f = 135.751956720702
Optimization restart 5/5, f = 136.21809953117713
f inputs x:[[0.75584888 0.05126408 0.18348668 0.16153279]] outputs y:48.698173134452844 (n:0.25200033850123277)
num acquisition: 87, time elapsed: 15.05s
Optimization restart 1/5, f = 136.6246417037441
Optimization restart 2/5, f = 137.63704211878974
Optimization restart 3/5, f = 137.6370419476541
Optimization restart 4/5, f = 137.6370420601235
Optimization restart 5/5, f = 137.16077167691364
f inputs x:[[0.54735111 0.23097446 0.65892792 0.46121506]] outputs y:46.68971339370077 (n:0.07317757038846655)
num acquisition: 88, time elapsed: 15.32s
Optimization restart 1/5, f = 138.03978672220754
Optimization restart 2/5, f = 138.08144955436302
Optimization restart 3/5, f = 138.57791970752336
Optimization restart 4/5, f = 139.05597669905086
Optimization restart 5/5, f = 139.0559775728835
f inputs x:[[0.67844617 0.26656012 0.5903934  0.90389246]] outputs y:48.77754050850285 (n:-0.2937141746328521)
num acquisition: 89, time elapsed: 15.57s
Optimization restart 1/5, f = 139.44565647022443
Optimization restart 2/5, f = 140.47491754146813
Optimization restart 3/5, f = 140.47510425180343
Optimization restart 4/5, f = 140.47491538126633
Optimization restart 5/5, f = 140.4749089473691
f inputs x:[[0.20740733 0.73814398 0.79279597 0.01392556]] outputs y:43.427197972269994 (n:-4.190385409743213)
num acquisition: 90, time elapsed: 15.77s
Optimization restart 1/5, f = 140.8849977239325
Optimization restart 2/5, f = 141.89386314846047
Optimization restart 3/5, f = 141.89386038179458
Optimization restart 4/5, f = 141.89385351847753
Optimization restart 5/5, f = 141.89386124523762
f inputs x:[[0.26388731 0.36259069 0.13953602 0.64084324]] outputs y:46.236460518553 (n:-1.9451096960459857)
num acquisition: 91, time elapsed: 15.99s
Optimization restart 1/5, f = 142.30270168742027
Optimization restart 2/5, f = 142.8326859331197
Optimization restart 3/5, f = 143.31279862199582
Optimization restart 4/5, f = 143.3127987872459
Optimization restart 5/5, f = 143.3127970817526
f inputs x:[[0.36558432 0.84039212 0.60659906 0.97826832]] outputs y:48.692024081746936 (n:1.9790171993321723)
num acquisition: 92, time elapsed: 16.18s
Optimization restart 1/5, f = 143.70916177181655
Optimization restart 2/5, f = 144.24101320309882
Optimization restart 3/5, f = 143.7091617524182
Optimization restart 4/5, f = 144.25141909324677
Optimization restart 5/5, f = 144.73173583532434
f inputs x:[[0.88634511 0.11901856 0.50575409 0.59298114]] outputs y:48.06044690733147 (n:5.395176613852197)
num acquisition: 93, time elapsed: 16.42s
Optimization restart 1/5, f = 145.11784527189153
Optimization restart 2/5, f = 146.15067112706862
Optimization restart 3/5, f = 146.1505226806912
Optimization restart 4/5, f = 146.15067076423642
Optimization restart 5/5, f = 146.15067729968274
f inputs x:[[0.49047171 0.89506559 0.05162546 0.97235208]] outputs y:40.92176865439712 (n:-5.740603511703178)
num acquisition: 94, time elapsed: 16.65s
Optimization restart 1/5, f = 146.58184228964615
Optimization restart 2/5, f = 147.56960816492443
Optimization restart 3/5, f = 147.56961452860367
Optimization restart 4/5, f = 147.5696171704655
Optimization restart 5/5, f = 147.56961276870862
f inputs x:[[0.67547004 0.74183848 0.08175513 0.97171732]] outputs y:47.7738390451657 (n:0.12176290227280769)
num acquisition: 95, time elapsed: 16.87s
Optimization restart 1/5, f = 147.99210862164057
Optimization restart 2/5, f = 148.98854669201424
Optimization restart 3/5, f = 148.98855361999574
Optimization restart 4/5, f = 148.98855312637727
Optimization restart 5/5, f = 148.98855342354858
f inputs x:[[0.60700046 0.35965344 0.53568884 0.08268797]] outputs y:45.40826838860251 (n:-0.9814877635420964)
num acquisition: 96, time elapsed: 17.09s
Optimization restart 1/5, f = 149.41469746409382
Optimization restart 2/5, f = 150.40748543382668
Optimization restart 3/5, f = 150.4074926124474
Optimization restart 4/5, f = 150.40749356499654
Optimization restart 5/5, f = 150.40749019525902
f inputs x:[[0.6829297  0.38072604 0.42466257 0.17117025]] outputs y:49.345476836897 (n:2.833184027152468)
num acquisition: 97, time elapsed: 17.30s
Optimization restart 1/5, f = 150.82009148826893
Optimization restart 2/5, f = 151.82643117315143
Optimization restart 3/5, f = 151.8264310653189
Optimization restart 4/5, f = 151.36106664123295
Optimization restart 5/5, f = 151.82642949549256
f inputs x:[[0.58078807 0.23667691 0.8933899  0.29656198]] outputs y:49.49344516578986 (n:2.042762705583237)
num acquisition: 98, time elapsed: 17.51s
Optimization restart 1/5, f = 152.22515015077454
Optimization restart 2/5, f = 153.245366777454
Optimization restart 3/5, f = 152.75860182088564
Optimization restart 4/5, f = 153.24536296861552
Optimization restart 5/5, f = 153.24536613098815
f inputs x:[[0.82342217 0.24161084 0.50516865 0.16027315]] outputs y:47.855924501036185 (n:-0.5801984033643247)
num acquisition: 99, time elapsed: 17.74s
Optimization restart 1/5, f = 153.6351213922962
Optimization restart 2/5, f = 154.6643078958097
Optimization restart 3/5, f = 154.17067626063394
Optimization restart 4/5, f = 154.66431011844375
Optimization restart 5/5, f = 154.1706762627357
f inputs x:[[0.16441162 0.04249561 0.93686246 0.32410978]] outputs y:48.36549613777114 (n:-0.089918008735875)
num acquisition: 100, time elapsed: 17.97s
Optimization restart 1/5, f = 155.04323372658376
Optimization restart 2/5, f = 156.08323962537435
Optimization restart 3/5, f = 156.0832446743054
Optimization restart 4/5, f = 155.59156021640547
Optimization restart 5/5, f = 155.58074026840563
f inputs x:[[0.09463932 0.35682256 0.72220273 0.40686512]] outputs y:48.06685204382489 (n:-0.5204437034912066)
num acquisition: 101, time elapsed: 18.30s
Optimization restart 1/5, f = 156.45237545647615
Optimization restart 2/5, f = 157.5021806553421
Optimization restart 3/5, f = 156.99194736678666
Optimization restart 4/5, f = 157.50218592792996
Optimization restart 5/5, f = 156.99194736593034
f inputs x:[[0.46001797 0.07154468 0.3594502  0.77474204]] outputs y:43.58191179263978 (n:-2.580552473685549)
num acquisition: 102, time elapsed: 18.51s
Optimization restart 1/5, f = 157.88910105198823
Optimization restart 2/5, f = 158.9211168845341
Optimization restart 3/5, f = 158.43752329572243
Optimization restart 4/5, f = 158.92112410148084
Optimization restart 5/5, f = 158.9211228669402
f inputs x:[[0.08842202 0.51693412 0.82342522 0.56925297]] outputs y:51.12424694526709 (n:1.2655973620829142)
num acquisition: 103, time elapsed: 18.75s
Optimization restart 1/5, f = 159.29265258755416
Optimization restart 2/5, f = 159.8304685971519
Optimization restart 3/5, f = 160.34006255634213
Optimization restart 4/5, f = 160.34005457347894
Optimization restart 5/5, f = 159.29265252781394
f inputs x:[[0.02722529 0.50198522 0.99829771 0.52174785]] outputs y:46.67487038950234 (n:-0.3475566463075977)
num acquisition: 104, time elapsed: 19.07s
Optimization restart 1/5, f = 160.70810145398482
Optimization restart 2/5, f = 161.24794490605962
Optimization restart 3/5, f = 161.75900040764586
Optimization restart 4/5, f = 161.75899538505834
Optimization restart 5/5, f = 161.75899309810873
f inputs x:[[0.43875474 0.91363883 0.59030139 0.59910545]] outputs y:48.328320970076504 (n:0.39802395011065356)
num acquisition: 105, time elapsed: 19.32s
Optimization restart 1/5, f = 162.1165768930771
Optimization restart 2/5, f = 163.1779329942447
Optimization restart 3/5, f = 163.17793612584668
Optimization restart 4/5, f = 163.17793154997125
Optimization restart 5/5, f = 163.17793163732384
f inputs x:[[0.99034182 0.71927355 0.23431057 0.32357191]] outputs y:54.761538823777215 (n:-0.603192511501621)
num acquisition: 106, time elapsed: 19.56s
Optimization restart 1/5, f = 163.52679315107048
Optimization restart 2/5, f = 164.5968705247041
Optimization restart 3/5, f = 164.59687366034706
Optimization restart 4/5, f = 164.59687537950637
Optimization restart 5/5, f = 164.5968701379068
f inputs x:[[0.18191317 0.85462992 0.23684924 0.61507132]] outputs y:47.56129624052655 (n:-2.3680116949089243)
num acquisition: 107, time elapsed: 19.82s
Optimization restart 1/5, f = 164.93849599735194
Optimization restart 2/5, f = 166.01581200981676
Optimization restart 3/5, f = 166.0158105838122
Optimization restart 4/5, f = 166.01581001050738
Optimization restart 5/5, f = 166.01581092953265
f inputs x:[[0.46110516 0.58896628 0.16930431 0.98437922]] outputs y:43.426303482762314 (n:-3.2146146739337422)
num acquisition: 108, time elapsed: 20.07s
Optimization restart 1/5, f = 166.3763090363372
Optimization restart 2/5, f = 166.90989727725383
Optimization restart 3/5, f = 167.43474790491462
Optimization restart 4/5, f = 167.43474781148862
Optimization restart 5/5, f = 167.43475442697996
f inputs x:[[0.54080747 0.42860436 0.81823432 0.55345623]] outputs y:43.96125446550691 (n:-2.2485467737489566)
num acquisition: 109, time elapsed: 20.36s
Optimization restart 1/5, f = 167.80918530935173
Optimization restart 2/5, f = 168.85369261247413
Optimization restart 3/5, f = 168.85369192096977
Optimization restart 4/5, f = 168.85368597110372
Optimization restart 5/5, f = 168.342635421507
f inputs x:[[0.89820357 0.29193208 0.18681281 0.0165876 ]] outputs y:45.90476064877097 (n:-0.4231330897778943)
num acquisition: 110, time elapsed: 20.60s
Optimization restart 1/5, f = 169.22895236314986
Optimization restart 2/5, f = 170.27262428789288
Optimization restart 3/5, f = 170.27262971095325
Optimization restart 4/5, f = 170.27262410896708
Optimization restart 5/5, f = 169.76397356629215
f inputs x:[[0.39112908 0.9768365  0.24311031 0.65174875]] outputs y:44.25662956782997 (n:-2.996252532632661)
num acquisition: 111, time elapsed: 20.85s
Optimization restart 1/5, f = 170.65911609971698
Optimization restart 2/5, f = 171.69156841182183
Optimization restart 3/5, f = 171.1942781675849
Optimization restart 4/5, f = 171.69157028961618
Optimization restart 5/5, f = 171.69156875115968
f inputs x:[[0.58578644 0.39760751 0.41666171 0.06448024]] outputs y:51.97248421683957 (n:1.9560556289728819)
num acquisition: 112, time elapsed: 21.12s
Optimization restart 1/5, f = 172.063894687391
Optimization restart 2/5, f = 173.11050818606856
Optimization restart 3/5, f = 173.11050364745455
Optimization restart 4/5, f = 173.11050200111924
Optimization restart 5/5, f = 173.11016702774694
f inputs x:[[0.49199868 0.5279203  0.04785057 0.17351702]] outputs y:67.02574052616966 (n:3.4494438716910656)
num acquisition: 113, time elapsed: 21.40s
Optimization restart 1/5, f = 173.55067289988116
Optimization restart 2/5, f = 174.53032091596515
Optimization restart 3/5, f = 174.05420817705132
Optimization restart 4/5, f = 174.0345389957625
Optimization restart 5/5, f = 174.03453899504348
f inputs x:[[0.70843046 0.92515463 0.81115457 0.79034745]] outputs y:45.750977751857604 (n:-2.3798692728025075)
num acquisition: 114, time elapsed: 21.66s
Optimization restart 1/5, f = 174.97185800732683
Optimization restart 2/5, f = 175.9483861040096
Optimization restart 3/5, f = 175.94837841739
Optimization restart 4/5, f = 175.9483838156102
Optimization restart 5/5, f = 175.94837847971777
f inputs x:[[0.19953656 0.96488701 0.36550801 0.44108504]] outputs y:46.59321305163362 (n:-1.1876543623374909)
num acquisition: 115, time elapsed: 21.92s
Optimization restart 1/5, f = 176.38947742885114
Optimization restart 2/5, f = 176.8757007451864
Optimization restart 3/5, f = 177.36732277947726
Optimization restart 4/5, f = 177.36732411563162
Optimization restart 5/5, f = 177.3673170574367
f inputs x:[[0.16655615 0.68160903 0.98740288 0.97553607]] outputs y:47.49014175218375 (n:0.09334443727329673)
num acquisition: 116, time elapsed: 22.24s
Optimization restart 1/5, f = 177.80378957565713
Optimization restart 2/5, f = 178.2911171031287
Optimization restart 3/5, f = 178.78626025838133
Optimization restart 4/5, f = 178.78626212170735
Optimization restart 5/5, f = 178.78625541676766
f inputs x:[[0.96279295 0.0318871  0.12009208 0.91757271]] outputs y:47.668645179255904 (n:-1.649348926598855)
num acquisition: 117, time elapsed: 22.50s
Optimization restart 1/5, f = 179.21748786997978
Optimization restart 2/5, f = 180.2051941340964
Optimization restart 3/5, f = 180.205193976217
Optimization restart 4/5, f = 179.70589901051568
Optimization restart 5/5, f = 180.20520363280866
f inputs x:[[0.06165832 0.59083167 0.86855276 0.28403367]] outputs y:52.53758941000029 (n:3.065115263492042)
num acquisition: 118, time elapsed: 22.77s
Optimization restart 1/5, f = 180.6222982682545
Optimization restart 2/5, f = 181.62413818331024
Optimization restart 3/5, f = 181.13024938091394
Optimization restart 4/5, f = 181.62413259164111
Optimization restart 5/5, f = 181.6241400880893
f inputs x:[[0.18051376 0.11846833 0.42173388 0.12848011]] outputs y:45.77413296977778 (n:-0.9279471182993944)
num acquisition: 119, time elapsed: 23.05s
Optimization restart 1/5, f = 182.04340805793953
Optimization restart 2/5, f = 183.04307711021
Optimization restart 3/5, f = 183.04401997528765
Optimization restart 4/5, f = 183.04307219394232
Optimization restart 5/5, f = 183.0430740815999
f inputs x:[[0.6921163  0.68160718 0.77435503 0.94110699]] outputs y:49.14279690925221 (n:-4.136895515316004)
num acquisition: 120, time elapsed: 23.31s
Optimization restart 1/5, f = 183.45299968598522
Optimization restart 2/5, f = 184.46200952695324
Optimization restart 3/5, f = 183.94104357531694
Optimization restart 4/5, f = 184.46201460006483
Optimization restart 5/5, f = 184.46200968628938
f inputs x:[[0.91790746 0.55577403 0.20608436 0.74825411]] outputs y:43.29808338253416 (n:-2.9381929940740417)
num acquisition: 121, time elapsed: 23.58s
Optimization restart 1/5, f = 184.88678702226258
Optimization restart 2/5, f = 185.8809565483247
Optimization restart 3/5, f = 185.88095372174067
Optimization restart 4/5, f = 185.88185718377747
Optimization restart 5/5, f = 185.88095285463004
f inputs x:[[0.39871846 0.91018153 0.81077758 0.71690487]] outputs y:46.186398581430616 (n:-1.794792339938343)
num acquisition: 122, time elapsed: 23.84s
Optimization restart 1/5, f = 186.30601863644708
Optimization restart 2/5, f = 187.29988671690202
Optimization restart 3/5, f = 186.7956221325934
Optimization restart 4/5, f = 186.7956221325988
Optimization restart 5/5, f = 186.7956221325921
f inputs x:[[0.95916801 0.98374581 0.35376486 0.13330163]] outputs y:50.99513312608499 (n:2.6192440488160917)
num acquisition: 123, time elapsed: 24.14s
Optimization restart 1/5, f = 187.71251695953407
Optimization restart 2/5, f = 188.22264806477517
Optimization restart 3/5, f = 188.71882565314786
Optimization restart 4/5, f = 188.71882770170612
Optimization restart 5/5, f = 187.71251695333564
f inputs x:[[0.56509637 0.65081275 0.43140941 0.13968768]] outputs y:48.50021140559225 (n:0.2806544013288092)
num acquisition: 124, time elapsed: 24.50s
Optimization restart 1/5, f = 189.1239085317137
Optimization restart 2/5, f = 190.1377710788327
Optimization restart 3/5, f = 190.13777087144177
Optimization restart 4/5, f = 189.63558218692782
Optimization restart 5/5, f = 190.13776399341674
f inputs x:[[0.00716222 0.77736282 0.83454017 0.33721701]] outputs y:52.26889250769469 (n:0.7723214555730901)
num acquisition: 125, time elapsed: 24.78s
Optimization restart 1/5, f = 190.5294264826731
Optimization restart 2/5, f = 191.5567023658204
Optimization restart 3/5, f = 191.01733822683912
Optimization restart 4/5, f = 191.5567033642052
Optimization restart 5/5, f = 191.5567015754052
f inputs x:[[0.39619997 0.21754681 0.70974402 0.79039079]] outputs y:45.46088456281514 (n:-0.14471242413316215)
num acquisition: 126, time elapsed: 25.07s
Optimization restart 1/5, f = 191.95196796016512
Optimization restart 2/5, f = 192.4410524544515
Optimization restart 3/5, f = 191.95196794056227
Optimization restart 4/5, f = 192.97564081905352
Optimization restart 5/5, f = 192.97564655546637
f inputs x:[[0.84942723 0.18554085 0.35938708 0.472979  ]] outputs y:46.332922223172524 (n:-1.7708960840865506)
num acquisition: 127, time elapsed: 25.37s
Optimization restart 1/5, f = 193.37071296544065
Optimization restart 2/5, f = 193.86102068014907
Optimization restart 3/5, f = 194.39459442100815
Optimization restart 4/5, f = 194.39457940637885
Optimization restart 5/5, f = 193.8610207106065
f inputs x:[[0.20392945 0.39658306 0.63098421 0.42449793]] outputs y:50.61456780374088 (n:3.7048941810441427)
num acquisition: 128, time elapsed: 25.70s
Optimization restart 1/5, f = 194.77791015052026
Optimization restart 2/5, f = 195.8135264351214
Optimization restart 3/5, f = 195.26780795880052
Optimization restart 4/5, f = 195.8135274817115
Optimization restart 5/5, f = 195.81352372318594
f inputs x:[[0.87298607 0.64650362 0.50903884 0.81110163]] outputs y:47.31310054223159 (n:-4.51602046042212)
num acquisition: 129, time elapsed: 25.99s
Optimization restart 1/5, f = 196.19302912213084
Optimization restart 2/5, f = 197.23245639103177
Optimization restart 3/5, f = 197.23245639750445
Optimization restart 4/5, f = 196.68407901977577
Optimization restart 5/5, f = 196.6840790018838
f inputs x:[[0.17985788 0.11859365 0.38047296 0.07716502]] outputs y:44.813939208603664 (n:-2.347389587675731)
num acquisition: 130, time elapsed: 26.29s
Optimization restart 1/5, f = 197.61859716085922
Optimization restart 2/5, f = 198.10885863534543
Optimization restart 3/5, f = 198.6513949355564
Optimization restart 4/5, f = 198.651395408926
Optimization restart 5/5, f = 198.6519991194279
f inputs x:[[0.93729295 0.11619804 0.49163065 0.89639307]] outputs y:51.06275943964959 (n:3.368332405851789)
num acquisition: 131, time elapsed: 26.62s
Optimization restart 1/5, f = 199.02541407214602
Optimization restart 2/5, f = 200.07033532293846
Optimization restart 3/5, f = 200.07033994084028
Optimization restart 4/5, f = 200.0703396620386
Optimization restart 5/5, f = 200.07033914264025
f inputs x:[[0.40864364 0.43160326 0.44096719 0.67910439]] outputs y:50.85387377607008 (n:2.1215030477790022)
num acquisition: 132, time elapsed: 26.92s
Optimization restart 1/5, f = 200.4324723509344
Optimization restart 2/5, f = 201.48927228915738
Optimization restart 3/5, f = 200.9502403657306
Optimization restart 4/5, f = 200.92075646572482
Optimization restart 5/5, f = 200.92075646707707
f inputs x:[[0.20672115 0.77658194 0.24760268 0.05995656]] outputs y:47.54449026638437 (n:0.3591211753931608)
num acquisition: 133, time elapsed: 27.33s
Optimization restart 1/5, f = 201.84688114725694
Optimization restart 2/5, f = 202.33626592773766
Optimization restart 3/5, f = 202.33626592789346
Optimization restart 4/5, f = 202.33626592947888
Optimization restart 5/5, f = 202.90821155854286
f inputs x:[[0.51958961 0.50406789 0.16190638 0.56214601]] outputs y:37.72471357624882 (n:-5.644501471991424)
num acquisition: 134, time elapsed: 27.62s
Optimization restart 1/5, f = 203.32090724756054
Optimization restart 2/5, f = 203.80595897181922
Optimization restart 3/5, f = 203.8059589716066
Optimization restart 4/5, f = 203.80595897151522
Optimization restart 5/5, f = 203.32090724752553
f inputs x:[[0.72346409 0.25356123 0.98788474 0.21670392]] outputs y:41.63902853398997 (n:-2.607215735441768)
num acquisition: 135, time elapsed: 28.03s
Optimization restart 1/5, f = 204.7624103874347
Optimization restart 2/5, f = 205.26794701054735
Optimization restart 3/5, f = 205.74609476427332
Optimization restart 4/5, f = 205.74609422952048
Optimization restart 5/5, f = 205.74608773911086
f inputs x:[[0.07800577 0.2065364  0.88059369 0.00855093]] outputs y:50.350890363917216 (n:1.684401633398502)
num acquisition: 136, time elapsed: 28.36s
Optimization restart 1/5, f = 206.1710134727815
Optimization restart 2/5, f = 206.655466184195
Optimization restart 3/5, f = 207.16503455302865
Optimization restart 4/5, f = 207.16503383083108
Optimization restart 5/5, f = 207.1650906466915
f inputs x:[[0.50649161 0.06854694 0.17292607 0.20693683]] outputs y:49.27963014211227 (n:-0.3877482242032266)
num acquisition: 137, time elapsed: 28.71s
Optimization restart 1/5, f = 207.58149972239565
Optimization restart 2/5, f = 208.58397116847337
Optimization restart 3/5, f = 208.58397070453753
Optimization restart 4/5, f = 208.58397222626294
Optimization restart 5/5, f = 208.0662376931026
f inputs x:[[0.73520575 0.46216707 0.03269531 0.61675294]] outputs y:48.2193642659511 (n:1.2888768067695953)
num acquisition: 138, time elapsed: 29.00s
Optimization restart 1/5, f = 208.99443070872388
Optimization restart 2/5, f = 210.00290318260235
Optimization restart 3/5, f = 210.00290699400358
Optimization restart 4/5, f = 210.00290953461626
Optimization restart 5/5, f = 210.00290667064655
f inputs x:[[0.34453688 0.66387255 0.13026329 0.97374819]] outputs y:42.33832176054211 (n:-1.5383663828349414)
num acquisition: 139, time elapsed: 29.33s
Optimization restart 1/5, f = 210.43149048418067
Optimization restart 2/5, f = 210.93842258853584
Optimization restart 3/5, f = 211.42184649595487
Optimization restart 4/5, f = 210.93839062773213
Optimization restart 5/5, f = 211.42184810461123
f inputs x:[[0.62073198 0.20929181 0.2151801  0.34794303]] outputs y:55.77375321869117 (n:6.423573968529237)
num acquisition: 140, time elapsed: 29.65s
Optimization restart 1/5, f = 211.83976763046888
Optimization restart 2/5, f = 212.8407802685785
Optimization restart 3/5, f = 212.84078558175577
Optimization restart 4/5, f = 212.84078026683486
Optimization restart 5/5, f = 212.84078987961445
f inputs x:[[0.84208614 0.34113709 0.45995152 0.39448548]] outputs y:46.73462200703153 (n:-1.0640377649672932)
num acquisition: 141, time elapsed: 29.99s
Optimization restart 1/5, f = 213.25729846051976
Optimization restart 2/5, f = 214.2597245628416
Optimization restart 3/5, f = 214.25971902616328
Optimization restart 4/5, f = 214.25971931412428
Optimization restart 5/5, f = 214.25972222243377
f inputs x:[[0.43404941 0.66221725 0.29593755 0.22838915]] outputs y:49.205327220590604 (n:3.839966376854549)
num acquisition: 142, time elapsed: 30.34s
Optimization restart 1/5, f = 214.6682806797424
Optimization restart 2/5, f = 215.678657609059
Optimization restart 3/5, f = 215.67866480936704
Optimization restart 4/5, f = 214.6682806536041
Optimization restart 5/5, f = 215.14916712295525
f inputs x:[[0.11273479 0.56220122 0.689855   0.14641847]] outputs y:42.990847463722446 (n:-4.348949549655259)
num acquisition: 143, time elapsed: 30.74s
Optimization restart 1/5, f = 216.10135128879642
Optimization restart 2/5, f = 216.58288710942247
Optimization restart 3/5, f = 217.09762709718677
Optimization restart 4/5, f = 217.09759630268647
Optimization restart 5/5, f = 217.09760051943718
f inputs x:[[0.33597356 0.14369989 0.70139364 0.48617019]] outputs y:45.40622065288519 (n:0.5079788238676396)
num acquisition: 144, time elapsed: 31.06s
Optimization restart 1/5, f = 217.52349904414592
Optimization restart 2/5, f = 218.51654405238094
Optimization restart 3/5, f = 218.51654287665605
Optimization restart 4/5, f = 218.00609968511907
Optimization restart 5/5, f = 218.51653996465788
f inputs x:[[0.32580799 0.25710071 0.17518893 0.37543745]] outputs y:49.20348415371227 (n:1.5434752462875845)
num acquisition: 145, time elapsed: 31.44s
Optimization restart 1/5, f = 218.9346385381427
Optimization restart 2/5, f = 219.93547559367082
Optimization restart 3/5, f = 219.93547303136108
Optimization restart 4/5, f = 219.93547290463613
Optimization restart 5/5, f = 219.93547720945006
f inputs x:[[0.34053859 0.88557118 0.79782131 0.78816258]] outputs y:51.366129780360495 (n:1.9045283457838256)
num acquisition: 146, time elapsed: 31.81s
Optimization restart 1/5, f = 220.34265703984167
Optimization restart 2/5, f = 221.35441145253893
Optimization restart 3/5, f = 221.3544189671411
Optimization restart 4/5, f = 221.35441686528634
Optimization restart 5/5, f = 220.82459995142077
f inputs x:[[0.40333577 0.5923469  0.6392856  0.21630617]] outputs y:42.81742947979787 (n:-1.5747393478197163)
num acquisition: 147, time elapsed: 32.18s
Optimization restart 1/5, f = 221.7762914088442
Optimization restart 2/5, f = 222.7733502148816
Optimization restart 3/5, f = 222.77335853237295
Optimization restart 4/5, f = 222.77335636283962
Optimization restart 5/5, f = 222.77335011787437
f inputs x:[[0.58407751 0.83790086 0.60917485 0.7591451 ]] outputs y:47.07181336030955 (n:-0.17207365661941887)
num acquisition: 148, time elapsed: 32.55s
Optimization restart 1/5, f = 223.1927883576262
Optimization restart 2/5, f = 224.19228906085752
Optimization restart 3/5, f = 223.67618073952463
Optimization restart 4/5, f = 223.67618073965465
Optimization restart 5/5, f = 224.1922886256766
f inputs x:[[0.89897787 0.5403564  0.15300862 0.98476869]] outputs y:44.44782625788317 (n:-2.2831765724796305)
num acquisition: 149, time elapsed: 32.92s
Optimization restart 1/5, f = 224.61861753771228
Optimization restart 2/5, f = 225.61123277989495
Optimization restart 3/5, f = 225.61123393466846
Optimization restart 4/5, f = 225.6112274703808
Optimization restart 5/5, f = 225.12498159269666
f inputs x:[[0.34900412 0.51954317 0.52006333 0.30518732]] outputs y:47.76704027962893 (n:-0.127575884826174)
num acquisition: 150, time elapsed: 33.28s
Optimization restart 1/5, f = 226.03318286630306
Optimization restart 2/5, f = 226.51827507866807
Optimization restart 3/5, f = 227.03017046278268
Optimization restart 4/5, f = 227.03017174578406
Optimization restart 5/5, f = 227.03016609192028
f inputs x:[[0.13854676 0.42687287 0.81057922 0.07148382]] outputs y:48.44518232896073 (n:-1.1108635625329826)
num acquisition: 151, time elapsed: 33.61s
Optimization restart 1/5, f = 227.44609898047923
Optimization restart 2/5, f = 227.9318015548269
Optimization restart 3/5, f = 227.93180155504842
Optimization restart 4/5, f = 228.44911204415294
Optimization restart 5/5, f = 228.44910998743032
f inputs x:[[0.36132528 0.65413001 0.24282683 0.91519675]] outputs y:51.08674404196953 (n:2.7242482749823287)
num acquisition: 152, time elapsed: 34.00s
Optimization restart 1/5, f = 228.85472920099005
Optimization restart 2/5, f = 228.85472913690649
Optimization restart 3/5, f = 229.86804885289501
Optimization restart 4/5, f = 229.86804346151732
Optimization restart 5/5, f = 229.86805061083533
f inputs x:[[0.6508846  0.91702191 0.25351454 0.54314524]] outputs y:44.53201999365567 (n:-2.4400669332838816)
num acquisition: 153, time elapsed: 34.48s
Optimization restart 1/5, f = 230.28022913958685
Optimization restart 2/5, f = 231.2869866722482
Optimization restart 3/5, f = 231.2876688173547
Optimization restart 4/5, f = 230.76606712106795
Optimization restart 5/5, f = 231.28698124111477
f inputs x:[[0.47748801 0.2852041  0.04903563 0.08838224]] outputs y:49.343160814221484 (n:1.9065301208320635)
num acquisition: 154, time elapsed: 34.83s
Optimization restart 1/5, f = 231.69137524489076
Optimization restart 2/5, f = 232.70591978908863
Optimization restart 3/5, f = 232.17744887938898
Optimization restart 4/5, f = 232.7059271755507
Optimization restart 5/5, f = 232.70592720955216
f inputs x:[[0.38212626 0.54971935 0.67609652 0.75329373]] outputs y:50.15503472129237 (n:3.0810144804991557)
num acquisition: 155, time elapsed: 35.18s
Optimization restart 1/5, f = 233.10120622345124
Optimization restart 2/5, f = 234.1248636825706
Optimization restart 3/5, f = 234.12485830978193
Optimization restart 4/5, f = 234.12486413524067
Optimization restart 5/5, f = 234.12486553390312
f inputs x:[[0.91308863 0.79316674 0.4926126  0.31789921]] outputs y:49.44023859322418 (n:-0.7228767414442561)
num acquisition: 156, time elapsed: 35.56s
Optimization restart 1/5, f = 234.51217237670437
Optimization restart 2/5, f = 235.5438015284612
Optimization restart 3/5, f = 235.54380550021088
Optimization restart 4/5, f = 235.54380341660374
Optimization restart 5/5, f = 235.54379694535177
f inputs x:[[0.30750758 0.61887579 0.48836023 0.43019283]] outputs y:43.632460564139784 (n:-2.4292113388504037)
num acquisition: 157, time elapsed: 35.90s
Optimization restart 1/5, f = 235.94168778835115
Optimization restart 2/5, f = 236.9627360880238
Optimization restart 3/5, f = 236.9627426444186
Optimization restart 4/5, f = 236.42844083055485
Optimization restart 5/5, f = 236.9627365190402
f inputs x:[[0.35341098 0.63167504 0.80627051 0.35121772]] outputs y:49.82975138501214 (n:1.3922213431092734)
num acquisition: 158, time elapsed: 36.27s
Optimization restart 1/5, f = 237.35210258257158
Optimization restart 2/5, f = 238.38167550656033
Optimization restart 3/5, f = 238.38168320572623
Optimization restart 4/5, f = 238.38168313801935
Optimization restart 5/5, f = 238.38167748242796
f inputs x:[[0.38697981 0.64120558 0.95767577 0.26212366]] outputs y:56.17017902197805 (n:3.1913802625430843)
num acquisition: 159, time elapsed: 36.64s
Optimization restart 1/5, f = 238.76259357167186
Optimization restart 2/5, f = 239.27288941241045
Optimization restart 3/5, f = 239.80061259343373
Optimization restart 4/5, f = 239.80061252734458
Optimization restart 5/5, f = 239.80061245579012
f inputs x:[[0.43231523 0.32613707 0.97898462 0.00143552]] outputs y:47.92088119364838 (n:0.4181634203705966)
num acquisition: 160, time elapsed: 37.09s
Optimization restart 1/5, f = 240.17702278841566
Optimization restart 2/5, f = 240.65800015956148
Optimization restart 3/5, f = 240.6580001595875
Optimization restart 4/5, f = 241.21955862647613
Optimization restart 5/5, f = 241.21955831714843
f inputs x:[[0.60518804 0.3009082  0.69146737 0.35450141]] outputs y:45.122127293712516 (n:-2.405187529056162)
num acquisition: 161, time elapsed: 37.50s
Optimization restart 1/5, f = 241.60024937930484
Optimization restart 2/5, f = 242.08227888147317
Optimization restart 3/5, f = 242.63849004356967
Optimization restart 4/5, f = 242.08227888252185
Optimization restart 5/5, f = 242.63849497274015
f inputs x:[[0.71895782 0.29513282 0.64803038 0.15131108]] outputs y:42.80112261499877 (n:-3.8617994065570866)
num acquisition: 162, time elapsed: 37.92s
Optimization restart 1/5, f = 243.0333556353192
Optimization restart 2/5, f = 243.76836394110103
Optimization restart 3/5, f = 244.05742828774476
Optimization restart 4/5, f = 244.05743722158212
Optimization restart 5/5, f = 244.05743503797922
f inputs x:[[0.24909141 0.40706464 0.07712931 0.32398179]] outputs y:47.510249813222 (n:-2.300612962619976)
num acquisition: 163, time elapsed: 38.32s
Optimization restart 1/5, f = 244.44886985954312
Optimization restart 2/5, f = 244.93229157329682
Optimization restart 3/5, f = 244.9322915733277
Optimization restart 4/5, f = 244.95950430693338
Optimization restart 5/5, f = 245.4763720298406
f inputs x:[[0.99521251 0.19484496 0.91809779 0.13918671]] outputs y:47.42744997584664 (n:-3.0034611946385157)
num acquisition: 164, time elapsed: 38.75s
Optimization restart 1/5, f = 245.86458442324104
Optimization restart 2/5, f = 246.89531458315113
Optimization restart 3/5, f = 246.60683544907187
Optimization restart 4/5, f = 246.60683544972105
Optimization restart 5/5, f = 246.89530526053625
f inputs x:[[0.56040826 0.46582714 0.53075007 0.2106097 ]] outputs y:52.97406353706649 (n:2.324962086826245)
num acquisition: 165, time elapsed: 39.21s
Optimization restart 1/5, f = 247.27298114355125
Optimization restart 2/5, f = 247.75474324258246
Optimization restart 3/5, f = 248.31425211351103
Optimization restart 4/5, f = 248.3160581634467
Optimization restart 5/5, f = 248.31424462000496
f inputs x:[[0.43075639 0.1950561  0.31376673 0.63568703]] outputs y:49.69567489701467 (n:0.9867425211146945)
num acquisition: 166, time elapsed: 39.61s
Optimization restart 1/5, f = 248.68398360389543
Optimization restart 2/5, f = 249.73318219076893
Optimization restart 3/5, f = 249.1656692118471
Optimization restart 4/5, f = 249.7331845875931
Optimization restart 5/5, f = 249.73319067932172
f inputs x:[[0.9444688  0.32924549 0.111426   0.60531142]] outputs y:42.54532696506981 (n:-4.482235316544197)
num acquisition: 167, time elapsed: 40.01s
Optimization restart 1/5, f = 250.11817729142246
Optimization restart 2/5, f = 251.1521461013811
Optimization restart 3/5, f = 251.15212843802965
Optimization restart 4/5, f = 251.15212740158634
Optimization restart 5/5, f = 251.15212815536464
f inputs x:[[0.25620138 0.11368942 0.15368239 0.80177307]] outputs y:44.7682522341398 (n:-0.8839964772462651)
num acquisition: 168, time elapsed: 40.43s
Optimization restart 1/5, f = 251.54246531000004
Optimization restart 2/5, f = 252.02567400861818
Optimization restart 3/5, f = 252.57105924908277
Optimization restart 4/5, f = 252.5710594188558
Optimization restart 5/5, f = 252.5710593575722
f inputs x:[[0.67670264 0.78094104 0.12052317 0.06787532]] outputs y:46.06276580004085 (n:-0.5784703090049669)
num acquisition: 169, time elapsed: 40.88s
Optimization restart 1/5, f = 252.96219107821585
Optimization restart 2/5, f = 253.9899978824488
Optimization restart 3/5, f = 253.99000641977392
Optimization restart 4/5, f = 253.99000635113157
Optimization restart 5/5, f = 253.98999781735196
f inputs x:[[0.50972131 0.02109621 0.28320265 0.08249212]] outputs y:44.433076795657236 (n:-3.529686894958651)
num acquisition: 170, time elapsed: 41.32s
Optimization restart 1/5, f = 254.38762315256324
Optimization restart 2/5, f = 255.40893643044137
Optimization restart 3/5, f = 254.87272322558664
Optimization restart 4/5, f = 254.89835317139
Optimization restart 5/5, f = 254.8727232236263
f inputs x:[[0.5498993  0.16618636 0.56366198 0.19176189]] outputs y:55.97314353005688 (n:3.8319295836109224)
num acquisition: 171, time elapsed: 41.80s
Optimization restart 1/5, f = 255.79821709728213
Optimization restart 2/5, f = 256.8278809292919
Optimization restart 3/5, f = 256.82787495787636
Optimization restart 4/5, f = 256.8278749274856
Optimization restart 5/5, f = 256.8278812958663
f inputs x:[[0.67782133 0.38342034 0.61306373 0.25314158]] outputs y:44.414715872155185 (n:-2.1566254567983187)
num acquisition: 172, time elapsed: 42.35s
Optimization restart 1/5, f = 257.2236574012994
Optimization restart 2/5, f = 258.246813529718
Optimization restart 3/5, f = 257.7040804838448
Optimization restart 4/5, f = 258.2468206268268
Optimization restart 5/5, f = 258.2468139258925
f inputs x:[[0.39985075 0.07010345 0.64654675 0.42194265]] outputs y:48.00674563919513 (n:-0.4497219874302727)
num acquisition: 173, time elapsed: 42.81s
Optimization restart 1/5, f = 258.63825784951223
Optimization restart 2/5, f = 259.6657515764551
Optimization restart 3/5, f = 259.1193072923968
Optimization restart 4/5, f = 259.11930729255187
Optimization restart 5/5, f = 259.11930732399117
f inputs x:[[0.50006151 0.9628936  0.80192877 0.11767697]] outputs y:46.43929757904464 (n:-0.815982935433617)
num acquisition: 174, time elapsed: 43.17s
Optimization restart 1/5, f = 260.05686734781136
Optimization restart 2/5, f = 261.08469977452546
Optimization restart 3/5, f = 261.08469322387805
Optimization restart 4/5, f = 260.056867347261
Optimization restart 5/5, f = 261.08469043413703
f inputs x:[[0.51672994 0.20143161 0.86433001 0.82197338]] outputs y:43.971363892536054 (n:-1.3500499209932435)
num acquisition: 175, time elapsed: 43.75s
Optimization restart 1/5, f = 261.48388454926163
Optimization restart 2/5, f = 262.5036320763793
Optimization restart 3/5, f = 261.99307531731347
Optimization restart 4/5, f = 261.9667010276195
Optimization restart 5/5, f = 262.5036290952106
f inputs x:[[0.80431947 0.84684706 0.48181417 0.29761506]] outputs y:43.93721691667096 (n:-4.089085389674911)
num acquisition: 176, time elapsed: 44.29s
Optimization restart 1/5, f = 262.9108770856992
Optimization restart 2/5, f = 263.9225677144764
Optimization restart 3/5, f = 263.9225727367367
Optimization restart 4/5, f = 263.9225752337607
Optimization restart 5/5, f = 263.92257135399245
f inputs x:[[0.46941559 0.10388667 0.06613678 0.29944486]] outputs y:51.012700788695206 (n:1.6437518672856488)
num acquisition: 177, time elapsed: 44.76s
Optimization restart 1/5, f = 264.3209416724903
Optimization restart 2/5, f = 265.3415071590233
Optimization restart 3/5, f = 265.3415080262481
Optimization restart 4/5, f = 264.8038109695975
Optimization restart 5/5, f = 265.34150603944806
f inputs x:[[0.97298844 0.05373117 0.90916962 0.80871292]] outputs y:46.682594508442754 (n:0.7811313150129844)
num acquisition: 178, time elapsed: 45.31s
Optimization restart 1/5, f = 265.73883930198934
Optimization restart 2/5, f = 266.7604475624519
Optimization restart 3/5, f = 266.7604519466215
Optimization restart 4/5, f = 266.24880691700776
Optimization restart 5/5, f = 266.7604540064559
f inputs x:[[0.0618935  0.56033698 0.34011372 0.23863007]] outputs y:44.830394367129685 (n:-3.328798192214453)
num acquisition: 179, time elapsed: 45.88s
Optimization restart 1/5, f = 267.162472348237
Optimization restart 2/5, f = 267.6471125936001
Optimization restart 3/5, f = 268.17938314000014
Optimization restart 4/5, f = 268.1793831826676
Optimization restart 5/5, f = 268.179389402668
f inputs x:[[0.24691321 0.32916534 0.91261294 0.77602041]] outputs y:44.6401185165054 (n:-3.607483128129452)
num acquisition: 180, time elapsed: 46.53s
Optimization restart 1/5, f = 268.5866968357552
Optimization restart 2/5, f = 269.5983479310519
Optimization restart 3/5, f = 269.59832762860333
Optimization restart 4/5, f = 269.59832691271754
Optimization restart 5/5, f = 269.0721590296727
f inputs x:[[0.41025311 0.39286648 0.32008757 0.84007886]] outputs y:51.24537053722805 (n:3.3993565594583757)
num acquisition: 181, time elapsed: 47.05s
Optimization restart 1/5, f = 269.9967369262961
Optimization restart 2/5, f = 271.0172601852575
Optimization restart 3/5, f = 270.4813729666748
Optimization restart 4/5, f = 271.01726091439417
Optimization restart 5/5, f = 271.01726038765514
f inputs x:[[0.64046701 0.92349266 0.83438803 0.93457308]] outputs y:52.17894433722905 (n:3.1000436728541896)
num acquisition: 182, time elapsed: 47.58s
Optimization restart 1/5, f = 271.40626316186444
Optimization restart 2/5, f = 272.43620602915234
Optimization restart 3/5, f = 271.8893565805589
Optimization restart 4/5, f = 272.4362036941083
Optimization restart 5/5, f = 272.4361988293125
f inputs x:[[0.86674218 0.18472311 0.27965524 0.93061898]] outputs y:47.2809801251896 (n:-1.565231892127297)
num acquisition: 183, time elapsed: 48.24s
Optimization restart 1/5, f = 272.82265735094126
Optimization restart 2/5, f = 273.8551373078096
Optimization restart 3/5, f = 273.30654634194957
Optimization restart 4/5, f = 273.3065463417453
Optimization restart 5/5, f = 273.3341342108563
f inputs x:[[0.7376215  0.71973878 0.61208492 0.64713229]] outputs y:48.84877955724334 (n:1.5346399249507716)
num acquisition: 184, time elapsed: 48.86s
Optimization restart 1/5, f = 274.2357495980008
Optimization restart 2/5, f = 274.7199851353248
Optimization restart 3/5, f = 275.2740843821698
Optimization restart 4/5, f = 275.27407625089154
Optimization restart 5/5, f = 274.7199851224948
f inputs x:[[0.05032873 0.62512721 0.13066632 0.61312766]] outputs y:52.131189983755434 (n:4.541295603786846)
num acquisition: 185, time elapsed: 49.40s
Optimization restart 1/5, f = 275.64536099705845
Optimization restart 2/5, f = 276.69301444650074
Optimization restart 3/5, f = 276.69302328414284
Optimization restart 4/5, f = 276.69301475320106
Optimization restart 5/5, f = 276.6930192801109
f inputs x:[[0.16440427 0.99731702 0.44490091 0.50008271]] outputs y:46.00117147430717 (n:0.0016105067941009862)
num acquisition: 186, time elapsed: 49.92s
Optimization restart 1/5, f = 277.06527497199465
Optimization restart 2/5, f = 278.1119839882965
Optimization restart 3/5, f = 278.11195811895
Optimization restart 4/5, f = 278.11195986424616
Optimization restart 5/5, f = 278.1120209969117
f inputs x:[[0.86411798 0.23721087 0.82143079 0.96920707]] outputs y:45.06474370510454 (n:-0.09648291169389298)
num acquisition: 187, time elapsed: 50.42s
Optimization restart 1/5, f = 278.48814781786996
Optimization restart 2/5, f = 279.5308976713238
Optimization restart 3/5, f = 279.53089766877576
Optimization restart 4/5, f = 279.5309383344836
Optimization restart 5/5, f = 279.53089151243387
f inputs x:[[0.5780985  0.16443005 0.6563395  0.67798749]] outputs y:48.57996538730396 (n:0.5901992305525712)
num acquisition: 188, time elapsed: 50.95s
Optimization restart 1/5, f = 279.90177987856816
Optimization restart 2/5, f = 280.38677471204846
Optimization restart 3/5, f = 280.9498300988348
Optimization restart 4/5, f = 280.3867747120243
Optimization restart 5/5, f = 280.9498388605806
f inputs x:[[0.93273348 0.50657866 0.14813775 0.60852992]] outputs y:46.22921670792022 (n:-1.3418437117555795)
num acquisition: 189, time elapsed: 51.61s
Optimization restart 1/5, f = 281.320976518075
Optimization restart 2/5, f = 281.32097647444095
Optimization restart 3/5, f = 282.36877471483047
Optimization restart 4/5, f = 282.36876873486835
Optimization restart 5/5, f = 282.36876855792104
f inputs x:[[0.49255077 0.6040464  0.01466126 0.65299724]] outputs y:42.291432100662625 (n:-3.8598237826251762)
num acquisition: 190, time elapsed: 52.31s
Optimization restart 1/5, f = 282.7546574842523
Optimization restart 2/5, f = 283.78771242073344
Optimization restart 3/5, f = 283.78770778378396
Optimization restart 4/5, f = 283.2408017456609
Optimization restart 5/5, f = 283.78770881980256
f inputs x:[[0.44736159 0.58571381 0.36885164 0.76265089]] outputs y:48.22639939818702 (n:1.5366817796763097)
num acquisition: 191, time elapsed: 52.96s
Optimization restart 1/5, f = 284.1690382539317
Optimization restart 2/5, f = 285.20664562221276
Optimization restart 3/5, f = 285.2066522592505
Optimization restart 4/5, f = 284.6557490788824
Optimization restart 5/5, f = 285.20664849752796
f inputs x:[[0.88334116 0.59503722 0.21604979 0.19858489]] outputs y:46.653367640204806 (n:-1.4026774612850643)
num acquisition: 192, time elapsed: 53.50s
Optimization restart 1/5, f = 285.58702439576024
Optimization restart 2/5, f = 286.07461378793414
Optimization restart 3/5, f = 286.10159023900474
Optimization restart 4/5, f = 286.62558410888585
Optimization restart 5/5, f = 286.625586284668
f inputs x:[[0.53231741 0.30450962 0.51261437 0.00221114]] outputs y:45.4013877036976 (n:-1.9479437431598021)
num acquisition: 193, time elapsed: 54.00s
Optimization restart 1/5, f = 287.00861895934486
Optimization restart 2/5, f = 288.0445228419272
Optimization restart 3/5, f = 288.0445228129059
Optimization restart 4/5, f = 288.0445298784879
Optimization restart 5/5, f = 288.04452798176175
f inputs x:[[0.80689679 0.44300407 0.17490582 0.16774994]] outputs y:46.90127473548184 (n:-1.0165542002431385)
num acquisition: 194, time elapsed: 54.68s
Optimization restart 1/5, f = 288.42594215912425
Optimization restart 2/5, f = 289.463468161141
Optimization restart 3/5, f = 288.9152947453698
Optimization restart 4/5, f = 289.4634653604918
Optimization restart 5/5, f = 289.46346460704547
f inputs x:[[0.99436003 0.62506079 0.09364962 0.48863077]] outputs y:47.39806839092576 (n:2.0946207920442146)
num acquisition: 195, time elapsed: 55.24s
Optimization restart 1/5, f = 289.84207226421086
Optimization restart 2/5, f = 290.8824001234362
Optimization restart 3/5, f = 290.88239969555696
Optimization restart 4/5, f = 290.8824081031895
Optimization restart 5/5, f = 289.8420722388408
f inputs x:[[0.31404805 0.85030718 0.14929953 0.96955781]] outputs y:55.76050453569406 (n:4.504277695107853)
num acquisition: 196, time elapsed: 55.99s
Optimization restart 1/5, f = 291.25398197028494
Optimization restart 2/5, f = 292.3013382914552
Optimization restart 3/5, f = 292.3013420096442
Optimization restart 4/5, f = 292.3013431173507
Optimization restart 5/5, f = 292.30133829390644
f inputs x:[[0.80970738 0.91370476 0.5801665  0.50230168]] outputs y:46.95236552600611 (n:-1.6472050419664532)
num acquisition: 197, time elapsed: 56.58s
Optimization restart 1/5, f = 292.67127720701114
Optimization restart 2/5, f = 293.72028625891187
Optimization restart 3/5, f = 293.18634408733016
Optimization restart 4/5, f = 293.7202800550272
Optimization restart 5/5, f = 293.7202769790813
f inputs x:[[0.90393666 0.33514581 0.08088891 0.3342968 ]] outputs y:44.63620962894157 (n:-1.8485792012122715)
num acquisition: 198, time elapsed: 57.16s
Optimization restart 1/5, f = 294.0953711833623
Optimization restart 2/5, f = 295.13921540890937
Optimization restart 3/5, f = 295.1392153099637
Optimization restart 4/5, f = 295.1392153686504
Optimization restart 5/5, f = 294.6101854000462
f inputs x:[[0.57456048 0.08224467 0.56578714 0.30335402]] outputs y:45.63523125603659 (n:-2.4113997839299346)
num acquisition: 199, time elapsed: 57.74s
Optimization restart 1/5, f = 295.51622243014504
Optimization restart 2/5, f = 296.55816182064666
Optimization restart 3/5, f = 296.55815387895757
Optimization restart 4/5, f = 296.55816281782245
Optimization restart 5/5, f = 296.55816176156776
f inputs x:[[0.171519   0.28690206 0.11753387 0.93184987]] outputs y:46.99074135913759 (n:-1.282507802770191)
num acquisition: 200, time elapsed: 58.27s
Optimization restart 1/5, f = 296.9333928474442
Optimization restart 2/5, f = 297.97709257839176
Optimization restart 3/5, f = 297.9770925321469
Optimization restart 4/5, f = 297.97709500086916
Optimization restart 5/5, f = 297.44917918412824
f inputs x:[[0.91937471 0.9236918  0.68863405 0.9784313 ]] outputs y:52.20917790662649 (n:3.8641985875951637)
num acquisition: 201, time elapsed: 58.88s
Optimization restart 1/5, f = 298.3436862903346
Optimization restart 2/5, f = 299.3960362850919
Optimization restart 3/5, f = 299.39603223523784
Optimization restart 4/5, f = 298.83086675361557
Optimization restart 5/5, f = 299.39606766636626
f inputs x:[[0.97072073 0.61002519 0.76212503 0.98780012]] outputs y:53.77360792596332 (n:0.48705058646595645)
num acquisition: 202, time elapsed: 59.42s
Optimization restart 1/5, f = 299.7541184802113
Optimization restart 2/5, f = 300.81497811119596
Optimization restart 3/5, f = 300.23844017112117
Optimization restart 4/5, f = 300.8149725797499
Optimization restart 5/5, f = 300.81497641248484
f inputs x:[[0.49902838 0.31237796 0.75677233 0.20177298]] outputs y:47.74260421380342 (n:-0.4793579041413779)
num acquisition: 203, time elapsed: 60.08s
Optimization restart 1/5, f = 301.1696853491459
Optimization restart 2/5, f = 302.2339079247895
Optimization restart 3/5, f = 302.23391540141154
Optimization restart 4/5, f = 301.6546634999276
Optimization restart 5/5, f = 302.23375093965933
f inputs x:[[0.16673014 0.2733695  0.34253076 0.71638323]] outputs y:43.695875278405374 (n:-1.8122684750586784)
num acquisition: 204, time elapsed: 60.71s
Optimization restart 1/5, f = 302.59713219575343
Optimization restart 2/5, f = 303.65284660631204
Optimization restart 3/5, f = 303.65284793107617
Optimization restart 4/5, f = 303.6528480354078
Optimization restart 5/5, f = 303.65285415793966
f inputs x:[[0.28306265 0.45555706 0.76820078 0.68398131]] outputs y:45.95671581799546 (n:-1.0566014641785575)
num acquisition: 205, time elapsed: 61.29s
Optimization restart 1/5, f = 304.017079669777
Optimization restart 2/5, f = 304.01707490142957
Optimization restart 3/5, f = 305.07178530780163
Optimization restart 4/5, f = 305.07179000589235
Optimization restart 5/5, f = 305.07182097571854
f inputs x:[[0.69738344 0.47240473 0.08531487 0.27392839]] outputs y:48.13089772871305 (n:0.7956434183122263)
num acquisition: 206, time elapsed: 61.96s
Optimization restart 1/5, f = 305.43188398460427
Optimization restart 2/5, f = 305.91891798891004
Optimization restart 3/5, f = 305.9189179781631
Optimization restart 4/5, f = 306.490723674654
Optimization restart 5/5, f = 306.4907246778172
f inputs x:[[0.05563576 0.29109517 0.93389645 0.16448885]] outputs y:48.22791725042935 (n:1.6385209267629153)
num acquisition: 207, time elapsed: 62.69s
Optimization restart 1/5, f = 306.8465003434928
Optimization restart 2/5, f = 307.9096629616757
Optimization restart 3/5, f = 307.909662469987
Optimization restart 4/5, f = 307.3340812020597
Optimization restart 5/5, f = 307.90966694528265
f inputs x:[[0.57890903 0.59944038 0.66186204 0.05620425]] outputs y:49.05383034016512 (n:0.6453198797790288)
num acquisition: 208, time elapsed: 63.49s
Optimization restart 1/5, f = 308.2597167618028
Optimization restart 2/5, f = 309.3286095772579
Optimization restart 3/5, f = 309.3286007208341
Optimization restart 4/5, f = 309.32860088052155
Optimization restart 5/5, f = 309.3286031055223
f inputs x:[[0.44465321 0.8604452  0.5704476  0.67678099]] outputs y:46.77191940448833 (n:0.8047418611809808)
num acquisition: 209, time elapsed: 64.12s
Optimization restart 1/5, f = 309.67750166885014
Optimization restart 2/5, f = 310.7475403124872
Optimization restart 3/5, f = 309.6774950553682
Optimization restart 4/5, f = 310.1662188914957
Optimization restart 5/5, f = 310.7475472979444
f inputs x:[[0.42624019 0.22659646 0.02726731 0.4028791 ]] outputs y:47.06920310273008 (n:-0.9019474250576216)
num acquisition: 210, time elapsed: 64.84s
Optimization restart 1/5, f = 311.09455127412
Optimization restart 2/5, f = 311.58408036666094
Optimization restart 3/5, f = 312.16647855839767
Optimization restart 4/5, f = 312.1664837762255
Optimization restart 5/5, f = 312.16648164665816
f inputs x:[[0.97184383 0.88206189 0.92161944 0.38481336]] outputs y:42.860557387189445 (n:-4.691775270362467)
num acquisition: 211, time elapsed: 65.40s
Optimization restart 1/5, f = 312.52515146239205
Optimization restart 2/5, f = 312.5251514673224
Optimization restart 3/5, f = 313.5854233786122
Optimization restart 4/5, f = 313.015016873331
Optimization restart 5/5, f = 313.5854185185566
f inputs x:[[0.65885961 0.19329058 0.15149967 0.52722387]] outputs y:46.44218417150846 (n:-0.4067043696890716)
num acquisition: 212, time elapsed: 66.29s
Optimization restart 1/5, f = 313.94373437930875
Optimization restart 2/5, f = 315.00436430390175
Optimization restart 3/5, f = 313.9437310467482
Optimization restart 4/5, f = 315.004355047935
Optimization restart 5/5, f = 315.0043547344849
f inputs x:[[0.65324528 0.44953689 0.93872906 0.14177245]] outputs y:51.78396905744043 (n:5.518263342177077)
num acquisition: 213, time elapsed: 67.14s
Optimization restart 1/5, f = 315.35455133583747
Optimization restart 2/5, f = 315.8440939728591
Optimization restart 3/5, f = 316.4232987296575
Optimization restart 4/5, f = 315.8744103914998
Optimization restart 5/5, f = 316.4232934001384
f inputs x:[[0.85723851 0.69550404 0.85391227 0.36964328]] outputs y:46.0934520962682 (n:-1.575770871831078)
num acquisition: 214, time elapsed: 67.86s
Optimization restart 1/5, f = 316.77407954022556
Optimization restart 2/5, f = 317.8422402378991
Optimization restart 3/5, f = 317.84223192979897
Optimization restart 4/5, f = 317.8422318092351
Optimization restart 5/5, f = 317.84223234256
f inputs x:[[0.11389392 0.1607076  0.33739162 0.71324918]] outputs y:48.78001850414825 (n:0.28793603721237804)
num acquisition: 215, time elapsed: 68.55s
Optimization restart 1/5, f = 318.18781900183905
Optimization restart 2/5, f = 319.2611761219355
Optimization restart 3/5, f = 318.25384260422027
Optimization restart 4/5, f = 318.7090635332994
Optimization restart 5/5, f = 319.26117839103824
f inputs x:[[0.63521848 0.09787586 0.81127801 0.32551557]] outputs y:46.207941896006126 (n:-0.8763687515886238)
num acquisition: 216, time elapsed: 69.50s
Optimization restart 1/5, f = 319.6070211933867
Optimization restart 2/5, f = 320.09869691705353
Optimization restart 3/5, f = 320.68011448028534
Optimization restart 4/5, f = 320.68010901890455
Optimization restart 5/5, f = 320.68011104595405
f inputs x:[[0.17996988 0.31502449 0.29360348 0.0049716 ]] outputs y:49.09636447488966 (n:2.3913694119830224)
num acquisition: 217, time elapsed: 70.16s
Optimization restart 1/5, f = 321.0202863591094
Optimization restart 2/5, f = 322.09904782623266
Optimization restart 3/5, f = 322.0990474985766
Optimization restart 4/5, f = 322.0990538202007
Optimization restart 5/5, f = 322.0990524550109
f inputs x:[[0.25687717 0.63029897 0.26685923 0.30718515]] outputs y:50.8306811167359 (n:2.729736310790156)
num acquisition: 218, time elapsed: 70.87s
Optimization restart 1/5, f = 322.4316870718228
Optimization restart 2/5, f = 323.5179879888139
Optimization restart 3/5, f = 323.5179862049765
Optimization restart 4/5, f = 323.5179905630041
Optimization restart 5/5, f = 323.51800056001906
f inputs x:[[0.99765246 0.07539928 0.0851595  0.49042176]] outputs y:43.9065102801687 (n:-2.2476666399907064)
num acquisition: 219, time elapsed: 71.55s
Optimization restart 1/5, f = 323.8581917704322
Optimization restart 2/5, f = 324.93692814493835
Optimization restart 3/5, f = 323.85819177121994
Optimization restart 4/5, f = 324.35019852601187
Optimization restart 5/5, f = 324.3809044753589
f inputs x:[[0.73481562 0.65997132 0.62430263 0.28617573]] outputs y:50.206965885115586 (n:1.2763557001672505)
num acquisition: 220, time elapsed: 72.56s
Optimization restart 1/5, f = 325.2701793647136
Optimization restart 2/5, f = 326.3558631997083
Optimization restart 3/5, f = 326.3558638423079
Optimization restart 4/5, f = 326.35586668639235
Optimization restart 5/5, f = 325.7619480329006
f inputs x:[[0.23526055 0.34472231 0.63310405 0.03725792]] outputs y:49.2783226891055 (n:-0.3161269107499918)
num acquisition: 221, time elapsed: 73.29s
Optimization restart 1/5, f = 326.6832302939506
Optimization restart 2/5, f = 327.77480184685527
Optimization restart 3/5, f = 327.7748092315359
Optimization restart 4/5, f = 327.7748031062677
Optimization restart 5/5, f = 327.7748019514012
f inputs x:[[0.22328714 0.02853712 0.64376501 0.4994002 ]] outputs y:44.645430473626135 (n:-3.0022024973728065)
num acquisition: 222, time elapsed: 74.08s
Optimization restart 1/5, f = 328.10715382309985
Optimization restart 2/5, f = 329.1937402654971
Optimization restart 3/5, f = 329.1936778864721
Optimization restart 4/5, f = 329.19374047752643
Optimization restart 5/5, f = 329.1937462957427
f inputs x:[[0.18815    0.79591258 0.63801594 0.66379221]] outputs y:46.542101366000836 (n:1.2315674223890352)
num acquisition: 223, time elapsed: 74.83s
Optimization restart 1/5, f = 329.5254944757628
Optimization restart 2/5, f = 330.6126836026206
Optimization restart 3/5, f = 329.52549445029445
Optimization restart 4/5, f = 330.612679071113
Optimization restart 5/5, f = 330.6126788709939
f inputs x:[[0.59620292 0.4242751  0.61238216 0.61765275]] outputs y:45.65054835100108 (n:2.0312357276855804)
num acquisition: 224, time elapsed: 75.80s
Optimization restart 1/5, f = 330.9462337572523
Optimization restart 2/5, f = 332.0316172551985
Optimization restart 3/5, f = 332.03162516581824
Optimization restart 4/5, f = 332.0316173433856
Optimization restart 5/5, f = 332.03162410565136
f inputs x:[[0.96481216 0.82210132 0.77828714 0.89687959]] outputs y:52.18394511644828 (n:2.282687482212439)
num acquisition: 225, time elapsed: 76.58s
Optimization restart 1/5, f = 332.3573101017568
Optimization restart 2/5, f = 333.45055771103455
Optimization restart 3/5, f = 333.4505889114111
Optimization restart 4/5, f = 333.4505559680176
Optimization restart 5/5, f = 333.450555719927
f inputs x:[[0.5991441  0.94607734 0.48529968 0.53172734]] outputs y:46.05751009827429 (n:-1.2082905811444753)
num acquisition: 226, time elapsed: 77.34s
Optimization restart 1/5, f = 333.77693461180473
Optimization restart 2/5, f = 334.8694944587114
Optimization restart 3/5, f = 334.8695647900116
Optimization restart 4/5, f = 334.8694973356651
Optimization restart 5/5, f = 334.8695000896938
f inputs x:[[0.39980133 0.77984905 0.35304901 0.65329612]] outputs y:42.20118315869527 (n:-4.3372240916620655)
num acquisition: 227, time elapsed: 78.05s
Optimization restart 1/5, f = 335.2099444121505
Optimization restart 2/5, f = 336.28844017153426
Optimization restart 3/5, f = 336.28843913900437
Optimization restart 4/5, f = 336.2884329247427
Optimization restart 5/5, f = 335.7039608572604
f inputs x:[[0.38472988 0.57687304 0.40820321 0.35138293]] outputs y:45.67365483214209 (n:-1.6167572212059613)
num acquisition: 228, time elapsed: 78.85s
Optimization restart 1/5, f = 336.6305461292509
Optimization restart 2/5, f = 337.70428043150247
Optimization restart 3/5, f = 337.7073714294565
Optimization restart 4/5, f = 337.70737751169025
Optimization restart 5/5, f = 337.12538587558686
f inputs x:[[0.91109404 0.56021752 0.6620551  0.6534555 ]] outputs y:44.754904440314334 (n:-2.1426129559842035)
num acquisition: 229, time elapsed: 79.66s
Optimization restart 1/5, f = 338.05383293366447
Optimization restart 2/5, f = 338.5493828095169
Optimization restart 3/5, f = 339.1263100656727
Optimization restart 4/5, f = 339.1263098856149
Optimization restart 5/5, f = 338.5493826681013
f inputs x:[[0.98476188 0.42806606 0.09401778 0.17028615]] outputs y:46.991843747986294 (n:2.059896218827972)
num acquisition: 230, time elapsed: 80.69s
Optimization restart 1/5, f = 339.4711009873942
Optimization restart 2/5, f = 340.54525797866285
Optimization restart 3/5, f = 340.54524879640695
Optimization restart 4/5, f = 339.967427684236
Optimization restart 5/5, f = 339.96742766506907
f inputs x:[[0.14865884 0.09384249 0.84889165 0.50813276]] outputs y:45.80380074213139 (n:-1.5934631633250527)
num acquisition: 231, time elapsed: 81.56s
Optimization restart 1/5, f = 340.89128546994425
Optimization restart 2/5, f = 341.9641929240139
Optimization restart 3/5, f = 341.9642037914906
Optimization restart 4/5, f = 341.9641947324327
Optimization restart 5/5, f = 341.96419272278206
f inputs x:[[0.54913886 0.39188658 0.26122587 0.03059299]] outputs y:46.38673777069474 (n:-0.6238723019981351)
num acquisition: 232, time elapsed: 82.32s
Optimization restart 1/5, f = 342.3099461115741
Optimization restart 2/5, f = 343.3831289482266
Optimization restart 3/5, f = 343.38314137671955
Optimization restart 4/5, f = 342.80788769541965
Optimization restart 5/5, f = 343.38313084651907
f inputs x:[[0.02301405 0.64224653 0.4953236  0.62508544]] outputs y:49.059434491232054 (n:0.834819269460267)
num acquisition: 233, time elapsed: 83.09s
Optimization restart 1/5, f = 343.72353117634094
Optimization restart 2/5, f = 344.8020641870831
Optimization restart 3/5, f = 344.221799021088
Optimization restart 4/5, f = 344.80206992353556
Optimization restart 5/5, f = 344.8020867029762
f inputs x:[[0.4603039  0.25602209 0.91228408 0.20029626]] outputs y:46.55986073559209 (n:-2.63150349831683)
num acquisition: 234, time elapsed: 83.94s
Optimization restart 1/5, f = 345.1417777797035
Optimization restart 2/5, f = 346.22100316595703
Optimization restart 3/5, f = 346.22100501118763
Optimization restart 4/5, f = 346.2210068220318
Optimization restart 5/5, f = 345.6686713673111
f inputs x:[[0.996666   0.28178404 0.8937934  0.73367959]] outputs y:50.346030537473474 (n:1.0200053910634308)
num acquisition: 235, time elapsed: 84.73s
Optimization restart 1/5, f = 346.55398393047307
Optimization restart 2/5, f = 347.639941007423
Optimization restart 3/5, f = 347.63994110511453
Optimization restart 4/5, f = 347.05284140172773
Optimization restart 5/5, f = 347.05284142239196
f inputs x:[[0.87885768 0.56022496 0.22139762 0.37666117]] outputs y:46.59735841583222 (n:0.5931561863110623)
num acquisition: 236, time elapsed: 85.51s
Optimization restart 1/5, f = 347.97214577539035
Optimization restart 2/5, f = 349.05888051959806
Optimization restart 3/5, f = 349.05887993570695
Optimization restart 4/5, f = 349.05912742663816
Optimization restart 5/5, f = 349.0588852854405
f inputs x:[[0.21980259 0.54528159 0.72490849 0.12001574]] outputs y:44.44032855450004 (n:-2.032955096186328)
num acquisition: 237, time elapsed: 86.32s
Optimization restart 1/5, f = 349.3963757738068
Optimization restart 2/5, f = 350.4778194857872
Optimization restart 3/5, f = 350.4778192404827
Optimization restart 4/5, f = 350.47781870080075
Optimization restart 5/5, f = 350.4778279688078
f inputs x:[[0.4686733  0.44090193 0.075111   0.96167623]] outputs y:46.318404368099976 (n:-1.7118786986527492)
num acquisition: 238, time elapsed: 87.17s
Optimization restart 1/5, f = 350.81518266979253
Optimization restart 2/5, f = 351.8967569833221
Optimization restart 3/5, f = 351.89675827223357
Optimization restart 4/5, f = 351.89679120889315
Optimization restart 5/5, f = 351.3162043000196
f inputs x:[[0.81966851 0.62257294 0.43889651 0.16610155]] outputs y:48.90927318583794 (n:0.5311484041083282)
num acquisition: 239, time elapsed: 88.13s
Optimization restart 1/5, f = 352.2290182064389
Optimization restart 2/5, f = 353.31570074630747
Optimization restart 3/5, f = 353.31570138592815
Optimization restart 4/5, f = 353.3156997865387
Optimization restart 5/5, f = 353.3156952521251
f inputs x:[[0.71761725 0.32054899 0.67432281 0.84398698]] outputs y:46.699604416108464 (n:-1.1702810628959586)
num acquisition: 240, time elapsed: 88.99s
Optimization restart 1/5, f = 353.64692157546006
Optimization restart 2/5, f = 354.73464316463424
Optimization restart 3/5, f = 354.73463406276994
Optimization restart 4/5, f = 354.73463673698535
Optimization restart 5/5, f = 354.7346340527079
46.93143599074664
[0.00690147]
