INFO:GP:initializing Y
INFO:GP:initializing inference method
INFO:GP:adding kernel and likelihood as parameters
removed robo import in opts.py l17 due to theano errors
0
z
[-1.43325148 -0.75706855]
-1.4332514841593633
f inputs x:[[-0.69982983 -0.36966238]] ev:{} outputs y:6.717522093911544 (n:0.03635464102595861) c:1.0
0
z
[-1.92095369  0.05974344]
-1.920953694325605
f inputs x:[[-0.93796567  0.0291716 ]] ev:{} outputs y:7.188363503812428 (n:-0.0026546372559969585) c:1.0
0
z
[0.84919065 1.01500202]
0.8491906505444003
f inputs x:[[0.41464387 0.49560646]] ev:{} outputs y:2.363084376407859 (n:0.09518100517475674) c:1.0
0
z
[ 0.81023914 -0.44821584]
0.8102391360647935
f inputs x:[[ 0.39562458 -0.21885539]] ev:{} outputs y:4.7185310671586 (n:-0.09424616709630741) c:1.0
0
z
[ 1.08353027 -1.24241843]
1.0835302675345737
f inputs x:[[ 0.52906751 -0.60664962]] ev:{} outputs y:6.327442954890447 (n:-0.044054472148396744) c:1.0
0
z
[1.60542392 1.66550178]
1.6054239228607554
f inputs x:[[0.7838984  0.81323329]] ev:{} outputs y:4.454006724156621 (n:0.01702071192893568) c:1.0
num acquisition: 1, time elapsed: 0.14s
0
z
[0.39959649 0.98605303]
0.3995964925861546
f inputs x:[[0.19511547 0.48147121]] ev:{} outputs y:4.235076561292906 (n:-0.008408428671785834) c:1.0
num acquisition: 2, time elapsed: 0.27s
0
z
[1.01282843 0.94309997]
1.0128284252924538
f inputs x:[[0.49454513 0.46049803]] ev:{} outputs y:0.47282442169623606 (n:-0.048613678429553775) c:1.0
num acquisition: 3, time elapsed: 0.36s
0
z
[1.14225382 0.86132591]
1.1422538199483694
f inputs x:[[0.55774112 0.42056929]] ev:{} outputs y:3.014314751579235 (n:-0.014957601598130272) c:1.0
num acquisition: 4, time elapsed: 0.50s
0
z
[1.06068077 0.91998187]
1.060680773412678
f inputs x:[[0.51791053 0.4492099 ]] ev:{} outputs y:1.6572847634000343 (n:0.006951065967570665) c:1.0
num acquisition: 5, time elapsed: 0.60s
0
z
[0.9861801 0.9774925]
0.9861800952655423
f inputs x:[[0.48153325 0.47729126]] ev:{} outputs y:-0.04168138597354009 (n:-0.04431057579623865) c:1.0
num acquisition: 6, time elapsed: 0.73s
0
z
[1.01937363 1.0603737 ]
1.019373630896277
f inputs x:[[0.49774103 0.51776059]] ev:{} outputs y:0.0906623233550584 (n:0.046132407882094925) c:1.0
num acquisition: 7, time elapsed: 0.97s
0
z
[1.08427156 1.24091394]
1.0842715581487712
f inputs x:[[0.52942947 0.60591501]] ev:{} outputs y:0.3285260962157058 (n:-0.031319095208277414) c:1.0
num acquisition: 8, time elapsed: 1.17s
0
z
[1.22847358 1.20471575]
1.2284735794702262
f inputs x:[[0.59984061 0.58824011]] ev:{} outputs y:2.3370797750175463 (n:0.0029902530586540716) c:1.0
num acquisition: 9, time elapsed: 1.41s
0
z
[0.9709616  1.34352363]
0.9709615973013878
f inputs x:[[0.47410234 0.6560174 ]] ev:{} outputs y:2.886588328495529 (n:0.049765217294001636) c:1.0
num acquisition: 10, time elapsed: 1.59s
0
z
[0.8693555  0.70202755]
0.8693555020060107
f inputs x:[[0.42448999 0.34278689]] ev:{} outputs y:0.3148024681512923 (n:0.047841307379324155) c:1.0
num acquisition: 11, time elapsed: 1.78s
0
z
[0.85527951 0.52373154]
0.8552795113712309
f inputs x:[[0.41761695 0.25572829]] ev:{} outputs y:1.6397415818465417 (n:-0.0350802183718564) c:1.0
num acquisition: 12, time elapsed: 1.92s
0
z
[0.90447949 0.82694504]
0.9044794867609534
f inputs x:[[0.44164037 0.40378176]] ev:{} outputs y:0.09202251895867464 (n:0.07518754055610971) c:1.0
num acquisition: 13, time elapsed: 2.15s
0
z
[-1.48723714  1.98118786]
-1.487237141390116
f inputs x:[[-0.72619001  0.96737688]] ev:{} outputs y:2.497151810301799 (n:-0.02921445327163737) c:1.0
num acquisition: 14, time elapsed: 2.29s
0
z
[-2.048       1.81564157]
-2.048
f inputs x:[[-1.          0.88654374]] ev:{} outputs y:6.365314479475306 (n:0.009043989186569016) c:1.0
num acquisition: 15, time elapsed: 2.42s
0
z
[0.70643776 0.69409233]
0.7064377649273907
f inputs x:[[0.34494031 0.33891227]] ev:{} outputs y:1.5474028106718987 (n:-0.03982251483598392) c:1.0
num acquisition: 16, time elapsed: 2.57s
0
z
[-1.00960604  2.048     ]
-1.0096060427177553
f inputs x:[[-0.4929717  1.       ]] ev:{} outputs y:4.653511177837756 (n:-0.05475685895042897) c:1.0
num acquisition: 17, time elapsed: 2.76s
0
z
[1.223835   0.36933477]
1.2238349971594624
f inputs x:[[0.59757568 0.18033925]] ev:{} outputs y:4.911517714324574 (n:0.05646715661598765) c:1.0
num acquisition: 18, time elapsed: 2.89s
0
z
[1.04797504 1.16284565]
1.0479750424804306
f inputs x:[[0.51170656 0.56779573]] ev:{} outputs y:0.43344431321286536 (n:0.0831117034960529) c:1.0
num acquisition: 19, time elapsed: 3.09s
0
z
[-0.40175691 -2.048     ]
-0.401756912483385
f inputs x:[[-0.19617037 -1.        ]] ev:{} outputs y:6.173428110426529 (n:-0.02324728595729927) c:1.0
num acquisition: 20, time elapsed: 3.23s
0
z
[0.46074218 0.30398162]
0.46074217980945065
f inputs x:[[0.22497177 0.14842852]] ev:{} outputs y:0.8309939065523014 (n:0.0740947323376032) c:1.0
num acquisition: 21, time elapsed: 3.40s
0
z
[0.23378239 0.23518558]
0.2337823858629556
f inputs x:[[0.11415156 0.11483671]] ev:{} outputs y:1.6627140165486252 (n:0.08450940697171355) c:1.0
num acquisition: 22, time elapsed: 3.62s
0
z
[0.49796204 0.08583914]
0.4979620353051678
f inputs x:[[0.24314553 0.04191364]] ev:{} outputs y:1.322439084735002 (n:-0.033540376305295654) c:1.0
num acquisition: 23, time elapsed: 3.81s
0
z
[0.66981744 0.25398444]
0.6698174445973561
f inputs x:[[0.3270593  0.12401584]] ev:{} outputs y:1.5424598736460156 (n:-0.0465098477763948) c:1.0
num acquisition: 24, time elapsed: 3.98s
0
z
[ 0.14895984 -0.15119909]
0.1489598352500385
f inputs x:[[ 0.07273429 -0.07382768]] ev:{} outputs y:1.5286146906148392 (n:-0.02544020064953711) c:1.0
num acquisition: 25, time elapsed: 4.12s
0
z
[-0.17980139 -0.04205265]
-0.17980138786499814
f inputs x:[[-0.08779365 -0.02053352]] ev:{} outputs y:1.0769555333029972 (n:-0.0032169287311338926) c:1.0
num acquisition: 26, time elapsed: 4.29s
0
z
[-0.169449  -0.3259705]
-0.16944900166855065
f inputs x:[[-0.08273877 -0.15916528]] ev:{} outputs y:2.7324648323594376 (n:0.02791092460826894) c:1.0
num acquisition: 27, time elapsed: 4.45s
0
z
[-0.21624757  0.22851943]
-0.2162475714431028
f inputs x:[[-0.10558963  0.11158175]] ev:{} outputs y:1.673510016282469 (n:-0.08137760650877969) c:1.0
num acquisition: 28, time elapsed: 4.60s
0
z
[-0.48036604  0.01796562]
-0.4803660368653834
f inputs x:[[-0.23455373  0.00877228]] ev:{} outputs y:2.042068797324736 (n:-0.001650735117935894) c:1.0
num acquisition: 29, time elapsed: 4.74s
0
z
[0.00547634 0.05911662]
0.005476336991157909
f inputs x:[[0.00267399 0.02886554]] ev:{} outputs y:0.9276703812761411 (n:0.07828887240970789) c:1.0
num acquisition: 30, time elapsed: 4.85s
0
z
[-0.65486229  0.55342996]
-0.6548622904277037
f inputs x:[[-0.31975698  0.27022947]] ev:{} outputs y:1.6529931344796511 (n:-0.012961190375523672) c:1.0
num acquisition: 31, time elapsed: 4.98s
0
z
[-0.84024563  0.88878497]
-0.8402456274492257
f inputs x:[[-0.41027619  0.43397704]] ev:{} outputs y:2.197722289699274 (n:0.1529920611661298) c:1.0
num acquisition: 32, time elapsed: 5.21s
0
z
[0.94845786 0.95919388]
0.9484578577673253
f inputs x:[[0.46311419 0.46835639]] ev:{} outputs y:0.26624730118108464 (n:-0.03986130135012401) c:1.0
num acquisition: 33, time elapsed: 5.35s
0
z
[0.94544351 0.95941045]
0.9454435140901447
f inputs x:[[0.46164234 0.46846213]] ev:{} outputs y:0.3345553792771087 (n:-0.024947757850442377) c:1.0
num acquisition: 34, time elapsed: 5.49s
0
z
[-0.96545188  0.35516832]
-0.965451879528133
f inputs x:[[-0.47141205  0.17342203]] ev:{} outputs y:3.842080519442123 (n:0.20061479245157346) c:1.0
num acquisition: 35, time elapsed: 5.61s
0
z
[-0.3775235   0.72481904]
-0.3775234997014608
f inputs x:[[-0.18433765  0.35391555]] ev:{} outputs y:3.7145915013140685 (n:0.10897618602754684) c:1.0
num acquisition: 36, time elapsed: 5.75s
0
z
[-2.048 -2.048]
-2.048
f inputs x:[[-1. -1.]] ev:{} outputs y:8.205577793546603 (n:-0.06492841902704614) c:1.0
num acquisition: 37, time elapsed: 5.86s
0
z
[ 2.048 -2.048]
2.048
f inputs x:[[ 1. -1.]] ev:{} outputs y:8.211866645549156 (n:-0.05654057666838533) c:1.0
num acquisition: 38, time elapsed: 5.99s
0
z
[-1.26800894  1.14563093]
-1.2680089391823797
f inputs x:[[-0.61914499  0.5593901 ]] ev:{} outputs y:3.2985461568750694 (n:-0.015938107737979535) c:1.0
num acquisition: 39, time elapsed: 6.11s
0
z
[ 2.048      -0.47737051]
2.048
f inputs x:[[ 1.         -0.23309107]] ev:{} outputs y:7.671125971798822 (n:-0.018040344636225916) c:1.0
num acquisition: 40, time elapsed: 6.23s
0
z
[0.93545638 0.94362491]
0.9354563796266648
f inputs x:[[0.45676581 0.46075435]] ev:{} outputs y:0.3907338487208031 (n:0.0027371188508480524) c:1.0
num acquisition: 41, time elapsed: 6.37s
0
z
[0.05898314 2.048     ]
0.05898314471097358
f inputs x:[[0.02880036 1.        ]] ev:{} outputs y:6.111460529419571 (n:0.07146270822871398) c:1.0
num acquisition: 42, time elapsed: 6.50s
0
z
[-0.06493315 -1.0916263 ]
-0.06493314878115071
f inputs x:[[-0.03170564 -0.53302065]] ev:{} outputs y:4.836714003415498 (n:0.030881602131967507) c:1.0
num acquisition: 43, time elapsed: 6.62s
0
z
[ 0.62282442 -2.048     ]
0.6228244192602794
f inputs x:[[ 0.30411349 -1.        ]] ev:{} outputs y:6.407840870872857 (n:0.02010646342274326) c:1.0
num acquisition: 44, time elapsed: 6.73s
0
z
[0.93304553 0.94021227]
0.9330455334425748
f inputs x:[[0.45558864 0.45908802]] ev:{} outputs y:0.3991850152033501 (n:0.0007900267783729407) c:1.0
num acquisition: 45, time elapsed: 6.86s
0
z
[2.048      0.72069097]
2.048
f inputs x:[[1.         0.35189989]] ev:{} outputs y:7.133617890354572 (n:0.03631965080609482) c:1.0
num acquisition: 46, time elapsed: 7.00s
0
z
[-0.66621606  1.32095079]
-0.6662160563953917
f inputs x:[[-0.32530081  0.6449955 ]] ev:{} outputs y:4.440443396261175 (n:0.04960646623512992) c:1.0
num acquisition: 47, time elapsed: 7.11s
0
z
[0.33911967 0.52043403]
0.33911966671106303
f inputs x:[[0.16558577 0.25411818]] ev:{} outputs y:2.8988188972026525 (n:0.015457012483795869) c:1.0
num acquisition: 48, time elapsed: 7.24s
0
z
[-2.048       0.94610925]
-2.048
f inputs x:[[-1.          0.46196741]] ev:{} outputs y:7.063090267986489 (n:0.09201544399913741) c:1.0
num acquisition: 49, time elapsed: 7.39s
0
z
[-0.68921705 -0.36954335]
-0.6892170493054529
f inputs x:[[-0.33653176 -0.18044109]] ev:{} outputs y:4.350825785420882 (n:0.03091125086035562) c:1.0
num acquisition: 50, time elapsed: 7.52s
0
z
[0.93446173 0.94683217]
0.9344617336769805
f inputs x:[[0.45628014 0.4623204 ]] ev:{} outputs y:0.42126324411433114 (n:-0.014530005244026435) c:1.0
num acquisition: 51, time elapsed: 7.66s
0
z
[-1.16157885 -1.63488432]
-1.1615788515899883
f inputs x:[[-0.56717717 -0.79828336]] ev:{} outputs y:6.831210432819314 (n:0.03306089316685551) c:1.0
num acquisition: 52, time elapsed: 7.78s
0
z
[1.02011641 2.048     ]
1.0201164109068739
f inputs x:[[0.49810372 1.        ]] ev:{} outputs y:4.517527605883126 (n:-0.11212372606838775) c:1.0
num acquisition: 53, time elapsed: 7.90s
0
z
[-0.52036134  0.3162822 ]
-0.520361339921861
f inputs x:[[-0.25408269  0.15443467]] ev:{} outputs y:1.3383567186482899 (n:0.08029901142853733) c:1.0
num acquisition: 54, time elapsed: 8.02s
0
z
[-2.048      -1.15828195]
-2.048
f inputs x:[[-1.         -0.56556736]] ev:{} outputs y:8.03018516981378 (n:0.06627011253263299) c:1.0
num acquisition: 55, time elapsed: 8.17s
0
z
[0.93354794 0.94611289]
0.933547940225378
f inputs x:[[0.45583396 0.46196918]] ev:{} outputs y:0.45032350053287634 (n:0.005029703276638008) c:1.0
num acquisition: 56, time elapsed: 8.32s
0
z
[ 0.24981569 -0.50977145]
0.24981568522719147
f inputs x:[[ 0.12198032 -0.24891184]] ev:{} outputs y:3.4816818241301637 (n:-0.05351294384050751) c:1.0
num acquisition: 57, time elapsed: 8.44s
0
z
[2.048 2.048]
2.048
f inputs x:[[1. 1.]] ev:{} outputs y:6.273072071838928 (n:0.1358626678192295) c:1.0
num acquisition: 58, time elapsed: 8.56s
0
z
[-1.38336353  1.60469624]
-1.383363532525275
f inputs x:[[-0.67547047  0.78354308]] ev:{} outputs y:2.8900034401535333 (n:0.10323914154533578) c:1.0
num acquisition: 59, time elapsed: 8.69s
0
z
[ 2.048      -1.25410873]
2.048
f inputs x:[[ 1.         -0.61235778]] ev:{} outputs y:8.095488977314417 (n:0.09896354206046892) c:1.0
num acquisition: 60, time elapsed: 8.83s
0
z
[0.93369641 0.94621655]
0.9336964080710406
f inputs x:[[0.45590645 0.4620198 ]] ev:{} outputs y:0.3153661759680514 (n:-0.12825656609624939) c:1.0
num acquisition: 61, time elapsed: 8.99s
0
z
[0.93204817 0.94560988]
0.9320481651812711
f inputs x:[[0.45510164 0.46172357]] ev:{} outputs y:0.46466814892469877 (n:-0.0027812368778180946) c:1.0
num acquisition: 62, time elapsed: 9.14s
0
z
[0.93124314 0.94539898]
0.931243139309091
f inputs x:[[0.45470856 0.4616206 ]] ev:{} outputs y:0.5736530466247451 (n:0.09368668279920483) c:1.0
num acquisition: 63, time elapsed: 9.30s
0
z
[0.9310478  0.94546242]
0.9310477952477757
f inputs x:[[0.45461318 0.46165157]] ev:{} outputs y:0.4544572278548889 (n:-0.029662345899019272) c:1.0
num acquisition: 64, time elapsed: 9.45s
0
z
[-1.21728887  0.73601559]
-1.2172888696000226
f inputs x:[[-0.59437933  0.35938261]] ev:{} outputs y:4.026286394808547 (n:-0.09331394756874203) c:1.0
num acquisition: 65, time elapsed: 9.60s
0
z
[0.93039256 0.9453567 ]
0.9303925581849639
f inputs x:[[0.45429324 0.46159995]] ev:{} outputs y:0.44939370887661056 (n:-0.04559204619280024) c:1.0
num acquisition: 66, time elapsed: 9.75s
0
z
[-0.67344152 -1.03518703]
-0.6734415195438495
f inputs x:[[-0.32882887 -0.50546242]] ev:{} outputs y:5.434492725731131 (n:0.01649942491855944) c:1.0
num acquisition: 67, time elapsed: 9.88s
0
z
[-0.04448249  1.33638154]
-0.04448249191601702
f inputs x:[[-0.02171997  0.65253005]] ev:{} outputs y:5.1554259709386745 (n:-0.03838628410939931) c:1.0
num acquisition: 68, time elapsed: 10.02s
0
z
[ 1.29993058 -2.048     ]
1.299930582616038
f inputs x:[[ 0.63473173 -1.        ]] ev:{} outputs y:7.259123054201262 (n:0.016168180577600017) c:1.0
num acquisition: 69, time elapsed: 10.15s
0
z
[0.93147669 0.76516752]
0.9314766869048705
f inputs x:[[0.4548226  0.37361696]] ev:{} outputs y:0.6542961131884386 (n:-0.06594908428236418) c:1.0
num acquisition: 70, time elapsed: 10.29s
0
z
[ 1.35908267 -0.25700756]
1.3590826666108984
f inputs x:[[ 0.66361458 -0.12549197]] ev:{} outputs y:6.184350998085442 (n:0.08884585602293107) c:1.0
num acquisition: 71, time elapsed: 10.46s
0
z
[0.92932368 0.94202728]
0.9293236835092651
f inputs x:[[0.45377133 0.45997426]] ev:{} outputs y:0.4780929088433066 (n:-0.0039704517623188945) c:1.0
num acquisition: 72, time elapsed: 10.61s
0
z
[ 0.39251521 -1.38484382]
0.39251521429268765
f inputs x:[[ 0.19165782 -0.67619327]] ev:{} outputs y:5.477120267540402 (n:0.0040345638455435515) c:1.0
num acquisition: 73, time elapsed: 10.80s
0
z
[0.92905408 0.94195516]
0.929054077620276
f inputs x:[[0.45363969 0.45993904]] ev:{} outputs y:0.45440224721659517 (n:-0.03183940208280925) c:1.0
num acquisition: 74, time elapsed: 10.95s
0
z
[-1.18504182 -0.11454135]
-1.1850418156087392
f inputs x:[[-0.5786337  -0.05592839]] ev:{} outputs y:5.469140780409353 (n:0.0033209795473611945) c:1.0
num acquisition: 75, time elapsed: 11.10s
0
z
[0.27209134 0.02294752]
0.2720913444157604
f inputs x:[[0.1328571  0.01120484]] ev:{} outputs y:0.5389214069811413 (n:-0.04375824011628748) c:1.0
num acquisition: 76, time elapsed: 11.26s
0
z
[ 0.40443418 -0.14974693]
0.40443418268830866
f inputs x:[[ 0.19747763 -0.07311862]] ev:{} outputs y:2.394316381737114 (n:-0.019028137252815238) c:1.0
num acquisition: 77, time elapsed: 11.41s
0
z
[0.84699285 0.78510265]
0.8469928513457811
f inputs x:[[0.41357073 0.3833509 ]] ev:{} outputs y:0.47390122107031074 (n:0.08063140312976239) c:1.0
num acquisition: 78, time elapsed: 11.56s
0
z
[0.92445104 0.93396328]
0.9244510353895861
f inputs x:[[0.45139211 0.45603676]] ev:{} outputs y:0.38043346670019507 (n:-0.11145790554992104) c:1.0
num acquisition: 79, time elapsed: 11.75s
0
z
[0.92390467 0.9335853 ]
0.923904668988772
f inputs x:[[0.45112533 0.4558522 ]] ev:{} outputs y:0.578473362787665 (n:0.08039387546127069) c:1.0
num acquisition: 80, time elapsed: 11.90s
0
z
[2.048      1.37813618]
2.048
f inputs x:[[1.         0.67291806]] ev:{} outputs y:6.649924898263607 (n:-0.028641621444820953) c:1.0
num acquisition: 81, time elapsed: 12.06s
0
z
[0.92428307 0.93387412]
0.9242830718212455
f inputs x:[[0.45131009 0.45599322]] ev:{} outputs y:0.5634730427149748 (n:0.0694173282735732) c:1.0
num acquisition: 82, time elapsed: 12.23s
0
z
[-0.50632142  2.048     ]
-0.5063214196392699
f inputs x:[[-0.24722726  1.        ]] ev:{} outputs y:5.810959917444234 (n:0.029396063246170313) c:1.0
num acquisition: 83, time elapsed: 12.40s
0
z
[0.92442035 0.93383628]
0.924420353813583
f inputs x:[[0.45137713 0.45597474]] ev:{} outputs y:0.500166514542506 (n:0.008954237979249626) c:1.0
num acquisition: 84, time elapsed: 12.58s
0
z
[1.22091121 1.50988943]
1.2209112085220122
f inputs x:[[0.59614805 0.7372507 ]] ev:{} outputs y:0.08203182749941444 (n:-0.00039272268673942517) c:1.0
num acquisition: 85, time elapsed: 12.74s
0
z
[1.18568026 1.41517304]
1.1856802571373954
f inputs x:[[0.57894544 0.69100246]] ev:{} outputs y:0.017075573792130958 (n:-0.025209736501268305) c:1.0
num acquisition: 86, time elapsed: 12.94s
0
z
[1.26946797 1.45813964]
1.2694679722422069
f inputs x:[[0.61985741 0.71198225]] ev:{} outputs y:1.1892817845108554 (n:-0.04212741423175457) c:1.0
num acquisition: 87, time elapsed: 13.14s
0
z
[1.15198166 1.51250996]
1.1519816607945397
f inputs x:[[0.56249105 0.73853026]] ev:{} outputs y:1.5444048309484564 (n:0.048762349363244945) c:1.0
num acquisition: 88, time elapsed: 13.41s
0
z
[0.93135668 0.9457418 ]
0.9313566795807708
f inputs x:[[0.454764   0.46178799]] ev:{} outputs y:0.4888435530366729 (n:0.007615732130030174) c:1.0
num acquisition: 89, time elapsed: 13.60s
0
z
[0.92825056 0.93908177]
0.928250560212279
f inputs x:[[0.45324734 0.45853602]] ev:{} outputs y:0.5795041259957735 (n:0.10654874826032573) c:1.0
num acquisition: 90, time elapsed: 13.79s
0
z
[1.28499912 1.65450149]
1.284999118369952
f inputs x:[[0.62744098 0.80786206]] ev:{} outputs y:0.03470467059006047 (n:-0.04438329472908207) c:1.0
num acquisition: 91, time elapsed: 13.97s
0
z
[1.35033006 1.86031747]
1.3503300634018656
f inputs x:[[0.65934085 0.90835814]] ev:{} outputs y:0.28230197427947784 (n:0.05191633117434792) c:1.0
num acquisition: 92, time elapsed: 14.17s
0
z
[1.44344444 2.048     ]
1.4434444404577833
f inputs x:[[0.70480686 1.        ]] ev:{} outputs y:0.20592124078672366 (n:-0.07390069203474323) c:1.0
num acquisition: 93, time elapsed: 14.35s
0
z
[1.33468994 2.048     ]
1.3346899379071464
f inputs x:[[0.65170407 1.        ]] ev:{} outputs y:2.0863554261275365 (n:-0.020180844774676396) c:1.0
num acquisition: 94, time elapsed: 14.54s
0
z
[1.51392045 1.96727934]
1.5139204507569968
f inputs x:[[0.73921897 0.96058561]] ev:{} outputs y:2.407815081622847 (n:-0.06075478732925204) c:1.0
num acquisition: 95, time elapsed: 14.76s
0
z
[2.048      0.13506533]
2.048
f inputs x:[[1.         0.06594987]] ev:{} outputs y:7.363537277707779 (n:-0.04489641197663752) c:1.0
num acquisition: 96, time elapsed: 14.93s
0
z
[1.30226969 1.76683315]
1.3022696922289476
f inputs x:[[0.63587387 0.8627115 ]] ev:{} outputs y:0.4800980351797818 (n:0.013582972470487582) c:1.0
num acquisition: 97, time elapsed: 15.12s
0
z
[1.15087123 1.34511125]
1.1508712347624928
f inputs x:[[0.56194885 0.6567926 ]] ev:{} outputs y:0.0637700197242453 (n:0.0005834547770043293) c:1.0
num acquisition: 98, time elapsed: 15.30s
0
z
[0.57505714 2.048     ]
0.5750571367595058
f inputs x:[[0.28078962 1.        ]] ev:{} outputs y:5.696843659092196 (n:0.00616095970578568) c:1.0
num acquisition: 99, time elapsed: 15.49s
0
z
[-2.048     -0.5127234]
-2.048
f inputs x:[[-1.         -0.25035322]] ev:{} outputs y:7.670463541320309 (n:-0.0374535125929278) c:1.0
num acquisition: 100, time elapsed: 15.72s
0
z
[-1.63999546  1.35300748]
-1.6399954611418992
f inputs x:[[-0.80077903  0.66064819]] ev:{} outputs y:5.218928399885255 (n:-0.010111509100870067) c:1.0
num acquisition: 101, time elapsed: 15.92s
0
z
[1.26416921 1.58565174]
1.2641692116815906
f inputs x:[[0.61727012 0.77424401]] ev:{} outputs y:0.02217897987050208 (n:-0.059714875165548666) c:1.0
num acquisition: 102, time elapsed: 16.11s
0
z
[-1.05450041  1.52309389]
-1.054500407899894
f inputs x:[[-0.51489278  0.74369819]] ev:{} outputs y:3.049009006715077 (n:-0.047616268718991106) c:1.0
num acquisition: 103, time elapsed: 16.32s
0
z
[0.6062027  0.45021246]
0.6062026974986555
f inputs x:[[0.29599741 0.2198303 ]] ev:{} outputs y:0.6461882090218579 (n:0.036686838342716376) c:1.0
num acquisition: 104, time elapsed: 16.53s
0
z
[ 0.53530596 -0.86559398]
0.5353059592403118
f inputs x:[[ 0.26137986 -0.42265331]] ev:{} outputs y:4.913321409618743 (n:0.01577953038383051) c:1.0
num acquisition: 105, time elapsed: 16.76s
0
z
[-0.29763369 -1.52425784]
-0.2976336912712701
f inputs x:[[-0.14532895 -0.74426652]] ev:{} outputs y:5.595646845526424 (n:0.02421430087431481) c:1.0
num acquisition: 106, time elapsed: 17.00s
0
z
[1.23992425 1.62147961]
1.2399242480927297
f inputs x:[[0.60543176 0.79173809]] ev:{} outputs y:0.622622847406552 (n:0.054870242801731965) c:1.0
num acquisition: 107, time elapsed: 17.22s
0
z
[0.91018294 0.89798221]
0.9101829398588641
f inputs x:[[0.44442526 0.43846788]] ev:{} outputs y:0.4269164824315042 (n:0.026948746886897846) c:1.0
num acquisition: 108, time elapsed: 17.42s
0
z
[0.90892397 0.89451966]
0.9089239650670017
f inputs x:[[0.44381053 0.43677718]] ev:{} outputs y:0.3719270064805527 (n:-0.01729668062322961) c:1.0
num acquisition: 109, time elapsed: 17.63s
0
z
[0.90742001 0.89052578]
0.9074200098028563
f inputs x:[[0.44307618 0.43482704]] ev:{} outputs y:0.35870215061074123 (n:-0.019055622635840097) c:1.0
num acquisition: 110, time elapsed: 17.83s
0
z
[ 1.46225439 -0.84039176]
1.4622543942829236
f inputs x:[[ 0.7139914  -0.41034754]] ev:{} outputs y:6.777902429850868 (n:-0.011527955025873159) c:1.0
num acquisition: 111, time elapsed: 18.03s
0
z
[1.35209181 1.67820097]
1.3520918069978263
f inputs x:[[0.66020108 0.81943407]] ev:{} outputs y:1.2256852572936583 (n:0.010028757577045962) c:1.0
num acquisition: 112, time elapsed: 18.23s
0
z
[-1.41975474 -2.048     ]
-1.4197547369967598
f inputs x:[[-0.69323962 -1.        ]] ev:{} outputs y:7.420770000828066 (n:0.007267669826086953) c:1.0
num acquisition: 113, time elapsed: 18.44s
0
z
[0.906799   0.89112356]
0.9067990010615641
f inputs x:[[0.44277295 0.43511893]] ev:{} outputs y:0.38768934223060186 (n:-0.00608708708494453) c:1.0
num acquisition: 114, time elapsed: 18.66s
0
z
[0.90564697 0.88788532]
0.9056469652526274
f inputs x:[[0.44221043 0.43353775]] ev:{} outputs y:0.2979510002135301 (n:-0.08532380427400776) c:1.0
num acquisition: 115, time elapsed: 18.88s
0
z
[0.90393626 0.88361157]
0.9039362644689567
f inputs x:[[0.44137513 0.43145096]] ev:{} outputs y:0.32775645711411105 (n:-0.044907765321300634) c:1.0
num acquisition: 116, time elapsed: 19.11s
0
z
[-0.0639683   0.48480035]
-0.06396830106341322
f inputs x:[[-0.03123452  0.23671892]] ev:{} outputs y:3.0763836224166927 (n:-0.1520497959153232) c:1.0
num acquisition: 117, time elapsed: 19.34s
0
z
[-0.69740495  0.17713544]
-0.6974049489624085
f inputs x:[[-0.34052976  0.08649191]] ev:{} outputs y:2.5780748965069518 (n:-0.020458871952114835) c:1.0
num acquisition: 118, time elapsed: 19.56s
0
z
[ 0.11082333 -2.048     ]
0.11082333044514016
f inputs x:[[ 0.05411295 -1.        ]] ev:{} outputs y:5.990528829831151 (n:-0.06453649194563385) c:1.0
num acquisition: 119, time elapsed: 19.78s
0
z
[-0.25663729 -0.68126597]
-0.2566372852176909
f inputs x:[[-0.12531117 -0.3326494 ]] ev:{} outputs y:4.052307313045244 (n:-0.014995923222390684) c:1.0
num acquisition: 120, time elapsed: 19.99s
0
z
[-1.58639808  0.50959345]
-1.5863980807073514
f inputs x:[[-0.77460844  0.24882493]] ev:{} outputs y:6.066879980816725 (n:0.04945383813427057) c:1.0
num acquisition: 121, time elapsed: 20.24s
0
z
[0.90254173 0.88252182]
0.9025417337684801
f inputs x:[[0.44069421 0.43091886]] ev:{} outputs y:0.4393576080822724 (n:0.053356860436409116) c:1.0
num acquisition: 122, time elapsed: 20.52s
0
z
[ 0.83932528 -0.01521645]
0.8393252821226044
f inputs x:[[ 0.4098268  -0.00742991]] ev:{} outputs y:4.075174926217346 (n:0.10828061572451851) c:1.0
num acquisition: 123, time elapsed: 20.74s
0
z
[0.90144032 0.87687663]
0.9014403182551968
f inputs x:[[0.44015641 0.42816241]] ev:{} outputs y:0.3816837337570508 (n:0.028964703840792194) c:1.0
num acquisition: 124, time elapsed: 21.00s
0
z
[0.40043111 1.50336745]
0.40043110878380667
f inputs x:[[0.195523   0.73406614]] ev:{} outputs y:5.223806064833146 (n:0.021281837819194) c:1.0
num acquisition: 125, time elapsed: 21.22s
0
z
[-0.86210065  0.65736376]
-0.8621006510318686
f inputs x:[[-0.42094758  0.3209784 ]] ev:{} outputs y:1.5947164707286294 (n:-0.05480829473452697) c:1.0
num acquisition: 126, time elapsed: 21.46s
0
z
[0.90090068 0.87558408]
0.90090068151917
f inputs x:[[0.43989291 0.42753129]] ev:{} outputs y:0.3183724949520379 (n:-0.03153404392548437) c:1.0
num acquisition: 127, time elapsed: 21.71s
0
z
[0.90002543 0.8728621 ]
0.9000254253400758
f inputs x:[[0.43946554 0.4262022 ]] ev:{} outputs y:0.3246392348065356 (n:-0.015101989805385628) c:1.0
num acquisition: 128, time elapsed: 21.97s
0
z
[1.52694973 0.72661439]
1.5269497333651987
f inputs x:[[0.74558092 0.35479218]] ev:{} outputs y:5.5301245811233395 (n:-0.026192493173801526) c:1.0
num acquisition: 129, time elapsed: 22.21s
0
z
[0.01056641 0.87268371]
0.010566408081890348
f inputs x:[[0.00515938 0.42611509]] ev:{} outputs y:4.374529375327259 (n:0.016319380316922042) c:1.0
num acquisition: 130, time elapsed: 22.47s
0
z
[0.15188    0.03258495]
0.1518799966533509
f inputs x:[[0.07416015 0.01591062]] ev:{} outputs y:0.5091094580679711 (n:-0.03806679722949191) c:1.0
num acquisition: 131, time elapsed: 22.75s
0
z
[-0.0236623  -0.09621582]
-0.023662300924397563
f inputs x:[[-0.01155386 -0.04698038]] ev:{} outputs y:1.1062312011919437 (n:0.012819529204365599) c:1.0
num acquisition: 132, time elapsed: 22.99s
0
z
[-0.36835533  0.42847354]
-0.36835533148694116
f inputs x:[[-0.179861   0.2092156]] ev:{} outputs y:2.480582737569551 (n:0.04304103913635089) c:1.0
num acquisition: 133, time elapsed: 23.27s
0
z
[-0.66691962  0.77549239]
-0.6669196190086832
f inputs x:[[-0.32564435  0.3786584 ]] ev:{} outputs y:2.6577658422453223 (n:-0.031140423094927833) c:1.0
num acquisition: 134, time elapsed: 23.57s
0
z
[0.9009975  0.87258339]
0.9009975023142572
f inputs x:[[0.43994019 0.42606611]] ev:{} outputs y:0.32628619894786537 (n:0.004705622566202805) c:1.0
num acquisition: 135, time elapsed: 23.85s
0
z
[0.90030123 0.87037288]
0.9003012323450992
f inputs x:[[0.43960021 0.42498676]] ev:{} outputs y:0.3380828731891908 (n:0.02479913087894572) c:1.0
num acquisition: 136, time elapsed: 24.11s
0
z
[-1.73464048  2.048     ]
-1.7346404808242009
f inputs x:[[-0.84699242  1.        ]] ev:{} outputs y:4.637883169526065 (n:0.024486386072014962) c:1.0
num acquisition: 137, time elapsed: 24.36s
0
z
[ 1.53243653 -1.54172962]
1.5324365261945287
f inputs x:[[ 0.74826002 -0.75279767]] ev:{} outputs y:7.272805704059265 (n:-0.05007754342993757) c:1.0
num acquisition: 138, time elapsed: 24.60s
0
z
[0.99219528 1.01414007]
0.9921952760309906
f inputs x:[[0.48447035 0.49518558]] ev:{} outputs y:0.12031596819396984 (n:0.035788981499505566) c:1.0
num acquisition: 139, time elapsed: 24.87s
0
z
[-1.25895133  1.83000247]
-1.2589513293476982
f inputs x:[[-0.61472233  0.89355589]] ev:{} outputs y:2.577497080769395 (n:0.0836704854345316) c:1.0
num acquisition: 140, time elapsed: 25.17s
0
z
[-0.98450542  1.15249176]
-0.9845054182676688
f inputs x:[[-0.48071554  0.56274012]] ev:{} outputs y:2.125309383167297 (n:0.009538037993829268) c:1.0
num acquisition: 141, time elapsed: 25.51s
0
z
[-0.85700348 -2.048     ]
-0.8570034831971199
f inputs x:[[-0.41845873 -1.        ]] ev:{} outputs y:6.754478455252582 (n:0.09691163118860963) c:1.0
num acquisition: 142, time elapsed: 25.81s
0
z
[0.90604972 0.88041772]
0.90604971822575
f inputs x:[[0.44240709 0.42989146]] ev:{} outputs y:0.27279103059387144 (n:-0.03671518367604345) c:1.0
num acquisition: 143, time elapsed: 26.10s
0
z
[0.90526182 0.87799333]
0.9052618209331849
f inputs x:[[0.44202237 0.42870768]] ev:{} outputs y:0.3064277566545033 (n:0.0054832394664826025) c:1.0
num acquisition: 144, time elapsed: 26.40s
0
z
[-1.14766319 -1.15005163]
-1.1476631894999783
f inputs x:[[-0.56038242 -0.56154865]] ev:{} outputs y:6.456812451047441 (n:0.03631053559102805) c:1.0
num acquisition: 145, time elapsed: 26.71s
0
z
[-0.37527719  0.1577518 ]
-0.37527719395232606
f inputs x:[[-0.18324082  0.07702725]] ev:{} outputs y:1.0687035781353815 (n:-0.002884162884194489) c:1.0
num acquisition: 146, time elapsed: 27.03s
0
z
[-0.36148273  1.62771885]
-0.3614827291531415
f inputs x:[[-0.17650524  0.7947846 ]] ev:{} outputs y:5.385084289260811 (n:-0.03973017782948124) c:1.0
num acquisition: 147, time elapsed: 27.32s
0
z
[0.36218833 0.13986592]
0.3621883260330096
f inputs x:[[0.17684977 0.06829391]] ev:{} outputs y:0.34357990560323903 (n:-0.0030884525825214514) c:1.0
num acquisition: 148, time elapsed: 27.64s
0
z
[-0.95931594 -0.63191184]
-0.959315936509793
f inputs x:[[-0.46841598 -0.3085507 ]] ev:{} outputs y:5.567153205909467 (n:0.06275274513629435) c:1.0
num acquisition: 149, time elapsed: 27.92s
0
z
[-1.66584968 -1.50820592]
-1.66584968132526
f inputs x:[[-0.81340316 -0.73642867]] ev:{} outputs y:7.512724490514219 (n:-0.0062840026538570105) c:1.0
num acquisition: 150, time elapsed: 28.21s
0
z
[0.90495929 0.87760838]
0.9049592879246837
f inputs x:[[0.44187465 0.42851972]] ev:{} outputs y:0.3162821772301809 (n:0.013885505524975486) c:1.0
num acquisition: 151, time elapsed: 28.56s
0
z
[ 0.820364  -1.6170819]
0.8203639977266861
f inputs x:[[ 0.40056836 -0.78959077]] ev:{} outputs y:6.227913850958407 (n:-0.036395323034036434) c:1.0
num acquisition: 152, time elapsed: 28.82s
0
z
[-0.36408835 -0.18990131]
-0.3640883470152759
f inputs x:[[-0.17777751 -0.09272525]] ev:{} outputs y:2.563958804037993 (n:-0.02070929185154509) c:1.0
num acquisition: 153, time elapsed: 29.09s
0
z
[0.90445397 0.87604357]
0.9044539708602353
f inputs x:[[0.44162792 0.42775565]] ev:{} outputs y:0.3269323615149602 (n:0.030088339394626924) c:1.0
num acquisition: 154, time elapsed: 29.41s
0
z
[-0.38936393  1.0747909 ]
-0.38936393342095993
f inputs x:[[-0.19011911  0.52480024]] ev:{} outputs y:4.570621951278269 (n:0.09149483858294716) c:1.0
num acquisition: 155, time elapsed: 29.72s
0
z
[ 0.10719918 -0.78163596]
0.1071991803546937
f inputs x:[[ 0.05234335 -0.38165818]] ev:{} outputs y:4.176774862993599 (n:0.006979101309559369) c:1.0
num acquisition: 156, time elapsed: 30.02s
0
z
[0.90408904 0.87462351]
0.9040890422623608
f inputs x:[[0.44144973 0.42706226]] ev:{} outputs y:0.27995713755850593 (n:-0.010407790422768773) c:1.0
num acquisition: 157, time elapsed: 30.37s
0
z
[0.90351845 0.87268203]
0.9035184476354069
f inputs x:[[0.44117112 0.42611427]] ev:{} outputs y:0.26738587243456874 (n:-0.015299920655952629) c:1.0
num acquisition: 158, time elapsed: 30.70s
0
z
[1.15861591 1.38973188]
1.1586159132841174
f inputs x:[[0.56573043 0.67858002]] ev:{} outputs y:0.21760646162547626 (n:-0.0049581266881450385) c:1.0
num acquisition: 159, time elapsed: 31.09s
0
z
[0.71261784 0.53609585]
0.7126178356392799
f inputs x:[[0.34795793 0.26176555]] ev:{} outputs y:0.1591029282890229 (n:0.008515240249076086) c:1.0
num acquisition: 160, time elapsed: 31.45s
0
z
[1.28524354 1.60640653]
1.2852435411327987
f inputs x:[[0.62756032 0.78437819]] ev:{} outputs y:0.16298836625123042 (n:-0.09001179480001346) c:1.0
num acquisition: 161, time elapsed: 31.77s
0
z
[ 0.96564262 -0.80181451]
0.9656426198554997
f inputs x:[[ 0.47150519 -0.39151099]] ev:{} outputs y:5.611840813054767 (n:-0.09783742880137766) c:1.0
num acquisition: 162, time elapsed: 32.08s
0
z
[0.70638047 0.45129643]
0.7063804703930884
f inputs x:[[0.34491234 0.22035959]] ev:{} outputs y:0.2811590854385127 (n:0.00844741298975978) c:1.0
num acquisition: 163, time elapsed: 32.40s
0
z
[-1.05418481  0.94671934]
-1.0541848072954072
f inputs x:[[-0.51473868  0.4622653 ]] ev:{} outputs y:2.0818261567711347 (n:0.011357344295537052) c:1.0
num acquisition: 164, time elapsed: 32.75s
0
z
[-2.048       0.48298286]
-2.048
f inputs x:[[-1.          0.23583147]] ev:{} outputs y:7.228181118934506 (n:-0.007207999485003199) c:1.0
num acquisition: 165, time elapsed: 33.09s
0
z
[1.56479271 0.17620158]
1.564792712573331
f inputs x:[[0.76405894 0.08603593]] ev:{} outputs y:6.23762810865547 (n:-0.011743950457090757) c:1.0
num acquisition: 166, time elapsed: 33.44s
0
z
[-0.80790673  1.7055314 ]
-0.8079067297558903
f inputs x:[[-0.39448571  0.832779  ]] ev:{} outputs y:4.752997892121969 (n:0.007099923718727296) c:1.0
num acquisition: 167, time elapsed: 33.77s
0
z
[-0.71449558 -1.49005025]
-0.7144955757287093
f inputs x:[[-0.34887479 -0.7275636 ]] ev:{} outputs y:6.047969720679483 (n:0.046155919730474275) c:1.0
num acquisition: 168, time elapsed: 34.07s
0
z
[0.88943034 0.84803493]
0.8894303422214047
f inputs x:[[0.43429216 0.41407956]] ev:{} outputs y:0.33684521709723714 (n:0.04676106964167938) c:1.0
num acquisition: 169, time elapsed: 34.49s
0
z
[-1.57847441  1.75786518]
-1.5784744129978983
f inputs x:[[-0.77073946  0.85833261]] ev:{} outputs y:4.068892251388303 (n:-0.04986016382254531) c:1.0
num acquisition: 170, time elapsed: 34.86s
0
z
[0.78918696 0.62444698]
0.789186957321496
f inputs x:[[0.38534519 0.30490575]] ev:{} outputs y:0.07679276015638552 (n:0.03305521356241789) c:1.0
num acquisition: 171, time elapsed: 35.21s
0
z
[0.99018521 0.99200357]
0.9901852138321837
f inputs x:[[0.48348887 0.48437675]] ev:{} outputs y:-0.010473095015030836 (n:-0.023790171888863943) c:1.0
num acquisition: 172, time elapsed: 35.62s
0
z
[-1.30713745  2.048     ]
-1.3071374536507456
f inputs x:[[-0.63825071  1.        ]] ev:{} outputs y:2.8660438853100776 (n:-0.015486361903644705) c:1.0
num acquisition: 173, time elapsed: 35.98s
0
z
[-0.71723429  0.40204134]
-0.7172342921770058
f inputs x:[[-0.35021206  0.19630925]] ev:{} outputs y:1.632663228702651 (n:-0.018281812098926094) c:1.0
num acquisition: 174, time elapsed: 36.31s
0
z
[-0.2651281   0.06775596]
-0.2651281013937374
f inputs x:[[-0.12945708  0.03308396]] ev:{} outputs y:0.9676890426546662 (n:0.011718961637330914) c:1.0
num acquisition: 175, time elapsed: 36.66s
0
z
[-2.048       1.39038937]
-2.048
f inputs x:[[-1.          0.67890106]] ev:{} outputs y:6.690822861528034 (n:0.010615781691000113) c:1.0
num acquisition: 176, time elapsed: 37.07s
0
z
[0.44343984 0.19581663]
0.4434398434038962
f inputs x:[[0.21652336 0.09561359]] ev:{} outputs y:0.29562311276240044 (n:0.02572818285840391) c:1.0
num acquisition: 177, time elapsed: 37.52s
0
z
[-1.55484541 -0.2749631 ]
-1.554845406058619
f inputs x:[[-0.75920186 -0.13425932]] ev:{} outputs y:6.559311210529883 (n:-0.03713412099685219) c:1.0
num acquisition: 178, time elapsed: 37.92s
0
z
[ 0.08879843 -1.61428818]
0.08879843124617347
f inputs x:[[ 0.04335861 -0.78822665]] ev:{} outputs y:5.573465140318958 (n:-0.0061700549404612665) c:1.0
num acquisition: 179, time elapsed: 38.33s
0
z
[0.88365606 0.83223944]
0.8836560619027108
f inputs x:[[0.43147269 0.40636692]] ev:{} outputs y:0.1908478061065018 (n:-0.05416962699122411) c:1.0
num acquisition: 180, time elapsed: 38.81s
0
z
[0.75973762 0.58221489]
0.7597376169507783
f inputs x:[[0.37096563 0.28428461]] ev:{} outputs y:0.047941291016407234 (n:-0.010553697631894572) c:1.0
num acquisition: 181, time elapsed: 39.22s
0
z
[1.14105959 1.30532427]
1.141059594691605
f inputs x:[[0.55715801 0.63736537]] ev:{} outputs y:0.0067731274929114325 (n:-0.014001200171630169) c:1.0
num acquisition: 182, time elapsed: 39.63s
0
z
[-1.55248825  0.94434839]
-1.552488249874747
f inputs x:[[-0.7580509   0.46110761]] ev:{} outputs y:5.438208476673786 (n:0.03376200672820664) c:1.0
num acquisition: 183, time elapsed: 40.03s
0
z
[-0.56022733 -0.66911817]
-0.5602273330296978
f inputs x:[[-0.2735485  -0.32671786]] ev:{} outputs y:4.647005502218078 (n:0.04125678687332983) c:1.0
num acquisition: 184, time elapsed: 40.46s
0
z
[1.29308483 1.86429184]
1.2930848294920154
f inputs x:[[0.63138908 0.91029875]] ev:{} outputs y:1.599572759839787 (n:0.0349471381147488) c:1.0
num acquisition: 185, time elapsed: 40.97s
0
z
[0.86321394 0.79631521]
0.8632139351889561
f inputs x:[[0.42149118 0.38882579]] ev:{} outputs y:0.22273062282918743 (n:-0.024612180033500977) c:1.0
num acquisition: 186, time elapsed: 41.44s
0
z
[-1.22772033  1.38121611]
-1.2277203301101898
f inputs x:[[-0.59947282  0.67442193]] ev:{} outputs y:1.9890596574087704 (n:-0.03280338258592441) c:1.0
num acquisition: 187, time elapsed: 41.91s
0
z
[1.38434366 1.83807862]
1.384343659365633
f inputs x:[[0.67594905 0.89749933]] ev:{} outputs y:0.5150927938539452 (n:-0.05093623554603854) c:1.0
num acquisition: 188, time elapsed: 42.42s
0
z
[1.15141416 1.31569335]
1.15141415990625
f inputs x:[[0.56221395 0.64242839]] ev:{} outputs y:0.009164982100095663 (n:-0.023349701335115533) c:1.0
num acquisition: 189, time elapsed: 42.91s
0
z
[-1.34712004  0.22101174]
-1.347120039948159
f inputs x:[[-0.65777346  0.10791589]] ev:{} outputs y:5.562806664814874 (n:0.00019026150209412973) c:1.0
num acquisition: 190, time elapsed: 43.39s
0
z
[-0.8214795  -0.08600175]
-0.8214795013159235
f inputs x:[[-0.40111304 -0.04199304]] ev:{} outputs y:4.194543412570994 (n:0.06412306049904425) c:1.0
num acquisition: 191, time elapsed: 43.84s
0
z
[ 0.51045954 -0.44020712]
0.5104595392458717
f inputs x:[[ 0.24924782 -0.21494488]] ev:{} outputs y:3.9462436542140042 (n:0.027277637534101985) c:1.0
num acquisition: 192, time elapsed: 44.32s
0
z
[0.24007431 0.09950568]
0.24007431233540646
f inputs x:[[0.11722379 0.04858676]] ev:{} outputs y:0.5292125737281221 (n:-0.032000075890956846) c:1.0
num acquisition: 193, time elapsed: 44.81s
0
z
[1.39794094 1.94288259]
1.3979409444083066
f inputs x:[[0.68258835 0.94867314]] ev:{} outputs y:0.16308078823663588 (n:0.005006213087104205) c:1.0
num acquisition: 194, time elapsed: 45.37s
0
z
[1.25224804 1.54884792]
1.2522480378629561
f inputs x:[[0.61144924 0.7562734 ]] ev:{} outputs y:0.08314745175765204 (n:-0.012880847930165272) c:1.0
num acquisition: 195, time elapsed: 45.97s
0
z
[0.99086785 1.0824316 ]
0.9908678464554305
f inputs x:[[0.48382219 0.52853106]] ev:{} outputs y:0.6785702325662195 (n:-0.020743507835211648) c:1.0
num acquisition: 196, time elapsed: 46.52s
0
z
[1.0688772 1.0744085]
1.068877202635423
f inputs x:[[0.5219127  0.52461353]] ev:{} outputs y:0.37688443366365193 (n:-0.007267473540164323) c:1.0
num acquisition: 197, time elapsed: 47.11s
0
z
[1.00339489 1.00083743]
1.00339489363924
f inputs x:[[0.48993891 0.48869015]] ev:{} outputs y:-0.04028114102393829 (n:-0.04384310026778704) c:1.0
num acquisition: 198, time elapsed: 47.61s
0
z
[1.00615768 1.00339033]
1.0061576780446322
f inputs x:[[0.49128793 0.48993668]] ev:{} outputs y:-0.02425950879806333 (n:-0.032298460897138934) c:1.0
num acquisition: 199, time elapsed: 48.10s
0
z
[ 0.04669341 -0.3737991 ]
0.04669341064207773
f inputs x:[[ 0.02279952 -0.18251909]] ev:{} outputs y:2.8044534164912647 (n:0.029065953740430236) c:1.0
num acquisition: 200, time elapsed: 48.57s
0
z
[1.17521576 1.34626215]
1.1752157557618992
f inputs x:[[0.57383582 0.65735457]] ev:{} outputs y:0.18568449838777973 (n:0.04393175325847806) c:1.0
num acquisition: 201, time elapsed: 49.04s
0
z
[0.01131942 0.22759837]
0.011319417300147872
f inputs x:[[0.00552706 0.11113202]] ev:{} outputs y:1.9518120140608792 (n:-0.015546539863476885) c:1.0
num acquisition: 202, time elapsed: 49.57s
0
z
[0.06609393 1.67479165]
0.06609393164323213
f inputs x:[[0.03227243 0.81776936]] ev:{} outputs y:5.607201175993749 (n:-0.03081023842871289) c:1.0
num acquisition: 203, time elapsed: 50.10s
0
z
[1.13217698 1.3059556 ]
1.132176981944938
f inputs x:[[0.55282079 0.63767363]] ev:{} outputs y:0.0617791361090652 (n:-0.01119313142799605) c:1.0
num acquisition: 204, time elapsed: 50.59s
0
z
[ 0.69988853 -1.17711609]
0.6998885275018739
f inputs x:[[ 0.34174245 -0.57476372]] ev:{} outputs y:5.57639173581323 (n:-0.05469690708669244) c:1.0
num acquisition: 205, time elapsed: 51.16s
0
z
[0.58590528 0.33161599]
0.5859052753171975
f inputs x:[[0.28608656 0.16192187]] ev:{} outputs y:0.14121516187564417 (n:-0.0286044069971037) c:1.0
num acquisition: 206, time elapsed: 51.65s
0
z
[0.63909472 0.37386377]
0.6390947220572989
f inputs x:[[0.31205797 0.18255067]] ev:{} outputs y:0.15550453738427922 (n:-0.06749374935125162) c:1.0
num acquisition: 207, time elapsed: 52.19s
0
z
[1.13892098 0.03628447]
1.1389209770071858
f inputs x:[[0.55611376 0.01771703]] ev:{} outputs y:5.067778131218878 (n:-0.00736578084380269) c:1.0
num acquisition: 208, time elapsed: 52.67s
0
z
[-0.36140864 -1.04785132]
-0.3614086415934815
f inputs x:[[-0.17646906 -0.51164615]] ev:{} outputs y:5.039300951235747 (n:0.08536297035792445) c:1.0
num acquisition: 209, time elapsed: 53.26s
0
z
[0.75467893 0.55553768]
0.7546789265918595
f inputs x:[[0.36849557 0.27125863]] ev:{} outputs y:0.09880821059255927 (n:0.0220418943467542) c:1.0
num acquisition: 210, time elapsed: 53.77s
0
z
[ 0.26898394 -1.07106736]
0.26898393558862665
f inputs x:[[ 0.13133981 -0.52298211]] ev:{} outputs y:4.985966803799479 (n:0.10108182658331949) c:1.0
num acquisition: 211, time elapsed: 54.25s
0
z
[1.74454204 1.08462119]
1.7445420354183798
f inputs x:[[0.85182717 0.52960019]] ev:{} outputs y:6.028007670790139 (n:0.07412472609122488) c:1.0
num acquisition: 212, time elapsed: 54.77s
0
z
[1.00460716 1.00222839]
1.0046071565002515
f inputs x:[[0.49053084 0.48936933]] ev:{} outputs y:-0.028285078690379467 (n:-0.03320420095470111) c:1.0
num acquisition: 213, time elapsed: 55.33s
0
z
[-1.06231631  1.31344611]
-1.0623163111910485
f inputs x:[[-0.51870914  0.64133111]] ev:{} outputs y:2.200688122898225 (n:0.04046586133350902) c:1.0
num acquisition: 214, time elapsed: 55.85s
0
z
[1.13929436 1.30486229]
1.1392943556067614
f inputs x:[[0.55629607 0.63713979]] ev:{} outputs y:0.04416054659953636 (n:0.020323409881712537) c:1.0
num acquisition: 215, time elapsed: 56.41s
0
z
[1.14015419 1.31320484]
1.1401541863544378
f inputs x:[[0.55671591 0.6412133 ]] ev:{} outputs y:0.07888542149986286 (n:0.042352834188190865) c:1.0
num acquisition: 216, time elapsed: 56.98s
0
z
[1.00453378 1.00199169]
1.0045337813205066
f inputs x:[[0.49049501 0.48925375]] ev:{} outputs y:-0.08070158870856996 (n:-0.08574533391807075) c:1.0
num acquisition: 217, time elapsed: 57.63s
0
z
[0.24123448 1.20691423]
0.2412344756531327
f inputs x:[[0.11779027 0.58931359]] ev:{} outputs y:4.893625787226951 (n:-0.0007118084138972511) c:1.0
num acquisition: 218, time elapsed: 58.19s
0
z
[0.21062063 0.7128387 ]
0.2106206344676952
f inputs x:[[0.10284211 0.34806577]] ev:{} outputs y:3.8209351588037626 (n:-0.014408859267174879) c:1.0
num acquisition: 219, time elapsed: 59.02s
0
z
[1.00676903 1.00411431]
1.006769027516282
f inputs x:[[0.49158644 0.49029019]] ev:{} outputs y:-0.004278865657773325 (n:-0.013251582690798966) c:1.0
num acquisition: 220, time elapsed: 59.62s
0
z
[0.53372032 0.24942338]
0.5337203167096773
f inputs x:[[0.26060562 0.12178876]] ev:{} outputs y:0.3528398627864577 (n:0.05795363448389582) c:1.0
num acquisition: 221, time elapsed: 60.20s
0
z
[-2.048      -1.60960621]
-2.048
f inputs x:[[-1.         -0.78594053]] ev:{} outputs y:8.07515686215772 (n:-0.05012722475056547) c:1.0
num acquisition: 222, time elapsed: 60.80s
0
z
[ 2.048      -0.85977953]
2.048
f inputs x:[[ 1.         -0.41981422]] ev:{} outputs y:7.858369992001716 (n:0.011985617547624661) c:1.0
num acquisition: 223, time elapsed: 61.43s
0
z
[0.59657219 1.25136177]
0.596572188782941
f inputs x:[[0.29129501 0.61101649]] ev:{} outputs y:4.31120781369769 (n:-0.08753117173386579) c:1.0
num acquisition: 224, time elapsed: 62.01s
0
z
[-0.72908295  1.06697222]
-0.7290829473630647
f inputs x:[[-0.35599753  0.52098253]] ev:{} outputs y:3.508133081474706 (n:0.0221000540967188) c:1.0
num acquisition: 225, time elapsed: 62.66s
0
z
[1.00457993 1.00212331]
1.0045799321400564
f inputs x:[[0.49051754 0.48931802]] ev:{} outputs y:-0.03192569135010949 (n:-0.036915075996885816) c:1.0
num acquisition: 226, time elapsed: 63.30s
0
z
[-0.99032632  0.75614946]
-0.9903263177767977
f inputs x:[[-0.48355777  0.3692136 ]] ev:{} outputs y:2.3284541885200114 (n:0.025292327979214924) c:1.0
num acquisition: 227, time elapsed: 63.99s
0
z
[1.0045151  1.00200432]
1.0045151029008275
f inputs x:[[0.49048589 0.48925992]] ev:{} outputs y:0.0145452808327514 (n:0.009572289871661898) c:1.0
num acquisition: 228, time elapsed: 64.61s
0
z
[0.75531261 0.59491089]
0.7553126050515342
f inputs x:[[0.36880498 0.29048384]] ev:{} outputs y:0.1559108111616493 (n:0.04305089266740829) c:1.0
num acquisition: 229, time elapsed: 65.26s
0
z
[2.048      1.70989302]
2.048
f inputs x:[[1.        0.8349087]] ev:{} outputs y:6.361241107724661 (n:-0.06739406605239055) c:1.0
num acquisition: 230, time elapsed: 66.16s
0
z
[1.19935413 1.4505202 ]
1.1993541300104031
f inputs x:[[0.58562213 0.70826181]] ev:{} outputs y:0.06386340820873844 (n:0.01097665745493814) c:1.0
num acquisition: 231, time elapsed: 66.90s
0
z
[1.13750741 1.28053909]
1.1375074097499007
f inputs x:[[0.55542354 0.62526323]] ev:{} outputs y:0.04495995692683606 (n:0.008800201341339997) c:1.0
num acquisition: 232, time elapsed: 67.57s
0
z
[ 1.14645671 -0.51154079]
1.146456706078111
f inputs x:[[ 0.55979331 -0.24977577]] ev:{} outputs y:5.8962181136219485 (n:0.08383865013437114) c:1.0
num acquisition: 233, time elapsed: 68.16s
0
z
[0.81404076 0.65464815]
0.8140407644486526
f inputs x:[[0.39748084 0.31965242]] ev:{} outputs y:-0.02543622001287204 (n:-0.06562147058175065) c:1.0
num acquisition: 234, time elapsed: 68.85s
0
z
[ 2.048      -1.64630428]
2.048
f inputs x:[[ 1.         -0.80385951]] ev:{} outputs y:8.119046921026206 (n:-0.016408083649944723) c:1.0
num acquisition: 235, time elapsed: 69.70s
0
z
[-1.5862545  -1.10166238]
-1.5862545021805181
f inputs x:[[-0.77453833 -0.53792108]] ev:{} outputs y:7.18931425898355 (n:0.006518511199628197) c:1.0
num acquisition: 236, time elapsed: 70.28s
0
z
[-0.13198367  0.07610758]
-0.13198367185115575
f inputs x:[[-0.06444515  0.03716191]] ev:{} outputs y:0.9226385525713012 (n:-0.042752362200923634) c:1.0
num acquisition: 237, time elapsed: 71.04s
0
z
[0.81382792 0.65205147]
0.813827917382171
f inputs x:[[0.39737691 0.31838451]] ev:{} outputs y:0.09479333823390909 (n:0.050589051398438445) c:1.0
num acquisition: 238, time elapsed: 71.83s
0
z
[1.00315822 1.0012183 ]
1.0031582217177366
f inputs x:[[0.48982335 0.48887612]] ev:{} outputs y:0.009805275211610084 (n:0.007189433658158165) c:1.0
num acquisition: 239, time elapsed: 72.57s
0
z
[ 1.73019535 -0.22911106]
1.7301953495783313
f inputs x:[[ 0.84482195 -0.11187064]] ev:{} outputs y:6.911865324460822 (n:-0.035210992695974455) c:1.0
num acquisition: 240, time elapsed: 73.40s
0
z
[ 0.41909469 -1.74308705]
0.4190946889070164
f inputs x:[[ 0.20463608 -0.85111672]] ev:{} outputs y:6.030536413713607 (n:0.11841561575608883) c:1.0
num acquisition: 241, time elapsed: 74.09s
0
z
[0.8093908 0.6290592]
0.8093908032568777
f inputs x:[[0.39521035 0.30715781]] ev:{} outputs y:0.1229209953705539 (n:0.02378687188822656) c:1.0
num acquisition: 242, time elapsed: 74.81s
0
z
[ 1.65967935 -2.048     ]
1.6596793475188056
f inputs x:[[ 0.81039031 -1.        ]] ev:{} outputs y:7.76222196659265 (n:0.018141694602284982) c:1.0
num acquisition: 243, time elapsed: 75.59s
0
z
[1.14006593 1.30081504]
1.1400659289144097
f inputs x:[[0.55667282 0.63516359]] ev:{} outputs y:-0.02600908282696503 (n:-0.045548760594347606) c:1.0
num acquisition: 244, time elapsed: 76.31s
0
z
[1.139905   1.29904971]
1.1399049993734642
f inputs x:[[0.55659424 0.63430161]] ev:{} outputs y:-0.0018148394509220032 (n:-0.02121007449401512) c:1.0
num acquisition: 245, time elapsed: 77.18s
[0.49049501 0.48925375]
