INFO:GP:initializing Y
INFO:GP:initializing inference method
INFO:GP:adding kernel and likelihood as parameters
removed robo import in opts.py l17 due to theano errors
0
z
[-0.4911086  -1.47584456]
-0.49110860291705694
f inputs x:[[-0.23979912 -0.72062723]] ev:{} outputs y:5.682329866101258 (n:-0.014909148235644334) c:1.0
0
z
[0.61614278 0.77810506]
0.6161427779697729
f inputs x:[[0.30085097 0.37993411]] ev:{} outputs y:2.8971714797391277 (n:0.06246335044560617) c:1.0
0
z
[-0.09869877 -0.10535877]
-0.09869877395210506
f inputs x:[[-0.04819276 -0.05144471]] ev:{} outputs y:1.161968630021339 (n:-0.09988011336097971) c:1.0
0
z
[ 1.2956332 -1.8539201]
1.295633202306847
f inputs x:[[ 0.6326334  -0.90523442]] ev:{} outputs y:7.097982580567005 (n:-0.03211867229321346) c:1.0
0
z
[0.6717716  1.57331292]
0.6717715952035783
f inputs x:[[0.32801347 0.7682192 ]] ev:{} outputs y:4.942434297414577 (n:0.0982143251104442) c:1.0
0
z
[-0.15749171  0.292399  ]
-0.15749171481045926
f inputs x:[[-0.07690025  0.14277295]] ev:{} outputs y:2.22710514856466 (n:-0.024240812282117094) c:1.0
num acquisition: 1, time elapsed: 0.13s
0
z
[ 0.30416    -0.11398992]
0.3041600043448653
f inputs x:[[ 0.14851563 -0.05565914]] ev:{} outputs y:1.7018887426443658 (n:-0.047059186684073044) c:1.0
num acquisition: 2, time elapsed: 0.24s
0
z
[-0.36707466 -0.24213062]
-0.36707465657148003
f inputs x:[[-0.17923567 -0.11822784]] ev:{} outputs y:2.9119829887950335 (n:0.07452416990785642) c:1.0
num acquisition: 3, time elapsed: 0.39s
0
z
[0.22391323 0.04649158]
0.2239132320064683
f inputs x:[[0.10933263 0.02270097]] ev:{} outputs y:0.5598760883759032 (n:0.08760024264256792) c:1.0
num acquisition: 4, time elapsed: 0.55s
0
z
[0.29114327 0.08160359]
0.29114326859983686
f inputs x:[[0.1421598  0.03984551]] ev:{} outputs y:0.2791222087612839 (n:-0.1286581746326523) c:1.0
num acquisition: 5, time elapsed: 0.71s
0
z
[0.37652226 0.25548286]
0.3765222553462683
f inputs x:[[0.18384876 0.12474749]] ev:{} outputs y:1.020792690670989 (n:0.034301353804540656) c:1.0
num acquisition: 6, time elapsed: 0.83s
0
z
[-2.048  2.048]
-2.048
f inputs x:[[-1.  1.]] ev:{} outputs y:6.259992422994369 (n:0.10523541680137743) c:1.0
num acquisition: 7, time elapsed: 0.93s
0
z
[0.32898867 0.09717051]
0.32898866800647
f inputs x:[[0.160639   0.04744654]] ev:{} outputs y:0.3107940471071056 (n:-0.06935002164436803) c:1.0
num acquisition: 8, time elapsed: 1.06s
0
z
[2.048      0.26217542]
2.048
f inputs x:[[1.         0.12801534]] ev:{} outputs y:7.345097787069504 (n:0.0002096138809528983) c:1.0
num acquisition: 9, time elapsed: 1.18s
0
z
[-2.048      -0.09290557]
-2.048
f inputs x:[[-1.         -0.04536405]] ev:{} outputs y:7.567478127294222 (n:0.0454528203875329) c:1.0
num acquisition: 10, time elapsed: 1.30s
0
z
[-2.048 -2.048]
-2.048
f inputs x:[[-1. -1.]] ev:{} outputs y:8.296841149266355 (n:0.026334936692705896) c:1.0
num acquisition: 11, time elapsed: 1.38s
0
z
[0.28111837 0.10126853]
0.2811183725980435
f inputs x:[[0.13726483 0.04944753]] ev:{} outputs y:0.4090932757487578 (n:-0.03959540682337674) c:1.0
num acquisition: 12, time elapsed: 1.48s
0
z
[2.048 2.048]
2.048
f inputs x:[[1. 1.]] ev:{} outputs y:6.106693366275685 (n:-0.030516037744013003) c:1.0
num acquisition: 13, time elapsed: 1.58s
0
z
[0.80803113 0.11525749]
0.8080311337072423
f inputs x:[[0.39454645 0.05627807]] ev:{} outputs y:3.4182134079586515 (n:0.018873141799960472) c:1.0
num acquisition: 14, time elapsed: 1.74s
0
z
[-0.53791484  2.048     ]
-0.5379148379456212
f inputs x:[[-0.26265373  1.        ]] ev:{} outputs y:5.840323976771729 (n:0.09524176673792187) c:1.0
num acquisition: 15, time elapsed: 1.85s
0
z
[-0.98865509  0.86349987]
-0.98865509199216
f inputs x:[[-0.48274174  0.4216308 ]] ev:{} outputs y:1.8887997904555474 (n:0.055744981097917395) c:1.0
num acquisition: 16, time elapsed: 1.95s
0
z
[-0.48361319  1.00891407]
-0.4836131858434527
f inputs x:[[-0.23613925  0.49263382]] ev:{} outputs y:4.087542456126674 (n:-0.05984707487729943) c:1.0
num acquisition: 17, time elapsed: 2.06s
0
z
[-1.47400518  1.01959947]
-1.4740051792677105
f inputs x:[[-0.71972909  0.4978513 ]] ev:{} outputs y:4.894698135469594 (n:-0.04753533816272168) c:1.0
num acquisition: 18, time elapsed: 2.17s
0
z
[-0.90543067  0.41536791]
-0.9054306693004889
f inputs x:[[-0.44210482  0.20281636]] ev:{} outputs y:3.023735354667995 (n:-0.02019534201464347) c:1.0
num acquisition: 19, time elapsed: 2.33s
0
z
[ 2.048      -1.00603808]
2.048
f inputs x:[[ 1.         -0.49122953]] ev:{} outputs y:7.976261214040795 (n:0.07286661454391864) c:1.0
num acquisition: 20, time elapsed: 2.46s
0
z
[1.31678184 1.06479497]
1.316781837026266
f inputs x:[[0.64295988 0.51991942]] ev:{} outputs y:3.791916334522683 (n:-0.03394801732050546) c:1.0
num acquisition: 21, time elapsed: 2.57s
0
z
[ 0.20751315 -2.048     ]
0.20751315226759626
f inputs x:[[ 0.10132478 -1.        ]] ev:{} outputs y:6.155166243708522 (n:0.07093579112239337) c:1.0
num acquisition: 22, time elapsed: 2.68s
0
z
[0.32225827 0.10454489]
0.3222582663795219
f inputs x:[[0.15735267 0.05104731]] ev:{} outputs y:0.34462600283181233 (n:-0.0333871171947114) c:1.0
num acquisition: 23, time elapsed: 2.80s
0
z
[-1.28687614 -0.93183906]
-1.286876141696774
f inputs x:[[-0.62835749 -0.45499954]] ev:{} outputs y:6.5979571427764645 (n:0.08184264143264913) c:1.0
num acquisition: 24, time elapsed: 2.90s
0
z
[0.33389986 0.09641564]
0.33389985888871104
f inputs x:[[0.16303704 0.04707795]] ev:{} outputs y:0.41153329600800537 (n:0.028715818116342426) c:1.0
num acquisition: 25, time elapsed: 3.03s
0
z
[0.29399205 0.11323549]
0.29399204910470167
f inputs x:[[0.14355081 0.05529076]] ev:{} outputs y:0.47257100922978834 (n:0.021308446204823847) c:1.0
num acquisition: 26, time elapsed: 3.16s
0
z
[0.31857028 0.09751482]
0.3185702843154831
f inputs x:[[0.1555519  0.04761466]] ev:{} outputs y:0.4016668735727315 (n:0.019180908484927376) c:1.0
num acquisition: 27, time elapsed: 3.29s
0
z
[1.18263111 2.048     ]
1.182631107658629
f inputs x:[[0.5774566 1.       ]] ev:{} outputs y:3.768337715486848 (n:0.002421567442368845) c:1.0
num acquisition: 28, time elapsed: 3.40s
0
z
[-0.99135003  1.37358999]
-0.991350027081528
f inputs x:[[-0.48405763  0.67069824]] ev:{} outputs y:3.0714879236846464 (n:0.0638705418828076) c:1.0
num acquisition: 29, time elapsed: 3.53s
0
z
[0.31569665 0.09763254]
0.3156966510102047
f inputs x:[[0.15414876 0.04767214]] ev:{} outputs y:0.4046760683012057 (n:0.020309369586544206) c:1.0
num acquisition: 30, time elapsed: 3.63s
0
z
[0.31609155 0.09653522]
0.3160915453819235
f inputs x:[[0.15434157 0.04713634]] ev:{} outputs y:0.4233287296206979 (n:0.03883376652997376) c:1.0
num acquisition: 31, time elapsed: 3.76s
0
z
[ 2.048 -2.048]
2.048
f inputs x:[[ 1. -1.]] ev:{} outputs y:8.272254365955149 (n:0.0038471437376064316) c:1.0
num acquisition: 32, time elapsed: 3.87s
0
z
[0.31236307 0.09776038]
0.31236306784045176
f inputs x:[[0.15252103 0.04773456]] ev:{} outputs y:0.4345450153899916 (n:0.047346973041754545) c:1.0
num acquisition: 33, time elapsed: 3.99s
0
z
[0.31147052 0.09789605]
0.3114705207135721
f inputs x:[[0.15208522 0.04780081]] ev:{} outputs y:0.28397050950339053 (n:-0.10411149474299133) c:1.0
num acquisition: 34, time elapsed: 4.11s
0
z
[-0.93682504 -2.048     ]
-0.9368250444409113
f inputs x:[[-0.4574341 -1.       ]] ev:{} outputs y:6.7821448294058895 (n:0.024411698931899813) c:1.0
num acquisition: 35, time elapsed: 4.23s
0
z
[2.048      1.20405692]
2.048
f inputs x:[[1.         0.58791842]] ev:{} outputs y:6.822167151562706 (n:0.023940995471031783) c:1.0
num acquisition: 36, time elapsed: 4.34s
0
z
[0.30644345 0.10118621]
0.3064434513926036
f inputs x:[[0.14963059 0.04940733]] ev:{} outputs y:0.3950364245708359 (n:-0.0012658454488438764) c:1.0
num acquisition: 37, time elapsed: 4.46s
0
z
[ 0.46763419 -1.13060448]
0.4676341897526591
f inputs x:[[ 0.22833701 -0.55205297]] ev:{} outputs y:5.13159847687733 (n:-0.07974792821284828) c:1.0
num acquisition: 38, time elapsed: 4.58s
0
z
[0.30929902 0.09993159]
0.30929902365133066
f inputs x:[[0.15102491 0.04879472]] ev:{} outputs y:0.350653582273145 (n:-0.04063650736583784) c:1.0
num acquisition: 39, time elapsed: 4.73s
0
z
[-1.2692927  2.048    ]
-1.2692926952455448
f inputs x:[[-0.61977182  1.        ]] ev:{} outputs y:3.28256557247816 (n:0.0542343701577899) c:1.0
num acquisition: 40, time elapsed: 4.86s
0
z
[0.31170007 0.09863583]
0.3117000666462904
f inputs x:[[0.1521973  0.04816203]] ev:{} outputs y:0.482494259855715 (n:0.09453107834057084) c:1.0
num acquisition: 41, time elapsed: 5.00s
0
z
[0.30446371 0.1016711 ]
0.30446370681470414
f inputs x:[[0.14866392 0.04964409]] ev:{} outputs y:0.41440732579888084 (n:0.014409050676156677) c:1.0
num acquisition: 42, time elapsed: 5.16s
0
z
[0.30869589 0.0998952 ]
0.3086958884504825
f inputs x:[[0.15073041 0.04877695]] ev:{} outputs y:0.41372022808151915 (n:0.021665128549083295) c:1.0
num acquisition: 43, time elapsed: 5.30s
0
z
[0.310913   0.09886625]
0.3109130039045866
f inputs x:[[0.15181299 0.04827454]] ev:{} outputs y:0.33976960408612644 (n:-0.04910843214773364) c:1.0
num acquisition: 44, time elapsed: 5.46s
0
z
[0.31253602 0.09835687]
0.31253601698006384
f inputs x:[[0.15260548 0.04802582]] ev:{} outputs y:0.3943741155164795 (n:0.007308775232220944) c:1.0
num acquisition: 45, time elapsed: 5.58s
0
z
[0.31390744 0.09760112]
0.31390744307931073
f inputs x:[[0.15327512 0.0476568 ]] ev:{} outputs y:0.35760972363829774 (n:-0.02820405498328732) c:1.0
num acquisition: 46, time elapsed: 5.70s
0
z
[0.31657475 0.09656836]
0.3165747454437948
f inputs x:[[0.15457751 0.04715252]] ev:{} outputs y:0.40226273642548793 (n:0.018087174153984656) c:1.0
num acquisition: 47, time elapsed: 5.83s
0
z
[0.37982029 2.048     ]
0.3798202888365861
f inputs x:[[0.18545913 1.        ]] ev:{} outputs y:5.9096618513518395 (n:0.013041347453390292) c:1.0
num acquisition: 48, time elapsed: 5.97s
0
z
[0.31476807 0.09721663]
0.31476807489515063
f inputs x:[[0.15369535 0.04746906]] ev:{} outputs y:0.38207844496717436 (n:-0.0031088574648574104) c:1.0
num acquisition: 49, time elapsed: 6.11s
0
z
[0.31614832 0.09648986]
0.31614832179860125
f inputs x:[[0.1543693  0.04711419]] ev:{} outputs y:0.3476072965501863 (n:-0.036872627488030024) c:1.0
num acquisition: 50, time elapsed: 6.26s
0
z
[0.3193271  0.09539312]
0.31932710243349516
f inputs x:[[0.15592144 0.04657867]] ev:{} outputs y:0.36733670058067536 (n:-0.016319555698225855) c:1.0
num acquisition: 51, time elapsed: 6.39s
0
z
[0.32166223 0.09443645]
0.32166223123535553
f inputs x:[[0.15706164 0.04611155]] ev:{} outputs y:0.3244810548135386 (n:-0.05962180621712113) c:1.0
num acquisition: 52, time elapsed: 6.51s
0
z
[-2.048      -1.06280683]
-2.048
f inputs x:[[-1.         -0.51894865]] ev:{} outputs y:7.866800513681667 (n:-0.061249315267912954) c:1.0
num acquisition: 53, time elapsed: 6.64s
0
z
[0.32797859 0.09335663]
0.32797858836035537
f inputs x:[[0.1601458  0.04558429]] ev:{} outputs y:0.4090355623302711 (n:0.022539480385799573) c:1.0
num acquisition: 54, time elapsed: 6.76s
0
z
[ 1.14831675 -0.74099548]
1.1483167533606602
f inputs x:[[ 0.56070154 -0.3618142 ]] ev:{} outputs y:6.096209661850379 (n:0.043583523815730024) c:1.0
num acquisition: 55, time elapsed: 6.88s
0
z
[0.32090654 0.09476248]
0.32090653591372614
f inputs x:[[0.15669264 0.04627074]] ev:{} outputs y:0.4164223459822721 (n:0.03257431783415524) c:1.0
num acquisition: 56, time elapsed: 7.01s
0
z
[0.31779775 0.09556213]
0.31779774631046087
f inputs x:[[0.15517468 0.0466612 ]] ev:{} outputs y:0.4384894498712124 (n:0.05434879159789638) c:1.0
num acquisition: 57, time elapsed: 7.15s
0
z
[0.31460943 0.09680307]
0.31460942576350215
f inputs x:[[0.15361788 0.04726712]] ev:{} outputs y:0.3270512406035929 (n:-0.05837015900907429) c:1.0
num acquisition: 58, time elapsed: 7.28s
0
z
[0.31543289 0.09653974]
0.31543288764684946
f inputs x:[[0.15401996 0.04713855]] ev:{} outputs y:0.38055621458178823 (n:-0.004370895283563358) c:1.0
num acquisition: 59, time elapsed: 7.43s
0
z
[0.31600329 0.09610964]
0.31600328858360804
f inputs x:[[0.15429848 0.04692853]] ev:{} outputs y:0.4244022373102677 (n:0.03964569099230154) c:1.0
num acquisition: 60, time elapsed: 7.58s
0
z
[0.04716233 0.07354797]
0.04716233427685811
f inputs x:[[0.02302848 0.03591209]] ev:{} outputs y:0.8775726431036613 (n:-0.004791595274112851) c:1.0
num acquisition: 61, time elapsed: 7.72s
0
z
[-0.16605129 -0.79586202]
-0.1660512851090278
f inputs x:[[-0.08107973 -0.3886045 ]] ev:{} outputs y:4.296849179060716 (n:0.04601090807820234) c:1.0
num acquisition: 62, time elapsed: 7.87s
0
z
[0.31387085 0.09680188]
0.31387085285825156
f inputs x:[[0.15325725 0.04726654]] ev:{} outputs y:0.4370333649420446 (n:0.05104561221634926) c:1.0
num acquisition: 63, time elapsed: 8.01s
0
z
[0.3134171  0.09712978]
0.31341710069139367
f inputs x:[[0.15303569 0.04742665]] ev:{} outputs y:0.4326518647674718 (n:0.04635789634643186) c:1.0
num acquisition: 64, time elapsed: 8.14s
0
z
[0.31332189 0.09723519]
0.3133218929921102
f inputs x:[[0.15298921 0.04747812]] ev:{} outputs y:0.4394887735305494 (n:0.05312879547619978) c:1.0
num acquisition: 65, time elapsed: 8.28s
0
z
[0.31317686 0.09739027]
0.3131768613132373
f inputs x:[[0.15291839 0.04755384]] ev:{} outputs y:0.3170693828054083 (n:-0.06939879537544776) c:1.0
num acquisition: 66, time elapsed: 8.44s
0
z
[1.05061661 0.63982349]
1.0506166057849573
f inputs x:[[0.51299639 0.31241381]] ev:{} outputs y:3.1181805056230414 (n:0.0033530960447489544) c:1.0
num acquisition: 67, time elapsed: 8.58s
0
z
[0.3118595  0.09823634]
0.31185949645678746
f inputs x:[[0.15227514 0.04796696]] ev:{} outputs y:0.37609511864009876 (n:-0.01163592692476419) c:1.0
num acquisition: 68, time elapsed: 8.72s
0
z
[0.31215047 0.0979993 ]
0.312150469916502
f inputs x:[[0.15241722 0.04785122]] ev:{} outputs y:0.37745797672606857 (n:-0.009957540429090958) c:1.0
num acquisition: 69, time elapsed: 8.90s
0
z
[0.3124611  0.09774939]
0.31246110253398585
f inputs x:[[0.1525689  0.04772919]] ev:{} outputs y:0.318933676313592 (n:-0.06817132168983842) c:1.0
num acquisition: 70, time elapsed: 9.05s
0
z
[0.31188156 0.09808294]
0.3118815647851493
f inputs x:[[0.15228592 0.04789206]] ev:{} outputs y:0.3452891232757562 (n:-0.04240097434889476) c:1.0
num acquisition: 71, time elapsed: 9.21s
0
z
[0.31167783 0.09810832]
0.31167782858359155
f inputs x:[[0.15218644 0.04790445]] ev:{} outputs y:0.4670963327374898 (n:0.07919755822372306) c:1.0
num acquisition: 72, time elapsed: 9.38s
0
z
[0.31195556 0.09833417]
0.31195556263029667
f inputs x:[[0.15232205 0.04801473]] ev:{} outputs y:0.40562225918253886 (n:0.01797579194571153) c:1.0
num acquisition: 73, time elapsed: 9.57s
0
z
[0.31243644 0.0980505 ]
0.3124364393200222
f inputs x:[[0.15255686 0.04787622]] ev:{} outputs y:0.4079785628691989 (n:0.02083868533099761) c:1.0
num acquisition: 74, time elapsed: 9.74s
0
z
[0.31281677 0.09781107]
0.31281677057070517
f inputs x:[[0.15274256 0.04775931]] ev:{} outputs y:0.3714414813835377 (n:-0.01533064853756781) c:1.0
num acquisition: 75, time elapsed: 9.89s
0
z
[0.31309473 0.09760978]
0.31309473340640187
f inputs x:[[0.15287829 0.04766102]] ev:{} outputs y:0.48807041409798735 (n:0.1015459783354278) c:1.0
num acquisition: 76, time elapsed: 10.06s
0
z
[0.31193354 0.09842437]
0.311933541063908
f inputs x:[[0.1523113  0.04805877]] ev:{} outputs y:0.33632024205662625 (n:-0.05136188363825248) c:1.0
num acquisition: 77, time elapsed: 10.24s
0
z
[-2.048       1.16182239]
-2.048
f inputs x:[[-1.          0.56729609]] ev:{} outputs y:6.837757597262752 (n:0.002696918721570952) c:1.0
num acquisition: 78, time elapsed: 10.39s
0
z
[0.31107437 0.09892114]
0.3110743702884753
f inputs x:[[0.15189178 0.04830134]] ev:{} outputs y:0.36346414438034935 (n:-0.02524973582312925) c:1.0
num acquisition: 79, time elapsed: 10.55s
0
z
[0.31098659 0.09890404]
0.31098658709227844
f inputs x:[[0.15184892 0.04829299]] ev:{} outputs y:0.4075625636252419 (n:0.018755635244342955) c:1.0
num acquisition: 80, time elapsed: 10.71s
0
z
[0.31158329 0.09859544]
0.3115832877042581
f inputs x:[[0.15214028 0.0481423 ]] ev:{} outputs y:0.42197124983548023 (n:0.03389243087302313) c:1.0
num acquisition: 81, time elapsed: 10.85s
0
z
[0.31212404 0.09833498]
0.31212404340081346
f inputs x:[[0.15240432 0.04801513]] ev:{} outputs y:0.4298673479621575 (n:0.04239189350787276) c:1.0
num acquisition: 82, time elapsed: 11.01s
0
z
[0.312477   0.09816018]
0.3124769956069817
f inputs x:[[0.15257666 0.04792977]] ev:{} outputs y:0.4418720703226221 (n:0.054764607168012416) c:1.0
num acquisition: 83, time elapsed: 11.21s
0
z
[0.31260608 0.09810016]
0.3126060781663711
f inputs x:[[0.15263969 0.04790047]] ev:{} outputs y:0.47896295438363784 (n:0.09198456972087594) c:1.0
num acquisition: 84, time elapsed: 11.40s
0
z
[0.31212421 0.09841697]
0.3121242135686215
f inputs x:[[0.1524044  0.04805516]] ev:{} outputs y:0.34057956632120145 (n:-0.04690633964131921) c:1.0
num acquisition: 85, time elapsed: 11.58s
0
z
[0.3118277  0.09857999]
0.3118276987545558
f inputs x:[[0.15225962 0.04813476]] ev:{} outputs y:0.45028923141814947 (n:0.062471181841487644) c:1.0
num acquisition: 86, time elapsed: 11.74s
0
z
[0.31222181 0.09843337]
0.3122218139847946
f inputs x:[[0.15245206 0.04806317]] ev:{} outputs y:0.3672835911649981 (n:-0.02010529292818684) c:1.0
num acquisition: 87, time elapsed: 11.94s
0
z
[-1.38466818  0.39658104]
-1.3846681765691518
f inputs x:[[-0.67610751  0.19364309]] ev:{} outputs y:5.535782500452496 (n:0.06373424981002418) c:1.0
num acquisition: 88, time elapsed: 12.09s
0
z
[0.31200517 0.09865813]
0.3120051705666098
f inputs x:[[0.15234627 0.04817292]] ev:{} outputs y:0.33869108569573086 (n:-0.04895536391670988) c:1.0
num acquisition: 89, time elapsed: 12.30s
0
z
[0.31163562 0.09887264]
0.3116356161871441
f inputs x:[[0.15216583 0.04827766]] ev:{} outputs y:0.43709786585472954 (n:0.049013709191068705) c:1.0
num acquisition: 90, time elapsed: 12.49s
0
z
[0.31214169 0.09863299]
0.3121416892644677
f inputs x:[[0.15241293 0.04816064]] ev:{} outputs y:0.36833447828417587 (n:-0.01916568160699786) c:1.0
num acquisition: 91, time elapsed: 12.69s
0
z
[0.3122432  0.09857614]
0.3122432005700708
f inputs x:[[0.1524625  0.04813288]] ev:{} outputs y:0.4456242786600958 (n:0.05823752082109745) c:1.0
num acquisition: 92, time elapsed: 12.89s
0
z
[0.31245035 0.09845146]
0.3124503497182724
f inputs x:[[0.15256365 0.048072  ]] ev:{} outputs y:0.3607576365219918 (n:-0.02640281832545275) c:1.0
num acquisition: 93, time elapsed: 13.08s
0
z
[0.31253271 0.09842518]
0.31253271051476955
f inputs x:[[0.15260386 0.04805917]] ev:{} outputs y:0.5058646170166516 (n:0.11878937311261911) c:1.0
num acquisition: 94, time elapsed: 13.27s
0
z
[0.31164722 0.09887085]
0.3116472203645342
f inputs x:[[0.15217149 0.04827678]] ev:{} outputs y:0.3842934484125161 (n:-0.003777727027511055) c:1.0
num acquisition: 95, time elapsed: 13.45s
0
z
[1.38799599 1.61623993]
1.3879959893880516
f inputs x:[[0.67773242 0.78917965]] ev:{} outputs y:2.411585991081523 (n:0.03401293790260934) c:1.0
num acquisition: 96, time elapsed: 13.63s
0
z
[0.31258183 0.09788189]
0.31258182744472446
f inputs x:[[0.15262785 0.04779389]] ev:{} outputs y:0.3381865434843196 (n:-0.048806867623191974) c:1.0
num acquisition: 97, time elapsed: 13.86s
0
z
[0.31252766 0.09791621]
0.31252765697376134
f inputs x:[[0.1526014  0.04781065]] ev:{} outputs y:0.4038821559929368 (n:0.016836236621705455) c:1.0
num acquisition: 98, time elapsed: 14.06s
0
z
[0.31277393 0.09777069]
0.3127739331136295
f inputs x:[[0.15272165 0.0477396 ]] ev:{} outputs y:0.33180315156751017 (n:-0.055009061325310776) c:1.0
num acquisition: 99, time elapsed: 14.29s
0
z
[0.31275127 0.09781226]
0.31275127152648835
f inputs x:[[0.15271058 0.04775989]] ev:{} outputs y:0.3905910952615007 (n:0.00375794581144651) c:1.0
num acquisition: 100, time elapsed: 14.48s
0
z
[0.31298814 0.09766673]
0.3129881409139325
f inputs x:[[0.15282624 0.04768883]] ev:{} outputs y:0.33303551788992874 (n:-0.05358241814722107) c:1.0
num acquisition: 101, time elapsed: 14.68s
0
z
[0.313084   0.09766502]
0.313083995932105
f inputs x:[[0.15287304 0.047688  ]] ev:{} outputs y:0.363135957642786 (n:-0.023395237025666586) c:1.0
num acquisition: 102, time elapsed: 14.90s
0
z
[0.31333866 0.09753741]
0.3133386569778667
f inputs x:[[0.15299739 0.04762569]] ev:{} outputs y:0.3265592278914322 (n:-0.05975380107915577) c:1.0
num acquisition: 103, time elapsed: 15.09s
0
z
[0.31356251 0.09752316]
0.31356251010654956
f inputs x:[[0.15310669 0.04761873]] ev:{} outputs y:0.4063778199186885 (n:0.020258538699895287) c:1.0
num acquisition: 104, time elapsed: 15.31s
0
z
[0.31362483 0.09743596]
0.31362482629831334
f inputs x:[[0.15313712 0.04757615]] ev:{} outputs y:0.32440421437242734 (n:-0.06167170776396563) c:1.0
num acquisition: 105, time elapsed: 15.54s
0
z
[0.31397532 0.09739547]
0.3139753245778316
f inputs x:[[0.15330826 0.04755638]] ev:{} outputs y:0.3400526271507924 (n:-0.04573364113467616) c:1.0
num acquisition: 106, time elapsed: 15.74s
0
z
[0.31447334 0.09726901]
0.3144733441123227
f inputs x:[[0.15355144 0.04749464]] ev:{} outputs y:0.38073386643008633 (n:-0.004671848165891551) c:1.0
num acquisition: 107, time elapsed: 15.96s
0
z
[0.31476029 0.09711795]
0.3147602907505472
f inputs x:[[0.15369155 0.04742087]] ev:{} outputs y:0.4516434073244488 (n:0.06642448417779612) c:1.0
num acquisition: 108, time elapsed: 16.19s
0
z
[0.31359739 0.09747238]
0.3135973949951033
f inputs x:[[0.15312373 0.04759394]] ev:{} outputs y:0.3778880047299974 (n:-0.00820696812818972) c:1.0
num acquisition: 109, time elapsed: 16.44s
0
z
[0.31385034 0.09733104]
0.3138503418540071
f inputs x:[[0.15324724 0.04752492]] ev:{} outputs y:0.4347391327720261 (n:0.04883851655395712) c:1.0
num acquisition: 110, time elapsed: 16.70s
0
z
[0.31346936 0.09744034]
0.31346935773341206
f inputs x:[[0.15306121 0.04757829]] ev:{} outputs y:0.37741558017114457 (n:-0.008793315101972786) c:1.0
num acquisition: 111, time elapsed: 16.98s
0
z
[0.31370807 0.09730221]
0.31370806935437723
f inputs x:[[0.15317777 0.04751084]] ev:{} outputs y:0.4357302999702998 (n:0.049706321815624226) c:1.0
num acquisition: 112, time elapsed: 17.23s
0
z
[-1.45452768  1.64893936]
-1.4545276750770602
f inputs x:[[-0.71021859  0.80514617]] ev:{} outputs y:3.3810213054821734 (n:0.020414737389025897) c:1.0
num acquisition: 113, time elapsed: 17.50s
0
z
[0.31309845 0.09760522]
0.3130984492518619
f inputs x:[[0.1528801 0.0476588]] ev:{} outputs y:0.2962713580613701 (n:-0.09025000395169876) c:1.0
num acquisition: 114, time elapsed: 17.76s
0
z
[0.31286811 0.0978366 ]
0.3128681127833479
f inputs x:[[0.15276763 0.04777178]] ev:{} outputs y:0.2668640088459211 (n:-0.11986023380640341) c:1.0
num acquisition: 115, time elapsed: 18.03s
0
z
[0.3120589  0.09841901]
0.3120589026432403
f inputs x:[[0.15237251 0.04805616]] ev:{} outputs y:0.38187791158956547 (n:-0.005674891544626397) c:1.0
num acquisition: 116, time elapsed: 18.29s
0
z
[0.31221614 0.09831651]
0.3122161442352743
f inputs x:[[0.15244929 0.04800611]] ev:{} outputs y:0.3977384864477405 (n:0.010358065887797864) c:1.0
num acquisition: 117, time elapsed: 18.52s
0
z
[0.3124464  0.09818272]
0.31244639829905957
f inputs x:[[0.15256172 0.04794078]] ev:{} outputs y:0.4272164152653089 (n:0.040077333623872315) c:1.0
num acquisition: 118, time elapsed: 18.79s
0
z
[0.31264012 0.09808124]
0.3126401184163041
f inputs x:[[0.15265631 0.04789123]] ev:{} outputs y:0.4983279812378677 (n:0.11138332924364386) c:1.0
num acquisition: 119, time elapsed: 19.12s
0
z
[0.31214723 0.09839362]
0.312147230550312
f inputs x:[[0.15241564 0.04804376]] ev:{} outputs y:0.4403340841118825 (n:0.05287467176087786) c:1.0
num acquisition: 120, time elapsed: 19.41s
0
z
[0.31243366 0.09827226]
0.31243365731398676
f inputs x:[[0.1525555 0.0479845]] ev:{} outputs y:0.38647000836767603 (n:-0.0006890299969414403) c:1.0
num acquisition: 121, time elapsed: 19.74s
0
z
[0.31261051 0.09816732]
0.31261050716744654
f inputs x:[[0.15264185 0.04793326]] ev:{} outputs y:0.3860147142129963 (n:-0.0009631196520119797) c:1.0
num acquisition: 122, time elapsed: 20.08s
0
z
[-0.67025348  0.65390669]
-0.6702534776248503
f inputs x:[[-0.32727221  0.31929038]] ev:{} outputs y:2.0429322424035847 (n:-0.03383113134589224) c:1.0
num acquisition: 123, time elapsed: 20.33s
0
z
[0.3126912  0.09828866]
0.31269120274533646
f inputs x:[[0.15268125 0.04799251]] ev:{} outputs y:0.3316674428931393 (n:-0.055239649965748476) c:1.0
num acquisition: 124, time elapsed: 20.62s
0
z
[0.31257177 0.09840545]
0.3125717741804397
f inputs x:[[0.15262294 0.04804954]] ev:{} outputs y:0.3780280744998767 (n:-0.009006343946166789) c:1.0
num acquisition: 125, time elapsed: 20.92s
0
z
[0.31271551 0.09832974]
0.3127155122446411
f inputs x:[[0.15269312 0.04801257]] ev:{} outputs y:0.3396546453385068 (n:-0.047231601272377466) c:1.0
num acquisition: 126, time elapsed: 21.17s
0
z
[0.31267296 0.09840186]
0.31267295718548616
f inputs x:[[0.15267234 0.04804778]] ev:{} outputs y:0.4393547511816549 (n:0.052420889437565156) c:1.0
num acquisition: 127, time elapsed: 21.47s
0
z
[0.31275972 0.09830838]
0.3127597223367264
f inputs x:[[0.15271471 0.04800214]] ev:{} outputs y:0.4469867928649372 (n:0.0601452425762799) c:1.0
num acquisition: 128, time elapsed: 21.75s
0
z
[0.31276211 0.09825385]
0.3127621057377417
f inputs x:[[0.15271587 0.04797551]] ev:{} outputs y:0.4460055481956199 (n:0.05916973695254105) c:1.0
num acquisition: 129, time elapsed: 22.08s
0
z
[0.31276726 0.09820597]
0.3127672643949488
f inputs x:[[0.15271839 0.04795213]] ev:{} outputs y:0.3292152796920583 (n:-0.05761288230358853) c:1.0
num acquisition: 130, time elapsed: 22.37s
0
z
[0.31267007 0.09831298]
0.3126700744423462
f inputs x:[[0.15267093 0.04800439]] ev:{} outputs y:0.3769039158285731 (n:-0.010025612358786873) c:1.0
num acquisition: 131, time elapsed: 22.65s
0
z
[0.31280564 0.09824232]
0.3128056360673223
f inputs x:[[0.15273713 0.04796988]] ev:{} outputs y:0.35852623193550315 (n:-0.028266760453059116) c:1.0
num acquisition: 132, time elapsed: 22.98s
0
z
[0.31290068 0.09821907]
0.3129006844923512
f inputs x:[[0.15278354 0.04795853]] ev:{} outputs y:0.4045919798460624 (n:0.017891689167119997) c:1.0
num acquisition: 133, time elapsed: 23.29s
0
z
[0.31303887 0.09811934]
0.31303886967670025
f inputs x:[[0.15285101 0.04790984]] ev:{} outputs y:0.34820104574856053 (n:-0.038364711045327356) c:1.0
num acquisition: 134, time elapsed: 23.61s
0
z
[0.31315238 0.09811353]
0.3131523828133111
f inputs x:[[0.15290644 0.047907  ]] ev:{} outputs y:0.3156735891550052 (n:-0.07078529997751663) c:1.0
num acquisition: 135, time elapsed: 23.95s
0
z
[0.31315049 0.09825052]
0.3131504894142715
f inputs x:[[0.15290551 0.04797389]] ev:{} outputs y:0.34460110832251667 (n:-0.04186176750018747) c:1.0
num acquisition: 136, time elapsed: 24.22s
0
z
[0.3132728  0.09826849]
0.31327279788624074
f inputs x:[[0.15296523 0.04798266]] ev:{} outputs y:0.3599306914351189 (n:-0.026416770128482814) c:1.0
num acquisition: 137, time elapsed: 24.57s
0
z
[0.3134485  0.09823333]
0.31344850125988477
f inputs x:[[0.15305103 0.04796549]] ev:{} outputs y:0.35909906038568246 (n:-0.027083317164966748) c:1.0
num acquisition: 138, time elapsed: 24.96s
0
z
[0.31366253 0.09819126]
0.31366253110709785
f inputs x:[[0.15315553 0.04794495]] ev:{} outputs y:0.5247036429802383 (n:0.13871848081337648) c:1.0
num acquisition: 139, time elapsed: 25.28s
0
z
[0.31200403 0.09868148]
0.31200402827067686
f inputs x:[[0.15234572 0.04818432]] ev:{} outputs y:0.3529784051945663 (n:-0.03467343166918584) c:1.0
num acquisition: 140, time elapsed: 25.71s
0
z
[0.31185799 0.09874002]
0.3118579949700898
f inputs x:[[0.15227441 0.0482129 ]] ev:{} outputs y:0.32981712267969054 (n:-0.05799971762442309) c:1.0
num acquisition: 141, time elapsed: 26.12s
0
z
[0.31139396 0.09894876]
0.3113939646738466
f inputs x:[[0.15204783 0.04831482]] ev:{} outputs y:0.43464545742451843 (n:0.04627813714420645) c:1.0
num acquisition: 142, time elapsed: 26.47s
0
z
[0.31194119 0.0987366 ]
0.31194118713422897
f inputs x:[[0.15231503 0.04821123]] ev:{} outputs y:0.37181906441703627 (n:-0.015909150569533417) c:1.0
num acquisition: 143, time elapsed: 26.78s
0
z
[0.31196565 0.0987109 ]
0.31196564968042617
f inputs x:[[0.15232698 0.04819868]] ev:{} outputs y:0.40871096717535255 (n:0.021013429537988185) c:1.0
num acquisition: 144, time elapsed: 27.14s
0
z
[0.31222619 0.09857978]
0.3122261870723998
f inputs x:[[0.15245419 0.04813466]] ev:{} outputs y:0.4069644807415257 (n:0.019559730212653413) c:1.0
num acquisition: 145, time elapsed: 27.46s
0
z
[0.94906192 1.15794413]
0.9490619190086245
f inputs x:[[0.46340914 0.56540241]] ev:{} outputs y:2.0336610834616673 (n:0.003003354004835458) c:1.0
num acquisition: 146, time elapsed: 27.77s
0
z
[0.31398018 0.09909322]
0.3139801806287783
f inputs x:[[0.15331064 0.04838536]] ev:{} outputs y:0.33073637677596 (n:-0.05496753760213033) c:1.0
num acquisition: 147, time elapsed: 28.09s
0
z
[0.31429459 0.09929052]
0.3142945937644499
f inputs x:[[0.15346416 0.0484817 ]] ev:{} outputs y:0.38889791178499417 (n:0.0034873208548035343) c:1.0
num acquisition: 148, time elapsed: 28.43s
0
z
[0.31440912 0.09920654]
0.31440911774091557
f inputs x:[[0.15352008 0.04844069]] ev:{} outputs y:0.34730736479549007 (n:-0.03798724635286141) c:1.0
num acquisition: 149, time elapsed: 28.76s
0
z
[0.31480596 0.09930599]
0.3148059637122966
f inputs x:[[0.15371385 0.04848925]] ev:{} outputs y:0.36523830574033556 (n:-0.01968049613651099) c:1.0
num acquisition: 150, time elapsed: 29.13s
0
z
[0.3151515  0.09931687]
0.31515150332890696
f inputs x:[[0.15388257 0.04849456]] ev:{} outputs y:0.48378899038339995 (n:0.09919520443268107) c:1.0
num acquisition: 151, time elapsed: 29.51s
0
z
[0.31349709 0.09921142]
0.3134970857793398
f inputs x:[[0.15307475 0.04844308]] ev:{} outputs y:0.38673059244429225 (n:0.0005346631550520733) c:1.0
num acquisition: 152, time elapsed: 29.90s
0
z
[0.31362264 0.09913785]
0.3136226365996695
f inputs x:[[0.15313605 0.04840715]] ev:{} outputs y:0.3435914416181558 (n:-0.042469634073333595) c:1.0
num acquisition: 153, time elapsed: 30.31s
0
z
[0.31378692 0.09926266]
0.3137869159540951
f inputs x:[[0.15321627 0.04846809]] ev:{} outputs y:0.3354611856157907 (n:-0.05044894070045437) c:1.0
num acquisition: 154, time elapsed: 30.69s
0
z
[0.31398289 0.09944895]
0.31398288752795994
f inputs x:[[0.15331196 0.04855906]] ev:{} outputs y:0.4714372239232885 (n:0.08570277442995801) c:1.0
num acquisition: 155, time elapsed: 31.06s
0
z
[0.31336772 0.09923452]
0.31336771953914727
f inputs x:[[0.15301158 0.04845435]] ev:{} outputs y:0.29447771594020306 (n:-0.09185285584613821) c:1.0
num acquisition: 156, time elapsed: 31.42s
0
z
[0.31318984 0.09972734]
0.31318983533517936
f inputs x:[[0.15292472 0.04869499]] ev:{} outputs y:0.3740764655849091 (n:-0.012529921956867543) c:1.0
num acquisition: 157, time elapsed: 31.79s
0
z
[0.31328718 0.09972555]
0.3132871751308367
f inputs x:[[0.15297225 0.04869412]] ev:{} outputs y:0.3761380344144773 (n:-0.010363802464443716) c:1.0
num acquisition: 158, time elapsed: 32.20s
0
z
[1.11287919 1.49436657]
1.1128791902676194
f inputs x:[[0.54339804 0.72967117]] ev:{} outputs y:2.055356526422786 (n:0.03255056218957475) c:1.0
num acquisition: 159, time elapsed: 32.58s
0
z
[0.3128684  0.09985849]
0.3128684043303763
f inputs x:[[0.15276778 0.04875903]] ev:{} outputs y:0.3596066561450035 (n:-0.027381228190899273) c:1.0
num acquisition: 160, time elapsed: 32.98s
0
z
[0.31285936 0.09995793]
0.31285936123672314
f inputs x:[[0.15276336 0.04880758]] ev:{} outputs y:0.3513918986913828 (n:-0.035633320782700394) c:1.0
num acquisition: 161, time elapsed: 33.45s
0
z
[0.31279013 0.1001249 ]
0.31279013304874775
f inputs x:[[0.15272956 0.04888911]] ev:{} outputs y:0.4405380294834416 (n:0.0533858895298274) c:1.0
num acquisition: 162, time elapsed: 33.86s
0
z
[0.31303216 0.09978288]
0.31303215560189845
f inputs x:[[0.15284773 0.04872211]] ev:{} outputs y:0.4621694445764123 (n:0.07537992892766095) c:1.0
num acquisition: 163, time elapsed: 34.34s
0
z
[0.31307332 0.09947342]
0.3130733237736416
f inputs x:[[0.15286783 0.04857101]] ev:{} outputs y:0.40337615378250335 (n:0.016699117342226438) c:1.0
num acquisition: 164, time elapsed: 34.67s
0
z
[0.3132004  0.09934584]
0.31320039774337555
f inputs x:[[0.15292988 0.04850871]] ev:{} outputs y:0.3837359626012866 (n:-0.0027843412172008104) c:1.0
num acquisition: 165, time elapsed: 35.11s
0
z
[0.31331351 0.09929096]
0.3133135101950646
f inputs x:[[0.15298511 0.04848191]] ev:{} outputs y:0.3897642741347392 (n:0.003369838396661982) c:1.0
num acquisition: 166, time elapsed: 35.49s
0
z
[0.31342414 0.09921531]
0.3134241384042166
f inputs x:[[0.15303913 0.04844497]] ev:{} outputs y:0.42760083115623587 (n:0.04133038453951938) c:1.0
num acquisition: 167, time elapsed: 35.88s
0
z
[0.31340253 0.0990683 ]
0.31340252709923183
f inputs x:[[0.15302858 0.04837319]] ev:{} outputs y:0.4106016307886188 (n:0.024327594728998137) c:1.0
num acquisition: 168, time elapsed: 36.27s
0
z
[0.31345107 0.09895711]
0.31345106908214815
f inputs x:[[0.15305228 0.0483189 ]] ev:{} outputs y:0.24857436331547503 (n:-0.13763942994386244) c:1.0
num acquisition: 169, time elapsed: 36.63s
0
z
[0.31306337 0.0996619 ]
0.3130633705835351
f inputs x:[[0.15286297 0.04866304]] ev:{} outputs y:0.407060483973875 (n:0.020333000616965007) c:1.0
num acquisition: 170, time elapsed: 37.05s
0
z
[0.3131954  0.09951647]
0.3131954020692613
f inputs x:[[0.15292744 0.04859203]] ev:{} outputs y:0.4215487760433348 (n:0.03499221343483087) c:1.0
num acquisition: 171, time elapsed: 37.46s
0
z
[0.3132797  0.09934577]
0.3132797032854537
f inputs x:[[0.15296861 0.04850868]] ev:{} outputs y:0.42117837833949534 (n:0.03474037609315514) c:1.0
num acquisition: 172, time elapsed: 37.91s
0
z
[0.31333187 0.09919697]
0.313331869371575
f inputs x:[[0.15299408 0.04843602]] ev:{} outputs y:0.43580837830719904 (n:0.04944645649292782) c:1.0
num acquisition: 173, time elapsed: 38.35s
0
z
[0.31329918 0.09905419]
0.3132991833004552
f inputs x:[[0.15297812 0.04836631]] ev:{} outputs y:0.3780738774919058 (n:-0.008302609347754538) c:1.0
num acquisition: 174, time elapsed: 38.84s
0
z
[0.31341272 0.09901503]
0.3134127200574357
f inputs x:[[0.15303355 0.04834718]] ev:{} outputs y:0.36235783621240136 (n:-0.023900061210911084) c:1.0
num acquisition: 175, time elapsed: 39.26s
0
z
[0.31353959 0.09902155]
0.31353959350692207
f inputs x:[[0.1530955  0.04835037]] ev:{} outputs y:0.3545982099187668 (n:-0.03153383794510812) c:1.0
num acquisition: 176, time elapsed: 39.66s
0
z
[0.3136879  0.09905395]
0.3136879015908916
f inputs x:[[0.15316792 0.04836619]] ev:{} outputs y:0.43878272159099946 (n:0.05279470041389368) c:1.0
num acquisition: 177, time elapsed: 40.10s
0
z
[0.31350082 0.09894641]
0.3135008170311163
f inputs x:[[0.15307657 0.04831368]] ev:{} outputs y:0.47732176971467877 (n:0.09115829769964748) c:1.0
num acquisition: 178, time elapsed: 40.58s
0
z
[0.31306111 0.09891072]
0.31306111209621107
f inputs x:[[0.15286187 0.04829625]] ev:{} outputs y:0.45797570504711116 (n:0.07137633474073783) c:1.0
num acquisition: 179, time elapsed: 41.03s
0
z
[0.31300101 0.09882761]
0.3130010082465586
f inputs x:[[0.15283252 0.04825567]] ev:{} outputs y:0.4304288585397701 (n:0.04377883129286117) c:1.0
num acquisition: 180, time elapsed: 41.51s
0
z
[0.31306195 0.09873528]
0.31306194980023017
f inputs x:[[0.15286228 0.04821059]] ev:{} outputs y:0.3356074761672535 (n:-0.050971615165002065) c:1.0
num acquisition: 181, time elapsed: 41.97s
0
z
[0.31305453 0.09881375]
0.31305452568827474
f inputs x:[[0.15285866 0.0482489 ]] ev:{} outputs y:0.4069062729211171 (n:0.020311566860648802) c:1.0
num acquisition: 182, time elapsed: 42.41s
0
z
[0.31314994 0.09873052]
0.313149936775464
f inputs x:[[0.15290524 0.04820826]] ev:{} outputs y:0.4066885988101011 (n:0.02019730486271107) c:1.0
num acquisition: 183, time elapsed: 42.86s
0
z
[-0.414032    0.12057839]
-0.41403200042186616
f inputs x:[[-0.20216406  0.05887617]] ev:{} outputs y:1.1320673269077144 (n:-0.04904582284026262) c:1.0
num acquisition: 184, time elapsed: 43.32s
0
z
[-1.05930551 -0.2302268 ]
-1.0593055115854173
f inputs x:[[-0.51723902 -0.11241543]] ev:{} outputs y:5.259542221871894 (n:0.022424241344974703) c:1.0
num acquisition: 185, time elapsed: 43.80s
0
z
[0.31834793 0.09620913]
0.31834793278592943
f inputs x:[[0.15544333 0.04697712]] ev:{} outputs y:0.30100795637214506 (n:-0.08240761782529818) c:1.0
num acquisition: 186, time elapsed: 44.30s
0
z
[0.3219616  0.09574698]
0.3219616023665255
f inputs x:[[0.15720781 0.04675146]] ev:{} outputs y:0.4329266496244728 (n:0.0503914338221077) c:1.0
num acquisition: 187, time elapsed: 44.79s
0
z
[0.31870296 0.09608973]
0.31870295644841234
f inputs x:[[0.15561668 0.04691881]] ev:{} outputs y:0.38848552837360795 (n:0.005149656993645779) c:1.0
num acquisition: 188, time elapsed: 45.26s
0
z
[0.31870655 0.09604706]
0.31870654737671317
f inputs x:[[0.15561843 0.04689798]] ev:{} outputs y:0.43429394434890745 (n:0.0509276763562356) c:1.0
num acquisition: 189, time elapsed: 45.82s
0
z
[-0.21206184  0.0406417 ]
-0.21206184117774018
f inputs x:[[-0.10354582  0.01984458]] ev:{} outputs y:0.9309613732511299 (n:0.026351592118729096) c:1.0
num acquisition: 190, time elapsed: 46.33s
0
z
[0.31672995 0.09653875]
0.31672995131109405
f inputs x:[[0.1546533  0.04713806]] ev:{} outputs y:0.3596082957849879 (n:-0.02448752730982086) c:1.0
num acquisition: 191, time elapsed: 46.87s
0
z
[0.31749165 0.09635738]
0.3174916494923067
f inputs x:[[0.15502522 0.0470495 ]] ev:{} outputs y:0.4454597490618975 (n:0.061700395119921994) c:1.0
num acquisition: 192, time elapsed: 47.44s
0
z
[0.31572816 0.09670846]
0.3157281624497051
f inputs x:[[0.15416414 0.04722093]] ev:{} outputs y:0.4889010376087978 (n:0.10424188368157142) c:1.0
num acquisition: 193, time elapsed: 47.99s
0
z
[0.31383628 0.09732069]
0.31383628039374584
f inputs x:[[0.15324037 0.04751987]] ev:{} outputs y:0.37142025448720284 (n:-0.014493722844654434) c:1.0
num acquisition: 194, time elapsed: 48.57s
0
z
[0.31396283 0.09723394]
0.31396282965892963
f inputs x:[[0.15330216 0.04747751]] ev:{} outputs y:0.39732793712120995 (n:0.011503642511312336) c:1.0
num acquisition: 195, time elapsed: 49.12s
0
z
[0.31395722 0.09721537]
0.31395721897328194
f inputs x:[[0.15329942 0.04746844]] ev:{} outputs y:0.4280076949314592 (n:0.04217541232858474) c:1.0
num acquisition: 196, time elapsed: 49.69s
0
z
[0.31375446 0.09731475]
0.3137544593869251
f inputs x:[[0.15320042 0.04751697]] ev:{} outputs y:0.307770295275681 (n:-0.0782129198108292) c:1.0
num acquisition: 197, time elapsed: 50.18s
0
z
[0.31404769 0.09716754]
0.3140476919389846
f inputs x:[[0.1533436  0.04744509]] ev:{} outputs y:0.4326825876511552 (n:0.04691469151856706) c:1.0
num acquisition: 198, time elapsed: 50.72s
0
z
[0.31378698 0.09729284]
0.3137869849801505
f inputs x:[[0.1532163  0.04750627]] ev:{} outputs y:0.36946439682128185 (n:-0.01649507998824587) c:1.0
num acquisition: 199, time elapsed: 51.31s
0
z
[0.3139106  0.09720388]
0.313910596957215
f inputs x:[[0.15327666 0.04746283]] ev:{} outputs y:0.4094653105316093 (n:0.023592786930752632) c:1.0
num acquisition: 200, time elapsed: 51.82s
0
z
[0.313837   0.09722842]
0.3138369993840947
f inputs x:[[0.15324072 0.04747481]] ev:{} outputs y:0.4267112678848848 (n:0.040782594377504394) c:1.0
num acquisition: 201, time elapsed: 52.42s
0
z
[0.31367712 0.09731728]
0.31367711853236246
f inputs x:[[0.15316266 0.04751821]] ev:{} outputs y:0.3907059389914445 (n:0.0046582099612833446) c:1.0
num acquisition: 202, time elapsed: 53.01s
0
z
[0.31371213 0.09727915]
0.31371212996717956
f inputs x:[[0.15317975 0.04749958]] ev:{} outputs y:0.42224188178411437 (n:0.03621778178718212) c:1.0
num acquisition: 203, time elapsed: 53.51s
0
z
[0.31360766 0.0973431 ]
0.31360766458250716
f inputs x:[[0.15312874 0.04753081]] ev:{} outputs y:0.29344178311655256 (n:-0.09266092902437909) c:1.0
num acquisition: 204, time elapsed: 54.15s
0
z
[0.31381928 0.09721811]
0.31381927782159424
f inputs x:[[0.15323207 0.04746978]] ev:{} outputs y:0.4804316469612218 (n:0.09448657980294989) c:1.0
num acquisition: 205, time elapsed: 54.70s
0
z
[0.31332165 0.09756582]
0.31332165018086894
f inputs x:[[0.15298909 0.04763956]] ev:{} outputs y:0.3945779051306592 (n:0.00825231814275249) c:1.0
num acquisition: 206, time elapsed: 55.23s
0
z
[0.31335526 0.09753464]
0.3133552552971404
f inputs x:[[0.1530055  0.04762434]] ev:{} outputs y:0.3855813310942118 (n:-0.0007173720875623896) c:1.0
num acquisition: 207, time elapsed: 55.83s
0
z
[0.31339959 0.09748813]
0.3133995934718938
f inputs x:[[0.15302715 0.04760163]] ev:{} outputs y:0.43962539613742324 (n:0.05336106199936402) c:1.0
num acquisition: 208, time elapsed: 56.51s
0
z
[0.31331984 0.09758205]
0.3133198436742798
f inputs x:[[0.1529882  0.04764748]] ev:{} outputs y:0.4031005195105594 (n:0.016774652569805912) c:1.0
num acquisition: 209, time elapsed: 57.06s
0
z
[0.31334152 0.09756656]
0.3133415164873548
f inputs x:[[0.15299879 0.04763992]] ev:{} outputs y:0.43967527025072256 (n:0.05336725186442231) c:1.0
num acquisition: 210, time elapsed: 57.67s
0
z
[0.31328533 0.09764582]
0.31328532705574885
f inputs x:[[0.15297135 0.04767862]] ev:{} outputs y:0.34243743482654543 (n:-0.04391432454153816) c:1.0
num acquisition: 211, time elapsed: 58.24s
0
z
[0.31332865 0.09757667]
0.3133286478891534
f inputs x:[[0.1529925  0.04764486]] ev:{} outputs y:0.5115475535631673 (n:0.12522902565054328) c:1.0
num acquisition: 212, time elapsed: 58.93s
0
z
[0.31302739 0.09794297]
0.3130273929901006
f inputs x:[[0.15284541 0.04782371]] ev:{} outputs y:0.3882249154526341 (n:0.001649398091796885) c:1.0
num acquisition: 213, time elapsed: 59.52s
0
z
[0.31306334 0.0979052 ]
0.31306334232244026
f inputs x:[[0.15286296 0.04780527]] ev:{} outputs y:0.3746628535582696 (n:-0.01187970842343118) c:1.0
num acquisition: 214, time elapsed: 60.07s
0
z
[0.31308473 0.09786386]
0.3130847285826862
f inputs x:[[0.1528734  0.04778509]] ev:{} outputs y:0.3132140073361376 (n:-0.07330956546729869) c:1.0
num acquisition: 215, time elapsed: 60.73s
0
z
[0.31298916 0.09786314]
0.3129891613178178
f inputs x:[[0.15282674 0.04778474]] ev:{} outputs y:0.4208576701456854 (n:0.03424592564375389) c:1.0
num acquisition: 216, time elapsed: 61.45s
0
z
[0.31305248 0.09785891]
0.313052478461406
f inputs x:[[0.15285766 0.04778267]] ev:{} outputs y:0.4331057308029207 (n:0.046552367373274194) c:1.0
num acquisition: 217, time elapsed: 62.11s
0
z
[0.31310194 0.09787503]
0.3131019372691626
f inputs x:[[0.15288181 0.04779054]] ev:{} outputs y:0.31285235133882705 (n:-0.07365515050092307) c:1.0
num acquisition: 218, time elapsed: 62.87s
0
z
[0.31301489 0.09787696]
0.31301489147235206
f inputs x:[[0.1528393  0.04779149]] ev:{} outputs y:0.4518962827155949 (n:0.06530852474628997) c:1.0
num acquisition: 219, time elapsed: 63.56s
0
z
[0.31306903 0.09792772]
0.31306903305381867
f inputs x:[[0.15286574 0.04781627]] ev:{} outputs y:0.4310111299291098 (n:0.044474121795482977) c:1.0
num acquisition: 220, time elapsed: 64.15s
0
z
[0.31311774 0.09793113]
0.3131177389948733
f inputs x:[[0.15288952 0.04781793]] ev:{} outputs y:0.35241057757112587 (n:-0.03408132947191338) c:1.0
num acquisition: 221, time elapsed: 64.89s
0
z
[0.3131152  0.09790022]
0.3131152047409335
f inputs x:[[0.15288828 0.04780284]] ev:{} outputs y:0.41005335318727965 (n:0.02355857765507679) c:1.0
num acquisition: 222, time elapsed: 65.64s
0
z
[0.31315675 0.09788006]
0.313156749576978
f inputs x:[[0.15290857 0.047793  ]] ev:{} outputs y:0.44199881542331626 (n:0.05554178762257487) c:1.0
num acquisition: 223, time elapsed: 66.29s
0
z
[0.31317087 0.0979095 ]
0.31317087009550615
f inputs x:[[0.15291546 0.04780737]] ev:{} outputs y:0.400728278189777 (n:0.014284924876616185) c:1.0
num acquisition: 224, time elapsed: 66.94s
0
z
[0.31320782 0.0978809 ]
0.31320782374340117
f inputs x:[[0.15293351 0.04779341]] ev:{} outputs y:0.34962653155647916 (n:-0.03678368379997356) c:1.0
num acquisition: 225, time elapsed: 67.73s
0
z
[0.31322451 0.09784599]
0.31322451343808333
f inputs x:[[0.15294166 0.04777636]] ev:{} outputs y:0.30105991488428085 (n:-0.08533620874109615) c:1.0
num acquisition: 226, time elapsed: 68.45s
0
z
[0.31317683 0.09785814]
0.3131768287630413
f inputs x:[[0.15291837 0.04778229]] ev:{} outputs y:0.38283245936763516 (n:-0.003606785179534602) c:1.0
num acquisition: 227, time elapsed: 69.25s
0
z
[0.31321076 0.09782   ]
0.31321076299556877
f inputs x:[[0.15293494 0.04776367]] ev:{} outputs y:0.37140717442442295 (n:-0.015002425975290418) c:1.0
num acquisition: 228, time elapsed: 70.03s
0
z
[0.31324409 0.09777676]
0.3132440939245141
f inputs x:[[0.15295122 0.04774256]] ev:{} outputs y:0.37199041491018797 (n:-0.014390804934867885) c:1.0
num acquisition: 229, time elapsed: 70.78s
0
z
[0.31328191 0.0977312 ]
0.3132819108343056
f inputs x:[[0.15296968 0.04772031]] ev:{} outputs y:0.41504057763424884 (n:0.02869107892363831) c:1.0
num acquisition: 230, time elapsed: 71.54s
0
z
[0.31329114 0.09773097]
0.31329113919987667
f inputs x:[[0.15297419 0.0477202 ]] ev:{} outputs y:0.47926600342330616 (n:0.09292477604479332) c:1.0
num acquisition: 231, time elapsed: 72.23s
0
z
[0.31316092 0.09789066]
0.31316091709905497
f inputs x:[[0.1529106  0.04779817]] ev:{} outputs y:0.404599698635596 (n:0.01814675956139647) c:1.0
num acquisition: 232, time elapsed: 73.01s
0
z
[0.31319606 0.09786698]
0.31319605935876443
f inputs x:[[0.15292776 0.04778661]] ev:{} outputs y:0.3464452032324572 (n:-0.0399761897427712) c:1.0
num acquisition: 233, time elapsed: 73.89s
0
z
[0.31320601 0.09783391]
0.31320601197762965
f inputs x:[[0.15293262 0.04777046]] ev:{} outputs y:0.37778309333676907 (n:-0.008630316070456764) c:1.0
num acquisition: 234, time elapsed: 74.71s
0
z
[0.31323897 0.09779445]
0.3132389711241183
f inputs x:[[0.15294872 0.0477512 ]] ev:{} outputs y:0.31254887679745225 (n:-0.07383617362331334) c:1.0
num acquisition: 235, time elapsed: 75.58s
0
z
[0.31322624 0.09777714]
0.3132262433515098
f inputs x:[[0.1529425  0.04774274]] ev:{} outputs y:0.3734955924448407 (n:-0.01290175452881081) c:1.0
num acquisition: 236, time elapsed: 76.33s
0
z
[0.31326057 0.09773387]
0.3132605747977851
f inputs x:[[0.15295927 0.04772161]] ev:{} outputs y:0.39615363859174085 (n:0.0097851122249424) c:1.0
num acquisition: 237, time elapsed: 77.27s
0
z
[0.31328922 0.09770786]
0.3132892154155992
f inputs x:[[0.15297325 0.04770892]] ev:{} outputs y:0.29209420186231044 (n:-0.0942501045861614) c:1.0
num acquisition: 238, time elapsed: 78.27s
0
z
[0.3132823  0.09769377]
0.31328230075684765
f inputs x:[[0.15296987 0.04770204]] ev:{} outputs y:0.40199159187148054 (n:0.015640239140883867) c:1.0
num acquisition: 239, time elapsed: 79.05s
0
z
[0.31330352 0.09767675]
0.3133035209473019
f inputs x:[[0.15298023 0.04769372]] ev:{} outputs y:0.3308178052761065 (n:-0.05551566833258334) c:1.0
num acquisition: 240, time elapsed: 79.86s
0
z
[ 1.6377514  -0.28357019]
1.6377513959669454
f inputs x:[[ 0.7996833  -0.13846201]] ev:{} outputs y:6.717458624168463 (n:-0.06360307503497802) c:1.0
num acquisition: 241, time elapsed: 80.64s
0
z
[0.31296262 0.09777705]
0.3129626175295285
f inputs x:[[0.15281378 0.0477427 ]] ev:{} outputs y:0.4804853589074104 (n:0.09384757391527888) c:1.0
num acquisition: 242, time elapsed: 81.54s
0
z
[0.31300949 0.09791699]
0.31300949354834073
f inputs x:[[0.15283667 0.04781103]] ev:{} outputs y:0.49222626157479954 (n:0.1056339347438221) c:1.0
num acquisition: 243, time elapsed: 82.35s
0
z
[0.31303066 0.09804586]
0.3130306582859142
f inputs x:[[0.152847   0.04787395]] ev:{} outputs y:0.346872046372619 (n:-0.03970052229482816) c:1.0
num acquisition: 244, time elapsed: 83.15s
0
z
[0.31299276 0.0980387 ]
0.3129927599089733
f inputs x:[[0.1528285  0.04787046]] ev:{} outputs y:0.4266000727272284 (n:0.039991979845502686) c:1.0
num acquisition: 245, time elapsed: 84.23s
[0.15305228 0.0483189 ]
