INFO:GP:initializing Y
INFO:GP:initializing inference method
INFO:GP:adding kernel and likelihood as parameters
removed robo import in opts.py l17 due to theano errors
0
z
[-1.71535666  1.58699519]
-1.715356660320555
f inputs x:[[-0.83757649  0.7749    ]] ev:{} outputs y:5.3675706860978165 (n:0.1095623183836178) c:1.0
0
z
[-0.52559069  1.31706824]
-0.5255906887560404
f inputs x:[[-0.25663608  0.64309973]] ev:{} outputs y:4.724833326636941 (n:0.00938723517146396) c:1.0
0
z
[-0.33966649  0.97598295]
-0.3396664906490132
f inputs x:[[-0.16585278  0.47655417]] ev:{} outputs y:4.356609975547771 (n:0.014629610008649234) c:1.0
0
z
[1.48596642 0.88431537]
1.4859664246707325
f inputs x:[[0.72556954 0.43179461]] ev:{} outputs y:5.134742339498152 (n:-0.03844105278754456) c:1.0
0
z
[0.70808632 1.60527486]
0.7080863178555779
f inputs x:[[0.34574527 0.78382561]] ev:{} outputs y:4.823025362295734 (n:0.011310852384647064) c:1.0
0
z
[-0.16365924  0.87855271]
-0.16365924235855023
f inputs x:[[-0.07991174  0.42898082]] ev:{} outputs y:4.275750565211639 (n:-0.040470579165541865) c:1.0
num acquisition: 1, time elapsed: 0.20s
0
z
[-0.29524429  0.3518915 ]
-0.2952442873154346
f inputs x:[[-0.14416225  0.17182202]] ev:{} outputs y:2.2698724012235143 (n:-0.0007521538017316214) c:1.0
num acquisition: 2, time elapsed: 0.34s
0
z
[-0.37153133  0.10240478]
-0.37153132805228356
f inputs x:[[-0.18141178  0.05000233]] ev:{} outputs y:1.170443745956351 (n:0.06915065316144753) c:1.0
num acquisition: 3, time elapsed: 0.50s
0
z
[-0.58955034 -0.74591429]
-0.5895503440754435
f inputs x:[[-0.28786638 -0.36421596]] ev:{} outputs y:4.760850170866417 (n:-0.052125522316186126) c:1.0
num acquisition: 4, time elapsed: 0.63s
0
z
[-0.54636827  0.0741302 ]
-0.5463682680177382
f inputs x:[[-0.26678138  0.03619639]] ev:{} outputs y:2.2502974158662776 (n:0.11894485366425447) c:1.0
num acquisition: 5, time elapsed: 0.81s
0
z
[-0.24924216  0.05249439]
-0.24924216174444816
f inputs x:[[-0.12170027  0.02563203]] ev:{} outputs y:0.9794029968649782 (n:0.035545970192077884) c:1.0
num acquisition: 6, time elapsed: 0.94s
0
z
[-0.28651092 -0.05143463]
-0.2865109240000617
f inputs x:[[-0.13989791 -0.02511457]] ev:{} outputs y:1.5133087898495954 (n:0.023115505661648193) c:1.0
num acquisition: 7, time elapsed: 1.12s
0
z
[0.0233384  0.07928219]
0.023338403861858554
f inputs x:[[0.01139571 0.03871201]] ev:{} outputs y:0.9998878749929752 (n:0.05449380984182489) c:1.0
num acquisition: 8, time elapsed: 1.29s
0
z
[-0.07014107  0.02977005]
-0.07014106952332286
f inputs x:[[-0.03424857  0.01453616]] ev:{} outputs y:0.7387036957897208 (n:-0.05291030186647279) c:1.0
num acquisition: 9, time elapsed: 1.50s
0
z
[ 0.34968986 -0.24215691]
0.34968985724146184
f inputs x:[[ 0.170747   -0.11824068]] ev:{} outputs y:2.5618051642349426 (n:-0.12635163173532002) c:1.0
num acquisition: 10, time elapsed: 1.63s
0
z
[ 2.048 -2.048]
2.048
f inputs x:[[ 1. -1.]] ev:{} outputs y:8.156159842794812 (n:-0.11224737942272922) c:1.0
num acquisition: 11, time elapsed: 1.73s
0
z
[-2.048 -2.048]
-2.048
f inputs x:[[-1. -1.]] ev:{} outputs y:8.253924360983861 (n:-0.01658185158978762) c:1.0
num acquisition: 12, time elapsed: 1.83s
0
z
[-0.07860355  0.02862099]
-0.07860355122955305
f inputs x:[[-0.03838064  0.01397509]] ev:{} outputs y:0.8252686339653035 (n:0.030579789923538395) c:1.0
num acquisition: 13, time elapsed: 1.94s
0
z
[2.048 2.048]
2.048
f inputs x:[[1. 1.]] ev:{} outputs y:6.104058750225346 (n:-0.033150653794351635) c:1.0
num acquisition: 14, time elapsed: 2.04s
0
z
[-0.07910171  0.03371324]
-0.07910170798509741
f inputs x:[[-0.03862388  0.01646154]] ev:{} outputs y:0.7300640116171567 (n:-0.0763424671798203) c:1.0
num acquisition: 15, time elapsed: 2.19s
0
z
[ 0.09705526 -2.048     ]
0.09705525671536779
f inputs x:[[ 0.04739026 -1.        ]] ev:{} outputs y:6.009855397407688 (n:-0.042499385200988685) c:1.0
num acquisition: 16, time elapsed: 2.30s
0
z
[ 2.048      -0.28381632]
2.048
f inputs x:[[ 1.         -0.13858219]] ev:{} outputs y:7.565913363316666 (n:-0.038709400555257144) c:1.0
num acquisition: 17, time elapsed: 2.46s
0
z
[-2.048       0.03555684]
-2.048
f inputs x:[[-1.          0.01736174]] ev:{} outputs y:7.531348376217563 (n:0.06981827732743899) c:1.0
num acquisition: 18, time elapsed: 2.57s
0
z
[-0.07631398  0.02329133]
-0.0763139808239242
f inputs x:[[-0.03726269  0.01137272]] ev:{} outputs y:0.7891792210421648 (n:0.005751225837312434) c:1.0
num acquisition: 19, time elapsed: 2.73s
0
z
[ 0.71447301 -1.06142999]
0.7144730089686745
f inputs x:[[ 0.34886377 -0.51827636]] ev:{} outputs y:5.458684451007804 (n:-0.05542556577999666) c:1.0
num acquisition: 20, time elapsed: 2.83s
0
z
[-0.08884964  2.048     ]
-0.0888496389758559
f inputs x:[[-0.04338361  1.        ]] ev:{} outputs y:5.997141509448583 (n:-0.03926948431936509) c:1.0
num acquisition: 21, time elapsed: 2.95s
0
z
[0.73854157 0.35469727]
0.7385415677514606
f inputs x:[[0.360616   0.17319203]] ev:{} outputs y:1.578961367605326 (n:0.029957655571396992) c:1.0
num acquisition: 22, time elapsed: 3.08s
0
z
[0.94810793 0.03959738]
0.9481079295917354
f inputs x:[[0.46294332 0.01933466]] ev:{} outputs y:4.309606868367342 (n:-0.005802804232482989) c:1.0
num acquisition: 23, time elapsed: 3.21s
0
z
[0.63731107 0.68387497]
0.6373110670813606
f inputs x:[[0.31118704 0.33392332]] ev:{} outputs y:2.2158729777940147 (n:0.03615588544491718) c:1.0
num acquisition: 24, time elapsed: 3.34s
0
z
[0.46152862 0.3163492 ]
0.46152861588049976
f inputs x:[[0.22535577 0.15446738]] ev:{} outputs y:0.8482226265738938 (n:-0.00953948380031066) c:1.0
num acquisition: 25, time elapsed: 3.45s
0
z
[-0.86636375 -2.048     ]
-0.8663637464879477
f inputs x:[[-0.42302917 -1.        ]] ev:{} outputs y:6.647754445278746 (n:-0.02135239117374072) c:1.0
num acquisition: 26, time elapsed: 3.56s
0
z
[0.23548791 0.20262612]
0.2354879115319739
f inputs x:[[0.11498433 0.09893854]] ev:{} outputs y:1.2396220532549365 (n:-0.08224731294372718) c:1.0
num acquisition: 27, time elapsed: 3.68s
0
z
[-0.12012101  0.07804454]
-0.12012101481572104
f inputs x:[[-0.05865284  0.03810768]] ev:{} outputs y:0.8999465759184603 (n:-0.07814042795853628) c:1.0
num acquisition: 28, time elapsed: 3.79s
0
z
[0.48050145 0.2022616 ]
0.48050145420767854
f inputs x:[[0.23461985 0.09876055]] ev:{} outputs y:0.3065518462849215 (n:0.005122615911932755) c:1.0
num acquisition: 29, time elapsed: 3.93s
0
z
[0.47917936 0.13401156]
0.47917936350394863
f inputs x:[[0.2339743  0.06543533]] ev:{} outputs y:0.7887610640317644 (n:0.007046837593981142) c:1.0
num acquisition: 30, time elapsed: 4.06s
0
z
[0.48321045 0.22022548]
0.48321045028901005
f inputs x:[[0.2359426  0.10753197]] ev:{} outputs y:0.2359574176577725 (n:-0.01454632190426696) c:1.0
num acquisition: 31, time elapsed: 4.20s
0
z
[0.48781644 0.22268821]
0.48781644107490496
f inputs x:[[0.23819162 0.10873448]] ev:{} outputs y:0.20629186878092595 (n:-0.04498785163478905) c:1.0
num acquisition: 32, time elapsed: 4.32s
0
z
[-1.1460343   0.70360637]
-1.1460342994622983
f inputs x:[[-0.55958706  0.3435578 ]] ev:{} outputs y:3.673895044755438 (n:-0.08240082555706418) c:1.0
num acquisition: 33, time elapsed: 4.43s
0
z
[-1.56053779 -0.95740905]
-1.5605377880463136
f inputs x:[[-0.76198134 -0.46748489]] ev:{} outputs y:7.133643848822742 (n:0.07868566171237937) c:1.0
num acquisition: 34, time elapsed: 4.57s
0
z
[0.4914042  0.22484209]
0.491404203669651
f inputs x:[[0.23994346 0.10978618]] ev:{} outputs y:0.26413740591690343 (n:0.012332277633954676) c:1.0
num acquisition: 35, time elapsed: 4.72s
0
z
[-1.06944246  2.048     ]
-1.0694424559294684
f inputs x:[[-0.5221887  1.       ]] ev:{} outputs y:4.482725108098677 (n:0.01616036665068014) c:1.0
num acquisition: 36, time elapsed: 4.82s
0
z
[ 0.9968666 -2.048    ]
0.9968666034348097
f inputs x:[[ 0.48675127 -1.        ]] ev:{} outputs y:6.86470828260557 (n:0.03359641652173781) c:1.0
num acquisition: 37, time elapsed: 4.94s
0
z
[ 0.04333113 -0.63989454]
0.043331131304347605
f inputs x:[[ 0.02115778 -0.31244851]] ev:{} outputs y:3.8505139296582205 (n:0.08693612771539218) c:1.0
num acquisition: 38, time elapsed: 5.06s
0
z
[0.49318097 0.22625034]
0.4931809703209623
f inputs x:[[0.24081102 0.1104738 ]] ev:{} outputs y:0.26827549100610193 (n:0.016981655605921006) c:1.0
num acquisition: 39, time elapsed: 5.19s
0
z
[-2.048  2.048]
-2.048
f inputs x:[[-1.  1.]] ev:{} outputs y:6.163424544848707 (n:0.008667538655715346) c:1.0
num acquisition: 40, time elapsed: 5.29s
0
z
[-2.048       0.94731576]
-2.048
f inputs x:[[-1.          0.46255653]] ev:{} outputs y:7.0154173079161835 (n:0.04507832598986951) c:1.0
num acquisition: 41, time elapsed: 5.42s
0
z
[1.20774073 2.048     ]
1.2077407275478143
f inputs x:[[0.58971715 1.        ]] ev:{} outputs y:3.6347133238756166 (n:0.0573814748173585) c:1.0
num acquisition: 42, time elapsed: 5.53s
0
z
[2.048      1.18589571]
2.048
f inputs x:[[1.         0.57905064]] ev:{} outputs y:6.79004799114983 (n:-0.02026021178614068) c:1.0
num acquisition: 43, time elapsed: 5.66s
0
z
[0.54089143 0.23294403]
0.5408914310352839
f inputs x:[[0.26410714 0.1137422 ]] ev:{} outputs y:0.44615745590334105 (n:-0.002513559133268983) c:1.0
num acquisition: 44, time elapsed: 5.78s
0
z
[0.92108204 0.95992195]
0.9210820431697873
f inputs x:[[0.44974709 0.46871189]] ev:{} outputs y:0.902260564734009 (n:0.09127782466803458) c:1.0
num acquisition: 45, time elapsed: 5.91s
0
z
[0.97301029 0.72732231]
0.9730102946023453
f inputs x:[[0.47510268 0.35513785]] ev:{} outputs y:1.7369733703846544 (n:-0.023559798093874602) c:1.0
num acquisition: 46, time elapsed: 6.04s
0
z
[0.69752291 1.06484896]
0.6975229124122536
f inputs x:[[0.34058736 0.51994578]] ev:{} outputs y:3.6140451933489346 (n:0.07204800747831905) c:1.0
num acquisition: 47, time elapsed: 6.19s
0
z
[1.10837027 1.18107506]
1.1083702730771021
f inputs x:[[0.54119642 0.57669681]] ev:{} outputs y:0.27288637637388846 (n:0.060592545852634794) c:1.0
num acquisition: 48, time elapsed: 6.34s
0
z
[1.0787257 1.0740583]
1.078725702771243
f inputs x:[[0.52672153 0.52444253]] ev:{} outputs y:0.5692008276741302 (n:-0.023490212007650512) c:1.0
num acquisition: 49, time elapsed: 6.50s
0
z
[1.20394145 1.39141691]
1.2039414513363988
f inputs x:[[0.58786204 0.67940279]] ev:{} outputs y:0.286408611868374 (n:-0.034708117158040404) c:1.0
num acquisition: 50, time elapsed: 6.64s
0
z
[1.12446844 1.31001368]
1.1244684398392089
f inputs x:[[0.54905686 0.63965512]] ev:{} outputs y:0.2601829246704902 (n:0.05864204221203422) c:1.0
num acquisition: 51, time elapsed: 6.79s
0
z
[1.20168828 1.27935569]
1.2016882776223996
f inputs x:[[0.58676185 0.6246854 ]] ev:{} outputs y:1.381469356221498 (n:0.05884590276276052) c:1.0
num acquisition: 52, time elapsed: 6.94s
0
z
[1.16127297 1.52743126]
1.1612729728794555
f inputs x:[[0.56702782 0.74581605]] ev:{} outputs y:1.3873349178742482 (n:-0.05384613930648291) c:1.0
num acquisition: 53, time elapsed: 7.11s
0
z
[1.07981457 1.21734401]
1.0798145674860644
f inputs x:[[0.52725321 0.59440625]] ev:{} outputs y:0.19010951133224677 (n:-0.04890440592791073) c:1.0
num acquisition: 54, time elapsed: 7.25s
0
z
[1.07285642 1.22164194]
1.0728564244271372
f inputs x:[[0.52385568 0.59650485]] ev:{} outputs y:0.4170998705606134 (n:0.008944351252623313) c:1.0
num acquisition: 55, time elapsed: 7.39s
0
z
[1.0749004  1.21984554]
1.0749004014849022
f inputs x:[[0.52485371 0.59562771]] ev:{} outputs y:0.3610627141981083 (n:0.00984771547691897) c:1.0
num acquisition: 56, time elapsed: 7.59s
0
z
[1.07414073 1.22047689]
1.0741407260672364
f inputs x:[[0.52448278 0.59593598]] ev:{} outputs y:0.3831373534870799 (n:0.011320699698162157) c:1.0
num acquisition: 57, time elapsed: 7.75s
0
z
[1.0738238  1.22078225]
1.0738238048817428
f inputs x:[[0.52432803 0.59608508]] ev:{} outputs y:0.28504091439246093 (n:-0.09583884927815683) c:1.0
num acquisition: 58, time elapsed: 7.90s
0
z
[1.07169221 1.22308258]
1.0716922070275907
f inputs x:[[0.52328721 0.59720829]] ev:{} outputs y:0.31042829405907135 (n:-0.13492089957556855) c:1.0
num acquisition: 59, time elapsed: 8.05s
0
z
[1.07020167 1.22506901]
1.0702016735273976
f inputs x:[[0.52255941 0.59817823]] ev:{} outputs y:0.4933869102758231 (n:-0.001756409592882653) c:1.0
num acquisition: 60, time elapsed: 8.20s
0
z
[1.07233303 1.22123885]
1.0723330341666752
f inputs x:[[0.52360011 0.59630803]] ev:{} outputs y:0.5475695817357193 (n:0.13269431457807698) c:1.0
num acquisition: 61, time elapsed: 8.34s
0
z
[1.07464879 1.21850322]
1.074648793465375
f inputs x:[[0.52473086 0.59497228]] ev:{} outputs y:0.3213772491277813 (n:-0.022560453966016917) c:1.0
num acquisition: 62, time elapsed: 8.48s
0
z
[1.07332559 1.21994556]
1.0733255861442221
f inputs x:[[0.52408476 0.59567654]] ev:{} outputs y:0.38375461421956514 (n:0.0007678382936715712) c:1.0
num acquisition: 63, time elapsed: 8.62s
0
z
[1.0726674 1.2211389]
1.072667399957477
f inputs x:[[0.52376338 0.59625923]] ev:{} outputs y:0.35901902728866014 (n:-0.04820296770229954) c:1.0
num acquisition: 64, time elapsed: 8.77s
0
z
[1.07181258 1.22283383]
1.0718125758146464
f inputs x:[[0.52334598 0.59708683]] ev:{} outputs y:0.35981795505336944 (n:-0.08070630614308706) c:1.0
num acquisition: 65, time elapsed: 8.92s
0
z
[1.07104313 1.22477533]
1.0710431321559934
f inputs x:[[0.52297028 0.59803483]] ev:{} outputs y:0.40478958049114006 (n:-0.07012332039528273) c:1.0
num acquisition: 66, time elapsed: 9.08s
0
z
[1.07070524 1.22549162]
1.070705238478567
f inputs x:[[0.52280529 0.59838458]] ev:{} outputs y:0.5462693677350845 (n:0.05744762864992913) c:1.0
num acquisition: 67, time elapsed: 9.25s
0
z
[0.49407401 0.2205631 ]
0.4940740111598941
f inputs x:[[0.24124708 0.10769683]] ev:{} outputs y:0.24925117591412665 (n:-0.02184610993125701) c:1.0
num acquisition: 68, time elapsed: 9.41s
0
z
[1.07085007 1.22181586]
1.070850072042115
f inputs x:[[0.52287601 0.59658978]] ev:{} outputs y:0.4493252388979684 (n:-0.0010880404127287724) c:1.0
num acquisition: 69, time elapsed: 9.58s
0
z
[0.49593344 0.22093071]
0.495933444606114
f inputs x:[[0.242155   0.10787632]] ev:{} outputs y:0.26515958126428174 (n:-0.009953434804792546) c:1.0
num acquisition: 70, time elapsed: 9.75s
0
z
[ 1.65562754 -1.12425532]
1.65562753678301
f inputs x:[[ 0.80841188 -0.54895279]] ev:{} outputs y:7.284359499049719 (n:-0.025875761576251745) c:1.0
num acquisition: 71, time elapsed: 9.91s
0
z
[-1.17465805 -0.00180208]
-1.1746580544012792
f inputs x:[[-0.5735635  -0.00087992]] ev:{} outputs y:5.259881589406945 (n:-0.02137873362078002) c:1.0
num acquisition: 72, time elapsed: 10.08s
0
z
[0.49623426 0.22078782]
0.49623425919839476
f inputs x:[[0.24230188 0.10780655]] ev:{} outputs y:0.2565502097254463 (n:-0.020023578054720062) c:1.0
num acquisition: 73, time elapsed: 10.25s
0
z
[-0.21724175 -1.33080806]
-0.21724175130893897
f inputs x:[[-0.10607507 -0.64980862]] ev:{} outputs y:5.224815214249298 (n:-0.0346087103952933) c:1.0
num acquisition: 74, time elapsed: 10.41s
0
z
[1.1432574  1.39031581]
1.1432573967190824
f inputs x:[[0.55823115 0.67886514]] ev:{} outputs y:0.5548114596938547 (n:0.015952002840349835) c:1.0
num acquisition: 75, time elapsed: 10.61s
0
z
[0.49743599 0.22108701]
0.49743598646864573
f inputs x:[[0.24288867 0.10795264]] ev:{} outputs y:0.2920276665147616 (n:0.012857665427842677) c:1.0
num acquisition: 76, time elapsed: 10.80s
0
z
[0.49826839 0.22143237]
0.4982683881625653
f inputs x:[[0.24329511 0.10812128]] ev:{} outputs y:0.3110172832771843 (n:0.0305351673106628) c:1.0
num acquisition: 77, time elapsed: 10.97s
0
z
[0.49884668 0.22177648]
0.4988466771126759
f inputs x:[[0.24357748 0.1082893 ]] ev:{} outputs y:0.34219522132664176 (n:0.06120444374950893) c:1.0
num acquisition: 78, time elapsed: 11.15s
0
z
[0.49902342 0.22205012]
0.49902341803385225
f inputs x:[[0.24366378 0.10842291]] ev:{} outputs y:0.30495752373098883 (n:0.024497540158633493) c:1.0
num acquisition: 79, time elapsed: 11.37s
0
z
[0.49949757 0.22243061]
0.4994975717956816
f inputs x:[[0.2438953 0.1086087]] ev:{} outputs y:0.28032743674028293 (n:-0.00015333716757400982) c:1.0
num acquisition: 80, time elapsed: 11.59s
0
z
[1.40089208 1.57716457]
1.4008920845752098
f inputs x:[[0.68402934 0.77009989]] ev:{} outputs y:2.7280087566089395 (n:-0.0451390777374721) c:1.0
num acquisition: 81, time elapsed: 11.75s
0
z
[0.49997672 0.22254995]
0.49997671520895043
f inputs x:[[0.24412926 0.10866697]] ev:{} outputs y:0.2840044564083649 (n:0.0024063342352103148) c:1.0
num acquisition: 82, time elapsed: 11.94s
0
z
[2.048      0.45229739]
2.048
f inputs x:[[1.         0.22084833]] ev:{} outputs y:7.284302705118822 (n:0.03839114294915508) c:1.0
num acquisition: 83, time elapsed: 12.10s
0
z
[0.50030481 0.22267448]
0.5003048095585726
f inputs x:[[0.24428946 0.10872777]] ev:{} outputs y:0.2869789742386257 (n:0.004782437419836203) c:1.0
num acquisition: 84, time elapsed: 12.36s
0
z
[-1.13922637  1.27683539]
-1.139226367577223
f inputs x:[[-0.55626287  0.62345478]] ev:{} outputs y:1.702061437034594 (n:-0.024340511002782297) c:1.0
num acquisition: 85, time elapsed: 12.53s
0
z
[-1.01983089  1.55584583]
-1.0198308923877382
f inputs x:[[-0.4979643   0.75969034]] ev:{} outputs y:3.4755718894526235 (n:0.019768610785758735) c:1.0
num acquisition: 86, time elapsed: 12.73s
0
z
[-0.92333585  1.04353499]
-0.9233358534059993
f inputs x:[[-0.45084758  0.50953857]] ev:{} outputs y:2.262043995773865 (n:0.1401679491692945) c:1.0
num acquisition: 87, time elapsed: 12.89s
0
z
[0.5009625  0.22305555]
0.5009625018933562
f inputs x:[[0.2446106  0.10891384]] ev:{} outputs y:0.20199748647794324 (n:-0.08086552700128526) c:1.0
num acquisition: 88, time elapsed: 13.11s
0
z
[0.50217427 0.22354451]
0.5021742664188953
f inputs x:[[0.24520228 0.10915259]] ev:{} outputs y:0.37341839037006996 (n:0.08837191252653752) c:1.0
num acquisition: 89, time elapsed: 13.33s
0
z
[0.50137995 0.22348363]
0.5013799501020251
f inputs x:[[0.24481443 0.10912287]] ev:{} outputs y:0.2680345325874647 (n:-0.014473953523832146) c:1.0
num acquisition: 90, time elapsed: 13.55s
0
z
[-1.36803536  1.0757637 ]
-1.3680353572109925
f inputs x:[[-0.66798601  0.52527524]] ev:{} outputs y:4.18330246878182 (n:-0.0641996852203037) c:1.0
num acquisition: 91, time elapsed: 13.78s
0
z
[0.60529373 2.048     ]
0.605293725186806
f inputs x:[[0.29555358 1.        ]] ev:{} outputs y:5.627949458042524 (n:-0.020814227754268395) c:1.0
num acquisition: 92, time elapsed: 13.96s
0
z
[-0.70695853  0.53740291]
-0.7069585343398721
f inputs x:[[-0.3451946   0.26240376]] ev:{} outputs y:1.4108303337062253 (n:0.010835815854728538) c:1.0
num acquisition: 93, time elapsed: 14.13s
0
z
[-0.93170746 -1.33158532]
-0.9317074601945889
f inputs x:[[-0.45493528 -0.65018814]] ev:{} outputs y:6.198581612755152 (n:0.007070789014926699) c:1.0
num acquisition: 94, time elapsed: 14.32s
0
z
[0.4991486  0.22484135]
0.49914859532081396
f inputs x:[[0.2437249  0.10978582]] ev:{} outputs y:0.34215852559486437 (n:0.07217728953766792) c:1.0
num acquisition: 95, time elapsed: 14.52s
0
z
[-2.048      -1.25720611]
-2.048
f inputs x:[[-1.         -0.61387017]] ev:{} outputs y:7.915758022810051 (n:-0.08465402869153342) c:1.0
num acquisition: 96, time elapsed: 14.70s
0
z
[0.49884902 0.22464921]
0.49884901979205054
f inputs x:[[0.24357862 0.109692  ]] ev:{} outputs y:0.3084227874962443 (n:0.03860806025322175) c:1.0
num acquisition: 97, time elapsed: 14.90s
0
z
[ 1.12366638 -0.54305925]
1.123666378614039
f inputs x:[[ 0.54866522 -0.26516565]] ev:{} outputs y:5.863562706621101 (n:0.07340297900769396) c:1.0
num acquisition: 98, time elapsed: 15.12s
0
z
[1.08394334 1.31127473]
1.083943340482094
f inputs x:[[0.52926921 0.64027086]] ev:{} outputs y:1.0326182073868055 (n:-0.020281220729845388) c:1.0
num acquisition: 99, time elapsed: 15.34s
0
z
[0.14890048 1.38551352]
0.14890048045696772
f inputs x:[[0.07270531 0.67652027]] ev:{} outputs y:5.177017213666371 (n:-0.05726580378525258) c:1.0
num acquisition: 100, time elapsed: 15.54s
0
z
[1.30674034 0.3929168 ]
1.3067403431009472
f inputs x:[[0.63805681 0.19185391]] ev:{} outputs y:5.133561464852431 (n:-0.025065451228663382) c:1.0
num acquisition: 101, time elapsed: 15.74s
0
z
[-0.70959301  0.77124398]
-0.7095930117859481
f inputs x:[[-0.34648096  0.37658397]] ev:{} outputs y:2.4058094791741413 (n:-0.00025246145884925915) c:1.0
num acquisition: 102, time elapsed: 15.99s
0
z
[0.49716237 0.22301781]
0.4971623742517238
f inputs x:[[0.24275507 0.10889541]] ev:{} outputs y:0.3519468623676229 (n:0.08101893135672755) c:1.0
num acquisition: 103, time elapsed: 16.19s
0
z
[ 0.03915072 -0.20815278]
0.039150722276043694
f inputs x:[[ 0.01911656 -0.1016371 ]] ev:{} outputs y:1.8524770204691077 (n:0.008752329652371632) c:1.0
num acquisition: 104, time elapsed: 16.41s
0
z
[-0.86568525  0.3565038 ]
-0.8656852473980245
f inputs x:[[-0.42269787  0.17407412]] ev:{} outputs y:2.9884977734866363 (n:-0.0031453536705318367) c:1.0
num acquisition: 105, time elapsed: 16.62s
0
z
[0.49768353 0.22286396]
0.49768353262488124
f inputs x:[[0.24300954 0.1088203 ]] ev:{} outputs y:0.2983157050817694 (n:0.02527816484612428) c:1.0
num acquisition: 106, time elapsed: 16.84s
0
z
[ 0.39727306 -1.50515382]
0.3972730631098759
f inputs x:[[ 0.19398099 -0.73493839]] ev:{} outputs y:5.6165264503010865 (n:-0.010783212924072295) c:1.0
num acquisition: 107, time elapsed: 17.06s
0
z
[0.49771889 0.22288669]
0.4977188886234754
f inputs x:[[0.2430268  0.10883139]] ev:{} outputs y:0.2520812763287559 (n:-0.02097636916378997) c:1.0
num acquisition: 108, time elapsed: 17.29s
0
z
[-1.06254969 -0.5217079 ]
-1.0625496851853435
f inputs x:[[-0.51882309 -0.25474019]] ev:{} outputs y:5.664715367264851 (n:0.03802391235185745) c:1.0
num acquisition: 109, time elapsed: 17.51s
0
z
[0.49781944 0.22289138]
0.4978194370097285
f inputs x:[[0.2430759  0.10883368]] ev:{} outputs y:0.2972525655079428 (n:0.023910449897530918) c:1.0
num acquisition: 110, time elapsed: 17.74s
0
z
[-0.61434836  2.048     ]
-0.614348358536911
f inputs x:[[-0.29997478  1.        ]] ev:{} outputs y:5.65738472505886 (n:0.013038895105245023) c:1.0
num acquisition: 111, time elapsed: 17.93s
0
z
[0.49783946 0.22288632]
0.49783945971474175
f inputs x:[[0.24308567 0.10883121]] ev:{} outputs y:0.29769248115333535 (n:0.024270779327417807) c:1.0
num acquisition: 112, time elapsed: 18.17s
0
z
[-0.55746468  0.37583926]
-0.5574646822284911
f inputs x:[[-0.27219955  0.18351526]] ev:{} outputs y:1.28155500355512 (n:-0.06629415709472813) c:1.0
num acquisition: 113, time elapsed: 18.39s
0
z
[0.49748479 0.22306303]
0.4974847865921255
f inputs x:[[0.24291249 0.1089175 ]] ev:{} outputs y:0.17391533791637082 (n:-0.09778570573559553) c:1.0
num acquisition: 114, time elapsed: 18.61s
0
z
[0.49776758 0.22328858]
0.4977675753021657
f inputs x:[[0.24305057 0.10902763]] ev:{} outputs y:0.18290171437112462 (n:-0.08879115253869814) c:1.0
num acquisition: 115, time elapsed: 18.84s
0
z
[0.49808859 0.22355138]
0.4980885888421963
f inputs x:[[0.24320732 0.10915595]] ev:{} outputs y:0.3334104582233689 (n:0.06175073595212947) c:1.0
num acquisition: 116, time elapsed: 19.08s
0
z
[0.49806535 0.22364331]
0.49806535167483784
f inputs x:[[0.24319597 0.10920084]] ev:{} outputs y:0.24571815550429651 (n:-0.025529817234365065) c:1.0
num acquisition: 117, time elapsed: 19.30s
0
z
[-2.048      -0.57247189]
-2.048
f inputs x:[[-1.         -0.27952729]] ev:{} outputs y:7.749017612877991 (n:0.015988570721972923) c:1.0
num acquisition: 118, time elapsed: 19.56s
0
z
[0.49820573 0.22375361]
0.49820573454745903
f inputs x:[[0.24326452 0.10925469]] ev:{} outputs y:0.23102249981388084 (n:-0.04022820974943226) c:1.0
num acquisition: 119, time elapsed: 19.88s
0
z
[-1.42236199 -2.048     ]
-1.4223619900831013
f inputs x:[[-0.69451269 -1.        ]] ev:{} outputs y:7.464774743684163 (n:0.04763620636918356) c:1.0
num acquisition: 120, time elapsed: 20.10s
0
z
[0.49839326 0.2239035 ]
0.4983932624243314
f inputs x:[[0.24335609 0.10932788]] ev:{} outputs y:0.2764503704742864 (n:0.005205018516959337) c:1.0
num acquisition: 121, time elapsed: 20.43s
0
z
[-1.49104226  2.048     ]
-1.4910422552399099
f inputs x:[[-0.72804798  1.        ]] ev:{} outputs y:2.316629967699972 (n:-0.013087787268891569) c:1.0
num acquisition: 122, time elapsed: 20.64s
0
z
[2.28286100e-01 8.94058067e-05]
0.22828609988887866
f inputs x:[[1.11467822e-01 4.36551791e-05]] ev:{} outputs y:0.5686308055304803 (n:-0.055275528769099525) c:1.0
num acquisition: 123, time elapsed: 20.87s
0
z
[ 1.13629142 -1.46379858]
1.1362914215953828
f inputs x:[[ 0.5548298 -0.7147454]] ev:{} outputs y:6.626169775502111 (n:-0.0071450533280491115) c:1.0
num acquisition: 124, time elapsed: 21.11s
0
z
[-1.55420601  0.43336212]
-1.554206013481735
f inputs x:[[-0.75888966  0.2116026 ]] ev:{} outputs y:5.988003547844598 (n:-0.004543811886117632) c:1.0
num acquisition: 125, time elapsed: 21.33s
0
z
[0.417209   0.20502909]
0.41720899853647947
f inputs x:[[0.20371533 0.10011186]] ev:{} outputs y:0.3850666871900276 (n:0.023530425675118014) c:1.0
num acquisition: 126, time elapsed: 21.64s
0
z
[1.0774172  1.16439571]
1.0774171960817214
f inputs x:[[0.52608262 0.56855259]] ev:{} outputs y:0.06807263045110501 (n:0.06083249646853365) c:1.0
num acquisition: 127, time elapsed: 21.87s
0
z
[-1.34415897  1.69653141]
-1.3441589677394146
f inputs x:[[-0.65632762  0.82838448]] ev:{} outputs y:2.0487419288882363 (n:0.006199231227100617) c:1.0
num acquisition: 128, time elapsed: 22.14s
0
z
[ 0.49122651 -0.65142816]
0.49122651266572687
f inputs x:[[ 0.2398567  -0.31808016]] ev:{} outputs y:4.36164935186756 (n:-0.032254339272017714) c:1.0
num acquisition: 129, time elapsed: 22.40s
0
z
[-0.49120104  0.59310735]
-0.49120104075737775
f inputs x:[[-0.23984426  0.2896032 ]] ev:{} outputs y:2.8146335063362513 (n:0.06723199922237393) c:1.0
num acquisition: 130, time elapsed: 22.68s
0
z
[ 2.048      -1.38538666]
2.048
f inputs x:[[ 1.         -0.67645833]] ev:{} outputs y:7.979648428060655 (n:-0.06446218842497131) c:1.0
num acquisition: 131, time elapsed: 22.93s
0
z
[-1.32008996  1.43900279]
-1.3200899552575072
f inputs x:[[-0.64457517  0.70263808]] ev:{} outputs y:2.783430839522341 (n:0.03601761428316876) c:1.0
num acquisition: 132, time elapsed: 23.18s
0
z
[-0.37576998 -2.048     ]
-0.37576998033230546
f inputs x:[[-0.18348144 -1.        ]] ev:{} outputs y:6.125284859240199 (n:-0.05297819722777391) c:1.0
num acquisition: 133, time elapsed: 23.44s
0
z
[1.0506616  1.13327794]
1.0506615997013309
f inputs x:[[0.51301836 0.55335837]] ev:{} outputs y:0.007289860719281671 (n:-0.077908335140003) c:1.0
num acquisition: 134, time elapsed: 23.76s
0
z
[1.0465614  1.13420932]
1.046561401683411
f inputs x:[[0.51101631 0.55381314]] ev:{} outputs y:0.12617749589439287 (n:-0.016738888295135354) c:1.0
num acquisition: 135, time elapsed: 24.06s
0
z
[1.56360236 2.048     ]
1.5636023574771458
f inputs x:[[0.76347771 1.        ]] ev:{} outputs y:2.8287258182475252 (n:-0.00841070144563309) c:1.0
num acquisition: 136, time elapsed: 24.34s
0
z
[ 0.17269526 -1.04148812]
0.17269525751162546
f inputs x:[[ 0.08432386 -0.50853912]] ev:{} outputs y:4.835700240366167 (n:0.07819253139946744) c:1.0
num acquisition: 137, time elapsed: 24.61s
0
z
[-0.32943392 -0.42515066]
-0.3294339175027337
f inputs x:[[-0.16085641 -0.2075931 ]] ev:{} outputs y:3.512673847255286 (n:0.07070094289091357) c:1.0
num acquisition: 138, time elapsed: 24.93s
0
z
[0.26501968 0.77899658]
0.26501967587785197
f inputs x:[[0.12940414 0.38036942]] ev:{} outputs y:3.9400332399233924 (n:-0.0068632211618714165) c:1.0
num acquisition: 139, time elapsed: 25.20s
0
z
[1.03774736 1.12218137]
1.0377473617104438
f inputs x:[[0.50671258 0.54794012]] ev:{} outputs y:0.22952277629327764 (n:0.04197507893080951) c:1.0
num acquisition: 140, time elapsed: 25.61s
0
z
[1.04036825 1.1243031 ]
1.0403682514882069
f inputs x:[[0.50799231 0.54897613]] ev:{} outputs y:0.1391290162164117 (n:-0.02426524566539876) c:1.0
num acquisition: 141, time elapsed: 25.95s
0
z
[1.03880256 1.12574947]
1.0388025596397614
f inputs x:[[0.50722781 0.54968236]] ev:{} outputs y:0.21883517503847366 (n:0.0207858188560801) c:1.0
num acquisition: 142, time elapsed: 26.27s
0
z
[1.06772897 1.15104287]
1.0677289695800107
f inputs x:[[0.52135204 0.56203265]] ev:{} outputs y:0.04541152873577465 (n:0.028866955721468704) c:1.0
num acquisition: 143, time elapsed: 26.58s
0
z
[ 1.47317118 -0.14432019]
1.473171178645029
f inputs x:[[ 0.71932186 -0.07046884]] ev:{} outputs y:6.3241105982330845 (n:0.03822482822612435) c:1.0
num acquisition: 144, time elapsed: 26.90s
0
z
[ 2.048      -0.80087928]
2.048
f inputs x:[[ 1.         -0.39105434]] ev:{} outputs y:7.789044367228364 (n:-0.03391461422921335) c:1.0
num acquisition: 145, time elapsed: 27.20s
0
z
[ 1.49693897 -2.048     ]
1.4969389665425759
f inputs x:[[ 0.73092723 -1.        ]] ev:{} outputs y:7.512616580398193 (n:-0.005257482479850193) c:1.0
num acquisition: 146, time elapsed: 27.49s
0
z
[ 0.53681295 -2.048     ]
0.5368129525410452
f inputs x:[[ 0.2621157 -1.       ]] ev:{} outputs y:6.32034149041725 (n:0.01592431027433416) c:1.0
num acquisition: 147, time elapsed: 27.77s
0
z
[0.48541077 0.21999403]
0.48541077437911617
f inputs x:[[0.23701698 0.10741896]] ev:{} outputs y:0.31071110482524766 (n:0.05666558049798237) c:1.0
num acquisition: 148, time elapsed: 28.15s
0
z
[1.04289231 1.12600068]
1.042892313178006
f inputs x:[[0.50922476 0.54980502]] ev:{} outputs y:0.08626833025839202 (n:-0.05272272812724722) c:1.0
num acquisition: 149, time elapsed: 28.50s
0
z
[1.0669497  1.15017709]
1.0669496957760878
f inputs x:[[0.52097153 0.56160991]] ev:{} outputs y:-0.01804188817926027 (n:-0.036270224606395784) c:1.0
num acquisition: 150, time elapsed: 28.85s
0
z
[-0.68709054 -0.28414508]
-0.6870905365652462
f inputs x:[[-0.33549343 -0.13874271]] ev:{} outputs y:4.120624816165928 (n:0.009161964115973104) c:1.0
num acquisition: 151, time elapsed: 29.22s
0
z
[-0.24211528 -0.90614118]
-0.24211528358998075
f inputs x:[[-0.11822035 -0.44245175]] ev:{} outputs y:4.575917787905764 (n:0.01554386542433766) c:1.0
num acquisition: 152, time elapsed: 29.57s
0
z
[-1.53639845 -0.29966466]
-1.5363984477289219
f inputs x:[[-0.75019455 -0.14632063]] ev:{} outputs y:6.637911095652899 (n:0.06550036470133883) c:1.0
num acquisition: 153, time elapsed: 29.88s
0
z
[1.04453532 1.12302952]
1.044535323769188
f inputs x:[[0.51002701 0.54835426]] ev:{} outputs y:0.07530586279638465 (n:-0.02383925253681803) c:1.0
num acquisition: 154, time elapsed: 30.24s
0
z
[1.06709379 1.14961316]
1.0670937892646148
f inputs x:[[0.52104189 0.56133455]] ev:{} outputs y:0.06927283775323939 (n:0.05297145872662215) c:1.0
num acquisition: 155, time elapsed: 30.57s
0
z
[ 0.1161854  -0.04457555]
0.11618539994185939
f inputs x:[[ 0.05673115 -0.02176541]] ev:{} outputs y:0.7610646970630367 (n:0.010406373233655963) c:1.0
num acquisition: 156, time elapsed: 30.93s
0
z
[1.06659385 1.14938902]
1.0665938478813721
f inputs x:[[0.52079778 0.56122511]] ev:{} outputs y:0.06899076142776006 (n:0.05087583305923674) c:1.0
num acquisition: 157, time elapsed: 31.25s
0
z
[-1.43460724 -1.49625859]
-1.4346072350953012
f inputs x:[[-0.70049181 -0.73059502]] ev:{} outputs y:7.132457389845512 (n:-0.014529201522524496) c:1.0
num acquisition: 158, time elapsed: 31.55s
0
z
[1.06665192 1.14943667]
1.0666519219323385
f inputs x:[[0.52082613 0.56124837]] ev:{} outputs y:-0.054553437802598234 (n:-0.07250031642855412) c:1.0
num acquisition: 159, time elapsed: 31.88s
0
z
[0.82785609 0.57299342]
0.8278560894229904
f inputs x:[[0.40422661 0.27978194]] ev:{} outputs y:0.8416196621074972 (n:0.012222316334014766) c:1.0
num acquisition: 160, time elapsed: 32.23s
0
z
[ 0.72166081 -0.30724743]
0.7216608112287755
f inputs x:[[ 0.35237344 -0.15002316]] ev:{} outputs y:4.1492503125768705 (n:-0.0941288295125407) c:1.0
num acquisition: 161, time elapsed: 32.55s
0
z
[0.81933962 0.77343829]
0.8193396161582743
f inputs x:[[0.40006817 0.37765542]] ev:{} outputs y:0.677176208352284 (n:-0.05302862336391009) c:1.0
num acquisition: 162, time elapsed: 32.88s
0
z
[-0.90406771  1.27719483]
-0.9040677117511353
f inputs x:[[-0.44143931  0.62363029]] ev:{} outputs y:3.2900093200418614 (n:0.040710395073699994) c:1.0
num acquisition: 163, time elapsed: 33.18s
0
z
[1.06819158 1.14945903]
1.0681915797830257
f inputs x:[[0.52157792 0.56125929]] ev:{} outputs y:-0.00032441570213553005 (n:-0.012005395067436229) c:1.0
num acquisition: 164, time elapsed: 33.52s
0
z
[1.06870697 1.1495899 ]
1.0687069662396416
f inputs x:[[0.52182957 0.56132319]] ev:{} outputs y:0.01891472065249168 (n:0.008688361704202714) c:1.0
num acquisition: 165, time elapsed: 33.87s
0
z
[-0.24602327  1.61964216]
-0.24602327328006812
f inputs x:[[-0.12012855  0.7908409 ]] ev:{} outputs y:5.5495950313743965 (n:0.04574246741036846) c:1.0
num acquisition: 166, time elapsed: 34.17s
0
z
[1.06887216 1.14962322]
1.0688721625542716
f inputs x:[[0.52191024 0.56133946]] ev:{} outputs y:-0.009245745147180422 (n:-0.019032641266073225) c:1.0
num acquisition: 167, time elapsed: 34.53s
0
z
[1.81833479 1.68597321]
1.8183347873233064
f inputs x:[[0.88785878 0.82322911]] ev:{} outputs y:5.660818278338239 (n:0.08400221272422093) c:1.0
num acquisition: 168, time elapsed: 34.87s
0
z
[0.04700269 0.48034404]
0.04700268600865757
f inputs x:[[0.02295053 0.23454299]] ev:{} outputs y:3.137635274570339 (n:-0.07197741856603039) c:1.0
num acquisition: 169, time elapsed: 35.20s
0
z
[0.30334832 1.75880474]
0.3033483169072445
f inputs x:[[0.1481193  0.85879138]] ev:{} outputs y:5.656564648677795 (n:0.024269610471762793) c:1.0
num acquisition: 170, time elapsed: 35.56s
0
z
[-0.55427654 -1.60347216]
-0.5542765447574972
f inputs x:[[-0.27064284 -0.78294539]] ev:{} outputs y:5.958970292430939 (n:0.0495535136088298) c:1.0
num acquisition: 171, time elapsed: 35.89s
0
z
[0.95248573 0.44005192]
0.952485728112029
f inputs x:[[0.46508092 0.2148691 ]] ev:{} outputs y:3.1216914513459546 (n:-0.0062835348177070595) c:1.0
num acquisition: 172, time elapsed: 36.26s
0
z
[-1.33136382  1.90787622]
-1.3313638232918537
f inputs x:[[-0.65007999  0.93158019]] ev:{} outputs y:2.0545501632527743 (n:-0.05773692681292928) c:1.0
num acquisition: 173, time elapsed: 36.59s
0
z
[1.06881612 1.14961669]
1.068816120776516
f inputs x:[[0.52188287 0.56133628]] ev:{} outputs y:0.02298141501356354 (n:0.013040826870122313) c:1.0
num acquisition: 174, time elapsed: 36.95s
0
z
[1.06899647 1.14968238]
1.0689964650132826
f inputs x:[[0.52197093 0.56136835]] ev:{} outputs y:0.04957688095815996 (n:0.0400607765876648) c:1.0
num acquisition: 175, time elapsed: 37.33s
0
z
[-0.89155001  0.67464533]
-0.891550012788078
f inputs x:[[-0.43532715  0.32941666]] ev:{} outputs y:1.726183796072056 (n:-0.06942698613549302) c:1.0
num acquisition: 176, time elapsed: 37.72s
0
z
[1.06886565 1.14965611]
1.0688656498531581
f inputs x:[[0.52190706 0.56135552]] ev:{} outputs y:-0.03653960460464828 (n:-0.046391971268497714) c:1.0
num acquisition: 177, time elapsed: 38.12s
0
z
[1.06927336 1.14972125]
1.069273359708843
f inputs x:[[0.52210613 0.56138733]] ev:{} outputs y:0.011673874564854627 (n:0.0028491287619698148) c:1.0
num acquisition: 178, time elapsed: 38.54s
0
z
[-2.048      0.5010872]
-2.048
f inputs x:[[-1.          0.24467148]] ev:{} outputs y:7.138674650251468 (n:-0.08700719525133455) c:1.0
num acquisition: 179, time elapsed: 38.98s
0
z
[1.06937464 1.14974042]
1.0693746390786034
f inputs x:[[0.52215559 0.56139669]] ev:{} outputs y:0.015595856376948342 (n:0.007002897455406567) c:1.0
num acquisition: 180, time elapsed: 39.47s
0
z
[1.06946793 1.14975936]
1.0694679256791435
f inputs x:[[0.52220114 0.56140594]] ev:{} outputs y:0.010745309145085303 (n:0.0023575355025249704) c:1.0
num acquisition: 181, time elapsed: 39.87s
0
z
[-2.048       1.44503099]
-2.048
f inputs x:[[-1.          0.70558154]] ev:{} outputs y:6.612108755332288 (n:-0.029256832249078088) c:1.0
num acquisition: 182, time elapsed: 40.27s
0
z
[ 1.17481518 -0.97987964]
1.1748151774524365
f inputs x:[[ 0.57364022 -0.47845685]] ev:{} outputs y:6.300256958751463 (n:-0.024144584547572408) c:1.0
num acquisition: 183, time elapsed: 40.70s
0
z
[-1.53892287  1.84984644]
-1.5389228708532123
f inputs x:[[-0.75142718  0.90324533]] ev:{} outputs y:3.542967641384053 (n:0.007127528705105299) c:1.0
num acquisition: 184, time elapsed: 41.10s
0
z
[-1.02724865 -0.93252838]
-1.0272486452406584
f inputs x:[[-0.50158625 -0.45533612]] ev:{} outputs y:5.99753333425304 (n:0.005489046325224477) c:1.0
num acquisition: 185, time elapsed: 41.48s
0
z
[0.32230013 0.08991395]
0.32230013391077383
f inputs x:[[0.15737311 0.0439033 ]] ev:{} outputs y:0.3246048496129318 (n:-0.06660908120326922) c:1.0
num acquisition: 186, time elapsed: 41.94s
0
z
[-1.1119607   1.03513875]
-1.1119607027223126
f inputs x:[[-0.54294956  0.50543884]] ev:{} outputs y:2.1718427337751556 (n:-0.0808445107912652) c:1.0
num acquisition: 187, time elapsed: 42.41s
0
z
[1.06947259 1.14974702]
1.069472589740266
f inputs x:[[0.52220341 0.56139991]] ev:{} outputs y:0.02844877851794026 (n:0.02008685897457345) c:1.0
num acquisition: 188, time elapsed: 42.91s
0
z
[1.0694854  1.14975825]
1.069485399312446
f inputs x:[[0.52220967 0.5614054 ]] ev:{} outputs y:0.07181441202786168 (n:0.0634698611777594) c:1.0
num acquisition: 189, time elapsed: 43.30s
0
z
[-0.02125558 -1.65443503]
-0.02125557663678922
f inputs x:[[-0.0103787 -0.8078296]] ev:{} outputs y:5.661589632154098 (n:0.04152214038870443) c:1.0
num acquisition: 190, time elapsed: 43.74s
0
z
[1.0692499  1.14973104]
1.069249903882062
f inputs x:[[0.52209468 0.56139211]] ev:{} outputs y:-0.018073589777980938 (n:-0.026971239967464106) c:1.0
num acquisition: 191, time elapsed: 44.21s
0
z
[1.06944232 1.14975651]
1.0694423238803332
f inputs x:[[0.52218863 0.56140455]] ev:{} outputs y:-0.018646632260252448 (n:-0.027092896829990776) c:1.0
num acquisition: 192, time elapsed: 44.66s
0
z
[1.37021849 1.83861768]
1.3702184895433254
f inputs x:[[0.669052   0.89776254]] ev:{} outputs y:0.2494918591709223 (n:-0.0037813110321457226) c:1.0
num acquisition: 193, time elapsed: 45.06s
0
z
[1.28735565 1.7893717 ]
1.287355649248491
f inputs x:[[0.62859163 0.87371665]] ev:{} outputs y:1.072784485532159 (n:0.03347139860455072) c:1.0
num acquisition: 194, time elapsed: 45.55s
0
z
[1.45108482 1.84803902]
1.451084823237657
f inputs x:[[0.70853751 0.9023628 ]] ev:{} outputs y:1.9904523415129471 (n:-0.06874478345829227) c:1.0
num acquisition: 195, time elapsed: 46.03s
0
z
[1.34392023 1.8997012 ]
1.3439202319723573
f inputs x:[[0.65621105 0.92758847]] ev:{} outputs y:0.6023579673946672 (n:-0.08778239278321569) c:1.0
num acquisition: 196, time elapsed: 46.50s
0
z
[-0.57106775 -1.13393587]
-0.5710677499380481
f inputs x:[[-0.27884167 -0.55367962]] ev:{} outputs y:5.455478306950438 (n:0.07722242635425657) c:1.0
num acquisition: 197, time elapsed: 47.05s
0
z
[ 0.34996423 -0.01408936]
0.34996422692974505
f inputs x:[[ 0.17088097 -0.00687957]] ev:{} outputs y:1.1928048784213103 (n:0.0026689803711414193) c:1.0
num acquisition: 198, time elapsed: 47.57s
0
z
[1.06947003 1.14899379]
1.069470031244201
f inputs x:[[0.52220216 0.56103212]] ev:{} outputs y:0.12530912666245828 (n:0.11777864274704086) c:1.0
num acquisition: 199, time elapsed: 48.07s
0
z
[0.64640498 0.46724928]
0.6464049766219978
f inputs x:[[0.31562743 0.22814906]] ev:{} outputs y:0.2796906803152588 (n:-0.034509051189419264) c:1.0
num acquisition: 200, time elapsed: 48.60s
0
z
[0.71209317 0.5193388 ]
0.7120931727234814
f inputs x:[[0.34770174 0.2535834 ]] ev:{} outputs y:0.11582457254996867 (n:0.022401369918505033) c:1.0
num acquisition: 201, time elapsed: 49.17s
0
z
[0.7154706  0.55810665]
0.7154706042040063
f inputs x:[[0.34935088 0.27251301]] ev:{} outputs y:0.22793357430199687 (n:-0.030174906148174998) c:1.0
num acquisition: 202, time elapsed: 49.70s
0
z
[0.70489968 0.49727733]
0.7048996835716438
f inputs x:[[0.3441893 0.2428112]] ev:{} outputs y:0.06027866445310272 (n:-0.023234661927360872) c:1.0
num acquisition: 203, time elapsed: 50.22s
0
z
[ 1.55952044 -0.61978157]
1.5595204388200918
f inputs x:[[ 0.76148459 -0.30262772]] ev:{} outputs y:6.822026294125002 (n:-0.016071910545953333) c:1.0
num acquisition: 204, time elapsed: 50.80s
0
z
[1.06904389 1.14936235]
1.0690438931422224
f inputs x:[[0.52199409 0.56121208]] ev:{} outputs y:0.050484551669581886 (n:0.041523007467171184) c:1.0
num acquisition: 205, time elapsed: 51.32s
0
z
[0.14277612 1.05957286]
0.1427761225796944
f inputs x:[[0.0697149  0.51736956]] ev:{} outputs y:4.749106023596278 (n:0.051119962670683444) c:1.0
num acquisition: 206, time elapsed: 51.85s
0
z
[1.64408369 0.56553819]
1.6440836902958986
f inputs x:[[0.80277524 0.27614169]] ev:{} outputs y:6.132587161324025 (n:0.005076427408220073) c:1.0
num acquisition: 207, time elapsed: 52.41s
0
z
[ 0.75815998 -1.60331864]
0.7581599829938327
f inputs x:[[ 0.3701953  -0.78287043]] ev:{} outputs y:6.198143523497283 (n:0.03381570823462766) c:1.0
num acquisition: 208, time elapsed: 52.97s
0
z
[0.70155914 0.50137221]
0.7015591408819458
f inputs x:[[0.34255817 0.24481065]] ev:{} outputs y:0.059699822965151285 (n:-0.033341438322086435) c:1.0
num acquisition: 209, time elapsed: 53.42s
0
z
[-0.46283703  0.24262284]
-0.46283703380359226
f inputs x:[[-0.22599465  0.11846818]] ev:{} outputs y:1.2124035291340054 (n:0.04284362034378838) c:1.0
num acquisition: 210, time elapsed: 53.95s
0
z
[0.22327051 0.08124253]
0.22327051072855134
f inputs x:[[0.1090188  0.03966921]] ev:{} outputs y:0.47345958707600616 (n:-0.058261931917338576) c:1.0
num acquisition: 211, time elapsed: 54.50s
0
z
[-0.66801393  1.6729454 ]
-0.668013932220428
f inputs x:[[-0.32617868  0.81686787]] ev:{} outputs y:5.133065241792636 (n:0.0944112181063953) c:1.0
num acquisition: 212, time elapsed: 55.06s
0
z
[0.70192856 0.50203678]
0.7019285646649099
f inputs x:[[0.34273856 0.24513515]] ev:{} outputs y:0.036475047870895574 (n:-0.056611940094713833) c:1.0
num acquisition: 213, time elapsed: 55.63s
0
z
[-0.95047598  0.85110151]
-0.9504759811050685
f inputs x:[[-0.4640996   0.41557691]] ev:{} outputs y:1.6965428799527105 (n:0.07164159119493872) c:1.0
num acquisition: 214, time elapsed: 56.13s
0
z
[1.23295218 1.46284968]
1.2329521777814345
f inputs x:[[0.60202743 0.71428207]] ev:{} outputs y:0.318600892337177 (n:-0.005539130825225696) c:1.0
num acquisition: 215, time elapsed: 56.61s
0
z
[0.70193944 0.50171283]
0.701939438965464
f inputs x:[[0.34274387 0.24497697]] ev:{} outputs y:0.020114912512807642 (n:-0.07239958643219829) c:1.0
num acquisition: 216, time elapsed: 57.09s
0
z
[ 0.21525352 -0.43697087]
0.2152535192919398
f inputs x:[[ 0.10510426 -0.21336469]] ev:{} outputs y:3.256141523788065 (n:0.03829844201004879) c:1.0
num acquisition: 217, time elapsed: 57.66s
0
z
[0.70201077 0.50117144]
0.7020107692608999
f inputs x:[[0.3427787  0.24471262]] ev:{} outputs y:0.000841548446367052 (n:-0.09061915398715764) c:1.0
num acquisition: 218, time elapsed: 58.13s
0
z
[0.70217448 0.50028714]
0.7021744762331323
f inputs x:[[0.34285863 0.24428083]] ev:{} outputs y:0.10316741169363844 (n:0.013382366754643802) c:1.0
num acquisition: 219, time elapsed: 58.78s
0
z
[0.70106442 0.50223549]
0.7010644161917686
f inputs x:[[0.34231661 0.24523217]] ev:{} outputs y:0.06344324051326519 (n:-0.032690422555503) c:1.0
num acquisition: 220, time elapsed: 59.35s
0
z
[0.70144417 0.50221608]
0.701444174075022
f inputs x:[[0.34250204 0.2452227 ]] ev:{} outputs y:0.09506758744688266 (n:0.00019061100663728006) c:1.0
num acquisition: 221, time elapsed: 59.97s
0
z
[1.06903363 1.14935683]
1.0690336252294974
f inputs x:[[0.52198907 0.56120939]] ev:{} outputs y:0.0253638307689944 (n:0.016382462143678066) c:1.0
num acquisition: 222, time elapsed: 60.54s
0
z
[0.70226199 0.5022959 ]
0.7022619936452397
f inputs x:[[0.34290136 0.24526167]] ev:{} outputs y:0.1540979616627567 (n:0.06154371033984556) c:1.0
num acquisition: 223, time elapsed: 61.14s
0
z
[-0.66279667  0.26686496]
-0.6627966702406604
f inputs x:[[-0.32363119  0.13030516]] ev:{} outputs y:1.8429848565707205 (n:-0.06481648075743968) c:1.0
num acquisition: 224, time elapsed: 61.89s
0
z
[ 1.5776668  -1.59168855]
1.5776668022642757
f inputs x:[[ 0.77034512 -0.77719167]] ev:{} outputs y:7.277590067978405 (n:-0.14092812820143708) c:1.0
num acquisition: 225, time elapsed: 62.57s
0
z
[0.70194605 0.50347767]
0.7019460472027299
f inputs x:[[0.34274709 0.24583871]] ev:{} outputs y:0.06193172813869157 (n:-0.033733987555032686) c:1.0
num acquisition: 226, time elapsed: 63.18s
0
z
[0.46716288 1.36500954]
0.4671628761167474
f inputs x:[[0.22810687 0.66650856]] ev:{} outputs y:4.855311310289537 (n:-0.03347033821871265) c:1.0
num acquisition: 227, time elapsed: 63.75s
0
z
[-0.84933704 -0.00923181]
-0.8493370427269652
f inputs x:[[-0.41471535 -0.00450772]] ev:{} outputs y:4.056848043858476 (n:-0.00011384597344315973) c:1.0
num acquisition: 228, time elapsed: 64.49s
0
z
[1.06906751 1.14946316]
1.069067509264732
f inputs x:[[0.52200562 0.56126131]] ev:{} outputs y:0.06762635238102845 (n:0.0585964267965149) c:1.0
num acquisition: 229, time elapsed: 65.18s
0
z
[0.70204826 0.5034594 ]
0.7020482645514011
f inputs x:[[0.342797   0.24582979]] ev:{} outputs y:0.1634953867395813 (n:0.0681988083769776) c:1.0
num acquisition: 230, time elapsed: 65.85s
0
z
[0.58770644 0.35295997]
0.5877064397549236
f inputs x:[[0.28696604 0.17234374]] ev:{} outputs y:0.12774175156835724 (n:-0.034124532499624854) c:1.0
num acquisition: 231, time elapsed: 66.54s
0
z
[2.048      1.57872006]
2.048
f inputs x:[[1.         0.77085941]] ev:{} outputs y:6.555581083832609 (n:0.02437371931715661) c:1.0
num acquisition: 232, time elapsed: 67.19s
0
z
[0.71956153 0.50420899]
0.7195615253688457
f inputs x:[[0.3513484 0.2461958]] ev:{} outputs y:0.09759417746359991 (n:0.004985324993224479) c:1.0
num acquisition: 233, time elapsed: 67.92s
0
z
[0.70977031 0.50103955]
0.7097703076787797
f inputs x:[[0.34656753 0.24464822]] ev:{} outputs y:0.02253669657819382 (n:-0.05902572129277818) c:1.0
num acquisition: 234, time elapsed: 68.63s
0
z
[0.71209183 0.50010319]
0.7120918317677379
f inputs x:[[0.34770109 0.24419101]] ev:{} outputs y:0.07502312016194891 (n:-0.00908952677439887) c:1.0
num acquisition: 235, time elapsed: 69.46s
0
z
[0.71113315 0.50024203]
0.7111331522971427
f inputs x:[[0.34723298 0.2442588 ]] ev:{} outputs y:0.1104292718341148 (n:0.027528203127449687) c:1.0
num acquisition: 236, time elapsed: 70.21s
0
z
[0.62681124 0.39332113]
0.6268112376495661
f inputs x:[[0.30606017 0.19205133]] ev:{} outputs y:0.06380626910963788 (n:-0.06659744666269338) c:1.0
num acquisition: 237, time elapsed: 71.00s
0
z
[0.61824606 0.38757326]
0.6182460635987749
f inputs x:[[0.30187796 0.18924476]] ev:{} outputs y:0.09560343074762037 (n:-0.04293432307610681) c:1.0
num acquisition: 238, time elapsed: 71.84s
0
z
[0.69161616 0.46764605]
0.6916161599670968
f inputs x:[[0.3377032 0.2283428]] ev:{} outputs y:0.04143240029911123 (n:-0.05978890079817996) c:1.0
num acquisition: 239, time elapsed: 72.59s
0
z
[1.0689181  1.14939809]
1.0689181034902877
f inputs x:[[0.52193267 0.56122954]] ev:{} outputs y:0.03981039452761656 (n:0.030463928550800295) c:1.0
num acquisition: 240, time elapsed: 73.33s
0
z
[0.69274109 0.46955219]
0.6927410943989136
f inputs x:[[0.33825249 0.22927353]] ev:{} outputs y:0.054723598284464034 (n:-0.045208188131161064) c:1.0
num acquisition: 241, time elapsed: 74.23s
0
z
[0.6947106  0.47302059]
0.6947106016823658
f inputs x:[[0.33921416 0.23096709]] ev:{} outputs y:0.09200671581423298 (n:-0.005502763721064509) c:1.0
num acquisition: 242, time elapsed: 74.98s
0
z
[0.65758857 0.42470409]
0.6575885736337456
f inputs x:[[0.32108817 0.20737504]] ev:{} outputs y:0.14515277947905036 (n:0.02896805802399996) c:1.0
num acquisition: 243, time elapsed: 75.77s
0
z
[1.06886713 1.14934259]
1.0688671322530912
f inputs x:[[0.52190778 0.56120244]] ev:{} outputs y:0.01717065914053648 (n:0.007758703698350195) c:1.0
num acquisition: 244, time elapsed: 76.65s
0
z
[0.70181432 0.48539974]
0.7018143239860308
f inputs x:[[0.34268278 0.23701159]] ev:{} outputs y:0.08095281076953655 (n:-0.008904171972464096) c:1.0
num acquisition: 245, time elapsed: 77.58s
[0.52082613 0.56124837]
