INFO:GP:initializing Y
INFO:GP:initializing inference method
INFO:GP:adding kernel and likelihood as parameters
removed robo import in opts.py l17 due to theano errors
0
z
[ 1.33438726 -1.18012637]
1.3343872645169268
f inputs x:[[ 0.65155628 -0.57623358]] ev:{} outputs y:6.795823312235053 (n:0.018523489822069625) c:1.0
0
z
[-1.33382184 -0.40820281]
-1.3338218375892257
f inputs x:[[-0.65128019 -0.19931778]] ev:{} outputs y:6.1803148684117 (n:-0.003561068620984897) c:1.0
0
z
[ 0.33408467 -0.17251831]
0.334084670568398
f inputs x:[[ 0.16312728 -0.08423745]] ev:{} outputs y:2.187761519686048 (n:-0.06526336462956937) c:1.0
0
z
[ 1.54978309 -1.64512098]
1.5497830864377171
f inputs x:[[ 0.75673002 -0.80328173]] ev:{} outputs y:7.41816454504354 (n:0.016273209552404473) c:1.0
0
z
[0.69149718 1.01093778]
0.6914971812316658
f inputs x:[[0.33764511 0.49362196]] ev:{} outputs y:3.3392367031268324 (n:-0.044458411481498664) c:1.0
0
z
[0.34535523 0.24124644]
0.3453552279959034
f inputs x:[[0.16863048 0.11779611]] ev:{} outputs y:1.0314970107817967 (n:-0.03884584157885035) c:1.0
num acquisition: 1, time elapsed: 0.14s
0
z
[0.01865793 0.4183574 ]
0.01865792820219167
f inputs x:[[0.00911032 0.20427608]] ev:{} outputs y:2.9828840073230456 (n:0.01574626248068402) c:1.0
num acquisition: 2, time elapsed: 0.29s
0
z
[0.60192271 0.22909245]
0.6019227101341671
f inputs x:[[0.29390757 0.11186155]] ev:{} outputs y:1.0447577218164559 (n:-0.03133027175606617) c:1.0
num acquisition: 3, time elapsed: 0.42s
0
z
[2.048      0.74279108]
2.048
f inputs x:[[1.         0.36269096]] ev:{} outputs y:7.034506899947236 (n:-0.05004842674474295) c:1.0
num acquisition: 4, time elapsed: 0.54s
0
z
[0.46856284 0.24686682]
0.4685628366927854
f inputs x:[[0.22879045 0.12054044]] ev:{} outputs y:0.18773684672355367 (n:-0.11756912940501746) c:1.0
num acquisition: 5, time elapsed: 0.72s
0
z
[0.50691363 0.27904169]
0.5069136270939342
f inputs x:[[0.24751642 0.13625083]] ev:{} outputs y:0.27374029936155087 (n:0.01763558603557827) c:1.0
num acquisition: 6, time elapsed: 0.84s
0
z
[0.50420772 0.36271067]
0.504207718620253
f inputs x:[[0.24619518 0.17710482]] ev:{} outputs y:0.8768555862557159 (n:-0.008033133306444076) c:1.0
num acquisition: 7, time elapsed: 0.95s
0
z
[-2.048  2.048]
-2.048
f inputs x:[[-1.  1.]] ev:{} outputs y:6.143537831425294 (n:-0.011219174767696918) c:1.0
num acquisition: 8, time elapsed: 1.06s
0
z
[0.50647364 0.24375662]
0.5064736356977659
f inputs x:[[0.24730158 0.11902179]] ev:{} outputs y:0.21394769507327835 (n:-0.01704281121028024) c:1.0
num acquisition: 9, time elapsed: 1.17s
0
z
[0.20462947 2.048     ]
0.2046294734657741
f inputs x:[[0.09991674 1.        ]] ev:{} outputs y:6.029019030295677 (n:0.027388632363309486) c:1.0
num acquisition: 10, time elapsed: 1.32s
0
z
[-2.048 -2.048]
-2.048
f inputs x:[[-1. -1.]] ev:{} outputs y:8.242815340423142 (n:-0.027690872150506442) c:1.0
num acquisition: 11, time elapsed: 1.45s
0
z
[-0.01121679 -0.85019657]
-0.011216790796192977
f inputs x:[[-0.00547695 -0.41513505]] ev:{} outputs y:4.321584626740006 (n:0.013105290392799632) c:1.0
num acquisition: 12, time elapsed: 1.59s
0
z
[-0.69771601  0.9114907 ]
-0.697716009612574
f inputs x:[[-0.34068165  0.44506382]] ev:{} outputs y:3.056785145078404 (n:-0.03051445038311561) c:1.0
num acquisition: 13, time elapsed: 1.73s
0
z
[-1.44022391  0.90170576]
-1.4402239050811547
f inputs x:[[-0.70323433  0.44028602]] ev:{} outputs y:4.964641165625493 (n:-0.00821953379624354) c:1.0
num acquisition: 14, time elapsed: 1.84s
0
z
[-0.26773649 -2.048     ]
-0.267736493753663
f inputs x:[[-0.13073071 -1.        ]] ev:{} outputs y:6.074184474556693 (n:-0.039304513682439375) c:1.0
num acquisition: 15, time elapsed: 2.01s
0
z
[-0.11486128  1.06314728]
-0.11486128229225233
f inputs x:[[-0.05608461  0.51911488]] ev:{} outputs y:4.846326503020855 (n:0.12352182841689907) c:1.0
num acquisition: 16, time elapsed: 2.14s
0
z
[-0.58479622  0.29945968]
-0.5847962221998425
f inputs x:[[-0.28554503  0.14622055]] ev:{} outputs y:1.232545071617696 (n:-0.07374055243341039) c:1.0
num acquisition: 17, time elapsed: 2.28s
0
z
[-0.38949906 -0.002935  ]
-0.3894990625555447
f inputs x:[[-0.19018509 -0.00143311]] ev:{} outputs y:1.658112454198401 (n:-0.013774376583832904) c:1.0
num acquisition: 18, time elapsed: 2.42s
0
z
[-0.76036832  0.06290991]
-0.7603683182442362
f inputs x:[[-0.37127359  0.03071773]] ev:{} outputs y:3.4061653128251823 (n:-0.01637469112512496) c:1.0
num acquisition: 19, time elapsed: 2.59s
0
z
[-0.35541447  0.30865991]
-0.3554144691720713
f inputs x:[[-0.17354222  0.15071284]] ev:{} outputs y:1.860493040226164 (n:0.04209930729946894) c:1.0
num acquisition: 20, time elapsed: 2.74s
0
z
[1.74806833 2.048     ]
1.748068332379489
f inputs x:[[0.85354899 1.        ]] ev:{} outputs y:4.682971214015251 (n:0.04713429214660079) c:1.0
num acquisition: 21, time elapsed: 2.86s
0
z
[-0.91764789  2.048     ]
-0.9176478864759421
f inputs x:[[-0.44807026  1.        ]] ev:{} outputs y:5.055522790676955 (n:0.044206086165582796) c:1.0
num acquisition: 22, time elapsed: 2.97s
0
z
[-0.77038301  0.52184921]
-0.7703830084239011
f inputs x:[[-0.37616358  0.25480919]] ev:{} outputs y:1.558363601739997 (n:0.022035028571949063) c:1.0
num acquisition: 23, time elapsed: 3.12s
0
z
[-0.11398236 -0.23537169]
-0.11398235982407504
f inputs x:[[-0.05565545 -0.11492758]] ev:{} outputs y:2.1380010400179286 (n:0.008649998760024862) c:1.0
num acquisition: 24, time elapsed: 3.23s
0
z
[ 2.048      -0.41255659]
2.048
f inputs x:[[ 1.         -0.20144365]] ev:{} outputs y:7.689190924654974 (n:0.027939290292595884) c:1.0
num acquisition: 25, time elapsed: 3.34s
0
z
[-2.048       0.24994521]
-2.048
f inputs x:[[-1.          0.12204356]] ev:{} outputs y:7.338105983787855 (n:-0.018229403711452048) c:1.0
num acquisition: 26, time elapsed: 3.44s
0
z
[0.54404806 0.24620287]
0.5440480571821804
f inputs x:[[0.26564847 0.12021625]] ev:{} outputs y:0.3516810004355883 (n:-0.02384088048185523) c:1.0
num acquisition: 27, time elapsed: 3.60s
0
z
[1.1063821  1.51555512]
1.1063821028125442
f inputs x:[[0.54022564 0.74001715]] ev:{} outputs y:2.200614466316254 (n:-0.051415215635343396) c:1.0
num acquisition: 28, time elapsed: 3.70s
0
z
[1.03270571 2.048     ]
1.0327057098619887
f inputs x:[[0.50425083 1.        ]] ev:{} outputs y:4.456509702806419 (n:-0.12169011119051679) c:1.0
num acquisition: 29, time elapsed: 3.81s
0
z
[1.25640423 1.12607239]
1.2564042279458478
f inputs x:[[0.61347863 0.54984003]] ev:{} outputs y:3.0994626516787753 (n:0.029574877695590446) c:1.0
num acquisition: 30, time elapsed: 3.94s
0
z
[0.50907048 0.22169549]
0.5090704830986296
f inputs x:[[0.24856957 0.10824975]] ev:{} outputs y:0.30157807496508304 (n:-0.021458944874456404) c:1.0
num acquisition: 31, time elapsed: 4.05s
0
z
[-0.99945319 -1.33311691]
-0.9994531934096997
f inputs x:[[-0.48801425 -0.65093599]] ev:{} outputs y:6.286020200908709 (n:-0.02177076056100547) c:1.0
num acquisition: 32, time elapsed: 4.17s
0
z
[ 0.64316272 -2.048     ]
0.6431627195336771
f inputs x:[[ 0.3140443 -1.       ]] ev:{} outputs y:6.441449890984901 (n:0.03275063099009438) c:1.0
num acquisition: 33, time elapsed: 4.32s
0
z
[0.5027486  0.21533404]
0.5027486048578595
f inputs x:[[0.24548272 0.10514357]] ev:{} outputs y:0.2778070570121808 (n:-0.0495527037525774) c:1.0
num acquisition: 34, time elapsed: 4.45s
0
z
[-2.048      -0.93952528]
-2.048
f inputs x:[[-1.         -0.45875258]] ev:{} outputs y:7.843819411037253 (n:-0.0369511490635658) c:1.0
num acquisition: 35, time elapsed: 4.56s
0
z
[ 0.63587955 -0.66917886]
0.6358795511972472
f inputs x:[[ 0.31048806 -0.32674749]] ev:{} outputs y:4.7165666397926875 (n:-0.040272237602228374) c:1.0
num acquisition: 36, time elapsed: 4.68s
0
z
[0.71184791 1.48533611]
0.7118479118298151
f inputs x:[[0.34758199 0.72526177]] ev:{} outputs y:4.584318917069298 (n:0.011150133836004649) c:1.0
num acquisition: 37, time elapsed: 4.79s
0
z
[1.51464391 1.51240356]
1.5146439146746722
f inputs x:[[0.73957222 0.7384783 ]] ev:{} outputs y:4.131173343453565 (n:-0.00202347428433901) c:1.0
num acquisition: 38, time elapsed: 4.93s
0
z
[-0.52325533  0.56847095]
-0.5232553266376675
f inputs x:[[-0.25549576  0.27757371]] ev:{} outputs y:2.481487168046228 (n:-0.003722043252759119) c:1.0
num acquisition: 39, time elapsed: 5.05s
0
z
[-0.4893912  -0.52127336]
-0.4893911997929552
f inputs x:[[-0.23896055 -0.25452801]] ev:{} outputs y:4.139485805979297 (n:0.027031778764891764) c:1.0
num acquisition: 40, time elapsed: 5.18s
0
z
[0.59668531 0.239062  ]
0.5966853089850741
f inputs x:[[0.29135025 0.11672949]] ev:{} outputs y:0.9460046593146322 (n:0.017432576657207235) c:1.0
num acquisition: 41, time elapsed: 5.31s
0
z
[-1.00434607  1.39635522]
-1.0043460738213625
f inputs x:[[-0.49040336  0.68181407]] ev:{} outputs y:3.016294753865433 (n:0.01835471217753558) c:1.0
num acquisition: 42, time elapsed: 5.43s
0
z
[-2.048       1.27028937]
-2.048
f inputs x:[[-1.          0.62025848]] ev:{} outputs y:6.782631119515644 (n:0.019582054683737606) c:1.0
num acquisition: 43, time elapsed: 5.56s
0
z
[ 2.048 -2.048]
2.048
f inputs x:[[ 1. -1.]] ev:{} outputs y:8.221353193901823 (n:-0.04705402831571956) c:1.0
num acquisition: 44, time elapsed: 5.69s
0
z
[-0.5299829  1.5477146]
-0.529982899349077
f inputs x:[[-0.25878071  0.75572002]] ev:{} outputs y:5.117059390153249 (n:0.018246184156792505) c:1.0
num acquisition: 45, time elapsed: 5.81s
0
z
[-1.08021786 -2.048     ]
-1.0802178591775395
f inputs x:[[-0.52745013 -1.        ]] ev:{} outputs y:6.929280394768667 (n:-0.016605213487758518) c:1.0
num acquisition: 46, time elapsed: 5.94s
0
z
[-1.11304397  0.46280005]
-1.113043965630473
f inputs x:[[-0.5434785   0.22597659]] ev:{} outputs y:4.125812079400806 (n:-0.05917915892371422) c:1.0
num acquisition: 47, time elapsed: 6.05s
0
z
[-0.06051335  0.04680205]
-0.06051335327635496
f inputs x:[[-0.02954754  0.02285257]] ev:{} outputs y:0.854656497719114 (n:0.017064374088868517) c:1.0
num acquisition: 48, time elapsed: 6.17s
0
z
[0.53931951 0.22339763]
0.5393195054063261
f inputs x:[[0.2633396  0.10908087]] ev:{} outputs y:0.5719979543028795 (n:0.06072145962680053) c:1.0
num acquisition: 49, time elapsed: 6.30s
0
z
[0.54011729 0.22355903]
0.5401172881013298
f inputs x:[[0.26372914 0.10915968]] ev:{} outputs y:0.5544428824972614 (n:0.03792844711550364) c:1.0
num acquisition: 50, time elapsed: 6.44s
0
z
[0.53982812 0.22366619]
0.5398281226470764
f inputs x:[[0.26358795 0.10921201]] ev:{} outputs y:0.5344207385547189 (n:0.021153974235690667) c:1.0
num acquisition: 51, time elapsed: 6.59s
0
z
[1.07277122 0.61536514]
1.0727712183383646
f inputs x:[[0.52381407 0.30047126]] ev:{} outputs y:3.41161537030154 (n:0.021195061034147096) c:1.0
num acquisition: 52, time elapsed: 6.73s
0
z
[0.47633775 0.24441575]
0.4763377464782914
f inputs x:[[0.23258679 0.11934363]] ev:{} outputs y:0.28670167138445973 (n:0.020567179875066968) c:1.0
num acquisition: 53, time elapsed: 6.86s
0
z
[0.4775162  0.24112471]
0.47751619810896373
f inputs x:[[0.23316221 0.11773668]] ev:{} outputs y:0.30974347148047765 (n:0.054978650777202744) c:1.0
num acquisition: 54, time elapsed: 7.01s
0
z
[0.47853468 0.23984399]
0.4785346833072848
f inputs x:[[0.23365951 0.11711133]] ev:{} outputs y:0.306929884352117 (n:0.05718710440020117) c:1.0
num acquisition: 55, time elapsed: 7.16s
0
z
[ 0.32090762 -1.36887378]
0.32090762048605476
f inputs x:[[ 0.15669317 -0.6683954 ]] ev:{} outputs y:5.358054403570565 (n:-0.02688561898816952) c:1.0
num acquisition: 56, time elapsed: 7.30s
0
z
[0.47945532 0.23996783]
0.4794553212446749
f inputs x:[[0.23410904 0.11717179]] ev:{} outputs y:0.1995760100439497 (n:-0.04818087521667816) c:1.0
num acquisition: 57, time elapsed: 7.46s
0
z
[0.4794354  0.24132282]
0.47943539511937233
f inputs x:[[0.23409931 0.11783341]] ev:{} outputs y:0.2568537689836428 (n:0.006771512890734956) c:1.0
num acquisition: 58, time elapsed: 7.61s
0
z
[-1.40685891  1.67495126]
-1.4068589073658861
f inputs x:[[-0.68694283  0.8178473 ]] ev:{} outputs y:2.736753130353331 (n:-0.039134078419080676) c:1.0
num acquisition: 59, time elapsed: 7.75s
0
z
[0.48039124 0.24297456]
0.4803912362262612
f inputs x:[[0.23456603 0.11863992]] ev:{} outputs y:0.19919957955991938 (n:-0.05146139010073034) c:1.0
num acquisition: 60, time elapsed: 7.88s
0
z
[ 1.29478197 -0.08960888]
1.2947819658513873
f inputs x:[[ 0.63221776 -0.04375434]] ev:{} outputs y:5.754904652183219 (n:0.008743166600264958) c:1.0
num acquisition: 61, time elapsed: 8.01s
0
z
[0.48049147 0.24411897]
0.48049147150279387
f inputs x:[[0.23461498 0.11919872]] ev:{} outputs y:0.2750932314675646 (n:0.02243965897789893) c:1.0
num acquisition: 62, time elapsed: 8.17s
0
z
[-1.44440145  2.048     ]
-1.444401447843234
f inputs x:[[-0.70527414  1.        ]] ev:{} outputs y:1.9596493461869193 (n:-0.0035045983603710033) c:1.0
num acquisition: 63, time elapsed: 8.29s
0
z
[2.048      1.61526259]
2.048
f inputs x:[[1.         0.78870244]] ev:{} outputs y:6.525235840958894 (n:0.022080401206074185) c:1.0
num acquisition: 64, time elapsed: 8.43s
0
z
[-0.35458924 -1.29864717]
-0.35458924274381526
f inputs x:[[-0.17313928 -0.63410507]] ev:{} outputs y:5.3276510206481005 (n:0.0011303746732837137) c:1.0
num acquisition: 65, time elapsed: 8.58s
0
z
[0.48087479 0.24405884]
0.4808747926760044
f inputs x:[[0.23480214 0.11916936]] ev:{} outputs y:0.3064424397059875 (n:0.054966625534609785) c:1.0
num acquisition: 66, time elapsed: 8.75s
0
z
[0.48096959 0.24310127]
0.4809695948885316
f inputs x:[[0.23484844 0.11870179]] ev:{} outputs y:0.24499797138647156 (n:-0.00439384328675733) c:1.0
num acquisition: 67, time elapsed: 8.95s
0
z
[ 0.13046069 -0.00062968]
0.13046068505547012
f inputs x:[[ 0.06370151 -0.00030746]] ev:{} outputs y:0.5982988950208802 (n:0.01762094193646135) c:1.0
num acquisition: 68, time elapsed: 9.11s
0
z
[0.48269057 0.24352209]
0.48269057356559836
f inputs x:[[0.23568876 0.11890727]] ev:{} outputs y:0.2846883455898689 (n:0.038843519685902286) c:1.0
num acquisition: 69, time elapsed: 9.30s
0
z
[0.48301591 0.24359466]
0.4830159094584682
f inputs x:[[0.23584761 0.11894271]] ev:{} outputs y:0.32644754230126694 (n:0.08125951525512273) c:1.0
num acquisition: 70, time elapsed: 9.48s
0
z
[ 2.048      -1.16865135]
2.048
f inputs x:[[ 1.         -0.57063054]] ev:{} outputs y:7.966019124299906 (n:0.0010892571112932022) c:1.0
num acquisition: 71, time elapsed: 9.63s
0
z
[0.4822676  0.24165402]
0.4822676009576583
f inputs x:[[0.23548223 0.11799512]] ev:{} outputs y:0.27833920233596293 (n:0.03439202452323705) c:1.0
num acquisition: 72, time elapsed: 9.87s
0
z
[0.48281858 0.24234249]
0.4828185790753889
f inputs x:[[0.23575126 0.11833129]] ev:{} outputs y:0.23558683971396563 (n:-0.008138269732974629) c:1.0
num acquisition: 73, time elapsed: 10.08s
0
z
[0.48319875 0.24304909]
0.4831987483882088
f inputs x:[[0.23593689 0.11867631]] ev:{} outputs y:0.17047664226353207 (n:-0.07344028989903498) c:1.0
num acquisition: 74, time elapsed: 10.24s
0
z
[ 0.05421778 -0.07310363]
0.0542177821700428
f inputs x:[[ 0.02647353 -0.03569513]] ev:{} outputs y:0.8546471457867013 (n:-0.050688085812430776) c:1.0
num acquisition: 75, time elapsed: 10.40s
0
z
[-1.03513368  0.96936527]
-1.035133682038741
f inputs x:[[-0.50543637  0.47332288]] ev:{} outputs y:1.8639317138806544 (n:0.0418119869216005) c:1.0
num acquisition: 76, time elapsed: 10.56s
0
z
[0.48212628 0.2416281 ]
0.4821262795525491
f inputs x:[[0.23541322 0.11798247]] ev:{} outputs y:0.32177380206753703 (n:0.07755412618368773) c:1.0
num acquisition: 77, time elapsed: 10.87s
0
z
[0.48220635 0.24133479]
0.48220635323847527
f inputs x:[[0.23545232 0.11783925]] ev:{} outputs y:0.3190625309086598 (n:0.0754302464038763) c:1.0
num acquisition: 78, time elapsed: 11.11s
0
z
[0.48241177 0.24132797]
0.4824117666011172
f inputs x:[[0.23555262 0.11783592]] ev:{} outputs y:0.21366426530846752 (n:-0.029521400220730323) c:1.0
num acquisition: 79, time elapsed: 11.36s
0
z
[0.48238819 0.24148791]
0.48238819402731686
f inputs x:[[0.23554111 0.11791402]] ev:{} outputs y:0.2379941216922816 (n:-0.005459831820327325) c:1.0
num acquisition: 80, time elapsed: 11.55s
0
z
[1.54831623 0.41506125]
1.5483162262444763
f inputs x:[[0.75601378 0.20266663]] ev:{} outputs y:5.954121425793645 (n:-0.0227902651614958) c:1.0
num acquisition: 81, time elapsed: 11.71s
0
z
[0.48239518 0.24155493]
0.48239518334128145
f inputs x:[[0.23554452 0.11794674]] ev:{} outputs y:0.23923360320381531 (n:-0.004298026674036544) c:1.0
num acquisition: 82, time elapsed: 11.91s
0
z
[0.48269242 0.24207453]
0.48269242334898105
f inputs x:[[0.23568966 0.11820046]] ev:{} outputs y:0.1395652608129604 (n:-0.10405239038663626) c:1.0
num acquisition: 83, time elapsed: 12.10s
0
z
[0.48132173 0.2404729 ]
0.48132173185593696
f inputs x:[[0.23502038 0.11741841]] ev:{} outputs y:0.19211040516497024 (n:-0.052227100970041046) c:1.0
num acquisition: 84, time elapsed: 12.29s
0
z
[0.48936903 0.21651657]
0.48936902762841156
f inputs x:[[0.23894972 0.10572098]] ev:{} outputs y:0.29127940363643906 (n:0.018595253959600506) c:1.0
num acquisition: 85, time elapsed: 12.49s
0
z
[0.48151441 0.24124645]
0.4815144061498568
f inputs x:[[0.23511446 0.11779612]] ev:{} outputs y:0.2440787230542139 (n:-0.0009399277119889192) c:1.0
num acquisition: 86, time elapsed: 12.77s
0
z
[0.48178009 0.24164861]
0.4817800932780721
f inputs x:[[0.23524419 0.11799249]] ev:{} outputs y:0.28920048836978507 (n:0.04418080598275981) c:1.0
num acquisition: 87, time elapsed: 12.95s
0
z
[0.4819864  0.24171881]
0.4819863956255346
f inputs x:[[0.23534492 0.11802676]] ev:{} outputs y:0.2117711534622751 (n:-0.032890410635324746) c:1.0
num acquisition: 88, time elapsed: 13.17s
0
z
[0.48206012 0.24200284]
0.48206011502225576
f inputs x:[[0.23538092 0.11816545]] ev:{} outputs y:0.22660900074013335 (n:-0.018310029117714354) c:1.0
num acquisition: 89, time elapsed: 13.46s
0
z
[0.48224721 0.24236597]
0.4822472104984119
f inputs x:[[0.23547227 0.11834276]] ev:{} outputs y:0.12671561981580498 (n:-0.11832954176679965) c:1.0
num acquisition: 90, time elapsed: 13.68s
0
z
[0.48131926 0.24168402]
0.48131926090508714
f inputs x:[[0.23501917 0.11800978]] ev:{} outputs y:0.30152314344052616 (n:0.05539668213615421) c:1.0
num acquisition: 91, time elapsed: 13.91s
0
z
[0.48144892 0.24157393]
0.48144892249011284
f inputs x:[[0.23508248 0.11795602]] ev:{} outputs y:0.27322660760917494 (n:0.027569013720358655) c:1.0
num acquisition: 92, time elapsed: 14.08s
0
z
[0.48169108 0.241793  ]
0.4816910844131047
f inputs x:[[0.23520072 0.11806299]] ev:{} outputs y:0.15164465812483402 (n:-0.09379486062825569) c:1.0
num acquisition: 93, time elapsed: 14.35s
0
z
[0.48112164 0.24138258]
0.4811216387038102
f inputs x:[[0.23492268 0.11786259]] ev:{} outputs y:0.22203313853481743 (n:-0.024080387950519) c:1.0
num acquisition: 94, time elapsed: 14.58s
0
z
[0.4812377  0.24164053]
0.4812377048987923
f inputs x:[[0.23497935 0.11798854]] ev:{} outputs y:0.26646690763883246 (n:0.020219381317571145) c:1.0
num acquisition: 95, time elapsed: 14.78s
0
z
[0.48146651 0.24186385]
0.4814665136875479
f inputs x:[[0.23509107 0.11809758]] ev:{} outputs y:0.32911561017641694 (n:0.08304884828974848) c:1.0
num acquisition: 96, time elapsed: 15.03s
0
z
[0.48132728 0.24126809]
0.4813272832910086
f inputs x:[[0.23502309 0.11780669]] ev:{} outputs y:0.2651655588110001 (n:0.019695274099458454) c:1.0
num acquisition: 97, time elapsed: 15.25s
0
z
[0.48156131 0.24153696]
0.48156130727864976
f inputs x:[[0.23513736 0.11793797]] ev:{} outputs y:0.11092015734465993 (n:-0.1344257105030871) c:1.0
num acquisition: 98, time elapsed: 15.64s
0
z
[0.4803803  0.24026164]
0.4803803003853999
f inputs x:[[0.23456069 0.11731525]] ev:{} outputs y:0.21305351011614185 (n:-0.0330428371149753) c:1.0
num acquisition: 99, time elapsed: 15.86s
0
z
[0.48035193 0.24030469]
0.4803519331881241
f inputs x:[[0.23454684 0.11733628]] ev:{} outputs y:0.1624717167183531 (n:-0.08375246849302938) c:1.0
num acquisition: 100, time elapsed: 16.10s
0
z
[0.479753   0.23961112]
0.47975299566870866
f inputs x:[[0.23425439 0.11699762]] ev:{} outputs y:0.18533468268654774 (n:-0.06120014998448308) c:1.0
num acquisition: 101, time elapsed: 16.36s
0
z
[0.47936524 0.23914203]
0.47936524493405264
f inputs x:[[0.23406506 0.11676857]] ev:{} outputs y:0.25954388421524793 (n:0.012836439688838042) c:1.0
num acquisition: 102, time elapsed: 16.62s
0
z
[ 1.21369099 -2.048     ]
1.2136909905642086
f inputs x:[[ 0.59262255 -1.        ]] ev:{} outputs y:7.12356559076633 (n:3.62236622601224e-05) c:1.0
num acquisition: 103, time elapsed: 16.81s
0
z
[0.47953487 0.23935934]
0.4795348715117503
f inputs x:[[0.23414789 0.11687468]] ev:{} outputs y:0.2573345209901611 (n:0.01068496365685441) c:1.0
num acquisition: 104, time elapsed: 17.07s
0
z
[0.47982688 0.23977001]
0.47982687846271255
f inputs x:[[0.23429047 0.1170752 ]] ev:{} outputs y:0.25570447232461335 (n:0.009099160660891654) c:1.0
num acquisition: 105, time elapsed: 17.30s
0
z
[0.48007986 0.24012039]
0.4800798551882921
f inputs x:[[0.23441399 0.11724629]] ev:{} outputs y:0.21664686174541803 (n:-0.029914030643494557) c:1.0
num acquisition: 106, time elapsed: 17.58s
0
z
[0.48008361 0.24018566]
0.48008361312484704
f inputs x:[[0.23441583 0.11727816]] ev:{} outputs y:0.28996566522262857 (n:0.043314588429373135) c:1.0
num acquisition: 107, time elapsed: 17.81s
0
z
[0.48037455 0.24048943]
0.48037454732218116
f inputs x:[[0.23455788 0.11742648]] ev:{} outputs y:0.27691061662795674 (n:0.030458936935752853) c:1.0
num acquisition: 108, time elapsed: 18.02s
0
z
[0.48061346 0.24074634]
0.48061345645994824
f inputs x:[[0.23467454 0.11755192]] ev:{} outputs y:0.22196280439927682 (n:-0.02433647138042258) c:1.0
num acquisition: 109, time elapsed: 18.31s
0
z
[0.48068173 0.2408995 ]
0.48068172611163085
f inputs x:[[0.23470787 0.11762671]] ev:{} outputs y:0.2158710195795625 (n:-0.030506935998415686) c:1.0
num acquisition: 110, time elapsed: 18.63s
0
z
[0.48072471 0.24103246]
0.48072471235930625
f inputs x:[[0.23472886 0.11769163]] ev:{} outputs y:0.24027498227840127 (n:-0.0062097558017549315) c:1.0
num acquisition: 111, time elapsed: 18.94s
0
z
[0.48086625 0.24123706]
0.4808662541128342
f inputs x:[[0.23479798 0.11779154]] ev:{} outputs y:0.2539841160935371 (n:0.007507496225222978) c:1.0
num acquisition: 112, time elapsed: 19.18s
0
z
[0.48102416 0.24142002]
0.4810241566154204
f inputs x:[[0.23487508 0.11788087]] ev:{} outputs y:0.23056877486756427 (n:-0.015828401842600634) c:1.0
num acquisition: 113, time elapsed: 19.44s
0
z
[0.48114129 0.24161543]
0.48114129387384474
f inputs x:[[0.23493227 0.11797628]] ev:{} outputs y:0.22997862048582646 (n:-0.01645380848339071) c:1.0
num acquisition: 114, time elapsed: 19.69s
0
z
[0.48125967 0.24181307]
0.48125966856545027
f inputs x:[[0.23499007 0.11807279]] ev:{} outputs y:0.2810956077647773 (n:0.034626213301959696) c:1.0
num acquisition: 115, time elapsed: 19.94s
0
z
[0.48132353 0.24175898]
0.4813235322872298
f inputs x:[[0.23502126 0.11804637]] ev:{} outputs y:0.29082990751002 (n:0.044595576478728166) c:1.0
num acquisition: 116, time elapsed: 20.19s
0
z
[0.48135063 0.24163263]
0.481350633842141
f inputs x:[[0.23503449 0.11798468]] ev:{} outputs y:0.3127296087974437 (n:0.06675586606480292) c:1.0
num acquisition: 117, time elapsed: 20.45s
0
z
[0.48127944 0.24132001]
0.48127944172426323
f inputs x:[[0.23499973 0.11783204]] ev:{} outputs y:0.22009455590221533 (n:-0.02556232676980362) c:1.0
num acquisition: 118, time elapsed: 20.67s
0
z
[0.48135319 0.2414771 ]
0.4813531861646445
f inputs x:[[0.23503574 0.11790874]] ev:{} outputs y:0.2650569494998916 (n:0.019328798304039937) c:1.0
num acquisition: 119, time elapsed: 20.91s
0
z
[0.48147049 0.24157975]
0.4814704904338503
f inputs x:[[0.23509301 0.11795886]] ev:{} outputs y:0.1840905506704484 (n:-0.06152670322512132) c:1.0
num acquisition: 120, time elapsed: 21.17s
0
z
[0.48140999 0.24164632]
0.48140999190512335
f inputs x:[[0.23506347 0.11799137]] ev:{} outputs y:0.27035565173706505 (n:0.02449743226692512) c:1.0
num acquisition: 121, time elapsed: 21.47s
0
z
[0.48150316 0.24169543]
0.4815031551215375
f inputs x:[[0.23510896 0.11801535]] ev:{} outputs y:0.2766374241207232 (n:0.030917441553886545) c:1.0
num acquisition: 122, time elapsed: 21.74s
0
z
[0.48157256 0.24169655]
0.4815725642776083
f inputs x:[[0.23514285 0.11801589]] ev:{} outputs y:0.3500490389653704 (n:0.10448630180697956) c:1.0
num acquisition: 123, time elapsed: 22.04s
0
z
[0.48119585 0.24088767]
0.4811958527479805
f inputs x:[[0.23495891 0.11762093]] ev:{} outputs y:0.2115272550992578 (n:-0.03367361751347979) c:1.0
num acquisition: 124, time elapsed: 22.39s
0
z
[0.48119475 0.24093638]
0.4811947480782509
f inputs x:[[0.23495837 0.11764472]] ev:{} outputs y:0.2726492762636737 (n:0.027374564380588474) c:1.0
num acquisition: 125, time elapsed: 22.68s
0
z
[0.48132956 0.24107847]
0.48132955896529084
f inputs x:[[0.2350242 0.1177141]] ev:{} outputs y:0.2403517794669575 (n:-0.004831614226259523) c:1.0
num acquisition: 126, time elapsed: 22.96s
0
z
[-2.048      -0.33567041]
-2.048
f inputs x:[[-1.         -0.16390157]] ev:{} outputs y:7.665622087123446 (n:0.034017246352124456) c:1.0
num acquisition: 127, time elapsed: 23.19s
0
z
[0.48131169 0.24106058]
0.48131168506799643
f inputs x:[[0.23501547 0.11770536]] ev:{} outputs y:0.2022556848538336 (n:-0.042941212061831414) c:1.0
num acquisition: 128, time elapsed: 23.51s
0
z
[-0.93340568 -0.80648116]
-0.933405676419727
f inputs x:[[-0.45576449 -0.39378963]] ev:{} outputs y:5.674806060619544 (n:0.01806295423281368) c:1.0
num acquisition: 129, time elapsed: 23.79s
0
z
[0.48110799 0.24084315]
0.48110798965754764
f inputs x:[[0.23491601 0.11759919]] ev:{} outputs y:0.24657895645341948 (n:0.0012481160172534297) c:1.0
num acquisition: 130, time elapsed: 24.15s
0
z
[0.48122122 0.24099729]
0.48122122458994404
f inputs x:[[0.2349713  0.11767446]] ev:{} outputs y:0.2268792198935445 (n:-0.018426138431245017) c:1.0
num acquisition: 131, time elapsed: 24.48s
0
z
[0.48128531 0.24111232]
0.48128530798462915
f inputs x:[[0.23500259 0.11773063]] ev:{} outputs y:0.31339063315739774 (n:0.06805839799323164) c:1.0
num acquisition: 132, time elapsed: 24.88s
0
z
[0.48128939 0.24099712]
0.4812893886768253
f inputs x:[[0.23500458 0.11767437]] ev:{} outputs y:0.20736971810780125 (n:-0.0377836258032681) c:1.0
num acquisition: 133, time elapsed: 25.16s
0
z
[0.48127797 0.24103457]
0.4812779666139119
f inputs x:[[0.23499901 0.11769266]] ev:{} outputs y:0.22910769590856583 (n:-0.01612606595351326) c:1.0
num acquisition: 134, time elapsed: 25.56s
0
z
[0.48134741 0.24115261]
0.4813474117871638
f inputs x:[[0.23503292 0.1177503 ]] ev:{} outputs y:0.28949817652460047 (n:0.04424523100213073) c:1.0
num acquisition: 135, time elapsed: 25.83s
0
z
[0.48141869 0.24117543]
0.4814186887347376
f inputs x:[[0.23506772 0.11776144]] ev:{} outputs y:0.22814266093332755 (n:-0.016984795871102795) c:1.0
num acquisition: 136, time elapsed: 26.14s
0
z
[0.48149015 0.24129834]
0.4814901527747255
f inputs x:[[0.23510261 0.11782145]] ev:{} outputs y:0.3068818078646743 (n:0.06173243793869646) c:1.0
num acquisition: 137, time elapsed: 26.45s
0
z
[0.48147659 0.24117055]
0.4814765873280373
f inputs x:[[0.23509599 0.11775906]] ev:{} outputs y:0.3354249955298111 (n:0.09043356661735336) c:1.0
num acquisition: 138, time elapsed: 26.80s
0
z
[0.48134493 0.24084742]
0.48134492989899397
f inputs x:[[0.2350317  0.11760128]] ev:{} outputs y:0.23298423333774576 (n:-0.011829639987819107) c:1.0
num acquisition: 139, time elapsed: 27.12s
0
z
[0.48141174 0.24095442]
0.4814117409229106
f inputs x:[[0.23506433 0.11765352]] ev:{} outputs y:0.23238324978182032 (n:-0.012437673069164814) c:1.0
num acquisition: 140, time elapsed: 27.48s
0
z
[0.48148036 0.24106486]
0.4814803592899591
f inputs x:[[0.23509783 0.11770745]] ev:{} outputs y:0.24432948686225256 (n:-0.0004997774378363489) c:1.0
num acquisition: 141, time elapsed: 27.79s
0
z
[0.48157199 0.24119231]
0.48157198551000374
f inputs x:[[0.23514257 0.11776968]] ev:{} outputs y:0.2520422062135743 (n:0.007230473078701037) c:1.0
num acquisition: 142, time elapsed: 28.14s
0
z
[0.48166598 0.24131194]
0.48166598487652473
f inputs x:[[0.23518847 0.1178281 ]] ev:{} outputs y:0.3511457929291248 (n:0.10636802030663867) c:1.0
num acquisition: 143, time elapsed: 28.46s
0
z
[0.48138543 0.24076086]
0.4813854303619538
f inputs x:[[0.23505148 0.11755901]] ev:{} outputs y:0.2265258104805359 (n:-0.018076430963442074) c:1.0
num acquisition: 144, time elapsed: 28.84s
0
z
[0.48142405 0.2408307 ]
0.481424049805318
f inputs x:[[0.23507034 0.11759312]] ev:{} outputs y:0.31019021894360166 (n:0.06557308095672475) c:1.0
num acquisition: 145, time elapsed: 29.17s
0
z
[0.48147095 0.24083871]
0.48147094604628377
f inputs x:[[0.23509324 0.11759703]] ev:{} outputs y:0.18514222893908366 (n:-0.05938421670549138) c:1.0
num acquisition: 146, time elapsed: 29.54s
0
z
[0.48133239 0.24069561]
0.4813323921589265
f inputs x:[[0.23502558 0.11752715]] ev:{} outputs y:0.1976417774549552 (n:-0.04698349543094896) c:1.0
num acquisition: 147, time elapsed: 29.86s
0
z
[0.48124173 0.24060214]
0.48124173069454024
f inputs x:[[0.23498131 0.11748151]] ev:{} outputs y:0.3100966629134519 (n:0.06540651060182066) c:1.0
num acquisition: 148, time elapsed: 30.23s
0
z
[0.48133149 0.24068638]
0.48133148737508075
f inputs x:[[0.23502514 0.11752264]] ev:{} outputs y:0.3308013974366625 (n:0.08618719547342445) c:1.0
num acquisition: 149, time elapsed: 30.58s
0
z
[0.48134009 0.24063617]
0.48134008530816336
f inputs x:[[0.23502934 0.11749813]] ev:{} outputs y:0.17980349902420076 (n:-0.06472149721995901) c:1.0
num acquisition: 150, time elapsed: 30.98s
0
z
[0.4811414  0.24039344]
0.48114139919110305
f inputs x:[[0.23493232 0.11737961]] ev:{} outputs y:0.2501586103403681 (n:0.005544146819456576) c:1.0
num acquisition: 151, time elapsed: 31.35s
0
z
[-1.2977846   1.27229364]
-1.2977846021268011
f inputs x:[[-0.63368389  0.62123713]] ev:{} outputs y:3.08081321545806 (n:-0.06550035382042924) c:1.0
num acquisition: 152, time elapsed: 31.69s
0
z
[0.48099743 0.24017525]
0.4809974255028543
f inputs x:[[0.23486202 0.11727307]] ev:{} outputs y:0.23110718960491186 (n:-0.013513770139028084) c:1.0
num acquisition: 153, time elapsed: 32.10s
0
z
[0.48102033 0.24021111]
0.4810203284961006
f inputs x:[[0.23487321 0.11729058]] ev:{} outputs y:0.3162836064385408 (n:0.07166214990123088) c:1.0
num acquisition: 154, time elapsed: 32.47s
0
z
[0.48116249 0.24039828]
0.4811624889044468
f inputs x:[[0.23494262 0.11738197]] ev:{} outputs y:0.16227106277787834 (n:-0.08230475100899812) c:1.0
num acquisition: 155, time elapsed: 32.98s
0
z
[0.48080118 0.23990668]
0.48080117759517904
f inputs x:[[0.2347662  0.11714193]] ev:{} outputs y:0.28870052161200177 (n:0.0440297343645335) c:1.0
num acquisition: 156, time elapsed: 33.35s
0
z
[0.48099074 0.24018425]
0.4809907409931978
f inputs x:[[0.23485876 0.11727747]] ev:{} outputs y:0.2890565535831855 (n:0.04440883257469536) c:1.0
num acquisition: 157, time elapsed: 33.86s
0
z
[0.48114481 0.2403976 ]
0.48114481380182533
f inputs x:[[0.23493399 0.11738164]] ev:{} outputs y:0.22496637157080251 (n:-0.0196465250662671) c:1.0
num acquisition: 158, time elapsed: 34.43s
0
z
[0.48115501 0.24042181]
0.481155007510858
f inputs x:[[0.23493897 0.11739346]] ev:{} outputs y:0.2929227872583592 (n:0.04829809379040555) c:1.0
num acquisition: 159, time elapsed: 34.84s
0
z
[0.48127614 0.2405755 ]
0.481276137463033
f inputs x:[[0.23499811 0.11746851]] ev:{} outputs y:0.3555196825079363 (n:0.11094149481676713) c:1.0
num acquisition: 160, time elapsed: 35.26s
0
z
[0.4811973  0.24039076]
0.4811972967578155
f inputs x:[[0.23495962 0.1173783 ]] ev:{} outputs y:0.2664245617087528 (n:0.021933961779269952) c:1.0
num acquisition: 161, time elapsed: 35.68s
0
z
[0.4813069  0.24054446]
0.48130690396218617
f inputs x:[[0.23501314 0.11745335]] ev:{} outputs y:0.19745662219625687 (n:-0.04701184562774382) c:1.0
num acquisition: 162, time elapsed: 36.04s
0
z
[0.48121402 0.24043534]
0.4812140218525209
f inputs x:[[0.23496778 0.11740007]] ev:{} outputs y:0.23537297515439118 (n:-0.009143541437359471) c:1.0
num acquisition: 163, time elapsed: 36.42s
0
z
[0.48125916 0.24050658]
0.48125915585866613
f inputs x:[[0.23498982 0.11743485]] ev:{} outputs y:0.3162581976865639 (n:0.07173967711403581) c:1.0
num acquisition: 164, time elapsed: 36.92s
0
z
[0.48132862 0.24057223]
0.4813286175107729
f inputs x:[[0.23502374 0.11746691]] ev:{} outputs y:0.2783996719987574 (n:0.033939273942270747) c:1.0
num acquisition: 165, time elapsed: 37.36s
0
z
[0.48142891 0.24070208]
0.4814289133855065
f inputs x:[[0.23507271 0.11753031]] ev:{} outputs y:0.23656902132017762 (n:-0.007856366240290447) c:1.0
num acquisition: 166, time elapsed: 37.80s
0
z
[ 0.81460327 -1.31546072]
0.8146032710528167
f inputs x:[[ 0.3977555 -0.6423148]] ev:{} outputs y:6.0192832138061005 (n:0.04625255856340449) c:1.0
num acquisition: 167, time elapsed: 38.14s
0
z
[0.48132019 0.24055513]
0.4813201927393452
f inputs x:[[0.23501963 0.11745856]] ev:{} outputs y:0.27466108526487465 (n:0.030206360469930294) c:1.0
num acquisition: 168, time elapsed: 38.52s
0
z
[0.48141974 0.24068642]
0.4814197432428005
f inputs x:[[0.23506823 0.11752267]] ev:{} outputs y:0.23726065271867494 (n:-0.00716264322246402) c:1.0
num acquisition: 169, time elapsed: 38.95s
0
z
[0.48147493 0.24077464]
0.4814749306999126
f inputs x:[[0.23509518 0.11756574]] ev:{} outputs y:0.30712331011714966 (n:0.06269573182336134) c:1.0
num acquisition: 170, time elapsed: 39.47s
0
z
[-1.59519866 -1.44729743]
-1.5951986624894727
f inputs x:[[-0.7789056 -0.7066882]] ev:{} outputs y:7.331837188526173 (n:-0.04673794411565747) c:1.0
num acquisition: 171, time elapsed: 39.82s
0
z
[0.48138792 0.24060768]
0.4813879203676954
f inputs x:[[0.2350527  0.11748422]] ev:{} outputs y:0.29078228874005047 (n:0.04640018204168089) c:1.0
num acquisition: 172, time elapsed: 40.23s
0
z
[0.4814718  0.24070828]
0.4814718046276726
f inputs x:[[0.23509365 0.11753334]] ev:{} outputs y:0.27552546988577087 (n:0.031183901951023912) c:1.0
num acquisition: 173, time elapsed: 40.65s
0
z
[0.48155569 0.24081494]
0.48155568669166643
f inputs x:[[0.23513461 0.11758542]] ev:{} outputs y:0.1980736131164447 (n:-0.04623593303020639) c:1.0
num acquisition: 174, time elapsed: 41.11s
0
z
[0.48150761 0.24078072]
0.48150761038876744
f inputs x:[[0.23511114 0.11756871]] ev:{} outputs y:0.22293512238923824 (n:-0.021430345869097044) c:1.0
num acquisition: 175, time elapsed: 41.59s
0
z
[0.48153437 0.24083736]
0.4815343731754479
f inputs x:[[0.23512421 0.11759637]] ev:{} outputs y:0.19763674046858487 (n:-0.04675025210608434) c:1.0
num acquisition: 176, time elapsed: 42.08s
0
z
[0.4814899  0.24080921]
0.4814898984817037
f inputs x:[[0.23510249 0.11758262]] ev:{} outputs y:0.20382249602233443 (n:-0.040621236059060414) c:1.0
num acquisition: 177, time elapsed: 42.52s
0
z
[0.48146151 0.24080067]
0.4814615097065248
f inputs x:[[0.23508863 0.11757845]] ev:{} outputs y:0.23200087346979517 (n:-0.012492370785994227) c:1.0
num acquisition: 178, time elapsed: 43.02s
0
z
[0.48150777 0.24087926]
0.4815077707712677
f inputs x:[[0.23511122 0.11761683]] ev:{} outputs y:0.24641965645132405 (n:0.0019159271585542977) c:1.0
num acquisition: 179, time elapsed: 43.55s
0
z
[0.48157524 0.24097869]
0.4815752419848014
f inputs x:[[0.23514416 0.11766537]] ev:{} outputs y:0.34611283777280616 (n:0.10161508652131135) c:1.0
num acquisition: 180, time elapsed: 44.02s
0
z
[0.48142575 0.24067347]
0.48142574921579623
f inputs x:[[0.23507117 0.11751634]] ev:{} outputs y:0.22952724626578666 (n:-0.014865023828082616) c:1.0
num acquisition: 181, time elapsed: 44.61s
0
z
[0.48145951 0.24073285]
0.48145950553300537
f inputs x:[[0.23508765 0.11754533]] ev:{} outputs y:0.19360657183332558 (n:-0.05079580257610834) c:1.0
num acquisition: 182, time elapsed: 45.10s
0
z
[0.48138623 0.2406585 ]
0.4813862270852894
f inputs x:[[0.23505187 0.11750903]] ev:{} outputs y:0.26173644751000835 (n:0.01727985786474989) c:1.0
num acquisition: 183, time elapsed: 45.62s
0
z
[0.48146467 0.24076524]
0.481464669309439
f inputs x:[[0.23509017 0.11756115]] ev:{} outputs y:0.3806100854830713 (n:0.1361734883185406) c:1.0
num acquisition: 184, time elapsed: 46.25s
0
z
[0.48119928 0.24028841]
0.48119927605447355
f inputs x:[[0.23496058 0.11732832]] ev:{} outputs y:0.21233858346546974 (n:-0.032006908142609626) c:1.0
num acquisition: 185, time elapsed: 46.75s
0
z
[0.48114799 0.24021758]
0.4811479943912244
f inputs x:[[0.23493554 0.11729374]] ev:{} outputs y:0.23146830599558518 (n:-0.012889512621321424) c:1.0
num acquisition: 186, time elapsed: 47.30s
0
z
[0.48116233 0.24023916]
0.48116232570840517
f inputs x:[[0.23494254 0.11730428]] ev:{} outputs y:0.2666213836723147 (n:0.022264574498625844) c:1.0
num acquisition: 187, time elapsed: 47.82s
0
z
[0.48125823 0.24037897]
0.4812582254393638
f inputs x:[[0.23498937 0.11737254]] ev:{} outputs y:0.2753115583901349 (n:0.030967592245508258) c:1.0
num acquisition: 188, time elapsed: 48.27s
0
z
[0.48135331 0.24051258]
0.4813533080429185
f inputs x:[[0.23503579 0.11743778]] ev:{} outputs y:0.30066302578278803 (n:0.05633836795027082) c:1.0
num acquisition: 189, time elapsed: 48.77s
0
z
[0.48142695 0.24060311]
0.4814269542373774
f inputs x:[[0.23507175 0.11748199]] ev:{} outputs y:0.18331435088743175 (n:-0.06097759420934882) c:1.0
num acquisition: 190, time elapsed: 49.36s
0
z
[0.48129833 0.24044079]
0.48129833170054065
f inputs x:[[0.23500895 0.11740273]] ev:{} outputs y:0.2247580156060321 (n:-0.019585288822366834) c:1.0
num acquisition: 191, time elapsed: 49.90s
0
z
[-0.32009644  2.048     ]
-0.3200964419610554
f inputs x:[[-0.15629709  1.        ]] ev:{} outputs y:5.888905022910535 (n:-0.05456229124894721) c:1.0
num acquisition: 192, time elapsed: 50.39s
0
z
[0.48114682 0.24022348]
0.48114681519461305
f inputs x:[[0.23493497 0.11729662]] ev:{} outputs y:0.276329175194111 (n:0.031960790215860825) c:1.0
num acquisition: 193, time elapsed: 50.93s
0
z
[0.48125102 0.24037531]
0.48125101683972515
f inputs x:[[0.23498585 0.11737076]] ev:{} outputs y:0.2754352943827471 (n:0.031080967345746398) c:1.0
num acquisition: 194, time elapsed: 51.46s
0
z
[0.48134295 0.24050504]
0.4813429466748115
f inputs x:[[0.23503074 0.1174341 ]] ev:{} outputs y:0.3130682178230012 (n:0.0687317783264144) c:1.0
num acquisition: 195, time elapsed: 51.95s
0
z
[0.48139686 0.2405612 ]
0.48139686242275936
f inputs x:[[0.23505706 0.11746152]] ev:{} outputs y:0.2529354104927863 (n:0.00863690814526698) c:1.0
num acquisition: 196, time elapsed: 52.53s
0
z
[0.4814611 0.2406559]
0.48146110229082867
f inputs x:[[0.23508843 0.11750777]] ev:{} outputs y:0.23881091648381159 (n:-0.00548086956861827) c:1.0
num acquisition: 197, time elapsed: 53.16s
0
z
[0.48150805 0.24072965]
0.481508049246985
f inputs x:[[0.23511135 0.11754377]] ev:{} outputs y:0.26277972836176505 (n:0.018486447154363674) c:1.0
num acquisition: 198, time elapsed: 53.78s
0
z
[0.48157501 0.2408207 ]
0.48157500734499736
f inputs x:[[0.23514405 0.11758823]] ev:{} outputs y:0.33423500046041166 (n:0.0899590877447876) c:1.0
num acquisition: 199, time elapsed: 54.41s
0
z
[0.48150726 0.24066997]
0.4815072612695693
f inputs x:[[0.23511097 0.11751463]] ev:{} outputs y:0.24928258173657503 (n:0.0050703526264631316) c:1.0
num acquisition: 200, time elapsed: 55.09s
0
z
[0.48156625 0.24075996]
0.48156624575460144
f inputs x:[[0.23513977 0.11755858]] ev:{} outputs y:0.260904877768308 (n:0.01669460839106086) c:1.0
num acquisition: 201, time elapsed: 55.55s
0
z
[0.48162996 0.24084487]
0.48162996030554117
f inputs x:[[0.23517088 0.11760004]] ev:{} outputs y:0.2536508159467343 (n:0.009459594835672599) c:1.0
num acquisition: 202, time elapsed: 56.25s
0
z
[0.48169046 0.24093118]
0.48169046407391225
f inputs x:[[0.23520042 0.11764218]] ev:{} outputs y:0.24061129857508207 (n:-0.003569828895393513) c:1.0
num acquisition: 203, time elapsed: 56.88s
0
z
[0.48174605 0.24101815]
0.48174604660233356
f inputs x:[[0.23522756 0.11768464]] ev:{} outputs y:0.2837582183318594 (n:0.039575512622475974) c:1.0
num acquisition: 204, time elapsed: 57.42s
0
z
[0.48177588 0.24103707]
0.4817758778962562
f inputs x:[[0.23524213 0.11769388]] ev:{} outputs y:0.2342608707468963 (n:-0.009883859913385805) c:1.0
num acquisition: 205, time elapsed: 57.93s
0
z
[0.48183043 0.24112818]
0.48183043232443445
f inputs x:[[0.23526877 0.11773837]] ev:{} outputs y:0.18794461063280754 (n:-0.056209866445076875) c:1.0
num acquisition: 206, time elapsed: 58.66s
0
z
[0.48181913 0.24116403]
0.48181912513211195
f inputs x:[[0.23526324 0.11775588]] ev:{} outputs y:0.19909006047458372 (n:-0.04513944594871695) c:1.0
num acquisition: 207, time elapsed: 59.36s
0
z
[0.48183743 0.24123603]
0.48183742896937226
f inputs x:[[0.23527218 0.11779103]] ev:{} outputs y:0.29305708776565614 (n:0.048765446126278145) c:1.0
num acquisition: 208, time elapsed: 59.97s
0
z
[0.4818267  0.24117838]
0.4818266952168361
f inputs x:[[0.23526694 0.11776288]] ev:{} outputs y:0.26710905271406915 (n:0.02287572527917135) c:1.0
num acquisition: 209, time elapsed: 60.49s
0
z
[0.48186947 0.24122504]
0.4818694720845672
f inputs x:[[0.23528783 0.11778566]] ev:{} outputs y:0.20787007672444352 (n:-0.03633621094737072) c:1.0
num acquisition: 210, time elapsed: 61.13s
0
z
[0.48190958 0.24132199]
0.4819095837426932
f inputs x:[[0.23530741 0.117833  ]] ev:{} outputs y:0.2582023884980523 (n:0.013945955413038964) c:1.0
num acquisition: 211, time elapsed: 61.71s
0
z
[0.48195836 0.24138349]
0.4819583578532833
f inputs x:[[0.23533123 0.11786303]] ev:{} outputs y:0.28182170224765546 (n:0.03758422533090674) c:1.0
num acquisition: 212, time elapsed: 62.44s
0
z
[0.48195976 0.24135189]
0.48195976168604227
f inputs x:[[0.23533191 0.1178476 ]] ev:{} outputs y:0.15776309934030217 (n:-0.0864263518179128) c:1.0
num acquisition: 213, time elapsed: 62.92s
0
z
[0.48190631 0.24137016]
0.4819063117261143
f inputs x:[[0.23530582 0.11785652]] ev:{} outputs y:0.25710548979927156 (n:0.012773159346254998) c:1.0
num acquisition: 214, time elapsed: 63.59s
0
z
[0.4819543  0.24143112]
0.4819542965556337
f inputs x:[[0.23532925 0.11788629]] ev:{} outputs y:0.3193323644458424 (n:0.07501790404819943) c:1.0
num acquisition: 215, time elapsed: 64.18s
0
z
[0.48182808 0.24117119]
0.48182808287743784
f inputs x:[[0.23526762 0.11775937]] ev:{} outputs y:0.2004098143581083 (n:-0.043810341444152384) c:1.0
num acquisition: 216, time elapsed: 64.99s
0
z
[0.48184769 0.24124074]
0.48184769442356207
f inputs x:[[0.23527719 0.11779333]] ev:{} outputs y:0.291643130517946 (n:0.04736717975140483) c:1.0
num acquisition: 217, time elapsed: 65.57s
0
z
[0.48184025 0.24119193]
0.4818402532910691
f inputs x:[[0.23527356 0.1177695 ]] ev:{} outputs y:0.19834431408228276 (n:-0.04587868975379948) c:1.0
num acquisition: 218, time elapsed: 66.28s
0
z
[0.48185866 0.24126185]
0.4818586625801528
f inputs x:[[0.23528255 0.11780364]] ev:{} outputs y:0.2924350934671228 (n:0.04815307367296958) c:1.0
num acquisition: 219, time elapsed: 66.90s
0
z
[0.48184679 0.24120552]
0.48184678595377584
f inputs x:[[0.23527675 0.11777613]] ev:{} outputs y:0.16753447260432397 (n:-0.07669354379276436) c:1.0
num acquisition: 220, time elapsed: 67.61s
0
z
[0.48179192 0.24119659]
0.48179191763508256
f inputs x:[[0.23524996 0.11777177]] ev:{} outputs y:0.25652148420291354 (n:0.012186627195081621) c:1.0
num acquisition: 221, time elapsed: 68.33s
0
z
[0.48184139 0.24126175]
0.4818413947466501
f inputs x:[[0.23527412 0.11780359]] ev:{} outputs y:0.2017834741026249 (n:-0.04253609083682743) c:1.0
num acquisition: 222, time elapsed: 69.22s
0
z
[0.48187215 0.24134998]
0.48187214820598856
f inputs x:[[0.23528913 0.11784667]] ev:{} outputs y:0.2862472350122923 (n:0.04186892791700683) c:1.0
num acquisition: 223, time elapsed: 70.03s
0
z
[0.48186739 0.2413055 ]
0.4818673947504289
f inputs x:[[0.23528681 0.11782495]] ev:{} outputs y:0.24246386250505125 (n:-0.0018612587041866883) c:1.0
num acquisition: 224, time elapsed: 70.67s
0
z
[0.48192319 0.24139212]
0.48192319071747897
f inputs x:[[0.23531406 0.11786725]] ev:{} outputs y:0.3083930556416517 (n:0.06406627541704954) c:1.0
num acquisition: 225, time elapsed: 71.54s
0
z
[0.48184879 0.24122457]
0.48184879313731793
f inputs x:[[0.23527773 0.11778543]] ev:{} outputs y:0.2389575170925236 (n:-0.005293097086667846) c:1.0
num acquisition: 226, time elapsed: 72.27s
0
z
[0.48190282 0.24131092]
0.4819028200028392
f inputs x:[[0.23530411 0.1178276 ]] ev:{} outputs y:0.2276025787441005 (n:-0.016652868040532072) c:1.0
num acquisition: 227, time elapsed: 72.96s
0
z
[0.48195938 0.24141206]
0.48195938273717015
f inputs x:[[0.23533173 0.11787698]] ev:{} outputs y:0.31077153733235324 (n:0.06649550492855567) c:1.0
num acquisition: 228, time elapsed: 73.77s
0
z
[ 1.20507168 -0.61968669]
1.2050716839967721
f inputs x:[[ 0.58841391 -0.30258139]] ev:{} outputs y:6.028676995610247 (n:-0.03583485993493234) c:1.0
num acquisition: 229, time elapsed: 74.53s
0
z
[0.48169654 0.24097929]
0.48169653929162853
f inputs x:[[0.23520339 0.11766567]] ev:{} outputs y:0.1796593856723015 (n:-0.06457590570723147) c:1.0
num acquisition: 230, time elapsed: 75.31s
0
z
[0.48163214 0.24092571]
0.48163214389958375
f inputs x:[[0.23517195 0.11763951]] ev:{} outputs y:0.2332875767106225 (n:-0.01101185077876954) c:1.0
num acquisition: 231, time elapsed: 76.23s
0
z
[0.48167018 0.24098912]
0.4816701807274844
f inputs x:[[0.23519052 0.11767047]] ev:{} outputs y:0.18519767969228124 (n:-0.059108472151426894) c:1.0
num acquisition: 232, time elapsed: 77.05s
0
z
[0.48162292 0.24095883]
0.48162291717687333
f inputs x:[[0.23516744 0.11765568]] ev:{} outputs y:0.31880666736878566 (n:0.07444066734520464) c:1.0
num acquisition: 233, time elapsed: 77.96s
0
z
[0.48159437 0.24087696]
0.48159436940598715
f inputs x:[[0.2351535 0.1176157]] ev:{} outputs y:0.24418504086191006 (n:-0.00012772384200000176) c:1.0
num acquisition: 234, time elapsed: 78.87s
0
z
[0.48163942 0.24094452]
0.48163941751782147
f inputs x:[[0.2351755  0.11764869]] ev:{} outputs y:0.26588226169746304 (n:0.021572169130308086) c:1.0
num acquisition: 235, time elapsed: 79.81s
0
z
[0.48168696 0.24100414]
0.4816869623404373
f inputs x:[[0.23519871 0.1176778 ]] ev:{} outputs y:0.21327814573184228 (n:-0.03101277377595705) c:1.0
num acquisition: 236, time elapsed: 80.74s
0
z
[0.481704   0.24104992]
0.4817039978632651
f inputs x:[[0.23520703 0.11770016]] ev:{} outputs y:0.18719684051481209 (n:-0.05712163143157853) c:1.0
num acquisition: 237, time elapsed: 81.72s
0
z
[0.48167415 0.24104648]
0.4816741540990899
f inputs x:[[0.23519246 0.11769848]] ev:{} outputs y:0.17237962174250582 (n:-0.07199885800403942) c:1.0
num acquisition: 238, time elapsed: 82.62s
0
z
[0.4816008 0.2409909]
0.4816007981653962
f inputs x:[[0.23515664 0.11767134]] ev:{} outputs y:0.2773402319444636 (n:0.03288083115573639) c:1.0
num acquisition: 239, time elapsed: 83.53s
0
z
[0.48163886 0.24102816]
0.4816388579214749
f inputs x:[[0.23517522 0.11768953]] ev:{} outputs y:0.1990088646180807 (n:-0.0454204881773167) c:1.0
num acquisition: 240, time elapsed: 84.49s
0
z
[0.48163043 0.24104807]
0.48163042533304096
f inputs x:[[0.23517111 0.11769925]] ev:{} outputs y:0.2904676296423717 (n:0.045991624755419847) c:1.0
num acquisition: 241, time elapsed: 85.36s
0
z
[0.48164774 0.24104444]
0.48164774314376796
f inputs x:[[0.23517956 0.11769748]] ev:{} outputs y:0.2399436027571629 (n:-0.004489487150437504) c:1.0
num acquisition: 242, time elapsed: 86.10s
0
z
[0.48169173 0.24111323]
0.4816917324588502
f inputs x:[[0.23520104 0.11773107]] ev:{} outputs y:0.22012158795495104 (n:-0.02431332256043007) c:1.0
num acquisition: 243, time elapsed: 86.92s
0
z
[0.48172418 0.24118096]
0.48172417781334304
f inputs x:[[0.23521688 0.11776414]] ev:{} outputs y:0.2068755256522595 (n:-0.03758506537854623) c:1.0
num acquisition: 244, time elapsed: 87.79s
0
z
[0.48174718 0.24124668]
0.48174718206714134
f inputs x:[[0.23522812 0.11779623]] ev:{} outputs y:0.19248872277273169 (n:-0.05201557702505199) c:1.0
num acquisition: 245, time elapsed: 88.60s
0
z
[0.48175531 0.2413072 ]
0.48175531385797715
f inputs x:[[0.23523209 0.11782578]] ev:{} outputs y:0.1704861930541109 (n:-0.07408735461114184) c:1.0
num acquisition: 246, time elapsed: 89.55s
0
z
[0.48172615 0.24134021]
0.4817261503818751
f inputs x:[[0.23521785 0.1178419 ]] ev:{} outputs y:0.23329934028362007 (n:-0.011386382944673118) c:1.0
num acquisition: 247, time elapsed: 90.33s
0
z
[0.48177505 0.2414249 ]
0.4817750497037897
f inputs x:[[0.23524172 0.11788325]] ev:{} outputs y:0.16992636107900455 (n:-0.0747743965789489) c:1.0
num acquisition: 248, time elapsed: 91.31s
0
z
[0.48176376 0.24149535]
0.4817637634664534
f inputs x:[[0.23523621 0.11791765]] ev:{} outputs y:0.21980687768408946 (n:-0.025022208710942035) c:1.0
num acquisition: 249, time elapsed: 92.36s
0
z
[0.48181736 0.24160549]
0.4818173555577596
f inputs x:[[0.23526238 0.11797143]] ev:{} outputs y:0.29832526434478585 (n:0.053453313472100854) c:1.0
num acquisition: 250, time elapsed: 93.26s
[0.23513736 0.11793797]
