INFO:GP:initializing Y
INFO:GP:initializing inference method
INFO:GP:adding kernel and likelihood as parameters
removed robo import in opts.py l17 due to theano errors
f inputs x:[[-0.92615022 -0.27848058  0.89487273 -0.41624192]] ev:{} outputs y:8.229638441862868 (n:0.0) c:1.0
f inputs x:[[ 0.45885356 -0.48627031 -0.98272877  0.51160013]] ev:{} outputs y:7.6831811847615 (n:-0.0) c:1.0
f inputs x:[[-0.51420865  0.09480342 -0.20310181  0.47760286]] ev:{} outputs y:5.1759645057809465 (n:0.0) c:1.0
f inputs x:[[ 0.57490949 -0.65773401  0.66418421 -0.45834931]] ev:{} outputs y:7.347468686389673 (n:0.0) c:1.0
f inputs x:[[-0.99908728 -0.49864202 -0.18186713  0.71812241]] ev:{} outputs y:8.041148755547686 (n:0.0) c:1.0
f inputs x:[[-0.49744829  0.08858224 -0.20663851  0.48155373]] ev:{} outputs y:5.11845136047109 (n:0.0) c:1.0
num acquisition: 1, time elapsed: 0.11s
f inputs x:[[-0.33836783  0.15267465 -0.223076    0.47198826]] ev:{} outputs y:4.579565536744692 (n:-0.0) c:1.0
num acquisition: 2, time elapsed: 0.29s
f inputs x:[[-0.14350991  0.28123151 -0.16774557  0.67058986]] ev:{} outputs y:5.445948620491223 (n:0.0) c:1.0
num acquisition: 3, time elapsed: 0.49s
f inputs x:[[-0.23589367  0.15132749 -0.31726555  0.25744929]] ev:{} outputs y:4.154345040502662 (n:-0.0) c:1.0
num acquisition: 4, time elapsed: 0.68s
f inputs x:[[-0.30889475  0.38385364 -0.61323131  0.2011685 ]] ev:{} outputs y:6.235653520047789 (n:0.0) c:1.0
num acquisition: 5, time elapsed: 0.85s
f inputs x:[[-0.1642415   0.06022769 -0.12178289  0.20808823]] ev:{} outputs y:3.2337685100182596 (n:-0.0) c:1.0
num acquisition: 6, time elapsed: 0.97s
f inputs x:[[-0.04994872  0.15994603  0.06902306  0.05342416]] ev:{} outputs y:2.665547601917622 (n:0.0) c:1.0
num acquisition: 7, time elapsed: 1.12s
f inputs x:[[ 0.18125962  0.64193625  0.30236233 -0.21182046]] ev:{} outputs y:5.798971252282371 (n:-0.0) c:1.0
num acquisition: 8, time elapsed: 1.28s
f inputs x:[[-0.0003794  -0.01082422  0.02266552 -0.08874335]] ev:{} outputs y:2.0278506876103344 (n:-0.0) c:1.0
num acquisition: 9, time elapsed: 1.47s
f inputs x:[[-0.05312946 -0.05315635 -0.10604789 -0.40043775]] ev:{} outputs y:4.464279403847537 (n:0.0) c:1.0
num acquisition: 10, time elapsed: 1.66s
f inputs x:[[ 0.13526565 -0.09238831  0.08510147  0.03007186]] ev:{} outputs y:2.5421627529424122 (n:0.0) c:1.0
num acquisition: 11, time elapsed: 1.83s
f inputs x:[[1. 1. 1. 1.]] ev:{} outputs y:7.2343800236235465 (n:0.0) c:1.0
num acquisition: 12, time elapsed: 2.00s
f inputs x:[[-0.09198564 -0.07462454  0.13227581 -0.04353081]] ev:{} outputs y:2.808738793058968 (n:0.0) c:1.0
num acquisition: 13, time elapsed: 2.17s
f inputs x:[[ 1.  1. -1. -1.]] ev:{} outputs y:9.019956906396628 (n:-0.0) c:1.0
num acquisition: 14, time elapsed: 2.31s
f inputs x:[[ 0.07956029  0.03281141 -0.05238186 -0.044321  ]] ev:{} outputs y:1.8338517572696607 (n:0.0) c:1.0
num acquisition: 15, time elapsed: 2.48s
f inputs x:[[-1. -1. -1. -1.]] ev:{} outputs y:9.36894784955461 (n:0.0) c:1.0
num acquisition: 16, time elapsed: 2.60s
f inputs x:[[ 1. -1.  1.  1.]] ev:{} outputs y:8.482694290381872 (n:-0.0) c:1.0
num acquisition: 17, time elapsed: 2.76s
f inputs x:[[-1.  1.  1.  1.]] ev:{} outputs y:7.240271967101029 (n:-0.0) c:1.0
num acquisition: 18, time elapsed: 2.96s
f inputs x:[[ 0.16366522  0.07437033  0.00396426 -0.11207024]] ev:{} outputs y:2.1515028329516035 (n:-0.0) c:1.0
num acquisition: 19, time elapsed: 3.21s
f inputs x:[[ 1.  1.  1. -1.]] ev:{} outputs y:8.480996941400207 (n:-0.0) c:1.0
num acquisition: 20, time elapsed: 3.40s
f inputs x:[[ 1.  1. -1.  1.]] ev:{} outputs y:8.482694290381872 (n:-0.0) c:1.0
num acquisition: 21, time elapsed: 3.59s
f inputs x:[[ 1. -1. -1. -1.]] ev:{} outputs y:9.36824855615015 (n:0.0) c:1.0
num acquisition: 22, time elapsed: 3.78s
f inputs x:[[-1.  1.  1. -1.]] ev:{} outputs y:8.482694290381872 (n:0.0) c:1.0
num acquisition: 23, time elapsed: 3.97s
f inputs x:[[ 0.09430086 -0.05083344 -0.1017748  -0.05334176]] ev:{} outputs y:2.6004216036527805 (n:-0.0) c:1.0
num acquisition: 24, time elapsed: 4.19s
f inputs x:[[ 0.09728848  0.069003    0.00753053 -0.0336545 ]] ev:{} outputs y:1.581240637703964 (n:-0.0) c:1.0
num acquisition: 25, time elapsed: 4.48s
f inputs x:[[ 0.15487681  0.12185484 -0.01002184  0.07055841]] ev:{} outputs y:2.085811593244779 (n:0.0) c:1.0
num acquisition: 26, time elapsed: 4.68s
f inputs x:[[ 0.10881854  0.08466227  0.01173883 -0.02928633]] ev:{} outputs y:1.6372021102692298 (n:0.0) c:1.0
num acquisition: 27, time elapsed: 4.92s
f inputs x:[[-1.  1. -1. -1.]] ev:{} outputs y:9.02094741289393 (n:-0.0) c:1.0
num acquisition: 28, time elapsed: 5.03s
f inputs x:[[-1.  1. -1.  1.]] ev:{} outputs y:8.484388763251047 (n:0.0) c:1.0
num acquisition: 29, time elapsed: 5.16s
f inputs x:[[-1. -1.  1.  1.]] ev:{} outputs y:8.484388763251047 (n:0.0) c:1.0
num acquisition: 30, time elapsed: 5.31s
f inputs x:[[-0.27805902 -1.          1.         -1.        ]] ev:{} outputs y:8.503890286496484 (n:-0.0) c:1.0
num acquisition: 31, time elapsed: 5.48s
f inputs x:[[ 1.         -0.08004339  0.01089953  1.        ]] ev:{} outputs y:7.7506391232277645 (n:0.0) c:1.0
num acquisition: 32, time elapsed: 5.63s
f inputs x:[[0.35014569 0.15334717 1.         0.20348971]] ev:{} outputs y:7.503098731451518 (n:0.0) c:1.0
num acquisition: 33, time elapsed: 5.79s
f inputs x:[[-0.52905382 -1.         -1.          1.        ]] ev:{} outputs y:8.597728062830857 (n:0.0) c:1.0
num acquisition: 34, time elapsed: 5.97s
f inputs x:[[ 1. -1. -1.  1.]] ev:{} outputs y:9.02094741289393 (n:0.0) c:1.0
num acquisition: 35, time elapsed: 6.14s
f inputs x:[[1.         1.         0.03663187 0.11212306]] ev:{} outputs y:7.680905272189663 (n:0.0) c:1.0
num acquisition: 36, time elapsed: 6.30s
f inputs x:[[-0.01198403  0.3107963   0.33083525 -1.        ]] ev:{} outputs y:6.520159433182964 (n:0.0) c:1.0
num acquisition: 37, time elapsed: 6.46s
f inputs x:[[ 1. -1.  1. -1.]] ev:{} outputs y:9.019956906396628 (n:-0.0) c:1.0
num acquisition: 38, time elapsed: 6.63s
f inputs x:[[-1.          1.          0.14265583  0.08993022]] ev:{} outputs y:7.599001519427695 (n:-0.0) c:1.0
num acquisition: 39, time elapsed: 6.79s
f inputs x:[[-0.01437353  1.          0.56965034  1.        ]] ev:{} outputs y:7.2342658242774185 (n:0.0) c:1.0
num acquisition: 40, time elapsed: 6.93s
f inputs x:[[-1.         -0.01045939 -0.08861206 -1.        ]] ev:{} outputs y:7.7080971171627795 (n:0.0) c:1.0
num acquisition: 41, time elapsed: 7.07s
f inputs x:[[-0.02864221 -1.          0.23276295  0.33718805]] ev:{} outputs y:7.515372593244489 (n:0.0) c:1.0
num acquisition: 42, time elapsed: 7.23s
f inputs x:[[ 0.12997995  0.08429587  0.00952501 -0.02007802]] ev:{} outputs y:1.4822916724710613 (n:-0.0) c:1.0
num acquisition: 43, time elapsed: 7.49s
f inputs x:[[ 0.1448646   0.09062362  0.01151071 -0.01914217]] ev:{} outputs y:1.4429891980735785 (n:0.0) c:1.0
num acquisition: 44, time elapsed: 7.76s
f inputs x:[[ 0.16213736  0.09679321  0.01347105 -0.01900844]] ev:{} outputs y:1.3812017824472846 (n:0.0) c:1.0
num acquisition: 45, time elapsed: 7.98s
f inputs x:[[ 0.18514717  0.10274682  0.0149855  -0.01879045]] ev:{} outputs y:1.2715798037692647 (n:-0.0) c:1.0
num acquisition: 46, time elapsed: 8.21s
f inputs x:[[ 0.2203244   0.10834779  0.01490385 -0.01783983]] ev:{} outputs y:1.116895894967849 (n:-0.0) c:1.0
num acquisition: 47, time elapsed: 8.45s
f inputs x:[[ 0.25976806  0.05664687  0.03501338 -0.00073282]] ev:{} outputs y:1.7909811971965184 (n:0.0) c:1.0
num acquisition: 48, time elapsed: 8.74s
f inputs x:[[ 0.30988932  0.18930844 -0.04588809 -0.03804467]] ev:{} outputs y:2.245838656843139 (n:0.0) c:1.0
num acquisition: 49, time elapsed: 9.01s
f inputs x:[[ 0.19850658  0.09396319  0.0337805  -0.00903184]] ev:{} outputs y:1.13208607983999 (n:0.0) c:1.0
num acquisition: 50, time elapsed: 9.27s
f inputs x:[[ 0.20913946  0.09317098  0.04413351 -0.00592662]] ev:{} outputs y:1.1464457936765797 (n:-0.0) c:1.0
num acquisition: 51, time elapsed: 9.44s
f inputs x:[[ 0.21915921  0.09259712  0.05658426 -0.0044332 ]] ev:{} outputs y:1.2370685597253532 (n:-0.0) c:1.0
num acquisition: 52, time elapsed: 9.72s
f inputs x:[[ 0.22576725  0.0930719   0.06901899 -0.0058491 ]] ev:{} outputs y:1.3712229990598936 (n:0.0) c:1.0
num acquisition: 53, time elapsed: 9.94s
f inputs x:[[-0.15836537  0.03046341  0.25751854  0.30018032]] ev:{} outputs y:3.7559932005130823 (n:0.0) c:1.0
num acquisition: 54, time elapsed: 10.10s
f inputs x:[[-0.43506753  0.07315154 -0.02995484 -0.05262204]] ev:{} outputs y:3.909172729116286 (n:0.0) c:1.0
num acquisition: 55, time elapsed: 10.30s
f inputs x:[[ 0.23480074  0.09399784  0.07230895 -0.00434728]] ev:{} outputs y:1.4170953441381071 (n:0.0) c:1.0
num acquisition: 56, time elapsed: 10.53s
f inputs x:[[-0.30943075 -0.3110852  -0.21089464  0.04168638]] ev:{} outputs y:5.233805265610882 (n:-0.0) c:1.0
num acquisition: 57, time elapsed: 10.73s
f inputs x:[[ 0.23455082  0.09413788  0.07537572 -0.00717947]] ev:{} outputs y:1.4592638520735393 (n:-0.0) c:1.0
num acquisition: 58, time elapsed: 10.95s
f inputs x:[[ 0.04413048 -0.00836438 -1.         -1.        ]] ev:{} outputs y:8.372953883893079 (n:0.0) c:1.0
num acquisition: 59, time elapsed: 11.14s
f inputs x:[[0.37844224 0.29328298 0.13117972 0.09155795]] ev:{} outputs y:1.367036759437014 (n:-0.0) c:1.0
num acquisition: 60, time elapsed: 11.31s
f inputs x:[[0.59246162 0.35652733 0.20004675 0.08728638]] ev:{} outputs y:4.061660177323023 (n:0.0) c:1.0
num acquisition: 61, time elapsed: 11.47s
f inputs x:[[0.29732769 0.20522028 0.07126657 0.03599745]] ev:{} outputs y:1.0411205045449885 (n:0.0) c:1.0
num acquisition: 62, time elapsed: 11.67s
f inputs x:[[-0.36439931 -0.03570763  1.          1.        ]] ev:{} outputs y:6.8286082550057765 (n:-0.0) c:1.0
num acquisition: 63, time elapsed: 11.85s
f inputs x:[[0.27771944 0.37506337 0.22002125 0.27311371]] ev:{} outputs y:3.5821159711169375 (n:0.0) c:1.0
num acquisition: 64, time elapsed: 12.02s
f inputs x:[[ 1.          0.03532709 -0.05567034 -1.        ]] ev:{} outputs y:7.66361623657363 (n:-0.0) c:1.0
num acquisition: 65, time elapsed: 12.21s
f inputs x:[[-1.         -0.11235766 -1.         -0.05730091]] ev:{} outputs y:8.361491768560205 (n:0.0) c:1.0
num acquisition: 66, time elapsed: 12.38s
f inputs x:[[-0.02466713 -1.         -0.19615712 -1.        ]] ev:{} outputs y:8.017744866936228 (n:0.0) c:1.0
num acquisition: 67, time elapsed: 12.56s
f inputs x:[[ 0.24149164  1.         -1.         -0.0083189 ]] ev:{} outputs y:8.700687890275015 (n:-0.0) c:1.0
num acquisition: 68, time elapsed: 12.74s
f inputs x:[[-0.26393043  1.          1.         -0.08454739]] ev:{} outputs y:7.89431552020386 (n:0.0) c:1.0
num acquisition: 69, time elapsed: 12.92s
f inputs x:[[-0.09529597  0.25826338 -1.          1.        ]] ev:{} outputs y:6.945572251039722 (n:0.0) c:1.0
num acquisition: 70, time elapsed: 13.10s
f inputs x:[[-0.42185143  0.34283185  0.26530665  0.15360406]] ev:{} outputs y:1.6599406846958098 (n:0.0) c:1.0
num acquisition: 71, time elapsed: 13.27s
f inputs x:[[-0.56115125  0.22237816  0.40645094  0.14325854]] ev:{} outputs y:4.911509339951598 (n:0.0) c:1.0
num acquisition: 72, time elapsed: 13.53s
f inputs x:[[-0.34316589  0.42785486  0.12914036  0.19162941]] ev:{} outputs y:4.00382410060545 (n:-0.0) c:1.0
num acquisition: 73, time elapsed: 13.78s
f inputs x:[[-0.30509693  0.30547776  0.31331098  0.03354241]] ev:{} outputs y:3.3131200289575053 (n:0.0) c:1.0
num acquisition: 74, time elapsed: 14.06s
f inputs x:[[-0.38888726  0.40893729  0.37858558  0.31488999]] ev:{} outputs y:2.21597790885838 (n:-0.0) c:1.0
num acquisition: 75, time elapsed: 14.26s
f inputs x:[[-0.50830079  0.5161642   0.34345062  0.15450426]] ev:{} outputs y:3.2447032106698206 (n:-0.0) c:1.0
num acquisition: 76, time elapsed: 14.51s
f inputs x:[[-0.42669381  0.25318298  0.2262068   0.30451507]] ev:{} outputs y:3.4515685760336177 (n:0.0) c:1.0
num acquisition: 77, time elapsed: 14.73s
f inputs x:[[-1.         -1.          0.06246441 -0.31453218]] ev:{} outputs y:8.633045257124014 (n:-0.0) c:1.0
num acquisition: 78, time elapsed: 14.92s
f inputs x:[[ 1.         -1.         -0.19564305 -0.00271306]] ev:{} outputs y:8.703528398202163 (n:0.0) c:1.0
num acquisition: 79, time elapsed: 15.10s
f inputs x:[[-0.06066424  1.         -0.22279822 -1.        ]] ev:{} outputs y:8.036075989533728 (n:0.0) c:1.0
num acquisition: 80, time elapsed: 15.31s
f inputs x:[[-0.09942008 -1.         -1.         -0.18259883]] ev:{} outputs y:8.770463068248427 (n:-0.0) c:1.0
num acquisition: 81, time elapsed: 15.47s
f inputs x:[[-0.19460824  0.47739137  0.61247883  0.44276207]] ev:{} outputs y:4.81559911998963 (n:0.0) c:1.0
num acquisition: 82, time elapsed: 15.66s
f inputs x:[[-1.          0.57329814  0.07216095  1.        ]] ev:{} outputs y:7.303311704256502 (n:0.0) c:1.0
num acquisition: 83, time elapsed: 15.88s
f inputs x:[[ 0.01460446 -1.          1.          1.        ]] ev:{} outputs y:7.210412732091889 (n:0.0) c:1.0
num acquisition: 84, time elapsed: 16.08s
f inputs x:[[ 1.          0.09940277 -1.         -0.15411197]] ev:{} outputs y:8.31265872832268 (n:0.0) c:1.0
num acquisition: 85, time elapsed: 16.28s
f inputs x:[[1.         0.05433025 1.         1.        ]] ev:{} outputs y:7.842334222683872 (n:-0.0) c:1.0
num acquisition: 86, time elapsed: 16.51s
f inputs x:[[ 0.42455597  0.09559272  1.         -1.        ]] ev:{} outputs y:8.374399221498743 (n:0.0) c:1.0
num acquisition: 87, time elapsed: 16.72s
f inputs x:[[0.23421584 0.11279636 0.04590456 0.01672324]] ev:{} outputs y:1.0691103694987873 (n:0.0) c:1.0
num acquisition: 88, time elapsed: 16.96s
f inputs x:[[0.23906347 0.11179443 0.04625677 0.01821038]] ev:{} outputs y:1.0802235106439213 (n:0.0) c:1.0
num acquisition: 89, time elapsed: 17.12s
f inputs x:[[ 0.1331058   1.         -0.36346268  1.        ]] ev:{} outputs y:8.02533444096586 (n:0.0) c:1.0
num acquisition: 90, time elapsed: 17.32s
f inputs x:[[ 0.00132663 -0.32726368 -0.01604366  1.        ]] ev:{} outputs y:6.200512210317677 (n:-0.0) c:1.0
num acquisition: 91, time elapsed: 17.53s
f inputs x:[[1.         1.         1.         0.03016021]] ev:{} outputs y:7.87603272633218 (n:-0.0) c:1.0
num acquisition: 92, time elapsed: 17.75s
f inputs x:[[-1.          1.         -1.          0.01174034]] ev:{} outputs y:8.718840723422053 (n:0.0) c:1.0
num acquisition: 93, time elapsed: 17.99s
f inputs x:[[ 1.         -1.          1.          0.07309754]] ev:{} outputs y:8.700458308666091 (n:0.0) c:1.0
num acquisition: 94, time elapsed: 18.23s
f inputs x:[[-0.45425368 -1.          1.          0.06770086]] ev:{} outputs y:7.996130325809208 (n:0.0) c:1.0
num acquisition: 95, time elapsed: 18.45s
f inputs x:[[ 0.0040679  -0.02338539  0.03058489  0.07252726]] ev:{} outputs y:1.8939535644061622 (n:0.0) c:1.0
num acquisition: 96, time elapsed: 18.72s
f inputs x:[[0.3585731  0.22868832 0.0670524  0.10437469]] ev:{} outputs y:1.9561554497387337 (n:-0.0) c:1.0
num acquisition: 97, time elapsed: 19.00s
f inputs x:[[0.23661297 0.10509742 0.04749401 0.024557  ]] ev:{} outputs y:1.1508823256493008 (n:0.0) c:1.0
num acquisition: 98, time elapsed: 19.25s
f inputs x:[[0.34451659 0.30623579 0.14600503 0.00486164]] ev:{} outputs y:1.5914847235365763 (n:-0.0) c:1.0
num acquisition: 99, time elapsed: 19.49s
f inputs x:[[-1.          1.          0.04426767 -1.        ]] ev:{} outputs y:7.85541699992057 (n:-0.0) c:1.0
num acquisition: 100, time elapsed: 19.80s
f inputs x:[[-1.         -0.04653958 -1.          1.        ]] ev:{} outputs y:7.917421064839424 (n:0.0) c:1.0
num acquisition: 101, time elapsed: 20.05s
f inputs x:[[-0.00728206  1.          1.         -1.        ]] ev:{} outputs y:8.47237655590484 (n:0.0) c:1.0
num acquisition: 102, time elapsed: 20.30s
f inputs x:[[0.24042475 0.11373443 0.054494   0.0202549 ]] ev:{} outputs y:1.1176021503844722 (n:0.0) c:1.0
num acquisition: 103, time elapsed: 20.51s
f inputs x:[[ 0.55485307 -1.         -0.02142518  1.        ]] ev:{} outputs y:8.11412424740665 (n:-0.0) c:1.0
num acquisition: 104, time elapsed: 20.74s
f inputs x:[[ 1.          1.          0.02396578 -1.        ]] ev:{} outputs y:7.864599399470516 (n:-0.0) c:1.0
num acquisition: 105, time elapsed: 21.00s
f inputs x:[[1.         1.         0.08885309 1.        ]] ev:{} outputs y:7.816169523901547 (n:-0.0) c:1.0
num acquisition: 106, time elapsed: 21.25s
f inputs x:[[0.36804331 0.43495122 0.108966   0.09683529]] ev:{} outputs y:3.8462786235244213 (n:-0.0) c:1.0
num acquisition: 107, time elapsed: 21.49s
f inputs x:[[0.35461412 0.259425   0.2046342  0.08181655]] ev:{} outputs y:1.256113908726398 (n:-0.0) c:1.0
num acquisition: 108, time elapsed: 21.79s
f inputs x:[[ 1.          0.06173794 -1.          1.        ]] ev:{} outputs y:7.845247781777106 (n:0.0) c:1.0
num acquisition: 109, time elapsed: 22.06s
f inputs x:[[ 1.         -1.          0.01860854 -1.        ]] ev:{} outputs y:8.708865871324356 (n:-0.0) c:1.0
num acquisition: 110, time elapsed: 22.31s
f inputs x:[[ 1.          0.05261064  1.         -0.28378762]] ev:{} outputs y:8.382339230479014 (n:0.0) c:1.0
num acquisition: 111, time elapsed: 22.55s
f inputs x:[[0.24715279 0.09822093 0.07879645 0.02219306]] ev:{} outputs y:1.478871753218082 (n:0.0) c:1.0
num acquisition: 112, time elapsed: 22.79s
f inputs x:[[-1.          0.19693082  1.          0.64215094]] ev:{} outputs y:7.876001367815443 (n:0.0) c:1.0
num acquisition: 113, time elapsed: 23.09s
f inputs x:[[0.14203635 0.179815   0.44962652 1.        ]] ev:{} outputs y:5.373543086425674 (n:-0.0) c:1.0
num acquisition: 114, time elapsed: 23.31s
f inputs x:[[-1.          0.02287902 -1.         -1.        ]] ev:{} outputs y:8.709066891932714 (n:0.0) c:1.0
num acquisition: 115, time elapsed: 23.58s
f inputs x:[[-1.         -1.         -1.          0.18924781]] ev:{} outputs y:9.134674344335279 (n:0.0) c:1.0
num acquisition: 116, time elapsed: 23.83s
f inputs x:[[0.24446106 0.09823829 0.07971755 0.0248511 ]] ev:{} outputs y:1.4812817904659108 (n:-0.0) c:1.0
num acquisition: 117, time elapsed: 24.18s
f inputs x:[[-1. -1.  1. -1.]] ev:{} outputs y:9.02094741289393 (n:0.0) c:1.0
num acquisition: 118, time elapsed: 24.49s
f inputs x:[[-1.          0.25985703 -0.11988252 -0.13222374]] ev:{} outputs y:7.238560264844926 (n:-0.0) c:1.0
num acquisition: 119, time elapsed: 24.85s
f inputs x:[[ 0.00266257  1.         -1.         -1.        ]] ev:{} outputs y:9.014941818555988 (n:0.0) c:1.0
num acquisition: 120, time elapsed: 25.09s
f inputs x:[[-0.24117196 -0.31009232  0.20344593 -1.        ]] ev:{} outputs y:6.357988121277113 (n:-0.0) c:1.0
num acquisition: 121, time elapsed: 25.35s
f inputs x:[[0.24085256 0.09912854 0.07990558 0.02512696]] ev:{} outputs y:1.4617922087409885 (n:-0.0) c:1.0
num acquisition: 122, time elapsed: 25.68s
f inputs x:[[-0.52411446 -1.          0.11707237  1.        ]] ev:{} outputs y:8.006141307720462 (n:0.0) c:1.0
num acquisition: 123, time elapsed: 25.98s
f inputs x:[[ 1.         -0.01703242 -1.         -1.        ]] ev:{} outputs y:8.718929425802807 (n:-0.0) c:1.0
num acquisition: 124, time elapsed: 26.28s
f inputs x:[[-0.32854319  0.37104172  0.36150007  0.20187758]] ev:{} outputs y:2.880655919881847 (n:0.0) c:1.0
num acquisition: 125, time elapsed: 26.59s
f inputs x:[[-0.50588594  0.56077253  0.40462749  0.56275123]] ev:{} outputs y:3.941508855276654 (n:-0.0) c:1.0
num acquisition: 126, time elapsed: 26.91s
f inputs x:[[0.21536002 0.01320809 0.43068056 0.50371194]] ev:{} outputs y:4.49065156368316 (n:-0.0) c:1.0
num acquisition: 127, time elapsed: 27.19s
f inputs x:[[0.24382496 0.10385623 0.07556144 0.01356302]] ev:{} outputs y:1.3660942675812446 (n:-0.0) c:1.0
num acquisition: 128, time elapsed: 27.54s
f inputs x:[[-0.50764952  0.33701148  0.17051386  0.0196755 ]] ev:{} outputs y:3.145386895122205 (n:-0.0) c:1.0
num acquisition: 129, time elapsed: 27.91s
f inputs x:[[-1.          1.          1.          0.12859854]] ev:{} outputs y:7.815624830132445 (n:0.0) c:1.0
num acquisition: 130, time elapsed: 28.19s
f inputs x:[[-0.3875239   0.18639621  0.29939146  1.        ]] ev:{} outputs y:5.744053788321821 (n:0.0) c:1.0
num acquisition: 131, time elapsed: 28.47s
f inputs x:[[-1.          0.15228401  1.         -1.        ]] ev:{} outputs y:8.664984920201135 (n:0.0) c:1.0
num acquisition: 132, time elapsed: 28.80s
f inputs x:[[0.24398554 0.10414246 0.07541029 0.01325284]] ev:{} outputs y:1.362205959071629 (n:0.0) c:1.0
num acquisition: 133, time elapsed: 29.20s
f inputs x:[[ 0.274733   -0.30966187  0.7538145   1.        ]] ev:{} outputs y:5.4643773347983124 (n:-0.0) c:1.0
num acquisition: 134, time elapsed: 29.57s
f inputs x:[[0.2241848  0.43668199 1.         1.        ]] ev:{} outputs y:6.500659969949583 (n:0.0) c:1.0
num acquisition: 135, time elapsed: 29.95s
f inputs x:[[-0.07604567 -0.35013716  0.58732592  0.52189078]] ev:{} outputs y:4.803971105090705 (n:0.0) c:1.0
num acquisition: 136, time elapsed: 30.30s
f inputs x:[[-0.14141469 -0.1774162  -0.5638147   0.5162579 ]] ev:{} outputs y:5.30998775060594 (n:0.0) c:1.0
num acquisition: 137, time elapsed: 30.67s
f inputs x:[[ 0.21647463 -0.53181895  1.          0.41656645]] ev:{} outputs y:7.217209276739784 (n:-0.0) c:1.0
num acquisition: 138, time elapsed: 30.98s
f inputs x:[[-0.0854776  -0.05995865 -1.         -0.01150375]] ev:{} outputs y:7.705241264131939 (n:-0.0) c:1.0
num acquisition: 139, time elapsed: 31.33s
f inputs x:[[-0.05012221 -0.2957561   0.0890878   0.43063774]] ev:{} outputs y:4.7779615052676805 (n:0.0) c:1.0
num acquisition: 140, time elapsed: 31.75s
f inputs x:[[-0.11852154 -0.5146626   0.18449859 -0.33914371]] ev:{} outputs y:5.540779427791136 (n:-0.0) c:1.0
num acquisition: 141, time elapsed: 32.10s
f inputs x:[[-0.53696035  1.         -0.02803038  0.74588884]] ev:{} outputs y:7.658232481759068 (n:0.0) c:1.0
num acquisition: 142, time elapsed: 32.50s
f inputs x:[[0.29814719 1.         1.         0.48764816]] ev:{} outputs y:7.476366519772137 (n:0.0) c:1.0
num acquisition: 143, time elapsed: 32.95s
f inputs x:[[0.24439347 0.10565722 0.07466259 0.00879127]] ev:{} outputs y:1.3417972595073397 (n:0.0) c:1.0
num acquisition: 144, time elapsed: 33.34s
f inputs x:[[-0.38803011  0.00906872 -0.43035248  1.        ]] ev:{} outputs y:5.6546995549089045 (n:0.0) c:1.0
num acquisition: 145, time elapsed: 33.76s
f inputs x:[[ 1.          1.         -1.          0.06849648]] ev:{} outputs y:8.701728186187744 (n:0.0) c:1.0
num acquisition: 146, time elapsed: 34.20s
f inputs x:[[ 0.03708144 -1.         -1.         -1.        ]] ev:{} outputs y:9.016209642675715 (n:-0.0) c:1.0
num acquisition: 147, time elapsed: 34.63s
f inputs x:[[ 1.         -1.         -1.         -0.00516368]] ev:{} outputs y:9.167647010039495 (n:0.0) c:1.0
num acquisition: 148, time elapsed: 35.04s
f inputs x:[[ 0.27581273  0.04683503 -0.44165855  1.        ]] ev:{} outputs y:5.502704132532643 (n:0.0) c:1.0
num acquisition: 149, time elapsed: 35.53s
f inputs x:[[ 0.22288826 -0.07780378 -0.18006916 -1.        ]] ev:{} outputs y:6.2355021349985575 (n:0.0) c:1.0
num acquisition: 150, time elapsed: 36.01s
f inputs x:[[ 0.0300599  -0.44571474 -0.71759051  1.        ]] ev:{} outputs y:6.44131141620425 (n:0.0) c:1.0
num acquisition: 151, time elapsed: 36.36s
f inputs x:[[0.245167   0.10545032 0.07441752 0.00722314]] ev:{} outputs y:1.344810767211453 (n:0.0) c:1.0
num acquisition: 152, time elapsed: 36.91s
f inputs x:[[0.59034844 0.31392677 0.46526607 0.5242782 ]] ev:{} outputs y:4.605960902224064 (n:0.0) c:1.0
num acquisition: 153, time elapsed: 37.37s
f inputs x:[[-0.37588634  0.08515083  0.1874697  -0.48271714]] ev:{} outputs y:5.1013008956091195 (n:0.0) c:1.0
num acquisition: 154, time elapsed: 37.97s
f inputs x:[[ 1.         -0.04541711  0.48630476  0.38660451]] ev:{} outputs y:7.571929355919215 (n:-0.0) c:1.0
num acquisition: 155, time elapsed: 38.38s
f inputs x:[[-0.13798022  1.         -1.          1.        ]] ev:{} outputs y:8.467517899174132 (n:-0.0) c:1.0
num acquisition: 156, time elapsed: 38.79s
f inputs x:[[-0.24128342 -0.37959418  0.51594161  1.        ]] ev:{} outputs y:5.384421660127534 (n:0.0) c:1.0
num acquisition: 157, time elapsed: 39.24s
f inputs x:[[-0.38879424  0.26119061 -0.3361298  -0.51140249]] ev:{} outputs y:5.813124901605489 (n:-0.0) c:1.0
num acquisition: 158, time elapsed: 39.65s
f inputs x:[[-0.4675562  -0.32353632 -0.2340077  -0.53461108]] ev:{} outputs y:6.251986654712801 (n:0.0) c:1.0
num acquisition: 159, time elapsed: 40.07s
f inputs x:[[0.45560799 0.39588274 0.08780071 1.        ]] ev:{} outputs y:6.066493078026024 (n:-0.0) c:1.0
num acquisition: 160, time elapsed: 40.54s
f inputs x:[[0.23721748 0.11161299 0.07119718 0.01287473]] ev:{} outputs y:1.244908418032481 (n:-0.0) c:1.0
num acquisition: 161, time elapsed: 40.99s
f inputs x:[[0.2384449  0.11115072 0.07207955 0.01262941]] ev:{} outputs y:1.2573440356533516 (n:-0.0) c:1.0
num acquisition: 162, time elapsed: 41.37s
f inputs x:[[-0.30415423  1.          0.23526756 -0.44259417]] ev:{} outputs y:7.48910052895864 (n:-0.0) c:1.0
num acquisition: 163, time elapsed: 41.83s
f inputs x:[[-1.         -0.22786522  0.47864043  1.        ]] ev:{} outputs y:7.7669350912984445 (n:-0.0) c:1.0
num acquisition: 164, time elapsed: 42.28s
f inputs x:[[-0.11022149 -0.24675836  1.         -0.40126479]] ev:{} outputs y:7.963557830357783 (n:0.0) c:1.0
num acquisition: 165, time elapsed: 42.74s
f inputs x:[[0.39723448 0.32872316 0.43434698 0.18356046]] ev:{} outputs y:3.6231489143649296 (n:-0.0) c:1.0
num acquisition: 166, time elapsed: 43.13s
f inputs x:[[-0.40490635  0.67532654  1.          1.        ]] ev:{} outputs y:6.246957967239786 (n:-0.0) c:1.0
num acquisition: 167, time elapsed: 43.62s
f inputs x:[[-0.19008772  0.07476119  0.54936711  0.6466626 ]] ev:{} outputs y:4.831279234530456 (n:0.0) c:1.0
num acquisition: 168, time elapsed: 44.13s
f inputs x:[[-1.        -1.        -0.0185784 -1.       ]] ev:{} outputs y:8.720721369701176 (n:0.0) c:1.0
num acquisition: 169, time elapsed: 44.75s
f inputs x:[[ 0.51614124  1.          0.44637913 -0.48097397]] ev:{} outputs y:7.310653185850873 (n:0.0) c:1.0
num acquisition: 170, time elapsed: 45.37s
f inputs x:[[ 0.21810153 -1.          0.14949369 -0.35672608]] ev:{} outputs y:7.647749517468371 (n:-0.0) c:1.0
num acquisition: 171, time elapsed: 45.93s
f inputs x:[[-0.36704895 -0.43413376  0.32758392  0.16252631]] ev:{} outputs y:5.402748763970545 (n:0.0) c:1.0
num acquisition: 172, time elapsed: 46.57s
f inputs x:[[ 0.00434373 -1.         -0.5134257   0.51407431]] ev:{} outputs y:8.066855589306586 (n:0.0) c:1.0
num acquisition: 173, time elapsed: 47.06s
f inputs x:[[ 0.37161116 -0.41975091  0.35047763 -1.        ]] ev:{} outputs y:6.766968616396371 (n:-0.0) c:1.0
num acquisition: 174, time elapsed: 47.55s
f inputs x:[[0.24024988 0.11023696 0.07342995 0.01065875]] ev:{} outputs y:1.2793692284827705 (n:0.0) c:1.0
num acquisition: 175, time elapsed: 48.07s
f inputs x:[[-1.          0.39853458 -0.53832681  0.53750641]] ev:{} outputs y:7.293044786655233 (n:0.0) c:1.0
num acquisition: 176, time elapsed: 48.53s
f inputs x:[[-1.         -1.          0.49621634  0.33991486]] ev:{} outputs y:8.50462457354506 (n:0.0) c:1.0
num acquisition: 177, time elapsed: 49.16s
f inputs x:[[ 0.34363851 -0.38968243  0.36156358  0.74470509]] ev:{} outputs y:5.591590929425187 (n:-0.0) c:1.0
num acquisition: 178, time elapsed: 49.78s
f inputs x:[[ 1.          0.40075636 -0.1724117  -0.37505694]] ev:{} outputs y:7.1908072239959955 (n:-0.0) c:1.0
num acquisition: 179, time elapsed: 50.51s
f inputs x:[[-0.1614673   0.44285136  0.31826783  0.64675792]] ev:{} outputs y:5.013168338851906 (n:0.0) c:1.0
num acquisition: 180, time elapsed: 51.27s
f inputs x:[[-0.31233767  0.20415627 -0.18501705 -1.        ]] ev:{} outputs y:6.24784795494142 (n:0.0) c:1.0
num acquisition: 181, time elapsed: 51.92s
f inputs x:[[ 0.38620345  0.28180687 -1.          0.54831257]] ev:{} outputs y:7.327144475129826 (n:-0.0) c:1.0
num acquisition: 182, time elapsed: 52.71s
f inputs x:[[ 1.          0.15235891  0.625302   -1.        ]] ev:{} outputs y:8.009690820652994 (n:0.0) c:1.0
num acquisition: 183, time elapsed: 53.26s
f inputs x:[[-0.46157442  1.          0.62593461  0.49754524]] ev:{} outputs y:6.933818906921545 (n:-0.0) c:1.0
num acquisition: 184, time elapsed: 53.87s
f inputs x:[[0.23507612 0.1099803  0.08178415 0.0142033 ]] ev:{} outputs y:1.368621062690784 (n:-0.0) c:1.0
num acquisition: 185, time elapsed: 54.53s
f inputs x:[[-0.539543    0.42140549  0.27363331  0.28950463]] ev:{} outputs y:3.3889074758284523 (n:0.0) c:1.0
num acquisition: 186, time elapsed: 55.19s
f inputs x:[[ 0.20138523 -1.          1.         -0.29194301]] ev:{} outputs y:8.089763355413238 (n:0.0) c:1.0
num acquisition: 187, time elapsed: 55.86s
f inputs x:[[0.23709361 0.10955788 0.08221845 0.01395373]] ev:{} outputs y:1.3772932520973629 (n:-0.0) c:1.0
num acquisition: 188, time elapsed: 56.50s
f inputs x:[[-0.43897914 -0.29337567  1.          0.40262086]] ev:{} outputs y:7.394449431589068 (n:-0.0) c:1.0
num acquisition: 189, time elapsed: 57.07s
f inputs x:[[-0.50772954  0.42927646  0.59830473  0.42129007]] ev:{} outputs y:4.256492711447582 (n:0.0) c:1.0
num acquisition: 190, time elapsed: 57.72s
f inputs x:[[0.67785333 0.51281338 0.57320326 1.        ]] ev:{} outputs y:4.816027348209489 (n:-0.0) c:1.0
num acquisition: 191, time elapsed: 58.37s
f inputs x:[[1.         0.60495967 0.55891459 0.60652211]] ev:{} outputs y:6.792664433459011 (n:0.0) c:1.0
num acquisition: 192, time elapsed: 59.14s
f inputs x:[[-0.30588031  0.1318143   0.13309541  0.0844349 ]] ev:{} outputs y:2.41307297843374 (n:0.0) c:1.0
num acquisition: 193, time elapsed: 59.92s
f inputs x:[[0.38173933 0.61229618 0.48860008 0.68692166]] ev:{} outputs y:4.517089449722759 (n:-0.0) c:1.0
num acquisition: 194, time elapsed: 60.73s
f inputs x:[[-0.42398012 -0.17512761 -1.          0.61060422]] ev:{} outputs y:7.299651199565909 (n:0.0) c:1.0
num acquisition: 195, time elapsed: 61.28s
f inputs x:[[ 0.31905522  0.42613718 -0.10642565 -0.69249386]] ev:{} outputs y:5.809020717485496 (n:-0.0) c:1.0
num acquisition: 196, time elapsed: 62.13s
f inputs x:[[-0.4274906   1.         -0.47744492 -0.2482917 ]] ev:{} outputs y:8.02725866664314 (n:0.0) c:1.0
num acquisition: 197, time elapsed: 63.01s
f inputs x:[[0.46195957 0.14815116 0.67383459 0.80613379]] ev:{} outputs y:5.342086673624949 (n:0.0) c:1.0
num acquisition: 198, time elapsed: 63.69s
f inputs x:[[ 1.          0.39778258 -0.39535461  0.56705739]] ev:{} outputs y:7.237248090979972 (n:-0.0) c:1.0
num acquisition: 199, time elapsed: 64.33s
f inputs x:[[-1.          0.52201173  0.4742904  -0.46556352]] ev:{} outputs y:7.207711047984839 (n:-0.0) c:1.0
num acquisition: 200, time elapsed: 64.96s
f inputs x:[[-0.22271286  0.1573528   0.03386292 -0.13194275]] ev:{} outputs y:2.597739765857527 (n:0.0) c:1.0
num acquisition: 201, time elapsed: 65.80s
f inputs x:[[0.2253685  0.11381214 0.08347301 0.01108598]] ev:{} outputs y:1.3787565202704732 (n:0.0) c:1.0
num acquisition: 202, time elapsed: 66.53s
f inputs x:[[0.41670742 1.         0.31571    0.48774874]] ev:{} outputs y:7.292185877692236 (n:-0.0) c:1.0
num acquisition: 203, time elapsed: 67.36s
f inputs x:[[ 0.34373681 -0.41088602 -0.41727939 -0.51751071]] ev:{} outputs y:6.621902917944708 (n:0.0) c:1.0
num acquisition: 204, time elapsed: 68.26s
f inputs x:[[ 1.         -1.          0.31604418  0.59583781]] ev:{} outputs y:8.562265116631178 (n:0.0) c:1.0
num acquisition: 205, time elapsed: 68.95s
f inputs x:[[-0.14141231  0.39835352  0.0623911  -0.48639656]] ev:{} outputs y:5.238911961679528 (n:-0.0) c:1.0
num acquisition: 206, time elapsed: 69.78s
f inputs x:[[-0.37662302 -0.24514192  0.24525879  0.64569863]] ev:{} outputs y:5.51243088851766 (n:-0.0) c:1.0
num acquisition: 207, time elapsed: 70.59s
f inputs x:[[0.22850652 0.11229821 0.08703707 0.01509155]] ev:{} outputs y:1.419445962698229 (n:0.0) c:1.0
num acquisition: 208, time elapsed: 71.23s
f inputs x:[[ 0.53045565  1.         -0.31718243 -0.47658388]] ev:{} outputs y:7.871657313577955 (n:0.0) c:1.0
num acquisition: 209, time elapsed: 72.18s
f inputs x:[[-0.28960604  0.17102252  1.         -1.        ]] ev:{} outputs y:8.35992659494909 (n:-0.0) c:1.0
num acquisition: 210, time elapsed: 72.74s
f inputs x:[[-0.17541551  0.0336556  -0.03593589 -0.00387606]] ev:{} outputs y:1.7682104569275683 (n:-0.0) c:1.0
num acquisition: 211, time elapsed: 73.57s
f inputs x:[[-0.46748002  0.49286825 -0.40877023  1.        ]] ev:{} outputs y:6.282340427947522 (n:0.0) c:1.0
num acquisition: 212, time elapsed: 74.42s
f inputs x:[[ 0.07705094 -0.40565612  0.41291701  0.15501084]] ev:{} outputs y:4.569906580494861 (n:-0.0) c:1.0
num acquisition: 213, time elapsed: 75.37s
f inputs x:[[-0.21576782  0.06286581 -0.25449024 -0.10377136]] ev:{} outputs y:4.076800447058894 (n:0.0) c:1.0
num acquisition: 214, time elapsed: 76.01s
f inputs x:[[ 0.13643882 -0.03220102  0.24545391 -0.59809673]] ev:{} outputs y:5.513998586142884 (n:0.0) c:1.0
num acquisition: 215, time elapsed: 76.90s
f inputs x:[[ 1.         -0.32834774 -0.47315481  0.44657538]] ev:{} outputs y:7.85529413441545 (n:0.0) c:1.0
num acquisition: 216, time elapsed: 77.83s
f inputs x:[[ 0.103884   -0.75563248  0.46230603  1.        ]] ev:{} outputs y:6.403760142648228 (n:0.0) c:1.0
num acquisition: 217, time elapsed: 78.62s
f inputs x:[[0.2157015  0.11715925 0.07692038 0.03020479]] ev:{} outputs y:1.3702026545663748 (n:-0.0) c:1.0
num acquisition: 218, time elapsed: 79.60s
f inputs x:[[ 0.25237527 -1.          0.52271853 -1.        ]] ev:{} outputs y:7.840903274498842 (n:-0.0) c:1.0
num acquisition: 219, time elapsed: 80.21s
f inputs x:[[ 0.344699    0.64867935  1.         -0.32490003]] ev:{} outputs y:7.800117195563594 (n:-0.0) c:1.0
num acquisition: 220, time elapsed: 80.95s
f inputs x:[[ 0.23444043 -1.         -1.          1.        ]] ev:{} outputs y:8.496238806641292 (n:-0.0) c:1.0
num acquisition: 221, time elapsed: 81.91s
f inputs x:[[0.21554355 0.11710278 0.0771491  0.03011397]] ev:{} outputs y:1.372566115359461 (n:-0.0) c:1.0
num acquisition: 222, time elapsed: 82.88s
f inputs x:[[-1.         -1.          1.         -0.22431853]] ev:{} outputs y:8.78625452880496 (n:0.0) c:1.0
num acquisition: 223, time elapsed: 83.69s
f inputs x:[[-0.63590148  0.57366005  0.55877791  1.        ]] ev:{} outputs y:4.539091620353766 (n:0.0) c:1.0
num acquisition: 224, time elapsed: 84.56s
f inputs x:[[ 1.         -0.36081881  0.15137929 -0.41958195]] ev:{} outputs y:7.838405769303824 (n:0.0) c:1.0
num acquisition: 225, time elapsed: 85.48s
f inputs x:[[-1.         -0.38593152 -0.24814453 -0.04040507]] ev:{} outputs y:7.878709953833769 (n:0.0) c:1.0
num acquisition: 226, time elapsed: 86.41s
f inputs x:[[-0.44985253  0.42893404 -1.         -0.44487139]] ev:{} outputs y:8.136125795253077 (n:0.0) c:1.0
num acquisition: 227, time elapsed: 87.43s
f inputs x:[[-1.        -1.        -0.4878138  1.       ]] ev:{} outputs y:8.813963275432936 (n:-0.0) c:1.0
num acquisition: 228, time elapsed: 88.30s
f inputs x:[[-0.33606198 -1.         -0.23821889 -0.1801881 ]] ev:{} outputs y:7.9656763120640885 (n:0.0) c:1.0
num acquisition: 229, time elapsed: 89.63s
f inputs x:[[-1.          0.04703217 -0.276202    1.        ]] ev:{} outputs y:7.61311123147811 (n:0.0) c:1.0
num acquisition: 230, time elapsed: 90.58s
f inputs x:[[-1.        1.        0.419473  1.      ]] ev:{} outputs y:7.470820453968454 (n:-0.0) c:1.0
num acquisition: 231, time elapsed: 91.63s
f inputs x:[[-0.26236136  0.47235597  0.60414579  1.        ]] ev:{} outputs y:4.446279852149082 (n:0.0) c:1.0
num acquisition: 232, time elapsed: 92.54s
f inputs x:[[-0.10178866  0.22411892 -0.58004456  0.64743823]] ev:{} outputs y:5.398814959189662 (n:0.0) c:1.0
num acquisition: 233, time elapsed: 93.54s
f inputs x:[[ 0.51119599  0.41823588 -0.49847067 -1.        ]] ev:{} outputs y:7.149603322686888 (n:-0.0) c:1.0
num acquisition: 234, time elapsed: 94.60s
f inputs x:[[ 0.18835519 -0.12519624 -0.27979219  0.59163533]] ev:{} outputs y:4.9464625914039475 (n:0.0) c:1.0
num acquisition: 235, time elapsed: 95.51s
f inputs x:[[0.21245253 0.12015535 0.07966615 0.02714219]] ev:{} outputs y:1.397889317467472 (n:0.0) c:1.0
num acquisition: 236, time elapsed: 96.70s
f inputs x:[[-0.32526158 -0.35917404 -0.47915383 -1.        ]] ev:{} outputs y:7.16096557783701 (n:-0.0) c:1.0
num acquisition: 237, time elapsed: 97.53s
f inputs x:[[-0.58133838  0.47820982  0.27829472 -1.        ]] ev:{} outputs y:6.402521862764295 (n:-0.0) c:1.0
num acquisition: 238, time elapsed: 98.67s
f inputs x:[[ 0.51851388 -0.38489529 -0.39100546  1.        ]] ev:{} outputs y:6.652434716646323 (n:0.0) c:1.0
num acquisition: 239, time elapsed: 99.77s
f inputs x:[[0.56415153 1.         0.59924704 1.        ]] ev:{} outputs y:6.869761704392196 (n:0.0) c:1.0
num acquisition: 240, time elapsed: 101.10s
f inputs x:[[ 0.06699923 -0.49854468 -0.01172756  0.06258574]] ev:{} outputs y:5.439712344075679 (n:0.0) c:1.0
num acquisition: 241, time elapsed: 102.09s
f inputs x:[[-0.37282088  0.65548348  0.28152073  1.        ]] ev:{} outputs y:6.227732937984977 (n:-0.0) c:1.0
num acquisition: 242, time elapsed: 103.07s
f inputs x:[[0.40686488 0.26670347 0.22303679 0.17021352]] ev:{} outputs y:2.1030748772542682 (n:0.0) c:1.0
num acquisition: 243, time elapsed: 104.22s
f inputs x:[[0.21307403 0.12539793 0.08353738 0.02972863]] ev:{} outputs y:1.4358149265193008 (n:-0.0) c:1.0
num acquisition: 244, time elapsed: 105.40s
f inputs x:[[-0.60176039  0.27023919  0.69995535  1.        ]] ev:{} outputs y:5.423312839240906 (n:-0.0) c:1.0
num acquisition: 245, time elapsed: 106.25s
[0.29732769 0.20522028 0.07126657 0.03599745]
