INFO:GP:initializing Y
INFO:GP:initializing inference method
INFO:GP:adding kernel and likelihood as parameters
removed robo import in opts.py l17 due to theano errors
f inputs x:[[-0.67546454 -0.2420856   0.65424183 -0.47853428]] ev:{} outputs y:7.299479123194862 (n:0.0) c:1.0
f inputs x:[[ 0.58923821  0.98454997  0.30995329 -0.15429392]] ev:{} outputs y:7.140758979931746 (n:0.0) c:1.0
f inputs x:[[0.52609804 0.10892151 0.49681878 0.78578491]] ev:{} outputs y:5.376016098741646 (n:0.0) c:1.0
f inputs x:[[-0.38557803  0.76661079 -0.20140434 -0.69729102]] ev:{} outputs y:7.072832155924133 (n:-0.0) c:1.0
f inputs x:[[ 0.8323909   0.06367581 -0.09524718 -0.54538842]] ev:{} outputs y:6.8156880902014265 (n:0.0) c:1.0
f inputs x:[[0.55916634 0.1132608  0.54189342 0.84008868]] ev:{} outputs y:5.535586904994207 (n:0.0) c:1.0
num acquisition: 1, time elapsed: 0.20s
f inputs x:[[0.42057514 0.0346123  0.36125267 0.71054805]] ev:{} outputs y:5.211606326809292 (n:-0.0) c:1.0
num acquisition: 2, time elapsed: 0.39s
f inputs x:[[0.43989226 0.25830862 0.18856615 0.74575954]] ev:{} outputs y:5.301626039043529 (n:0.0) c:1.0
num acquisition: 3, time elapsed: 0.65s
f inputs x:[[ 5.75299314e-01 -1.89585966e-01  3.20410768e-04  8.16221550e-01]] ev:{} outputs y:6.398965532961328 (n:0.0) c:1.0
num acquisition: 4, time elapsed: 0.81s
f inputs x:[[0.23140854 0.20588504 0.4284433  0.66905898]] ev:{} outputs y:4.505338012747598 (n:-0.0) c:1.0
num acquisition: 5, time elapsed: 0.97s
f inputs x:[[-0.03151908  0.29923582  0.53682634  0.7339385 ]] ev:{} outputs y:4.609193723222637 (n:-0.0) c:1.0
num acquisition: 6, time elapsed: 1.13s
f inputs x:[[0.14881664 0.24502348 0.56042459 0.52907216]] ev:{} outputs y:4.6464190144286315 (n:0.0) c:1.0
num acquisition: 7, time elapsed: 1.31s
f inputs x:[[0.06193698 0.25886549 0.3520578  0.6864053 ]] ev:{} outputs y:4.838850821379366 (n:-0.0) c:1.0
num acquisition: 8, time elapsed: 1.52s
f inputs x:[[0.15573029 0.27665682 0.63750095 0.78685563]] ev:{} outputs y:4.797124192895401 (n:-0.0) c:1.0
num acquisition: 9, time elapsed: 1.77s
f inputs x:[[-0.77121134  0.78854071  1.          1.        ]] ev:{} outputs y:6.360507639994696 (n:0.0) c:1.0
num acquisition: 10, time elapsed: 1.92s
f inputs x:[[0.02929158 0.06979828 0.58939799 0.64490447]] ev:{} outputs y:4.992302042685471 (n:-0.0) c:1.0
num acquisition: 11, time elapsed: 2.13s
f inputs x:[[-1. -1. -1.  1.]] ev:{} outputs y:9.021936939258861 (n:-0.0) c:1.0
num acquisition: 12, time elapsed: 2.28s
f inputs x:[[0.12637688 0.4202569  0.5190496  0.63381542]] ev:{} outputs y:4.35383467268367 (n:-0.0) c:1.0
num acquisition: 13, time elapsed: 2.42s
f inputs x:[[0.09398927 0.68229527 0.53651453 0.7018388 ]] ev:{} outputs y:5.579896222048714 (n:0.0) c:1.0
num acquisition: 14, time elapsed: 2.62s
f inputs x:[[ 1. -1.  1. -1.]] ev:{} outputs y:9.019956906396628 (n:-0.0) c:1.0
num acquisition: 15, time elapsed: 2.78s
f inputs x:[[0.14555176 0.3042698  0.50697283 0.5740658 ]] ev:{} outputs y:4.295684567031777 (n:0.0) c:1.0
num acquisition: 16, time elapsed: 2.93s
f inputs x:[[ 1. -1. -1. -1.]] ev:{} outputs y:9.36824855615015 (n:0.0) c:1.0
num acquisition: 17, time elapsed: 3.06s
f inputs x:[[0.16221691 0.31928669 0.49595725 0.51568478]] ev:{} outputs y:4.185988432854596 (n:0.0) c:1.0
num acquisition: 18, time elapsed: 3.21s
f inputs x:[[0.18347371 0.33262199 0.46343612 0.43993671]] ev:{} outputs y:3.99240849989036 (n:0.0) c:1.0
num acquisition: 19, time elapsed: 3.37s
f inputs x:[[0.27762682 0.40958623 0.34027484 0.36935415]] ev:{} outputs y:3.5616282748668113 (n:-0.0) c:1.0
num acquisition: 20, time elapsed: 3.56s
f inputs x:[[-0.88427439 -0.62963808  1.          1.        ]] ev:{} outputs y:7.854962399966598 (n:-0.0) c:1.0
num acquisition: 21, time elapsed: 3.72s
f inputs x:[[ 1.  1. -1.  1.]] ev:{} outputs y:8.482694290381872 (n:0.0) c:1.0
num acquisition: 22, time elapsed: 3.88s
f inputs x:[[-1. -1. -1. -1.]] ev:{} outputs y:9.36894784955461 (n:-0.0) c:1.0
num acquisition: 23, time elapsed: 4.06s
f inputs x:[[0.16457088 0.44103536 0.22840807 0.20419434]] ev:{} outputs y:4.384219173209377 (n:0.0) c:1.0
num acquisition: 24, time elapsed: 4.21s
f inputs x:[[0.44462977 0.3912487  0.3577808  0.3360499 ]] ev:{} outputs y:1.4607940888169406 (n:0.0) c:1.0
num acquisition: 25, time elapsed: 4.38s
f inputs x:[[0.61926366 0.36040233 0.39160187 0.25939595]] ev:{} outputs y:4.440309048398981 (n:0.0) c:1.0
num acquisition: 26, time elapsed: 4.58s
f inputs x:[[0.38749323 0.32496251 0.44858296 0.26923526]] ev:{} outputs y:3.480851842198949 (n:0.0) c:1.0
num acquisition: 27, time elapsed: 4.74s
f inputs x:[[0.39182874 0.32163633 0.44942653 0.26469916]] ev:{} outputs y:3.531102795236409 (n:-0.0) c:1.0
num acquisition: 28, time elapsed: 4.90s
f inputs x:[[0.48092998 0.42565858 0.31820619 0.39723905]] ev:{} outputs y:2.9122472553165415 (n:-0.0) c:1.0
num acquisition: 29, time elapsed: 5.11s
f inputs x:[[0.43615579 0.37192212 0.36950092 0.31973341]] ev:{} outputs y:1.6195129946016202 (n:0.0) c:1.0
num acquisition: 30, time elapsed: 5.26s
f inputs x:[[0.43695525 0.44615584 0.3538377  0.28566357]] ev:{} outputs y:1.3720121150791476 (n:0.0) c:1.0
num acquisition: 31, time elapsed: 5.57s
f inputs x:[[0.44217489 0.44484996 0.40045053 0.32289389]] ev:{} outputs y:0.6416744484211171 (n:0.0) c:1.0
num acquisition: 32, time elapsed: 5.96s
f inputs x:[[0.44671236 0.49612583 0.4665138  0.34133494]] ev:{} outputs y:2.2384693863429295 (n:-0.0) c:1.0
num acquisition: 33, time elapsed: 6.23s
f inputs x:[[-0.21040262  0.4475772   0.4215283   0.28957452]] ev:{} outputs y:4.075392840700586 (n:0.0) c:1.0
num acquisition: 34, time elapsed: 6.48s
f inputs x:[[-0.24649603  0.49335854  0.06685904  0.19422195]] ev:{} outputs y:5.0343666380586125 (n:0.0) c:1.0
num acquisition: 35, time elapsed: 6.85s
f inputs x:[[-0.0625305   0.64042415  0.50761656  0.04216893]] ev:{} outputs y:5.753641963165713 (n:-0.0) c:1.0
num acquisition: 36, time elapsed: 7.14s
f inputs x:[[-0.45065675  0.26423998  0.47471522  0.46561607]] ev:{} outputs y:4.106274787330375 (n:-0.0) c:1.0
num acquisition: 37, time elapsed: 7.40s
f inputs x:[[-0.30089515  0.38758373  0.75997578  0.4119974 ]] ev:{} outputs y:5.875354706276645 (n:0.0) c:1.0
num acquisition: 38, time elapsed: 7.70s
f inputs x:[[-0.24161682  0.12613486  0.29737084  0.30603062]] ev:{} outputs y:3.6865962133488512 (n:-0.0) c:1.0
num acquisition: 39, time elapsed: 7.98s
f inputs x:[[-0.36528218  0.25087133  0.16239337  0.52974868]] ev:{} outputs y:4.6086410246605976 (n:0.0) c:1.0
num acquisition: 40, time elapsed: 8.24s
f inputs x:[[-0.48945963  0.21797126  0.34524615  0.15244132]] ev:{} outputs y:4.188068447081877 (n:0.0) c:1.0
num acquisition: 41, time elapsed: 8.44s
f inputs x:[[-0.46496051 -0.08393783  0.38143516  0.37990553]] ev:{} outputs y:5.203426410548419 (n:-0.0) c:1.0
num acquisition: 42, time elapsed: 8.66s
f inputs x:[[-0.13974349  0.15347534  0.32734519  0.01934357]] ev:{} outputs y:4.062228562576267 (n:-0.0) c:1.0
num acquisition: 43, time elapsed: 8.81s
f inputs x:[[-0.1247396   0.02192182  0.0327534   0.16778866]] ev:{} outputs y:2.7926727032434497 (n:-0.0) c:1.0
num acquisition: 44, time elapsed: 9.01s
f inputs x:[[-0.3326863   0.02427476  0.04443698  0.06176256]] ev:{} outputs y:3.215644898540536 (n:-0.0) c:1.0
num acquisition: 45, time elapsed: 9.22s
f inputs x:[[0.50842136 0.48564051 0.38447112 0.34183681]] ev:{} outputs y:1.8816281771443726 (n:-0.0) c:1.0
num acquisition: 46, time elapsed: 9.38s
f inputs x:[[0.51750178 0.5352779  0.39781911 0.36572859]] ev:{} outputs y:2.822899036088389 (n:-0.0) c:1.0
num acquisition: 47, time elapsed: 9.54s
f inputs x:[[-0.12842766 -0.19523651  0.08048624  0.02935751]] ev:{} outputs y:3.3091430824431756 (n:-0.0) c:1.0
num acquisition: 48, time elapsed: 9.87s
f inputs x:[[0.50598432 0.49073225 0.38117985 0.34323386]] ev:{} outputs y:2.036047232574484 (n:-0.0) c:1.0
num acquisition: 49, time elapsed: 10.06s
f inputs x:[[-0.10402752  0.00835976 -0.14716979 -0.04051951]] ev:{} outputs y:2.8527174101179598 (n:0.0) c:1.0
num acquisition: 50, time elapsed: 10.35s
f inputs x:[[0.50563732 0.50435028 0.38043565 0.34859761]] ev:{} outputs y:2.3636990900811643 (n:-0.0) c:1.0
num acquisition: 51, time elapsed: 10.52s
f inputs x:[[0.50101521 0.50382343 0.37977956 0.34791743]] ev:{} outputs y:2.349742575275371 (n:0.0) c:1.0
num acquisition: 52, time elapsed: 10.67s
f inputs x:[[-0.21101417 -0.12317232 -0.18832247  0.16904341]] ev:{} outputs y:3.9100240565663302 (n:-0.0) c:1.0
num acquisition: 53, time elapsed: 10.92s
f inputs x:[[ 0.09990274  0.00933685  0.02152167 -0.02038267]] ev:{} outputs y:1.3717374714129542 (n:0.0) c:1.0
num acquisition: 54, time elapsed: 11.11s
f inputs x:[[ 0.1389119  -0.06225547 -0.07978633  0.06974807]] ev:{} outputs y:2.5693905365236844 (n:0.0) c:1.0
num acquisition: 55, time elapsed: 11.36s
f inputs x:[[ 0.0859361  -0.04250378  0.01582935 -0.17750004]] ev:{} outputs y:2.920077127914628 (n:0.0) c:1.0
num acquisition: 56, time elapsed: 11.55s
f inputs x:[[ 0.07745969  0.15434406 -0.02264822 -0.00083675]] ev:{} outputs y:2.6301958500017477 (n:-0.0) c:1.0
num acquisition: 57, time elapsed: 11.77s
f inputs x:[[ 0.11494924 -0.03033372  0.15110116  0.05351259]] ev:{} outputs y:2.633989008237236 (n:0.0) c:1.0
num acquisition: 58, time elapsed: 11.99s
f inputs x:[[-0.03179748  0.01747661  0.05485808 -0.02545618]] ev:{} outputs y:1.7235895359879372 (n:0.0) c:1.0
num acquisition: 59, time elapsed: 12.31s
f inputs x:[[ 0.31650538  0.03884961  0.01207178 -0.0597336 ]] ev:{} outputs y:2.776865292425759 (n:0.0) c:1.0
num acquisition: 60, time elapsed: 12.65s
f inputs x:[[ 0.23937624  0.05999907 -0.32786102 -0.12850201]] ev:{} outputs y:4.647489462341704 (n:0.0) c:1.0
num acquisition: 61, time elapsed: 12.87s
f inputs x:[[-0.29015281  0.06591395  0.01807769 -0.27728597]] ev:{} outputs y:3.7475019272977748 (n:-0.0) c:1.0
num acquisition: 62, time elapsed: 13.17s
f inputs x:[[0.4940442  0.47985455 0.35385009 0.32901283]] ev:{} outputs y:2.226439800417123 (n:0.0) c:1.0
num acquisition: 63, time elapsed: 13.34s
f inputs x:[[-0.62916625 -0.02294424 -0.28787828 -0.12728164]] ev:{} outputs y:5.9225689931669505 (n:-0.0) c:1.0
num acquisition: 64, time elapsed: 13.52s
f inputs x:[[ 0.33938785 -0.32695545  0.06749197 -0.0511743 ]] ev:{} outputs y:5.001624880484343 (n:0.0) c:1.0
num acquisition: 65, time elapsed: 13.72s
f inputs x:[[-0.92680975  0.79658533 -1.          1.        ]] ev:{} outputs y:8.034734724475006 (n:-0.0) c:1.0
num acquisition: 66, time elapsed: 13.88s
f inputs x:[[ 1.         -1.         -1.          0.66532466]] ev:{} outputs y:9.061354638446119 (n:-0.0) c:1.0
num acquisition: 67, time elapsed: 14.02s
f inputs x:[[0.06859676 0.04569785 0.0395832  0.02372031]] ev:{} outputs y:1.5367611576581806 (n:-0.0) c:1.0
num acquisition: 68, time elapsed: 14.23s
f inputs x:[[0.07105778 0.04770605 0.03920047 0.02700823]] ev:{} outputs y:1.5507309184056444 (n:0.0) c:1.0
num acquisition: 69, time elapsed: 14.41s
f inputs x:[[0.86967367 0.63140246 0.57953911 0.58131043]] ev:{} outputs y:5.948473745904975 (n:0.0) c:1.0
num acquisition: 70, time elapsed: 14.57s
f inputs x:[[ 1.  1. -1. -1.]] ev:{} outputs y:9.019956906396628 (n:-0.0) c:1.0
num acquisition: 71, time elapsed: 14.71s
f inputs x:[[-1.  1.  1. -1.]] ev:{} outputs y:8.482694290381872 (n:0.0) c:1.0
num acquisition: 72, time elapsed: 14.87s
f inputs x:[[ 1. -1.  1.  1.]] ev:{} outputs y:8.482694290381872 (n:0.0) c:1.0
num acquisition: 73, time elapsed: 15.04s
f inputs x:[[ 1.          0.60259145  1.         -1.        ]] ev:{} outputs y:8.477146751942273 (n:0.0) c:1.0
num acquisition: 74, time elapsed: 15.19s
f inputs x:[[-0.10041657 -1.         -1.         -0.04168692]] ev:{} outputs y:8.730071073849665 (n:0.0) c:1.0
num acquisition: 75, time elapsed: 15.37s
f inputs x:[[0.07535185 0.04966154 0.03830048 0.02606957]] ev:{} outputs y:1.5400726791867472 (n:-0.0) c:1.0
num acquisition: 76, time elapsed: 15.56s
f inputs x:[[0.07454375 0.04867362 0.03676529 0.0271924 ]] ev:{} outputs y:1.53565039031552 (n:-0.0) c:1.0
num acquisition: 77, time elapsed: 15.73s
f inputs x:[[-1.  1. -1. -1.]] ev:{} outputs y:9.02094741289393 (n:-0.0) c:1.0
num acquisition: 78, time elapsed: 15.89s
f inputs x:[[-0.06344189 -1.          0.09591627 -1.        ]] ev:{} outputs y:7.812890186120323 (n:0.0) c:1.0
num acquisition: 79, time elapsed: 16.07s
f inputs x:[[ 0.05899552 -1.          1.          0.07598469]] ev:{} outputs y:7.835719340051421 (n:0.0) c:1.0
num acquisition: 80, time elapsed: 16.26s
f inputs x:[[ 0.03961339 -0.02548593 -1.          1.        ]] ev:{} outputs y:6.795477935183672 (n:0.0) c:1.0
num acquisition: 81, time elapsed: 16.44s
f inputs x:[[-1.          1.          0.15972897  0.34814183]] ev:{} outputs y:7.603265906921774 (n:-0.0) c:1.0
num acquisition: 82, time elapsed: 16.62s
f inputs x:[[ 0.0549907   1.         -1.          0.07834316]] ev:{} outputs y:8.691190816770884 (n:-0.0) c:1.0
num acquisition: 83, time elapsed: 16.77s
f inputs x:[[-0.17544925 -1.          0.00662009  1.        ]] ev:{} outputs y:7.883940457675714 (n:0.0) c:1.0
num acquisition: 84, time elapsed: 16.95s
f inputs x:[[ 0.01513457 -0.02482062 -1.         -1.        ]] ev:{} outputs y:8.37325980675367 (n:-0.0) c:1.0
num acquisition: 85, time elapsed: 17.12s
f inputs x:[[-1.         -1.          0.02442014  0.04069733]] ev:{} outputs y:8.636803512309122 (n:-0.0) c:1.0
num acquisition: 86, time elapsed: 17.26s
f inputs x:[[ 1.          0.0994286  -1.          0.07072981]] ev:{} outputs y:8.210929227730746 (n:0.0) c:1.0
num acquisition: 87, time elapsed: 17.47s
f inputs x:[[ 1.         -1.          0.10481056 -0.03107693]] ev:{} outputs y:8.611340541625989 (n:-0.0) c:1.0
num acquisition: 88, time elapsed: 17.68s
f inputs x:[[-1.          0.04978489 -0.02309161  1.        ]] ev:{} outputs y:7.652436284428923 (n:0.0) c:1.0
num acquisition: 89, time elapsed: 17.89s
f inputs x:[[ 0.20693452  0.18656157  0.27369927 -0.31361907]] ev:{} outputs y:4.742141714478557 (n:0.0) c:1.0
num acquisition: 90, time elapsed: 18.14s
f inputs x:[[0.08666075 0.0607048  0.03551687 0.05631508]] ev:{} outputs y:1.7411405754264457 (n:0.0) c:1.0
num acquisition: 91, time elapsed: 18.38s
f inputs x:[[ 0.09908666 -0.06510546  1.         -1.        ]] ev:{} outputs y:8.370056414737903 (n:0.0) c:1.0
num acquisition: 92, time elapsed: 18.58s
f inputs x:[[-1.         -0.07192194 -0.18221472 -1.        ]] ev:{} outputs y:7.780070900313062 (n:-0.0) c:1.0
num acquisition: 93, time elapsed: 18.79s
f inputs x:[[-1.         -0.01945359 -1.          0.17152978]] ev:{} outputs y:8.218898846300098 (n:-0.0) c:1.0
num acquisition: 94, time elapsed: 19.00s
f inputs x:[[-1. -1.  1. -1.]] ev:{} outputs y:9.02094741289393 (n:-0.0) c:1.0
num acquisition: 95, time elapsed: 19.24s
f inputs x:[[0.09859393 0.07039904 0.03937527 0.06741474]] ev:{} outputs y:1.852065004679679 (n:-0.0) c:1.0
num acquisition: 96, time elapsed: 19.44s
f inputs x:[[0.09539209 0.06729846 0.03759607 0.06480597]] ev:{} outputs y:1.8213214770424995 (n:0.0) c:1.0
num acquisition: 97, time elapsed: 19.63s
f inputs x:[[-0.07066454  1.         -0.26479827  1.        ]] ev:{} outputs y:7.995592675547582 (n:-0.0) c:1.0
num acquisition: 98, time elapsed: 19.85s
f inputs x:[[-1.          0.45196996  1.          0.03030828]] ev:{} outputs y:7.982499913599781 (n:-0.0) c:1.0
num acquisition: 99, time elapsed: 20.08s
f inputs x:[[ 0.0402565  1.         1.        -1.       ]] ev:{} outputs y:8.471774690448541 (n:0.0) c:1.0
num acquisition: 100, time elapsed: 20.27s
f inputs x:[[ 1.         -0.30311003  1.         -0.06979119]] ev:{} outputs y:8.407806254354217 (n:-0.0) c:1.0
num acquisition: 101, time elapsed: 20.46s
f inputs x:[[ 1.         1.         0.0393497 -1.       ]] ev:{} outputs y:7.855182029575411 (n:0.0) c:1.0
num acquisition: 102, time elapsed: 20.68s
f inputs x:[[-0.19937721 -0.35958533 -0.15858872 -0.33117799]] ev:{} outputs y:5.420260868973178 (n:-0.0) c:1.0
num acquisition: 103, time elapsed: 20.89s
f inputs x:[[ 0.10884061 -0.35643443  1.          1.        ]] ev:{} outputs y:6.628976704160409 (n:-0.0) c:1.0
num acquisition: 104, time elapsed: 21.13s
f inputs x:[[-1.          1.         -1.          0.02498453]] ev:{} outputs y:8.715147623255916 (n:0.0) c:1.0
num acquisition: 105, time elapsed: 21.42s
f inputs x:[[ 1.         -0.66360398  0.00233976 -1.        ]] ev:{} outputs y:8.256210232636102 (n:-0.0) c:1.0
num acquisition: 106, time elapsed: 21.64s
f inputs x:[[0.11122349 0.08187409 0.04398677 0.0788487 ]] ev:{} outputs y:1.9732401354301687 (n:0.0) c:1.0
num acquisition: 107, time elapsed: 21.89s
f inputs x:[[ 1.         -0.01303063 -0.68990914  1.        ]] ev:{} outputs y:7.596270187434116 (n:-0.0) c:1.0
num acquisition: 108, time elapsed: 22.14s
f inputs x:[[1.         1.         0.06042424 1.        ]] ev:{} outputs y:7.837850203087966 (n:-0.0) c:1.0
num acquisition: 109, time elapsed: 22.38s
f inputs x:[[-1.         -1.          1.          0.10971608]] ev:{} outputs y:8.691777169992307 (n:0.0) c:1.0
num acquisition: 110, time elapsed: 22.65s
f inputs x:[[1. 1. 1. 1.]] ev:{} outputs y:7.2343800236235465 (n:-0.0) c:1.0
num acquisition: 111, time elapsed: 22.91s
f inputs x:[[-0.07534768 -0.25954995  0.0361884   0.51103515]] ev:{} outputs y:5.004712159740443 (n:0.0) c:1.0
num acquisition: 112, time elapsed: 23.19s
f inputs x:[[0.11425265 0.08689778 0.0452633  0.07715527]] ev:{} outputs y:1.9753308044278357 (n:-0.0) c:1.0
num acquisition: 113, time elapsed: 23.42s
f inputs x:[[ 1.        -1.        -0.0209591  1.       ]] ev:{} outputs y:8.719839884442084 (n:0.0) c:1.0
num acquisition: 114, time elapsed: 23.71s
f inputs x:[[ 0.01679912  1.         -1.         -1.        ]] ev:{} outputs y:9.014877468834689 (n:-0.0) c:1.0
num acquisition: 115, time elapsed: 23.97s
f inputs x:[[ 0.02551279  0.09258384  0.03728784 -1.        ]] ev:{} outputs y:6.061191881413629 (n:0.0) c:1.0
num acquisition: 116, time elapsed: 24.22s
f inputs x:[[0.12031857 0.09255545 0.04705024 0.08184518]] ev:{} outputs y:2.0246206963097544 (n:0.0) c:1.0
num acquisition: 117, time elapsed: 24.45s
f inputs x:[[ 1.          1.         -0.55761581 -0.00216553]] ev:{} outputs y:8.156882878887581 (n:0.0) c:1.0
num acquisition: 118, time elapsed: 24.70s
f inputs x:[[-0.15174922  0.16264027 -0.43498953  0.46946393]] ev:{} outputs y:4.7493556231611365 (n:0.0) c:1.0
num acquisition: 119, time elapsed: 24.97s
f inputs x:[[ 0.04561614 -1.         -1.          1.        ]] ev:{} outputs y:8.476519802644802 (n:0.0) c:1.0
num acquisition: 120, time elapsed: 25.27s
f inputs x:[[-0.01854141 -0.05410857 -0.81096439  0.1463636 ]] ev:{} outputs y:6.798056217704888 (n:0.0) c:1.0
num acquisition: 121, time elapsed: 25.54s
f inputs x:[[8.56941386e-04 1.00000000e+00 1.00000000e+00 1.00000000e+00]] ev:{} outputs y:7.204109448514411 (n:0.0) c:1.0
num acquisition: 122, time elapsed: 25.80s
f inputs x:[[0.13233896 0.1059126  0.04804288 0.09347752]] ev:{} outputs y:2.1497453832589386 (n:-0.0) c:1.0
num acquisition: 123, time elapsed: 26.07s
f inputs x:[[ 1.          0.00724536 -1.         -1.        ]] ev:{} outputs y:8.711988106891583 (n:-0.0) c:1.0
num acquisition: 124, time elapsed: 26.42s
f inputs x:[[-0.56294744  0.38232012  0.22728079 -0.28322148]] ev:{} outputs y:4.61962457908314 (n:-0.0) c:1.0
num acquisition: 125, time elapsed: 26.73s
f inputs x:[[-1.          0.20595015  0.14783239  0.02612204]] ev:{} outputs y:7.269619989211339 (n:-0.0) c:1.0
num acquisition: 126, time elapsed: 27.04s
f inputs x:[[-0.15535642  0.01955143 -0.22783943  1.        ]] ev:{} outputs y:5.894668011064428 (n:0.0) c:1.0
num acquisition: 127, time elapsed: 27.34s
f inputs x:[[-1.         -1.          0.00574503 -1.        ]] ev:{} outputs y:8.713753364286982 (n:0.0) c:1.0
num acquisition: 128, time elapsed: 27.57s
f inputs x:[[0.13044905 0.10874688 0.05039743 0.09138811]] ev:{} outputs y:2.156265211721246 (n:-0.0) c:1.0
num acquisition: 129, time elapsed: 27.94s
f inputs x:[[-0.5107082   0.17226381  0.62825471  1.        ]] ev:{} outputs y:5.35231645978956 (n:0.0) c:1.0
num acquisition: 130, time elapsed: 28.22s
f inputs x:[[-1.         1.         0.0776389 -1.       ]] ev:{} outputs y:7.836358777846341 (n:0.0) c:1.0
num acquisition: 131, time elapsed: 28.54s
f inputs x:[[ 0.01389446 -1.          0.01293745  0.04871382]] ev:{} outputs y:7.682476849708119 (n:-0.0) c:1.0
num acquisition: 132, time elapsed: 28.84s
f inputs x:[[ 0.00937223 -1.         -1.         -1.        ]] ev:{} outputs y:9.015953815228556 (n:-0.0) c:1.0
num acquisition: 133, time elapsed: 29.13s
f inputs x:[[0.12716579 0.10622794 0.04893465 0.08753178]] ev:{} outputs y:2.1227331698832077 (n:0.0) c:1.0
num acquisition: 134, time elapsed: 29.43s
f inputs x:[[-0.24042922  0.32519558  0.40694389 -0.52960617]] ev:{} outputs y:5.866662857632821 (n:-0.0) c:1.0
num acquisition: 135, time elapsed: 29.72s
f inputs x:[[ 0.00304647 -1.          1.         -1.        ]] ev:{} outputs y:8.474102066496197 (n:0.0) c:1.0
num acquisition: 136, time elapsed: 30.07s
f inputs x:[[-0.34075207  1.          1.         -0.09514221]] ev:{} outputs y:7.877351343508956 (n:-0.0) c:1.0
num acquisition: 137, time elapsed: 30.33s
f inputs x:[[ 1.          1.          1.         -0.03788035]] ev:{} outputs y:7.919544351947779 (n:-0.0) c:1.0
num acquisition: 138, time elapsed: 30.61s
f inputs x:[[-1.         -1.          0.12602653  1.        ]] ev:{} outputs y:8.675686981112587 (n:0.0) c:1.0
num acquisition: 139, time elapsed: 30.97s
f inputs x:[[0.13066125 0.10855458 0.05006034 0.08913148]] ev:{} outputs y:2.135288359242272 (n:0.0) c:1.0
num acquisition: 140, time elapsed: 31.32s
f inputs x:[[0.12711318 0.1057662  0.04891544 0.08694956]] ev:{} outputs y:2.115421790416444 (n:-0.0) c:1.0
num acquisition: 141, time elapsed: 31.62s
f inputs x:[[-1.          0.07534448  1.         -1.        ]] ev:{} outputs y:8.691252871728652 (n:0.0) c:1.0
num acquisition: 142, time elapsed: 31.91s
f inputs x:[[-1.          0.02416622 -1.         -1.        ]] ev:{} outputs y:8.708722331424813 (n:0.0) c:1.0
num acquisition: 143, time elapsed: 32.25s
f inputs x:[[-1.         0.1646566  1.         1.       ]] ev:{} outputs y:7.755487906068132 (n:-0.0) c:1.0
num acquisition: 144, time elapsed: 32.58s
f inputs x:[[-0.49256647 -0.23574562 -0.38922199  0.55887908]] ev:{} outputs y:5.907151729023877 (n:-0.0) c:1.0
num acquisition: 145, time elapsed: 32.91s
f inputs x:[[-0.30611549 -0.12433974  0.29660384 -0.19315746]] ev:{} outputs y:4.9069274703821835 (n:-0.0) c:1.0
num acquisition: 146, time elapsed: 33.31s
f inputs x:[[-1.         -1.         -1.          0.00724483]] ev:{} outputs y:9.166277386030783 (n:0.0) c:1.0
num acquisition: 147, time elapsed: 33.65s
f inputs x:[[-0.47983728  0.63881428  0.37096848  0.79494476]] ev:{} outputs y:5.383824917355161 (n:0.0) c:1.0
num acquisition: 148, time elapsed: 34.07s
f inputs x:[[-1.          1.          0.37882106  1.        ]] ev:{} outputs y:7.5228433236790515 (n:0.0) c:1.0
num acquisition: 149, time elapsed: 34.43s
f inputs x:[[-1.        -0.0742394 -1.         1.       ]] ev:{} outputs y:7.937230043365756 (n:0.0) c:1.0
num acquisition: 150, time elapsed: 34.80s
f inputs x:[[1.         0.00672769 1.         1.        ]] ev:{} outputs y:7.875447421926312 (n:-0.0) c:1.0
num acquisition: 151, time elapsed: 35.17s
f inputs x:[[-0.15971404 -0.17662103  1.          0.13072409]] ev:{} outputs y:7.568914441719522 (n:-0.0) c:1.0
num acquisition: 152, time elapsed: 35.55s
f inputs x:[[-0.52258097  0.41933074 -0.38013021  0.33158882]] ev:{} outputs y:5.5095974188300785 (n:-0.0) c:1.0
num acquisition: 153, time elapsed: 35.98s
f inputs x:[[-0.17107296 -0.20240625  0.35948513  1.        ]] ev:{} outputs y:5.678155991513089 (n:0.0) c:1.0
num acquisition: 154, time elapsed: 36.33s
f inputs x:[[-0.07629681 -1.          1.          1.        ]] ev:{} outputs y:7.217839883737907 (n:-0.0) c:1.0
num acquisition: 155, time elapsed: 36.74s
f inputs x:[[-0.10055917  0.20537226 -0.29978361 -0.46673024]] ev:{} outputs y:5.560225125425955 (n:-0.0) c:1.0
num acquisition: 156, time elapsed: 37.12s
f inputs x:[[0.14197612 0.11317785 0.05115209 0.0952117 ]] ev:{} outputs y:2.164403152490399 (n:-0.0) c:1.0
num acquisition: 157, time elapsed: 37.56s
f inputs x:[[ 0.07745515  0.75352455 -1.          1.        ]] ev:{} outputs y:7.887761088863167 (n:-0.0) c:1.0
num acquisition: 158, time elapsed: 37.96s
f inputs x:[[ 1.         -1.         -1.         -0.16017271]] ev:{} outputs y:9.196150630981226 (n:-0.0) c:1.0
num acquisition: 159, time elapsed: 38.37s
f inputs x:[[ 0.1683236   1.          0.08633829 -1.        ]] ev:{} outputs y:7.792235018281014 (n:-0.0) c:1.0
num acquisition: 160, time elapsed: 38.77s
f inputs x:[[-0.38000197  1.          0.06918201 -0.09644788]] ev:{} outputs y:7.528943292824074 (n:0.0) c:1.0
num acquisition: 161, time elapsed: 39.27s
f inputs x:[[ 0.36819634  0.1015921  -0.38616613  0.3969277 ]] ev:{} outputs y:4.5107487665119015 (n:0.0) c:1.0
num acquisition: 162, time elapsed: 39.65s
f inputs x:[[0.14392615 0.11457448 0.05227082 0.0966602 ]] ev:{} outputs y:2.1761666428097555 (n:-0.0) c:1.0
num acquisition: 163, time elapsed: 40.09s
f inputs x:[[ 0.63433081 -0.19147621 -0.31403953  0.16300917]] ev:{} outputs y:6.2194816614451724 (n:-0.0) c:1.0
num acquisition: 164, time elapsed: 40.54s
f inputs x:[[ 0.2787553   0.29073392 -0.42307253  0.78115357]] ev:{} outputs y:5.452175432707067 (n:0.0) c:1.0
num acquisition: 165, time elapsed: 40.95s
f inputs x:[[ 0.15008927 -0.25515677 -0.43435935  0.59087495]] ev:{} outputs y:5.289041026799952 (n:-0.0) c:1.0
num acquisition: 166, time elapsed: 41.30s
f inputs x:[[-0.14886516  0.28107294  1.          1.        ]] ev:{} outputs y:6.6626572238875506 (n:0.0) c:1.0
num acquisition: 167, time elapsed: 41.73s
f inputs x:[[ 0.19539887  0.45958828 -0.44097041  0.23291924]] ev:{} outputs y:5.985256016428682 (n:0.0) c:1.0
num acquisition: 168, time elapsed: 42.17s
f inputs x:[[ 1.         -0.07239761  0.56321216 -1.        ]] ev:{} outputs y:8.057903975234467 (n:0.0) c:1.0
num acquisition: 169, time elapsed: 42.63s
f inputs x:[[ 0.38375681  0.38816937 -0.01030594 -0.17366515]] ev:{} outputs y:4.104408505680078 (n:-0.0) c:1.0
num acquisition: 170, time elapsed: 43.08s
f inputs x:[[0.11252448 0.08758404 0.05314295 0.08478381]] ev:{} outputs y:2.0617181023900724 (n:0.0) c:1.0
num acquisition: 171, time elapsed: 43.47s
f inputs x:[[ 0.42770283  0.51322497 -0.3817427  -0.47398764]] ev:{} outputs y:6.427179256104002 (n:-0.0) c:1.0
num acquisition: 172, time elapsed: 43.93s
f inputs x:[[ 0.21835287 -0.38478314  0.33276361 -0.52529781]] ev:{} outputs y:5.828429261167472 (n:-0.0) c:1.0
num acquisition: 173, time elapsed: 44.46s
f inputs x:[[ 0.32400231 -0.40490525 -0.37248619 -0.53087179]] ev:{} outputs y:6.4888264464406875 (n:-0.0) c:1.0
num acquisition: 174, time elapsed: 44.86s
f inputs x:[[ 0.29573535 -0.55198894  0.4394544   0.53415818]] ev:{} outputs y:5.5304020434591505 (n:-0.0) c:1.0
num acquisition: 175, time elapsed: 45.32s
f inputs x:[[ 1.        -1.         1.         0.1280193]] ev:{} outputs y:8.68540603165354 (n:0.0) c:1.0
num acquisition: 176, time elapsed: 45.84s
f inputs x:[[0.12848709 0.09515746 0.06766994 0.09510026]] ev:{} outputs y:2.1524619598429062 (n:-0.0) c:1.0
num acquisition: 177, time elapsed: 46.31s
f inputs x:[[-1.          0.55499452 -0.32932235 -0.37072517]] ev:{} outputs y:7.301232708533559 (n:0.0) c:1.0
num acquisition: 178, time elapsed: 46.86s
f inputs x:[[1.         0.21564377 0.1359065  1.        ]] ev:{} outputs y:7.495637982182108 (n:0.0) c:1.0
num acquisition: 179, time elapsed: 47.40s
f inputs x:[[-0.45770411 -0.02638672  0.0466928  -0.67797409]] ev:{} outputs y:5.669454816899237 (n:-0.0) c:1.0
num acquisition: 180, time elapsed: 47.87s
f inputs x:[[-1.          1.         -0.33245857  1.        ]] ev:{} outputs y:8.040011349953197 (n:0.0) c:1.0
num acquisition: 181, time elapsed: 48.56s
f inputs x:[[0.12830975 0.09437359 0.0672474  0.09515597]] ev:{} outputs y:2.1497650248987976 (n:0.0) c:1.0
num acquisition: 182, time elapsed: 49.12s
f inputs x:[[ 0.46998984 -0.25593145 -1.          0.54745992]] ev:{} outputs y:7.442465280308113 (n:0.0) c:1.0
num acquisition: 183, time elapsed: 49.60s
f inputs x:[[0.39604043 1.         0.4042539  1.        ]] ev:{} outputs y:7.322726516908881 (n:-0.0) c:1.0
num acquisition: 184, time elapsed: 50.09s
f inputs x:[[ 0.38076375  0.39023189  1.         -0.33284836]] ev:{} outputs y:7.856305544804063 (n:-0.0) c:1.0
num acquisition: 185, time elapsed: 50.61s
f inputs x:[[-0.52354288 -0.39973577  0.01522742  0.16809445]] ev:{} outputs y:6.108317321160464 (n:-0.0) c:1.0
num acquisition: 186, time elapsed: 51.14s
f inputs x:[[-0.37829119  0.31679374 -1.         -0.32188643]] ev:{} outputs y:7.999354759124827 (n:-0.0) c:1.0
num acquisition: 187, time elapsed: 51.66s
f inputs x:[[-0.38461653  0.3155857  -0.07902868 -0.10200139]] ev:{} outputs y:3.8034550155919296 (n:-0.0) c:1.0
num acquisition: 188, time elapsed: 52.20s
f inputs x:[[0.11930995 0.09300962 0.06185576 0.09013361]] ev:{} outputs y:2.12312707587175 (n:0.0) c:1.0
num acquisition: 189, time elapsed: 52.75s
f inputs x:[[-0.25094908 -0.37057199 -0.29351186 -1.        ]] ev:{} outputs y:6.724625935291782 (n:0.0) c:1.0
num acquisition: 190, time elapsed: 53.25s
f inputs x:[[-1.          1.          1.          0.48167893]] ev:{} outputs y:7.582140326748517 (n:-0.0) c:1.0
num acquisition: 191, time elapsed: 53.77s
f inputs x:[[ 0.40034884 -0.49709724  0.44398109  1.        ]] ev:{} outputs y:6.090370565978997 (n:-0.0) c:1.0
num acquisition: 192, time elapsed: 54.30s
f inputs x:[[-0.56190675  0.39389206  0.33244727 -1.        ]] ev:{} outputs y:6.497440460579761 (n:-0.0) c:1.0
num acquisition: 193, time elapsed: 54.85s
f inputs x:[[-0.42409645  0.31030572 -0.59840134  0.84419907]] ev:{} outputs y:5.640615443380682 (n:-0.0) c:1.0
num acquisition: 194, time elapsed: 55.37s
f inputs x:[[-1.         -0.21714517  0.67847312  0.36742282]] ev:{} outputs y:7.801977560487842 (n:-0.0) c:1.0
num acquisition: 195, time elapsed: 55.92s
f inputs x:[[-0.12129716  0.43054473  0.09062517 -0.26407825]] ev:{} outputs y:4.931674921108386 (n:0.0) c:1.0
num acquisition: 196, time elapsed: 56.61s
f inputs x:[[ 0.35271347 -0.68839891 -0.17814709  0.53295301]] ev:{} outputs y:6.934536818840257 (n:-0.0) c:1.0
num acquisition: 197, time elapsed: 57.13s
f inputs x:[[0.11818455 0.08440581 0.05898025 0.08938468]] ev:{} outputs y:2.0797260284836954 (n:-0.0) c:1.0
num acquisition: 198, time elapsed: 57.75s
f inputs x:[[-0.58688166  0.57680245  0.36250806  0.31716962]] ev:{} outputs y:4.034174977565044 (n:0.0) c:1.0
num acquisition: 199, time elapsed: 58.35s
f inputs x:[[0.4586728  0.42618115 0.41466704 0.31838604]] ev:{} outputs y:0.8304102935054142 (n:0.0) c:1.0
num acquisition: 200, time elapsed: 59.02s
f inputs x:[[ 0.32938426  0.20870504  0.20485759 -0.0189376 ]] ev:{} outputs y:2.4908129958536414 (n:0.0) c:1.0
num acquisition: 201, time elapsed: 59.98s
f inputs x:[[ 0.4367014   0.20309063 -0.05573438  0.09558331]] ev:{} outputs y:3.3645298018180423 (n:-0.0) c:1.0
num acquisition: 202, time elapsed: 60.60s
f inputs x:[[0.11816374 0.08167301 0.0637234  0.08553564]] ev:{} outputs y:2.048703967234358 (n:-0.0) c:1.0
num acquisition: 203, time elapsed: 61.25s
f inputs x:[[ 0.4331837  -0.05378303  0.36758361 -0.07509327]] ev:{} outputs y:5.244800584515326 (n:-0.0) c:1.0
num acquisition: 204, time elapsed: 61.80s
f inputs x:[[-0.40403959  0.14203639 -0.11317357  0.28345579]] ev:{} outputs y:4.088181492141013 (n:0.0) c:1.0
num acquisition: 205, time elapsed: 62.40s
f inputs x:[[ 0.09242555  0.06770885 -0.13678001  0.52862295]] ev:{} outputs y:4.743960845505947 (n:-0.0) c:1.0
num acquisition: 206, time elapsed: 63.21s
f inputs x:[[-0.78590315  0.3698845   0.30956366  0.5581155 ]] ev:{} outputs y:5.9897031983421165 (n:-0.0) c:1.0
num acquisition: 207, time elapsed: 63.91s
f inputs x:[[ 1.          0.28894027 -0.20257141  0.06427035]] ev:{} outputs y:7.215826721374582 (n:-0.0) c:1.0
num acquisition: 208, time elapsed: 64.56s
f inputs x:[[-0.02400001 -0.26140933  0.40978995  0.28077004]] ev:{} outputs y:4.183844364631225 (n:-0.0) c:1.0
num acquisition: 209, time elapsed: 65.32s
f inputs x:[[-0.33554282  1.          0.45853476  0.47327256]] ev:{} outputs y:7.180576656685777 (n:0.0) c:1.0
num acquisition: 210, time elapsed: 65.95s
f inputs x:[[-1.          1.          0.50188518 -0.33097809]] ev:{} outputs y:7.481826980421879 (n:0.0) c:1.0
num acquisition: 211, time elapsed: 66.64s
f inputs x:[[0.08888358 0.07086028 0.04761603 0.06323954]] ev:{} outputs y:1.870744286649634 (n:-0.0) c:1.0
num acquisition: 212, time elapsed: 67.43s
f inputs x:[[ 0.04266346 -0.4970344   0.44227461 -0.04482637]] ev:{} outputs y:5.278163516851643 (n:-0.0) c:1.0
num acquisition: 213, time elapsed: 68.04s
f inputs x:[[ 0.42793293 -1.          0.47308791 -0.48820372]] ev:{} outputs y:7.705029891555229 (n:-0.0) c:1.0
num acquisition: 214, time elapsed: 68.79s
f inputs x:[[ 0.51622482  0.26252492 -0.28219193 -1.        ]] ev:{} outputs y:6.521972433715311 (n:0.0) c:1.0
num acquisition: 215, time elapsed: 69.61s
f inputs x:[[-0.23033967 -0.57562126  0.49490248  0.50915915]] ev:{} outputs y:5.3867072510657925 (n:0.0) c:1.0
num acquisition: 216, time elapsed: 70.29s
f inputs x:[[-0.24830322  0.36182166  0.20655829  1.        ]] ev:{} outputs y:5.934549764513191 (n:0.0) c:1.0
num acquisition: 217, time elapsed: 71.13s
f inputs x:[[ 1.         -0.38462552  0.3751639   0.5045877 ]] ev:{} outputs y:7.827724408399497 (n:-0.0) c:1.0
num acquisition: 218, time elapsed: 72.00s
f inputs x:[[0.0877427  0.06957439 0.04714789 0.06177536]] ev:{} outputs y:1.8553091875829932 (n:0.0) c:1.0
num acquisition: 219, time elapsed: 72.81s
f inputs x:[[-0.44941114 -1.          0.52460447 -0.38348934]] ev:{} outputs y:7.6970253381774745 (n:0.0) c:1.0
num acquisition: 220, time elapsed: 73.46s
f inputs x:[[-0.59836171  0.44536645  0.07325039  0.12172971]] ev:{} outputs y:4.533593886900931 (n:-0.0) c:1.0
num acquisition: 221, time elapsed: 74.08s
f inputs x:[[-0.38103395 -0.41296043 -1.          0.60520917]] ev:{} outputs y:7.5311020216927735 (n:0.0) c:1.0
num acquisition: 222, time elapsed: 74.96s
f inputs x:[[ 0.30204212  0.44624483  0.33293886 -0.09265055]] ev:{} outputs y:4.313362788990623 (n:-0.0) c:1.0
num acquisition: 223, time elapsed: 75.59s
f inputs x:[[-0.50809689  0.51530714  0.48485185 -0.01093863]] ev:{} outputs y:4.685730638666112 (n:0.0) c:1.0
num acquisition: 224, time elapsed: 76.29s
f inputs x:[[ 0.46117315  0.3565255  -1.         -0.36565286]] ev:{} outputs y:8.046453035751949 (n:-0.0) c:1.0
num acquisition: 225, time elapsed: 77.16s
f inputs x:[[-0.29382596 -0.32586398  0.39073915 -1.        ]] ev:{} outputs y:6.742521960030931 (n:-0.0) c:1.0
num acquisition: 226, time elapsed: 77.91s
f inputs x:[[0.08421366 0.062648   0.04242762 0.05797153]] ev:{} outputs y:1.788725374173281 (n:-0.0) c:1.0
num acquisition: 227, time elapsed: 78.59s
f inputs x:[[0.08298123 0.06146446 0.04169686 0.0567567 ]] ev:{} outputs y:1.7751318936970286 (n:-0.0) c:1.0
num acquisition: 228, time elapsed: 79.26s
f inputs x:[[0.47260072 0.48314722 1.         1.        ]] ev:{} outputs y:6.358358132973677 (n:-0.0) c:1.0
num acquisition: 229, time elapsed: 80.09s
f inputs x:[[-1.         -0.46225436 -0.44615138 -0.39081686]] ev:{} outputs y:8.088173731172976 (n:0.0) c:1.0
num acquisition: 230, time elapsed: 81.23s
f inputs x:[[ 1.          0.52056957  0.34944308 -0.43179162]] ev:{} outputs y:7.084619665938778 (n:-0.0) c:1.0
num acquisition: 231, time elapsed: 81.95s
f inputs x:[[ 0.32773243 -0.21713677 -0.4460834   1.        ]] ev:{} outputs y:5.879776211008659 (n:-0.0) c:1.0
num acquisition: 232, time elapsed: 82.64s
f inputs x:[[ 0.4191022  -0.37464011  1.          0.48291787]] ev:{} outputs y:7.294229059815238 (n:-0.0) c:1.0
num acquisition: 233, time elapsed: 83.33s
f inputs x:[[-0.36408606  0.41244465 -1.          0.49567985]] ev:{} outputs y:7.49275055642226 (n:-0.0) c:1.0
num acquisition: 234, time elapsed: 84.23s
f inputs x:[[ 0.68863874  0.50018246 -0.60075771  0.58085077]] ev:{} outputs y:6.444783686293007 (n:-0.0) c:1.0
num acquisition: 235, time elapsed: 85.03s
f inputs x:[[ 0.31505037 -0.19593088  0.15689938  0.3402565 ]] ev:{} outputs y:4.683971163689369 (n:0.0) c:1.0
num acquisition: 236, time elapsed: 86.06s
f inputs x:[[ 0.47223968 -1.         -0.37205761 -0.56473301]] ev:{} outputs y:8.205681476472519 (n:-0.0) c:1.0
num acquisition: 237, time elapsed: 86.83s
f inputs x:[[ 0.03641382 -0.40934932 -0.36973119  0.0520784 ]] ev:{} outputs y:5.750965630445661 (n:0.0) c:1.0
num acquisition: 238, time elapsed: 87.79s
f inputs x:[[-0.2936479  -0.47891009 -0.42989207  1.        ]] ev:{} outputs y:6.540613974895605 (n:-0.0) c:1.0
num acquisition: 239, time elapsed: 88.78s
f inputs x:[[ 0.38601946  0.37593686  0.38485218 -1.        ]] ev:{} outputs y:6.57860578605419 (n:0.0) c:1.0
num acquisition: 240, time elapsed: 89.74s
f inputs x:[[-0.42320988  0.36292047  1.         -0.47457023]] ev:{} outputs y:7.971884112289774 (n:0.0) c:1.0
num acquisition: 241, time elapsed: 90.57s
f inputs x:[[ 0.32303347 -1.          0.5113674   0.74433463]] ev:{} outputs y:7.400575791332834 (n:-0.0) c:1.0
num acquisition: 242, time elapsed: 91.50s
f inputs x:[[0.61583177 0.43369481 0.47333859 0.47823911]] ev:{} outputs y:3.9860965658389813 (n:-0.0) c:1.0
num acquisition: 243, time elapsed: 92.55s
f inputs x:[[1.         1.         0.31612522 0.31299549]] ev:{} outputs y:7.4541066147305575 (n:0.0) c:1.0
num acquisition: 244, time elapsed: 93.74s
f inputs x:[[-0.26946661  0.21823638 -0.38463161  0.04157012]] ev:{} outputs y:4.906116230773033 (n:-0.0) c:1.0
num acquisition: 245, time elapsed: 94.64s
[0.44217489 0.44484996 0.40045053 0.32289389]
