INFO:GP:initializing Y
INFO:GP:initializing inference method
INFO:GP:adding kernel and likelihood as parameters
removed robo import in opts.py l17 due to theano errors
f inputs x:[[ 0.75294082 -0.74413768 -0.62294488  0.22986759]] ev:{} outputs y:7.994267022893626 (n:-0.0) c:1.0
f inputs x:[[ 2.23010747e-03  4.27348803e-01  8.99141564e-01 -8.79600762e-04]] ev:{} outputs y:7.20490522544443 (n:0.0) c:1.0
f inputs x:[[ 0.60045789 -0.00361114  0.14067646  0.19731805]] ev:{} outputs y:5.529890176676783 (n:0.0) c:1.0
f inputs x:[[ 0.73123181 -0.61998669 -0.75617933  0.94212227]] ev:{} outputs y:7.726524375682453 (n:-0.0) c:1.0
f inputs x:[[-0.77784722  0.44662883 -0.21617998  0.51980729]] ev:{} outputs y:6.239043157127642 (n:-0.0) c:1.0
f inputs x:[[0.68658321 0.16432941 0.20232513 0.20891561]] ev:{} outputs y:5.658589595517343 (n:-0.0) c:1.0
num acquisition: 1, time elapsed: 0.26s
f inputs x:[[0.36675379 0.15864258 0.02184047 0.22385014]] ev:{} outputs y:3.3796124304043174 (n:-0.0) c:1.0
num acquisition: 2, time elapsed: 0.50s
f inputs x:[[ 0.2602182   0.22693238 -0.04973248  0.23804395]] ev:{} outputs y:3.659833960350904 (n:-0.0) c:1.0
num acquisition: 3, time elapsed: 0.67s
f inputs x:[[0.26289367 0.13367812 0.10241049 0.3182952 ]] ev:{} outputs y:3.7174509354632135 (n:0.0) c:1.0
num acquisition: 4, time elapsed: 0.91s
f inputs x:[[0.26579613 0.13752428 0.04887024 0.06819226]] ev:{} outputs y:1.453664318115205 (n:-0.0) c:1.0
num acquisition: 5, time elapsed: 1.07s
f inputs x:[[ 0.19911084  0.10429536  0.06642156 -0.07046088]] ev:{} outputs y:1.8574636401189952 (n:-0.0) c:1.0
num acquisition: 6, time elapsed: 1.28s
f inputs x:[[0.26273562 0.22708756 0.12848226 0.00542241]] ev:{} outputs y:1.7371832168723642 (n:-0.0) c:1.0
num acquisition: 7, time elapsed: 1.51s
f inputs x:[[ 0.33127733  0.18250901 -0.03691515 -0.06766462]] ev:{} outputs y:2.3144244551201294 (n:0.0) c:1.0
num acquisition: 8, time elapsed: 1.74s
f inputs x:[[0.21239532 0.07209297 0.13415385 0.05765704]] ev:{} outputs y:2.2326134574137764 (n:-0.0) c:1.0
num acquisition: 9, time elapsed: 1.97s
f inputs x:[[ 0.14139773  0.23862046  0.05944588 -0.06517191]] ev:{} outputs y:3.1133619416868035 (n:-0.0) c:1.0
num acquisition: 10, time elapsed: 2.22s
f inputs x:[[ 0.30380756  0.12032856  0.1045336  -0.03365483]] ev:{} outputs y:2.076506602832276 (n:0.0) c:1.0
num acquisition: 11, time elapsed: 2.51s
f inputs x:[[-1. -1. -1. -1.]] ev:{} outputs y:9.36894784955461 (n:-0.0) c:1.0
num acquisition: 12, time elapsed: 2.66s
f inputs x:[[ 1.  1. -1. -1.]] ev:{} outputs y:9.019956906396628 (n:-0.0) c:1.0
num acquisition: 13, time elapsed: 2.78s
f inputs x:[[-1. -1.  1.  1.]] ev:{} outputs y:8.484388763251047 (n:0.0) c:1.0
num acquisition: 14, time elapsed: 2.91s
f inputs x:[[ 1. -1.  1. -1.]] ev:{} outputs y:9.019956906396628 (n:-0.0) c:1.0
num acquisition: 15, time elapsed: 3.06s
f inputs x:[[ 0.11397112 -0.24242713 -0.06411199 -0.18928659]] ev:{} outputs y:4.191652352816175 (n:-0.0) c:1.0
num acquisition: 16, time elapsed: 3.19s
f inputs x:[[-1.  1. -1. -1.]] ev:{} outputs y:9.02094741289393 (n:-0.0) c:1.0
num acquisition: 17, time elapsed: 3.33s
f inputs x:[[ 1.  1.  1. -1.]] ev:{} outputs y:8.480996941400207 (n:0.0) c:1.0
num acquisition: 18, time elapsed: 3.43s
f inputs x:[[-1. -1. -1.  1.]] ev:{} outputs y:9.021936939258861 (n:-0.0) c:1.0
num acquisition: 19, time elapsed: 3.54s
f inputs x:[[-1. -1.  1. -1.]] ev:{} outputs y:9.02094741289393 (n:0.0) c:1.0
num acquisition: 20, time elapsed: 3.64s
f inputs x:[[ 0.27330115  0.12992976  0.08897382 -0.00748792]] ev:{} outputs y:1.4111760665424058 (n:-0.0) c:1.0
num acquisition: 21, time elapsed: 3.77s
f inputs x:[[-1.  1.  1.  1.]] ev:{} outputs y:7.240271967101029 (n:0.0) c:1.0
num acquisition: 22, time elapsed: 3.86s
f inputs x:[[ 1.  1. -1.  1.]] ev:{} outputs y:8.482694290381872 (n:-0.0) c:1.0
num acquisition: 23, time elapsed: 3.97s
f inputs x:[[1. 1. 1. 1.]] ev:{} outputs y:7.2343800236235465 (n:-0.0) c:1.0
num acquisition: 24, time elapsed: 4.09s
f inputs x:[[-1.  1.  1. -1.]] ev:{} outputs y:8.482694290381872 (n:0.0) c:1.0
num acquisition: 25, time elapsed: 4.18s
f inputs x:[[0.27615453 0.13155042 0.07944921 0.00415476]] ev:{} outputs y:1.2592028142949867 (n:-0.0) c:1.0
num acquisition: 26, time elapsed: 4.49s
f inputs x:[[ 1. -1.  1.  1.]] ev:{} outputs y:8.482694290381872 (n:0.0) c:1.0
num acquisition: 27, time elapsed: 4.60s
f inputs x:[[ 1. -1. -1. -1.]] ev:{} outputs y:9.36824855615015 (n:0.0) c:1.0
num acquisition: 28, time elapsed: 4.73s
f inputs x:[[-1.  1. -1.  1.]] ev:{} outputs y:8.484388763251047 (n:-0.0) c:1.0
num acquisition: 29, time elapsed: 4.85s
f inputs x:[[0.26858994 0.13521442 0.05517117 0.02028423]] ev:{} outputs y:1.0269473292209121 (n:0.0) c:1.0
num acquisition: 30, time elapsed: 5.00s
f inputs x:[[ 0.23899974  0.07835098 -0.01662716 -0.00401364]] ev:{} outputs y:1.393053049479245 (n:0.0) c:1.0
num acquisition: 31, time elapsed: 5.23s
f inputs x:[[0.36292045 0.48867574 0.12807073 0.13686569]] ev:{} outputs y:4.392568051617946 (n:-0.0) c:1.0
num acquisition: 32, time elapsed: 5.44s
f inputs x:[[-0.09281047 -0.13822737  0.04109375  0.12173749]] ev:{} outputs y:3.0426552130679867 (n:0.0) c:1.0
num acquisition: 33, time elapsed: 5.66s
f inputs x:[[ 0.00401652 -0.3821369   0.24508918  0.22702306]] ev:{} outputs y:4.282587849486543 (n:0.0) c:1.0
num acquisition: 34, time elapsed: 5.92s
f inputs x:[[-0.31058775 -0.23839575  0.20788754 -0.10276467]] ev:{} outputs y:4.651990919636614 (n:-0.0) c:1.0
num acquisition: 35, time elapsed: 6.16s
f inputs x:[[-0.16476096 -0.35282468 -0.24044105  0.22543446]] ev:{} outputs y:5.224047074425329 (n:0.0) c:1.0
num acquisition: 36, time elapsed: 6.38s
f inputs x:[[ 0.23843213  0.08240119  0.0616837  -0.00845376]] ev:{} outputs y:1.4515866655843979 (n:0.0) c:1.0
num acquisition: 37, time elapsed: 6.59s
f inputs x:[[-0.18468242  0.00900114  0.28297949  0.37608521]] ev:{} outputs y:4.060558339642957 (n:-0.0) c:1.0
num acquisition: 38, time elapsed: 6.79s
f inputs x:[[ 0.23830255  0.0793338   0.06295592 -0.00820375]] ev:{} outputs y:1.4948332766223362 (n:0.0) c:1.0
num acquisition: 39, time elapsed: 6.98s
f inputs x:[[ 0.08908861 -0.04292697  0.21874403  0.90350883]] ev:{} outputs y:5.690890349573909 (n:0.0) c:1.0
num acquisition: 40, time elapsed: 7.14s
f inputs x:[[-0.08748198 -1.          0.31867903 -0.18490843]] ev:{} outputs y:7.475088067997818 (n:-0.0) c:1.0
num acquisition: 41, time elapsed: 7.29s
f inputs x:[[-0.62945865 -0.32168599  0.27261386  0.4430712 ]] ev:{} outputs y:6.371216623009225 (n:-0.0) c:1.0
num acquisition: 42, time elapsed: 7.47s
f inputs x:[[-0.2204978  -0.00333655 -0.29685282 -0.16047541]] ev:{} outputs y:4.573388133268943 (n:0.0) c:1.0
num acquisition: 43, time elapsed: 7.68s
f inputs x:[[-0.18221925 -0.17495527 -0.33309181 -0.87718371]] ev:{} outputs y:6.4128138719011085 (n:0.0) c:1.0
num acquisition: 44, time elapsed: 7.87s
f inputs x:[[-0.12479548  0.19206999 -1.         -0.00349257]] ev:{} outputs y:7.729041555759726 (n:0.0) c:1.0
num acquisition: 45, time elapsed: 8.02s
f inputs x:[[0.09041988 1.         0.07800192 1.        ]] ev:{} outputs y:7.802118329222351 (n:-0.0) c:1.0
num acquisition: 46, time elapsed: 8.20s
f inputs x:[[ 0.14871491 -0.11358072  0.60283469  0.40021442]] ev:{} outputs y:5.311479504259704 (n:0.0) c:1.0
num acquisition: 47, time elapsed: 8.36s
f inputs x:[[ 0.21269511  0.08990834  0.0723237  -0.04101223]] ev:{} outputs y:1.6369938495787482 (n:0.0) c:1.0
num acquisition: 48, time elapsed: 8.53s
f inputs x:[[-1.          0.10674497  0.03337044 -0.46501067]] ev:{} outputs y:7.428932976605857 (n:-0.0) c:1.0
num acquisition: 49, time elapsed: 8.70s
f inputs x:[[ 1.         -0.01363654  0.01088939 -1.        ]] ev:{} outputs y:7.6991697580592 (n:-0.0) c:1.0
num acquisition: 50, time elapsed: 8.83s
f inputs x:[[-0.04230932  1.          0.02078416 -1.        ]] ev:{} outputs y:7.849488485805098 (n:-0.0) c:1.0
num acquisition: 51, time elapsed: 8.98s
f inputs x:[[-0.04299913 -0.11666978  1.         -1.        ]] ev:{} outputs y:8.367279259945109 (n:-0.0) c:1.0
num acquisition: 52, time elapsed: 9.13s
f inputs x:[[ 0.20848699  0.0901591   0.07055992 -0.03822857]] ev:{} outputs y:1.5949768361359382 (n:0.0) c:1.0
num acquisition: 53, time elapsed: 9.30s
f inputs x:[[-0.00979614 -1.          0.1479711   1.        ]] ev:{} outputs y:7.752876211144602 (n:0.0) c:1.0
num acquisition: 54, time elapsed: 9.46s
f inputs x:[[ 1.          1.         -0.11976777  0.04162075]] ev:{} outputs y:7.798304242461562 (n:0.0) c:1.0
num acquisition: 55, time elapsed: 9.61s
f inputs x:[[-0.26840606  0.08986503  1.          1.        ]] ev:{} outputs y:6.771814296528303 (n:0.0) c:1.0
num acquisition: 56, time elapsed: 9.75s
f inputs x:[[-0.26595249 -1.         -1.         -0.0464677 ]] ev:{} outputs y:8.749622084656304 (n:0.0) c:1.0
num acquisition: 57, time elapsed: 9.92s
f inputs x:[[-0.24806972  0.13189854 -0.06551526  0.22554295]] ev:{} outputs y:3.370879474987996 (n:0.0) c:1.0
num acquisition: 58, time elapsed: 10.13s
f inputs x:[[-0.12796395  0.06697678 -0.18608752  0.56909363]] ev:{} outputs y:4.834700199933779 (n:0.0) c:1.0
num acquisition: 59, time elapsed: 10.35s
f inputs x:[[ 0.19413965  0.09549027  0.06833212 -0.04153494]] ev:{} outputs y:1.6133424039796984 (n:-0.0) c:1.0
num acquisition: 60, time elapsed: 10.53s
f inputs x:[[1.         0.11741771 0.1512872  1.        ]] ev:{} outputs y:7.577537907549498 (n:-0.0) c:1.0
num acquisition: 61, time elapsed: 10.68s
f inputs x:[[ 0.19291355  0.09503732  0.06802272 -0.04074725]] ev:{} outputs y:1.6075543745249707 (n:0.0) c:1.0
num acquisition: 62, time elapsed: 10.85s
f inputs x:[[-1.          1.          0.3889469   0.07978066]] ev:{} outputs y:7.407773868108136 (n:-0.0) c:1.0
num acquisition: 63, time elapsed: 11.01s
f inputs x:[[ 1.         -0.25183081  1.          0.0215091 ]] ev:{} outputs y:8.357955478115258 (n:0.0) c:1.0
num acquisition: 64, time elapsed: 11.16s
f inputs x:[[-0.19137624  0.0749884  -1.          1.        ]] ev:{} outputs y:6.805449018406645 (n:-0.0) c:1.0
num acquisition: 65, time elapsed: 11.33s
f inputs x:[[-1.         -0.1460213   1.         -0.00252643]] ev:{} outputs y:8.337889760302238 (n:0.0) c:1.0
num acquisition: 66, time elapsed: 11.49s
f inputs x:[[ 1.          0.22457933 -1.         -0.05305153]] ev:{} outputs y:8.23438546611768 (n:-0.0) c:1.0
num acquisition: 67, time elapsed: 11.64s
f inputs x:[[-0.17666996  0.42091338  0.16315584  0.4143209 ]] ev:{} outputs y:4.85041403142266 (n:-0.0) c:1.0
num acquisition: 68, time elapsed: 11.81s
f inputs x:[[-0.56989643 -0.03844997 -0.17734221  0.1408648 ]] ev:{} outputs y:5.448709364943468 (n:-0.0) c:1.0
num acquisition: 69, time elapsed: 11.97s
f inputs x:[[ 0.19103866  0.09560092  0.06996514 -0.04531406]] ev:{} outputs y:1.6714320987130702 (n:0.0) c:1.0
num acquisition: 70, time elapsed: 12.20s
f inputs x:[[-1.         -1.         -0.07901723 -0.03538955]] ev:{} outputs y:8.66839000235335 (n:-0.0) c:1.0
num acquisition: 71, time elapsed: 12.38s
f inputs x:[[ 0.02585147  0.01022426 -0.11160285  0.01875321]] ev:{} outputs y:2.26809950258108 (n:-0.0) c:1.0
num acquisition: 72, time elapsed: 12.54s
f inputs x:[[ 0.22630151 -1.         -0.09375028 -1.        ]] ev:{} outputs y:7.966468138953556 (n:-0.0) c:1.0
num acquisition: 73, time elapsed: 12.72s
f inputs x:[[1.         1.         1.         0.05262819]] ev:{} outputs y:7.8615671495767065 (n:0.0) c:1.0
num acquisition: 74, time elapsed: 12.89s
f inputs x:[[-0.3263497   1.         -0.56369291  0.06033953]] ev:{} outputs y:8.093478556532622 (n:0.0) c:1.0
num acquisition: 75, time elapsed: 13.06s
f inputs x:[[ 0.18708479  0.09415937  0.06489752 -0.04287743]] ev:{} outputs y:1.6143537261213985 (n:-0.0) c:1.0
num acquisition: 76, time elapsed: 13.27s
f inputs x:[[-1.         -0.13267729 -0.20437692  1.        ]] ev:{} outputs y:7.776302114558587 (n:-0.0) c:1.0
num acquisition: 77, time elapsed: 13.49s
f inputs x:[[ 0.15693878  0.15427343 -1.         -1.        ]] ev:{} outputs y:8.383362786804435 (n:0.0) c:1.0
num acquisition: 78, time elapsed: 13.69s
f inputs x:[[ 0.04424332 -1.          1.          0.387075  ]] ev:{} outputs y:7.6269349410053175 (n:-0.0) c:1.0
num acquisition: 79, time elapsed: 13.94s
f inputs x:[[-1.         -0.01616928 -1.         -0.14466986]] ev:{} outputs y:8.353302128364232 (n:0.0) c:1.0
num acquisition: 80, time elapsed: 14.14s
f inputs x:[[-0.00135625  1.          1.          1.        ]] ev:{} outputs y:7.204114780598119 (n:-0.0) c:1.0
num acquisition: 81, time elapsed: 14.36s
f inputs x:[[ 0.18630182  0.09488106  0.0644793  -0.04468048]] ev:{} outputs y:1.6289493834465276 (n:-0.0) c:1.0
num acquisition: 82, time elapsed: 14.59s
f inputs x:[[ 1.         -1.          0.24778343 -0.03167174]] ev:{} outputs y:8.57129143951187 (n:0.0) c:1.0
num acquisition: 83, time elapsed: 14.78s
f inputs x:[[ 0.02221324  1.         -1.          1.        ]] ev:{} outputs y:8.473905832583986 (n:0.0) c:1.0
num acquisition: 84, time elapsed: 15.00s
f inputs x:[[-0.01413679  0.05871052  0.09062549  0.1240863 ]] ev:{} outputs y:2.5397586972601487 (n:0.0) c:1.0
num acquisition: 85, time elapsed: 15.26s
f inputs x:[[-1.          1.          0.06638393  1.        ]] ev:{} outputs y:7.836650716983788 (n:0.0) c:1.0
num acquisition: 86, time elapsed: 15.45s
f inputs x:[[ 0.00329946  1.          1.         -1.        ]] ev:{} outputs y:8.472382595775182 (n:-0.0) c:1.0
num acquisition: 87, time elapsed: 15.69s
f inputs x:[[0.61182353 0.03681705 1.         1.        ]] ev:{} outputs y:7.006858562650897 (n:0.0) c:1.0
num acquisition: 88, time elapsed: 15.91s
f inputs x:[[-1.          1.          0.00766541 -1.        ]] ev:{} outputs y:7.878013251960532 (n:-0.0) c:1.0
num acquisition: 89, time elapsed: 16.17s
f inputs x:[[-0.41799315  0.2014787   0.24157186  0.0656469 ]] ev:{} outputs y:3.297435890272247 (n:-0.0) c:1.0
num acquisition: 90, time elapsed: 16.44s
f inputs x:[[-0.60330932  0.29833691  0.39537119  0.32958131]] ev:{} outputs y:4.6923629375769735 (n:0.0) c:1.0
num acquisition: 91, time elapsed: 16.64s
f inputs x:[[ 0.1790011   0.10362294  0.06826713 -0.06004591]] ev:{} outputs y:1.8400556325411435 (n:-0.0) c:1.0
num acquisition: 92, time elapsed: 16.90s
f inputs x:[[-0.07454983 -0.03204291  0.03086771 -0.1014894 ]] ev:{} outputs y:2.2993463946145694 (n:-0.0) c:1.0
num acquisition: 93, time elapsed: 17.13s
f inputs x:[[-0.15808439  0.00329741  0.42183862  0.02406941]] ev:{} outputs y:4.851553618356687 (n:-0.0) c:1.0
num acquisition: 94, time elapsed: 17.36s
f inputs x:[[-0.49240388  0.43216352  0.01305765 -0.01453319]] ev:{} outputs y:4.175497728085874 (n:0.0) c:1.0
num acquisition: 95, time elapsed: 17.62s
f inputs x:[[-0.35863229  0.15124158  0.11438055 -0.32281474]] ev:{} outputs y:4.1514579985969995 (n:-0.0) c:1.0
num acquisition: 96, time elapsed: 17.83s
f inputs x:[[-0.53779125  0.46191147  0.43476307 -0.18192503]] ev:{} outputs y:4.999764886843576 (n:-0.0) c:1.0
num acquisition: 97, time elapsed: 18.06s
f inputs x:[[ 0.18186288  0.10905876  0.04131716 -0.06311916]] ev:{} outputs y:1.7107346015661586 (n:-0.0) c:1.0
num acquisition: 98, time elapsed: 18.34s
f inputs x:[[ 0.1828041   0.10841894  0.04139186 -0.06205486]] ev:{} outputs y:1.6925732261278807 (n:0.0) c:1.0
num acquisition: 99, time elapsed: 18.57s
f inputs x:[[ 0.01292549 -1.         -1.          1.        ]] ev:{} outputs y:8.475859366947665 (n:-0.0) c:1.0
num acquisition: 100, time elapsed: 18.80s
f inputs x:[[-1.         -0.61976582  0.0272907  -1.        ]] ev:{} outputs y:8.206304323531462 (n:-0.0) c:1.0
num acquisition: 101, time elapsed: 19.03s
f inputs x:[[-1.          0.07675288  1.          1.        ]] ev:{} outputs y:7.828818932903628 (n:0.0) c:1.0
num acquisition: 102, time elapsed: 19.30s
f inputs x:[[ 1.          1.          0.02074181 -1.        ]] ev:{} outputs y:7.866611229538592 (n:-0.0) c:1.0
num acquisition: 103, time elapsed: 19.63s
f inputs x:[[ 0.44878514  0.19475538 -0.35871529  0.71233304]] ev:{} outputs y:5.23973679289048 (n:0.0) c:1.0
num acquisition: 104, time elapsed: 19.89s
f inputs x:[[ 1.          0.09107809 -1.          1.        ]] ev:{} outputs y:7.829129811039012 (n:0.0) c:1.0
num acquisition: 105, time elapsed: 20.17s
f inputs x:[[-0.49257188  1.          1.          0.12330157]] ev:{} outputs y:7.662853514693586 (n:0.0) c:1.0
num acquisition: 106, time elapsed: 20.48s
f inputs x:[[ 1.         -1.         -0.01248821  1.        ]] ev:{} outputs y:8.717514679977397 (n:-0.0) c:1.0
num acquisition: 107, time elapsed: 20.78s
f inputs x:[[ 1.          0.03514221  1.         -1.        ]] ev:{} outputs y:8.702405217697985 (n:-0.0) c:1.0
num acquisition: 108, time elapsed: 21.15s
f inputs x:[[1.         1.         0.04402297 1.        ]] ev:{} outputs y:7.849789621880572 (n:-0.0) c:1.0
num acquisition: 109, time elapsed: 21.48s
f inputs x:[[ 0.17838872  0.1118819   0.03560288 -0.06897956]] ev:{} outputs y:1.7854134260734547 (n:0.0) c:1.0
num acquisition: 110, time elapsed: 21.83s
f inputs x:[[-1.          0.05466127  1.         -1.        ]] ev:{} outputs y:8.69779504287874 (n:0.0) c:1.0
num acquisition: 111, time elapsed: 22.11s
f inputs x:[[ 0.23036448 -0.29071371 -0.04353481  0.53456538]] ev:{} outputs y:5.345777150856852 (n:-0.0) c:1.0
num acquisition: 112, time elapsed: 22.41s
f inputs x:[[-0.0567166  -0.09019503  0.17393243 -0.54282759]] ev:{} outputs y:5.146212921757704 (n:0.0) c:1.0
num acquisition: 113, time elapsed: 22.73s
f inputs x:[[ 0.00234205 -1.          1.         -1.        ]] ev:{} outputs y:8.474101303974864 (n:-0.0) c:1.0
num acquisition: 114, time elapsed: 23.02s
f inputs x:[[-0.02501637  1.         -1.         -1.        ]] ev:{} outputs y:9.014826759759735 (n:0.0) c:1.0
num acquisition: 115, time elapsed: 23.34s
f inputs x:[[ 0.1794882   0.11120085  0.0305356  -0.05100587]] ev:{} outputs y:1.593052823756261 (n:-0.0) c:1.0
num acquisition: 116, time elapsed: 23.67s
f inputs x:[[-1.          0.04935624 -1.          1.        ]] ev:{} outputs y:7.855592602656262 (n:-0.0) c:1.0
num acquisition: 117, time elapsed: 23.93s
f inputs x:[[ 0.00245655 -1.         -1.         -1.        ]] ev:{} outputs y:9.015940142971145 (n:-0.0) c:1.0
num acquisition: 118, time elapsed: 24.29s
f inputs x:[[ 0.17937958  0.11156562  0.02983732 -0.05160771]] ev:{} outputs y:1.600806747155115 (n:0.0) c:1.0
num acquisition: 119, time elapsed: 24.60s
f inputs x:[[-0.07845159  1.          0.28226873 -0.08106683]] ev:{} outputs y:7.464664993682379 (n:0.0) c:1.0
num acquisition: 120, time elapsed: 24.86s
f inputs x:[[-1.         -1.          1.          0.02834705]] ev:{} outputs y:8.71421166654185 (n:-0.0) c:1.0
num acquisition: 121, time elapsed: 25.15s
f inputs x:[[-1.          0.02109907 -1.         -1.        ]] ev:{} outputs y:8.709545095438642 (n:0.0) c:1.0
num acquisition: 122, time elapsed: 25.52s
f inputs x:[[-0.42570987  0.27492927  0.22938632  1.        ]] ev:{} outputs y:5.843825309056318 (n:0.0) c:1.0
num acquisition: 123, time elapsed: 25.90s
f inputs x:[[-1.         -1.          0.03961259  1.        ]] ev:{} outputs y:8.703776097823193 (n:-0.0) c:1.0
num acquisition: 124, time elapsed: 26.26s
f inputs x:[[-0.80141687  0.23424165  0.19879446  0.04627303]] ev:{} outputs y:6.219553537636165 (n:0.0) c:1.0
num acquisition: 125, time elapsed: 26.68s
f inputs x:[[ 0.56852084  1.         -1.          0.052667  ]] ev:{} outputs y:8.635133546847197 (n:0.0) c:1.0
num acquisition: 126, time elapsed: 26.98s
f inputs x:[[0.30328099 0.37916119 0.45143131 0.59619429]] ev:{} outputs y:3.694345397741347 (n:-0.0) c:1.0
num acquisition: 127, time elapsed: 27.35s
f inputs x:[[0.39466224 0.37945038 0.10724432 0.67768172]] ev:{} outputs y:5.28554409715937 (n:-0.0) c:1.0
num acquisition: 128, time elapsed: 27.71s
f inputs x:[[-0.04878038  0.35773657  0.60320726  0.61466866]] ev:{} outputs y:4.705104740847719 (n:0.0) c:1.0
num acquisition: 129, time elapsed: 28.11s
f inputs x:[[0.445634   0.53692226 0.79197802 0.52687533]] ev:{} outputs y:5.584810649108792 (n:0.0) c:1.0
num acquisition: 130, time elapsed: 28.59s
f inputs x:[[0.25023265 0.4090716  0.55788192 1.        ]] ev:{} outputs y:4.690684153353673 (n:0.0) c:1.0
num acquisition: 131, time elapsed: 28.94s
f inputs x:[[0.17042896 0.30548695 0.41243772 0.28109565]] ev:{} outputs y:3.900204570221632 (n:-0.0) c:1.0
num acquisition: 132, time elapsed: 29.31s
f inputs x:[[-0.36573502  0.2398835   0.16040397 -1.        ]] ev:{} outputs y:6.154460447227453 (n:0.0) c:1.0
num acquisition: 133, time elapsed: 29.63s
f inputs x:[[ 1.         -0.03950947 -1.         -1.        ]] ev:{} outputs y:8.725679358471073 (n:-0.0) c:1.0
num acquisition: 134, time elapsed: 29.94s
f inputs x:[[ 0.17070989  0.11022277  0.03456228 -0.0508969 ]] ev:{} outputs y:1.6467512399776532 (n:-0.0) c:1.0
num acquisition: 135, time elapsed: 30.35s
f inputs x:[[ 0.17128059  0.10978016  0.03440393 -0.05073946]] ev:{} outputs y:1.6385047336492815 (n:0.0) c:1.0
num acquisition: 136, time elapsed: 30.65s
f inputs x:[[-1.          1.         -1.          0.02525081]] ev:{} outputs y:8.715073479092199 (n:0.0) c:1.0
num acquisition: 137, time elapsed: 31.01s
f inputs x:[[ 0.09551649 -0.13944024 -0.41779788  1.        ]] ev:{} outputs y:5.628393337171565 (n:-0.0) c:1.0
num acquisition: 138, time elapsed: 31.38s
f inputs x:[[ 1.         -1.          0.01868613 -1.        ]] ev:{} outputs y:8.708844833631352 (n:0.0) c:1.0
num acquisition: 139, time elapsed: 31.89s
f inputs x:[[ 0.02029562 -0.58346796  1.          1.        ]] ev:{} outputs y:6.477207197556374 (n:0.0) c:1.0
num acquisition: 140, time elapsed: 32.33s
f inputs x:[[ 0.2064087  -0.08271113 -0.59179867  0.41012493]] ev:{} outputs y:5.362275434861342 (n:-0.0) c:1.0
num acquisition: 141, time elapsed: 32.70s
f inputs x:[[-0.09651823  0.39246337 -0.35182739  1.        ]] ev:{} outputs y:6.182893274455821 (n:0.0) c:1.0
num acquisition: 142, time elapsed: 33.08s
f inputs x:[[ 0.26164342  0.19816068  0.06142494 -1.        ]] ev:{} outputs y:6.063390983846986 (n:-0.0) c:1.0
num acquisition: 143, time elapsed: 33.49s
f inputs x:[[ 1.          0.07903989 -0.31657914  0.34978853]] ev:{} outputs y:7.430014384128151 (n:0.0) c:1.0
num acquisition: 144, time elapsed: 33.88s
f inputs x:[[0.47412902 0.07468332 0.48410397 0.66533516]] ev:{} outputs y:5.148895099139929 (n:-0.0) c:1.0
num acquisition: 145, time elapsed: 34.27s
f inputs x:[[0.16996435 0.76378409 0.48257444 0.53811444]] ev:{} outputs y:6.050393854868639 (n:-0.0) c:1.0
num acquisition: 146, time elapsed: 34.72s
f inputs x:[[-0.41110879  0.47331692 -0.20564094 -0.50998765]] ev:{} outputs y:5.851226495906006 (n:-0.0) c:1.0
num acquisition: 147, time elapsed: 35.08s
f inputs x:[[ 0.17111339  0.11029653  0.03516342 -0.05157409]] ev:{} outputs y:1.6518843375050227 (n:0.0) c:1.0
num acquisition: 148, time elapsed: 35.44s
f inputs x:[[ 0.17164949  0.10989289  0.03504026 -0.05136881]] ev:{} outputs y:1.6438114375082438 (n:-0.0) c:1.0
num acquisition: 149, time elapsed: 35.79s
f inputs x:[[-0.27463833 -0.24172638  1.          0.33992394]] ev:{} outputs y:7.391023416756236 (n:-0.0) c:1.0
num acquisition: 150, time elapsed: 36.27s
f inputs x:[[-0.11383305  0.43156326  0.37640742 -0.53258532]] ev:{} outputs y:5.873028623729472 (n:0.0) c:1.0
num acquisition: 151, time elapsed: 36.70s
f inputs x:[[ 0.35032267  0.17472353 -1.          0.66967666]] ev:{} outputs y:7.157412579156188 (n:-0.0) c:1.0
num acquisition: 152, time elapsed: 37.11s
f inputs x:[[ 1.         -1.          1.          0.05931263]] ev:{} outputs y:8.704266896491358 (n:0.0) c:1.0
num acquisition: 153, time elapsed: 37.51s
f inputs x:[[-0.32083753 -0.34606357 -0.10118336  1.        ]] ev:{} outputs y:6.381077337742975 (n:-0.0) c:1.0
num acquisition: 154, time elapsed: 37.93s
f inputs x:[[-1.          0.55854458  1.          0.31684306]] ev:{} outputs y:7.720277194381133 (n:-0.0) c:1.0
num acquisition: 155, time elapsed: 38.40s
f inputs x:[[ 1.          0.47928338  0.39143473 -0.35140108]] ev:{} outputs y:7.108664899556234 (n:0.0) c:1.0
num acquisition: 156, time elapsed: 38.89s
f inputs x:[[ 0.07824996 -1.         -0.18663652  0.3059865 ]] ev:{} outputs y:7.847951293122435 (n:0.0) c:1.0
num acquisition: 157, time elapsed: 39.34s
f inputs x:[[ 1.         -1.         -1.         -0.13181475]] ev:{} outputs y:9.190842827337162 (n:-0.0) c:1.0
num acquisition: 158, time elapsed: 39.80s
f inputs x:[[1.         0.34928693 1.         0.56283155]] ev:{} outputs y:7.772653196408144 (n:0.0) c:1.0
num acquisition: 159, time elapsed: 40.22s
f inputs x:[[-0.28472397  0.30516328 -0.44224679  0.31964781]] ev:{} outputs y:5.226751115107983 (n:0.0) c:1.0
num acquisition: 160, time elapsed: 40.76s
f inputs x:[[-0.244226    0.42633897  0.30499601  0.05103273]] ev:{} outputs y:3.9564860384629004 (n:-0.0) c:1.0
num acquisition: 161, time elapsed: 41.09s
f inputs x:[[-0.36215514 -0.22567222 -0.67467556  0.54440792]] ev:{} outputs y:6.068219503846614 (n:-0.0) c:1.0
num acquisition: 162, time elapsed: 41.61s
f inputs x:[[-1.         -1.         -1.          0.08062253]] ev:{} outputs y:9.153302101133171 (n:0.0) c:1.0
num acquisition: 163, time elapsed: 42.08s
f inputs x:[[-1.          1.         -0.20826397 -0.25095505]] ev:{} outputs y:7.88522244845087 (n:-0.0) c:1.0
num acquisition: 164, time elapsed: 42.55s
f inputs x:[[-0.27985663  0.12395312  0.01463582 -0.02963014]] ev:{} outputs y:1.796353230306342 (n:-0.0) c:1.0
num acquisition: 165, time elapsed: 42.94s
f inputs x:[[-0.19270013 -0.42903436  0.24179905 -1.        ]] ev:{} outputs y:6.472783996606885 (n:-0.0) c:1.0
num acquisition: 166, time elapsed: 43.49s
f inputs x:[[-0.25685228  0.26589704 -0.05885307 -0.05220385]] ev:{} outputs y:3.4286754652008082 (n:-0.0) c:1.0
num acquisition: 167, time elapsed: 44.12s
f inputs x:[[-0.42894186  0.67082021  0.60180389  1.        ]] ev:{} outputs y:4.71717990339717 (n:0.0) c:1.0
num acquisition: 168, time elapsed: 44.58s
f inputs x:[[-0.29522859 -0.01552369 -0.00617627 -0.00693962]] ev:{} outputs y:3.0677883504766603 (n:-0.0) c:1.0
num acquisition: 169, time elapsed: 45.14s
f inputs x:[[-0.52143019  0.70786209  0.41545348  0.58012733]] ev:{} outputs y:5.262995402323558 (n:0.0) c:1.0
num acquisition: 170, time elapsed: 45.79s
f inputs x:[[-1.          0.37563158  0.38293331  0.80470459]] ev:{} outputs y:7.1653929651374355 (n:0.0) c:1.0
num acquisition: 171, time elapsed: 46.32s
f inputs x:[[ 0.15451501  0.10912981  0.03359259 -0.04468048]] ev:{} outputs y:1.6902431125684494 (n:-0.0) c:1.0
num acquisition: 172, time elapsed: 46.90s
f inputs x:[[ 0.44897166 -0.4703921   0.47745065  1.        ]] ev:{} outputs y:6.112607909739885 (n:0.0) c:1.0
num acquisition: 173, time elapsed: 47.24s
f inputs x:[[ 0.2090968  -0.28929738 -0.59640528 -0.20273644]] ev:{} outputs y:6.522047885272916 (n:0.0) c:1.0
num acquisition: 174, time elapsed: 47.72s
f inputs x:[[-0.12334147 -0.44717402  0.41621589  0.64719707]] ev:{} outputs y:4.928039679624312 (n:0.0) c:1.0
num acquisition: 175, time elapsed: 48.33s
f inputs x:[[ 0.14174851 -0.50182516  1.         -0.25964812]] ev:{} outputs y:7.808849576094892 (n:-0.0) c:1.0
num acquisition: 176, time elapsed: 48.84s
f inputs x:[[ 0.34368072 -0.60659625  0.4385651   0.46192804]] ev:{} outputs y:5.86265714103478 (n:0.0) c:1.0
num acquisition: 177, time elapsed: 49.34s
f inputs x:[[-0.29563973 -1.          0.79555935  1.        ]] ev:{} outputs y:7.163182332525284 (n:-0.0) c:1.0
num acquisition: 178, time elapsed: 49.96s
f inputs x:[[-0.09548885  0.53010776  0.40370791  1.        ]] ev:{} outputs y:5.738885020615563 (n:-0.0) c:1.0
num acquisition: 179, time elapsed: 50.67s
f inputs x:[[-0.32919778 -0.5215914  -0.16210503 -0.43451878]] ev:{} outputs y:6.32571054408362 (n:-0.0) c:1.0
num acquisition: 180, time elapsed: 51.15s
f inputs x:[[ 0.15228464  0.11350414  0.03674537 -0.04564933]] ev:{} outputs y:1.7532824920842514 (n:-0.0) c:1.0
num acquisition: 181, time elapsed: 51.80s
f inputs x:[[ 0.32323049  1.          1.         -0.21669303]] ev:{} outputs y:7.96356573788962 (n:-0.0) c:1.0
num acquisition: 182, time elapsed: 52.43s
f inputs x:[[ 0.25346507  0.57302464 -0.43651483  0.47787252]] ev:{} outputs y:6.406300434075578 (n:-0.0) c:1.0
num acquisition: 183, time elapsed: 52.97s
f inputs x:[[0.18645402 0.44642582 1.         1.        ]] ev:{} outputs y:6.505963898285176 (n:0.0) c:1.0
num acquisition: 184, time elapsed: 53.62s
f inputs x:[[-0.76549274  0.28617731 -0.29959296 -1.        ]] ev:{} outputs y:6.947061201456325 (n:-0.0) c:1.0
num acquisition: 185, time elapsed: 54.36s
f inputs x:[[0.64052861 0.60606943 0.53574476 1.        ]] ev:{} outputs y:4.745696587148976 (n:0.0) c:1.0
num acquisition: 186, time elapsed: 55.01s
f inputs x:[[0.72024049 0.64035728 0.40304915 0.54352768]] ev:{} outputs y:5.163124050799336 (n:-0.0) c:1.0
num acquisition: 187, time elapsed: 55.57s
f inputs x:[[-0.42143401 -0.26289504  0.52044022  1.        ]] ev:{} outputs y:5.752309197444494 (n:0.0) c:1.0
num acquisition: 188, time elapsed: 56.37s
f inputs x:[[-0.43302626  0.55331991  0.8882072   0.66377948]] ev:{} outputs y:6.054308299036626 (n:0.0) c:1.0
num acquisition: 189, time elapsed: 57.02s
f inputs x:[[ 1.         -0.26658877 -0.23713371 -0.33421107]] ev:{} outputs y:7.7831582505269665 (n:0.0) c:1.0
num acquisition: 190, time elapsed: 57.60s
f inputs x:[[ 0.15531716  0.1090731   0.03911281 -0.04275068]] ev:{} outputs y:1.6830434963584024 (n:0.0) c:1.0
num acquisition: 191, time elapsed: 58.30s
f inputs x:[[ 0.41151626 -0.32660689  0.33920511 -1.        ]] ev:{} outputs y:6.73414335468328 (n:-0.0) c:1.0
num acquisition: 192, time elapsed: 58.81s
f inputs x:[[-0.5378655   0.4739638   1.         -0.46877027]] ev:{} outputs y:7.934302560054577 (n:-0.0) c:1.0
num acquisition: 193, time elapsed: 59.41s
f inputs x:[[-0.41198496  0.11852689  0.52479117  0.6542809 ]] ev:{} outputs y:4.894856420980652 (n:0.0) c:1.0
num acquisition: 194, time elapsed: 59.88s
f inputs x:[[ 0.43318848  0.48774133  0.52356392 -1.        ]] ev:{} outputs y:6.935966601945123 (n:0.0) c:1.0
num acquisition: 195, time elapsed: 60.52s
f inputs x:[[-0.46899109 -1.         -0.12605448 -1.        ]] ev:{} outputs y:8.11005125815172 (n:-0.0) c:1.0
num acquisition: 196, time elapsed: 61.09s
f inputs x:[[0.26667748 0.15634451 0.03903528 0.00720281]] ev:{} outputs y:0.9633966836916956 (n:0.0) c:1.0
num acquisition: 197, time elapsed: 61.82s
f inputs x:[[ 0.18279436  0.04007982 -0.22155669 -0.54008231]] ev:{} outputs y:5.288354500363358 (n:0.0) c:1.0
num acquisition: 198, time elapsed: 62.45s
f inputs x:[[ 0.46673193  0.60712217 -0.03431671 -0.51410322]] ev:{} outputs y:5.9563952088917445 (n:0.0) c:1.0
num acquisition: 199, time elapsed: 63.29s
f inputs x:[[-0.47020902  1.         -0.05597586  0.53807127]] ev:{} outputs y:7.6535109475159 (n:-0.0) c:1.0
num acquisition: 200, time elapsed: 64.17s
f inputs x:[[ 0.39377379  0.49549291  0.42263171 -0.17005334]] ev:{} outputs y:4.923407952244082 (n:-0.0) c:1.0
num acquisition: 201, time elapsed: 64.89s
f inputs x:[[-0.22524846  0.14672243  0.13619866 -0.0375276 ]] ev:{} outputs y:2.3854616141286686 (n:-0.0) c:1.0
num acquisition: 202, time elapsed: 65.65s
f inputs x:[[ 0.15552898  0.11032438  0.0457092  -0.02860585]] ev:{} outputs y:1.6232506270567817 (n:-0.0) c:1.0
num acquisition: 203, time elapsed: 66.44s
f inputs x:[[-0.52880801 -0.37041822  0.50717388 -0.48103902]] ev:{} outputs y:6.720205886642198 (n:0.0) c:1.0
num acquisition: 204, time elapsed: 67.18s
f inputs x:[[ 0.54965729 -0.24333838 -0.16067175  1.        ]] ev:{} outputs y:6.588015789854133 (n:-0.0) c:1.0
num acquisition: 205, time elapsed: 67.89s
f inputs x:[[0.5550478  1.         0.60296714 0.8396838 ]] ev:{} outputs y:6.8447232752704705 (n:0.0) c:1.0
num acquisition: 206, time elapsed: 68.71s
f inputs x:[[-0.54614314  1.          0.55090759  1.        ]] ev:{} outputs y:6.975645112950091 (n:0.0) c:1.0
num acquisition: 207, time elapsed: 69.52s
f inputs x:[[ 0.15310676  0.11163639  0.04529986 -0.02879215]] ev:{} outputs y:1.6501930142913888 (n:0.0) c:1.0
num acquisition: 208, time elapsed: 70.23s
f inputs x:[[-0.5602319   0.40544631 -1.          0.51683383]] ev:{} outputs y:7.479459104392015 (n:-0.0) c:1.0
num acquisition: 209, time elapsed: 70.95s
f inputs x:[[ 0.13667691 -0.45160285 -1.          0.43089103]] ev:{} outputs y:7.62801536087637 (n:-0.0) c:1.0
num acquisition: 210, time elapsed: 71.58s
f inputs x:[[ 0.48947229  0.51457467 -0.38068513 -1.        ]] ev:{} outputs y:6.9726636295001025 (n:0.0) c:1.0
num acquisition: 211, time elapsed: 72.41s
f inputs x:[[ 1.         -0.3739658   0.39539773  0.55933982]] ev:{} outputs y:7.821871179160411 (n:-0.0) c:1.0
num acquisition: 212, time elapsed: 73.13s
f inputs x:[[ 0.10508061 -0.09202921  0.66513291  1.        ]] ev:{} outputs y:5.23846254871712 (n:-0.0) c:1.0
num acquisition: 213, time elapsed: 73.70s
f inputs x:[[-0.31906035 -0.77608964  0.38319959  0.3385698 ]] ev:{} outputs y:6.580582022402946 (n:-0.0) c:1.0
num acquisition: 214, time elapsed: 74.48s
f inputs x:[[ 0.60642049  0.54912468 -0.3991592   1.        ]] ev:{} outputs y:6.470435351480982 (n:0.0) c:1.0
num acquisition: 215, time elapsed: 75.33s
f inputs x:[[ 0.3933727  -0.30453397 -0.34435816 -1.        ]] ev:{} outputs y:6.841817467597642 (n:-0.0) c:1.0
num acquisition: 216, time elapsed: 75.96s
f inputs x:[[ 0.15218693  0.11164051  0.04522745 -0.0283176 ]] ev:{} outputs y:1.65388552238372 (n:-0.0) c:1.0
num acquisition: 217, time elapsed: 76.72s
f inputs x:[[ 0.15275819  0.11145943  0.04510885 -0.02821364]] ev:{} outputs y:1.6474635014659986 (n:0.0) c:1.0
num acquisition: 218, time elapsed: 77.20s
f inputs x:[[-1.         -0.25120829 -0.48963461  0.37386413]] ev:{} outputs y:7.783329484334759 (n:-0.0) c:1.0
num acquisition: 219, time elapsed: 77.93s
f inputs x:[[-0.49162022  0.26265476  0.05041922  0.33120033]] ev:{} outputs y:4.340177751992071 (n:0.0) c:1.0
num acquisition: 220, time elapsed: 78.65s
f inputs x:[[-1.          0.36578538  0.32727564 -1.        ]] ev:{} outputs y:7.507800007255397 (n:0.0) c:1.0
num acquisition: 221, time elapsed: 79.23s
f inputs x:[[0.49589061 0.36224697 0.53518464 0.23822291]] ev:{} outputs y:4.501333631355863 (n:-0.0) c:1.0
num acquisition: 222, time elapsed: 80.02s
f inputs x:[[ 0.60431962  0.29398376  1.         -0.30615593]] ev:{} outputs y:7.900021850696081 (n:-0.0) c:1.0
num acquisition: 223, time elapsed: 80.81s
f inputs x:[[ 0.57997318  1.          0.33165024 -0.37131448]] ev:{} outputs y:7.263815694234622 (n:0.0) c:1.0
num acquisition: 224, time elapsed: 81.56s
f inputs x:[[ 0.3499688  -1.          0.76239614  1.        ]] ev:{} outputs y:7.226464568334677 (n:-0.0) c:1.0
num acquisition: 225, time elapsed: 82.55s
f inputs x:[[ 1.          0.49975276 -0.3735822  -0.46933028]] ev:{} outputs y:7.364146725061748 (n:0.0) c:1.0
num acquisition: 226, time elapsed: 83.62s
f inputs x:[[ 0.0881582  -0.0338089   0.00579754 -0.00055658]] ev:{} outputs y:1.575560240111533 (n:0.0) c:1.0
num acquisition: 227, time elapsed: 84.34s
f inputs x:[[ 0.28526736  1.         -0.41585239 -0.43684271]] ev:{} outputs y:8.04095967111605 (n:-0.0) c:1.0
num acquisition: 228, time elapsed: 85.25s
f inputs x:[[-0.58027665  1.          0.42720771 -0.53583353]] ev:{} outputs y:7.3106661023200665 (n:0.0) c:1.0
num acquisition: 229, time elapsed: 86.19s
f inputs x:[[-0.08195777  0.36120433 -0.28637199 -0.92316007]] ev:{} outputs y:6.5271648394808786 (n:0.0) c:1.0
num acquisition: 230, time elapsed: 87.01s
f inputs x:[[-0.32283964  0.46248466  0.56216043  0.29646815]] ev:{} outputs y:4.475720696371549 (n:0.0) c:1.0
num acquisition: 231, time elapsed: 87.70s
f inputs x:[[-0.34649697 -0.48889366 -0.70023348  1.        ]] ev:{} outputs y:6.726239832739493 (n:-0.0) c:1.0
num acquisition: 232, time elapsed: 88.51s
f inputs x:[[ 0.48077261  0.1747782  -0.4099233   0.20182109]] ev:{} outputs y:4.972057754151209 (n:0.0) c:1.0
num acquisition: 233, time elapsed: 89.35s
f inputs x:[[-0.66551496  0.30163391 -0.39743942 -0.1275738 ]] ev:{} outputs y:5.971380172907699 (n:-0.0) c:1.0
num acquisition: 234, time elapsed: 90.09s
f inputs x:[[ 0.44677067 -0.96709153  0.49584653 -0.46199367]] ev:{} outputs y:7.6207725230732475 (n:0.0) c:1.0
num acquisition: 235, time elapsed: 90.97s
f inputs x:[[-0.62339725  0.39338334 -0.46804168  1.        ]] ev:{} outputs y:6.139805775995953 (n:-0.0) c:1.0
num acquisition: 236, time elapsed: 91.89s
f inputs x:[[ 0.31758675 -0.96842412 -0.41220322 -0.30813745]] ev:{} outputs y:8.024791963963448 (n:-0.0) c:1.0
num acquisition: 237, time elapsed: 92.66s
f inputs x:[[ 0.15097177  0.10441308  0.04695711 -0.02605666]] ev:{} outputs y:1.6007405389798055 (n:0.0) c:1.0
num acquisition: 238, time elapsed: 93.66s
f inputs x:[[1.         1.         0.46301405 0.35771292]] ev:{} outputs y:7.3266770104028405 (n:-0.0) c:1.0
num acquisition: 239, time elapsed: 94.37s
f inputs x:[[ 0.41389363 -0.39435109  1.          0.57702707]] ev:{} outputs y:7.2009144049116385 (n:-0.0) c:1.0
num acquisition: 240, time elapsed: 95.79s
f inputs x:[[-0.49792077 -0.29701682 -0.95859049 -0.62661835]] ev:{} outputs y:8.15243119419201 (n:-0.0) c:1.0
num acquisition: 241, time elapsed: 96.83s
f inputs x:[[-0.43003644  0.16389424  0.02896748 -0.05531724]] ev:{} outputs y:3.2911037563759016 (n:-0.0) c:1.0
num acquisition: 242, time elapsed: 98.10s
f inputs x:[[ 0.15207658  0.10401225  0.047073   -0.02565608]] ev:{} outputs y:1.5889576610360578 (n:-0.0) c:1.0
num acquisition: 243, time elapsed: 99.39s
f inputs x:[[ 0.41202462  0.22615359  0.24908883 -0.55182768]] ev:{} outputs y:5.346159758282447 (n:-0.0) c:1.0
num acquisition: 244, time elapsed: 100.20s
f inputs x:[[-0.79504314 -0.979974    0.44180231 -0.51371692]] ev:{} outputs y:8.164006627921621 (n:-0.0) c:1.0
num acquisition: 245, time elapsed: 101.37s
[0.26667748 0.15634451 0.03903528 0.00720281]
