INFO:GP:initializing Y
INFO:GP:initializing inference method
INFO:GP:adding kernel and likelihood as parameters
removed robo import in opts.py l17 due to theano errors
f inputs x:[[-0.19166319  0.53617223 -0.70653164  0.04225546]] ev:{} outputs y:7.093944001897248 (n:0.0) c:1.0
f inputs x:[[-0.61963726  0.66949438 -0.72979663  0.15147768]] ev:{} outputs y:7.331114734869414 (n:0.0) c:1.0
f inputs x:[[ 0.76353034 -0.1381464   0.04589815 -0.47331383]] ev:{} outputs y:6.737854196324585 (n:0.0) c:1.0
f inputs x:[[ 0.54616038  0.6312069  -0.75426365  0.65824137]] ev:{} outputs y:7.047236478437558 (n:-0.0) c:1.0
f inputs x:[[ 0.77923922 -0.36168705  0.88798981 -0.9504351 ]] ev:{} outputs y:8.29589502701559 (n:-0.0) c:1.0
f inputs x:[[ 0.75331465 -0.09367789 -0.10064855 -0.38698375]] ev:{} outputs y:6.608462987838643 (n:-0.0) c:1.0
num acquisition: 1, time elapsed: 0.24s
f inputs x:[[ 0.95954619 -0.14021875 -0.71824302 -0.56162811]] ev:{} outputs y:8.029640225986979 (n:-0.0) c:1.0
num acquisition: 2, time elapsed: 0.38s
f inputs x:[[ 6.62116716e-01 -3.25225123e-02 -2.96786108e-04 -2.42975313e-01]] ev:{} outputs y:5.968908301789315 (n:-0.0) c:1.0
num acquisition: 3, time elapsed: 0.55s
f inputs x:[[ 0.57132748  0.03823784  0.06002759 -0.08045161]] ev:{} outputs y:5.158233770132529 (n:0.0) c:1.0
num acquisition: 4, time elapsed: 0.69s
f inputs x:[[0.45667103 0.11998436 0.17599974 0.16439923]] ev:{} outputs y:4.0041254966503965 (n:-0.0) c:1.0
num acquisition: 5, time elapsed: 0.89s
f inputs x:[[0.2677557  0.14353943 0.593398   0.71075398]] ev:{} outputs y:4.861604871029015 (n:-0.0) c:1.0
num acquisition: 6, time elapsed: 1.13s
f inputs x:[[0.4035242  0.2695991  0.29382463 0.30332763]] ev:{} outputs y:2.9247352533265634 (n:-0.0) c:1.0
num acquisition: 7, time elapsed: 1.32s
f inputs x:[[0.44178522 0.6574195  0.41827941 0.24779343]] ev:{} outputs y:4.832692494659887 (n:-0.0) c:1.0
num acquisition: 8, time elapsed: 1.56s
f inputs x:[[0.26763872 0.2931399  0.2608813  0.39008264]] ev:{} outputs y:3.6878596539482773 (n:0.0) c:1.0
num acquisition: 9, time elapsed: 1.81s
f inputs x:[[0.53736642 0.23029547 0.36045458 0.37103562]] ev:{} outputs y:4.468962257565491 (n:-0.0) c:1.0
num acquisition: 10, time elapsed: 2.01s
f inputs x:[[0.16668389 0.19447715 0.31290093 0.230344  ]] ev:{} outputs y:3.5111629344780386 (n:-0.0) c:1.0
num acquisition: 11, time elapsed: 2.17s
f inputs x:[[0.18499304 0.19512186 0.28327084 0.25738622]] ev:{} outputs y:3.394145823204051 (n:-0.0) c:1.0
num acquisition: 12, time elapsed: 2.36s
f inputs x:[[0.18224366 0.19780172 0.27743957 0.25566186]] ev:{} outputs y:3.379525623681653 (n:0.0) c:1.0
num acquisition: 13, time elapsed: 2.66s
f inputs x:[[0.3508612  0.31972262 0.25384682 0.1942865 ]] ev:{} outputs y:1.758748906817573 (n:0.0) c:1.0
num acquisition: 14, time elapsed: 2.86s
f inputs x:[[0.34580754 0.38853131 0.21269102 0.09296057]] ev:{} outputs y:2.6391195384045085 (n:0.0) c:1.0
num acquisition: 15, time elapsed: 3.05s
f inputs x:[[-0.03075701 -0.37527169  1.          1.        ]] ev:{} outputs y:6.6054006956960745 (n:0.0) c:1.0
num acquisition: 16, time elapsed: 3.26s
f inputs x:[[0.34257312 0.32187362 0.32492184 0.16088938]] ev:{} outputs y:2.37214055458688 (n:-0.0) c:1.0
num acquisition: 17, time elapsed: 3.43s
f inputs x:[[0.35002478 0.34610224 0.19078035 0.21805312]] ev:{} outputs y:2.7227844022594843 (n:0.0) c:1.0
num acquisition: 18, time elapsed: 3.61s
f inputs x:[[-1.  1.  1. -1.]] ev:{} outputs y:8.482694290381872 (n:-0.0) c:1.0
num acquisition: 19, time elapsed: 3.72s
f inputs x:[[-1. -1. -1. -1.]] ev:{} outputs y:9.36894784955461 (n:0.0) c:1.0
num acquisition: 20, time elapsed: 3.85s
f inputs x:[[-1. -1. -1.  1.]] ev:{} outputs y:9.021936939258861 (n:-0.0) c:1.0
num acquisition: 21, time elapsed: 3.99s
f inputs x:[[0.32582694 0.33503555 0.3016063  0.12336966]] ev:{} outputs y:2.3956905956920482 (n:-0.0) c:1.0
num acquisition: 22, time elapsed: 4.11s
f inputs x:[[-1.  1.  1.  1.]] ev:{} outputs y:7.240271967101029 (n:0.0) c:1.0
num acquisition: 23, time elapsed: 4.21s
f inputs x:[[-1. -1.  1. -1.]] ev:{} outputs y:9.02094741289393 (n:-0.0) c:1.0
num acquisition: 24, time elapsed: 4.32s
f inputs x:[[ 1. -1. -1.  1.]] ev:{} outputs y:9.02094741289393 (n:0.0) c:1.0
num acquisition: 25, time elapsed: 4.46s
f inputs x:[[0.32321672 0.34145354 0.29108742 0.1161512 ]] ev:{} outputs y:2.3716365118792107 (n:-0.0) c:1.0
num acquisition: 26, time elapsed: 4.63s
f inputs x:[[0.34331248 0.27408975 0.24507651 0.16250005]] ev:{} outputs y:1.8118203531559065 (n:-0.0) c:1.0
num acquisition: 27, time elapsed: 4.90s
f inputs x:[[-0.00887028  0.23512314  0.11083442 -0.25918328]] ev:{} outputs y:4.093876663824003 (n:-0.0) c:1.0
num acquisition: 28, time elapsed: 5.13s
f inputs x:[[-0.39238376 -0.01476336  0.24082907 -0.11403717]] ev:{} outputs y:4.587429893754276 (n:-0.0) c:1.0
num acquisition: 29, time elapsed: 5.35s
f inputs x:[[-0.29551511  0.53672835  0.30411168 -0.10197361]] ev:{} outputs y:4.846826159977902 (n:-0.0) c:1.0
num acquisition: 30, time elapsed: 5.55s
f inputs x:[[-0.32314313  0.16938568  0.16552349 -0.66319038]] ev:{} outputs y:5.426034797159588 (n:-0.0) c:1.0
num acquisition: 31, time elapsed: 5.75s
f inputs x:[[-0.04091834 -0.22608415 -0.04833871 -0.10644049]] ev:{} outputs y:3.752482933272299 (n:0.0) c:1.0
num acquisition: 32, time elapsed: 5.97s
f inputs x:[[-0.26341183 -0.56900023  0.04102508 -0.00300251]] ev:{} outputs y:5.948811816358381 (n:-0.0) c:1.0
num acquisition: 33, time elapsed: 6.16s
f inputs x:[[-0.09378325 -0.06419086 -0.27403957 -0.34936859]] ev:{} outputs y:5.001472217732566 (n:-0.0) c:1.0
num acquisition: 34, time elapsed: 6.34s
f inputs x:[[ 0.0761362  -0.12672268  0.26382823 -0.18533428]] ev:{} outputs y:4.369815251659771 (n:0.0) c:1.0
num acquisition: 35, time elapsed: 6.54s
f inputs x:[[-0.11737381  0.05129638 -0.02939041  0.08284865]] ev:{} outputs y:2.073370466197158 (n:-0.0) c:1.0
num acquisition: 36, time elapsed: 6.70s
f inputs x:[[-0.20787782 -0.03719416 -0.08763981  0.22857412]] ev:{} outputs y:3.5451006418547006 (n:-0.0) c:1.0
num acquisition: 37, time elapsed: 6.87s
f inputs x:[[ 0.03827018  0.05260106 -0.03064757  0.02291343]] ev:{} outputs y:1.7128677820656018 (n:0.0) c:1.0
num acquisition: 38, time elapsed: 7.06s
f inputs x:[[-0.02081391  0.10210733 -0.13431982  0.01621044]] ev:{} outputs y:2.9434114285918778 (n:0.0) c:1.0
num acquisition: 39, time elapsed: 7.24s
f inputs x:[[-0.00231133  0.01808856  0.05684038  0.04963787]] ev:{} outputs y:1.7840982883983325 (n:0.0) c:1.0
num acquisition: 40, time elapsed: 7.44s
f inputs x:[[ 1.  1.  1. -1.]] ev:{} outputs y:8.480996941400207 (n:0.0) c:1.0
num acquisition: 41, time elapsed: 7.60s
f inputs x:[[1. 1. 1. 1.]] ev:{} outputs y:7.2343800236235465 (n:-0.0) c:1.0
num acquisition: 42, time elapsed: 7.73s
f inputs x:[[ 0.04294976 -0.02676353 -0.03095532  0.09641309]] ev:{} outputs y:2.157455679867921 (n:0.0) c:1.0
num acquisition: 43, time elapsed: 7.98s
f inputs x:[[-1.  1. -1. -1.]] ev:{} outputs y:9.02094741289393 (n:-0.0) c:1.0
num acquisition: 44, time elapsed: 8.11s
f inputs x:[[0.03499779 0.08580139 0.04323806 0.05735315]] ev:{} outputs y:2.0561829402764205 (n:-0.0) c:1.0
num acquisition: 45, time elapsed: 8.40s
f inputs x:[[0.02951121 0.07475496 0.03354618 0.05883743]] ev:{} outputs y:1.980460483329396 (n:-0.0) c:1.0
num acquisition: 46, time elapsed: 8.56s
f inputs x:[[ 1. -1.  1.  1.]] ev:{} outputs y:8.482694290381872 (n:0.0) c:1.0
num acquisition: 47, time elapsed: 8.80s
f inputs x:[[-1. -1.  1.  1.]] ev:{} outputs y:8.484388763251047 (n:0.0) c:1.0
num acquisition: 48, time elapsed: 9.00s
f inputs x:[[ 1.  1. -1. -1.]] ev:{} outputs y:9.019956906396628 (n:0.0) c:1.0
num acquisition: 49, time elapsed: 9.19s
f inputs x:[[0.04026312 0.08936122 0.03111937 0.06419413]] ev:{} outputs y:2.1048339839389696 (n:-0.0) c:1.0
num acquisition: 50, time elapsed: 9.36s
f inputs x:[[-1.  1. -1.  1.]] ev:{} outputs y:8.484388763251047 (n:0.0) c:1.0
num acquisition: 51, time elapsed: 9.51s
f inputs x:[[-0.60476998  0.24805531  0.30878042  0.50024623]] ev:{} outputs y:5.1040378577013135 (n:-0.0) c:1.0
num acquisition: 52, time elapsed: 9.69s
f inputs x:[[-1.          0.11222867  1.          0.0389314 ]] ev:{} outputs y:8.20923152547193 (n:-0.0) c:1.0
num acquisition: 53, time elapsed: 9.87s
f inputs x:[[ 0.40099801 -1.         -1.         -1.        ]] ev:{} outputs y:9.054160511397644 (n:0.0) c:1.0
num acquisition: 54, time elapsed: 10.04s
f inputs x:[[-0.05407995  0.70497049  0.4837561   1.        ]] ev:{} outputs y:6.088404420923343 (n:0.0) c:1.0
num acquisition: 55, time elapsed: 10.19s
f inputs x:[[0.09167978 0.20531707 0.04325899 0.12129942]] ev:{} outputs y:3.187698264472169 (n:0.0) c:1.0
num acquisition: 56, time elapsed: 10.36s
f inputs x:[[-1.         -0.05564456 -0.06086808  1.        ]] ev:{} outputs y:7.733637221240015 (n:0.0) c:1.0
num acquisition: 57, time elapsed: 10.54s
f inputs x:[[-0.00937375  1.          0.0503373  -1.        ]] ev:{} outputs y:7.83233886034096 (n:0.0) c:1.0
num acquisition: 58, time elapsed: 10.70s
f inputs x:[[ 0.07346148 -1.         -0.05059376  1.        ]] ev:{} outputs y:7.902205929204607 (n:0.0) c:1.0
num acquisition: 59, time elapsed: 10.86s
f inputs x:[[0.08146449 0.18381435 0.06497397 0.12743386]] ev:{} outputs y:3.0404080465329746 (n:0.0) c:1.0
num acquisition: 60, time elapsed: 11.00s
f inputs x:[[0.08145617 0.17685004 0.07221168 0.1257868 ]] ev:{} outputs y:2.9751184692737307 (n:0.0) c:1.0
num acquisition: 61, time elapsed: 11.15s
f inputs x:[[-1.         -0.05835669 -0.06103767 -1.        ]] ev:{} outputs y:7.741319729627931 (n:-0.0) c:1.0
num acquisition: 62, time elapsed: 11.37s
f inputs x:[[ 0.12214474 -1.          1.         -0.11267781]] ev:{} outputs y:7.964221426829026 (n:-0.0) c:1.0
num acquisition: 63, time elapsed: 11.54s
f inputs x:[[-1.          1.          0.21074403  0.09643408]] ev:{} outputs y:7.5433674319695605 (n:-0.0) c:1.0
num acquisition: 64, time elapsed: 11.69s
f inputs x:[[ 1.         -1.         -0.0084403   0.02770148]] ev:{} outputs y:8.645256833992878 (n:0.0) c:1.0
num acquisition: 65, time elapsed: 11.85s
f inputs x:[[-0.07021448  1.          1.          0.18192618]] ev:{} outputs y:7.756505261726014 (n:-0.0) c:1.0
num acquisition: 66, time elapsed: 12.02s
f inputs x:[[ 1.          1.          0.20642674 -0.03089721]] ev:{} outputs y:7.545654768367309 (n:-0.0) c:1.0
num acquisition: 67, time elapsed: 12.20s
f inputs x:[[-1.         -1.         -0.08771188  0.00398044]] ev:{} outputs y:8.670909410069383 (n:-0.0) c:1.0
num acquisition: 68, time elapsed: 12.38s
f inputs x:[[1.         0.07160191 1.         1.        ]] ev:{} outputs y:7.829476654839725 (n:-0.0) c:1.0
num acquisition: 69, time elapsed: 12.56s
f inputs x:[[-0.00441664  0.00732473 -0.00166257 -0.01562524]] ev:{} outputs y:1.4161613983288261 (n:0.0) c:1.0
num acquisition: 70, time elapsed: 12.77s
f inputs x:[[-0.03564882 -0.13462392 -1.          1.        ]] ev:{} outputs y:6.838162805168957 (n:-0.0) c:1.0
num acquisition: 71, time elapsed: 12.95s
f inputs x:[[-0.09706735  0.01280148  0.02153226 -0.03739829]] ev:{} outputs y:1.6335539229250704 (n:-0.0) c:1.0
num acquisition: 72, time elapsed: 13.13s
f inputs x:[[-0.11605688  0.15863586 -1.         -1.        ]] ev:{} outputs y:8.384780152561234 (n:0.0) c:1.0
num acquisition: 73, time elapsed: 13.29s
f inputs x:[[-0.03918157 -1.         -1.          0.14783717]] ev:{} outputs y:8.67485633482651 (n:-0.0) c:1.0
num acquisition: 74, time elapsed: 13.48s
f inputs x:[[ 1.         1.        -0.1498102  1.       ]] ev:{} outputs y:7.963226879145189 (n:0.0) c:1.0
num acquisition: 75, time elapsed: 13.65s
f inputs x:[[-0.25054251  0.09263563  1.         -1.        ]] ev:{} outputs y:8.368005884004292 (n:0.0) c:1.0
num acquisition: 76, time elapsed: 13.83s
f inputs x:[[ 0.0986225   0.00644799  0.00077117 -0.07526417]] ev:{} outputs y:1.8016744022723714 (n:-0.0) c:1.0
num acquisition: 77, time elapsed: 14.05s
f inputs x:[[ 0.01249957 -1.          0.16961104 -1.        ]] ev:{} outputs y:7.775514770047837 (n:0.0) c:1.0
num acquisition: 78, time elapsed: 14.27s
f inputs x:[[-0.13297077  0.01195023  0.2654958   1.        ]] ev:{} outputs y:5.83070558962057 (n:0.0) c:1.0
num acquisition: 79, time elapsed: 14.46s
f inputs x:[[-0.56066061  0.17802593 -0.08891425  0.0105516 ]] ev:{} outputs y:4.685227977439484 (n:0.0) c:1.0
num acquisition: 80, time elapsed: 14.67s
f inputs x:[[ 1.          1.         -1.          0.13533414]] ev:{} outputs y:8.683416403732934 (n:-0.0) c:1.0
num acquisition: 81, time elapsed: 14.88s
f inputs x:[[ 1.          0.09655399 -1.          1.        ]] ev:{} outputs y:7.826261222384196 (n:0.0) c:1.0
num acquisition: 82, time elapsed: 15.06s
f inputs x:[[-1.         -0.13173481 -1.          0.00140098]] ev:{} outputs y:8.34773160460166 (n:-0.0) c:1.0
num acquisition: 83, time elapsed: 15.28s
f inputs x:[[0.06819279 0.13966982 0.06407719 0.09786385]] ev:{} outputs y:2.618087922642072 (n:0.0) c:1.0
num acquisition: 84, time elapsed: 15.46s
f inputs x:[[-0.28531688  1.         -0.2147013   1.        ]] ev:{} outputs y:7.933545172008151 (n:0.0) c:1.0
num acquisition: 85, time elapsed: 15.67s
f inputs x:[[-0.3924365   0.29247638  1.          1.        ]] ev:{} outputs y:6.622387581557405 (n:-0.0) c:1.0
num acquisition: 86, time elapsed: 15.90s
f inputs x:[[1.         0.39733351 1.         0.0203747 ]] ev:{} outputs y:8.02698510877846 (n:0.0) c:1.0
num acquisition: 87, time elapsed: 16.12s
f inputs x:[[ 1.         -1.          0.06842932 -1.        ]] ev:{} outputs y:8.696159023529018 (n:-0.0) c:1.0
num acquisition: 88, time elapsed: 16.33s
f inputs x:[[ 1.         -0.25318954  0.05199305  1.        ]] ev:{} outputs y:7.879942799655009 (n:-0.0) c:1.0
num acquisition: 89, time elapsed: 16.53s
f inputs x:[[0.07276309 0.13959712 0.06535013 0.09763326]] ev:{} outputs y:2.6043797065647394 (n:0.0) c:1.0
num acquisition: 90, time elapsed: 16.71s
f inputs x:[[-1.          1.          0.02012544 -1.        ]] ev:{} outputs y:7.8701314695915165 (n:-0.0) c:1.0
num acquisition: 91, time elapsed: 16.87s
f inputs x:[[-0.33031969 -0.2504607   0.46499591  0.44129021]] ev:{} outputs y:4.995906454388109 (n:0.0) c:1.0
num acquisition: 92, time elapsed: 17.06s
f inputs x:[[ 1.          0.52708013  0.0303016  -1.        ]] ev:{} outputs y:7.323776966930225 (n:0.0) c:1.0
num acquisition: 93, time elapsed: 17.28s
f inputs x:[[0.29664845 0.59594217 1.         1.        ]] ev:{} outputs y:6.339708453822172 (n:0.0) c:1.0
num acquisition: 94, time elapsed: 17.48s
f inputs x:[[-1.         -1.          1.          0.03388553]] ev:{} outputs y:8.712671522271412 (n:0.0) c:1.0
num acquisition: 95, time elapsed: 17.69s
f inputs x:[[ 0.12352317  1.         -1.          1.        ]] ev:{} outputs y:8.468606047174319 (n:0.0) c:1.0
num acquisition: 96, time elapsed: 17.92s
f inputs x:[[0.07102617 0.13928443 0.06768207 0.10032968]] ev:{} outputs y:2.6213833470801826 (n:0.0) c:1.0
num acquisition: 97, time elapsed: 18.15s
f inputs x:[[ 1.         -1.          1.         -0.18285046]] ev:{} outputs y:8.772945117034878 (n:-0.0) c:1.0
num acquisition: 98, time elapsed: 18.41s
f inputs x:[[-0.18118546  0.3226907   0.57451326  0.51345257]] ev:{} outputs y:4.566579905162162 (n:0.0) c:1.0
num acquisition: 99, time elapsed: 18.61s
f inputs x:[[ 1.         -1.         -1.         -0.10843027]] ev:{} outputs y:9.186496599879394 (n:0.0) c:1.0
num acquisition: 100, time elapsed: 18.85s
f inputs x:[[-1.         -0.05366969  1.          1.        ]] ev:{} outputs y:7.9158626864061645 (n:-0.0) c:1.0
num acquisition: 101, time elapsed: 19.03s
f inputs x:[[0.07042397 0.13952769 0.07008947 0.10214874]] ev:{} outputs y:2.6344592675006075 (n:0.0) c:1.0
num acquisition: 102, time elapsed: 19.21s
f inputs x:[[ 0.01139664  1.         -1.         -0.47371009]] ev:{} outputs y:8.85300131130269 (n:0.0) c:1.0
num acquisition: 103, time elapsed: 19.45s
f inputs x:[[-0.09477048 -0.06931043  1.          0.34791129]] ev:{} outputs y:7.397287448265293 (n:0.0) c:1.0
num acquisition: 104, time elapsed: 19.76s
f inputs x:[[ 0.02984042  1.          1.         -1.        ]] ev:{} outputs y:8.472044796912627 (n:0.0) c:1.0
num acquisition: 105, time elapsed: 20.05s
f inputs x:[[-0.28231228  0.72559315  0.28904108  0.39036703]] ev:{} outputs y:6.035347026582651 (n:-0.0) c:1.0
num acquisition: 106, time elapsed: 20.27s
f inputs x:[[ 0.14986004 -0.01428466 -0.0310205  -1.        ]] ev:{} outputs y:6.056068519460358 (n:-0.0) c:1.0
num acquisition: 107, time elapsed: 20.51s
f inputs x:[[-1.          1.          0.17039228  1.        ]] ev:{} outputs y:7.7502586979089365 (n:-0.0) c:1.0
num acquisition: 108, time elapsed: 20.72s
f inputs x:[[-1.          0.28518877  0.17629446 -0.25987459]] ev:{} outputs y:7.213911157603386 (n:-0.0) c:1.0
num acquisition: 109, time elapsed: 20.92s
f inputs x:[[-0.05543427 -0.01849009 -0.0239839  -0.00137886]] ev:{} outputs y:1.5960880114438178 (n:0.0) c:1.0
num acquisition: 110, time elapsed: 21.20s
f inputs x:[[-0.33059706  0.11739958  0.17264355  0.20901824]] ev:{} outputs y:3.313851120927265 (n:-0.0) c:1.0
num acquisition: 111, time elapsed: 21.41s
f inputs x:[[-1.          0.03881045 -1.          1.        ]] ev:{} outputs y:7.861837504320827 (n:0.0) c:1.0
num acquisition: 112, time elapsed: 21.67s
f inputs x:[[-1.         -1.          0.04780666  1.        ]] ev:{} outputs y:8.701278103050278 (n:-0.0) c:1.0
num acquisition: 113, time elapsed: 21.94s
f inputs x:[[-0.64379789 -0.18620772  0.09021074  0.30506451]] ev:{} outputs y:6.20119754110717 (n:0.0) c:1.0
num acquisition: 114, time elapsed: 22.21s
f inputs x:[[ 0.35066461 -0.03260076 -1.          0.18932778]] ev:{} outputs y:7.557832945765924 (n:-0.0) c:1.0
num acquisition: 115, time elapsed: 22.50s
f inputs x:[[-0.21786501  1.         -0.01500738 -0.19627639]] ev:{} outputs y:7.672493259491208 (n:0.0) c:1.0
num acquisition: 116, time elapsed: 22.74s
f inputs x:[[ 0.02102007 -1.          1.          1.        ]] ev:{} outputs y:7.21068429337815 (n:-0.0) c:1.0
num acquisition: 117, time elapsed: 22.96s
f inputs x:[[-1.          1.          1.          0.05871776]] ev:{} outputs y:7.860801936715922 (n:0.0) c:1.0
num acquisition: 118, time elapsed: 23.33s
f inputs x:[[ 0.12815407 -0.44244684  0.31830242  0.51380778]] ev:{} outputs y:4.959906836469255 (n:0.0) c:1.0
num acquisition: 119, time elapsed: 23.61s
f inputs x:[[0.51831388 0.47745728 0.38250432 1.        ]] ev:{} outputs y:5.356524856876625 (n:0.0) c:1.0
num acquisition: 120, time elapsed: 23.90s
f inputs x:[[ 0.01531387 -1.          0.32264683  0.29816813]] ev:{} outputs y:7.428204786196965 (n:-0.0) c:1.0
num acquisition: 121, time elapsed: 24.21s
f inputs x:[[0.4382472  1.         0.52158519 0.73509326]] ev:{} outputs y:7.044911028548796 (n:-0.0) c:1.0
num acquisition: 122, time elapsed: 24.47s
f inputs x:[[0.06069748 0.10967305 0.05948984 0.09186624]] ev:{} outputs y:2.4003243654023 (n:-0.0) c:1.0
num acquisition: 123, time elapsed: 24.74s
f inputs x:[[-1.          0.00294072 -1.         -1.        ]] ev:{} outputs y:8.714537979799658 (n:-0.0) c:1.0
num acquisition: 124, time elapsed: 25.05s
f inputs x:[[-1.        -1.         0.0205756 -1.       ]] ev:{} outputs y:8.709686115480842 (n:-0.0) c:1.0
num acquisition: 125, time elapsed: 25.37s
f inputs x:[[ 0.08365463 -1.          1.         -1.        ]] ev:{} outputs y:8.476561286164054 (n:-0.0) c:1.0
num acquisition: 126, time elapsed: 25.72s
f inputs x:[[ 0.18709603 -0.15247772 -0.26669807  1.        ]] ev:{} outputs y:5.924631761218277 (n:-0.0) c:1.0
num acquisition: 127, time elapsed: 25.99s
f inputs x:[[0.06100082 0.11026469 0.0601696  0.09173147]] ev:{} outputs y:2.4030155403321216 (n:0.0) c:1.0
num acquisition: 128, time elapsed: 26.31s
f inputs x:[[ 0.34329762 -0.29619301  0.43021332  1.        ]] ev:{} outputs y:5.745999064243181 (n:-0.0) c:1.0
num acquisition: 129, time elapsed: 26.60s
f inputs x:[[-0.38399632  0.29096709 -0.11530682  0.55550257]] ev:{} outputs y:5.062229202050795 (n:0.0) c:1.0
num acquisition: 130, time elapsed: 26.91s
f inputs x:[[-1.        -0.0097777  1.        -1.       ]] ev:{} outputs y:8.716763104945471 (n:0.0) c:1.0
num acquisition: 131, time elapsed: 27.21s
f inputs x:[[-0.15219616  0.02156547  0.24539352  0.53026857]] ev:{} outputs y:4.59190700392796 (n:0.0) c:1.0
num acquisition: 132, time elapsed: 27.52s
f inputs x:[[1.         0.33027085 0.22553015 0.03124308]] ev:{} outputs y:7.12471471795923 (n:-0.0) c:1.0
num acquisition: 133, time elapsed: 27.85s
f inputs x:[[-0.26956729 -0.38491909 -0.26656963 -1.        ]] ev:{} outputs y:6.703375050231857 (n:0.0) c:1.0
num acquisition: 134, time elapsed: 28.12s
f inputs x:[[-0.30555954 -0.35033744 -0.35373267  0.77131861]] ev:{} outputs y:5.984985358532545 (n:0.0) c:1.0
num acquisition: 135, time elapsed: 28.37s
f inputs x:[[-0.24914676  0.12761633 -0.00444499 -0.06272392]] ev:{} outputs y:1.9595859903831143 (n:-0.0) c:1.0
num acquisition: 136, time elapsed: 28.84s
f inputs x:[[ 0.03831746 -0.0040231   0.01005476 -0.01128946]] ev:{} outputs y:1.3720142629745833 (n:0.0) c:1.0
num acquisition: 137, time elapsed: 29.31s
f inputs x:[[-0.26224233  0.00527961 -0.0476245  -0.02843044]] ev:{} outputs y:2.6855435881992724 (n:-0.0) c:1.0
num acquisition: 138, time elapsed: 29.62s
f inputs x:[[-0.29753549  0.2989918   0.04619012  0.02882758]] ev:{} outputs y:2.916702347384918 (n:0.0) c:1.0
num acquisition: 139, time elapsed: 30.12s
f inputs x:[[-0.33723364  0.28020297 -0.05675073 -0.27876521]] ev:{} outputs y:4.098149600833865 (n:-0.0) c:1.0
num acquisition: 140, time elapsed: 30.46s
f inputs x:[[-0.25170022  0.23147429 -0.46508922  1.        ]] ev:{} outputs y:5.636369390939194 (n:0.0) c:1.0
num acquisition: 141, time elapsed: 30.75s
f inputs x:[[ 0.12778544 -0.03112923  0.04846447  0.01193216]] ev:{} outputs y:1.8187563445379598 (n:-0.0) c:1.0
num acquisition: 142, time elapsed: 31.21s
f inputs x:[[ 0.52371891 -0.45023989  0.77289398  0.50219272]] ev:{} outputs y:6.56019558121495 (n:-0.0) c:1.0
num acquisition: 143, time elapsed: 31.52s
f inputs x:[[-6.89682265e-04 -1.00000000e+00 -1.00000000e+00  1.00000000e+00]] ev:{} outputs y:8.475811177822418 (n:-0.0) c:1.0
num acquisition: 144, time elapsed: 31.86s
f inputs x:[[ 1.         -1.          0.04853167  1.        ]] ev:{} outputs y:8.69969124852226 (n:-0.0) c:1.0
num acquisition: 145, time elapsed: 32.28s
f inputs x:[[-1.         -1.         -1.         -0.00173836]] ev:{} outputs y:9.167886746067593 (n:-0.0) c:1.0
num acquisition: 146, time elapsed: 32.64s
f inputs x:[[-0.28985745 -0.53764012  0.39108562  1.        ]] ev:{} outputs y:6.073056044177506 (n:-0.0) c:1.0
num acquisition: 147, time elapsed: 33.03s
f inputs x:[[1.         1.         1.         0.24476455]] ev:{} outputs y:7.736072719943801 (n:-0.0) c:1.0
num acquisition: 148, time elapsed: 33.39s
f inputs x:[[ 0.46291835  0.35679    -0.46069464 -1.        ]] ev:{} outputs y:6.993253578753292 (n:-0.0) c:1.0
num acquisition: 149, time elapsed: 33.83s
f inputs x:[[0.03975105 0.10307978 0.04832893 0.0541606 ]] ev:{} outputs y:2.1722338582323495 (n:-0.0) c:1.0
num acquisition: 150, time elapsed: 34.22s
f inputs x:[[ 0.02668847 -1.         -0.26465292 -0.34989472]] ev:{} outputs y:7.9300498636319965 (n:-0.0) c:1.0
num acquisition: 151, time elapsed: 34.59s
f inputs x:[[ 0.20215742  0.4187318  -0.09218293  1.        ]] ev:{} outputs y:6.291997150704014 (n:0.0) c:1.0
num acquisition: 152, time elapsed: 35.01s
f inputs x:[[-1.          0.4523785  -0.24594444  0.45538432]] ev:{} outputs y:7.179337848653149 (n:0.0) c:1.0
num acquisition: 153, time elapsed: 35.43s
f inputs x:[[-0.32522723  0.24868996 -1.          0.5659638 ]] ev:{} outputs y:7.291247035933963 (n:-0.0) c:1.0
num acquisition: 154, time elapsed: 35.85s
f inputs x:[[ 0.38729495  0.3232401   0.45646172 -1.        ]] ev:{} outputs y:6.779567312846806 (n:0.0) c:1.0
num acquisition: 155, time elapsed: 36.27s
f inputs x:[[ 1.          0.11868229 -1.          0.1653787 ]] ev:{} outputs y:8.161587154417328 (n:0.0) c:1.0
num acquisition: 156, time elapsed: 36.69s
f inputs x:[[0.03830884 0.1015277  0.05044981 0.05037772]] ev:{} outputs y:2.148096818669676 (n:-0.0) c:1.0
num acquisition: 157, time elapsed: 37.17s
f inputs x:[[ 0.42231716  1.          0.43721921 -0.379412  ]] ev:{} outputs y:7.318963562449504 (n:-0.0) c:1.0
num acquisition: 158, time elapsed: 37.55s
f inputs x:[[-1.          1.         -0.56076653 -0.22022985]] ev:{} outputs y:8.200959916516053 (n:-0.0) c:1.0
num acquisition: 159, time elapsed: 38.03s
f inputs x:[[-0.32867856  0.35665241 -0.23114742 -1.        ]] ev:{} outputs y:6.447880771477423 (n:0.0) c:1.0
num acquisition: 160, time elapsed: 38.51s
f inputs x:[[1.         0.43797908 0.3621239  1.        ]] ev:{} outputs y:7.180984667707774 (n:-0.0) c:1.0
num acquisition: 161, time elapsed: 38.90s
f inputs x:[[ 0.21019043 -0.51690555 -0.25405501  0.39880608]] ev:{} outputs y:6.1349335665629905 (n:0.0) c:1.0
num acquisition: 162, time elapsed: 39.31s
f inputs x:[[-0.46775895  0.3319834   0.55301132  0.14230761]] ev:{} outputs y:5.035647857248125 (n:-0.0) c:1.0
num acquisition: 163, time elapsed: 39.73s
f inputs x:[[-0.24585201  1.          1.          1.        ]] ev:{} outputs y:7.129936896671519 (n:0.0) c:1.0
num acquisition: 164, time elapsed: 40.17s
f inputs x:[[ 1.          1.         -0.25243598 -0.59360869]] ev:{} outputs y:7.9744342126270436 (n:0.0) c:1.0
num acquisition: 165, time elapsed: 40.62s
f inputs x:[[0.03479783 0.10617013 0.05676637 0.04574332]] ev:{} outputs y:2.184252389056347 (n:0.0) c:1.0
num acquisition: 166, time elapsed: 41.01s
f inputs x:[[0.03450952 0.10595573 0.05658081 0.04531147]] ev:{} outputs y:2.181103522374604 (n:0.0) c:1.0
num acquisition: 167, time elapsed: 41.43s
f inputs x:[[-0.22896043 -0.29140754  0.35597446 -1.        ]] ev:{} outputs y:6.622415282118466 (n:-0.0) c:1.0
num acquisition: 168, time elapsed: 41.87s
f inputs x:[[0.21855675 0.52164287 0.5493169  0.58668069]] ev:{} outputs y:4.345117251709374 (n:-0.0) c:1.0
num acquisition: 169, time elapsed: 42.32s
f inputs x:[[-0.16008694 -0.2558077  -1.         -0.31520783]] ev:{} outputs y:7.984816784503282 (n:-0.0) c:1.0
num acquisition: 170, time elapsed: 42.75s
f inputs x:[[-0.22198405 -0.46470102  0.08012878  0.53937901]] ev:{} outputs y:5.746080999145399 (n:-0.0) c:1.0
num acquisition: 171, time elapsed: 43.23s
f inputs x:[[ 1.          0.25671524  1.         -1.        ]] ev:{} outputs y:8.623305759137072 (n:0.0) c:1.0
num acquisition: 172, time elapsed: 43.67s
f inputs x:[[-0.50146657  0.5757737   0.58952481 -0.491509  ]] ev:{} outputs y:6.425455680553444 (n:-0.0) c:1.0
num acquisition: 173, time elapsed: 44.14s
f inputs x:[[ 1.         -0.17546139 -0.20697276 -1.        ]] ev:{} outputs y:7.865717807806933 (n:0.0) c:1.0
num acquisition: 174, time elapsed: 44.68s
f inputs x:[[ 1.         -0.32244332  0.47163337  0.1545483 ]] ev:{} outputs y:7.794703609508797 (n:0.0) c:1.0
num acquisition: 175, time elapsed: 45.22s
f inputs x:[[-0.33653319 -0.70600254  0.81795222  0.47271513]] ev:{} outputs y:6.59904026216413 (n:-0.0) c:1.0
num acquisition: 176, time elapsed: 45.60s
f inputs x:[[ 0.42021755  0.3865414  -0.05072882 -0.48220423]] ev:{} outputs y:5.047200275421298 (n:0.0) c:1.0
num acquisition: 177, time elapsed: 46.22s
f inputs x:[[-0.59107017  0.40234755  0.39606792  1.        ]] ev:{} outputs y:5.48914978365409 (n:-0.0) c:1.0
num acquisition: 178, time elapsed: 46.71s
f inputs x:[[-0.03054904 -0.41226485  0.44430423  0.1203979 ]] ev:{} outputs y:4.74645501589517 (n:-0.0) c:1.0
num acquisition: 179, time elapsed: 47.35s
f inputs x:[[-0.38175349 -0.54476347  0.63664624 -0.30359267]] ev:{} outputs y:6.740983490601567 (n:0.0) c:1.0
num acquisition: 180, time elapsed: 47.81s
f inputs x:[[ 1.  1. -1.  1.]] ev:{} outputs y:8.482694290381872 (n:0.0) c:1.0
num acquisition: 181, time elapsed: 48.40s
f inputs x:[[ 1. -1.  1. -1.]] ev:{} outputs y:9.019956906396628 (n:0.0) c:1.0
num acquisition: 182, time elapsed: 48.95s
f inputs x:[[-1.          0.49343262  0.61943321  0.62034503]] ev:{} outputs y:6.948508823454461 (n:-0.0) c:1.0
num acquisition: 183, time elapsed: 49.48s
f inputs x:[[ 0.24345914  0.22068113 -0.77397174  0.93391019]] ev:{} outputs y:5.909534503283098 (n:-0.0) c:1.0
num acquisition: 184, time elapsed: 49.91s
f inputs x:[[0.03768799 0.1079971  0.06115634 0.04318275]] ev:{} outputs y:2.19357416661354 (n:0.0) c:1.0
num acquisition: 185, time elapsed: 50.51s
f inputs x:[[0.03744202 0.10777358 0.06098913 0.04280493]] ev:{} outputs y:2.190646615135088 (n:0.0) c:1.0
num acquisition: 186, time elapsed: 50.92s
f inputs x:[[0.44815718 0.31196589 0.99131583 0.57227327]] ev:{} outputs y:7.038378944290352 (n:-0.0) c:1.0
num acquisition: 187, time elapsed: 51.34s
f inputs x:[[-0.22386716  0.11003982  0.09292619 -0.00707149]] ev:{} outputs y:1.8885205831363931 (n:0.0) c:1.0
num acquisition: 188, time elapsed: 51.79s
f inputs x:[[ 0.33601303  0.23547313 -0.49254375 -0.37062417]] ev:{} outputs y:6.163546928904321 (n:-0.0) c:1.0
num acquisition: 189, time elapsed: 52.53s
f inputs x:[[ 0.65210231 -0.12493546 -1.         -1.        ]] ev:{} outputs y:8.470358058769412 (n:-0.0) c:1.0
num acquisition: 190, time elapsed: 53.07s
f inputs x:[[ 0.34065599 -0.51028094  0.24068632  0.0680953 ]] ev:{} outputs y:5.624545122243888 (n:0.0) c:1.0
num acquisition: 191, time elapsed: 53.59s
f inputs x:[[ 0.63476521 -0.40287472 -0.66480427  0.8624327 ]] ev:{} outputs y:6.9664226292243345 (n:-0.0) c:1.0
num acquisition: 192, time elapsed: 54.17s
f inputs x:[[ 0.2045197  -0.24422976  0.93659198 -0.61672226]] ev:{} outputs y:7.926937842295154 (n:-0.0) c:1.0
num acquisition: 193, time elapsed: 54.62s
f inputs x:[[ 0.08912095  0.98958867 -0.92968742  0.33535457]] ev:{} outputs y:8.494057589565504 (n:-0.0) c:1.0
num acquisition: 194, time elapsed: 55.31s
f inputs x:[[-0.65326199 -0.19330336  0.56804707  0.97153573]] ev:{} outputs y:6.442597794255584 (n:-0.0) c:1.0
num acquisition: 195, time elapsed: 55.83s
f inputs x:[[ 0.91834858  0.24627229 -0.36803537  0.97218979]] ev:{} outputs y:7.114024632037131 (n:0.0) c:1.0
num acquisition: 196, time elapsed: 56.41s
f inputs x:[[ 0.02679111  0.50950647 -0.20206847 -0.64500812]] ev:{} outputs y:6.329055224818741 (n:0.0) c:1.0
num acquisition: 197, time elapsed: 56.99s
f inputs x:[[-0.53824223 -0.11484547 -0.56257744  0.47867723]] ev:{} outputs y:5.939563712676907 (n:-0.0) c:1.0
num acquisition: 198, time elapsed: 57.54s
f inputs x:[[ 0.34850784 -0.31959487 -0.24925692 -0.15259561]] ev:{} outputs y:5.5705456096475405 (n:-0.0) c:1.0
num acquisition: 199, time elapsed: 58.14s
f inputs x:[[-0.6354161   0.20649341 -0.46888057 -0.44040322]] ev:{} outputs y:6.452651860004176 (n:-0.0) c:1.0
num acquisition: 200, time elapsed: 58.89s
f inputs x:[[-0.03392813 -0.12441665 -0.49244467  0.43329163]] ev:{} outputs y:4.8782982264088 (n:-0.0) c:1.0
num acquisition: 201, time elapsed: 59.47s
f inputs x:[[ 0.12244815 -0.42269737 -0.13772955 -0.6583496 ]] ev:{} outputs y:5.999394853407403 (n:0.0) c:1.0
num acquisition: 202, time elapsed: 59.95s
f inputs x:[[-0.31004309 -0.99571389 -0.91799333 -0.95393694]] ev:{} outputs y:8.892357320312264 (n:0.0) c:1.0
num acquisition: 203, time elapsed: 60.51s
f inputs x:[[ 0.96906903 -0.3518876  -0.44548633  0.30666262]] ev:{} outputs y:7.7785681342343125 (n:0.0) c:1.0
num acquisition: 204, time elapsed: 61.05s
f inputs x:[[0.07409086 0.32412728 0.43672394 0.96949026]] ev:{} outputs y:5.318348633763178 (n:-0.0) c:1.0
num acquisition: 205, time elapsed: 61.77s
f inputs x:[[-0.22887386 -0.44498232 -0.57789323  0.1857536 ]] ev:{} outputs y:6.475801536676291 (n:-0.0) c:1.0
num acquisition: 206, time elapsed: 62.49s
f inputs x:[[-0.23486265  0.27189727  0.94435246 -0.33382102]] ev:{} outputs y:7.712395631113092 (n:0.0) c:1.0
num acquisition: 207, time elapsed: 63.10s
f inputs x:[[-0.12122307 -0.06819844  0.68188863  0.7778527 ]] ev:{} outputs y:5.349191932906164 (n:0.0) c:1.0
num acquisition: 208, time elapsed: 63.59s
f inputs x:[[0.01742891 0.10317765 0.06464664 0.0418912 ]] ev:{} outputs y:2.1918770312412175 (n:0.0) c:1.0
num acquisition: 209, time elapsed: 64.29s
f inputs x:[[0.01711939 0.10289327 0.06447474 0.04152206]] ev:{} outputs y:2.1884451722847573 (n:-0.0) c:1.0
num acquisition: 210, time elapsed: 64.89s
f inputs x:[[ 0.2292926  -0.53948923  0.37344997 -0.51192083]] ev:{} outputs y:6.150623572892116 (n:-0.0) c:1.0
num acquisition: 211, time elapsed: 65.42s
f inputs x:[[-0.50119077  0.98110751  0.99475084 -0.42023449]] ev:{} outputs y:8.009565782700173 (n:-0.0) c:1.0
num acquisition: 212, time elapsed: 66.06s
f inputs x:[[-0.59689489  0.55139146  0.98876538  0.51283893]] ev:{} outputs y:6.914716994730487 (n:0.0) c:1.0
num acquisition: 213, time elapsed: 66.78s
f inputs x:[[-0.32114235  0.46252889  0.44968523 -0.97509441]] ev:{} outputs y:6.733154995889591 (n:0.0) c:1.0
num acquisition: 214, time elapsed: 67.62s
f inputs x:[[-0.67164117 -0.36131852 -0.04455807 -0.50810124]] ev:{} outputs y:6.750466328468633 (n:0.0) c:1.0
num acquisition: 215, time elapsed: 68.30s
f inputs x:[[ 0.39888525 -0.8624114   0.49526196  0.71821323]] ev:{} outputs y:6.969469566997227 (n:0.0) c:1.0
num acquisition: 216, time elapsed: 68.94s
f inputs x:[[-0.98909627 -0.52157404  0.54753439  0.36146501]] ev:{} outputs y:7.906801543009452 (n:-0.0) c:1.0
num acquisition: 217, time elapsed: 69.64s
f inputs x:[[ 0.89062013  0.49347601 -0.35681735 -0.257001  ]] ev:{} outputs y:6.867597566576538 (n:-0.0) c:1.0
num acquisition: 218, time elapsed: 70.24s
f inputs x:[[-0.03700065  0.39385635 -0.49654525  0.62049708]] ev:{} outputs y:5.869515586066318 (n:0.0) c:1.0
num acquisition: 219, time elapsed: 70.97s
f inputs x:[[ 0.03548894 -0.01682323 -0.0119199  -0.01537875]] ev:{} outputs y:1.4599751253220414 (n:-0.0) c:1.0
num acquisition: 220, time elapsed: 71.71s
f inputs x:[[ 0.99404465 -0.82572859 -0.70932222 -0.99654366]] ev:{} outputs y:8.854203388184608 (n:0.0) c:1.0
num acquisition: 221, time elapsed: 72.49s
f inputs x:[[ 0.14420463 -0.04535156 -0.03251326 -0.5640989 ]] ev:{} outputs y:4.956743816729322 (n:-0.0) c:1.0
num acquisition: 222, time elapsed: 73.28s
f inputs x:[[-0.90715284  0.31579591  0.43421347 -0.98056644]] ev:{} outputs y:7.378787676903221 (n:0.0) c:1.0
num acquisition: 223, time elapsed: 74.01s
f inputs x:[[ 0.73119233  0.44981172  0.34453194 -0.36493477]] ev:{} outputs y:5.808203533322299 (n:-0.0) c:1.0
num acquisition: 224, time elapsed: 74.72s
f inputs x:[[ 0.40038059 -0.4478577   0.20268951 -0.99020642]] ev:{} outputs y:6.63332075973603 (n:0.0) c:1.0
num acquisition: 225, time elapsed: 75.39s
f inputs x:[[ 0.43764666 -0.33134679  0.98814104  0.94519886]] ev:{} outputs y:6.840831944159656 (n:0.0) c:1.0
num acquisition: 226, time elapsed: 76.20s
f inputs x:[[ 0.99091541 -0.29878589  0.97979564 -0.14673753]] ev:{} outputs y:8.385268599007098 (n:0.0) c:1.0
num acquisition: 227, time elapsed: 76.92s
f inputs x:[[ 0.38894246  0.92280429 -0.4306635  -0.97843858]] ev:{} outputs y:7.979467015824741 (n:-0.0) c:1.0
num acquisition: 228, time elapsed: 77.70s
f inputs x:[[-0.35032521  0.92127855 -0.62898409 -0.98039428]] ev:{} outputs y:8.267051712024418 (n:-0.0) c:1.0
num acquisition: 229, time elapsed: 78.39s
f inputs x:[[0.01471086 0.09238742 0.060161   0.03565423]] ev:{} outputs y:2.0808317680533857 (n:0.0) c:1.0
num acquisition: 230, time elapsed: 79.37s
f inputs x:[[-0.69848392  0.46211776 -0.02613375  0.90888254]] ev:{} outputs y:6.335963991323741 (n:-0.0) c:1.0
num acquisition: 231, time elapsed: 80.30s
f inputs x:[[0.98391994 0.80755222 0.42465085 0.55499808]] ev:{} outputs y:6.850303379721 (n:-0.0) c:1.0
num acquisition: 232, time elapsed: 80.97s
f inputs x:[[ 0.09293704  0.52092369  0.40201789 -0.61534652]] ev:{} outputs y:6.20141727016095 (n:-0.0) c:1.0
num acquisition: 233, time elapsed: 81.81s
f inputs x:[[0.55251565 0.05933119 0.18865282 0.97581251]] ev:{} outputs y:6.198943891277433 (n:-0.0) c:1.0
num acquisition: 234, time elapsed: 82.53s
f inputs x:[[ 0.366971    0.21776269  0.09262507 -0.18789584]] ev:{} outputs y:3.0517980228117456 (n:-0.0) c:1.0
num acquisition: 235, time elapsed: 83.37s
f inputs x:[[0.01744547 0.09250667 0.05883902 0.03088331]] ev:{} outputs y:2.0611130830356204 (n:-0.0) c:1.0
num acquisition: 236, time elapsed: 84.25s
f inputs x:[[-0.60219392  0.9635235  -0.35309794  0.43750346]] ev:{} outputs y:7.685237221218362 (n:0.0) c:1.0
num acquisition: 237, time elapsed: 84.95s
f inputs x:[[ 0.70135137  0.91944519  0.33541295 -0.94178961]] ev:{} outputs y:7.243462711228067 (n:-0.0) c:1.0
num acquisition: 238, time elapsed: 85.96s
f inputs x:[[ 0.51335278  0.95524409 -0.29243318 -0.06963821]] ev:{} outputs y:7.631006397730902 (n:-0.0) c:1.0
num acquisition: 239, time elapsed: 86.77s
f inputs x:[[ 0.32479962  0.98110307 -0.1027194   0.75946401]] ev:{} outputs y:7.732673525623779 (n:-0.0) c:1.0
num acquisition: 240, time elapsed: 87.82s
f inputs x:[[-0.65393654 -0.46542914 -0.99353095  0.65918858]] ev:{} outputs y:7.791044758336748 (n:0.0) c:1.0
num acquisition: 241, time elapsed: 88.76s
f inputs x:[[-0.41431656 -0.96371759  0.31011324 -0.42318385]] ev:{} outputs y:7.5823706612946395 (n:-0.0) c:1.0
num acquisition: 242, time elapsed: 89.56s
f inputs x:[[-0.96161562 -0.35269622  0.62851676 -0.50689904]] ev:{} outputs y:7.977460373251919 (n:0.0) c:1.0
num acquisition: 243, time elapsed: 90.34s
f inputs x:[[ 0.37843827 -0.06726026 -0.51723114  0.45567984]] ev:{} outputs y:5.198204838053353 (n:0.0) c:1.0
num acquisition: 244, time elapsed: 91.14s
f inputs x:[[0.01740457 0.08982161 0.05782693 0.03078906]] ev:{} outputs y:2.0368439810530306 (n:0.0) c:1.0
num acquisition: 245, time elapsed: 92.04s
[ 0.03831746 -0.0040231   0.01005476 -0.01128946]
