INFO:GP:initializing Y
INFO:GP:initializing inference method
INFO:GP:adding kernel and likelihood as parameters
INFO:paramz.transformations:Warning: changing parameters to satisfy constraints
removed robo import in opts.py l17 due to theano errors
f inputs x:[[-0.32003337 -0.22859271]] ev:{} outputs y:4.4347958104902485 (n:0.0) c:1.0
f inputs x:[[-0.84554204 -0.67104891]] ev:{} outputs y:7.560479188708571 (n:-0.0) c:1.0
f inputs x:[[-0.40810115 -0.0281753 ]] ev:{} outputs y:4.120036872133235 (n:-0.0) c:1.0
f inputs x:[[-0.35298918  0.09520168]] ev:{} outputs y:2.6880821673416424 (n:-0.0) c:1.0
f inputs x:[[ 0.7542323  -0.06025345]] ev:{} outputs y:6.447312607430996 (n:-0.0) c:1.0
Using a model defined by the used.
Optimization restart 1/5, f = 6.508487729152165
Optimization restart 2/5, f = 6.508487729151769
Optimization restart 3/5, f = 6.63791512832175
Optimization restart 4/5, f = 6.508487729155496
Optimization restart 5/5, f = 6.50848772916058
f inputs x:[[-0.27098659  0.25699213]] ev:{} outputs y:2.1022021918328693 (n:0.0) c:1.0
num acquisition: 1, time elapsed: 0.12s
Optimization restart 1/5, f = 6.620468927075825
Optimization restart 2/5, f = 6.62046892704509
Optimization restart 3/5, f = 6.6204689271084
Optimization restart 4/5, f = 6.652382432996523
Optimization restart 5/5, f = 6.620468927044685
f inputs x:[[-0.41506283  0.54679247]] ev:{} outputs y:3.0058456793330803 (n:-0.0) c:1.0
num acquisition: 2, time elapsed: 0.22s
Optimization restart 1/5, f = 7.626926976804574
Optimization restart 2/5, f = 7.626926976805684
Optimization restart 3/5, f = 7.626926976825626
Optimization restart 4/5, f = 7.626926976806004
Optimization restart 5/5, f = 7.626926976840847
f inputs x:[[-0.06615907  0.28518202]] ev:{} outputs y:3.534863703990052 (n:0.0) c:1.0
num acquisition: 3, time elapsed: 0.34s
Optimization restart 1/5, f = 8.94935490254002
Optimization restart 2/5, f = 11.35151519311346
Optimization restart 3/5, f = 8.949354848398979
Optimization restart 4/5, f = 8.949355149060203
Optimization restart 5/5, f = 11.351508619933544
f inputs x:[[-0.41545708  0.28765641]] ev:{} outputs y:1.8315788979507548 (n:0.0) c:1.0
num acquisition: 4, time elapsed: 0.50s
Optimization restart 1/5, f = 8.865287356345778
Optimization restart 2/5, f = 8.865286732564392
Optimization restart 3/5, f = 8.865287961692243
Optimization restart 4/5, f = 8.865286729197779
Optimization restart 5/5, f = 12.770446798852287
f inputs x:[[-1.          0.57447878]] ev:{} outputs y:6.825443486488826 (n:-0.0) c:1.0
num acquisition: 5, time elapsed: 0.60s
Optimization restart 1/5, f = 10.086429865443097
Optimization restart 2/5, f = 10.086430044387697
Optimization restart 3/5, f = 10.086429870571994
Optimization restart 4/5, f = 10.08642987605568
Optimization restart 5/5, f = 10.086429861204422
f inputs x:[[1. 1.]] ev:{} outputs y:6.137209404019698 (n:0.0) c:1.0
num acquisition: 6, time elapsed: 0.75s
Optimization restart 1/5, f = 11.198822115782296
Optimization restart 2/5, f = 11.198823034841366
Optimization restart 3/5, f = 11.198822110936302
Optimization restart 4/5, f = 11.198822117170119
Optimization restart 5/5, f = 11.198822129377582
f inputs x:[[ 0.28450654 -1.        ]] ev:{} outputs y:6.3477245735730845 (n:0.0) c:1.0
num acquisition: 7, time elapsed: 0.90s
Optimization restart 1/5, f = 12.264152099485568
Optimization restart 2/5, f = 12.264152105213
Optimization restart 3/5, f = 12.264152148585564
Optimization restart 4/5, f = 12.264152202416215
Optimization restart 5/5, f = 12.264152086109519
f inputs x:[[-0.36616694  0.31221186]] ev:{} outputs y:1.5381091799567417 (n:-0.0) c:1.0
num acquisition: 8, time elapsed: 1.04s
Optimization restart 1/5, f = 12.171050507335103
Optimization restart 2/5, f = 11.798242098571253
Optimization restart 3/5, f = 11.798242098747622
Optimization restart 4/5, f = 11.798242099405222
Optimization restart 5/5, f = 11.798242098645652
f inputs x:[[-0.35985477  0.32674396]] ev:{} outputs y:1.7237344258371214 (n:-0.0) c:1.0
num acquisition: 9, time elapsed: 1.14s
Optimization restart 1/5, f = 10.533127247816369
Optimization restart 2/5, f = 10.533127247813043
Optimization restart 3/5, f = 10.533127247813788
Optimization restart 4/5, f = 10.533127247813457
Optimization restart 5/5, f = 10.533127247828903
f inputs x:[[0.04335628 1.        ]] ev:{} outputs y:6.035571135390686 (n:0.0) c:1.0
num acquisition: 10, time elapsed: 1.23s
Optimization restart 1/5, f = 11.520952872487937
Optimization restart 2/5, f = 11.520952872316741
Optimization restart 3/5, f = 11.520952872316409
Optimization restart 4/5, f = 11.52095287231774
Optimization restart 5/5, f = 11.520952872316489
f inputs x:[[-0.36753316  0.31588164]] ev:{} outputs y:1.5513213880718215 (n:-0.0) c:1.0
num acquisition: 11, time elapsed: 1.33s
Optimization restart 1/5, f = 10.221912202121317
Optimization restart 2/5, f = 10.221912202125488
Optimization restart 3/5, f = 10.221912202121425
Optimization restart 4/5, f = 10.221912202121498
Optimization restart 5/5, f = 10.221912202121148
f inputs x:[[ 1. -1.]] ev:{} outputs y:8.268407222217542 (n:-0.0) c:1.0
num acquisition: 12, time elapsed: 1.42s
Optimization restart 1/5, f = 10.486545511096578
Optimization restart 2/5, f = 10.486545511194514
Optimization restart 3/5, f = 10.486545511077427
Optimization restart 4/5, f = 10.486545511077617
Optimization restart 5/5, f = 10.486545511077255
f inputs x:[[-0.36684993  0.32140124]] ev:{} outputs y:1.598633801859767 (n:-0.0) c:1.0
num acquisition: 13, time elapsed: 1.52s
Optimization restart 1/5, f = 8.665984927722526
Optimization restart 2/5, f = 8.665984927724907
Optimization restart 3/5, f = 8.665984928307168
Optimization restart 4/5, f = 7.8758723214504265
Optimization restart 5/5, f = 7.875872351804823
f inputs x:[[-0.15143293  0.07457683]] ev:{} outputs y:1.1106203598703883 (n:-0.0) c:1.0
num acquisition: 14, time elapsed: 1.68s
Optimization restart 1/5, f = 9.299775533536554
Optimization restart 2/5, f = 11.900216223231036
Optimization restart 3/5, f = 11.900216223230869
Optimization restart 4/5, f = 11.900216223248755
Optimization restart 5/5, f = 9.299660068253885
f inputs x:[[-0.02859787 -0.00107851]] ev:{} outputs y:0.7531819980437039 (n:-0.0) c:1.0
num acquisition: 15, time elapsed: 1.79s
Optimization restart 1/5, f = 10.186922893336806
Optimization restart 2/5, f = 10.186783027841596
Optimization restart 3/5, f = 10.186783103214346
Optimization restart 4/5, f = 11.815456579007572
Optimization restart 5/5, f = 11.815456578987932
f inputs x:[[0.11857898 0.02119898]] ev:{} outputs y:0.4684332617516103 (n:-0.0) c:1.0
num acquisition: 16, time elapsed: 1.94s
Optimization restart 1/5, f = 11.05951632888039
Optimization restart 2/5, f = 12.660522891330697
Optimization restart 3/5, f = 11.05935172812262
Optimization restart 4/5, f = 12.660522891346334
Optimization restart 5/5, f = 12.660522891331116
f inputs x:[[ 0.12881718 -0.11610347]] ev:{} outputs y:2.3970029016419216 (n:0.0) c:1.0
num acquisition: 17, time elapsed: 2.08s
Optimization restart 1/5, f = 12.348546468343418
Optimization restart 2/5, f = 14.368012928308213
Optimization restart 3/5, f = 14.368012928254293
Optimization restart 4/5, f = 14.3680129280885
Optimization restart 5/5, f = 14.368012928088518
f inputs x:[[0.05733259 0.08133646]] ev:{} outputs y:1.4142594845028302 (n:0.0) c:1.0
num acquisition: 18, time elapsed: 2.23s
Optimization restart 1/5, f = 13.45827880814426
Optimization restart 2/5, f = 13.4581527889093
Optimization restart 3/5, f = 13.458151690324781
Optimization restart 4/5, f = 13.458151519417909
Optimization restart 5/5, f = 13.458156164838002
f inputs x:[[0.24810283 0.06444389]] ev:{} outputs y:1.0418935078641864 (n:-0.0) c:1.0
num acquisition: 19, time elapsed: 2.40s
Optimization restart 1/5, f = 14.234903388640504
Optimization restart 2/5, f = 14.234762072757452
Optimization restart 3/5, f = 14.234828340289372
Optimization restart 4/5, f = 14.23476207485498
Optimization restart 5/5, f = 14.234762208368114
f inputs x:[[0.40323184 0.38215994]] ev:{} outputs y:0.7149690474671594 (n:0.0) c:1.0
num acquisition: 20, time elapsed: 2.56s
Optimization restart 1/5, f = 15.981048029538519
Optimization restart 2/5, f = 15.98090631460122
Optimization restart 3/5, f = 15.980906212329115
Optimization restart 4/5, f = 15.98090630125501
Optimization restart 5/5, f = 15.980906160825928
f inputs x:[[0.5183399  0.51801592]] ev:{} outputs y:0.36434078314481794 (n:0.0) c:1.0
num acquisition: 21, time elapsed: 2.75s
Optimization restart 1/5, f = 17.05362287612526
Optimization restart 2/5, f = 17.053468469637515
Optimization restart 3/5, f = 17.053469164660452
Optimization restart 4/5, f = 17.05346869325262
Optimization restart 5/5, f = 17.05346904397888
f inputs x:[[0.38814089 0.55480028]] ev:{} outputs y:3.2763312248797893 (n:0.0) c:1.0
num acquisition: 22, time elapsed: 2.93s
Optimization restart 1/5, f = 19.123186088396373
Optimization restart 2/5, f = 19.123048773623253
Optimization restart 3/5, f = 19.123049108402967
Optimization restart 4/5, f = 19.123048763492534
Optimization restart 5/5, f = 19.123048697516573
f inputs x:[[0.57506412 0.41370281]] ev:{} outputs y:3.4068037176229136 (n:-0.0) c:1.0
num acquisition: 23, time elapsed: 3.10s
Optimization restart 1/5, f = 22.969262986656407
Optimization restart 2/5, f = 30.61228407966498
Optimization restart 3/5, f = 22.96920194610277
Optimization restart 4/5, f = 30.612284079585574
Optimization restart 5/5, f = 22.96920278678453
f inputs x:[[0.58440881 0.61607976]] ev:{} outputs y:1.3749336705336679 (n:0.0) c:1.0
num acquisition: 24, time elapsed: 3.24s
Optimization restart 1/5, f = 24.006721924660575
Optimization restart 2/5, f = 24.006671244157268
Optimization restart 3/5, f = 24.006659997617746
Optimization restart 4/5, f = 24.00666003576066
Optimization restart 5/5, f = 24.00666279495777
f inputs x:[[0.30875172 0.26732902]] ev:{} outputs y:1.1985898950694795 (n:0.0) c:1.0
num acquisition: 25, time elapsed: 3.40s
Optimization restart 1/5, f = 24.948642066998893
Optimization restart 2/5, f = 24.948572885622674
Optimization restart 3/5, f = 24.94857288411317
Optimization restart 4/5, f = 24.948573019717657
Optimization restart 5/5, f = 32.07366198281685
f inputs x:[[-0.57915739  1.        ]] ev:{} outputs y:3.847681193337708 (n:0.0) c:1.0
num acquisition: 26, time elapsed: 3.53s
Optimization restart 1/5, f = 26.378303759031112
Optimization restart 2/5, f = 26.378240389232946
Optimization restart 3/5, f = 26.378239666757565
Optimization restart 4/5, f = 26.378239610348977
Optimization restart 5/5, f = 26.378241451740376
f inputs x:[[-0.31899285 -1.        ]] ev:{} outputs y:6.423564497949627 (n:-0.0) c:1.0
num acquisition: 27, time elapsed: 3.68s
Optimization restart 1/5, f = 27.20283270641852
Optimization restart 2/5, f = 27.202763744595448
Optimization restart 3/5, f = 27.202763486874346
Optimization restart 4/5, f = 27.202763428909016
Optimization restart 5/5, f = 34.00338385759484
f inputs x:[[-1.         -0.05970063]] ev:{} outputs y:7.5356002996115885 (n:-0.0) c:1.0
num acquisition: 28, time elapsed: 3.82s
Optimization restart 1/5, f = 27.726849257510832
Optimization restart 2/5, f = 33.80074959284101
Optimization restart 3/5, f = 27.726766436381478
Optimization restart 4/5, f = 27.726766207291426
Optimization restart 5/5, f = 33.80074959285156
f inputs x:[[-0.12528654 -0.06261457]] ev:{} outputs y:1.8477274971916555 (n:-0.0) c:1.0
num acquisition: 29, time elapsed: 3.95s
Optimization restart 1/5, f = 28.535565983454802
Optimization restart 2/5, f = 28.53547703430623
Optimization restart 3/5, f = 28.53547706501052
Optimization restart 4/5, f = 34.20085990730847
Optimization restart 5/5, f = 28.535477576454774
f inputs x:[[ 0.48948859 -0.51144482]] ev:{} outputs y:6.045551700146017 (n:0.0) c:1.0
num acquisition: 30, time elapsed: 4.10s
Optimization restart 1/5, f = 29.41681629908947
Optimization restart 2/5, f = 29.416726164171514
Optimization restart 3/5, f = 34.6629187024804
Optimization restart 4/5, f = 29.4167239829098
Optimization restart 5/5, f = 34.66291870250777
f inputs x:[[-1.  1.]] ev:{} outputs y:6.154757006192991 (n:-0.0) c:1.0
num acquisition: 31, time elapsed: 4.23s
Optimization restart 1/5, f = 30.28799731710332
Optimization restart 2/5, f = 30.28790257083302
Optimization restart 3/5, f = 35.25746005926868
Optimization restart 4/5, f = 35.25746005920698
Optimization restart 5/5, f = 30.287902577756896
f inputs x:[[0.40590726 0.19180453]] ev:{} outputs y:2.2948771925986877 (n:-0.0) c:1.0
num acquisition: 32, time elapsed: 4.37s
Optimization restart 1/5, f = 31.26678093461214
Optimization restart 2/5, f = 35.91013369054398
Optimization restart 3/5, f = 31.266682373747788
Optimization restart 4/5, f = 35.910133690580565
Optimization restart 5/5, f = 35.910133690712044
f inputs x:[[0.54637624 1.        ]] ev:{} outputs y:4.16445774894422 (n:0.0) c:1.0
num acquisition: 33, time elapsed: 4.48s
Optimization restart 1/5, f = 32.60385605464662
Optimization restart 2/5, f = 32.603760123183136
Optimization restart 3/5, f = 32.6037598478245
Optimization restart 4/5, f = 32.60375956895356
Optimization restart 5/5, f = 36.89339857953669
f inputs x:[[1.         0.52721515]] ev:{} outputs y:6.879511450702598 (n:0.0) c:1.0
num acquisition: 34, time elapsed: 4.61s
Optimization restart 1/5, f = 33.24098832717402
Optimization restart 2/5, f = 33.24088199411316
Optimization restart 3/5, f = 33.240881835518906
Optimization restart 4/5, f = 37.72605073718531
Optimization restart 5/5, f = 37.72605073694156
f inputs x:[[ 1.         -0.44223255]] ev:{} outputs y:7.864456204876734 (n:0.0) c:1.0
num acquisition: 35, time elapsed: 4.74s
Optimization restart 1/5, f = 33.584778256909466
Optimization restart 2/5, f = 33.58466030062365
Optimization restart 3/5, f = 33.58465675538484
Optimization restart 4/5, f = 33.584657988719854
Optimization restart 5/5, f = 37.11516960111188
f inputs x:[[-0.06553162 -0.5543715 ]] ev:{} outputs y:4.907579314349313 (n:-0.0) c:1.0
num acquisition: 36, time elapsed: 4.87s
Optimization restart 1/5, f = 34.76182166455793
Optimization restart 2/5, f = 37.862115820719126
Optimization restart 3/5, f = 34.761702983608345
Optimization restart 4/5, f = 37.86211582070226
Optimization restart 5/5, f = 37.86211582070465
f inputs x:[[0.47525147 0.47680199]] ev:{} outputs y:0.08220174335315242 (n:-0.0) c:1.0
num acquisition: 37, time elapsed: 5.00s
Optimization restart 1/5, f = 34.60679953322703
Optimization restart 2/5, f = 39.134393009046384
Optimization restart 3/5, f = 39.13439300904846
Optimization restart 4/5, f = 39.1343930101145
Optimization restart 5/5, f = 34.606674866477874
f inputs x:[[-0.33135967  0.84428325]] ev:{} outputs y:5.104383121212369 (n:0.0) c:1.0
num acquisition: 38, time elapsed: 5.13s
Optimization restart 1/5, f = 35.71241526084894
Optimization restart 2/5, f = 35.712289368891234
Optimization restart 3/5, f = 39.93802046890368
Optimization restart 4/5, f = 35.71229112770421
Optimization restart 5/5, f = 35.71228952997511
f inputs x:[[-0.62354329  0.51462136]] ev:{} outputs y:3.675230379014953 (n:0.0) c:1.0
num acquisition: 39, time elapsed: 5.30s
Optimization restart 1/5, f = 36.94325721414587
Optimization restart 2/5, f = 40.61431242505755
Optimization restart 3/5, f = 40.6143124254229
Optimization restart 4/5, f = 36.94313077738796
Optimization restart 5/5, f = 40.61431242505427
f inputs x:[[-1. -1.]] ev:{} outputs y:8.270506212573649 (n:0.0) c:1.0
num acquisition: 40, time elapsed: 5.41s
Optimization restart 1/5, f = 37.14530802524357
Optimization restart 2/5, f = 40.27779868036738
Optimization restart 3/5, f = 37.145167222991866
Optimization restart 4/5, f = 37.14516701317522
Optimization restart 5/5, f = 37.14516702353369
f inputs x:[[0.20038745 0.15919902]] ev:{} outputs y:1.3433712571141925 (n:-0.0) c:1.0
num acquisition: 41, time elapsed: 5.56s
Optimization restart 1/5, f = 37.27051237182987
Optimization restart 2/5, f = 37.27035676986142
Optimization restart 3/5, f = 40.334226849392635
Optimization restart 4/5, f = 37.27035663559815
Optimization restart 5/5, f = 37.27035666750539
f inputs x:[[-0.43612679 -0.55418514]] ev:{} outputs y:5.935260484275267 (n:0.0) c:1.0
num acquisition: 42, time elapsed: 5.71s
Optimization restart 1/5, f = 38.06979718911403
Optimization restart 2/5, f = 40.609323958187616
Optimization restart 3/5, f = 40.609323958155755
Optimization restart 4/5, f = 40.60932395849634
Optimization restart 5/5, f = 38.06964141387927
f inputs x:[[0.70409923 0.7888056 ]] ev:{} outputs y:3.1229589889954488 (n:0.0) c:1.0
num acquisition: 43, time elapsed: 5.85s
Optimization restart 1/5, f = 39.2134162140531
Optimization restart 2/5, f = 41.2267734436266
Optimization restart 3/5, f = 41.22677344149071
Optimization restart 4/5, f = 39.21326120274005
Optimization restart 5/5, f = 41.22677344148115
f inputs x:[[ 0.38485408 -0.10122232]] ev:{} outputs y:4.244078845685978 (n:0.0) c:1.0
num acquisition: 44, time elapsed: 5.97s
Optimization restart 1/5, f = 40.28166909389357
Optimization restart 2/5, f = 42.40261045680589
Optimization restart 3/5, f = 40.281506111590616
Optimization restart 4/5, f = 42.40261045679543
Optimization restart 5/5, f = 42.402610456790235
f inputs x:[[0.45633588 0.4504843 ]] ev:{} outputs y:0.21989726701812848 (n:0.0) c:1.0
num acquisition: 45, time elapsed: 6.11s
Optimization restart 1/5, f = 38.189837548033545
Optimization restart 2/5, f = 38.18965709114825
Optimization restart 3/5, f = 42.85278667638084
Optimization restart 4/5, f = 38.189671560475965
Optimization restart 5/5, f = 38.189657647243514
f inputs x:[[-0.6240918   0.75807812]] ev:{} outputs y:1.923899453880071 (n:0.0) c:1.0
num acquisition: 46, time elapsed: 6.26s
Optimization restart 1/5, f = 39.95598888187559
Optimization restart 2/5, f = 45.691589134687376
Optimization restart 3/5, f = 39.95580879501127
Optimization restart 4/5, f = 45.69158913467221
Optimization restart 5/5, f = 39.95580883348735
f inputs x:[[ 0.61454911 -1.        ]] ev:{} outputs y:7.185581499759263 (n:0.0) c:1.0
num acquisition: 47, time elapsed: 6.46s
Optimization restart 1/5, f = 40.12170200021269
Optimization restart 2/5, f = 40.121514934792145
Optimization restart 3/5, f = 40.12153306002847
Optimization restart 4/5, f = 45.38746364736829
Optimization restart 5/5, f = 40.12151399045594
f inputs x:[[-0.75832952  0.83235609]] ev:{} outputs y:4.052640068268522 (n:-0.0) c:1.0
num acquisition: 48, time elapsed: 6.62s
Optimization restart 1/5, f = 41.09242931185342
Optimization restart 2/5, f = 41.09224061632866
Optimization restart 3/5, f = 45.91275510255133
Optimization restart 4/5, f = 45.912755103007605
Optimization restart 5/5, f = 45.91275510255131
f inputs x:[[-0.66955769 -0.27833153]] ev:{} outputs y:6.40861064747694 (n:-0.0) c:1.0
num acquisition: 49, time elapsed: 6.75s
Optimization restart 1/5, f = 41.603688357267224
Optimization restart 2/5, f = 41.6034966518052
Optimization restart 3/5, f = 41.6034966017349
Optimization restart 4/5, f = 45.93753651638792
Optimization restart 5/5, f = 45.937536516521526
f inputs x:[[1.        0.1162987]] ev:{} outputs y:7.357039626822052 (n:0.0) c:1.0
num acquisition: 50, time elapsed: 6.90s
Optimization restart 1/5, f = 41.78131867741784
Optimization restart 2/5, f = 45.60937947430176
Optimization restart 3/5, f = 41.781117798835936
Optimization restart 4/5, f = 41.781117141781074
Optimization restart 5/5, f = 41.781117144398785
f inputs x:[[0.47584795 0.495576  ]] ev:{} outputs y:0.35486463658307676 (n:0.0) c:1.0
num acquisition: 51, time elapsed: 7.07s
Optimization restart 1/5, f = 43.80838645487111
Optimization restart 2/5, f = 45.70704000743518
Optimization restart 3/5, f = 43.96488409319771
Optimization restart 4/5, f = 43.96488409284764
Optimization restart 5/5, f = 43.96488409305065
f inputs x:[[0.20943725 0.38667039]] ev:{} outputs y:3.6450074678126168 (n:-0.0) c:1.0
num acquisition: 52, time elapsed: 7.20s
Optimization restart 1/5, f = 44.983129665068034
Optimization restart 2/5, f = 44.724435735658695
Optimization restart 3/5, f = 44.7244357357239
Optimization restart 4/5, f = 48.0735534192259
Optimization restart 5/5, f = 48.07355341925145
f inputs x:[[0.47615724 0.46816038]] ev:{} outputs y:0.00673392465242159 (n:-0.0) c:1.0
num acquisition: 53, time elapsed: 7.33s
Optimization restart 1/5, f = 43.45932978379548
Optimization restart 2/5, f = 40.97949954708505
Optimization restart 3/5, f = 43.459329783987684
Optimization restart 4/5, f = 43.45932978372679
Optimization restart 5/5, f = 40.97950031266839
f inputs x:[[0.49185494 0.46726496]] ev:{} outputs y:0.28770261715005757 (n:-0.0) c:1.0
num acquisition: 54, time elapsed: 7.50s
Optimization restart 1/5, f = 50.3638446438471
Optimization restart 2/5, f = 41.631524060224784
Optimization restart 3/5, f = 50.36382789726462
Optimization restart 4/5, f = 41.63152405985805
Optimization restart 5/5, f = 41.631524059886466
f inputs x:[[-0.70571433  0.20110111]] ev:{} outputs y:5.6637507082474 (n:0.0) c:1.0
num acquisition: 55, time elapsed: 7.65s
Optimization restart 1/5, f = 42.30858850194791
Optimization restart 2/5, f = 42.30858836050959
Optimization restart 3/5, f = 42.30858836042357
Optimization restart 4/5, f = 42.308588360423975
Optimization restart 5/5, f = 42.30858836044081
f inputs x:[[0.47191153 0.46707993]] ev:{} outputs y:0.050480568621847945 (n:0.0) c:1.0
num acquisition: 56, time elapsed: 7.79s
Optimization restart 1/5, f = 40.244285717378645
Optimization restart 2/5, f = 40.24428571737545
Optimization restart 3/5, f = 40.244285717376044
Optimization restart 4/5, f = 40.244285717397126
Optimization restart 5/5, f = 40.244285717387
f inputs x:[[-0.00618418 -0.85807194]] ev:{} outputs y:5.739481645639645 (n:0.0) c:1.0
num acquisition: 57, time elapsed: 7.94s
Optimization restart 1/5, f = 40.893395245701655
Optimization restart 2/5, f = 40.89339524492887
Optimization restart 3/5, f = 40.89339524492861
Optimization restart 4/5, f = 40.89339524506559
Optimization restart 5/5, f = 40.89339524534715
f inputs x:[[0.47104447 0.46596261]] ev:{} outputs y:0.05559052663038668 (n:0.0) c:1.0
num acquisition: 58, time elapsed: 8.10s
Optimization restart 1/5, f = 38.62505496114343
Optimization restart 2/5, f = 38.6250549611447
Optimization restart 3/5, f = 38.62505496120182
Optimization restart 4/5, f = 38.62505496114424
Optimization restart 5/5, f = 38.62505496119482
f inputs x:[[ 0.05888449 -0.01819377]] ev:{} outputs y:0.7137920600278005 (n:-0.0) c:1.0
num acquisition: 59, time elapsed: 8.22s
Optimization restart 1/5, f = 37.44325082630168
Optimization restart 2/5, f = 37.44325082559149
Optimization restart 3/5, f = 37.443250825591235
Optimization restart 4/5, f = 37.44325082559479
Optimization restart 5/5, f = 37.44325082558997
f inputs x:[[0.47047673 0.46522027]] ev:{} outputs y:0.05894182631322899 (n:-0.0) c:1.0
num acquisition: 60, time elapsed: 8.37s
Optimization restart 1/5, f = 35.06683808691028
Optimization restart 2/5, f = 35.066838086911226
Optimization restart 3/5, f = 35.06683808690973
Optimization restart 4/5, f = 35.06683808690786
Optimization restart 5/5, f = 35.06683808693106
f inputs x:[[ 0.20649994 -0.5912453 ]] ev:{} outputs y:5.270260122409926 (n:0.0) c:1.0
num acquisition: 61, time elapsed: 8.50s
Optimization restart 1/5, f = 35.78581471975526
Optimization restart 2/5, f = 35.785814719775686
Optimization restart 3/5, f = 35.7858147197561
Optimization restart 4/5, f = 35.78581471975625
Optimization restart 5/5, f = 35.78581472689971
f inputs x:[[0.47006737 0.46460222]] ev:{} outputs y:0.06061436474629008 (n:-0.0) c:1.0
num acquisition: 62, time elapsed: 8.65s
Optimization restart 1/5, f = 33.310635715942
Optimization restart 2/5, f = 33.31063571599471
Optimization restart 3/5, f = 33.310635716122036
Optimization restart 4/5, f = 33.31063571593733
Optimization restart 5/5, f = 33.310635715940634
f inputs x:[[0.46976636 0.46409556]] ev:{} outputs y:0.06135288991144096 (n:-0.0) c:1.0
num acquisition: 63, time elapsed: 8.79s
Optimization restart 1/5, f = 30.768698228683732
Optimization restart 2/5, f = 30.768698167013397
Optimization restart 3/5, f = 30.768698166476803
Optimization restart 4/5, f = 28.999855257578254
Optimization restart 5/5, f = 30.768698166477144
f inputs x:[[0.45978226 0.36907316]] ev:{} outputs y:0.9986472964208463 (n:0.0) c:1.0
num acquisition: 64, time elapsed: 8.96s
Optimization restart 1/5, f = 29.589448318805395
Optimization restart 2/5, f = 29.847105118040545
Optimization restart 3/5, f = 29.84710511559574
Optimization restart 4/5, f = 29.84710511559294
Optimization restart 5/5, f = 29.847105115592868
f inputs x:[[0.51437903 0.5820296 ]] ev:{} outputs y:0.5183498598760404 (n:-0.0) c:1.0
num acquisition: 65, time elapsed: 9.17s
Optimization restart 1/5, f = 29.912262068681116
Optimization restart 2/5, f = 30.26508883644796
Optimization restart 3/5, f = 30.26508883650945
Optimization restart 4/5, f = 30.265088836447624
Optimization restart 5/5, f = 30.265088836463683
f inputs x:[[ 0.18967795 -0.00239194]] ev:{} outputs y:1.3353564375843483 (n:0.0) c:1.0
num acquisition: 66, time elapsed: 9.36s
Optimization restart 1/5, f = 30.599575975621903
Optimization restart 2/5, f = 31.07240185297583
Optimization restart 3/5, f = 31.072401852914837
Optimization restart 4/5, f = 31.07240185291429
Optimization restart 5/5, f = 31.07240185298614
f inputs x:[[-0.06528298  0.08222239]] ev:{} outputs y:1.5152982216479847 (n:-0.0) c:1.0
num acquisition: 67, time elapsed: 9.53s
Optimization restart 1/5, f = 31.39748551176089
Optimization restart 2/5, f = 30.723800807749612
Optimization restart 3/5, f = 30.723800807457692
Optimization restart 4/5, f = 30.7238008074591
Optimization restart 5/5, f = 30.723800807582293
f inputs x:[[0.46947145 0.46109073]] ev:{} outputs y:0.040167036903159516 (n:-0.0) c:1.0
num acquisition: 68, time elapsed: 9.68s
Optimization restart 1/5, f = 28.3560761815107
Optimization restart 2/5, f = 28.356076181495
Optimization restart 3/5, f = 28.356076181495503
Optimization restart 4/5, f = 28.356076181491048
Optimization restart 5/5, f = 28.356076181487047
f inputs x:[[0.46911519 0.46001181]] ev:{} outputs y:0.037197796874888854 (n:-0.0) c:1.0
num acquisition: 69, time elapsed: 9.82s
Optimization restart 1/5, f = 25.9364776399563
Optimization restart 2/5, f = 25.936477639949445
Optimization restart 3/5, f = 19.59921136182564
Optimization restart 4/5, f = 25.936477639952678
Optimization restart 5/5, f = 25.936477639981312
f inputs x:[[0.47154835 0.73330335]] ev:{} outputs y:3.5084508188523773 (n:-0.0) c:1.0
num acquisition: 70, time elapsed: 10.00s
Optimization restart 1/5, f = 20.863595589998347
Optimization restart 2/5, f = 26.67263385793978
Optimization restart 3/5, f = 26.672633857941186
Optimization restart 4/5, f = 26.67263385833217
Optimization restart 5/5, f = 26.672633857941555
f inputs x:[[-0.01336386 -0.11915309]] ev:{} outputs y:2.0852928393920336 (n:0.0) c:1.0
num acquisition: 71, time elapsed: 10.17s
Optimization restart 1/5, f = 21.971455311683975
Optimization restart 2/5, f = 26.66835556274411
Optimization restart 3/5, f = 21.971455355847965
Optimization restart 4/5, f = 26.668355562742214
Optimization restart 5/5, f = 26.66835556279404
f inputs x:[[0.16446894 0.0769588 ]] ev:{} outputs y:0.4914976056068718 (n:0.0) c:1.0
num acquisition: 72, time elapsed: 10.37s
Optimization restart 1/5, f = 22.268231490408226
Optimization restart 2/5, f = 25.935617700418476
Optimization restart 3/5, f = 25.935617700413133
Optimization restart 4/5, f = 25.93561770062724
Optimization restart 5/5, f = 25.935617700410127
f inputs x:[[-0.05481656  0.60308927]] ev:{} outputs y:5.021862150588489 (n:-0.0) c:1.0
num acquisition: 73, time elapsed: 10.58s
Optimization restart 1/5, f = 23.329066633787434
Optimization restart 2/5, f = 26.793575435971142
Optimization restart 3/5, f = 26.79357543602331
Optimization restart 4/5, f = 26.79357543602339
Optimization restart 5/5, f = 23.32906653833708
f inputs x:[[-0.51809662  0.69189727]] ev:{} outputs y:2.6192189677114888 (n:0.0) c:1.0
num acquisition: 74, time elapsed: 10.77s
Optimization restart 1/5, f = 24.543569889063427
Optimization restart 2/5, f = 24.543569913977734
Optimization restart 3/5, f = 27.139415234727778
Optimization restart 4/5, f = 24.543571356205817
Optimization restart 5/5, f = 27.139415234728325
f inputs x:[[-0.63473774 -1.        ]] ev:{} outputs y:7.246683875505309 (n:0.0) c:1.0
num acquisition: 75, time elapsed: 10.99s
Optimization restart 1/5, f = 25.188057206400927
Optimization restart 2/5, f = 26.912422658214517
Optimization restart 3/5, f = 26.91242265818579
Optimization restart 4/5, f = 26.91242265817648
Optimization restart 5/5, f = 26.91242265818054
f inputs x:[[ 0.0708019  -0.31204458]] ev:{} outputs y:3.8133797286749473 (n:-0.0) c:1.0
num acquisition: 76, time elapsed: 11.17s
Optimization restart 1/5, f = 26.398638692996634
Optimization restart 2/5, f = 27.640790699077755
Optimization restart 3/5, f = 27.640790699081506
Optimization restart 4/5, f = 27.640790701579874
Optimization restart 5/5, f = 27.640790699077954
f inputs x:[[0.29720552 0.15630684]] ev:{} outputs y:0.3413596098005635 (n:-0.0) c:1.0
num acquisition: 77, time elapsed: 11.34s
Optimization restart 1/5, f = 27.29535798240572
Optimization restart 2/5, f = 30.216819843417504
Optimization restart 3/5, f = 30.216819843420403
Optimization restart 4/5, f = 30.216819843437293
Optimization restart 5/5, f = 30.216819843420566
f inputs x:[[0.22580022 0.73503196]] ev:{} outputs y:5.124470428385355 (n:-0.0) c:1.0
num acquisition: 78, time elapsed: 11.57s
Optimization restart 1/5, f = 28.284445814978298
Optimization restart 2/5, f = 31.27714368148507
Optimization restart 3/5, f = 31.277143681452877
Optimization restart 4/5, f = 31.277143681456266
Optimization restart 5/5, f = 31.277143681450916
f inputs x:[[-0.22319762  0.14064958]] ev:{} outputs y:1.3214564849665695 (n:-0.0) c:1.0
num acquisition: 79, time elapsed: 11.74s
Optimization restart 1/5, f = 29.157672681539495
Optimization restart 2/5, f = 31.06014610570127
Optimization restart 3/5, f = 31.060146113507948
Optimization restart 4/5, f = 29.1576711895668
Optimization restart 5/5, f = 31.060146105701406
f inputs x:[[-0.23199616  0.02145785]] ev:{} outputs y:1.868900425137282 (n:-0.0) c:1.0
num acquisition: 80, time elapsed: 11.95s
Optimization restart 1/5, f = 30.11421947887515
Optimization restart 2/5, f = 30.88365304540983
Optimization restart 3/5, f = 30.883653045429853
Optimization restart 4/5, f = 30.883653045406795
Optimization restart 5/5, f = 30.883653045411243
f inputs x:[[0.72107518 0.56203132]] ev:{} outputs y:4.675378620061916 (n:0.0) c:1.0
num acquisition: 81, time elapsed: 12.13s
Optimization restart 1/5, f = 31.23069157588924
Optimization restart 2/5, f = 31.15048760812757
Optimization restart 3/5, f = 31.150487608141574
Optimization restart 4/5, f = 31.150487608526767
Optimization restart 5/5, f = 31.150487608132103
f inputs x:[[0.46840125 0.45720686]] ev:{} outputs y:0.02730079528801918 (n:-0.0) c:1.0
num acquisition: 82, time elapsed: 12.34s
Optimization restart 1/5, f = 28.683754914660476
Optimization restart 2/5, f = 28.68375491466839
Optimization restart 3/5, f = 28.683754917053548
Optimization restart 4/5, f = 28.683754914664448
Optimization restart 5/5, f = 28.68375491468231
f inputs x:[[0.46816352 0.45624885]] ev:{} outputs y:0.024210210118537582 (n:-0.0) c:1.0
num acquisition: 83, time elapsed: 12.52s
Optimization restart 1/5, f = 26.17319428584728
Optimization restart 2/5, f = 26.173194285844716
Optimization restart 3/5, f = 26.173194285844083
Optimization restart 4/5, f = 18.24657336441247
Optimization restart 5/5, f = 26.173194285852034
f inputs x:[[ 0.75983116 -0.6866812 ]] ev:{} outputs y:7.2906838982514435 (n:0.0) c:1.0
num acquisition: 84, time elapsed: 12.71s
Optimization restart 1/5, f = 18.739069845751743
Optimization restart 2/5, f = 25.791567279581187
Optimization restart 3/5, f = 25.79156727959375
Optimization restart 4/5, f = 25.791567279755007
Optimization restart 5/5, f = 25.791567279586417
f inputs x:[[0.34134113 0.09597485]] ev:{} outputs y:2.2643641168071778 (n:0.0) c:1.0
num acquisition: 85, time elapsed: 12.91s
Optimization restart 1/5, f = 19.716428804249738
Optimization restart 2/5, f = 19.71642839244133
Optimization restart 3/5, f = 19.716449858384458
Optimization restart 4/5, f = 27.905475955310486
Optimization restart 5/5, f = 27.905475955298492
f inputs x:[[-1.         -0.39902253]] ev:{} outputs y:7.83273045905884 (n:-0.0) c:1.0
num acquisition: 86, time elapsed: 13.10s
Optimization restart 1/5, f = 20.151600724973115
Optimization restart 2/5, f = 27.506074410741242
Optimization restart 3/5, f = 20.151600832137788
Optimization restart 4/5, f = 27.506074410448846
Optimization restart 5/5, f = 27.506074410501355
f inputs x:[[0.66333972 0.23021868]] ev:{} outputs y:5.246709958912921 (n:0.0) c:1.0
num acquisition: 87, time elapsed: 13.33s
Optimization restart 1/5, f = 21.091797151548413
Optimization restart 2/5, f = 28.821471301751416
Optimization restart 3/5, f = 28.82147130177475
Optimization restart 4/5, f = 28.821471302273558
Optimization restart 5/5, f = 21.091796564294988
f inputs x:[[-1.          0.26889253]] ev:{} outputs y:7.198842457413421 (n:0.0) c:1.0
num acquisition: 88, time elapsed: 13.54s
Optimization restart 1/5, f = 21.63042244163342
Optimization restart 2/5, f = 28.71310649320126
Optimization restart 3/5, f = 28.713106493093427
Optimization restart 4/5, f = 28.71310649430356
Optimization restart 5/5, f = 21.630422521639268
f inputs x:[[0.32566945 1.        ]] ev:{} outputs y:5.553423766861473 (n:-0.0) c:1.0
num acquisition: 89, time elapsed: 13.76s
Optimization restart 1/5, f = 22.487544701941886
Optimization restart 2/5, f = 29.24779486952056
Optimization restart 3/5, f = 29.247794869190805
Optimization restart 4/5, f = 22.487551153000254
Optimization restart 5/5, f = 29.247794869199147
f inputs x:[[0.2806023  0.19705202]] ev:{} outputs y:0.541382417100763 (n:0.0) c:1.0
num acquisition: 90, time elapsed: 14.03s
Optimization restart 1/5, f = 22.166472825312823
Optimization restart 2/5, f = 27.578795454662583
Optimization restart 3/5, f = 22.16647282304809
Optimization restart 4/5, f = 27.578795454642915
Optimization restart 5/5, f = 27.57879545470422
f inputs x:[[ 0.29044793 -0.30104744]] ev:{} outputs y:4.557315617896957 (n:0.0) c:1.0
num acquisition: 91, time elapsed: 14.25s
Optimization restart 1/5, f = 23.20434456906419
Optimization restart 2/5, f = 28.231300280167666
Optimization restart 3/5, f = 23.20434455359225
Optimization restart 4/5, f = 28.2313002801842
Optimization restart 5/5, f = 28.23130028036651
f inputs x:[[0.74404338 1.        ]] ev:{} outputs y:2.1725071069510333 (n:-0.0) c:1.0
num acquisition: 92, time elapsed: 14.52s
Optimization restart 1/5, f = 24.796663429109316
Optimization restart 2/5, f = 24.796668967711362
Optimization restart 3/5, f = 29.984712195980485
Optimization restart 4/5, f = 29.98471219598246
Optimization restart 5/5, f = 24.79666392436374
f inputs x:[[-0.70468992  0.66070204]] ev:{} outputs y:4.0979842968070415 (n:0.0) c:1.0
num acquisition: 93, time elapsed: 14.81s
Optimization restart 1/5, f = 25.89838085414155
Optimization restart 2/5, f = 30.866145442562612
Optimization restart 3/5, f = 30.866145442565937
Optimization restart 4/5, f = 30.866145442671666
Optimization restart 5/5, f = 25.89838057209886
f inputs x:[[-0.12500811 -0.29306979]] ev:{} outputs y:3.8480192806711346 (n:-0.0) c:1.0
num acquisition: 94, time elapsed: 15.04s
Optimization restart 1/5, f = 27.046134867161214
Optimization restart 2/5, f = 31.487377972623072
Optimization restart 3/5, f = 27.046131461851928
Optimization restart 4/5, f = 31.487377972619683
Optimization restart 5/5, f = 31.487377972616727
f inputs x:[[-0.54311138  0.83386795]] ev:{} outputs y:3.318003737390243 (n:-0.0) c:1.0
num acquisition: 95, time elapsed: 15.23s
Optimization restart 1/5, f = 28.116916119403655
Optimization restart 2/5, f = 28.116916257539977
Optimization restart 3/5, f = 32.58282031371985
Optimization restart 4/5, f = 32.58282031345241
Optimization restart 5/5, f = 32.58282031342176
f inputs x:[[ 0.60792714 -0.27958547]] ev:{} outputs y:6.112900246465072 (n:-0.0) c:1.0
num acquisition: 96, time elapsed: 15.48s
Optimization restart 1/5, f = 28.775621231970497
Optimization restart 2/5, f = 32.84952150397667
Optimization restart 3/5, f = 32.8495215038621
Optimization restart 4/5, f = 32.849521502768255
Optimization restart 5/5, f = 32.849521502735726
f inputs x:[[-0.49944689  0.40454592]] ev:{} outputs y:2.285782976378661 (n:-0.0) c:1.0
num acquisition: 97, time elapsed: 15.74s
Optimization restart 1/5, f = 29.89791405189981
Optimization restart 2/5, f = 33.1846600065841
Optimization restart 3/5, f = 33.184660006574575
Optimization restart 4/5, f = 33.18466000657446
Optimization restart 5/5, f = 33.18466000657148
f inputs x:[[0.82922663 0.86861929]] ev:{} outputs y:4.817223349591688 (n:-0.0) c:1.0
num acquisition: 98, time elapsed: 15.95s
Optimization restart 1/5, f = 30.92135186170026
Optimization restart 2/5, f = 34.03649159600122
Optimization restart 3/5, f = 34.03649159660012
Optimization restart 4/5, f = 34.03649159600073
Optimization restart 5/5, f = 34.03649159602528
f inputs x:[[-0.24334085  0.51018256]] ev:{} outputs y:4.199973766475844 (n:-0.0) c:1.0
num acquisition: 99, time elapsed: 16.17s
Optimization restart 1/5, f = 31.9667359852414
Optimization restart 2/5, f = 34.528446293282514
Optimization restart 3/5, f = 34.528446293285526
Optimization restart 4/5, f = 34.52844629329291
Optimization restart 5/5, f = 34.52844629334918
f inputs x:[[-0.20805752  1.        ]] ev:{} outputs y:5.861904022410941 (n:0.0) c:1.0
num acquisition: 100, time elapsed: 16.37s
Optimization restart 1/5, f = 32.68741870190199
Optimization restart 2/5, f = 34.863856736095535
Optimization restart 3/5, f = 34.86385673593528
Optimization restart 4/5, f = 34.86385673593172
Optimization restart 5/5, f = 34.86385673593132
f inputs x:[[-0.25261899 -0.7283409 ]] ev:{} outputs y:5.7456235599330645 (n:-0.0) c:1.0
num acquisition: 101, time elapsed: 16.58s
Optimization restart 1/5, f = 33.385907473062105
Optimization restart 2/5, f = 35.22040920750647
Optimization restart 3/5, f = 35.2204092075799
Optimization restart 4/5, f = 35.22040920750457
Optimization restart 5/5, f = 35.22040920750569
f inputs x:[[0.25745317 0.13398707]] ev:{} outputs y:0.20275847005782488 (n:-0.0) c:1.0
num acquisition: 102, time elapsed: 16.81s
Optimization restart 1/5, f = 32.84204255541825
Optimization restart 2/5, f = 34.48170952915898
Optimization restart 3/5, f = 34.48170952914879
Optimization restart 4/5, f = 34.48170952915994
Optimization restart 5/5, f = 34.48170952915058
f inputs x:[[-0.1421051   0.17299958]] ev:{} outputs y:2.296103200149778 (n:-0.0) c:1.0
num acquisition: 103, time elapsed: 17.02s
Optimization restart 1/5, f = 33.578441671873435
Optimization restart 2/5, f = 34.63655535039766
Optimization restart 3/5, f = 34.63655535040008
Optimization restart 4/5, f = 34.636555350504324
Optimization restart 5/5, f = 34.63655535054327
f inputs x:[[0.38743527 0.30564294]] ev:{} outputs y:0.043036675639406816 (n:-0.0) c:1.0
num acquisition: 104, time elapsed: 17.22s
Optimization restart 1/5, f = 34.46917426315898
Optimization restart 2/5, f = 40.373395809612916
Optimization restart 3/5, f = 40.373395809795525
Optimization restart 4/5, f = 40.37339581036044
Optimization restart 5/5, f = 40.37339580964353
f inputs x:[[0.36825759 0.32459961]] ev:{} outputs y:0.6838764411082366 (n:0.0) c:1.0
num acquisition: 105, time elapsed: 17.52s
Optimization restart 1/5, f = 34.61865290627429
Optimization restart 2/5, f = 42.22657345978007
Optimization restart 3/5, f = 42.22657345979357
Optimization restart 4/5, f = 42.22657345980379
Optimization restart 5/5, f = 42.22657346023648
f inputs x:[[ 1.         -0.16799555]] ev:{} outputs y:7.631319364573357 (n:0.0) c:1.0
num acquisition: 106, time elapsed: 17.72s
Optimization restart 1/5, f = 34.77677822935054
Optimization restart 2/5, f = 34.776779873013794
Optimization restart 3/5, f = 41.757532910976565
Optimization restart 4/5, f = 41.75753291104096
Optimization restart 5/5, f = 41.75753291097804
f inputs x:[[0.40627847 0.28964437]] ev:{} outputs y:0.6985663109164418 (n:0.0) c:1.0
num acquisition: 107, time elapsed: 17.98s
Optimization restart 1/5, f = 37.501113641798696
Optimization restart 2/5, f = 43.13091286781764
Optimization restart 3/5, f = 43.13091286659456
Optimization restart 4/5, f = 43.130912866556955
Optimization restart 5/5, f = 43.130912866599886
f inputs x:[[-0.62546968 -0.01936709]] ev:{} outputs y:5.665110757467485 (n:0.0) c:1.0
num acquisition: 108, time elapsed: 18.24s
Optimization restart 1/5, f = 38.23695648678184
Optimization restart 2/5, f = 43.41473949521269
Optimization restart 3/5, f = 43.41473949520925
Optimization restart 4/5, f = 43.41473949561392
Optimization restart 5/5, f = 43.41473949526319
f inputs x:[[0.36554289 0.27238048]] ev:{} outputs y:0.06191270333929162 (n:0.0) c:1.0
num acquisition: 109, time elapsed: 18.47s
Optimization restart 1/5, f = 37.548071753912005
Optimization restart 2/5, f = 45.06492432676891
Optimization restart 3/5, f = 45.064924326729326
Optimization restart 4/5, f = 45.0649243267272
Optimization restart 5/5, f = 45.06492432672426
f inputs x:[[0.33758036 0.21979955]] ev:{} outputs y:0.15934069742465812 (n:-0.0) c:1.0
num acquisition: 110, time elapsed: 18.69s
Optimization restart 1/5, f = 37.06406047156426
Optimization restart 2/5, f = 44.71593763528661
Optimization restart 3/5, f = 44.71593763450417
Optimization restart 4/5, f = 44.715937634505416
Optimization restart 5/5, f = 37.06406054405032
f inputs x:[[0.0545473  0.43170838]] ev:{} outputs y:4.353729958364985 (n:-0.0) c:1.0
num acquisition: 111, time elapsed: 18.99s
Optimization restart 1/5, f = 38.07161231282239
Optimization restart 2/5, f = 38.0716135051061
Optimization restart 3/5, f = 38.07161166640507
Optimization restart 4/5, f = 45.15902579083039
Optimization restart 5/5, f = 45.159025790852496
f inputs x:[[ 0.40596157 -0.75911956]] ev:{} outputs y:6.225435876107938 (n:0.0) c:1.0
num acquisition: 112, time elapsed: 19.28s
Optimization restart 1/5, f = 38.62549887587581
Optimization restart 2/5, f = 45.33660368613743
Optimization restart 3/5, f = 45.3366036860722
Optimization restart 4/5, f = 45.336603686068536
Optimization restart 5/5, f = 45.336603686069324
f inputs x:[[0.65706729 0.90968586]] ev:{} outputs y:0.33071313137741654 (n:-0.0) c:1.0
num acquisition: 113, time elapsed: 19.53s
Optimization restart 1/5, f = 40.5877062618077
Optimization restart 2/5, f = 49.89780074207317
Optimization restart 3/5, f = 49.897800742064796
Optimization restart 4/5, f = 49.897800742064504
Optimization restart 5/5, f = 49.897800742073514
f inputs x:[[0.60838282 0.86309497]] ev:{} outputs y:1.738857661047988 (n:-0.0) c:1.0
num acquisition: 114, time elapsed: 19.81s
Optimization restart 1/5, f = 41.35199976603505
Optimization restart 2/5, f = 50.51938934263625
Optimization restart 3/5, f = 50.51938934229075
Optimization restart 4/5, f = 50.51938934230719
Optimization restart 5/5, f = 50.51938934229232
f inputs x:[[0.66484856 0.95850024]] ev:{} outputs y:0.841331501630773 (n:0.0) c:1.0
num acquisition: 115, time elapsed: 20.09s
Optimization restart 1/5, f = 41.37099380338688
Optimization restart 2/5, f = 49.805025388337555
Optimization restart 3/5, f = 49.80502538742361
Optimization restart 4/5, f = 49.80502538742758
Optimization restart 5/5, f = 49.805025387423214
f inputs x:[[0.69837125 0.91214014]] ev:{} outputs y:1.4676567851293143 (n:0.0) c:1.0
num acquisition: 116, time elapsed: 20.35s
Optimization restart 1/5, f = 42.32086468515352
Optimization restart 2/5, f = 53.37857939372262
Optimization restart 3/5, f = 53.37857939368082
Optimization restart 4/5, f = 53.37857939416845
Optimization restart 5/5, f = 53.378579393735954
f inputs x:[[0.54760776 0.55859509]] ev:{} outputs y:0.8367799175937588 (n:0.0) c:1.0
num acquisition: 117, time elapsed: 20.58s
Optimization restart 1/5, f = 42.28346691967306
Optimization restart 2/5, f = 52.49997442866759
Optimization restart 3/5, f = 52.49997442855243
Optimization restart 4/5, f = 52.499974428551184
Optimization restart 5/5, f = 52.499974428598364
f inputs x:[[-0.7520692  1.       ]] ev:{} outputs y:2.888811993808313 (n:-0.0) c:1.0
num acquisition: 118, time elapsed: 20.82s
Optimization restart 1/5, f = 43.68780041559854
Optimization restart 2/5, f = 53.89705869773175
Optimization restart 3/5, f = 53.897058697685374
Optimization restart 4/5, f = 53.897058697685964
Optimization restart 5/5, f = 53.89705869768576
f inputs x:[[-0.56086242 -0.74645948]] ev:{} outputs y:6.705400664889399 (n:-0.0) c:1.0
num acquisition: 119, time elapsed: 21.07s
Optimization restart 1/5, f = 43.99289365857617
Optimization restart 2/5, f = 53.761526237862526
Optimization restart 3/5, f = 53.76152623794299
Optimization restart 4/5, f = 43.99289358897198
Optimization restart 5/5, f = 53.76152623786184
f inputs x:[[-0.10334041  0.01343185]] ev:{} outputs y:0.9154689607808987 (n:0.0) c:1.0
num acquisition: 120, time elapsed: 21.38s
Optimization restart 1/5, f = 43.99702820689992
Optimization restart 2/5, f = 43.99702816754507
Optimization restart 3/5, f = 52.82432792668639
Optimization restart 4/5, f = 52.82432792571715
Optimization restart 5/5, f = 52.82432792555986
f inputs x:[[-0.25117515 -0.43178888]] ev:{} outputs y:4.907455056051187 (n:0.0) c:1.0
num acquisition: 121, time elapsed: 21.69s
Optimization restart 1/5, f = 44.86319916693119
Optimization restart 2/5, f = 53.2345691811762
Optimization restart 3/5, f = 44.8631974668424
Optimization restart 4/5, f = 53.23456918111952
Optimization restart 5/5, f = 53.23456918122081
f inputs x:[[ 1.         -0.72101097]] ev:{} outputs y:8.076530266713375 (n:-0.0) c:1.0
num acquisition: 122, time elapsed: 21.98s
Optimization restart 1/5, f = 44.74089776397889
Optimization restart 2/5, f = 52.30414805096882
Optimization restart 3/5, f = 52.304148050969495
Optimization restart 4/5, f = 52.30414805096885
Optimization restart 5/5, f = 52.30414805350706
f inputs x:[[-0.30647872  0.67008758]] ev:{} outputs y:4.598854535168069 (n:0.0) c:1.0
num acquisition: 123, time elapsed: 22.24s
Optimization restart 1/5, f = 45.64326267869629
Optimization restart 2/5, f = 52.58888826407011
Optimization restart 3/5, f = 52.58888826403658
Optimization restart 4/5, f = 45.643266588893766
Optimization restart 5/5, f = 52.58888826403307
f inputs x:[[0.82644018 0.34417548]] ev:{} outputs y:6.148416685496612 (n:-0.0) c:1.0
num acquisition: 124, time elapsed: 22.51s
Optimization restart 1/5, f = 46.159906308764434
Optimization restart 2/5, f = 52.62755044115747
Optimization restart 3/5, f = 52.62755044115711
Optimization restart 4/5, f = 52.62755044604607
Optimization restart 5/5, f = 52.627550441978585
f inputs x:[[0.21878987 0.1039418 ]] ev:{} outputs y:0.2770590586937917 (n:0.0) c:1.0
num acquisition: 125, time elapsed: 22.76s
Optimization restart 1/5, f = 45.286663201457756
Optimization restart 2/5, f = 51.65067237843158
Optimization restart 3/5, f = 45.286663401412724
Optimization restart 4/5, f = 51.65067237687987
Optimization restart 5/5, f = 51.650672376866154
f inputs x:[[-0.76034154  0.41056321]] ev:{} outputs y:5.5546507236466685 (n:0.0) c:1.0
num acquisition: 126, time elapsed: 23.09s
Optimization restart 1/5, f = 45.95799287655814
Optimization restart 2/5, f = 45.95799156321226
Optimization restart 3/5, f = 51.85406887088416
Optimization restart 4/5, f = 51.85406887119264
Optimization restart 5/5, f = 51.854068870869625
f inputs x:[[0.18821792 0.55395439]] ev:{} outputs y:4.590865820983253 (n:0.0) c:1.0
num acquisition: 127, time elapsed: 23.37s
Optimization restart 1/5, f = 46.853556868347226
Optimization restart 2/5, f = 52.23253273850477
Optimization restart 3/5, f = 46.85355705374272
Optimization restart 4/5, f = 52.23253273850642
Optimization restart 5/5, f = 52.23253273850413
f inputs x:[[-0.06266083  0.79595441]] ev:{} outputs y:5.570854847497808 (n:-0.0) c:1.0
num acquisition: 128, time elapsed: 23.66s
Optimization restart 1/5, f = 47.51303893516568
Optimization restart 2/5, f = 52.47620474762125
Optimization restart 3/5, f = 52.47620474761153
Optimization restart 4/5, f = 47.51303886089873
Optimization restart 5/5, f = 52.47620474761142
f inputs x:[[1.        0.7550392]] ev:{} outputs y:6.555755219335495 (n:-0.0) c:1.0
num acquisition: 129, time elapsed: 23.96s
Optimization restart 1/5, f = 47.921650976710055
Optimization restart 2/5, f = 52.32125593957822
Optimization restart 3/5, f = 52.32125593793069
Optimization restart 4/5, f = 52.32125593789323
Optimization restart 5/5, f = 52.32125594322753
f inputs x:[[0.6279675  0.92559772]] ev:{} outputs y:1.9344583110589555 (n:-0.0) c:1.0
num acquisition: 130, time elapsed: 24.24s
Optimization restart 1/5, f = 54.631296986792734
Optimization restart 2/5, f = 55.59966453723921
Optimization restart 3/5, f = 55.59966453727185
Optimization restart 4/5, f = 55.599664537306865
Optimization restart 5/5, f = 55.59966453730969
f inputs x:[[0.65910124 0.87149974]] ev:{} outputs y:0.231929354441049 (n:-0.0) c:1.0
num acquisition: 131, time elapsed: 24.53s
Optimization restart 1/5, f = 53.87190389772029
Optimization restart 2/5, f = 59.280497605797905
Optimization restart 3/5, f = 59.280497605797535
Optimization restart 4/5, f = 59.28049760579738
Optimization restart 5/5, f = 53.871909769870356
f inputs x:[[-0.4955774   0.15813766]] ev:{} outputs y:4.006202010829662 (n:0.0) c:1.0
num acquisition: 132, time elapsed: 24.86s
Optimization restart 1/5, f = 54.86720761754482
Optimization restart 2/5, f = 59.694175759285585
Optimization restart 3/5, f = 59.69417575896331
Optimization restart 4/5, f = 59.69417575887603
Optimization restart 5/5, f = 59.69417575903401
f inputs x:[[-0.32613373  0.19074255]] ev:{} outputs y:1.408484856442371 (n:-0.0) c:1.0
num acquisition: 133, time elapsed: 25.13s
Optimization restart 1/5, f = 55.431334671214074
Optimization restart 2/5, f = 59.77255422650167
Optimization restart 3/5, f = 59.77255422674976
Optimization restart 4/5, f = 59.77255422663529
Optimization restart 5/5, f = 59.772554226501484
f inputs x:[[0.5946362  0.72334665]] ev:{} outputs y:0.04661510995280754 (n:0.0) c:1.0
num acquisition: 134, time elapsed: 25.40s
Optimization restart 1/5, f = 57.1058927901672
Optimization restart 2/5, f = 57.10588350040756
Optimization restart 3/5, f = 65.5029652405541
Optimization restart 4/5, f = 65.50296524047131
Optimization restart 5/5, f = 65.50296524506724
f inputs x:[[0.57036025 0.69499847]] ev:{} outputs y:0.31862106846446275 (n:0.0) c:1.0
num acquisition: 135, time elapsed: 25.76s
Optimization restart 1/5, f = 56.620002248489556
Optimization restart 2/5, f = 65.77757890889963
Optimization restart 3/5, f = 65.77757890890744
Optimization restart 4/5, f = 65.77757890977306
Optimization restart 5/5, f = 65.77757890888138
f inputs x:[[0.61251613 0.70129534]] ev:{} outputs y:1.082219227738574 (n:0.0) c:1.0
num acquisition: 136, time elapsed: 26.04s
Optimization restart 1/5, f = 57.56691100335121
Optimization restart 2/5, f = 65.32328718732946
Optimization restart 3/5, f = 65.32328718733702
Optimization restart 4/5, f = 65.32328718733226
Optimization restart 5/5, f = 65.3232871873301
f inputs x:[[0.58314061 0.74796524]] ev:{} outputs y:0.7662883001832005 (n:0.0) c:1.0
num acquisition: 137, time elapsed: 26.32s
Optimization restart 1/5, f = 61.70102008096734
Optimization restart 2/5, f = 61.701020104379126
Optimization restart 3/5, f = 64.67919229367013
Optimization restart 4/5, f = 64.67919229370969
Optimization restart 5/5, f = 64.67919229366912
f inputs x:[[0.53989246 0.015418  ]] ev:{} outputs y:4.9618531500740515 (n:0.0) c:1.0
num acquisition: 138, time elapsed: 26.65s
Optimization restart 1/5, f = 62.58206571474827
Optimization restart 2/5, f = 64.93262702876021
Optimization restart 3/5, f = 64.93262702876281
Optimization restart 4/5, f = 62.58206544542915
Optimization restart 5/5, f = 64.93262703356366
f inputs x:[[0.52311982 0.64372331]] ev:{} outputs y:1.364564997663624 (n:-0.0) c:1.0
num acquisition: 139, time elapsed: 27.00s
Optimization restart 1/5, f = 62.935499925754826
Optimization restart 2/5, f = 64.6865610866972
Optimization restart 3/5, f = 64.68656108668618
Optimization restart 4/5, f = 64.68656108783752
Optimization restart 5/5, f = 64.68656108669002
f inputs x:[[0.06730257 0.22832041]] ev:{} outputs y:3.085008854194235 (n:-0.0) c:1.0
num acquisition: 140, time elapsed: 27.33s
Optimization restart 1/5, f = 64.04124336860517
Optimization restart 2/5, f = 64.8214759759565
Optimization restart 3/5, f = 64.82147597597763
Optimization restart 4/5, f = 64.82147597593219
Optimization restart 5/5, f = 64.82147597591626
f inputs x:[[-1.          0.79123957]] ev:{} outputs y:6.511386130136367 (n:-0.0) c:1.0
num acquisition: 141, time elapsed: 27.65s
Optimization restart 1/5, f = 64.46779507565387
Optimization restart 2/5, f = 64.50537556894389
Optimization restart 3/5, f = 64.46779510057864
Optimization restart 4/5, f = 64.46780987103497
Optimization restart 5/5, f = 64.50537556895135
f inputs x:[[-0.46649512 -0.33944622]] ev:{} outputs y:5.573563021656806 (n:0.0) c:1.0
num acquisition: 142, time elapsed: 28.06s
Optimization restart 1/5, f = 65.14432929055607
Optimization restart 2/5, f = 64.45210293918143
Optimization restart 3/5, f = 64.45210293915774
Optimization restart 4/5, f = 65.1443369461629
Optimization restart 5/5, f = 64.45210293926631
f inputs x:[[0.46364682 0.45911528]] ev:{} outputs y:0.1412716031247954 (n:-0.0) c:1.0
num acquisition: 143, time elapsed: 28.46s
Optimization restart 1/5, f = 63.35847136017264
Optimization restart 2/5, f = 63.35847136025512
Optimization restart 3/5, f = 63.358471360060136
Optimization restart 4/5, f = 60.322303941032374
Optimization restart 5/5, f = 63.35847136010804
f inputs x:[[-0.2390933  -0.10487069]] ev:{} outputs y:3.173050517607129 (n:-0.0) c:1.0
num acquisition: 144, time elapsed: 28.78s
Optimization restart 1/5, f = 61.301143032471856
Optimization restart 2/5, f = 63.41084663270209
Optimization restart 3/5, f = 63.41084663367859
Optimization restart 4/5, f = 63.4108466327494
Optimization restart 5/5, f = 63.410846632715206
f inputs x:[[ 0.06189739 -1.        ]] ev:{} outputs y:6.058657811643299 (n:-0.0) c:1.0
num acquisition: 145, time elapsed: 29.08s
Optimization restart 1/5, f = 61.84494674627294
Optimization restart 2/5, f = 63.33341895255059
Optimization restart 3/5, f = 63.33341895254817
Optimization restart 4/5, f = 63.33341895265454
Optimization restart 5/5, f = 63.33341895259613
f inputs x:[[-0.66992993 -0.49980385]] ev:{} outputs y:6.746560282832806 (n:0.0) c:1.0
num acquisition: 146, time elapsed: 29.40s
Optimization restart 1/5, f = 62.0954822238466
Optimization restart 2/5, f = 62.874202333768835
Optimization restart 3/5, f = 62.87420233387488
Optimization restart 4/5, f = 62.87420233378177
Optimization restart 5/5, f = 62.87420233373983
f inputs x:[[-0.41844453  1.        ]] ev:{} outputs y:5.176158256930357 (n:0.0) c:1.0
num acquisition: 147, time elapsed: 29.73s
Optimization restart 1/5, f = 62.89725125485646
Optimization restart 2/5, f = 62.89726682927184
Optimization restart 3/5, f = 62.900767100788826
Optimization restart 4/5, f = 62.900767100945515
Optimization restart 5/5, f = 62.90076710089538
f inputs x:[[0.45918475 0.42131893]] ev:{} outputs y:0.04861978156634178 (n:-0.0) c:1.0
num acquisition: 148, time elapsed: 30.12s
Optimization restart 1/5, f = 61.15717899556893
Optimization restart 2/5, f = 61.157179110908146
Optimization restart 3/5, f = 61.94527314318684
Optimization restart 4/5, f = 61.9452731431183
Optimization restart 5/5, f = 61.945273143440104
f inputs x:[[0.02980806 0.02344645]] ev:{} outputs y:0.731313271891563 (n:-0.0) c:1.0
num acquisition: 149, time elapsed: 30.52s
Optimization restart 1/5, f = 60.79014836543914
Optimization restart 2/5, f = 61.20927000284287
Optimization restart 3/5, f = 60.79015849131818
Optimization restart 4/5, f = 61.20927000284151
Optimization restart 5/5, f = 61.20927000349117
f inputs x:[[-0.40655877  0.43565778]] ev:{} outputs y:2.118262105292486 (n:-0.0) c:1.0
num acquisition: 150, time elapsed: 30.85s
Optimization restart 1/5, f = 61.52361681901405
Optimization restart 2/5, f = 61.002437112175755
Optimization restart 3/5, f = 61.00243711140976
Optimization restart 4/5, f = 61.00243711140671
Optimization restart 5/5, f = 61.002437111414224
f inputs x:[[0.46218903 0.45613573]] ev:{} outputs y:0.13859502684574299 (n:0.0) c:1.0
num acquisition: 151, time elapsed: 31.25s
Optimization restart 1/5, f = 59.847785382413676
Optimization restart 2/5, f = 59.8477853847445
Optimization restart 3/5, f = 59.84778538233529
Optimization restart 4/5, f = 59.84778538233522
Optimization restart 5/5, f = 59.84778538234838
f inputs x:[[0.46270846 0.45691252]] ev:{} outputs y:0.13568848518932347 (n:-0.0) c:1.0
num acquisition: 152, time elapsed: 31.56s
Optimization restart 1/5, f = 58.67730453862154
Optimization restart 2/5, f = 48.37280454601404
Optimization restart 3/5, f = 58.67730453858687
Optimization restart 4/5, f = 58.67730453858863
Optimization restart 5/5, f = 48.37280016228726
f inputs x:[[ 0.09425806 -0.45782038]] ev:{} outputs y:4.571514495480451 (n:-0.0) c:1.0
num acquisition: 153, time elapsed: 31.98s
Optimization restart 1/5, f = 49.25100563043404
Optimization restart 2/5, f = 58.70743754784114
Optimization restart 3/5, f = 58.707437547231294
Optimization restart 4/5, f = 58.707437547231365
Optimization restart 5/5, f = 58.70743754724408
f inputs x:[[ 0.74534666 -0.43691199]] ev:{} outputs y:6.948205257046586 (n:0.0) c:1.0
num acquisition: 154, time elapsed: 32.31s
Optimization restart 1/5, f = 49.39968521434099
Optimization restart 2/5, f = 58.123535345867154
Optimization restart 3/5, f = 58.1235353464146
Optimization restart 4/5, f = 58.12353534586936
Optimization restart 5/5, f = 58.123535345884264
f inputs x:[[-0.65561142  0.89092613]] ev:{} outputs y:1.8772804182417604 (n:-0.0) c:1.0
num acquisition: 155, time elapsed: 32.66s
Optimization restart 1/5, f = 50.63451838940122
Optimization restart 2/5, f = 59.79512761076741
Optimization restart 3/5, f = 59.795127611116584
Optimization restart 4/5, f = 59.79512761419427
Optimization restart 5/5, f = 50.6345192373314
f inputs x:[[-0.16281236  0.38480004]] ev:{} outputs y:3.883538274495162 (n:0.0) c:1.0
num acquisition: 156, time elapsed: 33.10s
Optimization restart 1/5, f = 51.58397025133604
Optimization restart 2/5, f = 59.84670950232045
Optimization restart 3/5, f = 59.84670950162854
Optimization restart 4/5, f = 59.84670950163965
Optimization restart 5/5, f = 59.846709501631054
f inputs x:[[0.37622279 0.2919341 ]] ev:{} outputs y:0.05300585687520201 (n:0.0) c:1.0
num acquisition: 157, time elapsed: 33.47s
Optimization restart 1/5, f = 49.25714162204625
Optimization restart 2/5, f = 59.38152672918615
Optimization restart 3/5, f = 59.38152672917229
Optimization restart 4/5, f = 59.38152672913836
Optimization restart 5/5, f = 59.38152672913729
f inputs x:[[-0.52598775  0.5712978 ]] ev:{} outputs y:1.6722413758039123 (n:-0.0) c:1.0
num acquisition: 158, time elapsed: 33.83s
Optimization restart 1/5, f = 50.40491809810655
Optimization restart 2/5, f = 61.16146827461924
Optimization restart 3/5, f = 61.161468274569785
Optimization restart 4/5, f = 61.16146827461877
Optimization restart 5/5, f = 61.16146827673387
f inputs x:[[ 0.16724819 -0.77232389]] ev:{} outputs y:5.670248857489473 (n:0.0) c:1.0
num acquisition: 159, time elapsed: 34.20s
Optimization restart 1/5, f = 50.98098616220682
Optimization restart 2/5, f = 61.06998501557352
Optimization restart 3/5, f = 61.06998501538381
Optimization restart 4/5, f = 61.06998501562845
Optimization restart 5/5, f = 61.06998501538297
f inputs x:[[-0.58967244  0.63915947]] ev:{} outputs y:2.0926398098593086 (n:-0.0) c:1.0
num acquisition: 160, time elapsed: 34.58s
Optimization restart 1/5, f = 51.628500370158946
Optimization restart 2/5, f = 60.95894992785968
Optimization restart 3/5, f = 60.95894992793703
Optimization restart 4/5, f = 60.95894992786599
Optimization restart 5/5, f = 51.62850125857952
f inputs x:[[ 0.24543689 -0.1410278 ]] ev:{} outputs y:3.4199582830655273 (n:0.0) c:1.0
num acquisition: 161, time elapsed: 35.00s
Optimization restart 1/5, f = 52.567217716727555
Optimization restart 2/5, f = 60.95689772465278
Optimization restart 3/5, f = 60.95689772463723
Optimization restart 4/5, f = 52.56721770668912
Optimization restart 5/5, f = 60.9568977246702
f inputs x:[[0.35236079 0.24591619]] ev:{} outputs y:0.10147163088242321 (n:0.0) c:1.0
num acquisition: 162, time elapsed: 35.40s
Optimization restart 1/5, f = 50.491828277782474
Optimization restart 2/5, f = 60.37305724311477
Optimization restart 3/5, f = 50.49182827755348
Optimization restart 4/5, f = 60.373057243128216
Optimization restart 5/5, f = 60.37305724437692
f inputs x:[[-0.13052065 -1.        ]] ev:{} outputs y:6.113270638250179 (n:-0.0) c:1.0
num acquisition: 163, time elapsed: 35.84s
Optimization restart 1/5, f = 50.90513571847055
Optimization restart 2/5, f = 60.10538139397234
Optimization restart 3/5, f = 60.10538139397087
Optimization restart 4/5, f = 60.105381394826324
Optimization restart 5/5, f = 60.105381393958325
f inputs x:[[0.50371854 0.54217364]] ev:{} outputs y:0.19383682378761147 (n:0.0) c:1.0
num acquisition: 164, time elapsed: 36.23s
Optimization restart 1/5, f = 49.351006365894676
Optimization restart 2/5, f = 59.42127587009389
Optimization restart 3/5, f = 59.42127587006783
Optimization restart 4/5, f = 59.42127587007019
Optimization restart 5/5, f = 59.42127587023914
f inputs x:[[-0.57092898  0.3095066 ]] ev:{} outputs y:4.085629719681692 (n:-0.0) c:1.0
num acquisition: 165, time elapsed: 36.60s
Optimization restart 1/5, f = 50.195015731233866
Optimization restart 2/5, f = 50.195023800514576
Optimization restart 3/5, f = 59.67397692375661
Optimization restart 4/5, f = 59.67397692498133
Optimization restart 5/5, f = 59.67397692404535
f inputs x:[[-0.79748729 -0.11550825]] ev:{} outputs y:6.746766664960871 (n:0.0) c:1.0
num acquisition: 166, time elapsed: 37.00s
Optimization restart 1/5, f = 50.301607531745674
Optimization restart 2/5, f = 59.08036154600727
Optimization restart 3/5, f = 50.301707255195765
Optimization restart 4/5, f = 50.30160329658099
Optimization restart 5/5, f = 59.08036154599158
f inputs x:[[-1.         -0.75950581]] ev:{} outputs y:8.106598347511339 (n:-0.0) c:1.0
num acquisition: 167, time elapsed: 37.41s
Optimization restart 1/5, f = 49.99823298787257
Optimization restart 2/5, f = 57.810228706017384
Optimization restart 3/5, f = 57.810228731275046
Optimization restart 4/5, f = 57.81022871423197
Optimization restart 5/5, f = 57.81022870607994
f inputs x:[[-0.49205097 -0.16243642]] ev:{} outputs y:5.2299700885492895 (n:-0.0) c:1.0
num acquisition: 168, time elapsed: 37.77s
Optimization restart 1/5, f = 50.64421018790097
Optimization restart 2/5, f = 57.64192706300767
Optimization restart 3/5, f = 57.64192706301509
Optimization restart 4/5, f = 57.641927063664696
Optimization restart 5/5, f = 57.64192706300267
f inputs x:[[-0.11605697 -0.17289108]] ev:{} outputs y:2.9647080556636296 (n:0.0) c:1.0
num acquisition: 169, time elapsed: 38.10s
Optimization restart 1/5, f = 51.41649815522351
Optimization restart 2/5, f = 57.49076249702064
Optimization restart 3/5, f = 57.49076249429466
Optimization restart 4/5, f = 57.49076249431589
Optimization restart 5/5, f = 57.49076249443266
f inputs x:[[ 0.30571657 -0.45778675]] ev:{} outputs y:5.181290295614266 (n:0.0) c:1.0
num acquisition: 170, time elapsed: 38.58s
Optimization restart 1/5, f = 52.078509171258105
Optimization restart 2/5, f = 57.343553559619096
Optimization restart 3/5, f = 57.34355355945165
Optimization restart 4/5, f = 57.34355355945222
Optimization restart 5/5, f = 57.34355355948961
f inputs x:[[ 0.43720402 -0.25493755]] ev:{} outputs y:5.171998578286243 (n:0.0) c:1.0
num acquisition: 171, time elapsed: 38.98s
Optimization restart 1/5, f = 52.73490639680034
Optimization restart 2/5, f = 57.17549626115331
Optimization restart 3/5, f = 52.73490635513002
Optimization restart 4/5, f = 57.175496261245655
Optimization restart 5/5, f = 57.17549626116691
f inputs x:[[0.1905405  0.05717772]] ev:{} outputs y:0.4025047619653565 (n:0.0) c:1.0
num acquisition: 172, time elapsed: 39.42s
Optimization restart 1/5, f = 51.75605872714783
Optimization restart 2/5, f = 56.39565589824872
Optimization restart 3/5, f = 56.39565589818511
Optimization restart 4/5, f = 56.39565590007328
Optimization restart 5/5, f = 56.395655898185424
f inputs x:[[ 0.01271852 -0.68303439]] ev:{} outputs y:5.287346505818485 (n:0.0) c:1.0
num acquisition: 173, time elapsed: 39.85s
Optimization restart 1/5, f = 52.369373100317944
Optimization restart 2/5, f = 56.20407984809411
Optimization restart 3/5, f = 56.204079848229895
Optimization restart 4/5, f = 56.20407984982633
Optimization restart 5/5, f = 56.204079848094636
f inputs x:[[0.358978   0.66517694]] ev:{} outputs y:4.228333064683759 (n:0.0) c:1.0
num acquisition: 174, time elapsed: 40.29s
Optimization restart 1/5, f = 53.12130373823122
Optimization restart 2/5, f = 56.449879748255626
Optimization restart 3/5, f = 56.44987974769536
Optimization restart 4/5, f = 56.44987974868235
Optimization restart 5/5, f = 56.449879748750405
f inputs x:[[ 0.11804311 -0.02758368]] ev:{} outputs y:1.0633157781464733 (n:-0.0) c:1.0
num acquisition: 175, time elapsed: 40.76s
Optimization restart 1/5, f = 52.721844758845435
Optimization restart 2/5, f = 55.75585493890895
Optimization restart 3/5, f = 55.75585493890915
Optimization restart 4/5, f = 55.755854938914396
Optimization restart 5/5, f = 55.755854939193654
f inputs x:[[ 0.00378126 -0.04361624]] ev:{} outputs y:1.023729962421426 (n:0.0) c:1.0
num acquisition: 176, time elapsed: 41.21s
Optimization restart 1/5, f = 52.27944632456607
Optimization restart 2/5, f = 55.04229852566057
Optimization restart 3/5, f = 55.042298525625355
Optimization restart 4/5, f = 55.0422985258155
Optimization restart 5/5, f = 52.279446293574495
f inputs x:[[0.64197579 0.81776827]] ev:{} outputs y:0.32840504913469526 (n:0.0) c:1.0
num acquisition: 177, time elapsed: 41.73s
Optimization restart 1/5, f = 52.794420995874816
Optimization restart 2/5, f = 52.79442090413335
Optimization restart 3/5, f = 55.792817744966044
Optimization restart 4/5, f = 55.79281774496758
Optimization restart 5/5, f = 55.792817744965774
f inputs x:[[0.62464814 0.75973204]] ev:{} outputs y:0.5469812816018214 (n:0.0) c:1.0
num acquisition: 178, time elapsed: 42.27s
Optimization restart 1/5, f = 51.936513401225625
Optimization restart 2/5, f = 55.15984948200288
Optimization restart 3/5, f = 55.15984948200533
Optimization restart 4/5, f = 55.159849482003196
Optimization restart 5/5, f = 55.15984948200261
f inputs x:[[-0.49925555  0.49305923]] ev:{} outputs y:1.6520462287396416 (n:-0.0) c:1.0
num acquisition: 179, time elapsed: 42.76s
Optimization restart 1/5, f = 52.343381578927534
Optimization restart 2/5, f = 55.44158535851071
Optimization restart 3/5, f = 55.4415853585099
Optimization restart 4/5, f = 55.44158535851005
Optimization restart 5/5, f = 55.44158535851051
f inputs x:[[-0.0497182  -0.40292196]] ev:{} outputs y:4.277065219616993 (n:0.0) c:1.0
num acquisition: 180, time elapsed: 43.25s
Optimization restart 1/5, f = 53.114733957603534
Optimization restart 2/5, f = 55.311322539495805
Optimization restart 3/5, f = 55.31132253949599
Optimization restart 4/5, f = 55.31132253949613
Optimization restart 5/5, f = 55.31132253975713
f inputs x:[[ 0.58816361 -0.77389209]] ev:{} outputs y:6.827311552598886 (n:-0.0) c:1.0
num acquisition: 181, time elapsed: 43.72s
Optimization restart 1/5, f = 53.10824715676361
Optimization restart 2/5, f = 54.55780040657331
Optimization restart 3/5, f = 54.55780040654426
Optimization restart 4/5, f = 54.557800406547386
Optimization restart 5/5, f = 54.55780040659147
f inputs x:[[0.46752165 0.43915324]] ev:{} outputs y:0.03154738470987245 (n:-0.0) c:1.0
num acquisition: 182, time elapsed: 44.31s
Optimization restart 1/5, f = 50.32574891191621
Optimization restart 2/5, f = 50.32574743630104
Optimization restart 3/5, f = 53.443389566892535
Optimization restart 4/5, f = 53.44338956705505
Optimization restart 5/5, f = 53.44338956689404
f inputs x:[[0.40654949 0.33574461]] ev:{} outputs y:0.030722477759715375 (n:-0.0) c:1.0
num acquisition: 183, time elapsed: 44.77s
Optimization restart 1/5, f = 49.42617225431039
Optimization restart 2/5, f = 52.825124572589885
Optimization restart 3/5, f = 52.82512457259095
Optimization restart 4/5, f = 52.825124572595044
Optimization restart 5/5, f = 52.82512457258858
f inputs x:[[0.44139859 0.40180279]] ev:{} outputs y:0.012395996015583088 (n:0.0) c:1.0
num acquisition: 184, time elapsed: 45.35s
Optimization restart 1/5, f = 47.84832283749013
Optimization restart 2/5, f = 178.2105276521896
Optimization restart 3/5, f = 51.851878041597956
Optimization restart 4/5, f = 51.85187804161605
Optimization restart 5/5, f = 51.85187804160961
f inputs x:[[ 0.79866594 -1.        ]] ev:{} outputs y:7.710861021477641 (n:-0.0) c:1.0
num acquisition: 185, time elapsed: 45.91s
Optimization restart 1/5, f = 47.439907097132235
Optimization restart 2/5, f = 47.439909265367504
Optimization restart 3/5, f = 50.659403924937195
Optimization restart 4/5, f = 50.6594039250584
Optimization restart 5/5, f = 50.65940392493792
f inputs x:[[1.         0.32212551]] ev:{} outputs y:7.132043480188717 (n:-0.0) c:1.0
num acquisition: 186, time elapsed: 46.48s
Optimization restart 1/5, f = 47.37886012899611
Optimization restart 2/5, f = 49.91990373235025
Optimization restart 3/5, f = 49.9199037323543
Optimization restart 4/5, f = 47.37886011682271
Optimization restart 5/5, f = 47.37886002693497
f inputs x:[[0.693289   0.42528687]] ev:{} outputs y:4.884917203305115 (n:0.0) c:1.0
num acquisition: 187, time elapsed: 47.14s
Optimization restart 1/5, f = 48.10077855039171
Optimization restart 2/5, f = 49.717558373757214
Optimization restart 3/5, f = 49.717558373747664
Optimization restart 4/5, f = 49.71755837374745
Optimization restart 5/5, f = 49.71755837458403
f inputs x:[[0.32167457 0.18894981]] ev:{} outputs y:0.2909130335129916 (n:0.0) c:1.0
num acquisition: 188, time elapsed: 47.74s
Optimization restart 1/5, f = 46.37139711239789
Optimization restart 2/5, f = 49.03538820668071
Optimization restart 3/5, f = 49.03538820668204
Optimization restart 4/5, f = 46.37139624965154
Optimization restart 5/5, f = 49.03538820667991
f inputs x:[[0.17153681 0.88417364]] ev:{} outputs y:5.656490994526242 (n:0.0) c:1.0
num acquisition: 189, time elapsed: 48.38s
Optimization restart 1/5, f = 46.83732703883689
Optimization restart 2/5, f = 48.707897064665104
Optimization restart 3/5, f = 48.707897064679884
Optimization restart 4/5, f = 48.70789706466505
Optimization restart 5/5, f = 46.837327044861865
f inputs x:[[0.58358255 0.7168768 ]] ev:{} outputs y:0.17883720504600845 (n:-0.0) c:1.0
num acquisition: 190, time elapsed: 48.91s
Optimization restart 1/5, f = 47.42348927087437
Optimization restart 2/5, f = 48.63134240617734
Optimization restart 3/5, f = 48.63134240590013
Optimization restart 4/5, f = 48.631342405900995
Optimization restart 5/5, f = 47.423486297124384
f inputs x:[[-0.85446799  0.10039257]] ev:{} outputs y:6.714957381483562 (n:-0.0) c:1.0
num acquisition: 191, time elapsed: 49.41s
Optimization restart 1/5, f = 47.48110785487036
Optimization restart 2/5, f = 47.94495227558075
Optimization restart 3/5, f = 47.94495227544692
Optimization restart 4/5, f = 47.4810961888911
Optimization restart 5/5, f = 47.94495227547661
f inputs x:[[ 0.04636126 -0.20062926]] ev:{} outputs y:2.9679005571001573 (n:0.0) c:1.0
num acquisition: 192, time elapsed: 49.92s
Optimization restart 1/5, f = 48.13064484548565
Optimization restart 2/5, f = 47.74392385055566
Optimization restart 3/5, f = 47.74392385046099
Optimization restart 4/5, f = 47.743923850641835
Optimization restart 5/5, f = 48.13064440434947
f inputs x:[[0.45823973 0.44946854]] ev:{} outputs y:0.15014345360974346 (n:-0.0) c:1.0
num acquisition: 193, time elapsed: 50.61s
Optimization restart 1/5, f = 46.54803359618204
Optimization restart 2/5, f = 46.548033596077175
Optimization restart 3/5, f = 46.548033596088686
Optimization restart 4/5, f = 46.548033596173454
Optimization restart 5/5, f = 43.30460182286478
f inputs x:[[0.07805505 0.68927178]] ev:{} outputs y:5.266961206679467 (n:0.0) c:1.0
num acquisition: 194, time elapsed: 51.12s
Optimization restart 1/5, f = 43.87502132862164
Optimization restart 2/5, f = 46.31186026824919
Optimization restart 3/5, f = 43.87502323880943
Optimization restart 4/5, f = 46.31186026826386
Optimization restart 5/5, f = 46.311860268277485
f inputs x:[[-0.40457622 -0.83757601]] ev:{} outputs y:6.365180919653779 (n:0.0) c:1.0
num acquisition: 195, time elapsed: 51.72s
Optimization restart 1/5, f = 44.0591059112339
Optimization restart 2/5, f = 45.741525987750634
Optimization restart 3/5, f = 45.74152598654926
Optimization restart 4/5, f = 45.74152598655135
Optimization restart 5/5, f = 45.74152598655154
f inputs x:[[0.42297305 0.36370826]] ev:{} outputs y:0.020712138980694867 (n:-0.0) c:1.0
num acquisition: 196, time elapsed: 52.25s
Optimization restart 1/5, f = 42.38908915805584
Optimization restart 2/5, f = 44.85225991193391
Optimization restart 3/5, f = 44.852259911902365
Optimization restart 4/5, f = 44.85225991189259
Optimization restart 5/5, f = 44.852259912088655
f inputs x:[[0.78587427 0.12471655]] ev:{} outputs y:6.303685568836435 (n:-0.0) c:1.0
num acquisition: 197, time elapsed: 52.77s
Optimization restart 1/5, f = 42.62471320763652
Optimization restart 2/5, f = 42.624711974180514
Optimization restart 3/5, f = 44.27469829623483
Optimization restart 4/5, f = 44.274698296253376
Optimization restart 5/5, f = 42.62473587088647
f inputs x:[[-0.26802217  0.09950126]] ev:{} outputs y:1.4702201810856435 (n:0.0) c:1.0
num acquisition: 198, time elapsed: 53.50s
Optimization restart 1/5, f = 42.60745708995668
Optimization restart 2/5, f = 43.82309744453249
Optimization restart 3/5, f = 42.60745698730301
Optimization restart 4/5, f = 42.60746668096101
Optimization restart 5/5, f = 43.82309744450407
f inputs x:[[0.43252383 0.38319051]] ev:{} outputs y:0.01295669482704318 (n:-0.0) c:1.0
num acquisition: 199, time elapsed: 54.36s
Optimization restart 1/5, f = 39.63454486293355
Optimization restart 2/5, f = 42.77741652635237
Optimization restart 3/5, f = 42.77741652633847
Optimization restart 4/5, f = 42.77741652634138
Optimization restart 5/5, f = 42.777416526437875
f inputs x:[[0.14694054 0.2999504 ]] ev:{} outputs y:3.364489794630113 (n:-0.0) c:1.0
num acquisition: 200, time elapsed: 54.90s
Optimization restart 1/5, f = 40.306945323490595
Optimization restart 2/5, f = 42.58075365869381
Optimization restart 3/5, f = 42.58075365867512
Optimization restart 4/5, f = 42.580753658360976
Optimization restart 5/5, f = 42.580753659362145
f inputs x:[[-0.78358277 -0.877755  ]] ev:{} outputs y:7.560110009555842 (n:0.0) c:1.0
num acquisition: 201, time elapsed: 55.45s
Optimization restart 1/5, f = 39.906059117610226
Optimization restart 2/5, f = 41.519396721430795
Optimization restart 3/5, f = 41.51939672154754
Optimization restart 4/5, f = 41.5193967214434
Optimization restart 5/5, f = 41.51939672996137
f inputs x:[[-0.22786889 -0.57675807]] ev:{} outputs y:5.292638620976508 (n:0.0) c:1.0
num acquisition: 202, time elapsed: 55.90s
Optimization restart 1/5, f = 40.42999212040729
Optimization restart 2/5, f = 41.1598003747539
Optimization restart 3/5, f = 41.159800371620534
Optimization restart 4/5, f = 41.15980037162332
Optimization restart 5/5, f = 41.15980037162021
f inputs x:[[ 0.55523398 -0.12671974]] ev:{} outputs y:5.489200946493132 (n:-0.0) c:1.0
num acquisition: 203, time elapsed: 56.47s
Optimization restart 1/5, f = 40.89433685426252
Optimization restart 2/5, f = 40.736664105688845
Optimization restart 3/5, f = 40.736664105680646
Optimization restart 4/5, f = 40.7366641056814
Optimization restart 5/5, f = 40.736664105705316
f inputs x:[[0.45159033 0.43848433]] ev:{} outputs y:0.17193037922225257 (n:-0.0) c:1.0
num acquisition: 204, time elapsed: 57.12s
Optimization restart 1/5, f = 39.526435359200875
Optimization restart 2/5, f = 39.5264353715672
Optimization restart 3/5, f = 37.194843018937746
Optimization restart 4/5, f = 39.52643535919994
Optimization restart 5/5, f = 39.526435359200306
f inputs x:[[ 0.16804189 -0.23926849]] ev:{} outputs y:3.649426663639699 (n:-0.0) c:1.0
num acquisition: 205, time elapsed: 57.75s
Optimization restart 1/5, f = 37.88511321767021
Optimization restart 2/5, f = 39.30005822932213
Optimization restart 3/5, f = 39.30005822927667
Optimization restart 4/5, f = 39.300058229277084
Optimization restart 5/5, f = 37.885113286668684
f inputs x:[[ 0.44476502 -1.        ]] ev:{} outputs y:6.720369398706215 (n:-0.0) c:1.0
num acquisition: 206, time elapsed: 58.41s
Optimization restart 1/5, f = 37.92800562342734
Optimization restart 2/5, f = 38.50466598409254
Optimization restart 3/5, f = 37.928012551031145
Optimization restart 4/5, f = 38.50466598410043
Optimization restart 5/5, f = 38.504665984113046
f inputs x:[[-0.85403239  1.        ]] ev:{} outputs y:4.707824994998674 (n:-0.0) c:1.0
num acquisition: 207, time elapsed: 59.11s
Optimization restart 1/5, f = 38.53625539590044
Optimization restart 2/5, f = 38.48338512951955
Optimization restart 3/5, f = 38.483385129527235
Optimization restart 4/5, f = 38.48338512952499
Optimization restart 5/5, f = 38.536243173189206
f inputs x:[[0.45247414 0.43967519]] ev:{} outputs y:0.16519689032053428 (n:-0.0) c:1.0
num acquisition: 208, time elapsed: 59.97s
Optimization restart 1/5, f = 37.23955745114621
Optimization restart 2/5, f = 37.239557451127524
Optimization restart 3/5, f = 37.23955745119659
Optimization restart 4/5, f = 37.239557451130096
Optimization restart 5/5, f = 37.239557451127126
f inputs x:[[0.45318595 0.44063648]] ev:{} outputs y:0.15984586558571162 (n:-0.0) c:1.0
num acquisition: 209, time elapsed: 60.55s
Optimization restart 1/5, f = 35.98563285806759
Optimization restart 2/5, f = 35.985632858108744
Optimization restart 3/5, f = 35.98563285805696
Optimization restart 4/5, f = 35.98563286806643
Optimization restart 5/5, f = 35.985632858052554
f inputs x:[[0.45384072 0.44153086]] ev:{} outputs y:0.15510062399225516 (n:-0.0) c:1.0
num acquisition: 210, time elapsed: 61.10s
Optimization restart 1/5, f = 34.72253689197436
Optimization restart 2/5, f = 34.72253689195185
Optimization restart 3/5, f = 17.480913533165022
Optimization restart 4/5, f = 34.72253689195142
Optimization restart 5/5, f = 34.72253689196003
f inputs x:[[0.35698854 0.8389145 ]] ev:{} outputs y:4.949868637751278 (n:0.0) c:1.0
num acquisition: 211, time elapsed: 61.76s
Optimization restart 1/5, f = 18.129996478294686
Optimization restart 2/5, f = 34.784272658497855
Optimization restart 3/5, f = 34.78427265849618
Optimization restart 4/5, f = 34.784272658496164
Optimization restart 5/5, f = 34.784272658570615
f inputs x:[[ 0.80435801 -0.25036909]] ev:{} outputs y:6.94928879615425 (n:-0.0) c:1.0
num acquisition: 212, time elapsed: 62.33s
Optimization restart 1/5, f = 18.025453878813636
Optimization restart 2/5, f = 33.925672910540655
Optimization restart 3/5, f = 33.92567291044968
Optimization restart 4/5, f = 33.92567291042998
Optimization restart 5/5, f = 33.92567291044841
f inputs x:[[-0.18053911  0.70725575]] ev:{} outputs y:5.164470277018763 (n:-0.0) c:1.0
num acquisition: 213, time elapsed: 63.04s
Optimization restart 1/5, f = 18.536421929079523
Optimization restart 2/5, f = 18.536434234572113
Optimization restart 3/5, f = 33.55189570901712
Optimization restart 4/5, f = 33.55189570654386
Optimization restart 5/5, f = 33.551895706475904
f inputs x:[[0.41235797 0.35072858]] ev:{} outputs y:0.02642265688991749 (n:-0.0) c:1.0
num acquisition: 214, time elapsed: 63.61s
Optimization restart 1/5, f = 15.045212569370051
Optimization restart 2/5, f = 15.045253384055115
Optimization restart 3/5, f = 15.045214531535976
Optimization restart 4/5, f = 32.49264623563903
Optimization restart 5/5, f = 32.49264623521944
f inputs x:[[-0.02229134  0.16686481]] ev:{} outputs y:2.6122687475529567 (n:-0.0) c:1.0
num acquisition: 215, time elapsed: 64.34s
Optimization restart 1/5, f = 15.50346576633686
Optimization restart 2/5, f = 15.503465810602819
Optimization restart 3/5, f = 32.190059347623375
Optimization restart 4/5, f = 32.1900593475938
Optimization restart 5/5, f = 32.19005934795075
f inputs x:[[-0.827514   -0.33580557]] ev:{} outputs y:7.151134729335474 (n:-0.0) c:1.0
num acquisition: 216, time elapsed: 65.07s
Optimization restart 1/5, f = 15.259462346883623
Optimization restart 2/5, f = 31.20170703929962
Optimization restart 3/5, f = 31.20170703942675
Optimization restart 4/5, f = 31.20170703929719
Optimization restart 5/5, f = 31.201707039529424
f inputs x:[[-0.6727367   0.97253228]] ev:{} outputs y:2.018653883871412 (n:-0.0) c:1.0
num acquisition: 217, time elapsed: 65.68s
Optimization restart 1/5, f = 15.632493330855198
Optimization restart 2/5, f = 31.713637902481523
Optimization restart 3/5, f = 31.713637902488927
Optimization restart 4/5, f = 31.713637902603935
Optimization restart 5/5, f = 31.713637902820764
f inputs x:[[-0.06138244 -0.04225875]] ev:{} outputs y:1.1983859479350745 (n:-0.0) c:1.0
num acquisition: 218, time elapsed: 66.27s
Optimization restart 1/5, f = 15.134678596786244
Optimization restart 2/5, f = 30.926018020797684
Optimization restart 3/5, f = 30.9260180208
Optimization restart 4/5, f = 30.926018020796405
Optimization restart 5/5, f = 30.926018020967163
f inputs x:[[0.67430997 1.        ]] ev:{} outputs y:1.1409497424160007 (n:-0.0) c:1.0
num acquisition: 219, time elapsed: 66.87s
Optimization restart 1/5, f = 14.754781928230727
Optimization restart 2/5, f = 31.28293905137197
Optimization restart 3/5, f = 14.754787799620942
Optimization restart 4/5, f = 31.282939051374726
Optimization restart 5/5, f = 31.28293905234318
f inputs x:[[0.08112627 0.02780683]] ev:{} outputs y:0.5774089624301741 (n:0.0) c:1.0
num acquisition: 220, time elapsed: 67.61s
Optimization restart 1/5, f = 13.46276883323435
Optimization restart 2/5, f = 13.462768804056168
Optimization restart 3/5, f = 30.30699200480305
Optimization restart 4/5, f = 30.306992004821538
Optimization restart 5/5, f = 13.462768766490058
f inputs x:[[0.85733839 1.        ]] ev:{} outputs y:4.688411761795433 (n:-0.0) c:1.0
num acquisition: 221, time elapsed: 68.65s
Optimization restart 1/5, f = 13.99369270777018
Optimization restart 2/5, f = 30.271699218359487
Optimization restart 3/5, f = 30.271699218235483
Optimization restart 4/5, f = 30.271699218233564
Optimization restart 5/5, f = 30.271699218242404
f inputs x:[[0.26358405 0.11250781]] ev:{} outputs y:0.45978972301365095 (n:0.0) c:1.0
num acquisition: 222, time elapsed: 69.25s
Optimization restart 1/5, f = 12.429198116783141
Optimization restart 2/5, f = 29.29684555731862
Optimization restart 3/5, f = 29.29684555736874
Optimization restart 4/5, f = 29.296845557430558
Optimization restart 5/5, f = 29.296845557282666
f inputs x:[[-0.85092789  0.65960432]] ev:{} outputs y:5.679583524255575 (n:-0.0) c:1.0
num acquisition: 223, time elapsed: 69.93s
Optimization restart 1/5, f = 12.794157518339148
Optimization restart 2/5, f = 29.29220553927027
Optimization restart 3/5, f = 12.794159298335899
Optimization restart 4/5, f = 29.292205539050485
Optimization restart 5/5, f = 29.292205539054862
f inputs x:[[0.85812104 0.64112641]] ev:{} outputs y:5.758358774837967 (n:-0.0) c:1.0
num acquisition: 224, time elapsed: 70.74s
Optimization restart 1/5, f = 13.154505117449986
Optimization restart 2/5, f = 29.62093597646924
Optimization restart 3/5, f = 13.154513346786729
Optimization restart 4/5, f = 29.62093597647707
Optimization restart 5/5, f = 29.620935976525146
f inputs x:[[-0.08169983  0.46896591]] ev:{} outputs y:4.492092776337877 (n:0.0) c:1.0
num acquisition: 225, time elapsed: 71.49s
Optimization restart 1/5, f = 13.713159838199147
Optimization restart 2/5, f = 29.28854430195443
Optimization restart 3/5, f = 29.288544303147063
Optimization restart 4/5, f = 29.28854430196283
Optimization restart 5/5, f = 29.288544301953536
f inputs x:[[-0.16282126  0.01171479]] ev:{} outputs y:1.2637125784920973 (n:-0.0) c:1.0
num acquisition: 226, time elapsed: 72.38s
Optimization restart 1/5, f = 13.266189440423489
Optimization restart 2/5, f = 28.56146841312912
Optimization restart 3/5, f = 28.561468413139707
Optimization restart 4/5, f = 28.561468413184514
Optimization restart 5/5, f = 28.5614684131303
f inputs x:[[-0.11871344 -0.76019601]] ev:{} outputs y:5.574767099191881 (n:0.0) c:1.0
num acquisition: 227, time elapsed: 73.08s
Optimization restart 1/5, f = 13.602642303561169
Optimization restart 2/5, f = 28.042336911078607
Optimization restart 3/5, f = 177.47320702384283
Optimization restart 4/5, f = 28.042336911175568
Optimization restart 5/5, f = 28.042336911078195
f inputs x:[[-0.39304432  0.20186978]] ev:{} outputs y:2.2780832178913317 (n:0.0) c:1.0
num acquisition: 228, time elapsed: 73.98s
Optimization restart 1/5, f = 13.749658046499974
Optimization restart 2/5, f = 13.749658044777789
Optimization restart 3/5, f = 27.67229350578006
Optimization restart 4/5, f = 27.672293504796826
Optimization restart 5/5, f = 27.672293504795988
f inputs x:[[0.47038966 0.58253328]] ev:{} outputs y:2.0822158673027307 (n:-0.0) c:1.0
num acquisition: 229, time elapsed: 74.82s
Optimization restart 1/5, f = 15.608573189414955
Optimization restart 2/5, f = 29.653101537409327
Optimization restart 3/5, f = 29.653101537413292
Optimization restart 4/5, f = 29.65310153911085
Optimization restart 5/5, f = 29.65310153740974
f inputs x:[[-1.         -0.57302311]] ev:{} outputs y:7.969592026439701 (n:-0.0) c:1.0
num acquisition: 230, time elapsed: 75.59s
Optimization restart 1/5, f = 14.9410219437369
Optimization restart 2/5, f = 28.129811426113577
Optimization restart 3/5, f = 28.129811426815166
Optimization restart 4/5, f = 14.941022140521142
Optimization restart 5/5, f = 28.12981142608551
f inputs x:[[0.3600529  0.22699029]] ev:{} outputs y:0.5252850803463556 (n:-0.0) c:1.0
num acquisition: 231, time elapsed: 76.53s
Optimization restart 1/5, f = 14.811462613654157
Optimization restart 2/5, f = 27.045713649414793
Optimization restart 3/5, f = 27.045713649479467
Optimization restart 4/5, f = 27.045713649847755
Optimization restart 5/5, f = 27.045713649415546
f inputs x:[[0.15334988 0.04204846]] ev:{} outputs y:0.39621236743041244 (n:-0.0) c:1.0
num acquisition: 232, time elapsed: 77.24s
Optimization restart 1/5, f = 13.14770302251273
Optimization restart 2/5, f = 26.09301647170288
Optimization restart 3/5, f = 26.093016471703223
Optimization restart 4/5, f = 26.093016473326344
Optimization restart 5/5, f = 26.09301647172404
f inputs x:[[ 0.35796642 -0.61285593]] ev:{} outputs y:5.7758178305861305 (n:0.0) c:1.0
num acquisition: 233, time elapsed: 78.19s
Optimization restart 1/5, f = 13.433035138882161
Optimization restart 2/5, f = 25.520151175673973
Optimization restart 3/5, f = 25.520151175670065
Optimization restart 4/5, f = 25.520151175668673
Optimization restart 5/5, f = 25.520151175684916
f inputs x:[[-0.91957381  0.42911005]] ev:{} outputs y:6.580792717421632 (n:-0.0) c:1.0
num acquisition: 234, time elapsed: 79.13s
Optimization restart 1/5, f = 13.407860295187788
Optimization restart 2/5, f = 24.710596225901156
Optimization restart 3/5, f = 24.710596225893966
Optimization restart 4/5, f = 13.407860253874105
Optimization restart 5/5, f = 24.71059622589324
f inputs x:[[0.53888578 0.14825271]] ev:{} outputs y:4.438201954240222 (n:0.0) c:1.0
num acquisition: 235, time elapsed: 80.30s
Optimization restart 1/5, f = 14.028331301531267
Optimization restart 2/5, f = 14.028335829677047
Optimization restart 3/5, f = 24.450402760758124
Optimization restart 4/5, f = 24.450402760758294
Optimization restart 5/5, f = 24.450402760758948
f inputs x:[[-0.42153646  0.74352544]] ev:{} outputs y:4.173055202841945 (n:-0.0) c:1.0
num acquisition: 236, time elapsed: 81.34s
Optimization restart 1/5, f = 14.580254205086618
Optimization restart 2/5, f = 24.244432418276503
Optimization restart 3/5, f = 24.244432418317274
Optimization restart 4/5, f = 24.24443241827504
Optimization restart 5/5, f = 24.244432418281548
f inputs x:[[0.34916003 0.26316205]] ev:{} outputs y:0.14621809299145064 (n:-0.0) c:1.0
num acquisition: 237, time elapsed: 82.17s
Optimization restart 1/5, f = 12.93429600302585
Optimization restart 2/5, f = 23.151702176130414
Optimization restart 3/5, f = 23.151702177593094
Optimization restart 4/5, f = 23.15170217613185
Optimization restart 5/5, f = 23.151702176130854
f inputs x:[[-1.         -0.22738441]] ev:{} outputs y:7.687923124375099 (n:0.0) c:1.0
num acquisition: 238, time elapsed: 83.05s
Optimization restart 1/5, f = 12.421459577305171
Optimization restart 2/5, f = 21.777315328387616
Optimization restart 3/5, f = 21.77731532839104
Optimization restart 4/5, f = 21.777315328412243
Optimization restart 5/5, f = 21.77731532852451
f inputs x:[[0.31971508 0.22278309]] ev:{} outputs y:0.17810909988102935 (n:0.0) c:1.0
num acquisition: 239, time elapsed: 84.15s
Optimization restart 1/5, f = 10.29220636075513
Optimization restart 2/5, f = 20.721010264417416
Optimization restart 3/5, f = 10.292206371428563
Optimization restart 4/5, f = 20.72101026441453
Optimization restart 5/5, f = 20.721010264685205
f inputs x:[[-0.2667094   0.17841129]] ev:{} outputs y:1.34549554019069 (n:-0.0) c:1.0
num acquisition: 240, time elapsed: 85.14s
Optimization restart 1/5, f = 9.818622521957309
Optimization restart 2/5, f = 20.089531727303694
Optimization restart 3/5, f = 20.089531727303708
Optimization restart 4/5, f = 20.089531727305385
Optimization restart 5/5, f = 20.08953172730176
f inputs x:[[ 0.18801344 -0.37733148]] ev:{} outputs y:4.456780924473211 (n:0.0) c:1.0
num acquisition: 241, time elapsed: 85.93s
Optimization restart 1/5, f = 10.331168371845962
Optimization restart 2/5, f = 10.33117104466183
Optimization restart 3/5, f = 19.695050767054255
Optimization restart 4/5, f = 10.331175139766657
Optimization restart 5/5, f = 10.3311681869653
f inputs x:[[ 0.29519301 -0.02896936]] ev:{} outputs y:2.955080556656409 (n:0.0) c:1.0
num acquisition: 242, time elapsed: 87.34s
Optimization restart 1/5, f = 10.844857802250147
Optimization restart 2/5, f = 10.844857737214568
Optimization restart 3/5, f = 19.50574942558751
Optimization restart 4/5, f = 19.505749425578216
Optimization restart 5/5, f = 19.505749425619086
f inputs x:[[0.41818836 0.3460494 ]] ev:{} outputs y:0.07889985831456206 (n:0.0) c:1.0
num acquisition: 243, time elapsed: 88.22s
Optimization restart 1/5, f = 7.729547534817868
Optimization restart 2/5, f = 18.32336658585872
Optimization restart 3/5, f = 18.3233665860365
Optimization restart 4/5, f = 18.323366585861038
Optimization restart 5/5, f = 18.323366585857443
f inputs x:[[ 0.62249083 -0.58456798]] ev:{} outputs y:6.681741607618814 (n:0.0) c:1.0
num acquisition: 244, time elapsed: 89.16s
Optimization restart 1/5, f = 7.628001304417722
Optimization restart 2/5, f = 17.42571379501257
Optimization restart 3/5, f = 17.425713795067892
Optimization restart 4/5, f = 17.425713795388475
Optimization restart 5/5, f = 17.42571379501429
f inputs x:[[0.64793489 0.8456932 ]] ev:{} outputs y:0.17417665140798186 (n:0.0) c:1.0
num acquisition: 245, time elapsed: 90.17s
Optimization restart 1/5, f = 5.477282197147019
Optimization restart 2/5, f = 18.35853726979917
Optimization restart 3/5, f = 18.358537269793985
Optimization restart 4/5, f = 18.358537270199236
Optimization restart 5/5, f = 18.358537269832
[0.47615724 0.46816038]
