INFO:GP:initializing Y
INFO:GP:initializing inference method
INFO:GP:adding kernel and likelihood as parameters
removed robo import in opts.py l17 due to theano errors
f inputs x:[[-0.59947706  0.49127404]] ev:{} outputs y:3.448694107063687 (n:0.012070156846114077) c:1.0
f inputs x:[[-0.54972805 -0.97058079]] ev:{} outputs y:6.370893693758165 (n:-0.6000230413847539) c:1.0
f inputs x:[[-0.16095856  0.546852  ]] ev:{} outputs y:5.196016922532174 (n:0.5416913484807316) c:1.0
f inputs x:[[-0.37606023 -0.29851675]] ev:{} outputs y:5.084347517549939 (n:0.07891340630659287) c:1.0
f inputs x:[[0.17044819 0.80246411]] ev:{} outputs y:4.3362071634590365 (n:-1.1146065951819657) c:1.0
Using a model defined by the used.
Optimization restart 1/5, f = 7.094692674645039
Optimization restart 2/5, f = 7.094692666023984
Optimization restart 3/5, f = 7.094692667059258
Optimization restart 4/5, f = 7.094692725330642
Optimization restart 5/5, f = 7.094692678938406
f inputs x:[[-0.59153154  0.47960173]] ev:{} outputs y:4.073255652388393 (n:0.690489659551608) c:1.0
num acquisition: 1, time elapsed: 0.13s
Optimization restart 1/5, f = 7.947197658963473
Optimization restart 2/5, f = 7.947198578673958
Optimization restart 3/5, f = 7.947197782089432
Optimization restart 4/5, f = 7.947197744242939
Optimization restart 5/5, f = 7.947197802403234
f inputs x:[[-0.60719879  0.50261761]] ev:{} outputs y:2.598784916185135 (n:-0.8906180795049269) c:1.0
num acquisition: 2, time elapsed: 0.31s
Optimization restart 1/5, f = 8.48490790673113
Optimization restart 2/5, f = 8.484874167024449
Optimization restart 3/5, f = 8.4848730969219
Optimization restart 4/5, f = 8.484873152658125
Optimization restart 5/5, f = 8.484874555944703
f inputs x:[[-0.61670712  0.51658578]] ev:{} outputs y:3.41675200297022 (n:-0.1381434249230669) c:1.0
num acquisition: 3, time elapsed: 0.53s
Optimization restart 1/5, f = 9.728736554643024
Optimization restart 2/5, f = 9.72873654385985
Optimization restart 3/5, f = 9.728736547842953
Optimization restart 4/5, f = 9.728736563123782
Optimization restart 5/5, f = 9.728736548466768
f inputs x:[[-0.61734659  0.49773939]] ev:{} outputs y:3.505874186058656 (n:-0.17468531866285725) c:1.0
num acquisition: 4, time elapsed: 0.77s
Optimization restart 1/5, f = 10.980032267873492
Optimization restart 2/5, f = 10.897002293079066
Optimization restart 3/5, f = 10.897002293130692
Optimization restart 4/5, f = 10.897002293078067
Optimization restart 5/5, f = 10.89700229308244
f inputs x:[[-0.59783754  0.51119406]] ev:{} outputs y:2.862458978977654 (n:-0.4106269068970668) c:1.0
num acquisition: 5, time elapsed: 0.99s
Optimization restart 1/5, f = 11.419520753514705
Optimization restart 2/5, f = 11.41952075352366
Optimization restart 3/5, f = 11.57038997592113
Optimization restart 4/5, f = 11.84565587187888
Optimization restart 5/5, f = 11.419520753514234
f inputs x:[[-0.60016366  0.50923036]] ev:{} outputs y:2.852483245470988 (n:-0.4746811445949108) c:1.0
num acquisition: 6, time elapsed: 1.15s
Optimization restart 1/5, f = 11.232970516487242
Optimization restart 2/5, f = 12.568863418730395
Optimization restart 3/5, f = 11.232970516487132
Optimization restart 4/5, f = 12.568863418483872
Optimization restart 5/5, f = 11.232970516495925
f inputs x:[[-0.57158046  0.53746792]] ev:{} outputs y:2.3898465420087547 (n:-0.1734003279540436) c:1.0
num acquisition: 7, time elapsed: 1.33s
Optimization restart 1/5, f = 12.900865299843192
Optimization restart 2/5, f = 12.768823856446465
Optimization restart 3/5, f = 12.768823856452364
Optimization restart 4/5, f = 12.76882385647296
Optimization restart 5/5, f = 12.768823856653402
f inputs x:[[-0.54790774  0.56615352]] ev:{} outputs y:1.485849513636236 (n:-0.3854263715076169) c:1.0
num acquisition: 8, time elapsed: 1.48s
Optimization restart 1/5, f = 13.260370014025064
Optimization restart 2/5, f = 13.260370014017509
Optimization restart 3/5, f = 13.260370014032398
Optimization restart 4/5, f = 13.260370014016162
Optimization restart 5/5, f = 13.260370014027139
f inputs x:[[-0.53451142  0.62709459]] ev:{} outputs y:1.5844661168727492 (n:-0.2281918001945377) c:1.0
num acquisition: 9, time elapsed: 1.62s
Optimization restart 1/5, f = 13.464139403310892
Optimization restart 2/5, f = 13.464139403314304
Optimization restart 3/5, f = 13.464139403442068
Optimization restart 4/5, f = 13.464139403313247
Optimization restart 5/5, f = 13.464139403310183
f inputs x:[[-0.48647739  0.59953249]] ev:{} outputs y:2.290860294655132 (n:-0.06222429710253238) c:1.0
num acquisition: 10, time elapsed: 1.77s
Optimization restart 1/5, f = 14.372368482476514
Optimization restart 2/5, f = 14.372368482484305
Optimization restart 3/5, f = 14.372368482821864
Optimization restart 4/5, f = 14.37236848247597
Optimization restart 5/5, f = 14.372368482664628
f inputs x:[[-0.60003828  0.65352996]] ev:{} outputs y:2.9329147856549422 (n:0.7450194975909403) c:1.0
num acquisition: 11, time elapsed: 1.90s
Optimization restart 1/5, f = 16.19119379246979
Optimization restart 2/5, f = 16.19119379247551
Optimization restart 3/5, f = 16.191193792505985
Optimization restart 4/5, f = 16.19119379247178
Optimization restart 5/5, f = 16.191193792470127
f inputs x:[[-0.54281011  0.59287787]] ev:{} outputs y:2.0529099711523107 (n:0.3470968255835097) c:1.0
num acquisition: 12, time elapsed: 2.03s
Optimization restart 1/5, f = 16.68437374123298
Optimization restart 2/5, f = 16.684373741216405
Optimization restart 3/5, f = 16.684373741245057
Optimization restart 4/5, f = 16.684373741217755
Optimization restart 5/5, f = 16.684373741228264
f inputs x:[[ 0.98276545 -0.882829  ]] ev:{} outputs y:8.390749093599775 (n:0.24902780885507642) c:1.0
num acquisition: 13, time elapsed: 2.11s
Optimization restart 1/5, f = 15.301514566022968
Optimization restart 2/5, f = 19.871258288290022
Optimization restart 3/5, f = 15.301514566022382
Optimization restart 4/5, f = 15.301514566023537
Optimization restart 5/5, f = 17.890869944698522
f inputs x:[[1.         0.33610179]] ev:{} outputs y:6.209536892804631 (n:-0.9062719625546255) c:1.0
num acquisition: 14, time elapsed: 2.20s
Optimization restart 1/5, f = 16.21662813234272
Optimization restart 2/5, f = 18.08395307776786
Optimization restart 3/5, f = 16.216628132333966
Optimization restart 4/5, f = 18.083953077770648
Optimization restart 5/5, f = 16.21662813233415
f inputs x:[[ 0.37188171 -0.21970427]] ev:{} outputs y:4.440445401368098 (n:-0.2337736022460349) c:1.0
num acquisition: 15, time elapsed: 2.31s
Optimization restart 1/5, f = 17.730365852009303
Optimization restart 2/5, f = 20.930344108596245
Optimization restart 3/5, f = 17.730365852007917
Optimization restart 4/5, f = 17.730365852007566
Optimization restart 5/5, f = 17.730365852009058
f inputs x:[[-0.42068818  0.90392622]] ev:{} outputs y:4.1425426572794395 (n:-0.70510321065869) c:1.0
num acquisition: 16, time elapsed: 2.43s
Optimization restart 1/5, f = 19.254797054866863
Optimization restart 2/5, f = 22.924732776581326
Optimization restart 3/5, f = 19.254797054865563
Optimization restart 4/5, f = 19.25479705486476
Optimization restart 5/5, f = 22.92473279512232
f inputs x:[[0.79107445 1.        ]] ev:{} outputs y:2.7748100699267395 (n:-0.770581831036145) c:1.0
num acquisition: 17, time elapsed: 2.53s
Optimization restart 1/5, f = 20.955119881110384
Optimization restart 2/5, f = 20.955119881129033
Optimization restart 3/5, f = 20.95511988112485
Optimization restart 4/5, f = 20.955119881153344
Optimization restart 5/5, f = 20.955119881115206
f inputs x:[[1. 1.]] ev:{} outputs y:5.807732967858433 (n:-0.3294764361612653) c:1.0
num acquisition: 18, time elapsed: 2.67s
Optimization restart 1/5, f = 22.25378023444666
Optimization restart 2/5, f = 26.60139308260381
Optimization restart 3/5, f = 22.25378023448743
Optimization restart 4/5, f = 22.25378023445226
Optimization restart 5/5, f = 26.6013930800975
f inputs x:[[0.62528014 1.        ]] ev:{} outputs y:2.265641411243068 (n:-0.609944213738593) c:1.0
num acquisition: 19, time elapsed: 2.81s
Optimization restart 1/5, f = 23.61625479942579
Optimization restart 2/5, f = 28.679203638914927
Optimization restart 3/5, f = 23.616254799420542
Optimization restart 4/5, f = 23.616254799421434
Optimization restart 5/5, f = 23.616254799420524
f inputs x:[[0.6627491  0.85117441]] ev:{} outputs y:0.7643373058655799 (n:0.017901632675181814) c:1.0
num acquisition: 20, time elapsed: 2.94s
Optimization restart 1/5, f = 24.7456466339347
Optimization restart 2/5, f = 24.74564663396771
Optimization restart 3/5, f = 24.745646633921726
Optimization restart 4/5, f = 24.74564663392312
Optimization restart 5/5, f = 32.020860735589935
f inputs x:[[0.61538709 0.77754472]] ev:{} outputs y:-0.3492463088144628 (n:-0.41632671376793523) c:1.0
num acquisition: 21, time elapsed: 3.07s
Optimization restart 1/5, f = 24.759780050224805
Optimization restart 2/5, f = 24.759780050222375
Optimization restart 3/5, f = 34.90140784652396
Optimization restart 4/5, f = 24.75978005036318
Optimization restart 5/5, f = 24.759780050223775
f inputs x:[[0.59021324 0.7082447 ]] ev:{} outputs y:0.004603597084234058 (n:-0.048777476954944374) c:1.0
num acquisition: 22, time elapsed: 3.19s
Optimization restart 1/5, f = 24.296983051732095
Optimization restart 2/5, f = 24.296983054499698
Optimization restart 3/5, f = 24.29698305173231
Optimization restart 4/5, f = 24.296983051735605
Optimization restart 5/5, f = 24.296983051725064
f inputs x:[[0.55019929 0.77718186]] ev:{} outputs y:2.6469387064788883 (n:0.21484692009871442) c:1.0
num acquisition: 23, time elapsed: 3.32s
Optimization restart 1/5, f = 28.267530022860093
Optimization restart 2/5, f = 28.267530022856178
Optimization restart 3/5, f = 28.267530022897837
Optimization restart 4/5, f = 28.267530022839985
Optimization restart 5/5, f = 28.26753002283393
f inputs x:[[0.66648581 0.72900646]] ev:{} outputs y:2.748639574824102 (n:0.0518542075589459) c:1.0
num acquisition: 24, time elapsed: 3.46s
Optimization restart 1/5, f = 32.075671804758095
Optimization restart 2/5, f = 32.07567180474422
Optimization restart 3/5, f = 32.07567180474501
Optimization restart 4/5, f = 32.0756718047577
Optimization restart 5/5, f = 32.07567180475146
f inputs x:[[0.62638777 0.8022753 ]] ev:{} outputs y:-0.30282676004262915 (n:-0.38042492154384716) c:1.0
num acquisition: 25, time elapsed: 3.64s
Optimization restart 1/5, f = 31.336267087115907
Optimization restart 2/5, f = 31.336267087192468
Optimization restart 3/5, f = 31.336267087115356
Optimization restart 4/5, f = 31.33626708715285
Optimization restart 5/5, f = 31.336267087109448
f inputs x:[[0.62396098 0.79150159]] ev:{} outputs y:0.9693206038257709 (n:0.8817481275663652) c:1.0
num acquisition: 26, time elapsed: 3.80s
Optimization restart 1/5, f = 33.42083227583466
Optimization restart 2/5, f = 33.420832275905894
Optimization restart 3/5, f = 38.262119696359214
Optimization restart 4/5, f = 33.42083227617544
Optimization restart 5/5, f = 33.420832276325676
f inputs x:[[0.57057155 0.66085213]] ev:{} outputs y:0.9773844579799029 (n:0.9353839599555198) c:1.0
num acquisition: 27, time elapsed: 3.95s
Optimization restart 1/5, f = 34.156351567099065
Optimization restart 2/5, f = 34.1563515660294
Optimization restart 3/5, f = 39.60202157245842
Optimization restart 4/5, f = 34.15635156596872
Optimization restart 5/5, f = 34.156351565911585
f inputs x:[[0.62532646 0.81612533]] ev:{} outputs y:-0.783608713814508 (n:-0.9464271384081316) c:1.0
num acquisition: 28, time elapsed: 4.09s
Optimization restart 1/5, f = 34.43055909246887
Optimization restart 2/5, f = 34.43055909246901
Optimization restart 3/5, f = 34.43055909254359
Optimization restart 4/5, f = 34.43055909525232
Optimization restart 5/5, f = 34.430559092588794
f inputs x:[[0.61716786 0.83579986]] ev:{} outputs y:1.2747651551840533 (n:0.4109901352675832) c:1.0
num acquisition: 29, time elapsed: 4.25s
Optimization restart 1/5, f = 36.071496703322794
Optimization restart 2/5, f = 36.80800355333852
Optimization restart 3/5, f = 36.071496703669425
Optimization restart 4/5, f = 36.808003553338544
Optimization restart 5/5, f = 36.0714967034761
f inputs x:[[0.63412407 0.80364329]] ev:{} outputs y:0.003595355633268571 (n:-0.2235870483508497) c:1.0
num acquisition: 30, time elapsed: 4.39s
Optimization restart 1/5, f = 35.818492137903036
Optimization restart 2/5, f = 35.81849213762857
Optimization restart 3/5, f = 39.45928428306098
Optimization restart 4/5, f = 35.818492137664336
Optimization restart 5/5, f = 35.81849213773849
f inputs x:[[0.49975724 0.51440806]] ev:{} outputs y:0.07898088387287289 (n:0.07489699590937388) c:1.0
num acquisition: 31, time elapsed: 4.53s
Optimization restart 1/5, f = 37.388879612465786
Optimization restart 2/5, f = 37.38887961362368
Optimization restart 3/5, f = 37.3888796124491
Optimization restart 4/5, f = 37.38887961244736
Optimization restart 5/5, f = 37.388879612460805
f inputs x:[[0.55107218 0.46867791]] ev:{} outputs y:1.421481963517056 (n:-0.9643740336644989) c:1.0
num acquisition: 32, time elapsed: 4.74s
Optimization restart 1/5, f = 38.593300465130696
Optimization restart 2/5, f = 38.59330046512882
Optimization restart 3/5, f = 38.59330046512669
Optimization restart 4/5, f = 38.59330046512892
Optimization restart 5/5, f = 38.59330046543816
f inputs x:[[0.43772816 0.53788461]] ev:{} outputs y:1.6717597647974807 (n:-0.6194805227430414) c:1.0
num acquisition: 33, time elapsed: 4.89s
Optimization restart 1/5, f = 39.93185928371961
Optimization restart 2/5, f = 40.29302165622942
Optimization restart 3/5, f = 40.29302165620028
Optimization restart 4/5, f = 40.293021656626514
Optimization restart 5/5, f = 39.931859283777726
f inputs x:[[0.53324917 0.55737611]] ev:{} outputs y:0.14166190744875873 (n:-0.09755473928205123) c:1.0
num acquisition: 34, time elapsed: 5.03s
Optimization restart 1/5, f = 40.460198044246724
Optimization restart 2/5, f = 40.46019804491969
Optimization restart 3/5, f = 40.460198044574014
Optimization restart 4/5, f = 40.460198044191785
Optimization restart 5/5, f = 40.73138700482507
f inputs x:[[0.52407925 0.54727512]] ev:{} outputs y:0.8060752766201336 (n:0.7083858969951676) c:1.0
num acquisition: 35, time elapsed: 5.16s
Optimization restart 1/5, f = 41.01949631950525
Optimization restart 2/5, f = 41.0194963195014
Optimization restart 3/5, f = 41.07940914383621
Optimization restart 4/5, f = 41.07940914394898
Optimization restart 5/5, f = 41.019496319488
f inputs x:[[0.40557304 0.33632715]] ev:{} outputs y:0.16100956040504705 (n:0.13259956624375066) c:1.0
num acquisition: 36, time elapsed: 5.28s
Optimization restart 1/5, f = 42.569307420969515
Optimization restart 2/5, f = 42.37661123396803
Optimization restart 3/5, f = 42.37661123527302
Optimization restart 4/5, f = 42.569307420969494
Optimization restart 5/5, f = 42.569307421061836
f inputs x:[[0.42969276 0.32953174]] ev:{} outputs y:-0.1825280127822333 (n:-0.8782607644832205) c:1.0
num acquisition: 37, time elapsed: 5.40s
Optimization restart 1/5, f = 42.736471603674445
Optimization restart 2/5, f = 42.736471603606645
Optimization restart 3/5, f = 42.85374899328441
Optimization restart 4/5, f = 42.73647160361567
Optimization restart 5/5, f = 42.853748993294815
f inputs x:[[0.42634578 0.29153929]] ev:{} outputs y:1.0923924916098868 (n:-0.22922043052636798) c:1.0
num acquisition: 38, time elapsed: 5.55s
Optimization restart 1/5, f = 43.60252225870363
Optimization restart 2/5, f = 43.602522258939544
Optimization restart 3/5, f = 43.602522259004644
Optimization restart 4/5, f = 43.92817504934365
Optimization restart 5/5, f = 43.92817504929048
f inputs x:[[0.43438252 0.37041266]] ev:{} outputs y:0.4178038077768613 (n:0.30462052205387335) c:1.0
num acquisition: 39, time elapsed: 5.68s
Optimization restart 1/5, f = 43.84729811061685
Optimization restart 2/5, f = 43.847298110605934
Optimization restart 3/5, f = 44.44062198382967
Optimization restart 4/5, f = 43.847298110605614
Optimization restart 5/5, f = 43.8472981106074
f inputs x:[[0.43462254 0.36958303]] ev:{} outputs y:0.9448167628328322 (n:0.8161758466703074) c:1.0
num acquisition: 40, time elapsed: 5.84s
Optimization restart 1/5, f = 44.39175806970903
Optimization restart 2/5, f = 44.391758069816845
Optimization restart 3/5, f = 44.391758069706775
Optimization restart 4/5, f = 44.391758069709375
Optimization restart 5/5, f = 44.39175807101802
f inputs x:[[0.43818212 0.36583316]] ev:{} outputs y:-0.4149152985806819 (n:-0.6964731816228038) c:1.0
num acquisition: 41, time elapsed: 6.00s
Optimization restart 1/5, f = 44.80860571837197
Optimization restart 2/5, f = 44.80860571682686
Optimization restart 3/5, f = 44.80860571682798
Optimization restart 4/5, f = 44.80860571683419
Optimization restart 5/5, f = 44.80860571682688
f inputs x:[[0.43885927 0.36666121]] ev:{} outputs y:0.9573483840994894 (n:0.6692461699440028) c:1.0
num acquisition: 42, time elapsed: 6.14s
Optimization restart 1/5, f = 45.40261552731238
Optimization restart 2/5, f = 45.4026155273107
Optimization restart 3/5, f = 45.40261552786447
Optimization restart 4/5, f = 45.402615527319085
Optimization restart 5/5, f = 45.40261552731759
f inputs x:[[0.43797294 0.36471828]] ev:{} outputs y:0.8766637977459018 (n:0.5821285656133292) c:1.0
num acquisition: 43, time elapsed: 6.28s
Optimization restart 1/5, f = 45.871622674122264
Optimization restart 2/5, f = 45.871622674259584
Optimization restart 3/5, f = 45.87162267409815
Optimization restart 4/5, f = 45.87162267409738
Optimization restart 5/5, f = 45.87162267410574
f inputs x:[[-1.  1.]] ev:{} outputs y:6.6408706225151155 (n:0.4861136163221243) c:1.0
num acquisition: 44, time elapsed: 6.42s
Optimization restart 1/5, f = 46.00181076585443
Optimization restart 2/5, f = 46.00181076737944
Optimization restart 3/5, f = 46.00181076585882
Optimization restart 4/5, f = 46.001810765885395
Optimization restart 5/5, f = 46.00181076589368
f inputs x:[[0.4395289  0.36398424]] ev:{} outputs y:0.1318099726797583 (n:-0.22613488575515267) c:1.0
num acquisition: 45, time elapsed: 6.54s
Optimization restart 1/5, f = 46.14821957442979
Optimization restart 2/5, f = 46.14821957408131
Optimization restart 3/5, f = 46.14821957392344
Optimization restart 4/5, f = 46.14821957395807
Optimization restart 5/5, f = 46.14821957391956
f inputs x:[[0.44032005 0.36353052]] ev:{} outputs y:-0.039728680931108706 (n:-0.43275592858974116) c:1.0
num acquisition: 46, time elapsed: 6.68s
Optimization restart 1/5, f = 46.3123307362506
Optimization restart 2/5, f = 46.312330735891805
Optimization restart 3/5, f = 46.31233073570786
Optimization restart 4/5, f = 46.31233073570752
Optimization restart 5/5, f = 46.31233073570485
f inputs x:[[0.44232554 0.36312471]] ev:{} outputs y:0.3993545718446105 (n:-0.07120944304891948) c:1.0
num acquisition: 47, time elapsed: 6.82s
Optimization restart 1/5, f = 46.44837562875975
Optimization restart 2/5, f = 46.44837562777316
Optimization restart 3/5, f = 46.44837562804765
Optimization restart 4/5, f = 46.4483756277942
Optimization restart 5/5, f = 46.44837562777418
f inputs x:[[0.44195894 0.36302344]] ev:{} outputs y:0.0531463532251239 (n:-0.40645289945302404) c:1.0
num acquisition: 48, time elapsed: 6.97s
Optimization restart 1/5, f = 46.55597723356935
Optimization restart 2/5, f = 46.55597723299199
Optimization restart 3/5, f = 46.555977232982954
Optimization restart 4/5, f = 46.55597723441367
Optimization restart 5/5, f = 46.555977233046576
f inputs x:[[0.44408778 0.36277346]] ev:{} outputs y:0.48681243876899855 (n:-0.054006505662118696) c:1.0
num acquisition: 49, time elapsed: 7.12s
Optimization restart 1/5, f = 46.718333713705604
Optimization restart 2/5, f = 46.718333712461316
Optimization restart 3/5, f = 46.718333712472074
Optimization restart 4/5, f = 46.7183337123771
Optimization restart 5/5, f = 46.71833371311365
f inputs x:[[0.44247728 0.36292112]] ev:{} outputs y:-0.8888308660498357 (n:-1.368795205597712) c:1.0
num acquisition: 50, time elapsed: 7.28s
Optimization restart 1/5, f = 47.65624072988899
Optimization restart 2/5, f = 47.65624072975007
Optimization restart 3/5, f = 47.656240729854574
Optimization restart 4/5, f = 47.65624073012584
Optimization restart 5/5, f = 47.656240729736496
f inputs x:[[0.45052104 0.36053695]] ev:{} outputs y:0.241241027365781 (n:-0.5835522433094805) c:1.0
num acquisition: 51, time elapsed: 7.43s
Optimization restart 1/5, f = 47.76434159850542
Optimization restart 2/5, f = 47.76434159702505
Optimization restart 3/5, f = 47.76434159665628
Optimization restart 4/5, f = 47.76434159665918
Optimization restart 5/5, f = 47.764341597737335
f inputs x:[[0.45118617 0.36048233]] ev:{} outputs y:0.9925987396725331 (n:0.14191974107892208) c:1.0
num acquisition: 52, time elapsed: 7.56s
Optimization restart 1/5, f = 48.47960709287248
Optimization restart 2/5, f = 48.479607092894604
Optimization restart 3/5, f = 48.47960709286427
Optimization restart 4/5, f = 48.479607093010586
Optimization restart 5/5, f = 48.479607092863645
f inputs x:[[0.43714616 0.36319079]] ev:{} outputs y:0.8933753354527805 (n:0.5977749689596494) c:1.0
num acquisition: 53, time elapsed: 7.70s
Optimization restart 1/5, f = 49.029323287290225
Optimization restart 2/5, f = 49.02932328730795
Optimization restart 3/5, f = 49.02932328728731
Optimization restart 4/5, f = 49.02932328732373
Optimization restart 5/5, f = 49.02932328729556
f inputs x:[[0.44074522 0.36247229]] ev:{} outputs y:0.1938915024985989 (n:-0.23401555100046487) c:1.0
num acquisition: 54, time elapsed: 7.85s
Optimization restart 1/5, f = 49.142179362491625
Optimization restart 2/5, f = 49.142179361163876
Optimization restart 3/5, f = 49.14217936115218
Optimization restart 4/5, f = 49.14217936117587
Optimization restart 5/5, f = 49.14217936115849
f inputs x:[[0.44064418 0.36258858]] ev:{} outputs y:1.0354884941688152 (n:0.6133229117595231) c:1.0
num acquisition: 55, time elapsed: 8.00s
Optimization restart 1/5, f = 49.85993789194028
Optimization restart 2/5, f = 49.85993789242531
Optimization restart 3/5, f = 49.85993789214693
Optimization restart 4/5, f = 49.859937891921916
Optimization restart 5/5, f = 49.859937892007906
f inputs x:[[0.44037493 0.36228812]] ev:{} outputs y:0.24691243846387226 (n:-0.17175252799849242) c:1.0
num acquisition: 56, time elapsed: 8.16s
Optimization restart 1/5, f = 49.98475993500239
Optimization restart 2/5, f = 49.984759935114724
Optimization restart 3/5, f = 49.98475993644435
Optimization restart 4/5, f = 49.98475993481695
Optimization restart 5/5, f = 49.984759934678394
f inputs x:[[0.44009121 0.3623621 ]] ev:{} outputs y:0.39237840803579843 (n:-0.015121364554789341) c:1.0
num acquisition: 57, time elapsed: 8.30s
Optimization restart 1/5, f = 50.13275129070155
Optimization restart 2/5, f = 50.13275128901183
Optimization restart 3/5, f = 50.13275128900891
Optimization restart 4/5, f = 50.132751289088645
Optimization restart 5/5, f = 50.13275128903845
f inputs x:[[0.43976017 0.36253355]] ev:{} outputs y:0.3164251199132614 (n:-0.07652437675632248) c:1.0
num acquisition: 58, time elapsed: 8.44s
Optimization restart 1/5, f = 50.25713825331394
Optimization restart 2/5, f = 50.25713825300738
Optimization restart 3/5, f = 50.25713825296674
Optimization restart 4/5, f = 50.25713825372043
Optimization restart 5/5, f = 50.25713825288216
f inputs x:[[-1.         -0.35522199]] ev:{} outputs y:8.050484888262018 (n:0.25372765964230765) c:1.0
num acquisition: 59, time elapsed: 8.58s
Optimization restart 1/5, f = 48.47023034357352
Optimization restart 2/5, f = 48.47023036450643
Optimization restart 3/5, f = 48.47023034355732
Optimization restart 4/5, f = 48.47023034356189
Optimization restart 5/5, f = 48.470230343660695
f inputs x:[[0.44021426 0.35886728]] ev:{} outputs y:1.1494446619715455 (n:0.6696620803151785) c:1.0
num acquisition: 60, time elapsed: 8.75s
Optimization restart 1/5, f = 49.28451071933361
Optimization restart 2/5, f = 49.284510719323976
Optimization restart 3/5, f = 49.284510727597514
Optimization restart 4/5, f = 49.28451071934898
Optimization restart 5/5, f = 49.2845107193683
f inputs x:[[0.44016403 0.36195493]] ev:{} outputs y:-0.06969917951524357 (n:-0.48751290450276796) c:1.0
num acquisition: 61, time elapsed: 8.90s
Optimization restart 1/5, f = 49.456521594060014
Optimization restart 2/5, f = 49.4565215940741
Optimization restart 3/5, f = 49.45652159404215
Optimization restart 4/5, f = 49.45652159404971
Optimization restart 5/5, f = 49.45652159404431
f inputs x:[[0.43983764 0.36144767]] ev:{} outputs y:0.6159886553663202 (n:0.19964506505979795) c:1.0
num acquisition: 62, time elapsed: 9.06s
Optimization restart 1/5, f = 49.65490014211312
Optimization restart 2/5, f = 49.65490014202128
Optimization restart 3/5, f = 49.65490014202359
Optimization restart 4/5, f = 49.65490014229935
Optimization restart 5/5, f = 49.654900142031714
f inputs x:[[0.43981727 0.36188391]] ev:{} outputs y:0.36993318645251794 (n:-0.03734466386372411) c:1.0
num acquisition: 63, time elapsed: 9.21s
Optimization restart 1/5, f = 49.7392811577115
Optimization restart 2/5, f = 49.73928115742967
Optimization restart 3/5, f = 49.73928116031799
Optimization restart 4/5, f = 49.73928115608135
Optimization restart 5/5, f = 49.739281156447895
f inputs x:[[0.43950273 0.36203583]] ev:{} outputs y:0.7619224093251853 (n:0.36825385505660624) c:1.0
num acquisition: 64, time elapsed: 9.36s
Optimization restart 1/5, f = 50.04917257419317
Optimization restart 2/5, f = 50.04917257605155
Optimization restart 3/5, f = 50.04917257442252
Optimization restart 4/5, f = 50.049172573949896
Optimization restart 5/5, f = 50.049172573862265
f inputs x:[[0.43990502 0.36232995]] ev:{} outputs y:0.78632722994107 (n:0.38457549899838195) c:1.0
num acquisition: 65, time elapsed: 9.51s
Optimization restart 1/5, f = 50.37429189734689
Optimization restart 2/5, f = 50.37429189727029
Optimization restart 3/5, f = 50.37429189726259
Optimization restart 4/5, f = 50.37429189916472
Optimization restart 5/5, f = 50.374291897268044
f inputs x:[[0.4400203  0.36248474]] ev:{} outputs y:1.309754026265384 (n:0.9070226599491192) c:1.0
num acquisition: 66, time elapsed: 9.67s
Optimization restart 1/5, f = 51.45474067959609
Optimization restart 2/5, f = 51.45474067958006
Optimization restart 3/5, f = 51.45474067958332
Optimization restart 4/5, f = 51.45474068126061
Optimization restart 5/5, f = 51.45474067969035
f inputs x:[[0.44102117 0.36229738]] ev:{} outputs y:0.5820048542968317 (n:0.14111058712216545) c:1.0
num acquisition: 67, time elapsed: 9.82s
Optimization restart 1/5, f = 51.61774744559341
Optimization restart 2/5, f = 51.617747445762085
Optimization restart 3/5, f = 51.61774744553353
Optimization restart 4/5, f = 51.61774744561319
Optimization restart 5/5, f = 51.6177474455969
f inputs x:[[0.44047014 0.36238843]] ev:{} outputs y:0.49001233581582704 (n:0.0699966058754927) c:1.0
num acquisition: 68, time elapsed: 9.99s
Optimization restart 1/5, f = 51.73894125494937
Optimization restart 2/5, f = 51.73894125568993
Optimization restart 3/5, f = 51.7389412552311
Optimization restart 4/5, f = 51.73894125492736
Optimization restart 5/5, f = 51.738941255078224
f inputs x:[[0.44005316 0.36245011]] ev:{} outputs y:-0.04684335026898229 (n:-0.45135836144284736) c:1.0
num acquisition: 69, time elapsed: 10.15s
Optimization restart 1/5, f = 51.97338219021055
Optimization restart 2/5, f = 51.97338219019077
Optimization restart 3/5, f = 51.97338219019137
Optimization restart 4/5, f = 51.97338219020565
Optimization restart 5/5, f = 51.97338219093245
f inputs x:[[0.43964771 0.36232676]] ev:{} outputs y:0.6663915436739696 (n:0.27333064906569843) c:1.0
num acquisition: 70, time elapsed: 10.31s
Optimization restart 1/5, f = 52.18879403091323
Optimization restart 2/5, f = 52.1887940307961
Optimization restart 3/5, f = 52.188794030804374
Optimization restart 4/5, f = 52.18879403079243
Optimization restart 5/5, f = 52.18879403091535
f inputs x:[[0.43961583 0.3624733 ]] ev:{} outputs y:0.24963985780927106 (n:-0.13956190902902016) c:1.0
num acquisition: 71, time elapsed: 10.47s
Optimization restart 1/5, f = 52.285383011203436
Optimization restart 2/5, f = 52.28538301069423
Optimization restart 3/5, f = 52.285383010681684
Optimization restart 4/5, f = 52.285383010688214
Optimization restart 5/5, f = 52.285383011678356
f inputs x:[[0.43894115 0.36257513]] ev:{} outputs y:1.1199421998307555 (n:0.7552847576969797) c:1.0
num acquisition: 72, time elapsed: 10.64s
Optimization restart 1/5, f = 53.039839819044566
Optimization restart 2/5, f = 53.039839819618486
Optimization restart 3/5, f = 53.03983981902113
Optimization restart 4/5, f = 53.03983981903649
Optimization restart 5/5, f = 53.039839832174
f inputs x:[[0.44115185 0.36239946]] ev:{} outputs y:0.5406478218833328 (n:0.09717846089543536) c:1.0
num acquisition: 73, time elapsed: 10.80s
Optimization restart 1/5, f = 53.18032282777428
Optimization restart 2/5, f = 53.18032283010517
Optimization restart 3/5, f = 53.180322827739374
Optimization restart 4/5, f = 53.18032282773798
Optimization restart 5/5, f = 53.180322832517135
f inputs x:[[0.44054073 0.36248103]] ev:{} outputs y:1.7265563255627643 (n:1.3058895263778283) c:1.0
num acquisition: 74, time elapsed: 10.97s
Optimization restart 1/5, f = 55.25983288241711
Optimization restart 2/5, f = 55.25983288242471
Optimization restart 3/5, f = 55.25983288268181
Optimization restart 4/5, f = 55.25983288242362
Optimization restart 5/5, f = 55.25983288241332
f inputs x:[[0.44123929 0.3619822 ]] ev:{} outputs y:0.5470662755402287 (n:0.09238981826245796) c:1.0
num acquisition: 75, time elapsed: 11.14s
Optimization restart 1/5, f = 55.42348810195395
Optimization restart 2/5, f = 55.42348810184764
Optimization restart 3/5, f = 55.423488101937465
Optimization restart 4/5, f = 55.42348810184998
Optimization restart 5/5, f = 55.42348810186468
f inputs x:[[0.44066172 0.36194784]] ev:{} outputs y:0.2922370761661449 (n:-0.14293082243026997) c:1.0
num acquisition: 76, time elapsed: 11.32s
Optimization restart 1/5, f = 55.56286280631629
Optimization restart 2/5, f = 55.562862804167274
Optimization restart 3/5, f = 55.562862806182466
Optimization restart 4/5, f = 55.562862804159074
Optimization restart 5/5, f = 55.562862804072374
f inputs x:[[0.44043014 0.36172728]] ev:{} outputs y:1.1514199292872618 (n:0.720016630829733) c:1.0
num acquisition: 77, time elapsed: 11.48s
Optimization restart 1/5, f = 56.32090108433346
Optimization restart 2/5, f = 56.3209010813489
Optimization restart 3/5, f = 56.320901081371325
Optimization restart 4/5, f = 56.32090108122379
Optimization restart 5/5, f = 56.32090108122555
f inputs x:[[0.440282   0.36240331]] ev:{} outputs y:-0.04634217123000045 (n:-0.45959513335080937) c:1.0
num acquisition: 78, time elapsed: 11.65s
Optimization restart 1/5, f = 56.66018515300967
Optimization restart 2/5, f = 56.660185152384805
Optimization restart 3/5, f = 56.66018515228747
Optimization restart 4/5, f = 56.66018515676333
Optimization restart 5/5, f = 56.6601851522875
f inputs x:[[0.44018322 0.36220417]] ev:{} outputs y:0.430197275314087 (n:0.016514500404829012) c:1.0
num acquisition: 79, time elapsed: 11.82s
Optimization restart 1/5, f = 56.80145573279886
Optimization restart 2/5, f = 56.80145573455837
Optimization restart 3/5, f = 56.80145573152499
Optimization restart 4/5, f = 56.80145573148493
Optimization restart 5/5, f = 56.801455731486065
f inputs x:[[0.43967371 0.36214591]] ev:{} outputs y:-0.23963622960873848 (n:-0.6370178062407251) c:1.0
num acquisition: 80, time elapsed: 11.99s
Optimization restart 1/5, f = 57.345615638618305
Optimization restart 2/5, f = 57.34561563859302
Optimization restart 3/5, f = 57.3456156385754
Optimization restart 4/5, f = 57.34561563857748
Optimization restart 5/5, f = 57.345615638683356
f inputs x:[[0.4388629  0.36158416]] ev:{} outputs y:1.0612039131057212 (n:0.6805849771193833) c:1.0
num acquisition: 81, time elapsed: 12.18s
Optimization restart 1/5, f = 58.004836611011626
Optimization restart 2/5, f = 58.004836611376874
Optimization restart 3/5, f = 58.00483661098775
Optimization restart 4/5, f = 58.00483661098329
Optimization restart 5/5, f = 58.00483661097781
f inputs x:[[0.44083895 0.3624775 ]] ev:{} outputs y:1.0776494824964096 (n:0.6465921945975676) c:1.0
num acquisition: 82, time elapsed: 12.38s
Optimization restart 1/5, f = 58.676112099909716
Optimization restart 2/5, f = 58.67611209990277
Optimization restart 3/5, f = 58.676112099932205
Optimization restart 4/5, f = 58.67611209990966
Optimization restart 5/5, f = 58.67611209994432
f inputs x:[[0.43994248 0.36225426]] ev:{} outputs y:-0.2537506159899346 (n:-0.6582263506954388) c:1.0
num acquisition: 83, time elapsed: 12.56s
Optimization restart 1/5, f = 59.270111824360086
Optimization restart 2/5, f = 59.270111822899935
Optimization restart 3/5, f = 59.27011182218824
Optimization restart 4/5, f = 59.270111822169355
Optimization restart 5/5, f = 59.27011182216961
f inputs x:[[0.43965735 0.36183997]] ev:{} outputs y:0.5074078064382307 (n:0.10475198765667067) c:1.0
num acquisition: 84, time elapsed: 12.75s
Optimization restart 1/5, f = 59.447115165062094
Optimization restart 2/5, f = 59.44711517507418
Optimization restart 3/5, f = 59.44711516501578
Optimization restart 4/5, f = 59.44711516499549
Optimization restart 5/5, f = 59.447115164994656
f inputs x:[[0.43922159 0.3618738 ]] ev:{} outputs y:0.9749783833403214 (n:0.587750673145945) c:1.0
num acquisition: 85, time elapsed: 12.94s
Optimization restart 1/5, f = 59.991849895756054
Optimization restart 2/5, f = 59.99184989609247
Optimization restart 3/5, f = 123.35429379602101
Optimization restart 4/5, f = 59.99184989575072
Optimization restart 5/5, f = 59.99184989574031
f inputs x:[[0.44030018 0.36237556]] ev:{} outputs y:0.6053895985568687 (n:0.19097907823187538) c:1.0
num acquisition: 86, time elapsed: 13.11s
Optimization restart 1/5, f = 60.20448935039142
Optimization restart 2/5, f = 60.20448935029076
Optimization restart 3/5, f = 60.20448935163252
Optimization restart 4/5, f = 60.20448935032193
Optimization restart 5/5, f = 60.204489350289236
f inputs x:[[0.43979321 0.36236043]] ev:{} outputs y:1.011903681405216 (n:0.6145408846155798) c:1.0
num acquisition: 87, time elapsed: 13.31s
Optimization restart 1/5, f = 60.79037885591606
Optimization restart 2/5, f = 60.790378855835534
Optimization restart 3/5, f = 60.790378856908184
Optimization restart 4/5, f = 60.79037885583965
Optimization restart 5/5, f = 60.79037885619901
f inputs x:[[0.44021168 0.36237504]] ev:{} outputs y:1.0340116136478175 (n:0.6226306850349226) c:1.0
num acquisition: 88, time elapsed: 13.51s
Optimization restart 1/5, f = 61.39860573183488
Optimization restart 2/5, f = 61.398605731715826
Optimization restart 3/5, f = 61.398605734935096
Optimization restart 4/5, f = 61.39860573163928
Optimization restart 5/5, f = 61.39860573174789
f inputs x:[[0.44004776 0.36227832]] ev:{} outputs y:-0.7522050418818058 (n:-1.1598209729449023) c:1.0
num acquisition: 89, time elapsed: 13.70s
Optimization restart 1/5, f = 63.0361969445069
Optimization restart 2/5, f = 63.03619694411695
Optimization restart 3/5, f = 63.03619694412218
Optimization restart 4/5, f = 63.036196944147605
Optimization restart 5/5, f = 63.03619694411519
f inputs x:[[0.44122902 0.3617418 ]] ev:{} outputs y:0.06802121080739981 (n:-0.39100180625677455) c:1.0
num acquisition: 90, time elapsed: 13.90s
Optimization restart 1/5, f = 63.33099967324625
Optimization restart 2/5, f = 63.33099967325619
Optimization restart 3/5, f = 63.33099967306775
Optimization restart 4/5, f = 63.33099967318142
Optimization restart 5/5, f = 63.33099967310068
f inputs x:[[0.44212717 0.36136529]] ev:{} outputs y:1.041441406285619 (n:0.5431406674096351) c:1.0
num acquisition: 91, time elapsed: 14.08s
Optimization restart 1/5, f = 63.992459293084735
Optimization restart 2/5, f = 63.992459293010214
Optimization restart 3/5, f = 63.9924592930111
Optimization restart 4/5, f = 63.99245929322626
Optimization restart 5/5, f = 63.99245929300787
f inputs x:[[0.43938421 0.36189217]] ev:{} outputs y:1.322284336544165 (n:0.929905644222974) c:1.0
num acquisition: 92, time elapsed: 14.28s
Optimization restart 1/5, f = 65.119825257668
Optimization restart 2/5, f = 65.11982525763659
Optimization restart 3/5, f = 65.11982525807987
Optimization restart 4/5, f = 65.11982525764732
Optimization restart 5/5, f = 65.11982525778785
f inputs x:[[0.44161203 0.3627613 ]] ev:{} outputs y:-0.13901820079708954 (n:-0.5915451352201669) c:1.0
num acquisition: 93, time elapsed: 14.47s
Optimization restart 1/5, f = 65.63540382188002
Optimization restart 2/5, f = 65.63540382183412
Optimization restart 3/5, f = 65.635403822146
Optimization restart 4/5, f = 65.63540382265501
Optimization restart 5/5, f = 65.63540382223658
f inputs x:[[0.4437257  0.36318076]] ev:{} outputs y:0.6963557665644742 (n:0.1768097387308149) c:1.0
num acquisition: 94, time elapsed: 14.67s
Optimization restart 1/5, f = 65.94292696432807
Optimization restart 2/5, f = 65.94292696436268
Optimization restart 3/5, f = 65.94292696433514
Optimization restart 4/5, f = 65.94292696474074
Optimization restart 5/5, f = 65.94292696471291
f inputs x:[[0.44181672 0.36280987]] ev:{} outputs y:0.20381774953683274 (n:-0.25495708605617967) c:1.0
num acquisition: 95, time elapsed: 14.86s
Optimization restart 1/5, f = 66.19004667812052
Optimization restart 2/5, f = 66.19004667801119
Optimization restart 3/5, f = 66.1900466778101
Optimization restart 4/5, f = 66.19004668026255
Optimization restart 5/5, f = 66.19004667783558
f inputs x:[[0.44260623 0.36308642]] ev:{} outputs y:0.5662596814577484 (n:0.08497383425244272) c:1.0
num acquisition: 96, time elapsed: 15.06s
Optimization restart 1/5, f = 66.42944368903132
Optimization restart 2/5, f = 66.42944368856053
Optimization restart 3/5, f = 66.4294436887831
Optimization restart 4/5, f = 66.42944375309034
Optimization restart 5/5, f = 66.42944368855466
f inputs x:[[0.44186543 0.36300904]] ev:{} outputs y:0.9383494277467237 (n:0.4817617480765489) c:1.0
num acquisition: 97, time elapsed: 15.27s
Optimization restart 1/5, f = 66.9617377484292
Optimization restart 2/5, f = 66.96173774922758
Optimization restart 3/5, f = 66.96173774841643
Optimization restart 4/5, f = 66.9617377484166
Optimization restart 5/5, f = 66.96173774848387
f inputs x:[[0.44000688 0.36233395]] ev:{} outputs y:0.40903804058394966 (n:0.0038846543066195917) c:1.0
num acquisition: 98, time elapsed: 15.49s
Optimization restart 1/5, f = 67.16956639940372
Optimization restart 2/5, f = 67.16956639937521
Optimization restart 3/5, f = 67.1695663997321
Optimization restart 4/5, f = 67.16956640307541
Optimization restart 5/5, f = 67.16956639939042
f inputs x:[[0.43944924 0.36229617]] ev:{} outputs y:0.6087645550339802 (n:0.2218408716802055) c:1.0
num acquisition: 99, time elapsed: 15.69s
Optimization restart 1/5, f = 67.42384243441757
Optimization restart 2/5, f = 67.42384243358309
Optimization restart 3/5, f = 67.42384243353803
Optimization restart 4/5, f = 67.42384243355602
Optimization restart 5/5, f = 67.42384243543842
f inputs x:[[0.43923979 0.36233498]] ev:{} outputs y:0.2820233984797777 (n:-0.09711323989456756) c:1.0
num acquisition: 100, time elapsed: 15.88s
Optimization restart 1/5, f = 67.64659599310151
Optimization restart 2/5, f = 67.64659600137483
Optimization restart 3/5, f = 67.64659599381909
Optimization restart 4/5, f = 67.64659599307492
Optimization restart 5/5, f = 67.64659599308541
f inputs x:[[0.43808464 0.36219765]] ev:{} outputs y:0.6293380010567207 (n:0.2859122934055133) c:1.0
num acquisition: 101, time elapsed: 16.09s
Optimization restart 1/5, f = 67.90978388749255
Optimization restart 2/5, f = 67.90978388727137
Optimization restart 3/5, f = 67.90978389065124
Optimization restart 4/5, f = 67.90978404760435
Optimization restart 5/5, f = 67.90978389599081
f inputs x:[[0.4384001  0.36235189]] ev:{} outputs y:0.5100658904773142 (n:0.15914833814044727) c:1.0
num acquisition: 102, time elapsed: 16.30s
Optimization restart 1/5, f = 68.12545779198649
Optimization restart 2/5, f = 68.12545779201346
Optimization restart 3/5, f = 68.1254577926008
Optimization restart 4/5, f = 68.12545779197758
Optimization restart 5/5, f = 68.12545779194214
f inputs x:[[ 0.1435913 -1.       ]] ev:{} outputs y:6.18129799165156 (n:0.05639830097809417) c:1.0
num acquisition: 103, time elapsed: 16.51s
Optimization restart 1/5, f = 66.99773765533607
Optimization restart 2/5, f = 66.99773765534351
Optimization restart 3/5, f = 66.99773765532902
Optimization restart 4/5, f = 66.99773765532706
Optimization restart 5/5, f = 66.99773765537053
f inputs x:[[0.44001722 0.35966763]] ev:{} outputs y:1.2668712355969782 (n:0.8097527793221145) c:1.0
num acquisition: 104, time elapsed: 16.73s
Optimization restart 1/5, f = 68.04171362176919
Optimization restart 2/5, f = 68.04171362178741
Optimization restart 3/5, f = 68.04171362174762
Optimization restart 4/5, f = 68.04171362175117
Optimization restart 5/5, f = 68.0417136217475
f inputs x:[[0.44080955 0.36318164]] ev:{} outputs y:0.32371912908780154 (n:-0.09273029468512244) c:1.0
num acquisition: 105, time elapsed: 16.95s
Optimization restart 1/5, f = 68.2367628691621
Optimization restart 2/5, f = 68.23676286798067
Optimization restart 3/5, f = 68.23676286798134
Optimization restart 4/5, f = 68.23676286805619
Optimization restart 5/5, f = 68.23676286805576
f inputs x:[[0.44069191 0.36347432]] ev:{} outputs y:0.35362944905989757 (n:-0.05316146185304759) c:1.0
num acquisition: 106, time elapsed: 17.16s
Optimization restart 1/5, f = 68.42440247149088
Optimization restart 2/5, f = 68.4244024704036
Optimization restart 3/5, f = 68.4244024703653
Optimization restart 4/5, f = 68.4244024704461
Optimization restart 5/5, f = 68.42440247035321
f inputs x:[[0.44046521 0.36380613]] ev:{} outputs y:-0.5102701136706216 (n:-0.9029965691466121) c:1.0
num acquisition: 107, time elapsed: 17.38s
Optimization restart 1/5, f = 69.62547973442642
Optimization restart 2/5, f = 69.62547973427132
Optimization restart 3/5, f = 69.62547980634824
Optimization restart 4/5, f = 69.6254797339219
Optimization restart 5/5, f = 69.62547973556465
f inputs x:[[0.44148516 0.36571123]] ev:{} outputs y:-0.32531019883379453 (n:-0.716570527238889) c:1.0
num acquisition: 108, time elapsed: 17.61s
Optimization restart 1/5, f = 70.43163742792053
Optimization restart 2/5, f = 70.43163742764935
Optimization restart 3/5, f = 70.43163743418745
Optimization restart 4/5, f = 70.43163742764969
Optimization restart 5/5, f = 70.43163742767642
f inputs x:[[0.44352845 0.36930201]] ev:{} outputs y:1.2808599982217141 (n:0.8879889564029505) c:1.0
num acquisition: 109, time elapsed: 17.84s
Optimization restart 1/5, f = 71.55336145249184
Optimization restart 2/5, f = 71.55336145234963
Optimization restart 3/5, f = 71.55336145247207
Optimization restart 4/5, f = 71.55336145243629
Optimization restart 5/5, f = 71.55336145234958
f inputs x:[[0.43858501 0.3608972 ]] ev:{} outputs y:0.017614170952068575 (n:-0.3666213516859738) c:1.0
num acquisition: 110, time elapsed: 18.07s
Optimization restart 1/5, f = 71.92785850013125
Optimization restart 2/5, f = 71.92785850015945
Optimization restart 3/5, f = 71.92785851711835
Optimization restart 4/5, f = 71.92785850012558
Optimization restart 5/5, f = 71.92785850048844
f inputs x:[[0.43632151 0.35932171]] ev:{} outputs y:0.29588492694972396 (n:-0.04292285382763334) c:1.0
num acquisition: 111, time elapsed: 18.30s
Optimization restart 1/5, f = 72.14655533083987
Optimization restart 2/5, f = 72.14655533114623
Optimization restart 3/5, f = 72.1465553320669
Optimization restart 4/5, f = 72.14655533084778
Optimization restart 5/5, f = 72.14655533080855
f inputs x:[[0.43388657 0.35800021]] ev:{} outputs y:0.45302287425866716 (n:0.16725162290773077) c:1.0
num acquisition: 112, time elapsed: 18.53s
Optimization restart 1/5, f = 72.35854602905268
Optimization restart 2/5, f = 72.35854602949215
Optimization restart 3/5, f = 72.35854602903385
Optimization restart 4/5, f = 72.35854602967424
Optimization restart 5/5, f = 72.35854602900798
f inputs x:[[0.43283789 0.35764617]] ev:{} outputs y:0.3661253946080194 (n:0.10577452405803346) c:1.0
num acquisition: 113, time elapsed: 18.77s
Optimization restart 1/5, f = 72.56599789273571
Optimization restart 2/5, f = 72.56599789730853
Optimization restart 3/5, f = 72.56599789319418
Optimization restart 4/5, f = 72.56599789264543
Optimization restart 5/5, f = 72.56599789266872
f inputs x:[[0.42981942 0.35617235]] ev:{} outputs y:0.013015766511673493 (n:-0.18646252388742254) c:1.0
num acquisition: 114, time elapsed: 19.00s
Optimization restart 1/5, f = 72.94306563660666
Optimization restart 2/5, f = 72.9430656361668
Optimization restart 3/5, f = 72.94306563612685
Optimization restart 4/5, f = 72.94306563614083
Optimization restart 5/5, f = 72.94306563625342
f inputs x:[[0.41342763 0.34664194]] ev:{} outputs y:-0.22333724009940992 (n:-0.25131224297404575) c:1.0
num acquisition: 115, time elapsed: 19.25s
Optimization restart 1/5, f = 73.59291627404704
Optimization restart 2/5, f = 73.59291627383045
Optimization restart 3/5, f = 73.59291627511806
Optimization restart 4/5, f = 73.59291627388828
Optimization restart 5/5, f = 73.59291627438347
f inputs x:[[0.3388677  0.29154301]] ev:{} outputs y:0.7636111232249784 (n:-0.12277097784922467) c:1.0
num acquisition: 116, time elapsed: 19.50s
Optimization restart 1/5, f = 74.2270309577527
Optimization restart 2/5, f = 74.22703095672233
Optimization restart 3/5, f = 74.2270309615783
Optimization restart 4/5, f = 74.22703095806878
Optimization restart 5/5, f = 74.2270309567242
f inputs x:[[0.4093915  0.34696547]] ev:{} outputs y:-1.4159462865720682 (n:-1.4473490133680784) c:1.0
num acquisition: 117, time elapsed: 19.75s
Optimization restart 1/5, f = 77.93592087248952
Optimization restart 2/5, f = 77.93592087229868
Optimization restart 3/5, f = 77.93592087225916
Optimization restart 4/5, f = 77.93592087226665
Optimization restart 5/5, f = 77.93592087565837
f inputs x:[[0.36814341 0.33707834]] ev:{} outputs y:2.0312478496184756 (n:1.0966799084383598) c:1.0
num acquisition: 118, time elapsed: 20.00s
Optimization restart 1/5, f = 81.05278846211891
Optimization restart 2/5, f = 81.0527884621004
Optimization restart 3/5, f = 81.052788464227
Optimization restart 4/5, f = 81.0527884622827
Optimization restart 5/5, f = 81.05278846207364
f inputs x:[[0.44713332 0.33614251]] ev:{} outputs y:1.5553183522952965 (n:0.3731931365792531) c:1.0
num acquisition: 119, time elapsed: 20.24s
Optimization restart 1/5, f = 82.79131364326724
Optimization restart 2/5, f = 82.79131364302164
Optimization restart 3/5, f = 82.7913136507675
Optimization restart 4/5, f = 82.79131364320199
Optimization restart 5/5, f = 82.79131364336533
f inputs x:[[0.43724798 0.37334859]] ev:{} outputs y:-0.013146067866844774 (n:-0.1527813923872504) c:1.0
num acquisition: 120, time elapsed: 20.50s
Optimization restart 1/5, f = 83.22380411831692
Optimization restart 2/5, f = 83.22380412190503
Optimization restart 3/5, f = 83.22380411747646
Optimization restart 4/5, f = 83.22380411725135
Optimization restart 5/5, f = 83.22380411734177
f inputs x:[[0.43622828 0.37846914]] ev:{} outputs y:-0.42097416315134384 (n:-0.48347774990643155) c:1.0
num acquisition: 121, time elapsed: 20.76s
Optimization restart 1/5, f = 84.12165127547513
Optimization restart 2/5, f = 84.12164782795156
Optimization restart 3/5, f = 84.12164782729735
Optimization restart 4/5, f = 84.12164782734672
Optimization restart 5/5, f = 84.12164782731975
f inputs x:[[0.43351533 0.38938843]] ev:{} outputs y:-1.095100245650566 (n:-1.1159415743702434) c:1.0
num acquisition: 122, time elapsed: 21.02s
Optimization restart 1/5, f = 86.387133855778
Optimization restart 2/5, f = 86.38713385437109
Optimization restart 3/5, f = 86.38713385436998
Optimization restart 4/5, f = 86.38713385491157
Optimization restart 5/5, f = 86.38713385578109
f inputs x:[[0.42435933 0.40979532]] ev:{} outputs y:0.6684216825965202 (n:0.1250234010947289) c:1.0
num acquisition: 123, time elapsed: 21.28s
Optimization restart 1/5, f = 86.86775457376481
Optimization restart 2/5, f = 86.86775457164627
Optimization restart 3/5, f = 86.86775458654661
Optimization restart 4/5, f = 86.86775457231971
Optimization restart 5/5, f = 86.86775472116886
f inputs x:[[0.42858119 0.40393435]] ev:{} outputs y:-0.11879404322442971 (n:-0.4099912751150962) c:1.0
num acquisition: 124, time elapsed: 21.56s
Optimization restart 1/5, f = 87.33876667891167
Optimization restart 2/5, f = 87.33876551233611
Optimization restart 3/5, f = 87.33876550159695
Optimization restart 4/5, f = 87.33876550107584
Optimization restart 5/5, f = 87.33876550096362
f inputs x:[[0.42357652 0.41128332]] ev:{} outputs y:0.9678946391152173 (n:0.36709366264988064) c:1.0
num acquisition: 125, time elapsed: 21.82s
Optimization restart 1/5, f = 88.13675764633753
Optimization restart 2/5, f = 88.13675764417117
Optimization restart 3/5, f = 88.13675764521942
Optimization restart 4/5, f = 88.13675764416688
Optimization restart 5/5, f = 88.13675764418515
f inputs x:[[0.43118828 0.40106098]] ev:{} outputs y:0.10794050299332253 (n:-0.0629360931049619) c:1.0
num acquisition: 126, time elapsed: 22.09s
Optimization restart 1/5, f = 88.48963734303462
Optimization restart 2/5, f = 88.48963734245156
Optimization restart 3/5, f = 88.48963734473472
Optimization restart 4/5, f = 88.4896373424603
Optimization restart 5/5, f = 88.4896373425475
f inputs x:[[0.42917886 0.40477466]] ev:{} outputs y:0.4789224329250185 (n:0.19158883391353465) c:1.0
num acquisition: 127, time elapsed: 22.34s
Optimization restart 1/5, f = 88.84994256608893
Optimization restart 2/5, f = 88.84994256633786
Optimization restart 3/5, f = 88.84994256609134
Optimization restart 4/5, f = 88.84994256615363
Optimization restart 5/5, f = 88.84994256612963
f inputs x:[[0.42980944 0.40348305]] ev:{} outputs y:1.2127447310676769 (n:0.9662751762798582) c:1.0
num acquisition: 128, time elapsed: 22.59s
Optimization restart 1/5, f = 89.9995861624696
Optimization restart 2/5, f = 89.99958616265498
Optimization restart 3/5, f = 89.99958617040026
Optimization restart 4/5, f = 89.99958616251503
Optimization restart 5/5, f = 89.99958616671593
f inputs x:[[0.43532013 0.39219544]] ev:{} outputs y:-0.8402616490838434 (n:-0.8588751309197848) c:1.0
num acquisition: 129, time elapsed: 22.85s
Optimization restart 1/5, f = 91.6039592562622
Optimization restart 2/5, f = 91.60395925902237
Optimization restart 3/5, f = 91.60395926252185
Optimization restart 4/5, f = 91.6039592566854
Optimization restart 5/5, f = 91.60395925639007
f inputs x:[[0.43212306 0.40361798]] ev:{} outputs y:0.9045521514143378 (n:0.7208696663645617) c:1.0
num acquisition: 130, time elapsed: 23.14s
Optimization restart 1/5, f = 92.31048709965397
Optimization restart 2/5, f = 92.31048710006539
Optimization restart 3/5, f = 92.31048710086147
Optimization restart 4/5, f = 92.31048710081073
Optimization restart 5/5, f = 92.3104871045469
f inputs x:[[0.43474224 0.39747916]] ev:{} outputs y:0.5406346657467505 (n:0.48478745831870435) c:1.0
num acquisition: 131, time elapsed: 23.42s
Optimization restart 1/5, f = 92.7039323855941
Optimization restart 2/5, f = 92.70393239625201
Optimization restart 3/5, f = 92.70393239592862
Optimization restart 4/5, f = 92.70393238556436
Optimization restart 5/5, f = 92.70393238554874
f inputs x:[[0.43503985 0.39609384]] ev:{} outputs y:-0.5226492166543016 (n:-0.5639084367201048) c:1.0
num acquisition: 132, time elapsed: 23.71s
Optimization restart 1/5, f = 93.68345049206924
Optimization restart 2/5, f = 93.68344522534787
Optimization restart 3/5, f = 93.68344522441113
Optimization restart 4/5, f = 93.68344522434481
Optimization restart 5/5, f = 93.68344523057912
f inputs x:[[0.4324306  0.40425677]] ev:{} outputs y:0.6957328637330992 (n:0.5107737000025292) c:1.0
num acquisition: 133, time elapsed: 24.14s
Optimization restart 1/5, f = 94.19491233932048
Optimization restart 2/5, f = 94.19491234200578
Optimization restart 3/5, f = 94.1949123392426
Optimization restart 4/5, f = 94.19491233787909
Optimization restart 5/5, f = 94.19491233782125
f inputs x:[[0.43380703 0.40100835]] ev:{} outputs y:-0.003855784218431066 (n:-0.11225776864012725) c:1.0
num acquisition: 134, time elapsed: 24.44s
Optimization restart 1/5, f = 94.61241957708661
Optimization restart 2/5, f = 94.61241958193806
Optimization restart 3/5, f = 94.61241957692356
Optimization restart 4/5, f = 94.61241958526404
Optimization restart 5/5, f = 94.61241957693579
f inputs x:[[0.43228105 0.40452842]] ev:{} outputs y:-0.6523723642529209 (n:-0.845420232051646) c:1.0
num acquisition: 135, time elapsed: 24.82s
Optimization restart 1/5, f = 95.75283316854791
Optimization restart 2/5, f = 95.75283316811985
Optimization restart 3/5, f = 95.75283316792121
Optimization restart 4/5, f = 95.75283316792037
Optimization restart 5/5, f = 95.7528331696093
f inputs x:[[0.42775607 0.41298536]] ev:{} outputs y:0.3916741218909789 (n:-0.09634324116612236) c:1.0
num acquisition: 136, time elapsed: 25.14s
Optimization restart 1/5, f = 96.12246222305895
Optimization restart 2/5, f = 96.12246222391342
Optimization restart 3/5, f = 96.12246222356322
Optimization restart 4/5, f = 96.12246222316931
Optimization restart 5/5, f = 96.12246222364759
f inputs x:[[0.42805716 0.41242671]] ev:{} outputs y:-0.4237611393352131 (n:-0.8903626562079776) c:1.0
num acquisition: 137, time elapsed: 25.43s
Optimization restart 1/5, f = 96.85868202970863
Optimization restart 2/5, f = 96.85868202794754
Optimization restart 3/5, f = 96.85868202806645
Optimization restart 4/5, f = 96.85868202659634
Optimization restart 5/5, f = 96.8586820269058
f inputs x:[[0.42316108 0.41818998]] ev:{} outputs y:0.8200884331471134 (n:0.06458788964424991) c:1.0
num acquisition: 138, time elapsed: 25.73s
Optimization restart 1/5, f = 97.57507562442075
Optimization restart 2/5, f = 97.57507562297515
Optimization restart 3/5, f = 97.57507562460202
Optimization restart 4/5, f = 97.5750756229484
Optimization restart 5/5, f = 97.57507562675386
f inputs x:[[0.4276569  0.41402928]] ev:{} outputs y:1.1372891128357914 (n:0.6251675541342956) c:1.0
num acquisition: 139, time elapsed: 26.06s
Optimization restart 1/5, f = 98.71914575968869
Optimization restart 2/5, f = 98.71914576032218
Optimization restart 3/5, f = 98.71914575979375
Optimization restart 4/5, f = 98.71914575975501
Optimization restart 5/5, f = 98.71914576419134
f inputs x:[[0.43251915 0.40766841]] ev:{} outputs y:0.693086792323945 (n:0.4574652948294005) c:1.0
num acquisition: 140, time elapsed: 26.37s
Optimization restart 1/5, f = 99.25745448050321
Optimization restart 2/5, f = 99.25745448024419
Optimization restart 3/5, f = 99.2574544803917
Optimization restart 4/5, f = 99.25745448027988
Optimization restart 5/5, f = 99.25745448034785
f inputs x:[[0.43350106 0.40520779]] ev:{} outputs y:0.03443709639415554 (n:-0.13625941432437272) c:1.0
num acquisition: 141, time elapsed: 26.67s
Optimization restart 1/5, f = 99.65878855810168
Optimization restart 2/5, f = 99.65878855751784
Optimization restart 3/5, f = 99.65878855758876
Optimization restart 4/5, f = 99.65878855787889
Optimization restart 5/5, f = 99.65878855787653
f inputs x:[[0.43254034 0.40741958]] ev:{} outputs y:0.8388415272227953 (n:0.607869615239984) c:1.0
num acquisition: 142, time elapsed: 27.01s
Optimization restart 1/5, f = 100.34342834724184
Optimization restart 2/5, f = 100.34342835099993
Optimization restart 3/5, f = 100.34342834805581
Optimization restart 4/5, f = 100.34342834676247
Optimization restart 5/5, f = 100.34342834682117
f inputs x:[[0.43392385 0.40410493]] ev:{} outputs y:-0.21169231512688272 (n:-0.3564369656258464) c:1.0
num acquisition: 143, time elapsed: 27.33s
Optimization restart 1/5, f = 100.91823818949044
Optimization restart 2/5, f = 100.91823819048173
Optimization restart 3/5, f = 100.91823818937492
Optimization restart 4/5, f = 100.91823818915016
Optimization restart 5/5, f = 100.91823818957575
f inputs x:[[0.43260381 0.40766891]] ev:{} outputs y:-0.2187202322467187 (n:-0.4518830493464783) c:1.0
num acquisition: 144, time elapsed: 27.63s
Optimization restart 1/5, f = 101.48357048763833
Optimization restart 2/5, f = 101.48356671830467
Optimization restart 3/5, f = 101.4835667024513
Optimization restart 4/5, f = 101.48356673303311
Optimization restart 5/5, f = 101.48356670388577
f inputs x:[[0.43091355 0.41111373]] ev:{} outputs y:-0.27219086529531794 (n:-0.6174887131726267) c:1.0
num acquisition: 145, time elapsed: 27.94s
Optimization restart 1/5, f = 102.08048285836274
Optimization restart 2/5, f = 102.08048177757718
Optimization restart 3/5, f = 102.0804818503969
Optimization restart 4/5, f = 102.08048177625732
Optimization restart 5/5, f = 102.08048177626443
f inputs x:[[0.42865346 0.41464618]] ev:{} outputs y:0.6521159953282561 (n:0.16266445416864517) c:1.0
num acquisition: 146, time elapsed: 28.28s
Optimization restart 1/5, f = 102.62206451613471
Optimization restart 2/5, f = 102.62206451324785
Optimization restart 3/5, f = 102.6220645450016
Optimization restart 4/5, f = 102.62206451368615
Optimization restart 5/5, f = 102.62206451336093
f inputs x:[[0.43012546 0.4126324 ]] ev:{} outputs y:0.5766793693161212 (n:0.17686183953506135) c:1.0
num acquisition: 147, time elapsed: 28.61s
Optimization restart 1/5, f = 103.09797329432914
Optimization restart 2/5, f = 103.09797330051555
Optimization restart 3/5, f = 103.09797329370676
Optimization restart 4/5, f = 103.0979733506419
Optimization restart 5/5, f = 103.09797329517194
f inputs x:[[0.43096687 0.41118436]] ev:{} outputs y:0.5678669354899222 (n:0.22301702378763155) c:1.0
num acquisition: 148, time elapsed: 28.96s
Optimization restart 1/5, f = 103.56377633348743
Optimization restart 2/5, f = 103.56377633720936
Optimization restart 3/5, f = 103.56377633309356
Optimization restart 4/5, f = 103.56377633967901
Optimization restart 5/5, f = 103.5637763333312
f inputs x:[[0.4316225 0.4098761]] ev:{} outputs y:0.6163282690982848 (n:0.3160154551045994) c:1.0
num acquisition: 149, time elapsed: 29.32s
Optimization restart 1/5, f = 104.06053826101135
Optimization restart 2/5, f = 104.06053826145565
Optimization restart 3/5, f = 104.06053826470476
Optimization restart 4/5, f = 104.06053826276559
Optimization restart 5/5, f = 104.06053826060749
f inputs x:[[0.43230321 0.40838917]] ev:{} outputs y:0.39993120697134704 (n:0.1460484616684698) c:1.0
num acquisition: 150, time elapsed: 29.65s
Optimization restart 1/5, f = 104.43863273442427
Optimization restart 2/5, f = 104.4386327351357
Optimization restart 3/5, f = 104.43863273457583
Optimization restart 4/5, f = 104.43863276832701
Optimization restart 5/5, f = 104.4386327344423
f inputs x:[[0.4323224  0.40808956]] ev:{} outputs y:0.1889904354599841 (n:-0.05933857520772771) c:1.0
num acquisition: 151, time elapsed: 30.00s
Optimization restart 1/5, f = 104.79525879765042
Optimization restart 2/5, f = 104.7952588030216
Optimization restart 3/5, f = 104.79525879753609
Optimization restart 4/5, f = 104.79525879785268
Optimization restart 5/5, f = 104.79525880344056
f inputs x:[[0.43185661 0.40882417]] ev:{} outputs y:0.5410681640545013 (n:0.2663012688978214) c:1.0
num acquisition: 152, time elapsed: 30.33s
Optimization restart 1/5, f = 105.23820903072364
Optimization restart 2/5, f = 105.23820903007635
Optimization restart 3/5, f = 105.23820903020447
Optimization restart 4/5, f = 105.23820902997973
Optimization restart 5/5, f = 105.2382090318203
f inputs x:[[0.43224795 0.40784806]] ev:{} outputs y:0.12292513149675699 (n:-0.12361643217790222) c:1.0
num acquisition: 153, time elapsed: 30.67s
Optimization restart 1/5, f = 105.6065120237965
Optimization restart 2/5, f = 105.60651202227481
Optimization restart 3/5, f = 105.60651202463855
Optimization restart 4/5, f = 105.60651202187188
Optimization restart 5/5, f = 105.60651202161263
f inputs x:[[0.43166152 0.40883077]] ev:{} outputs y:0.17452191796323402 (n:-0.10635764844201571) c:1.0
num acquisition: 154, time elapsed: 31.06s
Optimization restart 1/5, f = 105.96201814935215
Optimization restart 2/5, f = 105.96201816305508
Optimization restart 3/5, f = 105.96201814928004
Optimization restart 4/5, f = 105.9620181492115
Optimization restart 5/5, f = 105.96201815365447
f inputs x:[[0.43116346 0.40952533]] ev:{} outputs y:0.13385460433236232 (n:-0.1747558611888377) c:1.0
num acquisition: 155, time elapsed: 31.42s
Optimization restart 1/5, f = 106.32282014360393
Optimization restart 2/5, f = 106.32282036838407
Optimization restart 3/5, f = 106.32282014354621
Optimization restart 4/5, f = 106.3228201435911
Optimization restart 5/5, f = 106.3228201437054
f inputs x:[[0.43054984 0.41034496]] ev:{} outputs y:0.04915009870021225 (n:-0.29394761696389643) c:1.0
num acquisition: 156, time elapsed: 31.78s
Optimization restart 1/5, f = 106.70658605685784
Optimization restart 2/5, f = 106.70658605566028
Optimization restart 3/5, f = 106.70658617489276
Optimization restart 4/5, f = 106.70658605633673
Optimization restart 5/5, f = 106.70658605598769
f inputs x:[[0.42968165 0.41145589]] ev:{} outputs y:0.20659454578527242 (n:-0.18589074246561543) c:1.0
num acquisition: 157, time elapsed: 32.15s
Optimization restart 1/5, f = 107.05324471322164
Optimization restart 2/5, f = 107.05324471388022
Optimization restart 3/5, f = 107.0532447132871
Optimization restart 4/5, f = 107.05324472629111
Optimization restart 5/5, f = 107.05324471331838
f inputs x:[[0.42922884 0.41186195]] ev:{} outputs y:0.8237411726633648 (n:0.40824617637492155) c:1.0
num acquisition: 158, time elapsed: 32.51s
Optimization restart 1/5, f = 107.78288701432562
Optimization restart 2/5, f = 107.78288725857588
Optimization restart 3/5, f = 107.78288701134065
Optimization restart 4/5, f = 107.78288701099927
Optimization restart 5/5, f = 107.78288701254519
f inputs x:[[0.4308153  0.40988272]] ev:{} outputs y:0.824134493489558 (n:0.4980178461047326) c:1.0
num acquisition: 159, time elapsed: 32.91s
Optimization restart 1/5, f = 108.5017199316941
Optimization restart 2/5, f = 108.50171994696993
Optimization restart 3/5, f = 108.50171993141895
Optimization restart 4/5, f = 108.50171993430948
Optimization restart 5/5, f = 108.501719931514
f inputs x:[[0.43197202 0.40796667]] ev:{} outputs y:0.02223371941369104 (n:-0.23450710876027833) c:1.0
num acquisition: 160, time elapsed: 33.32s
Optimization restart 1/5, f = 108.90819856695175
Optimization restart 2/5, f = 108.90819862893476
Optimization restart 3/5, f = 108.90819857378001
Optimization restart 4/5, f = 108.9081985659062
Optimization restart 5/5, f = 108.90819857915457
f inputs x:[[0.43130799 0.40911085]] ev:{} outputs y:0.650255581448794 (n:0.3535113683892028) c:1.0
num acquisition: 161, time elapsed: 33.69s
Optimization restart 1/5, f = 109.44004371354967
Optimization restart 2/5, f = 109.44004371486771
Optimization restart 3/5, f = 109.44004371320618
Optimization restart 4/5, f = 109.4400437448405
Optimization restart 5/5, f = 109.44004371551782
f inputs x:[[0.43190582 0.40792236]] ev:{} outputs y:0.25440624382406146 (n:-0.0035792168216561815) c:1.0
num acquisition: 162, time elapsed: 34.06s
Optimization restart 1/5, f = 109.7915980980769
Optimization restart 2/5, f = 109.7915980983308
Optimization restart 3/5, f = 109.79159809808715
Optimization restart 4/5, f = 109.79159809808739
Optimization restart 5/5, f = 109.79159809806578
f inputs x:[[0.43166598 0.40817839]] ev:{} outputs y:1.4653060781171936 (n:1.1957397252060995) c:1.0
num acquisition: 163, time elapsed: 34.52s
Optimization restart 1/5, f = 111.75772765061306
Optimization restart 2/5, f = 111.75772764639557
Optimization restart 3/5, f = 111.75772764783558
Optimization restart 4/5, f = 111.75772764537557
Optimization restart 5/5, f = 111.75772764559794
f inputs x:[[0.43393835 0.40427679]] ev:{} outputs y:-0.17886629611479685 (n:-0.3255714878954479) c:1.0
num acquisition: 164, time elapsed: 34.90s
Optimization restart 1/5, f = 112.33690206477178
Optimization restart 2/5, f = 112.33690206367486
Optimization restart 3/5, f = 112.33690206365591
Optimization restart 4/5, f = 112.33690206596141
Optimization restart 5/5, f = 112.33690206365411
f inputs x:[[0.43346352 0.40610321]] ev:{} outputs y:0.13864010234823154 (n:-0.046138928160422685) c:1.0
num acquisition: 165, time elapsed: 35.27s
Optimization restart 1/5, f = 112.71635890333268
Optimization restart 2/5, f = 112.71635890325597
Optimization restart 3/5, f = 112.71635890328052
Optimization restart 4/5, f = 112.71635890344999
Optimization restart 5/5, f = 112.71635890475356
f inputs x:[[0.43317229 0.40679244]] ev:{} outputs y:-0.026644881131873355 (n:-0.22979067244639784) c:1.0
num acquisition: 166, time elapsed: 35.66s
Optimization restart 1/5, f = 113.1655433603301
Optimization restart 2/5, f = 113.16552008372634
Optimization restart 3/5, f = 113.16552129265952
Optimization restart 4/5, f = 113.165520096188
Optimization restart 5/5, f = 113.1655200845996
f inputs x:[[0.43269516 0.40801346]] ev:{} outputs y:-0.12266327145560216 (n:-0.35875962912920156) c:1.0
num acquisition: 167, time elapsed: 36.04s
Optimization restart 1/5, f = 113.67786416817769
Optimization restart 2/5, f = 113.67786416802406
Optimization restart 3/5, f = 113.67786416797516
Optimization restart 4/5, f = 113.67786416794172
Optimization restart 5/5, f = 113.67786416794905
f inputs x:[[0.43204452 0.40951438]] ev:{} outputs y:0.47788022904829547 (n:0.19703163149559194) c:1.0
num acquisition: 168, time elapsed: 36.43s
Optimization restart 1/5, f = 114.10173487740478
Optimization restart 2/5, f = 114.10173487743592
Optimization restart 3/5, f = 114.10173487835297
Optimization restart 4/5, f = 114.1017348773403
Optimization restart 5/5, f = 114.10173487759353
f inputs x:[[0.43220468 0.40898254]] ev:{} outputs y:0.5630025157484415 (n:0.29616140427266474) c:1.0
num acquisition: 169, time elapsed: 36.89s
Optimization restart 1/5, f = 114.5768291428914
Optimization restart 2/5, f = 114.57682913929797
Optimization restart 3/5, f = 114.57682913928289
Optimization restart 4/5, f = 114.57682913972843
Optimization restart 5/5, f = 114.57682913938572
f inputs x:[[0.43247668 0.40820388]] ev:{} outputs y:0.3824915273369264 (n:0.1368470459119947) c:1.0
num acquisition: 170, time elapsed: 37.34s
Optimization restart 1/5, f = 114.95914752166902
Optimization restart 2/5, f = 114.95914752650808
Optimization restart 3/5, f = 117.3596981919344
Optimization restart 4/5, f = 114.95914757050258
Optimization restart 5/5, f = 117.35969819398429
f inputs x:[[0.43246377 0.40800958]] ev:{} outputs y:-0.9272185730381615 (n:-1.1700441155525905) c:1.0
num acquisition: 171, time elapsed: 37.75s
Optimization restart 1/5, f = 116.84677022279052
Optimization restart 2/5, f = 116.84676782161355
Optimization restart 3/5, f = 116.8467678216156
Optimization restart 4/5, f = 116.8467678234638
Optimization restart 5/5, f = 116.84676782239522
f inputs x:[[0.43096603 0.41195052]] ev:{} outputs y:-0.1265582370285268 (n:-0.48553379545447256) c:1.0
num acquisition: 172, time elapsed: 38.11s
Optimization restart 1/5, f = 117.34948861395839
Optimization restart 2/5, f = 117.34948861350993
Optimization restart 3/5, f = 117.34948861456391
Optimization restart 4/5, f = 117.34948861390316
Optimization restart 5/5, f = 117.34948861345674
f inputs x:[[0.4300651  0.41327463]] ev:{} outputs y:0.5422846018052313 (n:0.1281894070751861) c:1.0
num acquisition: 173, time elapsed: 38.52s
Optimization restart 1/5, f = 117.83521075965545
Optimization restart 2/5, f = 117.83521075973371
Optimization restart 3/5, f = 117.83521075981997
Optimization restart 4/5, f = 117.8352107606565
Optimization restart 5/5, f = 117.83521075873767
f inputs x:[[0.43054564 0.41251124]] ev:{} outputs y:0.6714539748728579 (n:0.28804990478947046) c:1.0
num acquisition: 174, time elapsed: 38.94s
Optimization restart 1/5, f = 118.42907227632486
Optimization restart 2/5, f = 118.42907227598508
Optimization restart 3/5, f = 118.42907227553266
Optimization restart 4/5, f = 118.42907227598718
Optimization restart 5/5, f = 118.42907232375089
f inputs x:[[0.4312302  0.41141087]] ev:{} outputs y:0.8979897336305738 (n:0.5575872506750966) c:1.0
num acquisition: 175, time elapsed: 39.42s
Optimization restart 1/5, f = 119.29828637298988
Optimization restart 2/5, f = 119.29828637208374
Optimization restart 3/5, f = 121.7617548449872
Optimization restart 4/5, f = 119.29828637196076
Optimization restart 5/5, f = 119.29828637206799
f inputs x:[[0.4321972  0.40973016]] ev:{} outputs y:0.6226582784111954 (n:0.34280286642099256) c:1.0
num acquisition: 176, time elapsed: 39.86s
Optimization restart 1/5, f = 119.8375260382899
Optimization restart 2/5, f = 122.22550277143506
Optimization restart 3/5, f = 119.83752603856266
Optimization restart 4/5, f = 119.8375260385634
Optimization restart 5/5, f = 122.22550277179184
f inputs x:[[0.4325153 0.4088506]] ev:{} outputs y:-0.10041323981454298 (n:-0.35565205229522795) c:1.0
num acquisition: 177, time elapsed: 40.31s
Optimization restart 1/5, f = 120.34378209438994
Optimization restart 2/5, f = 120.34376358027022
Optimization restart 3/5, f = 120.34376358059586
Optimization restart 4/5, f = 120.34376358127983
Optimization restart 5/5, f = 120.34376359958577
f inputs x:[[0.43200545 0.40999972]] ev:{} outputs y:-0.333123607348214 (n:-0.6236009728167994) c:1.0
num acquisition: 178, time elapsed: 40.74s
Optimization restart 1/5, f = 121.07936692136421
Optimization restart 2/5, f = 121.07935893839044
Optimization restart 3/5, f = 123.41142470475337
Optimization restart 4/5, f = 121.07935893727266
Optimization restart 5/5, f = 121.07935894956202
f inputs x:[[0.43115023 0.41178132]] ev:{} outputs y:-0.32820630274536794 (n:-0.6780045548418372) c:1.0
num acquisition: 179, time elapsed: 41.19s
Optimization restart 1/5, f = 121.7945147011468
Optimization restart 2/5, f = 121.79450567430789
Optimization restart 3/5, f = 121.79450567447432
Optimization restart 4/5, f = 121.79450569110455
Optimization restart 5/5, f = 121.79450567799624
f inputs x:[[0.43009122 0.41350682]] ev:{} outputs y:1.0067568134527427 (n:0.589107201987509) c:1.0
num acquisition: 180, time elapsed: 41.65s
Optimization restart 1/5, f = 122.87243974599198
Optimization restart 2/5, f = 122.87243974586865
Optimization restart 3/5, f = 122.87243974562858
Optimization restart 4/5, f = 122.87243974563643
Optimization restart 5/5, f = 122.87243974573906
f inputs x:[[0.4315336  0.41166747]] ev:{} outputs y:-0.24315174639574821 (n:-0.5783625417662672) c:1.0
num acquisition: 181, time elapsed: 42.15s
Optimization restart 1/5, f = 123.49690518936636
Optimization restart 2/5, f = 123.49690518608149
Optimization restart 3/5, f = 125.89429596757162
Optimization restart 4/5, f = 125.89429581549355
Optimization restart 5/5, f = 123.49690540841485
f inputs x:[[0.43073084 0.41312368]] ev:{} outputs y:0.5844194602325374 (n:0.19569610353882866) c:1.0
num acquisition: 182, time elapsed: 42.63s
Optimization restart 1/5, f = 124.02953589542051
Optimization restart 2/5, f = 124.02953589605113
Optimization restart 3/5, f = 124.02953589534448
Optimization restart 4/5, f = 126.28962711334376
Optimization restart 5/5, f = 124.02953862772026
f inputs x:[[0.43116442 0.41234326]] ev:{} outputs y:0.10582809470507398 (n:-0.25386660501973934) c:1.0
num acquisition: 183, time elapsed: 43.13s
Optimization restart 1/5, f = 124.42564454146776
Optimization restart 2/5, f = 126.61652898177732
Optimization restart 3/5, f = 124.42564454105985
Optimization restart 4/5, f = 124.42564453949694
Optimization restart 5/5, f = 124.42564453969099
f inputs x:[[0.43081389 0.41279821]] ev:{} outputs y:0.5536842845914963 (n:0.17386530825267063) c:1.0
num acquisition: 184, time elapsed: 43.60s
Optimization restart 1/5, f = 124.93408242190003
Optimization restart 2/5, f = 126.98532767853084
Optimization restart 3/5, f = 124.93400348100785
Optimization restart 4/5, f = 124.9340034740436
Optimization restart 5/5, f = 124.93400347335421
f inputs x:[[0.4311703  0.41212576]] ev:{} outputs y:0.6283409949090724 (n:0.27285971796312997) c:1.0
num acquisition: 185, time elapsed: 44.10s
Optimization restart 1/5, f = 125.50310180870949
Optimization restart 2/5, f = 125.50310180432632
Optimization restart 3/5, f = 125.50310180453222
Optimization restart 4/5, f = 125.5031018055713
Optimization restart 5/5, f = 125.50310180440113
f inputs x:[[0.43158853 0.41130451]] ev:{} outputs y:0.9661898800012185 (n:0.6393283623545241) c:1.0
num acquisition: 186, time elapsed: 44.58s
Optimization restart 1/5, f = 126.507873876415
Optimization restart 2/5, f = 128.44210726577646
Optimization restart 3/5, f = 126.50787387575224
Optimization restart 4/5, f = 126.50787387544742
Optimization restart 5/5, f = 128.44210726637726
f inputs x:[[0.43239157 0.40977308]] ev:{} outputs y:0.7359803707393074 (n:0.46136985379734086) c:1.0
num acquisition: 187, time elapsed: 45.06s
Optimization restart 1/5, f = 127.17910224786172
Optimization restart 2/5, f = 127.17910224793309
Optimization restart 3/5, f = 127.17910224803194
Optimization restart 4/5, f = 127.17910224843216
Optimization restart 5/5, f = 127.17910224784794
f inputs x:[[0.43272638 0.40877958]] ev:{} outputs y:0.0036463325550231684 (n:-0.24410993633150094) c:1.0
num acquisition: 188, time elapsed: 45.57s
Optimization restart 1/5, f = 127.63290714890033
Optimization restart 2/5, f = 127.63290714858164
Optimization restart 3/5, f = 127.6329071486974
Optimization restart 4/5, f = 127.63290714882248
Optimization restart 5/5, f = 127.63290714858013
f inputs x:[[0.43244853 0.40946635]] ev:{} outputs y:0.582672594388749 (n:0.31503621284283717) c:1.0
num acquisition: 189, time elapsed: 46.06s
Optimization restart 1/5, f = 128.15739235937338
Optimization restart 2/5, f = 129.86459094117492
Optimization restart 3/5, f = 128.15739235819132
Optimization restart 4/5, f = 128.15739235765312
Optimization restart 5/5, f = 129.86459094513566
f inputs x:[[0.43262245 0.40883608]] ev:{} outputs y:0.048795689994242886 (n:-0.20299432118311833) c:1.0
num acquisition: 190, time elapsed: 46.54s
Optimization restart 1/5, f = 128.5890552350819
Optimization restart 2/5, f = 128.58905523041943
Optimization restart 3/5, f = 130.15643250361353
Optimization restart 4/5, f = 128.58905527087703
Optimization restart 5/5, f = 130.1564324865027
f inputs x:[[0.43237361 0.40938653]] ev:{} outputs y:0.7304430519669672 (n:0.4618810582980214) c:1.0
num acquisition: 191, time elapsed: 47.04s
Optimization restart 1/5, f = 129.2581061484634
Optimization restart 2/5, f = 129.25810615036193
Optimization restart 3/5, f = 129.25810614780485
Optimization restart 4/5, f = 129.2581061478268
Optimization restart 5/5, f = 129.2581061481994
f inputs x:[[0.43268544 0.40848116]] ev:{} outputs y:0.2406019868500897 (n:-0.0034393238331540507) c:1.0
num acquisition: 192, time elapsed: 47.55s
Optimization restart 1/5, f = 129.64773170327388
Optimization restart 2/5, f = 131.0617381451812
Optimization restart 3/5, f = 129.64773170319904
Optimization restart 4/5, f = 129.64773170324042
Optimization restart 5/5, f = 129.6477317031962
f inputs x:[[0.4325768  0.40859708]] ev:{} outputs y:-0.5519765765371434 (n:-0.8011557250763722) c:1.0
num acquisition: 193, time elapsed: 48.07s
Optimization restart 1/5, f = 130.7730197722897
Optimization restart 2/5, f = 130.77301608805357
Optimization restart 3/5, f = 130.77301607925006
Optimization restart 4/5, f = 130.77301609249952
Optimization restart 5/5, f = 132.24726779494904
f inputs x:[[0.43196238 0.41047302]] ev:{} outputs y:-0.3005222339151192 (n:-0.6006416458301639) c:1.0
num acquisition: 194, time elapsed: 48.58s
Optimization restart 1/5, f = 131.4925069082554
Optimization restart 2/5, f = 131.49249581815653
Optimization restart 3/5, f = 133.00970995652105
Optimization restart 4/5, f = 131.4924958599421
Optimization restart 5/5, f = 131.492495821769
f inputs x:[[0.43135551 0.41176236]] ev:{} outputs y:0.07065888720564789 (n:-0.2720772359344932) c:1.0
num acquisition: 195, time elapsed: 49.07s
Optimization restart 1/5, f = 131.9114624811102
Optimization restart 2/5, f = 131.91146291649608
Optimization restart 3/5, f = 131.91146247206342
Optimization restart 4/5, f = 131.9114624763313
Optimization restart 5/5, f = 131.9114625905956
f inputs x:[[0.43103641 0.41219001]] ev:{} outputs y:-0.381658314145407 (n:-0.7427435882126899) c:1.0
num acquisition: 196, time elapsed: 49.59s
Optimization restart 1/5, f = 132.7233817043719
Optimization restart 2/5, f = 132.7233715296774
Optimization restart 3/5, f = 134.39240618184127
Optimization restart 4/5, f = 134.39240622756392
Optimization restart 5/5, f = 132.72337152970636
f inputs x:[[0.43012543 0.41361437]] ev:{} outputs y:-0.5459851990729383 (n:-0.9645296411411507) c:1.0
num acquisition: 197, time elapsed: 50.08s
Optimization restart 1/5, f = 133.77628872421735
Optimization restart 2/5, f = 133.7762814494426
Optimization restart 3/5, f = 133.77628144969196
Optimization restart 4/5, f = 133.77628144943208
Optimization restart 5/5, f = 133.77628144943327
f inputs x:[[0.42870546 0.41539931]] ev:{} outputs y:0.25498268161172377 (n:-0.24752683468598433) c:1.0
num acquisition: 198, time elapsed: 50.69s
Optimization restart 1/5, f = 134.17459026622961
Optimization restart 2/5, f = 134.17459026601355
Optimization restart 3/5, f = 134.17459028016145
Optimization restart 4/5, f = 134.17459026966242
Optimization restart 5/5, f = 134.17459029802404
f inputs x:[[0.42860752 0.41536939]] ev:{} outputs y:0.8828131919406865 (n:0.37746143201704846) c:1.0
num acquisition: 199, time elapsed: 51.24s
Optimization restart 1/5, f = 135.11653737924493
Optimization restart 2/5, f = 135.1165373772999
Optimization restart 3/5, f = 135.11653737668507
Optimization restart 4/5, f = 135.11653737644863
Optimization restart 5/5, f = 135.1165373765092
f inputs x:[[0.42995149 0.41423422]] ev:{} outputs y:-0.08556763221163138 (n:-0.5219941104934596) c:1.0
num acquisition: 200, time elapsed: 51.80s
Optimization restart 1/5, f = 135.61216326779368
Optimization restart 2/5, f = 135.6121401239528
Optimization restart 3/5, f = 135.61214012530553
Optimization restart 4/5, f = 135.6121401242686
Optimization restart 5/5, f = 135.61214012404528
f inputs x:[[0.42930413 0.41492259]] ev:{} outputs y:-0.37458073859156055 (n:-0.8467901064347495) c:1.0
num acquisition: 201, time elapsed: 52.38s
Optimization restart 1/5, f = 136.39266716611158
Optimization restart 2/5, f = 136.3926535124984
Optimization restart 3/5, f = 136.39265351242605
Optimization restart 4/5, f = 136.3926535124975
Optimization restart 5/5, f = 136.39265365279286
f inputs x:[[0.42802696 0.41620852]] ev:{} outputs y:1.0241008021897893 (n:0.48159924144660643) c:1.0
num acquisition: 202, time elapsed: 52.94s
Optimization restart 1/5, f = 137.599379230914
Optimization restart 2/5, f = 137.5993792182568
Optimization restart 3/5, f = 137.59937921885233
Optimization restart 4/5, f = 137.59937926080676
Optimization restart 5/5, f = 137.59937921712307
f inputs x:[[0.42982711 0.41490304]] ev:{} outputs y:-0.5122965959422305 (n:-0.9659845222384337) c:1.0
num acquisition: 203, time elapsed: 53.51s
Optimization restart 1/5, f = 138.58943234239433
Optimization restart 2/5, f = 138.58942277852648
Optimization restart 3/5, f = 138.5894227749768
Optimization restart 4/5, f = 138.58942277496726
Optimization restart 5/5, f = 138.58942277497334
f inputs x:[[0.42852542 0.41652495]] ev:{} outputs y:-0.07398245640216328 (n:-0.6051949673512323) c:1.0
num acquisition: 204, time elapsed: 54.14s
Optimization restart 1/5, f = 139.07335605591516
Optimization restart 2/5, f = 139.07335605557844
Optimization restart 3/5, f = 139.0733560556206
Optimization restart 4/5, f = 139.07335605558094
Optimization restart 5/5, f = 139.0733560557546
f inputs x:[[0.42775183 0.4171365 ]] ev:{} outputs y:0.7523741594707094 (n:0.18151908312044307) c:1.0
num acquisition: 205, time elapsed: 54.83s
Optimization restart 1/5, f = 139.8525945465413
Optimization restart 2/5, f = 139.8525174964446
Optimization restart 3/5, f = 139.85251798011979
Optimization restart 4/5, f = 139.8525174958237
Optimization restart 5/5, f = 139.85251749582017
f inputs x:[[0.42890454 0.41623437]] ev:{} outputs y:-0.7238350934378944 (n:-1.235906136465564) c:1.0
num acquisition: 206, time elapsed: 55.38s
Optimization restart 1/5, f = 141.22185581644078
Optimization restart 2/5, f = 141.2218486657918
Optimization restart 3/5, f = 141.22184866588623
Optimization restart 4/5, f = 141.2218486659251
Optimization restart 5/5, f = 141.2218486658341
f inputs x:[[0.42697139 0.41828366]] ev:{} outputs y:0.059000417223563306 (n:-0.5627808008092137) c:1.0
num acquisition: 207, time elapsed: 55.92s
Optimization restart 1/5, f = 141.64683577351968
Optimization restart 2/5, f = 141.6468357734564
Optimization restart 3/5, f = 141.64683577345716
Optimization restart 4/5, f = 141.64683577435744
Optimization restart 5/5, f = 141.64683577339326
f inputs x:[[0.42639222 0.41857982]] ev:{} outputs y:0.7586481283335306 (n:0.11020255442584895) c:1.0
num acquisition: 208, time elapsed: 56.58s
Optimization restart 1/5, f = 142.45303026660486
Optimization restart 2/5, f = 142.45295801938363
Optimization restart 3/5, f = 142.4529580194643
Optimization restart 4/5, f = 142.4529580281131
Optimization restart 5/5, f = 142.4529580194194
f inputs x:[[0.42782156 0.41769402]] ev:{} outputs y:1.178120538903447 (n:0.5985277693487541) c:1.0
num acquisition: 209, time elapsed: 57.13s
Optimization restart 1/5, f = 144.01068710506664
Optimization restart 2/5, f = 144.01068708583293
Optimization restart 3/5, f = 144.01068708661552
Optimization restart 4/5, f = 144.01068708638434
Optimization restart 5/5, f = 144.01068708583188
f inputs x:[[0.42985107 0.41619768]] ev:{} outputs y:0.2674093086136262 (n:-0.21077036152980813) c:1.0
num acquisition: 210, time elapsed: 57.74s
Optimization restart 1/5, f = 144.43592362965396
Optimization restart 2/5, f = 144.435923629443
Optimization restart 3/5, f = 144.43592362973794
Optimization restart 4/5, f = 144.4359236304749
Optimization restart 5/5, f = 144.43592363020872
f inputs x:[[0.42981741 0.41614104]] ev:{} outputs y:0.7497909030900276 (n:0.27154958960624276) c:1.0
num acquisition: 211, time elapsed: 58.38s
Optimization restart 1/5, f = 145.21262397547227
Optimization restart 2/5, f = 145.21255075332408
Optimization restart 3/5, f = 145.21255075906112
Optimization restart 4/5, f = 145.21255076972938
Optimization restart 5/5, f = 145.21255075362296
f inputs x:[[0.43043649 0.4152498 ]] ev:{} outputs y:0.6455044002917776 (n:0.20611711725240014) c:1.0
num acquisition: 212, time elapsed: 58.93s
Optimization restart 1/5, f = 145.86402568548755
Optimization restart 2/5, f = 145.86402568634867
Optimization restart 3/5, f = 145.86402568530306
Optimization restart 4/5, f = 145.86402568529954
Optimization restart 5/5, f = 145.8640256858807
f inputs x:[[0.43080995 0.41455095]] ev:{} outputs y:0.40776333945673054 (n:-0.0053872451683272815) c:1.0
num acquisition: 213, time elapsed: 59.51s
Optimization restart 1/5, f = 146.334337148892
Optimization restart 2/5, f = 146.33433714927696
Optimization restart 3/5, f = 146.33433714337997
Optimization restart 4/5, f = 146.3343371433866
Optimization restart 5/5, f = 146.33433714340399
f inputs x:[[0.43090213 0.41426606]] ev:{} outputs y:1.0137697961849654 (n:0.6091857773864638) c:1.0
num acquisition: 214, time elapsed: 60.16s
Optimization restart 1/5, f = 147.51746072777763
Optimization restart 2/5, f = 147.5174607911163
Optimization restart 3/5, f = 147.51746070423764
Optimization restart 4/5, f = 147.5174606995426
Optimization restart 5/5, f = 147.51746069953253
f inputs x:[[0.43152677 0.41306878]] ev:{} outputs y:0.3172390480213821 (n:-0.04391491908569448) c:1.0
num acquisition: 215, time elapsed: 60.81s
Optimization restart 1/5, f = 147.9564060916081
Optimization restart 2/5, f = 147.95640608413945
Optimization restart 3/5, f = 147.9564060841862
Optimization restart 4/5, f = 147.9564060841414
Optimization restart 5/5, f = 147.9564060972177
f inputs x:[[0.43151998 0.4129596 ]] ev:{} outputs y:-0.2564722515537901 (n:-0.6158289586688981) c:1.0
num acquisition: 216, time elapsed: 61.56s
Optimization restart 1/5, f = 148.6405368234789
Optimization restart 2/5, f = 148.6405231613457
Optimization restart 3/5, f = 148.64052315271215
Optimization restart 4/5, f = 148.6405231526216
Optimization restart 5/5, f = 148.64052315259084
f inputs x:[[0.43117363 0.41387021]] ev:{} outputs y:0.3621812706155382 (n:-0.025736206772951183) c:1.0
num acquisition: 217, time elapsed: 62.20s
Optimization restart 1/5, f = 149.0947917600538
Optimization restart 2/5, f = 149.09479175276778
Optimization restart 3/5, f = 149.09479175247117
Optimization restart 4/5, f = 149.0947917523772
Optimization restart 5/5, f = 149.09479175246992
f inputs x:[[0.43120998 0.41367591]] ev:{} outputs y:0.05037250349131517 (n:-0.33266691540888527) c:1.0
num acquisition: 218, time elapsed: 62.85s
Optimization restart 1/5, f = 149.55024953072126
Optimization restart 2/5, f = 149.55024952326292
Optimization restart 3/5, f = 149.5502495293279
Optimization restart 4/5, f = 149.55024952309986
Optimization restart 5/5, f = 149.55024955646718
f inputs x:[[0.43102786 0.41400469]] ev:{} outputs y:0.7450754160305735 (n:0.3497065555378655) c:1.0
num acquisition: 219, time elapsed: 63.47s
Optimization restart 1/5, f = 150.31912162163405
Optimization restart 2/5, f = 150.31912161393876
Optimization restart 3/5, f = 150.31912161986912
Optimization restart 4/5, f = 150.31912161387794
Optimization restart 5/5, f = 150.31912161384264
f inputs x:[[0.43136447 0.41324576]] ev:{} outputs y:-0.1302386472892102 (n:-0.5000665433433432) c:1.0
num acquisition: 220, time elapsed: 64.17s
Optimization restart 1/5, f = 150.88453272162076
Optimization restart 2/5, f = 150.88451498602197
Optimization restart 3/5, f = 150.88451499259477
Optimization restart 4/5, f = 150.8845149860246
Optimization restart 5/5, f = 150.88451514575624
f inputs x:[[0.43109042 0.41387581]] ev:{} outputs y:0.08462954166951309 (n:-0.3061932169629576) c:1.0
num acquisition: 221, time elapsed: 64.86s
Optimization restart 1/5, f = 151.32935103002643
Optimization restart 2/5, f = 151.32935102094885
Optimization restart 3/5, f = 151.32935102095465
Optimization restart 4/5, f = 151.32935102028586
Optimization restart 5/5, f = 151.32935102027946
f inputs x:[[0.43093397 0.41412668]] ev:{} outputs y:-0.20425642652505643 (n:-0.6051119456477598) c:1.0
num acquisition: 222, time elapsed: 65.55s
Optimization restart 1/5, f = 151.9553410357533
Optimization restart 2/5, f = 151.9553410338275
Optimization restart 3/5, f = 151.95534103381297
Optimization restart 4/5, f = 151.95534103383426
Optimization restart 5/5, f = 151.95534106996448
f inputs x:[[0.43054952 0.41486927]] ev:{} outputs y:-0.25954040514707943 (n:-0.6876969667679885) c:1.0
num acquisition: 223, time elapsed: 66.38s
Optimization restart 1/5, f = 152.63329228636937
Optimization restart 2/5, f = 152.63327615785101
Optimization restart 3/5, f = 152.633276155002
Optimization restart 4/5, f = 152.63327615481205
Optimization restart 5/5, f = 152.63327615480824
f inputs x:[[0.43004967 0.41570522]] ev:{} outputs y:0.5714391279703508 (n:0.10982046612833693) c:1.0
num acquisition: 224, time elapsed: 67.02s
Optimization restart 1/5, f = 153.23117097346557
Optimization restart 2/5, f = 153.23117097403096
Optimization restart 3/5, f = 153.2311709728608
Optimization restart 4/5, f = 153.23117097255357
Optimization restart 5/5, f = 153.231170973298
f inputs x:[[0.43036512 0.41518921]] ev:{} outputs y:1.3212673635436558 (n:0.8805950685181139) c:1.0
num acquisition: 225, time elapsed: 67.83s
Optimization restart 1/5, f = 155.16656053451135
Optimization restart 2/5, f = 155.16644575455803
Optimization restart 3/5, f = 155.16644575456695
Optimization restart 4/5, f = 155.1664457545598
Optimization restart 5/5, f = 155.16644575458028
f inputs x:[[0.43135168 0.41381804]] ev:{} outputs y:0.9680369417205975 (n:0.5870762868678382) c:1.0
num acquisition: 226, time elapsed: 68.57s
Optimization restart 1/5, f = 156.28776734173798
Optimization restart 2/5, f = 156.28768638252336
Optimization restart 3/5, f = 156.28768638334932
Optimization restart 4/5, f = 156.28768648909275
Optimization restart 5/5, f = 156.28768638430813
f inputs x:[[0.43172704 0.41282688]] ev:{} outputs y:0.2573471219022274 (n:-0.09273953306493585) c:1.0
num acquisition: 227, time elapsed: 69.24s
Optimization restart 1/5, f = 156.73009448444992
Optimization restart 2/5, f = 156.73009448612905
Optimization restart 3/5, f = 156.73009448142702
Optimization restart 4/5, f = 156.73009448144103
Optimization restart 5/5, f = 156.73009448286362
f inputs x:[[0.43169901 0.41280662]] ev:{} outputs y:0.6375880820253252 (n:0.28695321867185514) c:1.0
num acquisition: 228, time elapsed: 70.07s
Optimization restart 1/5, f = 157.38354537784826
Optimization restart 2/5, f = 157.383545377295
Optimization restart 3/5, f = 157.3835453777732
Optimization restart 4/5, f = 157.38354537722853
Optimization restart 5/5, f = 158.8526449662943
f inputs x:[[0.43183345 0.41226684]] ev:{} outputs y:0.5145446732840688 (n:0.17817789396537834) c:1.0
num acquisition: 229, time elapsed: 70.86s
Optimization restart 1/5, f = 157.92992473705897
Optimization restart 2/5, f = 157.92987964193492
Optimization restart 3/5, f = 159.33477307113733
Optimization restart 4/5, f = 157.92987964192315
Optimization restart 5/5, f = 157.92987964250506
f inputs x:[[0.43190173 0.41190092]] ev:{} outputs y:0.08768321066868753 (n:-0.23983903692154143) c:1.0
num acquisition: 230, time elapsed: 71.59s
Optimization restart 1/5, f = 158.3917847949396
Optimization restart 2/5, f = 158.39178479287165
Optimization restart 3/5, f = 158.39178479386837
Optimization restart 4/5, f = 158.39178479193026
Optimization restart 5/5, f = 158.3917847919011
f inputs x:[[0.43181755 0.41211987]] ev:{} outputs y:0.5296569517793782 (n:0.19544481308994824) c:1.0
num acquisition: 231, time elapsed: 72.33s
Optimization restart 1/5, f = 158.9496052300259
Optimization restart 2/5, f = 158.94960522897975
Optimization restart 3/5, f = 158.9496054261109
Optimization restart 4/5, f = 160.20740858833906
Optimization restart 5/5, f = 158.94960522897088
f inputs x:[[0.43189149 0.41174513]] ev:{} outputs y:0.24547123083687677 (n:-0.07957095789381469) c:1.0
num acquisition: 232, time elapsed: 73.12s
Optimization restart 1/5, f = 159.39132699480035
Optimization restart 2/5, f = 160.55765167303593
Optimization restart 3/5, f = 159.39132699752597
Optimization restart 4/5, f = 160.5576516650196
Optimization restart 5/5, f = 159.39132698396327
f inputs x:[[0.43186172 0.41173657]] ev:{} outputs y:-0.14488442861893203 (n:-0.4707316465543409) c:1.0
num acquisition: 233, time elapsed: 73.87s
Optimization restart 1/5, f = 159.9934716122604
Optimization restart 2/5, f = 159.99345708736266
Optimization restart 3/5, f = 159.99345715514184
Optimization restart 4/5, f = 159.99345708986212
Optimization restart 5/5, f = 159.99345709467215
f inputs x:[[0.43170373 0.41227249]] ev:{} outputs y:0.2792798836642288 (n:-0.061413873167830146) c:1.0
num acquisition: 234, time elapsed: 74.66s
Optimization restart 1/5, f = 160.43881361125298
Optimization restart 2/5, f = 160.43881360233576
Optimization restart 3/5, f = 160.43881360758007
Optimization restart 4/5, f = 160.43881360220738
Optimization restart 5/5, f = 161.45855247795407
f inputs x:[[0.43168969 0.41221103]] ev:{} outputs y:-0.4421791316918873 (n:-0.7822092245284837) c:1.0
num acquisition: 235, time elapsed: 75.49s
Optimization restart 1/5, f = 161.40758083612388
Optimization restart 2/5, f = 161.40757196907902
Optimization restart 3/5, f = 161.40757196931622
Optimization restart 4/5, f = 161.4075720120352
Optimization restart 5/5, f = 162.48228431186425
f inputs x:[[0.43139923 0.41320471]] ev:{} outputs y:0.3739348686356207 (n:0.00602740203918027) c:1.0
num acquisition: 236, time elapsed: 76.26s
Optimization restart 1/5, f = 161.88238286777292
Optimization restart 2/5, f = 161.88238286517716
Optimization restart 3/5, f = 162.86660449902527
Optimization restart 4/5, f = 162.86660449569507
Optimization restart 5/5, f = 162.86660449586057
f inputs x:[[0.43143646 0.41301236]] ev:{} outputs y:0.4239649627009021 (n:0.060867362589427085) c:1.0
num acquisition: 237, time elapsed: 77.03s
Optimization restart 1/5, f = 162.37995976158712
Optimization restart 2/5, f = 162.37995976613132
Optimization restart 3/5, f = 162.37995976040364
Optimization restart 4/5, f = 162.37995976058085
Optimization restart 5/5, f = 162.37995976046568
f inputs x:[[0.43149481 0.412762  ]] ev:{} outputs y:0.3390020762431218 (n:-0.01753206609145829) c:1.0
num acquisition: 238, time elapsed: 77.82s
Optimization restart 1/5, f = 162.8414189302418
Optimization restart 2/5, f = 162.84141893005454
Optimization restart 3/5, f = 162.84141893000546
Optimization restart 4/5, f = 163.64429374390355
Optimization restart 5/5, f = 162.84141893846606
f inputs x:[[0.43151281 0.4126173 ]] ev:{} outputs y:1.0533178171581716 (n:0.7000460423943614) c:1.0
num acquisition: 239, time elapsed: 78.65s
Optimization restart 1/5, f = 164.15612951734954
Optimization restart 2/5, f = 164.1560461447072
Optimization restart 3/5, f = 164.1560461452807
Optimization restart 4/5, f = 164.15604614470485
Optimization restart 5/5, f = 165.05356453245238
f inputs x:[[0.43183332 0.41177189]] ev:{} outputs y:0.4911498296089907 (n:0.1637490222442208) c:1.0
num acquisition: 240, time elapsed: 79.50s
Optimization restart 1/5, f = 164.69352226336272
Optimization restart 2/5, f = 164.6934828009021
Optimization restart 3/5, f = 164.6934827413902
Optimization restart 4/5, f = 164.69348274514695
Optimization restart 5/5, f = 165.52090893775457
f inputs x:[[0.43188646 0.41147098]] ev:{} outputs y:0.4423250486734528 (n:0.12205070318933267) c:1.0
num acquisition: 241, time elapsed: 80.31s
Optimization restart 1/5, f = 165.20048924087948
Optimization restart 2/5, f = 165.20048923950162
Optimization restart 3/5, f = 165.95157810602433
Optimization restart 4/5, f = 165.20048923996663
Optimization restart 5/5, f = 165.2004892404866
f inputs x:[[0.43192068 0.41122875]] ev:{} outputs y:-0.10126896907528837 (n:-0.41611183860975925) c:1.0
num acquisition: 242, time elapsed: 81.15s
Optimization restart 1/5, f = 165.77647696851358
Optimization restart 2/5, f = 165.7764623722571
Optimization restart 3/5, f = 166.45213096290126
Optimization restart 4/5, f = 166.45213075818646
Optimization restart 5/5, f = 165.77646237674432
f inputs x:[[0.43180626 0.41163127]] ev:{} outputs y:0.7857499733770207 (n:0.4600133972580453) c:1.0
num acquisition: 243, time elapsed: 81.94s
Optimization restart 1/5, f = 166.6232802179469
Optimization restart 2/5, f = 166.6232221099578
Optimization restart 3/5, f = 167.31211251245043
Optimization restart 4/5, f = 166.62322016086353
Optimization restart 5/5, f = 167.31211237506506
f inputs x:[[0.43195227 0.41106879]] ev:{} outputs y:0.0377920638137999 (n:-0.2731925000678297) c:1.0
num acquisition: 244, time elapsed: 82.78s
Optimization restart 1/5, f = 167.11390062164577
Optimization restart 2/5, f = 167.11388266784832
Optimization restart 3/5, f = 167.11388265413734
Optimization restart 4/5, f = 167.70722036037486
Optimization restart 5/5, f = 167.11388265385904
f inputs x:[[0.43187956 0.41128321]] ev:{} outputs y:0.4117660313935678 (n:0.0946352216378605) c:1.0
num acquisition: 245, time elapsed: 83.60s
Optimization restart 1/5, f = 167.60711351972822
Optimization restart 2/5, f = 167.60711351958977
Optimization restart 3/5, f = 167.60711730589176
Optimization restart 4/5, f = 167.60711352015306
Optimization restart 5/5, f = 167.6071135336458
[0.4093915  0.34696547]
