INFO:GP:initializing Y
INFO:GP:initializing inference method
INFO:GP:adding kernel and likelihood as parameters
removed robo import in opts.py l17 due to theano errors
f inputs x:[[-0.64745699 -0.29628052]] ev:{} outputs y:6.426058132948279 (n:0.08790534991298031) c:1.0
f inputs x:[[-0.62922239  0.49624791]] ev:{} outputs y:4.034856043208151 (n:0.16888308579346695) c:1.0
f inputs x:[[ 0.92932266 -0.98190301]] ev:{} outputs y:7.740715626803859 (n:-0.3224205037729733) c:1.0
f inputs x:[[0.10858846 0.86900407]] ev:{} outputs y:6.179458081870254 (n:0.4723949434026674) c:1.0
f inputs x:[[0.20280183 0.67110896]] ev:{} outputs y:4.667083775666352 (n:-0.31518147153874254) c:1.0
Using a model defined by the used.
Optimization restart 1/5, f = 7.0946926730099955
Optimization restart 2/5, f = 7.094692728823073
Optimization restart 3/5, f = 7.094692708597846
Optimization restart 4/5, f = 7.094692673650462
Optimization restart 5/5, f = 7.094692960222837
f inputs x:[[-0.62922238  0.49624794]] ev:{} outputs y:3.742694826873023 (n:-0.12327783301373611) c:1.0
num acquisition: 1, time elapsed: 0.14s
Optimization restart 1/5, f = 6.806049193840735
Optimization restart 2/5, f = 6.806046861172529
Optimization restart 3/5, f = 6.806046905847485
Optimization restart 4/5, f = 6.806046849115006
Optimization restart 5/5, f = 6.806046893083128
f inputs x:[[0.20666331 0.66921771]] ev:{} outputs y:4.77737876995092 (n:-0.1874281161216386) c:1.0
num acquisition: 2, time elapsed: 0.28s
Optimization restart 1/5, f = 6.64776278645639
Optimization restart 2/5, f = 8.289419839125655
Optimization restart 3/5, f = 6.647762786453585
Optimization restart 4/5, f = 8.2894198391839
Optimization restart 5/5, f = 6.647762786470553
f inputs x:[[-0.59219939  0.55293543]] ev:{} outputs y:2.5721012531943033 (n:-0.28189026082842705) c:1.0
num acquisition: 3, time elapsed: 0.40s
Optimization restart 1/5, f = 7.7147805277109445
Optimization restart 2/5, f = 7.714780527689847
Optimization restart 3/5, f = 7.714780527689378
Optimization restart 4/5, f = 7.714780527901464
Optimization restart 5/5, f = 7.714780527711516
f inputs x:[[-0.56147236  0.60000148]] ev:{} outputs y:2.2393053329719717 (n:0.3682019571113304) c:1.0
num acquisition: 4, time elapsed: 0.53s
Optimization restart 1/5, f = 7.384054923565573
Optimization restart 2/5, f = 7.384054923570133
Optimization restart 3/5, f = 7.384054923697392
Optimization restart 4/5, f = 7.3840549235661355
Optimization restart 5/5, f = 7.384054923580306
f inputs x:[[-0.63515039  0.67462417]] ev:{} outputs y:3.5525468482322355 (n:0.784366064546918) c:1.0
num acquisition: 5, time elapsed: 0.65s
Optimization restart 1/5, f = 8.591479258318895
Optimization restart 2/5, f = 8.591479258319236
Optimization restart 3/5, f = 8.59147925832151
Optimization restart 4/5, f = 8.591479258319024
Optimization restart 5/5, f = 12.834233772512388
f inputs x:[[-0.47413014  0.5624987 ]] ev:{} outputs y:1.5544432595952065 (n:-0.6710498250934795) c:1.0
num acquisition: 6, time elapsed: 0.77s
Optimization restart 1/5, f = 8.711804658545447
Optimization restart 2/5, f = 8.711804658527779
Optimization restart 3/5, f = 8.711804658527804
Optimization restart 4/5, f = 8.711804658581704
Optimization restart 5/5, f = 8.711804658527491
f inputs x:[[-0.3316062   0.55169136]] ev:{} outputs y:2.953214316630734 (n:-0.9289340676079744) c:1.0
num acquisition: 7, time elapsed: 0.90s
Optimization restart 1/5, f = 9.829239622149014
Optimization restart 2/5, f = 9.829239622147565
Optimization restart 3/5, f = 9.829239622145991
Optimization restart 4/5, f = 9.829239622142202
Optimization restart 5/5, f = 9.829239622174738
f inputs x:[[-0.44706545  0.64163977]] ev:{} outputs y:3.583766454004681 (n:0.27667856375264527) c:1.0
num acquisition: 8, time elapsed: 1.02s
Optimization restart 1/5, f = 12.052949228455468
Optimization restart 2/5, f = 12.052949228505373
Optimization restart 3/5, f = 12.052949228480717
Optimization restart 4/5, f = 12.052949228464797
Optimization restart 5/5, f = 12.052949228455393
f inputs x:[[-0.4618877   0.49166348]] ev:{} outputs y:1.3267743874484614 (n:-0.47223165030506586) c:1.0
num acquisition: 9, time elapsed: 1.16s
Optimization restart 1/5, f = 11.78284794754505
Optimization restart 2/5, f = 11.782847947544752
Optimization restart 3/5, f = 11.782847947541516
Optimization restart 4/5, f = 11.782847947538873
Optimization restart 5/5, f = 11.782847947538563
f inputs x:[[-0.33470727  0.32611113]] ev:{} outputs y:2.2552754769609002 (n:0.20617306092831691) c:1.0
num acquisition: 10, time elapsed: 1.28s
Optimization restart 1/5, f = 13.017372170511061
Optimization restart 2/5, f = 13.01737217044382
Optimization restart 3/5, f = 13.01737217047592
Optimization restart 4/5, f = 13.017372170457719
Optimization restart 5/5, f = 13.017372170440552
f inputs x:[[-0.06224867  0.18902103]] ev:{} outputs y:2.046785253699699 (n:-0.727372746254276) c:1.0
num acquisition: 11, time elapsed: 1.40s
Optimization restart 1/5, f = 14.564019025465551
Optimization restart 2/5, f = 14.564018944153803
Optimization restart 3/5, f = 14.564018944154114
Optimization restart 4/5, f = 14.564018944156789
Optimization restart 5/5, f = 14.564018944288291
f inputs x:[[0.10199441 0.01503793]] ev:{} outputs y:-0.19187953556751525 (n:-0.6880001260880432) c:1.0
num acquisition: 12, time elapsed: 1.53s
Optimization restart 1/5, f = 15.488110250942041
Optimization restart 2/5, f = 15.488110250968502
Optimization restart 3/5, f = 15.488110250902997
Optimization restart 4/5, f = 15.48811025090312
Optimization restart 5/5, f = 15.488110251107324
f inputs x:[[ 0.23274815 -0.01881199]] ev:{} outputs y:2.88520605796945 (n:0.7646674927830185) c:1.0
num acquisition: 13, time elapsed: 1.69s
Optimization restart 1/5, f = 17.71038166777649
Optimization restart 2/5, f = 17.710381667811966
Optimization restart 3/5, f = 17.710381667782585
Optimization restart 4/5, f = 17.710381667862094
Optimization restart 5/5, f = 17.710381667781647
f inputs x:[[ 0.01778816 -0.01588569]] ev:{} outputs y:0.6041707668396479 (n:-0.11030918371926961) c:1.0
num acquisition: 14, time elapsed: 1.82s
Optimization restart 1/5, f = 18.059519479077608
Optimization restart 2/5, f = 18.059519479074048
Optimization restart 3/5, f = 18.0595194791496
Optimization restart 4/5, f = 18.059519479619254
Optimization restart 5/5, f = 18.059519479102036
f inputs x:[[0.08382885 0.07943936]] ev:{} outputs y:1.2675967285717793 (n:0.026098160345392283) c:1.0
num acquisition: 15, time elapsed: 1.95s
Optimization restart 1/5, f = 19.546886854343985
Optimization restart 2/5, f = 19.546886854334943
Optimization restart 3/5, f = 19.546886854331575
Optimization restart 4/5, f = 19.54688685433242
Optimization restart 5/5, f = 19.54688685433188
f inputs x:[[ 0.09359836 -0.03693635]] ev:{} outputs y:1.2322729226410416 (n:0.16187893812012658) c:1.0
num acquisition: 16, time elapsed: 2.12s
Optimization restart 1/5, f = 21.577178858174094
Optimization restart 2/5, f = 21.57717885817303
Optimization restart 3/5, f = 21.577178858178023
Optimization restart 4/5, f = 21.57717885817297
Optimization restart 5/5, f = 21.904109548841742
f inputs x:[[-0.11482739  0.02397153]] ev:{} outputs y:0.692753662081884 (n:-0.23526489218470834) c:1.0
num acquisition: 17, time elapsed: 2.25s
Optimization restart 1/5, f = 22.62231943900555
Optimization restart 2/5, f = 22.628197625705162
Optimization restart 3/5, f = 22.628197625741908
Optimization restart 4/5, f = 22.628197625706974
Optimization restart 5/5, f = 22.622319439003476
f inputs x:[[-0.24026016  0.089686  ]] ev:{} outputs y:0.5701511844816919 (n:-0.7017793927393609) c:1.0
num acquisition: 18, time elapsed: 2.39s
Optimization restart 1/5, f = 23.73545407033123
Optimization restart 2/5, f = 23.516905183488802
Optimization restart 3/5, f = 23.51690518348051
Optimization restart 4/5, f = 23.51690518347708
Optimization restart 5/5, f = 23.73545407022652
f inputs x:[[-0.22464146 -0.04250148]] ev:{} outputs y:2.9961378713407183 (n:0.5067272664615053) c:1.0
num acquisition: 19, time elapsed: 2.54s
Optimization restart 1/5, f = 25.614899961316517
Optimization restart 2/5, f = 26.09033249120901
Optimization restart 3/5, f = 25.614899961674723
Optimization restart 4/5, f = 25.614899961189515
Optimization restart 5/5, f = 26.090332491194822
f inputs x:[[-0.17930571  0.11664235]] ev:{} outputs y:1.3905786926268364 (n:0.016457834103622344) c:1.0
num acquisition: 20, time elapsed: 2.71s
Optimization restart 1/5, f = 26.415983275513966
Optimization restart 2/5, f = 26.415983275514513
Optimization restart 3/5, f = 26.41598327566036
Optimization restart 4/5, f = 26.487439365213216
Optimization restart 5/5, f = 26.56554418557255
f inputs x:[[0.01775667 0.02149182]] ev:{} outputs y:0.5909002194669685 (n:-0.1561945493592003) c:1.0
num acquisition: 21, time elapsed: 2.83s
Optimization restart 1/5, f = 26.293388619414195
Optimization restart 2/5, f = 26.293388619057225
Optimization restart 3/5, f = 26.293388619051992
Optimization restart 4/5, f = 26.345124248526837
Optimization restart 5/5, f = 26.29338861905112
f inputs x:[[1. 1.]] ev:{} outputs y:5.98859877482043 (n:-0.14861062919926843) c:1.0
num acquisition: 22, time elapsed: 2.96s
Optimization restart 1/5, f = 27.16101695171578
Optimization restart 2/5, f = 27.161016951708405
Optimization restart 3/5, f = 27.16101695170764
Optimization restart 4/5, f = 27.161016951758285
Optimization restart 5/5, f = 27.161016951701587
f inputs x:[[-0.08839925 -1.        ]] ev:{} outputs y:6.331962134773211 (n:0.2557939790952721) c:1.0
num acquisition: 23, time elapsed: 3.08s
Optimization restart 1/5, f = 27.925763515396625
Optimization restart 2/5, f = 27.925763515401123
Optimization restart 3/5, f = 27.716133517726945
Optimization restart 4/5, f = 27.92576351539659
Optimization restart 5/5, f = 27.925763515402217
f inputs x:[[-0.01295969  0.06132787]] ev:{} outputs y:0.997004112426152 (n:-0.28771819024255807) c:1.0
num acquisition: 24, time elapsed: 3.20s
Optimization restart 1/5, f = 27.880535969376247
Optimization restart 2/5, f = 28.07834894130651
Optimization restart 3/5, f = 28.017438793866692
Optimization restart 4/5, f = 28.017438795166395
Optimization restart 5/5, f = 28.017438793866955
f inputs x:[[-0.01282838  0.05976666]] ev:{} outputs y:1.6298026666235412 (n:0.36719881021408796) c:1.0
num acquisition: 25, time elapsed: 3.31s
Optimization restart 1/5, f = 28.570659984614416
Optimization restart 2/5, f = 28.57065998462079
Optimization restart 3/5, f = 28.570659985672766
Optimization restart 4/5, f = 28.57065998461414
Optimization restart 5/5, f = 29.112850305601278
f inputs x:[[-0.01292385  0.05872704]] ev:{} outputs y:1.5080812952740161 (n:0.2600744264357477) c:1.0
num acquisition: 26, time elapsed: 3.43s
Optimization restart 1/5, f = 29.069481717229106
Optimization restart 2/5, f = 29.06948171725641
Optimization restart 3/5, f = 29.31839585909509
Optimization restart 4/5, f = 29.069481717232698
Optimization restart 5/5, f = 29.31839585904777
f inputs x:[[-0.01270797  0.05682432]] ev:{} outputs y:0.0729486114686626 (n:-1.1482799463735673) c:1.0
num acquisition: 27, time elapsed: 3.55s
Optimization restart 1/5, f = 29.534890461660865
Optimization restart 2/5, f = 29.534890461304563
Optimization restart 3/5, f = 29.534890461321254
Optimization restart 4/5, f = 29.53489046130631
Optimization restart 5/5, f = 29.534890461530072
f inputs x:[[-0.013319    0.06002374]] ev:{} outputs y:1.2521716530783191 (n:-0.014270316203291836) c:1.0
num acquisition: 28, time elapsed: 3.67s
Optimization restart 1/5, f = 29.863207501190423
Optimization restart 2/5, f = 29.863207501201085
Optimization restart 3/5, f = 29.863207500923483
Optimization restart 4/5, f = 29.86320750095616
Optimization restart 5/5, f = 29.863207500945936
f inputs x:[[-0.01306986  0.05805239]] ev:{} outputs y:1.5388294339159132 (n:0.30022935881182655) c:1.0
num acquisition: 29, time elapsed: 3.79s
Optimization restart 1/5, f = 30.43351028653003
Optimization restart 2/5, f = 30.433510286508753
Optimization restart 3/5, f = 30.433510286537988
Optimization restart 4/5, f = 30.433510287048186
Optimization restart 5/5, f = 30.433510286511588
f inputs x:[[-0.01292871  0.05671825]] ev:{} outputs y:1.0799640172264429 (n:-0.1398947352485524) c:1.0
num acquisition: 30, time elapsed: 3.93s
Optimization restart 1/5, f = 30.647729760041923
Optimization restart 2/5, f = 30.647729760126172
Optimization restart 3/5, f = 30.64772976011932
Optimization restart 4/5, f = 31.273614202615747
Optimization restart 5/5, f = 30.647729760109186
f inputs x:[[-0.0126119   0.05495411]] ev:{} outputs y:0.9771915289910982 (n:-0.21794642950273774) c:1.0
num acquisition: 31, time elapsed: 4.06s
Optimization restart 1/5, f = 30.822324255080257
Optimization restart 2/5, f = 30.82232425505296
Optimization restart 3/5, f = 31.179685331917728
Optimization restart 4/5, f = 31.179685332021183
Optimization restart 5/5, f = 31.179685331915255
f inputs x:[[-0.01224421  0.05308279]] ev:{} outputs y:0.9629740683132949 (n:-0.20610047767425152) c:1.0
num acquisition: 32, time elapsed: 4.18s
Optimization restart 1/5, f = 30.98706326544703
Optimization restart 2/5, f = 31.038443239956084
Optimization restart 3/5, f = 31.038443239955413
Optimization restart 4/5, f = 31.038443239957374
Optimization restart 5/5, f = 30.987063266103995
f inputs x:[[-0.01180025  0.05096603]] ev:{} outputs y:1.0069013883462883 (n:-0.13293130560815983) c:1.0
num acquisition: 33, time elapsed: 4.29s
Optimization restart 1/5, f = 31.156803222830074
Optimization restart 2/5, f = 31.15680322285004
Optimization restart 3/5, f = 30.867040298586
Optimization restart 4/5, f = 31.156803222824557
Optimization restart 5/5, f = 30.86704029860812
f inputs x:[[-1. -1.]] ev:{} outputs y:8.714169539571532 (n:0.4436633269978846) c:1.0
num acquisition: 34, time elapsed: 4.40s
Optimization restart 1/5, f = 29.70240282342186
Optimization restart 2/5, f = 29.702402824155037
Optimization restart 3/5, f = 28.733131329025273
Optimization restart 4/5, f = 29.70240282341818
Optimization restart 5/5, f = 28.733131325968948
f inputs x:[[-0.01613307  0.05531481]] ev:{} outputs y:1.321227278138304 (n:0.11948663591870338) c:1.0
num acquisition: 35, time elapsed: 4.52s
Optimization restart 1/5, f = 28.959725775747135
Optimization restart 2/5, f = 28.95972577599029
Optimization restart 3/5, f = 28.95972577631739
Optimization restart 4/5, f = 28.959725776056537
Optimization restart 5/5, f = 28.959725779220328
f inputs x:[[-0.01571261  0.05408205]] ev:{} outputs y:1.5212475310089044 (n:0.33665901652401514) c:1.0
num acquisition: 36, time elapsed: 4.65s
Optimization restart 1/5, f = 29.36549732385422
Optimization restart 2/5, f = 30.010544807239338
Optimization restart 3/5, f = 29.365497323849198
Optimization restart 4/5, f = 29.365497323995548
Optimization restart 5/5, f = 30.01054480730045
f inputs x:[[-0.01534249  0.05340504]] ev:{} outputs y:1.4804234614532845 (n:0.3052862340795884) c:1.0
num acquisition: 37, time elapsed: 4.78s
Optimization restart 1/5, f = 29.713832135000914
Optimization restart 2/5, f = 29.71383213500156
Optimization restart 3/5, f = 29.71383213540546
Optimization restart 4/5, f = 30.19576975462922
Optimization restart 5/5, f = 30.195769754638622
f inputs x:[[-0.01499627  0.05268599]] ev:{} outputs y:1.0300863749547107 (n:-0.1350505571695821) c:1.0
num acquisition: 38, time elapsed: 4.91s
Optimization restart 1/5, f = 29.793340929493336
Optimization restart 2/5, f = 29.79334092949227
Optimization restart 3/5, f = 29.79334092949328
Optimization restart 4/5, f = 29.793340929611475
Optimization restart 5/5, f = 29.901609847142453
f inputs x:[[-0.01466191  0.05134847]] ev:{} outputs y:1.8051257449695484 (n:0.6583673665399905) c:1.0
num acquisition: 39, time elapsed: 5.03s
Optimization restart 1/5, f = 30.561539828955308
Optimization restart 2/5, f = 30.561539828701726
Optimization restart 3/5, f = 31.018472646409563
Optimization restart 4/5, f = 31.01847264552032
Optimization restart 5/5, f = 31.018472646090512
f inputs x:[[-0.01479971  0.0526286 ]] ev:{} outputs y:1.0754314200677388 (n:-0.08882640116810966) c:1.0
num acquisition: 40, time elapsed: 5.15s
Optimization restart 1/5, f = 30.659654056403724
Optimization restart 2/5, f = 30.659654060170833
Optimization restart 3/5, f = 30.762060256433063
Optimization restart 4/5, f = 30.65965405640357
Optimization restart 5/5, f = 30.762060256981773
f inputs x:[[-0.01443132  0.05131554]] ev:{} outputs y:0.7953384372434191 (n:-0.3508504680070886) c:1.0
num acquisition: 41, time elapsed: 5.28s
Optimization restart 1/5, f = 30.782582242244633
Optimization restart 2/5, f = 30.682157383472244
Optimization restart 3/5, f = 30.78258224224472
Optimization restart 4/5, f = 30.68215737827482
Optimization restart 5/5, f = 30.782582242643723
f inputs x:[[1.         0.10515329]] ev:{} outputs y:6.731123457022435 (n:-0.6374071643131921) c:1.0
num acquisition: 42, time elapsed: 5.41s
Optimization restart 1/5, f = 30.95363294993533
Optimization restart 2/5, f = 30.953632949959065
Optimization restart 3/5, f = 30.435898198148767
Optimization restart 4/5, f = 30.953632949987668
Optimization restart 5/5, f = 30.953632950280856
f inputs x:[[-0.01728172  0.04847734]] ev:{} outputs y:1.1033135094181772 (n:-0.006240652314591158) c:1.0
num acquisition: 43, time elapsed: 5.54s
Optimization restart 1/5, f = 30.48505887589214
Optimization restart 2/5, f = 30.48505887595337
Optimization restart 3/5, f = 30.644760578209073
Optimization restart 4/5, f = 30.485058875897927
Optimization restart 5/5, f = 30.644760578207855
f inputs x:[[-0.01670927  0.04720651]] ev:{} outputs y:2.2174041415351313 (n:1.1248810972975407) c:1.0
num acquisition: 44, time elapsed: 5.67s
Optimization restart 1/5, f = 32.106462490137105
Optimization restart 2/5, f = 32.10646249005373
Optimization restart 3/5, f = 33.49672764725636
Optimization restart 4/5, f = 33.496727647265985
Optimization restart 5/5, f = 32.106462490051484
f inputs x:[[-0.01859778  0.05379792]] ev:{} outputs y:1.7389137411531985 (n:0.5572502318422601) c:1.0
num acquisition: 45, time elapsed: 5.81s
Optimization restart 1/5, f = 32.70533267692618
Optimization restart 2/5, f = 32.705332676731246
Optimization restart 3/5, f = 32.70533268172025
Optimization restart 4/5, f = 32.70533267676976
Optimization restart 5/5, f = 32.70533267724918
f inputs x:[[-0.01799051  0.05310098]] ev:{} outputs y:0.7426518549033909 (n:-0.4293281457569981) c:1.0
num acquisition: 46, time elapsed: 5.97s
Optimization restart 1/5, f = 32.88124390405065
Optimization restart 2/5, f = 32.88124390434599
Optimization restart 3/5, f = 32.88124390416819
Optimization restart 4/5, f = 34.214489015989265
Optimization restart 5/5, f = 34.214489017089406
f inputs x:[[-0.01798904  0.05274266]] ev:{} outputs y:1.6905285313974319 (n:0.5234265035418599) c:1.0
num acquisition: 47, time elapsed: 6.11s
Optimization restart 1/5, f = 33.419377279117256
Optimization restart 2/5, f = 33.4193772783558
Optimization restart 3/5, f = 33.41937727835821
Optimization restart 4/5, f = 33.419377278357004
Optimization restart 5/5, f = 33.41937727835887
f inputs x:[[-0.01751884  0.05230694]] ev:{} outputs y:2.18277410753655 (n:1.0217509458518863) c:1.0
num acquisition: 48, time elapsed: 6.25s
Optimization restart 1/5, f = 34.82765623039674
Optimization restart 2/5, f = 34.82765623040178
Optimization restart 3/5, f = 34.827656230425056
Optimization restart 4/5, f = 34.82765623061354
Optimization restart 5/5, f = 34.82765623105512
f inputs x:[[-0.01805812  0.05404264]] ev:{} outputs y:1.4456030961837756 (n:0.260740930280099) c:1.0
num acquisition: 49, time elapsed: 6.39s
Optimization restart 1/5, f = 35.09067561554274
Optimization restart 2/5, f = 35.09067562815907
Optimization restart 3/5, f = 35.0906756155435
Optimization restart 4/5, f = 35.09067561558486
Optimization restart 5/5, f = 36.63043036765803
f inputs x:[[-0.01732544  0.05280816]] ev:{} outputs y:1.374268472988808 (n:0.20649823342033302) c:1.0
num acquisition: 50, time elapsed: 6.53s
Optimization restart 1/5, f = 35.30244125046285
Optimization restart 2/5, f = 35.302441250665936
Optimization restart 3/5, f = 35.302441250463104
Optimization restart 4/5, f = 35.30244125056151
Optimization restart 5/5, f = 35.30244125052559
f inputs x:[[-0.01666145  0.05169225]] ev:{} outputs y:0.9896363012128884 (n:-0.1627212547702131) c:1.0
num acquisition: 51, time elapsed: 6.66s
Optimization restart 1/5, f = 35.441451224852344
Optimization restart 2/5, f = 36.580093606488234
Optimization restart 3/5, f = 36.58009360640396
Optimization restart 4/5, f = 36.58009360646649
Optimization restart 5/5, f = 36.58009360640042
f inputs x:[[-0.01616615  0.05064447]] ev:{} outputs y:1.4418691811695115 (n:0.3038838437516654) c:1.0
num acquisition: 52, time elapsed: 6.81s
Optimization restart 1/5, f = 35.69744715451134
Optimization restart 2/5, f = 36.61595847250221
Optimization restart 3/5, f = 35.697447154483456
Optimization restart 4/5, f = 36.61595847242383
Optimization restart 5/5, f = 35.69744715473327
f inputs x:[[-0.01566049  0.04990283]] ev:{} outputs y:0.6487759427222929 (n:-0.4789932167238574) c:1.0
num acquisition: 53, time elapsed: 6.96s
Optimization restart 1/5, f = 36.04595545543182
Optimization restart 2/5, f = 37.04181525899607
Optimization restart 3/5, f = 36.04595545535734
Optimization restart 4/5, f = 36.04595545528737
Optimization restart 5/5, f = 36.045955455446034
f inputs x:[[-0.0153841  0.0489021]] ev:{} outputs y:1.5651417212951044 (n:0.450901128904959) c:1.0
num acquisition: 54, time elapsed: 7.10s
Optimization restart 1/5, f = 36.42584635505649
Optimization restart 2/5, f = 36.42584635496203
Optimization restart 3/5, f = 36.425846354970744
Optimization restart 4/5, f = 37.28834648997221
Optimization restart 5/5, f = 37.288346489931385
f inputs x:[[-0.01523359  0.04900241]] ev:{} outputs y:1.4288471098667976 (n:0.3133514746973187) c:1.0
num acquisition: 55, time elapsed: 7.24s
Optimization restart 1/5, f = 36.678948968184955
Optimization restart 2/5, f = 36.678948966101686
Optimization restart 3/5, f = 36.678948966111946
Optimization restart 4/5, f = 36.67894896634896
Optimization restart 5/5, f = 36.67894896611439
f inputs x:[[-0.0148308   0.04846764]] ev:{} outputs y:1.0639807532007324 (n:-0.04416228976432385) c:1.0
num acquisition: 56, time elapsed: 7.39s
Optimization restart 1/5, f = 36.81236378382063
Optimization restart 2/5, f = 36.812363783852874
Optimization restart 3/5, f = 36.812363783814746
Optimization restart 4/5, f = 37.23719821158961
Optimization restart 5/5, f = 37.23719820754166
f inputs x:[[-0.01411489  0.04699636]] ev:{} outputs y:1.2208281609398695 (n:0.13259869942860147) c:1.0
num acquisition: 57, time elapsed: 7.54s
Optimization restart 1/5, f = 36.956824219777516
Optimization restart 2/5, f = 36.95682421978538
Optimization restart 3/5, f = 37.123953325067134
Optimization restart 4/5, f = 36.95682421982512
Optimization restart 5/5, f = 37.12395332564669
f inputs x:[[-0.01348487  0.04583482]] ev:{} outputs y:0.17716310471232433 (n:-0.8954092023067137) c:1.0
num acquisition: 58, time elapsed: 7.69s
Optimization restart 1/5, f = 38.08646845582993
Optimization restart 2/5, f = 38.90123266367138
Optimization restart 3/5, f = 38.08646845585129
Optimization restart 4/5, f = 38.90123266359807
Optimization restart 5/5, f = 38.086468456479516
f inputs x:[[-0.0131789   0.04385241]] ev:{} outputs y:1.6924227678527768 (n:0.6457158558663114) c:1.0
num acquisition: 59, time elapsed: 7.84s
Optimization restart 1/5, f = 38.6620459565053
Optimization restart 2/5, f = 39.534582270639476
Optimization restart 3/5, f = 39.53458227082413
Optimization restart 4/5, f = 39.53458227062538
Optimization restart 5/5, f = 38.662045956501096
f inputs x:[[-0.01404244  0.04643058]] ev:{} outputs y:1.2347471656666695 (n:0.15399629446209623) c:1.0
num acquisition: 60, time elapsed: 7.99s
Optimization restart 1/5, f = 38.83719667504023
Optimization restart 2/5, f = 38.837196674989436
Optimization restart 3/5, f = 38.83719667512278
Optimization restart 4/5, f = 39.494943019018635
Optimization restart 5/5, f = 38.83719667498891
f inputs x:[[-0.01351362  0.04547066]] ev:{} outputs y:1.6114472875136459 (n:0.5435977694308501) c:1.0
num acquisition: 61, time elapsed: 8.14s
Optimization restart 1/5, f = 39.30110895261752
Optimization restart 2/5, f = 39.910420334837475
Optimization restart 3/5, f = 39.91042033207256
Optimization restart 4/5, f = 39.301108951749185
Optimization restart 5/5, f = 39.301108951748354
f inputs x:[[-0.01387413  0.04670295]] ev:{} outputs y:0.678143536617134 (n:-0.406066692626782) c:1.0
num acquisition: 62, time elapsed: 8.29s
Optimization restart 1/5, f = 39.6734287181713
Optimization restart 2/5, f = 39.67342871720244
Optimization restart 3/5, f = 40.27227627780995
Optimization restart 4/5, f = 39.67342871719827
Optimization restart 5/5, f = 39.67342871721368
f inputs x:[[-0.01316556  0.04479272]] ev:{} outputs y:0.7630058560497008 (n:-0.2957934968861807) c:1.0
num acquisition: 63, time elapsed: 8.45s
Optimization restart 1/5, f = 39.9621723727824
Optimization restart 2/5, f = 40.45318998385567
Optimization restart 3/5, f = 40.45318998376935
Optimization restart 4/5, f = 39.96217237268589
Optimization restart 5/5, f = 39.962172373185716
f inputs x:[[-0.01220838  0.04229987]] ev:{} outputs y:1.1920465000723817 (n:0.16589145393144844) c:1.0
num acquisition: 64, time elapsed: 8.61s
Optimization restart 1/5, f = 40.132514111290185
Optimization restart 2/5, f = 40.41316857196882
Optimization restart 3/5, f = 40.413168573063466
Optimization restart 4/5, f = 40.13251411127679
Optimization restart 5/5, f = 40.41316857197038
f inputs x:[[-0.01166116  0.04123002]] ev:{} outputs y:0.816296216006817 (n:-0.19593386913683974) c:1.0
num acquisition: 65, time elapsed: 8.77s
Optimization restart 1/5, f = 40.3794840658704
Optimization restart 2/5, f = 40.37948406560398
Optimization restart 3/5, f = 40.47900517170039
Optimization restart 4/5, f = 40.3794840673036
Optimization restart 5/5, f = 40.37948406554969
f inputs x:[[-0.01038207  0.03788267]] ev:{} outputs y:1.3549989612814144 (n:0.385013626669701) c:1.0
num acquisition: 66, time elapsed: 8.92s
Optimization restart 1/5, f = 40.62790133536949
Optimization restart 2/5, f = 40.60970919688151
Optimization restart 3/5, f = 40.62790133510896
Optimization restart 4/5, f = 40.60970919688554
Optimization restart 5/5, f = 40.60970919688218
f inputs x:[[-1.  1.]] ev:{} outputs y:7.915834658330947 (n:1.7610776521379563) c:1.0
num acquisition: 67, time elapsed: 9.06s
Optimization restart 1/5, f = 38.82293307968136
Optimization restart 2/5, f = 38.822933079658725
Optimization restart 3/5, f = 38.822933079657396
Optimization restart 4/5, f = 38.82293307966522
Optimization restart 5/5, f = 38.79596542185865
f inputs x:[[-0.00504553  0.02674907]] ev:{} outputs y:1.2002731716382589 (n:0.3588299489260651) c:1.0
num acquisition: 68, time elapsed: 9.22s
Optimization restart 1/5, f = 38.89953894385433
Optimization restart 2/5, f = 38.89953894385201
Optimization restart 3/5, f = 38.899538946831015
Optimization restart 4/5, f = 38.899538944078664
Optimization restart 5/5, f = 38.793973135633784
f inputs x:[[ 0.32026663 -0.57137131]] ev:{} outputs y:6.418934676848107 (n:0.8689236468138613) c:1.0
num acquisition: 69, time elapsed: 9.37s
Optimization restart 1/5, f = 38.5138259667779
Optimization restart 2/5, f = 38.51904532262467
Optimization restart 3/5, f = 38.51382596677794
Optimization restart 4/5, f = 38.51382596685149
Optimization restart 5/5, f = 38.513825967410575
f inputs x:[[ 0.0693489  -0.00523435]] ev:{} outputs y:1.0069292473876852 (n:0.40176839277407955) c:1.0
num acquisition: 70, time elapsed: 9.54s
Optimization restart 1/5, f = 38.56552082611541
Optimization restart 2/5, f = 38.565520826110166
Optimization restart 3/5, f = 38.665240098855236
Optimization restart 4/5, f = 38.665240099064654
Optimization restart 5/5, f = 38.665240099446315
f inputs x:[[ 0.06699396 -0.00421466]] ev:{} outputs y:0.4097335032147526 (n:-0.1889949187801147) c:1.0
num acquisition: 71, time elapsed: 9.72s
Optimization restart 1/5, f = 38.536064452707336
Optimization restart 2/5, f = 38.53606445272571
Optimization restart 3/5, f = 39.46700103632646
Optimization restart 4/5, f = 38.53606445303703
Optimization restart 5/5, f = 39.46700103633827
f inputs x:[[ 0.06964247 -0.0036814 ]] ev:{} outputs y:1.0198031318657355 (n:0.4249146422945059) c:1.0
num acquisition: 72, time elapsed: 9.88s
Optimization restart 1/5, f = 38.6040674117844
Optimization restart 2/5, f = 38.604067411888444
Optimization restart 3/5, f = 38.604067422520934
Optimization restart 4/5, f = 39.53660561156497
Optimization restart 5/5, f = 38.604067411778125
f inputs x:[[ 0.06774711 -0.00313299]] ev:{} outputs y:0.40302589070721284 (n:-0.18899455282183128) c:1.0
num acquisition: 73, time elapsed: 10.05s
Optimization restart 1/5, f = 38.542297250709396
Optimization restart 2/5, f = 38.54229725040469
Optimization restart 3/5, f = 38.54229725037766
Optimization restart 4/5, f = 38.54229725500584
Optimization restart 5/5, f = 38.542297250530616
f inputs x:[[ 0.06974611 -0.00234179]] ev:{} outputs y:1.3317270185099637 (n:0.7449277743959422) c:1.0
num acquisition: 74, time elapsed: 10.21s
Optimization restart 1/5, f = 39.277264536971906
Optimization restart 2/5, f = 39.277264536815956
Optimization restart 3/5, f = 39.27726453685868
Optimization restart 4/5, f = 39.27726453680319
Optimization restart 5/5, f = 39.27726453681152
f inputs x:[[ 0.06501233 -0.0047454 ]] ev:{} outputs y:0.7729425474656628 (n:0.17039492949320792) c:1.0
num acquisition: 75, time elapsed: 10.38s
Optimization restart 1/5, f = 39.088397664363185
Optimization restart 2/5, f = 39.088397664323324
Optimization restart 3/5, f = 39.088397664707735
Optimization restart 4/5, f = 39.08839766522941
Optimization restart 5/5, f = 39.088397664249136
f inputs x:[[ 0.06577024 -0.00335831]] ev:{} outputs y:1.109238242470406 (n:0.5151632669713384) c:1.0
num acquisition: 76, time elapsed: 10.54s
Optimization restart 1/5, f = 39.207031195051975
Optimization restart 2/5, f = 39.20703119412046
Optimization restart 3/5, f = 39.207031194115935
Optimization restart 4/5, f = 39.207031194117405
Optimization restart 5/5, f = 39.207031194116034
f inputs x:[[0.61482256 0.54151985]] ev:{} outputs y:3.2442594431867584 (n:0.07596453359223491) c:1.0
num acquisition: 77, time elapsed: 10.72s
Optimization restart 1/5, f = 41.003911546960886
Optimization restart 2/5, f = 41.0039115470167
Optimization restart 3/5, f = 41.00391154706407
Optimization restart 4/5, f = 41.0039115476057
Optimization restart 5/5, f = 41.00391154717884
f inputs x:[[ 0.06425151 -0.00276047]] ev:{} outputs y:0.47306287922630874 (n:-0.11854794207696803) c:1.0
num acquisition: 78, time elapsed: 10.89s
Optimization restart 1/5, f = 40.96381513638426
Optimization restart 2/5, f = 40.96381513649634
Optimization restart 3/5, f = 40.963815136287884
Optimization restart 4/5, f = 40.96381513630605
Optimization restart 5/5, f = 40.96381513628951
f inputs x:[[ 0.065398   -0.00261356]] ev:{} outputs y:1.0027181342419382 (n:0.4125363804251598) c:1.0
num acquisition: 79, time elapsed: 11.05s
Optimization restart 1/5, f = 40.930798134197246
Optimization restart 2/5, f = 40.93079813420643
Optimization restart 3/5, f = 40.93079813493505
Optimization restart 4/5, f = 40.930798134198625
Optimization restart 5/5, f = 40.930798134235175
f inputs x:[[ 0.06525469 -0.00160519]] ev:{} outputs y:0.5093575913334084 (n:-0.07581374924802906) c:1.0
num acquisition: 80, time elapsed: 11.22s
Optimization restart 1/5, f = 40.83218328093734
Optimization restart 2/5, f = 40.83218328082613
Optimization restart 3/5, f = 40.83218328081002
Optimization restart 4/5, f = 40.832183280818725
Optimization restart 5/5, f = 40.832183280952236
f inputs x:[[ 0.0665844  -0.00070791]] ev:{} outputs y:0.39141209485497797 (n:-0.1885924790912412) c:1.0
num acquisition: 81, time elapsed: 11.40s
Optimization restart 1/5, f = 40.839933798226305
Optimization restart 2/5, f = 40.83993379823037
Optimization restart 3/5, f = 40.83993379811789
Optimization restart 4/5, f = 40.839933798206424
Optimization restart 5/5, f = 40.83993379813947
f inputs x:[[0.06837026 0.00058118]] ev:{} outputs y:0.5514321695269132 (n:-0.0215095925423562) c:1.0
num acquisition: 82, time elapsed: 11.58s
Optimization restart 1/5, f = 40.6494860221062
Optimization restart 2/5, f = 40.64948602169741
Optimization restart 3/5, f = 40.64948602176381
Optimization restart 4/5, f = 40.64948602170224
Optimization restart 5/5, f = 40.649486021701904
f inputs x:[[0.06992133 0.00227155]] ev:{} outputs y:0.29149650264097937 (n:-0.2733867671460424) c:1.0
num acquisition: 83, time elapsed: 11.76s
Optimization restart 1/5, f = 40.74063869457116
Optimization restart 2/5, f = 40.74063869431581
Optimization restart 3/5, f = 40.74063869434098
Optimization restart 4/5, f = 40.740638694303556
Optimization restart 5/5, f = 40.74063869431913
f inputs x:[[-1.         -0.02369541]] ev:{} outputs y:7.641769810539376 (n:0.14043754429579408) c:1.0
num acquisition: 84, time elapsed: 11.93s
Optimization restart 1/5, f = 38.834660798908
Optimization restart 2/5, f = 38.83466079891326
Optimization restart 3/5, f = 38.83466079893361
Optimization restart 4/5, f = 38.834660799235856
Optimization restart 5/5, f = 38.834660798908665
f inputs x:[[0.07081813 0.00150704]] ev:{} outputs y:1.3188141382670353 (n:0.7516948505366376) c:1.0
num acquisition: 85, time elapsed: 12.11s
Optimization restart 1/5, f = 39.577654733331066
Optimization restart 2/5, f = 39.57765473333334
Optimization restart 3/5, f = 39.5776547333302
Optimization restart 4/5, f = 39.577654733363715
Optimization restart 5/5, f = 39.57765473333188
f inputs x:[[ 0.06594723 -0.00373378]] ev:{} outputs y:1.0803492375736645 (n:0.48418661483721853) c:1.0
num acquisition: 86, time elapsed: 12.28s
Optimization restart 1/5, f = 39.67510768499372
Optimization restart 2/5, f = 39.67510768492663
Optimization restart 3/5, f = 39.67510768492103
Optimization restart 4/5, f = 39.6751076852551
Optimization restart 5/5, f = 39.67510768492079
f inputs x:[[ 0.06613235 -0.00223175]] ev:{} outputs y:0.9222029424242604 (n:0.3344315735477761) c:1.0
num acquisition: 87, time elapsed: 12.47s
Optimization restart 1/5, f = 39.53619000917158
Optimization restart 2/5, f = 39.536190009176345
Optimization restart 3/5, f = 39.53619000903706
Optimization restart 4/5, f = 39.53619000907737
Optimization restart 5/5, f = 39.536190009300306
f inputs x:[[ 0.06638735 -0.00121405]] ev:{} outputs y:0.21546403360793842 (n:-0.3670558371700692) c:1.0
num acquisition: 88, time elapsed: 12.64s
Optimization restart 1/5, f = 39.86943073764263
Optimization restart 2/5, f = 39.869430739026555
Optimization restart 3/5, f = 39.86943073785466
Optimization restart 4/5, f = 39.86943073877605
Optimization restart 5/5, f = 39.86943073764093
f inputs x:[[ 0.06727628 -0.00139945]] ev:{} outputs y:0.27906389539901694 (n:-0.3038006855809901) c:1.0
num acquisition: 89, time elapsed: 12.83s
Optimization restart 1/5, f = 40.00896408152509
Optimization restart 2/5, f = 40.00896408121049
Optimization restart 3/5, f = 40.0089640813116
Optimization restart 4/5, f = 40.00896408160017
Optimization restart 5/5, f = 40.00896408123636
f inputs x:[[ 0.06828919 -0.00108068]] ev:{} outputs y:0.5148769274144025 (n:-0.06580323832424959) c:1.0
num acquisition: 90, time elapsed: 13.00s
Optimization restart 1/5, f = 39.80980218493385
Optimization restart 2/5, f = 39.809802184299876
Optimization restart 3/5, f = 39.80980218427627
Optimization restart 4/5, f = 39.80980218418729
Optimization restart 5/5, f = 39.80980218479172
f inputs x:[[ 6.92435470e-02 -3.88643355e-05]] ev:{} outputs y:0.7376332308004421 (n:0.16256493210985717) c:1.0
num acquisition: 91, time elapsed: 13.18s
Optimization restart 1/5, f = 39.568653451624854
Optimization restart 2/5, f = 39.56865345138654
Optimization restart 3/5, f = 39.56865345126877
Optimization restart 4/5, f = 39.568653451267096
Optimization restart 5/5, f = 39.568653451267096
f inputs x:[[0.06955914 0.00066677]] ev:{} outputs y:1.0554721573404442 (n:0.4838100636934798) c:1.0
num acquisition: 92, time elapsed: 13.38s
Optimization restart 1/5, f = 39.69535115479118
Optimization restart 2/5, f = 39.695351154232455
Optimization restart 3/5, f = 39.69535115416989
Optimization restart 4/5, f = 39.69535115415512
Optimization restart 5/5, f = 39.69535115485878
f inputs x:[[ 0.06806087 -0.00065016]] ev:{} outputs y:1.1612762772253253 (n:0.5825568858810212) c:1.0
num acquisition: 93, time elapsed: 13.59s
Optimization restart 1/5, f = 40.025870506936975
Optimization restart 2/5, f = 40.025870506401915
Optimization restart 3/5, f = 40.02587050630468
Optimization restart 4/5, f = 40.02587050730085
Optimization restart 5/5, f = 40.025870506704116
f inputs x:[[ 0.06682467 -0.00152102]] ev:{} outputs y:0.6704708856852429 (n:0.08672807534819074) c:1.0
num acquisition: 94, time elapsed: 13.79s
Optimization restart 1/5, f = 39.783730379126496
Optimization restart 2/5, f = 39.78373037912947
Optimization restart 3/5, f = 39.783730381085405
Optimization restart 4/5, f = 39.78373037912664
Optimization restart 5/5, f = 39.783730379113045
f inputs x:[[ 0.06733209 -0.00074634]] ev:{} outputs y:0.5265274847486713 (n:-0.05313071806105125) c:1.0
num acquisition: 95, time elapsed: 13.97s
Optimization restart 1/5, f = 39.60006028346131
Optimization restart 2/5, f = 39.60006028311559
Optimization restart 3/5, f = 39.60006028386488
Optimization restart 4/5, f = 39.60006028948091
Optimization restart 5/5, f = 39.60006053568238
f inputs x:[[0.53202817 1.        ]] ev:{} outputs y:3.129094211946274 (n:-1.1897691175130365) c:1.0
num acquisition: 96, time elapsed: 14.17s
Optimization restart 1/5, f = 41.36394704642921
Optimization restart 2/5, f = 41.36394705424383
Optimization restart 3/5, f = 41.36394704634157
Optimization restart 4/5, f = 41.363947046339725
Optimization restart 5/5, f = 41.36394705400374
f inputs x:[[ 0.06747269 -0.00114073]] ev:{} outputs y:0.9889452468281078 (n:0.40748089857002023) c:1.0
num acquisition: 97, time elapsed: 14.38s
Optimization restart 1/5, f = 41.35512719912928
Optimization restart 2/5, f = 41.35512719914888
Optimization restart 3/5, f = 41.35512719909362
Optimization restart 4/5, f = 41.35512719914428
Optimization restart 5/5, f = 41.35512719916482
f inputs x:[[ 0.06726594 -0.00085531]] ev:{} outputs y:1.242052086138238 (n:0.6618336322076532) c:1.0
num acquisition: 98, time elapsed: 14.59s
Optimization restart 1/5, f = 41.8791634092478
Optimization restart 2/5, f = 41.87916340921318
Optimization restart 3/5, f = 41.879163409105615
Optimization restart 4/5, f = 41.879163409467026
Optimization restart 5/5, f = 41.87916340911916
f inputs x:[[ 0.06614581 -0.00169273]] ev:{} outputs y:0.4205939737269815 (n:-0.1644222668201216) c:1.0
num acquisition: 99, time elapsed: 14.78s
Optimization restart 1/5, f = 41.848656697177816
Optimization restart 2/5, f = 41.84865669717598
Optimization restart 3/5, f = 41.8486566971721
Optimization restart 4/5, f = 41.8486567000844
Optimization restart 5/5, f = 41.84865669718266
f inputs x:[[ 0.0664307  -0.00172907]] ev:{} outputs y:-0.4515211453402046 (n:-1.0365446121553457) c:1.0
num acquisition: 100, time elapsed: 14.98s
Optimization restart 1/5, f = 44.77985999618573
Optimization restart 2/5, f = 44.77985968458061
Optimization restart 3/5, f = 44.77985968455433
Optimization restart 4/5, f = 44.77985968454916
Optimization restart 5/5, f = 44.77985968467019
f inputs x:[[ 0.06464253 -0.00787983]] ev:{} outputs y:-0.9684202755809348 (n:-1.5922603707831753) c:1.0
num acquisition: 101, time elapsed: 15.19s
Optimization restart 1/5, f = 50.088528521650616
Optimization restart 2/5, f = 50.08852851950526
Optimization restart 3/5, f = 50.08852851967922
Optimization restart 4/5, f = 50.08852851967362
Optimization restart 5/5, f = 50.08852851951551
f inputs x:[[ 0.05513452 -0.03660049]] ev:{} outputs y:1.0873555087662918 (n:0.14884028708332803) c:1.0
num acquisition: 102, time elapsed: 15.42s
Optimization restart 1/5, f = 50.464989353936865
Optimization restart 2/5, f = 50.46498935389247
Optimization restart 3/5, f = 50.4649893539068
Optimization restart 4/5, f = 50.46498935550051
Optimization restart 5/5, f = 50.46498935391915
f inputs x:[[ 0.06488949 -0.01272925]] ev:{} outputs y:1.8589161667792888 (n:1.1946280801145992) c:1.0
num acquisition: 103, time elapsed: 15.64s
Optimization restart 1/5, f = 53.27496313863513
Optimization restart 2/5, f = 53.274963138861374
Optimization restart 3/5, f = 53.27496313834708
Optimization restart 4/5, f = 53.27496313830172
Optimization restart 5/5, f = 53.27496313830731
f inputs x:[[ 0.06771658 -0.0052952 ]] ev:{} outputs y:0.868021299516506 (n:0.26243140009905375) c:1.0
num acquisition: 104, time elapsed: 15.88s
Optimization restart 1/5, f = 53.28725270843079
Optimization restart 2/5, f = 53.28725270658574
Optimization restart 3/5, f = 53.287252706640004
Optimization restart 4/5, f = 53.287252706688264
Optimization restart 5/5, f = 53.28725270769492
f inputs x:[[ 0.06792095 -0.00428575]] ev:{} outputs y:0.6036889699024369 (n:0.004711897588114257) c:1.0
num acquisition: 105, time elapsed: 16.11s
Optimization restart 1/5, f = 53.21293230983637
Optimization restart 2/5, f = 53.21293231148672
Optimization restart 3/5, f = 53.21293230975058
Optimization restart 4/5, f = 53.21293230975107
Optimization restart 5/5, f = 53.21293230975204
f inputs x:[[ 0.06838427 -0.00346153]] ev:{} outputs y:1.2290521181930028 (n:0.6352723566144788) c:1.0
num acquisition: 106, time elapsed: 16.36s
Optimization restart 1/5, f = 53.760675931004194
Optimization restart 2/5, f = 53.760675931057335
Optimization restart 3/5, f = 53.76067593100371
Optimization restart 4/5, f = 53.76067593107229
Optimization restart 5/5, f = 53.76067593136442
f inputs x:[[ 0.06747197 -0.00399096]] ev:{} outputs y:1.1732022627068812 (n:0.5759696911261495) c:1.0
num acquisition: 107, time elapsed: 16.59s
Optimization restart 1/5, f = 54.17367685403996
Optimization restart 2/5, f = 54.17367685402182
Optimization restart 3/5, f = 54.17367685402171
Optimization restart 4/5, f = 54.173676854022965
Optimization restart 5/5, f = 54.173676857384166
f inputs x:[[ 0.0670235 -0.0038516]] ev:{} outputs y:0.7621032462853496 (n:0.16559918992083) c:1.0
num acquisition: 108, time elapsed: 16.83s
Optimization restart 1/5, f = 54.12312438450965
Optimization restart 2/5, f = 54.123124384498716
Optimization restart 3/5, f = 54.12312438441914
Optimization restart 4/5, f = 54.123124384988344
Optimization restart 5/5, f = 54.123124384664855
f inputs x:[[ 0.06735417 -0.00296707]] ev:{} outputs y:0.3021590543809872 (n:-0.2890484394688796) c:1.0
num acquisition: 109, time elapsed: 17.08s
Optimization restart 1/5, f = 54.3188661213709
Optimization restart 2/5, f = 54.31886612071834
Optimization restart 3/5, f = 54.318866121303266
Optimization restart 4/5, f = 54.31886612088558
Optimization restart 5/5, f = 54.31886612092672
f inputs x:[[ 0.06804138 -0.00246899]] ev:{} outputs y:0.3416944549148112 (n:-0.24643713134261883) c:1.0
num acquisition: 110, time elapsed: 17.32s
Optimization restart 1/5, f = 54.447292495255674
Optimization restart 2/5, f = 54.44729249529346
Optimization restart 3/5, f = 54.447292495250416
Optimization restart 4/5, f = 54.44729249545814
Optimization restart 5/5, f = 54.44729250381428
f inputs x:[[ 0.06885285 -0.00164231]] ev:{} outputs y:0.29806818069968766 (n:-0.28521230320070334) c:1.0
num acquisition: 111, time elapsed: 17.55s
Optimization restart 1/5, f = 54.61883177560635
Optimization restart 2/5, f = 54.61883177555845
Optimization restart 3/5, f = 54.618831775689465
Optimization restart 4/5, f = 54.618831776198654
Optimization restart 5/5, f = 54.618831775560594
f inputs x:[[ 0.06990923 -0.00049907]] ev:{} outputs y:0.8067760734179057 (n:0.22990115310555556) c:1.0
num acquisition: 112, time elapsed: 17.79s
Optimization restart 1/5, f = 54.5977146444419
Optimization restart 2/5, f = 54.597714644398756
Optimization restart 3/5, f = 54.59771464452603
Optimization restart 4/5, f = 54.59771464453268
Optimization restart 5/5, f = 54.59771464441529
f inputs x:[[ 0.06987915 -0.00016902]] ev:{} outputs y:0.2451351681684082 (n:-0.3301480971173971) c:1.0
num acquisition: 113, time elapsed: 18.03s
Optimization restart 1/5, f = 54.837017118044564
Optimization restart 2/5, f = 54.83701711799525
Optimization restart 3/5, f = 54.83701711799449
Optimization restart 4/5, f = 54.837017117995494
Optimization restart 5/5, f = 54.83701711799515
f inputs x:[[0.07134042 0.0015453 ]] ev:{} outputs y:0.3972779438615719 (n:-0.1692820650282609) c:1.0
num acquisition: 114, time elapsed: 18.28s
Optimization restart 1/5, f = 54.87208419520613
Optimization restart 2/5, f = 54.872084193257116
Optimization restart 3/5, f = 54.87208419317773
Optimization restart 4/5, f = 54.87208419385282
Optimization restart 5/5, f = 54.87208419320464
f inputs x:[[0.07275388 0.00350152]] ev:{} outputs y:-0.49497577338903676 (n:-1.052756045356216) c:1.0
num acquisition: 115, time elapsed: 18.54s
Optimization restart 1/5, f = 57.21072228042607
Optimization restart 2/5, f = 57.21072221574241
Optimization restart 3/5, f = 57.21072221505288
Optimization restart 4/5, f = 57.21072221413125
Optimization restart 5/5, f = 57.21072221413584
f inputs x:[[0.07734043 0.00830464]] ev:{} outputs y:0.8041560936057759 (n:0.26484128693216596) c:1.0
num acquisition: 116, time elapsed: 18.82s
Optimization restart 1/5, f = 57.24279013302622
Optimization restart 2/5, f = 57.24279013296519
Optimization restart 3/5, f = 57.24279013300552
Optimization restart 4/5, f = 57.24279013296918
Optimization restart 5/5, f = 57.242790133006686
f inputs x:[[0.07639717 0.00717453]] ev:{} outputs y:1.1801613758899832 (n:0.6371772073645712) c:1.0
num acquisition: 117, time elapsed: 19.08s
Optimization restart 1/5, f = 57.82631311350128
Optimization restart 2/5, f = 57.82631311345595
Optimization restart 3/5, f = 57.826313113474306
Optimization restart 4/5, f = 57.826313113468274
Optimization restart 5/5, f = 57.82631311347753
f inputs x:[[0.07271976 0.00191417]] ev:{} outputs y:0.8487606730384413 (n:0.2847758023153404) c:1.0
num acquisition: 118, time elapsed: 19.33s
Optimization restart 1/5, f = 57.88503237798731
Optimization restart 2/5, f = 57.885032377568926
Optimization restart 3/5, f = 57.88503237844853
Optimization restart 4/5, f = 57.8850323785028
Optimization restart 5/5, f = 57.88503237835068
f inputs x:[[0.07225525 0.00159395]] ev:{} outputs y:0.6869256877458694 (n:0.12123682239571458) c:1.0
num acquisition: 119, time elapsed: 19.58s
Optimization restart 1/5, f = 57.847579249624125
Optimization restart 2/5, f = 57.84757924950928
Optimization restart 3/5, f = 57.847579249510034
Optimization restart 4/5, f = 57.847579249507994
Optimization restart 5/5, f = 57.847579249920344
f inputs x:[[0.07245594 0.00214514]] ev:{} outputs y:0.4040421904308863 (n:-0.1591720158977992) c:1.0
num acquisition: 120, time elapsed: 19.85s
Optimization restart 1/5, f = 57.886689050425055
Optimization restart 2/5, f = 57.88668905035158
Optimization restart 3/5, f = 57.88668905035579
Optimization restart 4/5, f = 57.88668905047723
Optimization restart 5/5, f = 57.886689050430036
f inputs x:[[0.07361706 0.0037958 ]] ev:{} outputs y:0.8867956782180109 (n:0.3308626976380263) c:1.0
num acquisition: 121, time elapsed: 20.10s
Optimization restart 1/5, f = 57.98540257611644
Optimization restart 2/5, f = 57.98540257503124
Optimization restart 3/5, f = 57.985402575036524
Optimization restart 4/5, f = 57.985402575031074
Optimization restart 5/5, f = 57.98540257504795
f inputs x:[[0.07280817 0.00291071]] ev:{} outputs y:-0.8210101187170564 (n:-1.3809075194515488) c:1.0
num acquisition: 122, time elapsed: 20.36s
Optimization restart 1/5, f = 61.8101305545268
Optimization restart 2/5, f = 61.81013055465073
Optimization restart 3/5, f = 61.81013055456793
Optimization restart 4/5, f = 61.81013055447821
Optimization restart 5/5, f = 61.81013055446674
f inputs x:[[0.07661979 0.00567917]] ev:{} outputs y:0.7936228438502108 (n:0.24685040678006986) c:1.0
num acquisition: 123, time elapsed: 20.63s
Optimization restart 1/5, f = 61.8799675693041
Optimization restart 2/5, f = 61.8799675806342
Optimization restart 3/5, f = 61.87996756916219
Optimization restart 4/5, f = 61.8799675691201
Optimization restart 5/5, f = 61.87996756910779
f inputs x:[[0.07600434 0.00505086]] ev:{} outputs y:0.4378522101157733 (n:-0.11153682271675051) c:1.0
num acquisition: 124, time elapsed: 20.89s
Optimization restart 1/5, f = 61.90605169669095
Optimization restart 2/5, f = 61.906051696690355
Optimization restart 3/5, f = 61.906051696835064
Optimization restart 4/5, f = 61.9060517507
Optimization restart 5/5, f = 61.90605170134205
f inputs x:[[0.07721988 0.00690323]] ev:{} outputs y:0.5844601535870958 (n:0.04182276413310264) c:1.0
num acquisition: 125, time elapsed: 21.16s
Optimization restart 1/5, f = 61.89179731113934
Optimization restart 2/5, f = 61.89179731054318
Optimization restart 3/5, f = 61.891797310622906
Optimization restart 4/5, f = 61.891797310300305
Optimization restart 5/5, f = 61.89179731030093
f inputs x:[[0.07773866 0.00783708]] ev:{} outputs y:0.19350048207972204 (n:-0.34624693722273725) c:1.0
num acquisition: 126, time elapsed: 21.41s
Optimization restart 1/5, f = 62.145116503728644
Optimization restart 2/5, f = 62.14511650371658
Optimization restart 3/5, f = 62.145116503780784
Optimization restart 4/5, f = 62.14511650370713
Optimization restart 5/5, f = 62.14511650369934
f inputs x:[[0.08037368 0.01152061]] ev:{} outputs y:0.6494274667129053 (n:0.11932300287151014) c:1.0
num acquisition: 127, time elapsed: 21.69s
Optimization restart 1/5, f = 62.1445423041022
Optimization restart 2/5, f = 62.144542304071095
Optimization restart 3/5, f = 62.144542304149994
Optimization restart 4/5, f = 62.144542304158904
Optimization restart 5/5, f = 62.14454230414985
f inputs x:[[0.08034815 0.0116389 ]] ev:{} outputs y:-0.5272420678787698 (n:-1.0572949862955245) c:1.0
num acquisition: 128, time elapsed: 21.98s
Optimization restart 1/5, f = 64.28652895362384
Optimization restart 2/5, f = 64.28652741878295
Optimization restart 3/5, f = 64.2865274188329
Optimization restart 4/5, f = 64.28652741878646
Optimization restart 5/5, f = 64.28652741907794
f inputs x:[[0.08739054 0.02081237]] ev:{} outputs y:0.5463979020472818 (n:0.024455233931787734) c:1.0
num acquisition: 129, time elapsed: 22.26s
Optimization restart 1/5, f = 64.29462350418994
Optimization restart 2/5, f = 64.29462350417518
Optimization restart 3/5, f = 64.29462350414471
Optimization restart 4/5, f = 64.29462350418744
Optimization restart 5/5, f = 64.2946235041804
f inputs x:[[0.08777081 0.02142533]] ev:{} outputs y:0.1331472635140588 (n:-0.3893200351921815) c:1.0
num acquisition: 130, time elapsed: 22.55s
Optimization restart 1/5, f = 64.54153176826635
Optimization restart 2/5, f = 64.54153176872659
Optimization restart 3/5, f = 64.54153176826497
Optimization restart 4/5, f = 64.54153176826665
Optimization restart 5/5, f = 64.54153176891407
f inputs x:[[0.09192354 0.02708256]] ev:{} outputs y:0.03498745058632513 (n:-0.4950622385303335) c:1.0
num acquisition: 131, time elapsed: 22.83s
Optimization restart 1/5, f = 64.87246262681937
Optimization restart 2/5, f = 64.87246262681573
Optimization restart 3/5, f = 64.87246262760945
Optimization restart 4/5, f = 64.87246262682223
Optimization restart 5/5, f = 64.87246262691379
f inputs x:[[0.097305   0.03409283]] ev:{} outputs y:0.060699305762679956 (n:-0.4884670598705036) c:1.0
num acquisition: 132, time elapsed: 23.12s
Optimization restart 1/5, f = 65.08982104977427
Optimization restart 2/5, f = 65.08982104974395
Optimization restart 3/5, f = 65.08982104973589
Optimization restart 4/5, f = 65.08982105040754
Optimization restart 5/5, f = 65.08982104979187
f inputs x:[[0.10262007 0.04069725]] ev:{} outputs y:0.2812805371456931 (n:-0.29383256206427266) c:1.0
num acquisition: 133, time elapsed: 23.40s
Optimization restart 1/5, f = 65.10008616062021
Optimization restart 2/5, f = 65.10008615896987
Optimization restart 3/5, f = 65.10008618266161
Optimization restart 4/5, f = 65.10008615875716
Optimization restart 5/5, f = 65.10008615894975
f inputs x:[[0.10445384 0.04285534]] ev:{} outputs y:1.3119590996839947 (n:0.7273083015444773) c:1.0
num acquisition: 134, time elapsed: 23.70s
Optimization restart 1/5, f = 66.64596269748569
Optimization restart 2/5, f = 66.64596269737335
Optimization restart 3/5, f = 66.64596269742704
Optimization restart 4/5, f = 66.64596269964684
Optimization restart 5/5, f = 66.64596270061263
f inputs x:[[0.09311348 0.02855904]] ev:{} outputs y:0.2550416489026658 (n:-0.27788898276120255) c:1.0
num acquisition: 135, time elapsed: 23.98s
Optimization restart 1/5, f = 66.70224009590495
Optimization restart 2/5, f = 66.70224009638476
Optimization restart 3/5, f = 66.7022400956123
Optimization restart 4/5, f = 66.70224009542294
Optimization restart 5/5, f = 66.70224009541164
f inputs x:[[0.09455359 0.03043479]] ev:{} outputs y:-0.030291901790958087 (n:-0.5678775854034434) c:1.0
num acquisition: 136, time elapsed: 24.27s
Optimization restart 1/5, f = 67.05656067758449
Optimization restart 2/5, f = 67.05656067742268
Optimization restart 3/5, f = 67.05656067871979
Optimization restart 4/5, f = 67.05656067743146
Optimization restart 5/5, f = 67.0565606797224
f inputs x:[[0.09752819 0.03417217]] ev:{} outputs y:0.6085552541032914 (n:0.05988073866625323) c:1.0
num acquisition: 137, time elapsed: 24.55s
Optimization restart 1/5, f = 67.13241151308904
Optimization restart 2/5, f = 67.1324115130526
Optimization restart 3/5, f = 67.13241151320597
Optimization restart 4/5, f = 67.13241151307528
Optimization restart 5/5, f = 67.13241151353779
f inputs x:[[0.09647978 0.03284357]] ev:{} outputs y:0.15211133878161492 (n:-0.3922496815736604) c:1.0
num acquisition: 138, time elapsed: 24.89s
Optimization restart 1/5, f = 67.22228605319509
Optimization restart 2/5, f = 67.22228605315127
Optimization restart 3/5, f = 67.2222860533111
Optimization restart 4/5, f = 67.22228605251685
Optimization restart 5/5, f = 67.22228605268197
f inputs x:[[ 1.         -0.43088069]] ev:{} outputs y:7.594024719174085 (n:-0.2613009327389979) c:1.0
num acquisition: 139, time elapsed: 25.18s
Optimization restart 1/5, f = 63.85960463463374
Optimization restart 2/5, f = 63.85960463530415
Optimization restart 3/5, f = 63.85960463461075
Optimization restart 4/5, f = 63.85960463460998
Optimization restart 5/5, f = 63.85960463461117
f inputs x:[[0.09837429 0.03515014]] ev:{} outputs y:0.022243797312146762 (n:-0.5294706251760577) c:1.0
num acquisition: 140, time elapsed: 25.48s
Optimization restart 1/5, f = 64.0427532668405
Optimization restart 2/5, f = 64.04275326592774
Optimization restart 3/5, f = 64.0427532659258
Optimization restart 4/5, f = 64.04275326592652
Optimization restart 5/5, f = 64.0427532659403
f inputs x:[[0.10082976 0.03822075]] ev:{} outputs y:0.38427201305960734 (n:-0.17912080253610466) c:1.0
num acquisition: 141, time elapsed: 25.79s
Optimization restart 1/5, f = 63.98831698510898
Optimization restart 2/5, f = 63.98831698425107
Optimization restart 3/5, f = 63.98831698428863
Optimization restart 4/5, f = 63.98831698426545
Optimization restart 5/5, f = 63.988316984997596
f inputs x:[[0.10095648 0.03832992]] ev:{} outputs y:1.3816110482286001 (n:0.8179799312857331) c:1.0
num acquisition: 142, time elapsed: 26.10s
Optimization restart 1/5, f = 65.8604445497196
Optimization restart 2/5, f = 65.86044454956561
Optimization restart 3/5, f = 65.86044455049093
Optimization restart 4/5, f = 65.86044455116595
Optimization restart 5/5, f = 65.86044454956024
f inputs x:[[0.09544919 0.03129532]] ev:{} outputs y:-0.941027274586019 (n:-1.4799924989134634) c:1.0
num acquisition: 143, time elapsed: 26.41s
Optimization restart 1/5, f = 69.05534053906055
Optimization restart 2/5, f = 69.05534016058215
Optimization restart 3/5, f = 69.05534016275644
Optimization restart 4/5, f = 69.05534016061067
Optimization restart 5/5, f = 69.05534016061199
f inputs x:[[0.10081525 0.03824763]] ev:{} outputs y:0.5635376173772244 (n:-0.00015540047159310762) c:1.0
num acquisition: 144, time elapsed: 26.71s
Optimization restart 1/5, f = 69.1232410241567
Optimization restart 2/5, f = 69.12324102413424
Optimization restart 3/5, f = 69.12324102407774
Optimization restart 4/5, f = 69.12324102409212
Optimization restart 5/5, f = 69.12324102588369
f inputs x:[[0.09997112 0.03711806]] ev:{} outputs y:0.9847072774446801 (n:0.4258282670839099) c:1.0
num acquisition: 145, time elapsed: 27.02s
Optimization restart 1/5, f = 69.80319780617165
Optimization restart 2/5, f = 69.80319780614266
Optimization restart 3/5, f = 69.80319798464839
Optimization restart 4/5, f = 69.8031978061479
Optimization restart 5/5, f = 69.80319780614985
f inputs x:[[0.09752559 0.0338763 ]] ev:{} outputs y:0.2857281171410783 (n:-0.26087100904148314) c:1.0
num acquisition: 146, time elapsed: 27.35s
Optimization restart 1/5, f = 69.80522309268528
Optimization restart 2/5, f = 69.8052230930447
Optimization restart 3/5, f = 69.80522309512492
Optimization restart 4/5, f = 69.80522309320989
Optimization restart 5/5, f = 69.80522309267641
f inputs x:[[0.0980117 0.0345111]] ev:{} outputs y:0.9314417131536201 (n:0.3826425514159211) c:1.0
num acquisition: 147, time elapsed: 27.69s
Optimization restart 1/5, f = 70.34393028861884
Optimization restart 2/5, f = 70.34393029545973
Optimization restart 3/5, f = 70.34393028720342
Optimization restart 4/5, f = 70.34393028710804
Optimization restart 5/5, f = 70.34393028702395
f inputs x:[[0.09636234 0.03231752]] ev:{} outputs y:0.41466654710448536 (n:-0.12675297211129014) c:1.0
num acquisition: 148, time elapsed: 28.00s
Optimization restart 1/5, f = 70.33668286985167
Optimization restart 2/5, f = 70.33668286974118
Optimization restart 3/5, f = 70.33668287012335
Optimization restart 4/5, f = 70.33668286956654
Optimization restart 5/5, f = 70.33668287590784
f inputs x:[[0.09643128 0.03241453]] ev:{} outputs y:-0.3925838734670708 (n:-0.9343257727534879) c:1.0
num acquisition: 149, time elapsed: 28.32s
Optimization restart 1/5, f = 71.3969965928526
Optimization restart 2/5, f = 71.39699659268223
Optimization restart 3/5, f = 71.39699659267723
Optimization restart 4/5, f = 71.39699659276779
Optimization restart 5/5, f = 71.39699659760362
f inputs x:[[0.09880902 0.03549408]] ev:{} outputs y:0.13242194425419584 (n:-0.41972796749934593) c:1.0
num acquisition: 150, time elapsed: 28.66s
Optimization restart 1/5, f = 71.47297380784374
Optimization restart 2/5, f = 71.47297380745542
Optimization restart 3/5, f = 71.4729738064785
Optimization restart 4/5, f = 71.47297380524651
Optimization restart 5/5, f = 71.4729738053018
f inputs x:[[0.09968507 0.03661114]] ev:{} outputs y:0.7649447721650519 (n:0.2086140925284905) c:1.0
num acquisition: 151, time elapsed: 29.03s
Optimization restart 1/5, f = 71.7771168732026
Optimization restart 2/5, f = 71.77711687529009
Optimization restart 3/5, f = 71.77711690458682
Optimization restart 4/5, f = 71.77711687410789
Optimization restart 5/5, f = 71.777116873245
f inputs x:[[0.09850368 0.03506704]] ev:{} outputs y:0.6193890565185229 (n:0.0689166771122107) c:1.0
num acquisition: 152, time elapsed: 29.39s
Optimization restart 1/5, f = 71.8918686764761
Optimization restart 2/5, f = 71.89186867659394
Optimization restart 3/5, f = 71.89186867649133
Optimization restart 4/5, f = 71.89186867757975
Optimization restart 5/5, f = 71.8918686764419
f inputs x:[[0.0979113  0.03428883]] ev:{} outputs y:0.3307240492812089 (n:-0.2169639961195804) c:1.0
num acquisition: 153, time elapsed: 29.73s
Optimization restart 1/5, f = 71.88505029393963
Optimization restart 2/5, f = 71.88505029356888
Optimization restart 3/5, f = 71.88505029250595
Optimization restart 4/5, f = 71.88505029510046
Optimization restart 5/5, f = 71.88505029249373
f inputs x:[[0.09810837 0.03452629]] ev:{} outputs y:0.06339820832008808 (n:-0.4850483002170262) c:1.0
num acquisition: 154, time elapsed: 30.08s
Optimization restart 1/5, f = 72.03141337760243
Optimization restart 2/5, f = 72.03141337766607
Optimization restart 3/5, f = 72.03141337772696
Optimization restart 4/5, f = 72.03141337759607
Optimization restart 5/5, f = 72.03141337873177
f inputs x:[[0.09898664 0.03562253]] ev:{} outputs y:0.28982599511573326 (n:-0.262413570048993) c:1.0
num acquisition: 155, time elapsed: 30.44s
Optimization restart 1/5, f = 72.02323420765046
Optimization restart 2/5, f = 72.02323420554612
Optimization restart 3/5, f = 72.02323421077281
Optimization restart 4/5, f = 72.02323441405991
Optimization restart 5/5, f = 72.0232342142025
f inputs x:[[0.0992554  0.03593324]] ev:{} outputs y:1.1773466935866312 (n:0.62408863528319) c:1.0
num acquisition: 156, time elapsed: 30.79s
Optimization restart 1/5, f = 73.27725415139774
Optimization restart 2/5, f = 73.27725415073071
Optimization restart 3/5, f = 73.27725415089527
Optimization restart 4/5, f = 73.2772541508455
Optimization restart 5/5, f = 73.27725415112596
f inputs x:[[0.09737465 0.03356173]] ev:{} outputs y:1.4591075086946357 (n:0.9139854496514382) c:1.0
num acquisition: 157, time elapsed: 31.17s
Optimization restart 1/5, f = 75.40305236393849
Optimization restart 2/5, f = 75.40305236459992
Optimization restart 3/5, f = 75.4030523635279
Optimization restart 4/5, f = 75.40305236463712
Optimization restart 5/5, f = 75.40305236440433
f inputs x:[[0.09547786 0.03104564]] ev:{} outputs y:0.173614127265939 (n:-0.36369792194303213) c:1.0
num acquisition: 158, time elapsed: 31.53s
Optimization restart 1/5, f = 75.51206824151014
Optimization restart 2/5, f = 75.51206824158795
Optimization restart 3/5, f = 75.51206824153147
Optimization restart 4/5, f = 75.51206824207401
Optimization restart 5/5, f = 75.51206824143961
f inputs x:[[0.09592123 0.03163171]] ev:{} outputs y:0.5403344782174013 (n:0.0013343589226329073) c:1.0
num acquisition: 159, time elapsed: 31.90s
Optimization restart 1/5, f = 75.5717987868282
Optimization restart 2/5, f = 75.57179878375784
Optimization restart 3/5, f = 75.57179878399793
Optimization restart 4/5, f = 75.57179878404122
Optimization restart 5/5, f = 75.57179878402084
f inputs x:[[0.09572581 0.03138473]] ev:{} outputs y:1.9536622947360573 (n:1.4153456031951825) c:1.0
num acquisition: 160, time elapsed: 32.26s
Optimization restart 1/5, f = 79.81072697987011
Optimization restart 2/5, f = 79.8107158559322
Optimization restart 3/5, f = 79.81071589815507
Optimization restart 4/5, f = 79.81071585672666
Optimization restart 5/5, f = 79.81071585598818
f inputs x:[[0.09377062 0.02841604]] ev:{} outputs y:0.5106856299094512 (n:-0.018902242498932385) c:1.0
num acquisition: 161, time elapsed: 32.62s
Optimization restart 1/5, f = 79.88279050317266
Optimization restart 2/5, f = 79.8827905033965
Optimization restart 3/5, f = 79.88279050418461
Optimization restart 4/5, f = 79.88279050316345
Optimization restart 5/5, f = 79.88279050316069
f inputs x:[[0.09369179 0.02835876]] ev:{} outputs y:0.6353371897265094 (n:0.10573443424923294) c:1.0
num acquisition: 162, time elapsed: 33.05s
Optimization restart 1/5, f = 80.01512957661504
Optimization restart 2/5, f = 80.01512957955693
Optimization restart 3/5, f = 80.0151295769672
Optimization restart 4/5, f = 80.01512957674473
Optimization restart 5/5, f = 80.01512957603296
f inputs x:[[0.09345493 0.0280818 ]] ev:{} outputs y:0.30681512777839437 (n:-0.22230320499977788) c:1.0
num acquisition: 163, time elapsed: 33.42s
Optimization restart 1/5, f = 80.10063471611124
Optimization restart 2/5, f = 80.10063471628074
Optimization restart 3/5, f = 80.10063471638979
Optimization restart 4/5, f = 80.10063481369441
Optimization restart 5/5, f = 80.10063471610434
f inputs x:[[0.09364639 0.02837648]] ev:{} outputs y:-0.3079309488708035 (n:-0.8378026889181905) c:1.0
num acquisition: 164, time elapsed: 33.80s
Optimization restart 1/5, f = 81.07894386464807
Optimization restart 2/5, f = 81.07894386413113
Optimization restart 3/5, f = 81.07894386442675
Optimization restart 4/5, f = 81.07894386539847
Optimization restart 5/5, f = 81.07894386407406
f inputs x:[[0.09472911 0.02975415]] ev:{} outputs y:0.384846612432733 (n:-0.14807868159933368) c:1.0
num acquisition: 165, time elapsed: 34.19s
Optimization restart 1/5, f = 81.14035952887562
Optimization restart 2/5, f = 81.14035952880886
Optimization restart 3/5, f = 81.14035952875938
Optimization restart 4/5, f = 81.14035952861187
Optimization restart 5/5, f = 81.14035952873839
f inputs x:[[0.09479458 0.0298717 ]] ev:{} outputs y:1.4811795924489024 (n:0.9478630985215276) c:1.0
num acquisition: 166, time elapsed: 34.56s
Optimization restart 1/5, f = 83.1481886037844
Optimization restart 2/5, f = 83.1481886036521
Optimization restart 3/5, f = 83.14818860901255
Optimization restart 4/5, f = 83.14818860550571
Optimization restart 5/5, f = 83.14818860475452
f inputs x:[[0.09365629 0.02816993]] ev:{} outputs y:0.6457859967969344 (n:0.11700523014932666) c:1.0
num acquisition: 167, time elapsed: 34.96s
Optimization restart 1/5, f = 83.30527812849613
Optimization restart 2/5, f = 83.30527812782812
Optimization restart 3/5, f = 83.30527812840106
Optimization restart 4/5, f = 83.30527812795953
Optimization restart 5/5, f = 83.30527812781042
f inputs x:[[0.09342549 0.02790376]] ev:{} outputs y:1.2141881652616666 (n:0.6858460539938515) c:1.0
num acquisition: 168, time elapsed: 35.33s
Optimization restart 1/5, f = 84.41046569522024
Optimization restart 2/5, f = 84.41046569545581
Optimization restart 3/5, f = 84.41046579946031
Optimization restart 4/5, f = 84.41046570308421
Optimization restart 5/5, f = 84.41046569509464
f inputs x:[[0.09267677 0.02681575]] ev:{} outputs y:0.7001466021951943 (n:0.1741652785407208) c:1.0
num acquisition: 169, time elapsed: 35.73s
Optimization restart 1/5, f = 84.60751899729918
Optimization restart 2/5, f = 84.60751899691311
Optimization restart 3/5, f = 84.60751899692097
Optimization restart 4/5, f = 84.6075189966856
Optimization restart 5/5, f = 84.60751899667292
f inputs x:[[0.09242772 0.02653266]] ev:{} outputs y:0.5288467120481283 (n:0.0032309996763281805) c:1.0
num acquisition: 170, time elapsed: 36.14s
Optimization restart 1/5, f = 84.70650869466871
Optimization restart 2/5, f = 84.70650869540265
Optimization restart 3/5, f = 84.70650869566097
Optimization restart 4/5, f = 84.70650869570323
Optimization restart 5/5, f = 84.70650869484095
f inputs x:[[0.09235519 0.02649481]] ev:{} outputs y:0.777539542873927 (n:0.2518280027130988) c:1.0
num acquisition: 171, time elapsed: 36.53s
Optimization restart 1/5, f = 84.97787745441865
Optimization restart 2/5, f = 84.97787745405486
Optimization restart 3/5, f = 84.97787745216321
Optimization restart 4/5, f = 84.97787745196682
Optimization restart 5/5, f = 84.97787745198092
f inputs x:[[0.09205566 0.02613519]] ev:{} outputs y:0.5242221762767791 (n:-0.0009892965248187262) c:1.0
num acquisition: 172, time elapsed: 36.99s
Optimization restart 1/5, f = 85.07487244867056
Optimization restart 2/5, f = 85.07487244852393
Optimization restart 3/5, f = 85.0748724520019
Optimization restart 4/5, f = 85.07487244956769
Optimization restart 5/5, f = 85.07487245274805
f inputs x:[[0.09199436 0.02611097]] ev:{} outputs y:-0.5457407773467543 (n:-1.0710678819108466) c:1.0
num acquisition: 173, time elapsed: 37.42s
Optimization restart 1/5, f = 86.85099379208711
Optimization restart 2/5, f = 86.85099379167131
Optimization restart 3/5, f = 86.85099379357642
Optimization restart 4/5, f = 86.85099379170587
Optimization restart 5/5, f = 86.85099379390383
f inputs x:[[0.09316138 0.02746494]] ev:{} outputs y:0.06514084894298289 (n:-0.4620689309881202) c:1.0
num acquisition: 174, time elapsed: 37.87s
Optimization restart 1/5, f = 87.17558511090621
Optimization restart 2/5, f = 87.17558510783954
Optimization restart 3/5, f = 87.17558510786183
Optimization restart 4/5, f = 87.17558510755813
Optimization restart 5/5, f = 87.17558510757654
f inputs x:[[0.09358148 0.02803417]] ev:{} outputs y:1.6233723598726106 (n:1.0949830652558175) c:1.0
num acquisition: 175, time elapsed: 38.33s
Optimization restart 1/5, f = 89.63942627263098
Optimization restart 2/5, f = 89.63941417055338
Optimization restart 3/5, f = 89.6394141721668
Optimization restart 4/5, f = 89.63941417074184
Optimization restart 5/5, f = 89.63941417053346
f inputs x:[[0.09267477 0.026536  ]] ev:{} outputs y:1.2374410738269188 (n:0.7127132934847134) c:1.0
num acquisition: 176, time elapsed: 38.74s
Optimization restart 1/5, f = 90.77333669321192
Optimization restart 2/5, f = 90.77333669267921
Optimization restart 3/5, f = 90.77333669367748
Optimization restart 4/5, f = 90.77333669261469
Optimization restart 5/5, f = 90.77333669279867
f inputs x:[[0.09205601 0.02561886]] ev:{} outputs y:0.47992432624431114 (n:-0.043100531619144206) c:1.0
num acquisition: 177, time elapsed: 39.18s
Optimization restart 1/5, f = 90.89870701383549
Optimization restart 2/5, f = 90.89870702266515
Optimization restart 3/5, f = 90.89870701735731
Optimization restart 4/5, f = 90.89870701372203
Optimization restart 5/5, f = 90.89870701377896
f inputs x:[[0.0920317  0.02566016]] ev:{} outputs y:0.791907240535017 (n:0.26862655598542917) c:1.0
num acquisition: 178, time elapsed: 39.66s
Optimization restart 1/5, f = 91.20647843142693
Optimization restart 2/5, f = 91.20647843151045
Optimization restart 3/5, f = 91.20647846193222
Optimization restart 4/5, f = 91.20647843982026
Optimization restart 5/5, f = 91.20647843169985
f inputs x:[[0.09175344 0.02534332]] ev:{} outputs y:0.7871326303670934 (n:0.2641691030547671) c:1.0
num acquisition: 179, time elapsed: 40.14s
Optimization restart 1/5, f = 91.50676121647449
Optimization restart 2/5, f = 91.50676121554685
Optimization restart 3/5, f = 91.50676121632094
Optimization restart 4/5, f = 91.50676121553363
Optimization restart 5/5, f = 91.5067612386789
f inputs x:[[0.09149134 0.02505062]] ev:{} outputs y:0.3118951664788324 (n:-0.21081175393759732) c:1.0
num acquisition: 180, time elapsed: 40.63s
Optimization restart 1/5, f = 91.67030721253174
Optimization restart 2/5, f = 91.67030720610327
Optimization restart 3/5, f = 91.67030720728799
Optimization restart 4/5, f = 91.67030720622239
Optimization restart 5/5, f = 91.67030721296146
f inputs x:[[0.09161593 0.02527061]] ev:{} outputs y:-0.517630563023221 (n:-1.0407804508983198) c:1.0
num acquisition: 181, time elapsed: 41.09s
Optimization restart 1/5, f = 93.36200507017153
Optimization restart 2/5, f = 93.36200507144558
Optimization restart 3/5, f = 93.36200508724855
Optimization restart 4/5, f = 93.36200507040957
Optimization restart 5/5, f = 93.36200507004588
f inputs x:[[0.0926394  0.02639887]] ev:{} outputs y:0.28257003483069987 (n:-0.24168151421326275) c:1.0
num acquisition: 182, time elapsed: 41.56s
Optimization restart 1/5, f = 93.53717846174679
Optimization restart 2/5, f = 93.53717846179934
Optimization restart 3/5, f = 93.53717846185717
Optimization restart 4/5, f = 93.53717846174527
Optimization restart 5/5, f = 93.53717846177722
f inputs x:[[0.09278776 0.02664341]] ev:{} outputs y:0.6166240150821135 (n:0.09183064752233357) c:1.0
num acquisition: 183, time elapsed: 42.04s
Optimization restart 1/5, f = 93.71808650088957
Optimization restart 2/5, f = 93.7180864991602
Optimization restart 3/5, f = 93.7180864977683
Optimization restart 4/5, f = 93.71808649768596
Optimization restart 5/5, f = 93.71808650116779
f inputs x:[[0.09263566 0.02649908]] ev:{} outputs y:0.776462630574045 (n:0.2517560118686107) c:1.0
num acquisition: 184, time elapsed: 42.53s
Optimization restart 1/5, f = 94.03129004276838
Optimization restart 2/5, f = 94.03129004170816
Optimization restart 3/5, f = 94.03129004240859
Optimization restart 4/5, f = 94.03129004176111
Optimization restart 5/5, f = 94.03129004168565
f inputs x:[[0.09237017 0.02619025]] ev:{} outputs y:0.3834780595907228 (n:-0.14083836927972448) c:1.0
num acquisition: 185, time elapsed: 43.05s
Optimization restart 1/5, f = 94.16981055722624
Optimization restart 2/5, f = 94.16981056017163
Optimization restart 3/5, f = 94.16981055720454
Optimization restart 4/5, f = 94.16981055724436
Optimization restart 5/5, f = 94.16981055720076
f inputs x:[[0.0924174  0.02630542]] ev:{} outputs y:0.42602794011792045 (n:-0.09861904635930187) c:1.0
num acquisition: 186, time elapsed: 43.53s
Optimization restart 1/5, f = 94.30107169180462
Optimization restart 2/5, f = 94.30107172531629
Optimization restart 3/5, f = 94.30107168856324
Optimization restart 4/5, f = 94.30107168834563
Optimization restart 5/5, f = 94.30107168835379
f inputs x:[[0.09242699 0.02637046]] ev:{} outputs y:0.7677194822087131 (n:0.2428217565531012) c:1.0
num acquisition: 187, time elapsed: 44.04s
Optimization restart 1/5, f = 94.60585988698317
Optimization restart 2/5, f = 94.60585988604842
Optimization restart 3/5, f = 94.6058598836672
Optimization restart 4/5, f = 94.60585988375084
Optimization restart 5/5, f = 94.6058598836568
f inputs x:[[0.09218633 0.02609255]] ev:{} outputs y:0.7883396475908899 (n:0.2637836545161745) c:1.0
num acquisition: 188, time elapsed: 44.55s
Optimization restart 1/5, f = 94.93157274364819
Optimization restart 2/5, f = 94.93157274255228
Optimization restart 3/5, f = 94.93157274250792
Optimization restart 4/5, f = 94.93157278496005
Optimization restart 5/5, f = 94.931572746699
f inputs x:[[0.09194399 0.0258115 ]] ev:{} outputs y:0.13090389606297526 (n:-0.3933195843913726) c:1.0
num acquisition: 189, time elapsed: 45.07s
Optimization restart 1/5, f = 95.23770123661816
Optimization restart 2/5, f = 95.2377012366043
Optimization restart 3/5, f = 95.23770123657553
Optimization restart 4/5, f = 95.23770123659558
Optimization restart 5/5, f = 95.23770123703318
f inputs x:[[0.09219311 0.02615481]] ev:{} outputs y:1.0059146023060852 (n:0.4811136015032194) c:1.0
num acquisition: 190, time elapsed: 45.55s
Optimization restart 1/5, f = 95.89908492293928
Optimization restart 2/5, f = 95.89908492314576
Optimization restart 3/5, f = 95.89908492290478
Optimization restart 4/5, f = 95.89908492416075
Optimization restart 5/5, f = 95.899084922741
f inputs x:[[0.09183958 0.02568869]] ev:{} outputs y:1.5526006375931731 (n:1.0285223397878742) c:1.0
num acquisition: 191, time elapsed: 46.05s
Optimization restart 1/5, f = 98.06165370507925
Optimization restart 2/5, f = 98.06163451813077
Optimization restart 3/5, f = 98.06163451595732
Optimization restart 4/5, f = 98.06163451595836
Optimization restart 5/5, f = 98.0616345254291
f inputs x:[[0.09132075 0.02479206]] ev:{} outputs y:0.34937793157265506 (n:-0.172909340881956) c:1.0
num acquisition: 192, time elapsed: 46.58s
Optimization restart 1/5, f = 98.2342125856359
Optimization restart 2/5, f = 98.23421258170592
Optimization restart 3/5, f = 98.23421258209862
Optimization restart 4/5, f = 98.23421258284374
Optimization restart 5/5, f = 98.23421258171507
f inputs x:[[0.09138805 0.02493044]] ev:{} outputs y:0.22308545410014963 (n:-0.2995064801745519) c:1.0
num acquisition: 193, time elapsed: 47.09s
Optimization restart 1/5, f = 98.47990344921521
Optimization restart 2/5, f = 98.47990344846198
Optimization restart 3/5, f = 98.47990344860007
Optimization restart 4/5, f = 98.47990344999835
Optimization restart 5/5, f = 98.47990344848147
f inputs x:[[0.09154801 0.02516908]] ev:{} outputs y:1.1106767436607845 (n:0.5876969829335839) c:1.0
num acquisition: 194, time elapsed: 47.59s
Optimization restart 1/5, f = 99.33750716583599
Optimization restart 2/5, f = 99.33750716579013
Optimization restart 3/5, f = 99.33750716578601
Optimization restart 4/5, f = 99.33750716580582
Optimization restart 5/5, f = 99.33750716657707
f inputs x:[[0.09119114 0.02468576]] ev:{} outputs y:-0.7210846979716977 (n:-1.243406838977875) c:1.0
num acquisition: 195, time elapsed: 48.17s
Optimization restart 1/5, f = 101.80980692475497
Optimization restart 2/5, f = 101.80980646465036
Optimization restart 3/5, f = 101.80980646233112
Optimization restart 4/5, f = 101.80980647380292
Optimization restart 5/5, f = 101.8098064622348
f inputs x:[[0.09226447 0.02573792]] ev:{} outputs y:0.6777637603798967 (n:0.15498324960298845) c:1.0
num acquisition: 196, time elapsed: 48.71s
Optimization restart 1/5, f = 102.05895601885109
Optimization restart 2/5, f = 102.05895601857786
Optimization restart 3/5, f = 102.05895601856705
Optimization restart 4/5, f = 102.05895602110665
Optimization restart 5/5, f = 102.05895602118832
f inputs x:[[0.09209679 0.02557848]] ev:{} outputs y:0.06511663719757571 (n:-0.45759948618055496) c:1.0
num acquisition: 197, time elapsed: 49.25s
Optimization restart 1/5, f = 102.47012321920477
Optimization restart 2/5, f = 102.47012321918288
Optimization restart 3/5, f = 102.47012321952866
Optimization restart 4/5, f = 102.47012321954193
Optimization restart 5/5, f = 102.47012321972522
f inputs x:[[0.09239237 0.02596126]] ev:{} outputs y:0.8573304856613921 (n:0.3340717700357637) c:1.0
num acquisition: 198, time elapsed: 49.79s
Optimization restart 1/5, f = 102.91018538579603
Optimization restart 2/5, f = 102.91018538522336
Optimization restart 3/5, f = 102.91018538548883
Optimization restart 4/5, f = 102.91018538481171
Optimization restart 5/5, f = 102.91018538600085
f inputs x:[[0.09212266 0.02564712]] ev:{} outputs y:0.7006741009038004 (n:0.17776773070674715) c:1.0
num acquisition: 199, time elapsed: 50.32s
Optimization restart 1/5, f = 103.17932312760911
Optimization restart 2/5, f = 103.17932312739272
Optimization restart 3/5, f = 103.17932312833385
Optimization restart 4/5, f = 103.1793231296701
Optimization restart 5/5, f = 103.17932312739914
f inputs x:[[0.09195067 0.02547769]] ev:{} outputs y:0.7255507684661857 (n:0.20273272259170394) c:1.0
num acquisition: 200, time elapsed: 50.85s
Optimization restart 1/5, f = 103.46873991037407
Optimization restart 2/5, f = 103.4687399101341
Optimization restart 3/5, f = 103.46873991012777
Optimization restart 4/5, f = 103.46873991380866
Optimization restart 5/5, f = 103.46873991014158
f inputs x:[[0.09177141 0.02529712]] ev:{} outputs y:1.9823253778308787 (n:1.459609959433251) c:1.0
num acquisition: 201, time elapsed: 51.40s
Optimization restart 1/5, f = 107.40319366815038
Optimization restart 2/5, f = 107.4031883362768
Optimization restart 3/5, f = 107.40318833338935
Optimization restart 4/5, f = 107.40318833258246
Optimization restart 5/5, f = 107.4031883326353
f inputs x:[[0.09132036 0.0241915 ]] ev:{} outputs y:1.0862900280435506 (n:0.5662189677172857) c:1.0
num acquisition: 202, time elapsed: 51.94s
Optimization restart 1/5, f = 108.19440606825053
Optimization restart 2/5, f = 108.19440606786615
Optimization restart 3/5, f = 108.19440606904313
Optimization restart 4/5, f = 108.1944062998118
Optimization restart 5/5, f = 108.19440606921717
f inputs x:[[0.09099933 0.02379476]] ev:{} outputs y:0.08909474305134563 (n:-0.43064910743216406) c:1.0
num acquisition: 203, time elapsed: 52.53s
Optimization restart 1/5, f = 108.629352103413
Optimization restart 2/5, f = 108.62935210338667
Optimization restart 3/5, f = 108.6293521040104
Optimization restart 4/5, f = 108.62935210329879
Optimization restart 5/5, f = 108.6293521045675
f inputs x:[[0.09124531 0.02409912]] ev:{} outputs y:0.46070517762512214 (n:-0.0592873634166579) c:1.0
num acquisition: 204, time elapsed: 53.08s
Optimization restart 1/5, f = 108.82756209342158
Optimization restart 2/5, f = 108.82756209335886
Optimization restart 3/5, f = 108.82756209331112
Optimization restart 4/5, f = 108.82756259022085
Optimization restart 5/5, f = 108.82756209333283
f inputs x:[[0.09122838 0.02414714]] ev:{} outputs y:0.6032050347154065 (n:0.0829872241346183) c:1.0
num acquisition: 205, time elapsed: 53.69s
Optimization restart 1/5, f = 109.05245805249605
Optimization restart 2/5, f = 109.0524580512403
Optimization restart 3/5, f = 109.05245805141658
Optimization restart 4/5, f = 109.05245805110154
Optimization restart 5/5, f = 109.05245805115933
f inputs x:[[0.09112938 0.02409638]] ev:{} outputs y:-0.24435557825927778 (n:-0.7647206172981729) c:1.0
num acquisition: 206, time elapsed: 54.29s
Optimization restart 1/5, f = 110.06715692767247
Optimization restart 2/5, f = 110.06715691992488
Optimization restart 3/5, f = 110.06715691980372
Optimization restart 4/5, f = 110.0671569197797
Optimization restart 5/5, f = 110.0671569321182
f inputs x:[[0.09164765 0.02462486]] ev:{} outputs y:-0.787976298684058 (n:-1.3085257405802004) c:1.0
num acquisition: 207, time elapsed: 54.84s
Optimization restart 1/5, f = 112.71517063556719
Optimization restart 2/5, f = 112.7151675473566
Optimization restart 3/5, f = 112.71516754726068
Optimization restart 4/5, f = 112.71516754777096
Optimization restart 5/5, f = 112.71516754723649
f inputs x:[[0.09279449 0.02565302]] ev:{} outputs y:0.376967646537001 (n:-0.14360734447973442) c:1.0
num acquisition: 208, time elapsed: 55.39s
Optimization restart 1/5, f = 112.93552384172793
Optimization restart 2/5, f = 112.93552384162419
Optimization restart 3/5, f = 112.93552386638623
Optimization restart 4/5, f = 112.93552384579526
Optimization restart 5/5, f = 112.93552384300568
f inputs x:[[0.09283084 0.02575294]] ev:{} outputs y:0.4659160927392418 (n:-0.05493317586095962) c:1.0
num acquisition: 209, time elapsed: 55.99s
Optimization restart 1/5, f = 113.14746231221423
Optimization restart 2/5, f = 113.14746231155536
Optimization restart 3/5, f = 113.14746240484382
Optimization restart 4/5, f = 113.14746231167848
Optimization restart 5/5, f = 113.14746231526715
f inputs x:[[0.09280049 0.02577473]] ev:{} outputs y:1.109081621621042 (n:0.5880377089934333) c:1.0
num acquisition: 210, time elapsed: 56.58s
Optimization restart 1/5, f = 114.03891040799115
Optimization restart 2/5, f = 114.03891040946353
Optimization restart 3/5, f = 114.03891040654106
Optimization restart 4/5, f = 114.03891040726408
Optimization restart 5/5, f = 114.03891041780689
f inputs x:[[0.09241914 0.02529315]] ev:{} outputs y:0.6628582452700185 (n:0.14240040822490765) c:1.0
num acquisition: 211, time elapsed: 57.15s
Optimization restart 1/5, f = 114.3221773918514
Optimization restart 2/5, f = 114.32217739176338
Optimization restart 3/5, f = 114.32217739194746
Optimization restart 4/5, f = 114.32217739737703
Optimization restart 5/5, f = 114.32217739198768
f inputs x:[[0.09226929 0.02517107]] ev:{} outputs y:0.8030538547705949 (n:0.28255352238520237) c:1.0
num acquisition: 212, time elapsed: 57.75s
Optimization restart 1/5, f = 114.72663509057404
Optimization restart 2/5, f = 114.72663509043073
Optimization restart 3/5, f = 114.72663509165133
Optimization restart 4/5, f = 114.72663509043291
Optimization restart 5/5, f = 114.72663509043295
f inputs x:[[0.09205182 0.02495514]] ev:{} outputs y:0.5393299586929179 (n:0.01891179310692176) c:1.0
num acquisition: 213, time elapsed: 58.37s
Optimization restart 1/5, f = 114.95295136969439
Optimization restart 2/5, f = 114.95295136978237
Optimization restart 3/5, f = 114.95295136997234
Optimization restart 4/5, f = 114.95295136972503
Optimization restart 5/5, f = 114.9529513697193
f inputs x:[[0.09198042 0.02493033]] ev:{} outputs y:0.5197622048889937 (n:-0.0008049701151375878) c:1.0
num acquisition: 214, time elapsed: 58.97s
Optimization restart 1/5, f = 115.17429360874355
Optimization restart 2/5, f = 115.17429360820121
Optimization restart 3/5, f = 115.17429360808974
Optimization restart 4/5, f = 115.17429368459089
Optimization restart 5/5, f = 115.17429362249828
f inputs x:[[0.09192151 0.0249186 ]] ev:{} outputs y:-0.09254318091874936 (n:-0.6132663603131454) c:1.0
num acquisition: 215, time elapsed: 59.58s
Optimization restart 1/5, f = 115.87031986223076
Optimization restart 2/5, f = 115.87031986528102
Optimization restart 3/5, f = 115.8703198618991
Optimization restart 4/5, f = 115.87031986509879
Optimization restart 5/5, f = 115.87031987664119
f inputs x:[[0.09229612 0.02533634]] ev:{} outputs y:0.08249668555389478 (n:-0.4385546731393912) c:1.0
num acquisition: 216, time elapsed: 60.23s
Optimization restart 1/5, f = 116.30345938656157
Optimization restart 2/5, f = 116.30345938677095
Optimization restart 3/5, f = 116.30345938707873
Optimization restart 4/5, f = 116.30345939651974
Optimization restart 5/5, f = 116.30346028823259
f inputs x:[[0.09253691 0.02563622]] ev:{} outputs y:0.6936591908151228 (n:0.17225141515471953) c:1.0
num acquisition: 217, time elapsed: 60.86s
Optimization restart 1/5, f = 116.61548732167685
Optimization restart 2/5, f = 116.61548732128786
Optimization restart 3/5, f = 116.6154873212345
Optimization restart 4/5, f = 116.61548732123381
Optimization restart 5/5, f = 116.6154873212177
f inputs x:[[0.0923766  0.02548856]] ev:{} outputs y:0.5105106005651749 (n:-0.010864368300358668) c:1.0
num acquisition: 218, time elapsed: 61.54s
Optimization restart 1/5, f = 116.83770279527171
Optimization restart 2/5, f = 116.83770279661462
Optimization restart 3/5, f = 116.8377028047625
Optimization restart 4/5, f = 116.83770280271739
Optimization restart 5/5, f = 116.83770279529809
f inputs x:[[0.09232106 0.02547168]] ev:{} outputs y:0.8072734902529468 (n:0.2857725441833738) c:1.0
num acquisition: 219, time elapsed: 62.14s
Optimization restart 1/5, f = 117.25849559434815
Optimization restart 2/5, f = 117.25849559418549
Optimization restart 3/5, f = 117.25849559418441
Optimization restart 4/5, f = 117.25849559418299
Optimization restart 5/5, f = 117.25849559433664
f inputs x:[[0.09211707 0.02526011]] ev:{} outputs y:-0.1495100271983104 (n:-0.6708808246267078) c:1.0
num acquisition: 220, time elapsed: 62.85s
Optimization restart 1/5, f = 118.0590437321051
Optimization restart 2/5, f = 118.05900417306825
Optimization restart 3/5, f = 118.05900409686248
Optimization restart 4/5, f = 118.0590040968721
Optimization restart 5/5, f = 118.05900409692757
f inputs x:[[0.0925228  0.02570739]] ev:{} outputs y:0.6473440894961663 (n:0.12559844941659115) c:1.0
num acquisition: 221, time elapsed: 63.52s
Optimization restart 1/5, f = 118.34244239466813
Optimization restart 2/5, f = 118.34244239449035
Optimization restart 3/5, f = 118.34244239556119
Optimization restart 4/5, f = 118.34244370586796
Optimization restart 5/5, f = 118.34244239448847
f inputs x:[[0.09239196 0.0255934 ]] ev:{} outputs y:0.9126022894929935 (n:0.3908600765940165) c:1.0
num acquisition: 222, time elapsed: 64.20s
Optimization restart 1/5, f = 118.90962282570545
Optimization restart 2/5, f = 118.90962282592857
Optimization restart 3/5, f = 118.90962282528344
Optimization restart 4/5, f = 118.90962282528201
Optimization restart 5/5, f = 118.90962282529438
f inputs x:[[0.09214933 0.02531925]] ev:{} outputs y:0.1523239901271961 (n:-0.3691680539649842) c:1.0
num acquisition: 223, time elapsed: 64.93s
Optimization restart 1/5, f = 119.27539575532946
Optimization restart 2/5, f = 119.27539575215201
Optimization restart 3/5, f = 119.2753957522938
Optimization restart 4/5, f = 119.275395752099
Optimization restart 5/5, f = 119.27539575892042
f inputs x:[[0.09231499 0.02553697]] ev:{} outputs y:0.8091890888353135 (n:0.2874053072458738) c:1.0
num acquisition: 224, time elapsed: 65.61s
Optimization restart 1/5, f = 119.7069824633954
Optimization restart 2/5, f = 119.70698246320774
Optimization restart 3/5, f = 119.70698246320855
Optimization restart 4/5, f = 119.70698275930721
Optimization restart 5/5, f = 119.70698246320899
f inputs x:[[0.09212034 0.02533313]] ev:{} outputs y:-0.21701784588302753 (n:-0.7386652197681643) c:1.0
num acquisition: 225, time elapsed: 66.31s
Optimization restart 1/5, f = 120.65319268536734
Optimization restart 2/5, f = 120.65319268548481
Optimization restart 3/5, f = 120.65319268787934
Optimization restart 4/5, f = 120.65319268677356
Optimization restart 5/5, f = 120.65319268503417
f inputs x:[[0.09255849 0.02580575]] ev:{} outputs y:0.1989215569746018 (n:-0.3231007652864325) c:1.0
num acquisition: 226, time elapsed: 67.09s
Optimization restart 1/5, f = 120.9749971006088
Optimization restart 2/5, f = 120.97499710061855
Optimization restart 3/5, f = 120.97499710135781
Optimization restart 4/5, f = 120.97499710048263
Optimization restart 5/5, f = 120.9749971004951
f inputs x:[[0.09269582 0.0259944 ]] ev:{} outputs y:-0.5755662219205492 (n:-1.097884101596836) c:1.0
num acquisition: 227, time elapsed: 67.81s
Optimization restart 1/5, f = 122.86470691101869
Optimization restart 2/5, f = 122.86470478498998
Optimization restart 3/5, f = 122.8647047849432
Optimization restart 4/5, f = 122.86470478494823
Optimization restart 5/5, f = 122.86470478891187
f inputs x:[[0.09350537 0.0268298 ]] ev:{} outputs y:-0.6115668386806754 (n:-1.1345622072722026) c:1.0
num acquisition: 228, time elapsed: 68.55s
Optimization restart 1/5, f = 124.81359387163914
Optimization restart 2/5, f = 124.81359264750859
Optimization restart 3/5, f = 124.81359264766118
Optimization restart 4/5, f = 124.8135926472051
Optimization restart 5/5, f = 124.81359264725535
f inputs x:[[0.09444878 0.02784011]] ev:{} outputs y:0.15170339307590203 (n:-0.37241733077234435) c:1.0
num acquisition: 229, time elapsed: 69.24s
Optimization restart 1/5, f = 125.16497938212785
Optimization restart 2/5, f = 125.16497938206052
Optimization restart 3/5, f = 125.1649793816513
Optimization restart 4/5, f = 125.16497938159138
Optimization restart 5/5, f = 125.16497938159216
f inputs x:[[0.09467212 0.02813625]] ev:{} outputs y:0.9025575485888215 (n:0.37786630937881055) c:1.0
num acquisition: 230, time elapsed: 69.99s
Optimization restart 1/5, f = 125.77320315970118
Optimization restart 2/5, f = 125.77320315958505
Optimization restart 3/5, f = 125.77320315962581
Optimization restart 4/5, f = 125.77320316065862
Optimization restart 5/5, f = 125.77320315991571
f inputs x:[[0.09432944 0.0277199 ]] ev:{} outputs y:-0.21794397899873053 (n:-0.7419474038292944) c:1.0
num acquisition: 231, time elapsed: 70.75s
Optimization restart 1/5, f = 126.65414628309054
Optimization restart 2/5, f = 126.65414631088152
Optimization restart 3/5, f = 126.6541462836809
Optimization restart 4/5, f = 126.65414628277256
Optimization restart 5/5, f = 126.65414628280227
f inputs x:[[0.09490269 0.02839363]] ev:{} outputs y:0.7848636780043774 (n:0.2598009315788817) c:1.0
num acquisition: 232, time elapsed: 71.49s
Optimization restart 1/5, f = 127.11148722528677
Optimization restart 2/5, f = 127.11148747976416
Optimization restart 3/5, f = 127.11148723735779
Optimization restart 4/5, f = 127.11148722371777
Optimization restart 5/5, f = 127.11148722370024
f inputs x:[[0.09462513 0.02806859]] ev:{} outputs y:0.41272879649118877 (n:-0.11181482161118063) c:1.0
num acquisition: 233, time elapsed: 72.31s
Optimization restart 1/5, f = 127.35447172348208
Optimization restart 2/5, f = 127.3544717265496
Optimization restart 3/5, f = 127.35447172326337
Optimization restart 4/5, f = 127.35447172338728
Optimization restart 5/5, f = 127.35447172327652
f inputs x:[[0.09462357 0.02809895]] ev:{} outputs y:0.03363090635884747 (n:-0.49106557714730537) c:1.0
num acquisition: 234, time elapsed: 73.12s
Optimization restart 1/5, f = 127.82907040292717
Optimization restart 2/5, f = 127.8290704058193
Optimization restart 3/5, f = 127.82908155344529
Optimization restart 4/5, f = 127.8290704031717
Optimization restart 5/5, f = 127.82907041227232
f inputs x:[[0.09494939 0.02850743]] ev:{} outputs y:0.2174217600943113 (n:-0.3080241785942102) c:1.0
num acquisition: 235, time elapsed: 73.91s
Optimization restart 1/5, f = 128.13215260987482
Optimization restart 2/5, f = 128.1321526304205
Optimization restart 3/5, f = 128.13215260945185
Optimization restart 4/5, f = 128.13215260942522
Optimization restart 5/5, f = 128.13215260942272
f inputs x:[[0.09511556 0.02873491]] ev:{} outputs y:1.0630534060662495 (n:0.5371141052680911) c:1.0
num acquisition: 236, time elapsed: 74.75s
Optimization restart 1/5, f = 129.05052480804613
Optimization restart 2/5, f = 129.0505248082671
Optimization restart 3/5, f = 129.05052480856546
Optimization restart 4/5, f = 129.05052480892812
Optimization restart 5/5, f = 129.05052480788336
f inputs x:[[0.09467159 0.02816603]] ev:{} outputs y:0.7033738328420632 (n:0.17853574565876362) c:1.0
num acquisition: 237, time elapsed: 75.53s
Optimization restart 1/5, f = 129.42773678819015
Optimization restart 2/5, f = 129.4277367882448
Optimization restart 3/5, f = 129.427736788184
Optimization restart 4/5, f = 129.4277367880751
Optimization restart 5/5, f = 129.42773678808732
f inputs x:[[0.09446689 0.02793795]] ev:{} outputs y:1.0279682383606894 (n:0.5034491816011617) c:1.0
num acquisition: 238, time elapsed: 76.35s
Optimization restart 1/5, f = 130.26659084172488
Optimization restart 2/5, f = 130.2665908995529
Optimization restart 3/5, f = 130.26659084286604
Optimization restart 4/5, f = 130.26659084162102
Optimization restart 5/5, f = 130.26659084273604
f inputs x:[[0.09410172 0.02748309]] ev:{} outputs y:-0.19065061479070344 (n:-0.714402752100507) c:1.0
num acquisition: 239, time elapsed: 77.20s
Optimization restart 1/5, f = 131.1130671832363
Optimization restart 2/5, f = 131.1130671825434
Optimization restart 3/5, f = 131.11306718325014
Optimization restart 4/5, f = 131.11306718253667
Optimization restart 5/5, f = 131.11306718340103
f inputs x:[[0.09458507 0.02804285]] ev:{} outputs y:0.6608662174506014 (n:0.13629364981938188) c:1.0
num acquisition: 240, time elapsed: 78.02s
Optimization restart 1/5, f = 131.45910196046094
Optimization restart 2/5, f = 131.45910196031346
Optimization restart 3/5, f = 131.45910263614923
Optimization restart 4/5, f = 131.45910196048237
Optimization restart 5/5, f = 131.45910196046256
f inputs x:[[0.09441375 0.02785891]] ev:{} outputs y:0.6226145985592485 (n:0.09827133107992918) c:1.0
num acquisition: 241, time elapsed: 78.88s
Optimization restart 1/5, f = 131.7771315736968
Optimization restart 2/5, f = 131.7771315765371
Optimization restart 3/5, f = 131.77713157315077
Optimization restart 4/5, f = 131.77713157332073
Optimization restart 5/5, f = 131.77713157325687
f inputs x:[[0.09427195 0.02771308]] ev:{} outputs y:0.3847052643205674 (n:-0.13948330345626336) c:1.0
num acquisition: 242, time elapsed: 79.70s
Optimization restart 1/5, f = 132.0304800742587
Optimization restart 2/5, f = 132.03048007417436
Optimization restart 3/5, f = 132.0304800741863
Optimization restart 4/5, f = 132.03048007417286
Optimization restart 5/5, f = 132.030480074163
f inputs x:[[0.09428608 0.02775668]] ev:{} outputs y:0.6232397886724275 (n:0.09889829366631174) c:1.0
num acquisition: 243, time elapsed: 80.52s
Optimization restart 1/5, f = 132.34855691561023
Optimization restart 2/5, f = 132.34855691728535
Optimization restart 3/5, f = 132.3485569149955
Optimization restart 4/5, f = 132.3485569150082
Optimization restart 5/5, f = 132.3485569149596
f inputs x:[[0.09414954 0.02761618]] ev:{} outputs y:0.6557033358019979 (n:0.1315091904123472) c:1.0
num acquisition: 244, time elapsed: 81.37s
Optimization restart 1/5, f = 132.68911359054584
Optimization restart 2/5, f = 132.68911359120133
Optimization restart 3/5, f = 132.68911362158997
Optimization restart 4/5, f = 132.68911359037673
Optimization restart 5/5, f = 132.68911359792418
f inputs x:[[0.09399961 0.02745879]] ev:{} outputs y:0.40591378883813584 (n:-0.11810821330311766) c:1.0
num acquisition: 245, time elapsed: 82.27s
Optimization restart 1/5, f = 132.94053111696567
Optimization restart 2/5, f = 132.94053111695257
Optimization restart 3/5, f = 132.94053111773718
Optimization restart 4/5, f = 132.9405311215035
Optimization restart 5/5, f = 132.94053112130146
[ 0.06464253 -0.00787983]
